[05-Mar-2015 09:11:29] PHP Fatal error:  Call to a member function prepare() on a non-object in C:\xampp\htdocs\Kronus_UB\admin.ewallet\public\views\sys\class\DbHandler.class.php on line 91
[05-Mar-2015 09:13:35] PHP Fatal error:  Call to a member function prepare() on a non-object in C:\xampp\htdocs\Kronus_UB\admin.ewallet\public\views\sys\class\DbHandler.class.php on line 91
[05-Mar-2015 09:19:04] PHP Fatal error:  Uncaught exception 'Exception' with message 'Database connection not yet opened.' in C:\xampp\htdocs\Kronus_UB\admin.ewallet\public\views\sys\class\DbHandler.class.php:81
Stack trace:
#0 C:\xampp\htdocs\Kronus_UB\admin.ewallet\public\views\sys\class\TerminalManagement.class.php(29): DBHandler->executeQuery('SELECT Terminal...')
#1 C:\xampp\htdocs\Kronus_UB\admin.ewallet\public\views\process\ProcessTerminalMgmt.php(1441): TerminalManagement->getallterminals()
#2 C:\xampp\htdocs\Kronus_UB\admin.ewallet\public\views\manualterminalremove.php(3): include('C:\xampp\htdocs...')
#3 {main}
  thrown in C:\xampp\htdocs\Kronus_UB\admin.ewallet\public\views\sys\class\DbHandler.class.php on line 81
[05-Mar-2015 09:19:40] PHP Notice:  Undefined index: acctype in C:\xampp\htdocs\Kronus_UB\admin.ewallet\public\views\process\ProcessLogin.php on line 199
[05-Mar-2015 09:28:19] PHP Fatal error:  Call to a member function prepare() on a non-object in C:\xampp\htdocs\Kronus_UB\admin.ewallet\public\views\sys\class\DbHandler.class.php on line 91
[05-Mar-2015 15:44:59] PHP Notice:  A session had already been started - ignoring session_start() in C:\xampp\htdocs\Kronus_UB\admin.ewallet\public\views\process\ProcessLogin.php on line 95
[05-Mar-2015 16:16:02] PHP Fatal error:  Uncaught exception 'Exception' with message 'Database connection not yet opened.' in C:\xampp\htdocs\Kronus_UB\admin.ewallet\public\views\sys\class\DbHandler.class.php:81
Stack trace:
#0 C:\xampp\htdocs\Kronus_UB\admin.ewallet\public\views\sys\class\TerminalManagement.class.php(29): DBHandler->executeQuery('SELECT Terminal...')
#1 C:\xampp\htdocs\Kronus_UB\admin.ewallet\public\views\process\ProcessTerminalMgmt.php(1441): TerminalManagement->getallterminals()
#2 C:\xampp\htdocs\Kronus_UB\admin.ewallet\public\views\manualterminalremove.php(3): include('C:\xampp\htdocs...')
#3 {main}
  thrown in C:\xampp\htdocs\Kronus_UB\admin.ewallet\public\views\sys\class\DbHandler.class.php on line 81
[05-Mar-2015 16:19:50] PHP Fatal error:  Call to a member function prepare() on a non-object in C:\xampp\htdocs\Kronus_UB\admin.ewallet\public\views\sys\class\DbHandler.class.php on line 91
[05-Mar-2015 18:06:34] PHP Fatal error:  Call to a member function prepare() on a non-object in C:\xampp\htdocs\Kronus_UB\admin.ewallet\public\views\sys\class\DbHandler.class.php on line 91
[05-Mar-2015 18:06:39] PHP Notice:  A session had already been started - ignoring session_start() in C:\xampp\htdocs\Kronus_UB\admin.ewallet\public\views\process\ProcessLogin.php on line 95
