[18-Feb-2015 10:17:16] PHP Notice:  A session had already been started - ignoring session_start() in C:\xampp\htdocs\Kronus_UB\admin.ewallet\public\views\process\ProcessLogin.php on line 95
[18-Feb-2015 10:19:14] PHP Notice:  A session had already been started - ignoring session_start() in C:\xampp\htdocs\Kronus_UB\admin.ewallet\public\views\process\ProcessLogin.php on line 95
[18-Feb-2015 10:20:15] PHP Notice:  A session had already been started - ignoring session_start() in C:\xampp\htdocs\Kronus_UB\admin.ewallet\public\views\process\ProcessLogin.php on line 95
[18-Feb-2015 10:21:11] PHP Notice:  A session had already been started - ignoring session_start() in C:\xampp\htdocs\Kronus_UB\admin.ewallet\public\views\process\ProcessLogin.php on line 95
[18-Feb-2015 10:39:09] PHP Fatal error:  Call to a member function prepare() on a non-object in C:\xampp\htdocs\Kronus_UB\admin.ewallet\public\views\sys\class\DbHandler.class.php on line 91
[18-Feb-2015 10:57:51] PHP Notice:  A session had already been started - ignoring session_start() in C:\xampp\htdocs\Kronus_UB\admin.ewallet\public\views\process\ProcessLogin.php on line 95
[18-Feb-2015 10:58:16] PHP Notice:  A session had already been started - ignoring session_start() in C:\xampp\htdocs\Kronus_UB\admin.ewallet\public\views\process\ProcessLogin.php on line 95
[18-Feb-2015 11:02:16] PHP Notice:  A session had already been started - ignoring session_start() in C:\xampp\htdocs\Kronus_UB\admin.ewallet\public\views\process\ProcessLogin.php on line 95
[18-Feb-2015 11:25:29] PHP Notice:  A session had already been started - ignoring session_start() in C:\xampp\htdocs\Kronus_UB\admin.ewallet\public\views\process\ProcessLogin.php on line 95
[18-Feb-2015 11:25:54] PHP Notice:  A session had already been started - ignoring session_start() in C:\xampp\htdocs\Kronus_UB\admin.ewallet\public\views\process\ProcessLogin.php on line 95
[18-Feb-2015 13:17:47] PHP Notice:  Undefined variable: obatch in C:\xampp\htdocs\Kronus_UB\admin.ewallet\public\views\process\ProcessBanks.php on line 10
[18-Feb-2015 13:17:47] PHP Fatal error:  Call to a member function checksession() on a non-object in C:\xampp\htdocs\Kronus_UB\admin.ewallet\public\views\process\ProcessBanks.php on line 10
[18-Feb-2015 13:18:39] PHP Notice:  Undefined variable: obatch in C:\xampp\htdocs\Kronus_UB\admin.ewallet\public\views\process\ProcessBanks.php on line 10
[18-Feb-2015 13:18:39] PHP Fatal error:  Call to a member function checksession() on a non-object in C:\xampp\htdocs\Kronus_UB\admin.ewallet\public\views\process\ProcessBanks.php on line 10
[18-Feb-2015 13:18:53] PHP Notice:  Undefined variable: obatch in C:\xampp\htdocs\Kronus_UB\admin.ewallet\public\views\process\ProcessBanks.php on line 10
[18-Feb-2015 13:18:53] PHP Fatal error:  Call to a member function checksession() on a non-object in C:\xampp\htdocs\Kronus_UB\admin.ewallet\public\views\process\ProcessBanks.php on line 10
[18-Feb-2015 14:37:11] PHP Notice:  Undefined variable: obatch in C:\xampp\htdocs\Kronus_UB\admin.ewallet\public\views\process\ProcessBanks.php on line 45
[18-Feb-2015 14:37:11] PHP Fatal error:  Call to a member function checkifsessionexist() on a non-object in C:\xampp\htdocs\Kronus_UB\admin.ewallet\public\views\process\ProcessBanks.php on line 45
[18-Feb-2015 14:48:22] PHP Fatal error:  Unsupported operand types in C:\xampp\htdocs\Kronus_UB\admin.ewallet\public\views\process\ProcessBanks.php on line 80
[18-Feb-2015 18:10:02] PHP Notice:  A session had already been started - ignoring session_start() in C:\xampp\htdocs\Kronus_UB\admin.ewallet\public\views\process\ProcessLogin.php on line 95
