2014/03/31 13:52:27 [error] [php] fclose() expects parameter 1 to be resource, string given (C:\Apache2.2\htdocs\kronus-egm-ws\protected\components\Utilities.php:71)
Stack trace:
#0 C:\Apache2.2\htdocs\yii\framework\web\actions\CInlineAction.php(49): WsKapiController->actionCreateEgmSession()
#1 C:\Apache2.2\htdocs\yii\framework\web\CController.php(308): CInlineAction->runWithParams()
#2 C:\Apache2.2\htdocs\yii\framework\web\CController.php(286): WsKapiController->runAction()
#3 C:\Apache2.2\htdocs\yii\framework\web\CController.php(265): WsKapiController->runActionWithFilters()
#4 C:\Apache2.2\htdocs\yii\framework\web\CWebApplication.php(282): WsKapiController->run()
#5 C:\Apache2.2\htdocs\yii\framework\web\CWebApplication.php(141): CWebApplication->runController()
#6 C:\Apache2.2\htdocs\yii\framework\base\CApplication.php(169): CWebApplication->processRequest()
#7 C:\Apache2.2\htdocs\kronus-egm-ws\index.php(13): CWebApplication->run()
REQUEST_URI=/kronus-egm-ws/index.php/wsKapi/createegmsession
in C:\Apache2.2\htdocs\kronus-egm-ws\protected\components\Utilities.php (71)
in C:\Apache2.2\htdocs\kronus-egm-ws\protected\controllers\WsKapiController.php (1101)
in C:\Apache2.2\htdocs\kronus-egm-ws\index.php (13)
2014/03/31 13:58:32 [error] [system.db.CDbCommand] CDbCommand::execute() failed: SQLSTATE[45000]: <<Unknown error>>: 1644 Transaction Failed: Terminal has existing session.. The SQL statement executed was: INSERT INTO transactionrequestlogs (TransactionReferenceID, StackerSummaryID, 
                                         Amount, StartDate, TransactionType, TerminalID, Status, 
                                         SiteID, ServiceID, LoyaltyCardNumber, MID, UserMode, PaymentType, 
                                         PaymentTrackingID, Option1, ServiceTransactionID)
                                         VALUES (:trans_ref_id, :stackerbatchid, :amount, NOW(6), :trans_type, 
                                         :terminal_id, '0', :site_id, :service_id, :loyalty_card, 
                                         :mid, :user_mode, :paymentType ,:trackingID, :voucher_code, 
                                         :service_trans_id).
in C:\Apache2.2\htdocs\kronus-egm-ws\protected\models\TransactionRequestLogsModel.php (103)
in C:\Apache2.2\htdocs\kronus-egm-ws\protected\components\TerminalBasedTrans.php (141)
in C:\Apache2.2\htdocs\kronus-egm-ws\protected\controllers\WsKapiController.php (1754)
2014/03/31 13:58:32 [error] [application] CDbCommand failed to execute the SQL statement: SQLSTATE[45000]: <<Unknown error>>: 1644 Transaction Failed: Terminal has existing session.. The SQL statement executed was: INSERT INTO transactionrequestlogs (TransactionReferenceID, StackerSummaryID, 
                                         Amount, StartDate, TransactionType, TerminalID, Status, 
                                         SiteID, ServiceID, LoyaltyCardNumber, MID, UserMode, PaymentType, 
                                         PaymentTrackingID, Option1, ServiceTransactionID)
                                         VALUES (:trans_ref_id, :stackerbatchid, :amount, NOW(6), :trans_type, 
                                         :terminal_id, '0', :site_id, :service_id, :loyalty_card, 
                                         :mid, :user_mode, :paymentType ,:trackingID, :voucher_code, 
                                         :service_trans_id)
in C:\Apache2.2\htdocs\kronus-egm-ws\protected\components\Utilities.php (12)
in C:\Apache2.2\htdocs\kronus-egm-ws\protected\models\TransactionRequestLogsModel.php (114)
in C:\Apache2.2\htdocs\kronus-egm-ws\protected\components\TerminalBasedTrans.php (141)
2014/03/31 14:02:40 [error] [system.db.CDbCommand] CDbCommand::execute() failed: SQLSTATE[45000]: <<Unknown error>>: 1644 Transaction Failed: Terminal has existing session.. The SQL statement executed was: INSERT INTO transactionrequestlogs (TransactionReferenceID, StackerSummaryID, 
                                         Amount, StartDate, TransactionType, TerminalID, Status, 
                                         SiteID, ServiceID, LoyaltyCardNumber, MID, UserMode, PaymentType, 
                                         PaymentTrackingID, Option1, ServiceTransactionID)
                                         VALUES (:trans_ref_id, :stackerbatchid, :amount, NOW(6), :trans_type, 
                                         :terminal_id, '0', :site_id, :service_id, :loyalty_card, 
                                         :mid, :user_mode, :paymentType ,:trackingID, :voucher_code, 
                                         :service_trans_id).
in C:\Apache2.2\htdocs\kronus-egm-ws\protected\models\TransactionRequestLogsModel.php (103)
in C:\Apache2.2\htdocs\kronus-egm-ws\protected\components\TerminalBasedTrans.php (141)
in C:\Apache2.2\htdocs\kronus-egm-ws\protected\controllers\WsKapiController.php (1754)
2014/03/31 14:02:40 [error] [application] CDbCommand failed to execute the SQL statement: SQLSTATE[45000]: <<Unknown error>>: 1644 Transaction Failed: Terminal has existing session.. The SQL statement executed was: INSERT INTO transactionrequestlogs (TransactionReferenceID, StackerSummaryID, 
                                         Amount, StartDate, TransactionType, TerminalID, Status, 
                                         SiteID, ServiceID, LoyaltyCardNumber, MID, UserMode, PaymentType, 
                                         PaymentTrackingID, Option1, ServiceTransactionID)
                                         VALUES (:trans_ref_id, :stackerbatchid, :amount, NOW(6), :trans_type, 
                                         :terminal_id, '0', :site_id, :service_id, :loyalty_card, 
                                         :mid, :user_mode, :paymentType ,:trackingID, :voucher_code, 
                                         :service_trans_id)
in C:\Apache2.2\htdocs\kronus-egm-ws\protected\components\Utilities.php (12)
in C:\Apache2.2\htdocs\kronus-egm-ws\protected\models\TransactionRequestLogsModel.php (114)
in C:\Apache2.2\htdocs\kronus-egm-ws\protected\components\TerminalBasedTrans.php (141)
2014/03/31 14:10:50 [error] [exception.CException] exception 'CException' with message 'CWebApplication and its behaviors do not have a method or closure named "baseUrl".' in C:\Apache2.2\htdocs\yii\framework\base\CComponent.php:265
Stack trace:
#0 C:\Apache2.2\htdocs\kronus-egm-ws\protected\components\Utilities.php(59): CComponent->__call('baseUrl', Array)
#1 C:\Apache2.2\htdocs\kronus-egm-ws\protected\components\Utilities.php(59): CWebApplication->baseUrl()
#2 C:\Apache2.2\htdocs\kronus-egm-ws\protected\controllers\WsKapiController.php(1111): Utilities::errorLogger('Terminal alread...', 'Create EGM Sess...', 'TerminalID:1091...')
#3 C:\Apache2.2\htdocs\yii\framework\web\actions\CInlineAction.php(49): WsKapiController->actionCreateEgmSession()
#4 C:\Apache2.2\htdocs\yii\framework\web\CController.php(308): CInlineAction->runWithParams(Array)
#5 C:\Apache2.2\htdocs\yii\framework\web\CController.php(286): CController->runAction(Object(CInlineAction))
#6 C:\Apache2.2\htdocs\yii\framework\web\CController.php(265): CController->runActionWithFilters(Object(CInlineAction), Array)
#7 C:\Apache2.2\htdocs\yii\framework\web\CWebApplication.php(282): CController->run('createegmsessio...')
#8 C:\Apache2.2\htdocs\yii\framework\web\CWebApplication.php(141): CWebApplication->runController('wsKapi/createeg...')
#9 C:\Apache2.2\htdocs\yii\framework\base\CApplication.php(169): CWebApplication->processRequest()
#10 C:\Apache2.2\htdocs\kronus-egm-ws\index.php(13): CApplication->run()
#11 {main}
REQUEST_URI=/kronus-egm-ws/index.php/wsKapi/createegmsession
---
2014/03/31 14:29:58 [error] [php] Missing argument 3 for StackerSummaryModel::updateStackerSummaryStatus(), called in C:\Apache2.2\htdocs\kronus-egm-ws\protected\controllers\WsKapiController.php on line 2452 and defined (C:\Apache2.2\htdocs\kronus-egm-ws\protected\models\StackerSummaryModel.php:28)
Stack trace:
#0 C:\Apache2.2\htdocs\yii\framework\web\CController.php(308): CInlineAction->runWithParams()
#1 C:\Apache2.2\htdocs\yii\framework\web\CController.php(286): WsKapiController->runAction()
#2 C:\Apache2.2\htdocs\yii\framework\web\CController.php(265): WsKapiController->runActionWithFilters()
#3 C:\Apache2.2\htdocs\yii\framework\web\CWebApplication.php(282): WsKapiController->run()
#4 C:\Apache2.2\htdocs\yii\framework\web\CWebApplication.php(141): CWebApplication->runController()
#5 C:\Apache2.2\htdocs\yii\framework\base\CApplication.php(169): CWebApplication->processRequest()
#6 C:\Apache2.2\htdocs\kronus-egm-ws\index.php(13): CWebApplication->run()
REQUEST_URI=/kronus-egm-ws/index.php/wsKapi/reloadsession
in C:\Apache2.2\htdocs\kronus-egm-ws\protected\models\StackerSummaryModel.php (28)
in C:\Apache2.2\htdocs\kronus-egm-ws\protected\controllers\WsKapiController.php (2452)
in C:\Apache2.2\htdocs\kronus-egm-ws\index.php (13)
2014/03/31 14:31:00 [error] [system.db.CDbCommand] CDbCommand::execute() failed: SQLSTATE[23000]: Integrity constraint violation: 1062 Duplicate entry 'MKEMAR14B12' for key 'UK_egmrequestlogs_TrackingID'. The SQL statement executed was: INSERT INTO egmrequestlogs(TrackingID, ReportedAmount, Status, 
                    TransactionType, SiteID, TerminalID, ServiceID, LoyaltyCardNumber, MID, DateLastUpdated) 
                    VALUES(:tracking_id, :amount, :status, :trans_type, :site_id,
                    :terminal_id, :service_id, :card_number, :mid, NOW(6)).
in C:\Apache2.2\htdocs\kronus-egm-ws\protected\models\GamingRequestLogs.php (53)
in C:\Apache2.2\htdocs\kronus-egm-ws\protected\controllers\WsKapiController.php (2246)
in C:\Apache2.2\htdocs\kronus-egm-ws\index.php (13)
2014/03/31 14:31:00 [error] [application] CDbCommand failed to execute the SQL statement: SQLSTATE[23000]: Integrity constraint violation: 1062 Duplicate entry 'MKEMAR14B12' for key 'UK_egmrequestlogs_TrackingID'. The SQL statement executed was: INSERT INTO egmrequestlogs(TrackingID, ReportedAmount, Status, 
                    TransactionType, SiteID, TerminalID, ServiceID, LoyaltyCardNumber, MID, DateLastUpdated) 
                    VALUES(:tracking_id, :amount, :status, :trans_type, :site_id,
                    :terminal_id, :service_id, :card_number, :mid, NOW(6))
in C:\Apache2.2\htdocs\kronus-egm-ws\protected\components\Utilities.php (12)
in C:\Apache2.2\htdocs\kronus-egm-ws\protected\models\GamingRequestLogs.php (70)
in C:\Apache2.2\htdocs\kronus-egm-ws\protected\controllers\WsKapiController.php (2246)
2014/03/31 15:39:09 [error] [system.db.CDbCommand] CDbCommand::execute() failed: SQLSTATE[23000]: Integrity constraint violation: 1062 Duplicate entry 'MKEMAR31F7' for key 'UK_egmrequestlogs_TrackingID'. The SQL statement executed was: INSERT INTO egmrequestlogs(TrackingID, ReportedAmount, Status, 
                    TransactionType, SiteID, TerminalID, ServiceID, LoyaltyCardNumber, MID, DateLastUpdated) 
                    VALUES(:tracking_id, :amount, :status, :trans_type, :site_id,
                    :terminal_id, :service_id, :card_number, :mid, NOW(6)).
in C:\Apache2.2\htdocs\kronus-egm-ws\protected\models\GamingRequestLogs.php (53)
in C:\Apache2.2\htdocs\kronus-egm-ws\protected\controllers\WsKapiController.php (2247)
in C:\Apache2.2\htdocs\kronus-egm-ws\index.php (13)
2014/03/31 15:39:09 [error] [application] CDbCommand failed to execute the SQL statement: SQLSTATE[23000]: Integrity constraint violation: 1062 Duplicate entry 'MKEMAR31F7' for key 'UK_egmrequestlogs_TrackingID'. The SQL statement executed was: INSERT INTO egmrequestlogs(TrackingID, ReportedAmount, Status, 
                    TransactionType, SiteID, TerminalID, ServiceID, LoyaltyCardNumber, MID, DateLastUpdated) 
                    VALUES(:tracking_id, :amount, :status, :trans_type, :site_id,
                    :terminal_id, :service_id, :card_number, :mid, NOW(6))
in C:\Apache2.2\htdocs\kronus-egm-ws\protected\components\Utilities.php (12)
in C:\Apache2.2\htdocs\kronus-egm-ws\protected\models\GamingRequestLogs.php (70)
in C:\Apache2.2\htdocs\kronus-egm-ws\protected\controllers\WsKapiController.php (2247)
2014/03/31 15:47:46 [error] [system.db.CDbCommand] CDbCommand::execute() failed: SQLSTATE[45000]: <<Unknown error>>: 1644 Transaction Failed: Terminal has existing session.. The SQL statement executed was: INSERT INTO transactionrequestlogs (TransactionReferenceID, StackerSummaryID, 
                                         Amount, StartDate, TransactionType, TerminalID, Status, 
                                         SiteID, ServiceID, LoyaltyCardNumber, MID, UserMode, PaymentType, 
                                         PaymentTrackingID, Option1, ServiceTransactionID)
                                         VALUES (:trans_ref_id, :stackerbatchid, :amount, NOW(6), :trans_type, 
                                         :terminal_id, '0', :site_id, :service_id, :loyalty_card, 
                                         :mid, :user_mode, :paymentType ,:trackingID, :voucher_code, 
                                         :service_trans_id).
in C:\Apache2.2\htdocs\kronus-egm-ws\protected\models\TransactionRequestLogsModel.php (103)
in C:\Apache2.2\htdocs\kronus-egm-ws\protected\components\TerminalBasedTrans.php (141)
in C:\Apache2.2\htdocs\kronus-egm-ws\protected\controllers\WsKapiController.php (1754)
2014/03/31 15:47:46 [error] [application] CDbCommand failed to execute the SQL statement: SQLSTATE[45000]: <<Unknown error>>: 1644 Transaction Failed: Terminal has existing session.. The SQL statement executed was: INSERT INTO transactionrequestlogs (TransactionReferenceID, StackerSummaryID, 
                                         Amount, StartDate, TransactionType, TerminalID, Status, 
                                         SiteID, ServiceID, LoyaltyCardNumber, MID, UserMode, PaymentType, 
                                         PaymentTrackingID, Option1, ServiceTransactionID)
                                         VALUES (:trans_ref_id, :stackerbatchid, :amount, NOW(6), :trans_type, 
                                         :terminal_id, '0', :site_id, :service_id, :loyalty_card, 
                                         :mid, :user_mode, :paymentType ,:trackingID, :voucher_code, 
                                         :service_trans_id)
in C:\Apache2.2\htdocs\kronus-egm-ws\protected\components\Utilities.php (12)
in C:\Apache2.2\htdocs\kronus-egm-ws\protected\models\TransactionRequestLogsModel.php (114)
in C:\Apache2.2\htdocs\kronus-egm-ws\protected\components\TerminalBasedTrans.php (141)
2014/03/31 15:49:13 [error] [system.db.CDbCommand] CDbCommand::execute() failed: SQLSTATE[45000]: <<Unknown error>>: 1644 Transaction Failed: Terminal has existing session.. The SQL statement executed was: INSERT INTO transactionrequestlogs (TransactionReferenceID, StackerSummaryID, 
                                         Amount, StartDate, TransactionType, TerminalID, Status, 
                                         SiteID, ServiceID, LoyaltyCardNumber, MID, UserMode, PaymentType, 
                                         PaymentTrackingID, Option1, ServiceTransactionID)
                                         VALUES (:trans_ref_id, :stackerbatchid, :amount, NOW(6), :trans_type, 
                                         :terminal_id, '0', :site_id, :service_id, :loyalty_card, 
                                         :mid, :user_mode, :paymentType ,:trackingID, :voucher_code, 
                                         :service_trans_id).
in C:\Apache2.2\htdocs\kronus-egm-ws\protected\models\TransactionRequestLogsModel.php (103)
in C:\Apache2.2\htdocs\kronus-egm-ws\protected\components\TerminalBasedTrans.php (141)
in C:\Apache2.2\htdocs\kronus-egm-ws\protected\controllers\WsKapiController.php (1754)
2014/03/31 15:49:13 [error] [application] CDbCommand failed to execute the SQL statement: SQLSTATE[45000]: <<Unknown error>>: 1644 Transaction Failed: Terminal has existing session.. The SQL statement executed was: INSERT INTO transactionrequestlogs (TransactionReferenceID, StackerSummaryID, 
                                         Amount, StartDate, TransactionType, TerminalID, Status, 
                                         SiteID, ServiceID, LoyaltyCardNumber, MID, UserMode, PaymentType, 
                                         PaymentTrackingID, Option1, ServiceTransactionID)
                                         VALUES (:trans_ref_id, :stackerbatchid, :amount, NOW(6), :trans_type, 
                                         :terminal_id, '0', :site_id, :service_id, :loyalty_card, 
                                         :mid, :user_mode, :paymentType ,:trackingID, :voucher_code, 
                                         :service_trans_id)
in C:\Apache2.2\htdocs\kronus-egm-ws\protected\components\Utilities.php (12)
in C:\Apache2.2\htdocs\kronus-egm-ws\protected\models\TransactionRequestLogsModel.php (114)
in C:\Apache2.2\htdocs\kronus-egm-ws\protected\components\TerminalBasedTrans.php (141)
2014/03/31 15:51:15 [error] [system.db.CDbCommand] CDbCommand::execute() failed: SQLSTATE[45000]: <<Unknown error>>: 1644 Transaction Failed: Terminal has existing session.. The SQL statement executed was: INSERT INTO transactionrequestlogs (TransactionReferenceID, StackerSummaryID, 
                                         Amount, StartDate, TransactionType, TerminalID, Status, 
                                         SiteID, ServiceID, LoyaltyCardNumber, MID, UserMode, PaymentType, 
                                         PaymentTrackingID, Option1, ServiceTransactionID)
                                         VALUES (:trans_ref_id, :stackerbatchid, :amount, NOW(6), :trans_type, 
                                         :terminal_id, '0', :site_id, :service_id, :loyalty_card, 
                                         :mid, :user_mode, :paymentType ,:trackingID, :voucher_code, 
                                         :service_trans_id).
in C:\Apache2.2\htdocs\kronus-egm-ws\protected\models\TransactionRequestLogsModel.php (103)
in C:\Apache2.2\htdocs\kronus-egm-ws\protected\components\TerminalBasedTrans.php (141)
in C:\Apache2.2\htdocs\kronus-egm-ws\protected\controllers\WsKapiController.php (1754)
2014/03/31 15:51:15 [error] [application] CDbCommand failed to execute the SQL statement: SQLSTATE[45000]: <<Unknown error>>: 1644 Transaction Failed: Terminal has existing session.. The SQL statement executed was: INSERT INTO transactionrequestlogs (TransactionReferenceID, StackerSummaryID, 
                                         Amount, StartDate, TransactionType, TerminalID, Status, 
                                         SiteID, ServiceID, LoyaltyCardNumber, MID, UserMode, PaymentType, 
                                         PaymentTrackingID, Option1, ServiceTransactionID)
                                         VALUES (:trans_ref_id, :stackerbatchid, :amount, NOW(6), :trans_type, 
                                         :terminal_id, '0', :site_id, :service_id, :loyalty_card, 
                                         :mid, :user_mode, :paymentType ,:trackingID, :voucher_code, 
                                         :service_trans_id)
in C:\Apache2.2\htdocs\kronus-egm-ws\protected\components\Utilities.php (12)
in C:\Apache2.2\htdocs\kronus-egm-ws\protected\models\TransactionRequestLogsModel.php (114)
in C:\Apache2.2\htdocs\kronus-egm-ws\protected\components\TerminalBasedTrans.php (141)
2014/03/31 16:02:58 [error] [php] Undefined property: SiteAccountsModel::$_connection2 (C:\Apache2.2\htdocs\kronus-egm-ws\protected\models\SiteAccountsModel.php:61)
Stack trace:
#0 C:\Apache2.2\htdocs\yii\framework\web\CController.php(308): CInlineAction->runWithParams()
#1 C:\Apache2.2\htdocs\yii\framework\web\CController.php(286): WsKapiController->runAction()
#2 C:\Apache2.2\htdocs\yii\framework\web\CController.php(265): WsKapiController->runActionWithFilters()
#3 C:\Apache2.2\htdocs\yii\framework\web\CWebApplication.php(282): WsKapiController->run()
#4 C:\Apache2.2\htdocs\yii\framework\web\CWebApplication.php(141): CWebApplication->runController()
#5 C:\Apache2.2\htdocs\yii\framework\base\CApplication.php(169): CWebApplication->processRequest()
#6 C:\Apache2.2\htdocs\kronus-egm-ws\index.php(13): CWebApplication->run()
REQUEST_URI=/kronus-egm-ws/index.php/wsKapi/reloadsession
in C:\Apache2.2\htdocs\kronus-egm-ws\protected\models\SiteAccountsModel.php (61)
in C:\Apache2.2\htdocs\kronus-egm-ws\protected\controllers\WsKapiController.php (2452)
in C:\Apache2.2\htdocs\kronus-egm-ws\index.php (13)
2014/03/31 16:03:29 [error] [system.db.CDbCommand] CDbCommand::execute() failed: SQLSTATE[23000]: Integrity constraint violation: 1062 Duplicate entry 'MKEMAR31H6' for key 'UK_egmrequestlogs_TrackingID'. The SQL statement executed was: INSERT INTO egmrequestlogs(TrackingID, ReportedAmount, Status, 
                    TransactionType, SiteID, TerminalID, ServiceID, LoyaltyCardNumber, MID, DateLastUpdated) 
                    VALUES(:tracking_id, :amount, :status, :trans_type, :site_id,
                    :terminal_id, :service_id, :card_number, :mid, NOW(6)).
in C:\Apache2.2\htdocs\kronus-egm-ws\protected\models\GamingRequestLogs.php (53)
in C:\Apache2.2\htdocs\kronus-egm-ws\protected\controllers\WsKapiController.php (2246)
in C:\Apache2.2\htdocs\kronus-egm-ws\index.php (13)
2014/03/31 16:03:29 [error] [application] CDbCommand failed to execute the SQL statement: SQLSTATE[23000]: Integrity constraint violation: 1062 Duplicate entry 'MKEMAR31H6' for key 'UK_egmrequestlogs_TrackingID'. The SQL statement executed was: INSERT INTO egmrequestlogs(TrackingID, ReportedAmount, Status, 
                    TransactionType, SiteID, TerminalID, ServiceID, LoyaltyCardNumber, MID, DateLastUpdated) 
                    VALUES(:tracking_id, :amount, :status, :trans_type, :site_id,
                    :terminal_id, :service_id, :card_number, :mid, NOW(6))
in C:\Apache2.2\htdocs\kronus-egm-ws\protected\components\Utilities.php (12)
in C:\Apache2.2\htdocs\kronus-egm-ws\protected\models\GamingRequestLogs.php (70)
in C:\Apache2.2\htdocs\kronus-egm-ws\protected\controllers\WsKapiController.php (2246)
2014/03/31 16:03:58 [error] [system.db.CDbCommand] CDbCommand::execute() failed: SQLSTATE[23000]: Integrity constraint violation: 1062 Duplicate entry 'MKEMAR31H7' for key 'UK_egmrequestlogs_TrackingID'. The SQL statement executed was: INSERT INTO egmrequestlogs(TrackingID, ReportedAmount, Status, 
                    TransactionType, SiteID, TerminalID, ServiceID, LoyaltyCardNumber, MID, DateLastUpdated) 
                    VALUES(:tracking_id, :amount, :status, :trans_type, :site_id,
                    :terminal_id, :service_id, :card_number, :mid, NOW(6)).
in C:\Apache2.2\htdocs\kronus-egm-ws\protected\models\GamingRequestLogs.php (53)
in C:\Apache2.2\htdocs\kronus-egm-ws\protected\controllers\WsKapiController.php (2246)
in C:\Apache2.2\htdocs\kronus-egm-ws\index.php (13)
2014/03/31 16:03:58 [error] [application] CDbCommand failed to execute the SQL statement: SQLSTATE[23000]: Integrity constraint violation: 1062 Duplicate entry 'MKEMAR31H7' for key 'UK_egmrequestlogs_TrackingID'. The SQL statement executed was: INSERT INTO egmrequestlogs(TrackingID, ReportedAmount, Status, 
                    TransactionType, SiteID, TerminalID, ServiceID, LoyaltyCardNumber, MID, DateLastUpdated) 
                    VALUES(:tracking_id, :amount, :status, :trans_type, :site_id,
                    :terminal_id, :service_id, :card_number, :mid, NOW(6))
in C:\Apache2.2\htdocs\kronus-egm-ws\protected\components\Utilities.php (12)
in C:\Apache2.2\htdocs\kronus-egm-ws\protected\models\GamingRequestLogs.php (70)
in C:\Apache2.2\htdocs\kronus-egm-ws\protected\controllers\WsKapiController.php (2246)
