2014/03/21 14:03:53 [error] [application] Terminal type is not EGM.
in C:\Apache2.2\htdocs\kronus-egm-ws\protected\components\Utilities.php (12)
in C:\Apache2.2\htdocs\kronus-egm-ws\protected\controllers\WsKapiController.php (269)
in C:\Apache2.2\htdocs\kronus-egm-ws\index.php (13)
2014/03/21 14:04:43 [error] [application] Cannot find Terminal.
in C:\Apache2.2\htdocs\kronus-egm-ws\protected\components\Utilities.php (12)
in C:\Apache2.2\htdocs\kronus-egm-ws\protected\controllers\WsKapiController.php (261)
in C:\Apache2.2\htdocs\kronus-egm-ws\index.php (13)
2014/03/21 14:05:16 [error] [application] Cannot find Terminal.
in C:\Apache2.2\htdocs\kronus-egm-ws\protected\components\Utilities.php (12)
in C:\Apache2.2\htdocs\kronus-egm-ws\protected\controllers\WsKapiController.php (261)
in C:\Apache2.2\htdocs\kronus-egm-ws\index.php (13)
2014/03/21 14:06:56 [error] [application] Terminal has no active EGM session.
in C:\Apache2.2\htdocs\kronus-egm-ws\protected\components\Utilities.php (12)
in C:\Apache2.2\htdocs\kronus-egm-ws\protected\controllers\WsKapiController.php (234)
in C:\Apache2.2\htdocs\kronus-egm-ws\index.php (13)
2014/03/21 14:07:42 [error] [application] Terminal type is not EGM.
in C:\Apache2.2\htdocs\kronus-egm-ws\protected\components\Utilities.php (12)
in C:\Apache2.2\htdocs\kronus-egm-ws\protected\controllers\WsKapiController.php (274)
in C:\Apache2.2\htdocs\kronus-egm-ws\index.php (13)
2014/03/21 14:07:51 [error] [application] Terminal type is not EGM.
in C:\Apache2.2\htdocs\kronus-egm-ws\protected\components\Utilities.php (12)
in C:\Apache2.2\htdocs\kronus-egm-ws\protected\controllers\WsKapiController.php (274)
in C:\Apache2.2\htdocs\kronus-egm-ws\index.php (13)
2014/03/21 14:07:56 [error] [application] Terminal type is not EGM.
in C:\Apache2.2\htdocs\kronus-egm-ws\protected\components\Utilities.php (12)
in C:\Apache2.2\htdocs\kronus-egm-ws\protected\controllers\WsKapiController.php (274)
in C:\Apache2.2\htdocs\kronus-egm-ws\index.php (13)
2014/03/21 14:08:00 [error] [application] Terminal type is not EGM.
in C:\Apache2.2\htdocs\kronus-egm-ws\protected\components\Utilities.php (12)
in C:\Apache2.2\htdocs\kronus-egm-ws\protected\controllers\WsKapiController.php (274)
in C:\Apache2.2\htdocs\kronus-egm-ws\index.php (13)
2014/03/21 14:15:58 [error] [application] Terminal has no active EGM session.
in C:\Apache2.2\htdocs\kronus-egm-ws\protected\components\Utilities.php (12)
in C:\Apache2.2\htdocs\kronus-egm-ws\protected\controllers\WsKapiController.php (237)
in C:\Apache2.2\htdocs\kronus-egm-ws\index.php (13)
2014/03/21 14:16:13 [error] [application] Terminal type is not EGM.
in C:\Apache2.2\htdocs\kronus-egm-ws\protected\components\Utilities.php (12)
in C:\Apache2.2\htdocs\kronus-egm-ws\protected\controllers\WsKapiController.php (277)
in C:\Apache2.2\htdocs\kronus-egm-ws\index.php (13)
