2014/03/24 11:13:17 [error] [application] 2014-03-24Create EGM Session; MID: 123
in C:\Apache2.2\htdocs\kronus-egm-ws\protected\components\Utilities.php (12)
in C:\Apache2.2\htdocs\kronus-egm-ws\protected\controllers\WsKapiController.php (1169)
in C:\Apache2.2\htdocs\kronus-egm-ws\index.php (13)

2014/03/24 11:16:49 [error] [application] 2014-03-24Create EGM Session; MID: 123<br />
in C:\Apache2.2\htdocs\kronus-egm-ws\protected\components\Utilities.php (12)
in C:\Apache2.2\htdocs\kronus-egm-ws\protected\controllers\WsKapiController.php (1169)
in C:\Apache2.2\htdocs\kronus-egm-ws\index.php (13)

2014/03/24 11:18:03 [error] [application] 2014-03-24Create EGM Session; MID: 123 
in C:\Apache2.2\htdocs\kronus-egm-ws\protected\components\Utilities.php (12)
in C:\Apache2.2\htdocs\kronus-egm-ws\protected\controllers\WsKapiController.php (1169)
in C:\Apache2.2\htdocs\kronus-egm-ws\index.php (13)

2014/03/24 11:25:22 [error] [application] Create EGM Session; MID: 123
in C:\Apache2.2\htdocs\kronus-egm-ws\protected\components\Utilities.php (12)
in C:\Apache2.2\htdocs\kronus-egm-ws\protected\controllers\WsKapiController.php (1169)
in C:\Apache2.2\htdocs\kronus-egm-ws\index.php (13)
2014/03/24 11:49:16 [error] [application] 
 Create EGM Session; MID: 123
in C:\Apache2.2\htdocs\kronus-egm-ws\protected\components\Utilities.php (12)
in C:\Apache2.2\htdocs\kronus-egm-ws\protected\controllers\WsKapiController.php (1169)
in C:\Apache2.2\htdocs\kronus-egm-ws\index.php (13)


2014/03/24 13:51:04 [error] [php] fopen(C:\Apache2.2\htdocs\kronus-egm-ws\protected/log/2014-03-24 13:51:pm.log): failed to open stream: Invalid argument (C:\Apache2.2\htdocs\kronus-egm-ws\protected\components\Utilities.php:68)
Stack trace:
#0 C:\Apache2.2\htdocs\yii\framework\web\actions\CInlineAction.php(49): WsKapiController->actionCreateEgmSession()
#1 C:\Apache2.2\htdocs\yii\framework\web\CController.php(308): CInlineAction->runWithParams()
#2 C:\Apache2.2\htdocs\yii\framework\web\CController.php(286): WsKapiController->runAction()
#3 C:\Apache2.2\htdocs\yii\framework\web\CController.php(265): WsKapiController->runActionWithFilters()
#4 C:\Apache2.2\htdocs\yii\framework\web\CWebApplication.php(282): WsKapiController->run()
#5 C:\Apache2.2\htdocs\yii\framework\web\CWebApplication.php(141): CWebApplication->runController()
#6 C:\Apache2.2\htdocs\yii\framework\base\CApplication.php(169): CWebApplication->processRequest()
#7 C:\Apache2.2\htdocs\kronus-egm-ws\index.php(13): CWebApplication->run()
REQUEST_URI=/kronus-egm-ws/index.php/wsKapi/createegmsession
in C:\Apache2.2\htdocs\kronus-egm-ws\protected\components\Utilities.php (68)
in C:\Apache2.2\htdocs\kronus-egm-ws\protected\controllers\WsKapiController.php (1169)
in C:\Apache2.2\htdocs\kronus-egm-ws\index.php (13)
2014/03/24 16:01:06 [error] [application] Terminal already has an active session.
in C:\Apache2.2\htdocs\kronus-egm-ws\protected\components\Utilities.php (12)
in C:\Apache2.2\htdocs\kronus-egm-ws\protected\controllers\WsKapiController.php (1261)
in C:\Apache2.2\htdocs\kronus-egm-ws\index.php (13)
2014/03/24 16:06:49 [error] [application] Terminal already has an active session.
in C:\Apache2.2\htdocs\kronus-egm-ws\protected\components\Utilities.php (12)
in C:\Apache2.2\htdocs\kronus-egm-ws\protected\controllers\WsKapiController.php (1264)
in C:\Apache2.2\htdocs\kronus-egm-ws\index.php (13)
2014/03/24 17:54:06 [error] [php] Undefined variable: logfile (C:\Apache2.2\htdocs\kronus-egm-ws\protected\components\Utilities.php:76)
Stack trace:
#0 C:\Apache2.2\htdocs\yii\framework\web\CController.php(308): CInlineAction->runWithParams()
#1 C:\Apache2.2\htdocs\yii\framework\web\CController.php(286): WsKapiController->runAction()
#2 C:\Apache2.2\htdocs\yii\framework\web\CController.php(265): WsKapiController->runActionWithFilters()
#3 C:\Apache2.2\htdocs\yii\framework\web\CWebApplication.php(282): WsKapiController->run()
#4 C:\Apache2.2\htdocs\yii\framework\web\CWebApplication.php(141): CWebApplication->runController()
#5 C:\Apache2.2\htdocs\yii\framework\base\CApplication.php(169): CWebApplication->processRequest()
#6 C:\Apache2.2\htdocs\kronus-egm-ws\index.php(13): CWebApplication->run()
REQUEST_URI=/kronus-egm-ws/index.php/wsKapi/createegmsession
in C:\Apache2.2\htdocs\kronus-egm-ws\protected\components\Utilities.php (76)
in C:\Apache2.2\htdocs\kronus-egm-ws\protected\controllers\WsKapiController.php (1268)
in C:\Apache2.2\htdocs\kronus-egm-ws\index.php (13)
2014/03/24 17:54:47 [error] [php] fclose() expects parameter 1 to be resource, string given (C:\Apache2.2\htdocs\kronus-egm-ws\protected\components\Utilities.php:76)
Stack trace:
#0 C:\Apache2.2\htdocs\yii\framework\web\actions\CInlineAction.php(49): WsKapiController->actionCreateEgmSession()
#1 C:\Apache2.2\htdocs\yii\framework\web\CController.php(308): CInlineAction->runWithParams()
#2 C:\Apache2.2\htdocs\yii\framework\web\CController.php(286): WsKapiController->runAction()
#3 C:\Apache2.2\htdocs\yii\framework\web\CController.php(265): WsKapiController->runActionWithFilters()
#4 C:\Apache2.2\htdocs\yii\framework\web\CWebApplication.php(282): WsKapiController->run()
#5 C:\Apache2.2\htdocs\yii\framework\web\CWebApplication.php(141): CWebApplication->runController()
#6 C:\Apache2.2\htdocs\yii\framework\base\CApplication.php(169): CWebApplication->processRequest()
#7 C:\Apache2.2\htdocs\kronus-egm-ws\index.php(13): CWebApplication->run()
REQUEST_URI=/kronus-egm-ws/index.php/wsKapi/createegmsession
in C:\Apache2.2\htdocs\kronus-egm-ws\protected\components\Utilities.php (76)
in C:\Apache2.2\htdocs\kronus-egm-ws\protected\controllers\WsKapiController.php (1268)
in C:\Apache2.2\htdocs\kronus-egm-ws\index.php (13)
2014/03/24 17:55:26 [error] [php] fclose() expects parameter 1 to be resource, string given (C:\Apache2.2\htdocs\kronus-egm-ws\protected\components\Utilities.php:76)
Stack trace:
#0 C:\Apache2.2\htdocs\yii\framework\web\actions\CInlineAction.php(49): WsKapiController->actionCreateEgmSession()
#1 C:\Apache2.2\htdocs\yii\framework\web\CController.php(308): CInlineAction->runWithParams()
#2 C:\Apache2.2\htdocs\yii\framework\web\CController.php(286): WsKapiController->runAction()
#3 C:\Apache2.2\htdocs\yii\framework\web\CController.php(265): WsKapiController->runActionWithFilters()
#4 C:\Apache2.2\htdocs\yii\framework\web\CWebApplication.php(282): WsKapiController->run()
#5 C:\Apache2.2\htdocs\yii\framework\web\CWebApplication.php(141): CWebApplication->runController()
#6 C:\Apache2.2\htdocs\yii\framework\base\CApplication.php(169): CWebApplication->processRequest()
#7 C:\Apache2.2\htdocs\kronus-egm-ws\index.php(13): CWebApplication->run()
REQUEST_URI=/kronus-egm-ws/index.php/wsKapi/createegmsession
in C:\Apache2.2\htdocs\kronus-egm-ws\protected\components\Utilities.php (76)
in C:\Apache2.2\htdocs\kronus-egm-ws\protected\controllers\WsKapiController.php (1268)
in C:\Apache2.2\htdocs\kronus-egm-ws\index.php (13)
2014/03/24 17:57:06 [error] [application] 
in C:\Apache2.2\htdocs\kronus-egm-ws\protected\components\Utilities.php (12)
in C:\Apache2.2\htdocs\kronus-egm-ws\protected\controllers\WsKapiController.php (1240)
in C:\Apache2.2\htdocs\kronus-egm-ws\index.php (13)
