2014/03/13 14:12:14 [error] [application] Terminal already has an active session.
in C:\Apache2.2\htdocs\kronus-egm-ws\protected\components\Utilities.php (12)
in C:\Apache2.2\htdocs\kronus-egm-ws\protected\controllers\WsKapiController.php (1208)
in C:\Apache2.2\htdocs\kronus-egm-ws\index.php (13)
2014/03/13 14:12:57 [error] [application] Terminal already has an active session.
in C:\Apache2.2\htdocs\kronus-egm-ws\protected\components\Utilities.php (12)
in C:\Apache2.2\htdocs\kronus-egm-ws\protected\controllers\WsKapiController.php (1208)
in C:\Apache2.2\htdocs\kronus-egm-ws\index.php (13)
2014/03/13 14:14:18 [error] [application] Terminal is Inactive.
in C:\Apache2.2\htdocs\kronus-egm-ws\protected\components\Utilities.php (12)
in C:\Apache2.2\htdocs\kronus-egm-ws\protected\controllers\WsKapiController.php (1227)
in C:\Apache2.2\htdocs\kronus-egm-ws\index.php (13)
2014/03/13 14:14:45 [error] [application] 
in C:\Apache2.2\htdocs\kronus-egm-ws\protected\components\Utilities.php (12)
in C:\Apache2.2\htdocs\kronus-egm-ws\protected\controllers\WsKapiController.php (1191)
in C:\Apache2.2\htdocs\kronus-egm-ws\index.php (13)
2014/03/13 14:20:06 [error] [application] Card number is already being used in a current active session.
in C:\Apache2.2\htdocs\kronus-egm-ws\protected\components\Utilities.php (12)
in C:\Apache2.2\htdocs\kronus-egm-ws\protected\controllers\WsKapiController.php (1202)
in C:\Apache2.2\htdocs\kronus-egm-ws\index.php (13)
2014/03/13 14:21:02 [error] [application] 
in C:\Apache2.2\htdocs\kronus-egm-ws\protected\components\Utilities.php (12)
in C:\Apache2.2\htdocs\kronus-egm-ws\protected\controllers\WsKapiController.php (1191)
in C:\Apache2.2\htdocs\kronus-egm-ws\index.php (13)
2014/03/13 14:31:20 [error] [application] There are no mapped casino in this terminal
in C:\Apache2.2\htdocs\kronus-egm-ws\protected\components\Utilities.php (12)
in C:\Apache2.2\htdocs\kronus-egm-ws\protected\controllers\WsKapiController.php (1813)
in C:\Apache2.2\htdocs\kronus-egm-ws\index.php (13)
2014/03/13 14:31:48 [error] [system.db.CDbCommand] CDbCommand::execute() failed: SQLSTATE[23000]: Integrity constraint violation: 1062 Duplicate entry 'TRACKINGMAR13A4' for key 'UK_egmrequestlogs_TrackingID'. The SQL statement executed was: INSERT INTO egmrequestlogs(TrackingID, ReportedAmount, Status, 
                    TransactionType, SiteID, TerminalID, ServiceID, LoyaltyCardNumber, MID) 
                    VALUES(:tracking_id, :amount, :status, :trans_type, :site_id,
                    :terminal_id, :service_id, :card_number, :mid).
in C:\Apache2.2\htdocs\kronus-egm-ws\protected\models\GamingRequestLogs.php (53)
in C:\Apache2.2\htdocs\kronus-egm-ws\protected\controllers\WsKapiController.php (1607)
in C:\Apache2.2\htdocs\kronus-egm-ws\index.php (13)
2014/03/13 14:31:48 [error] [application] CDbCommand failed to execute the SQL statement: SQLSTATE[23000]: Integrity constraint violation: 1062 Duplicate entry 'TRACKINGMAR13A4' for key 'UK_egmrequestlogs_TrackingID'. The SQL statement executed was: INSERT INTO egmrequestlogs(TrackingID, ReportedAmount, Status, 
                    TransactionType, SiteID, TerminalID, ServiceID, LoyaltyCardNumber, MID) 
                    VALUES(:tracking_id, :amount, :status, :trans_type, :site_id,
                    :terminal_id, :service_id, :card_number, :mid)
in C:\Apache2.2\htdocs\kronus-egm-ws\protected\components\Utilities.php (12)
in C:\Apache2.2\htdocs\kronus-egm-ws\protected\models\GamingRequestLogs.php (70)
in C:\Apache2.2\htdocs\kronus-egm-ws\protected\controllers\WsKapiController.php (1607)
2014/03/13 14:31:48 [error] [application] Tracking ID must be unique.
in C:\Apache2.2\htdocs\kronus-egm-ws\protected\components\Utilities.php (12)
in C:\Apache2.2\htdocs\kronus-egm-ws\protected\controllers\WsKapiController.php (1924)
in C:\Apache2.2\htdocs\kronus-egm-ws\index.php (13)
2014/03/13 14:31:55 [error] [application] There are no mapped casino in this terminal
in C:\Apache2.2\htdocs\kronus-egm-ws\protected\components\Utilities.php (12)
in C:\Apache2.2\htdocs\kronus-egm-ws\protected\controllers\WsKapiController.php (1813)
in C:\Apache2.2\htdocs\kronus-egm-ws\index.php (13)
2014/03/13 14:43:25 [error] [application] Casino: Can't get balance TerminalID=1627 ServiceID=7
in C:\Apache2.2\htdocs\kronus-egm-ws\protected\components\Utilities.php (12)
in C:\Apache2.2\htdocs\kronus-egm-ws\protected\components\TerminalBasedTrans.php (36)
in C:\Apache2.2\htdocs\kronus-egm-ws\protected\controllers\WsKapiController.php (1824)
2014/03/13 14:49:25 [error] [application] Casino: Can't get balance TerminalID=1627 ServiceID=7
in C:\Apache2.2\htdocs\kronus-egm-ws\protected\components\Utilities.php (12)
in C:\Apache2.2\htdocs\kronus-egm-ws\protected\components\TerminalBasedTrans.php (36)
in C:\Apache2.2\htdocs\kronus-egm-ws\protected\controllers\WsKapiController.php (1824)
2014/03/13 14:51:32 [error] [system.db.CDbCommand] CDbCommand::execute() failed: SQLSTATE[23000]: Integrity constraint violation: 1062 Duplicate entry 'TRACKINGMAR13A6' for key 'UK_egmrequestlogs_TrackingID'. The SQL statement executed was: INSERT INTO egmrequestlogs(TrackingID, ReportedAmount, Status, 
                    TransactionType, SiteID, TerminalID, ServiceID, LoyaltyCardNumber, MID) 
                    VALUES(:tracking_id, :amount, :status, :trans_type, :site_id,
                    :terminal_id, :service_id, :card_number, :mid).
in C:\Apache2.2\htdocs\kronus-egm-ws\protected\models\GamingRequestLogs.php (53)
in C:\Apache2.2\htdocs\kronus-egm-ws\protected\controllers\WsKapiController.php (1607)
in C:\Apache2.2\htdocs\kronus-egm-ws\index.php (13)
2014/03/13 14:51:32 [error] [application] CDbCommand failed to execute the SQL statement: SQLSTATE[23000]: Integrity constraint violation: 1062 Duplicate entry 'TRACKINGMAR13A6' for key 'UK_egmrequestlogs_TrackingID'. The SQL statement executed was: INSERT INTO egmrequestlogs(TrackingID, ReportedAmount, Status, 
                    TransactionType, SiteID, TerminalID, ServiceID, LoyaltyCardNumber, MID) 
                    VALUES(:tracking_id, :amount, :status, :trans_type, :site_id,
                    :terminal_id, :service_id, :card_number, :mid)
in C:\Apache2.2\htdocs\kronus-egm-ws\protected\components\Utilities.php (12)
in C:\Apache2.2\htdocs\kronus-egm-ws\protected\models\GamingRequestLogs.php (70)
in C:\Apache2.2\htdocs\kronus-egm-ws\protected\controllers\WsKapiController.php (1607)
2014/03/13 14:51:32 [error] [application] Tracking ID must be unique.
in C:\Apache2.2\htdocs\kronus-egm-ws\protected\components\Utilities.php (12)
in C:\Apache2.2\htdocs\kronus-egm-ws\protected\controllers\WsKapiController.php (1924)
in C:\Apache2.2\htdocs\kronus-egm-ws\index.php (13)
2014/03/13 14:51:39 [error] [application] Casino: Can't get balance TerminalID=1627 ServiceID=7
in C:\Apache2.2\htdocs\kronus-egm-ws\protected\components\Utilities.php (12)
in C:\Apache2.2\htdocs\kronus-egm-ws\protected\components\TerminalBasedTrans.php (36)
in C:\Apache2.2\htdocs\kronus-egm-ws\protected\controllers\WsKapiController.php (1824)
2014/03/13 14:53:04 [error] [application] Casino: Can't get balance TerminalID=1627 ServiceID=7
in C:\Apache2.2\htdocs\kronus-egm-ws\protected\components\Utilities.php (12)
in C:\Apache2.2\htdocs\kronus-egm-ws\protected\components\TerminalBasedTrans.php (36)
in C:\Apache2.2\htdocs\kronus-egm-ws\protected\controllers\WsKapiController.php (1824)
2014/03/13 14:54:22 [error] [application] Casino: Can't get balance TerminalID=1627 ServiceID=7
in C:\Apache2.2\htdocs\kronus-egm-ws\protected\components\Utilities.php (12)
in C:\Apache2.2\htdocs\kronus-egm-ws\protected\components\TerminalBasedTrans.php (36)
in C:\Apache2.2\htdocs\kronus-egm-ws\protected\controllers\WsKapiController.php (1824)
2014/03/13 15:40:30 [error] [application] Casino: Can't get balance TerminalID=1627 ServiceID=7
in C:\Apache2.2\htdocs\kronus-egm-ws\protected\components\Utilities.php (12)
in C:\Apache2.2\htdocs\kronus-egm-ws\protected\components\TerminalBasedTrans.php (36)
in C:\Apache2.2\htdocs\kronus-egm-ws\protected\controllers\WsKapiController.php (1824)
2014/03/13 15:50:01 [error] [application] Casino: Can't get balance TerminalID=1627 ServiceID=7
in C:\Apache2.2\htdocs\kronus-egm-ws\protected\components\Utilities.php (12)
in C:\Apache2.2\htdocs\kronus-egm-ws\protected\components\TerminalBasedTrans.php (617)
in C:\Apache2.2\htdocs\kronus-egm-ws\protected\controllers\WsKapiController.php (2064)
2014/03/13 15:52:01 [error] [php] Missing argument 2 for GamingSessionsModel::deleteGamingSessions(), called in C:\Apache2.2\htdocs\kronus-egm-ws\protected\components\TerminalBasedTrans.php on line 856 and defined (C:\Apache2.2\htdocs\kronus-egm-ws\protected\models\GamingSessionsModel.php:80)
Stack trace:
#0 C:\Apache2.2\htdocs\yii\framework\web\actions\CInlineAction.php(49): WsKapiController->actionRedeemSession()
#1 C:\Apache2.2\htdocs\yii\framework\web\CController.php(308): CInlineAction->runWithParams()
#2 C:\Apache2.2\htdocs\yii\framework\web\CController.php(286): WsKapiController->runAction()
#3 C:\Apache2.2\htdocs\yii\framework\web\CController.php(265): WsKapiController->runActionWithFilters()
#4 C:\Apache2.2\htdocs\yii\framework\web\CWebApplication.php(282): WsKapiController->run()
#5 C:\Apache2.2\htdocs\yii\framework\web\CWebApplication.php(141): CWebApplication->runController()
#6 C:\Apache2.2\htdocs\yii\framework\base\CApplication.php(169): CWebApplication->processRequest()
#7 C:\Apache2.2\htdocs\kronus-egm-ws\index.php(13): CWebApplication->run()
REQUEST_URI=/kronus-egm-ws/index.php/wsKapi/redeemsession
in C:\Apache2.2\htdocs\kronus-egm-ws\protected\models\GamingSessionsModel.php (80)
in C:\Apache2.2\htdocs\kronus-egm-ws\protected\components\TerminalBasedTrans.php (856)
in C:\Apache2.2\htdocs\kronus-egm-ws\protected\controllers\WsKapiController.php (2064)
2014/03/13 15:55:44 [error] [application] Please start a session first
in C:\Apache2.2\htdocs\kronus-egm-ws\protected\components\Utilities.php (12)
in C:\Apache2.2\htdocs\kronus-egm-ws\protected\controllers\WsKapiController.php (2034)
in C:\Apache2.2\htdocs\kronus-egm-ws\index.php (13)
2014/03/13 16:04:29 [error] [system.db.CDbCommand] CDbCommand::fetch() failed: SQLSTATE[42S02]: Base table or view not found: 1146 Table 'npos.stackerdetails' doesn't exist. The SQL statement executed was: SELECT SUM(Amount) AS TotalAmount FROM stackerdetails 
                  WHERE StackerSummaryID = :stackerBatchID AND 
                  TransactionType = 1.
in C:\Apache2.2\htdocs\kronus-egm-ws\protected\models\StackerDetailsModel.php (31)
in C:\Apache2.2\htdocs\kronus-egm-ws\protected\components\TerminalBasedTrans.php (48)
in C:\Apache2.2\htdocs\kronus-egm-ws\protected\controllers\WsKapiController.php (1824)
2014/03/13 16:04:29 [error] [exception.CDbException] exception 'CDbException' with message 'CDbCommand failed to execute the SQL statement: SQLSTATE[42S02]: Base table or view not found: 1146 Table 'npos.stackerdetails' doesn't exist. The SQL statement executed was: SELECT SUM(Amount) AS TotalAmount FROM stackerdetails 
                  WHERE StackerSummaryID = :stackerBatchID AND 
                  TransactionType = 1' in C:\Apache2.2\htdocs\yii\framework\db\CDbCommand.php:541
Stack trace:
#0 C:\Apache2.2\htdocs\yii\framework\db\CDbCommand.php(414): CDbCommand->queryInternal('fetch', Array, Array)
#1 C:\Apache2.2\htdocs\kronus-egm-ws\protected\models\StackerDetailsModel.php(31): CDbCommand->queryRow()
#2 C:\Apache2.2\htdocs\kronus-egm-ws\protected\components\TerminalBasedTrans.php(48): StackerDetailsModel->getStackerTotalAmount('206')
#3 C:\Apache2.2\htdocs\kronus-egm-ws\protected\controllers\WsKapiController.php(1824): TerminalBasedTrans->start('1627', '213', 'D', '7', '3030738.80', '600', '364', 'UBMLOTRD', 1, '206', '000000007195', '41KEGWC5', '41KEGWC5', '8', '7195', '0')
#4 C:\Apache2.2\htdocs\yii\framework\web\actions\CInlineAction.php(49): WsKapiController->actionStartSession()
#5 C:\Apache2.2\htdocs\yii\framework\web\CController.php(308): CInlineAction->runWithParams(Array)
#6 C:\Apache2.2\htdocs\yii\framework\web\CController.php(286): CController->runAction(Object(CInlineAction))
#7 C:\Apache2.2\htdocs\yii\framework\web\CController.php(265): CController->runActionWithFilters(Object(CInlineAction), Array)
#8 C:\Apache2.2\htdocs\yii\framework\web\CWebApplication.php(282): CController->run('startsession')
#9 C:\Apache2.2\htdocs\yii\framework\web\CWebApplication.php(141): CWebApplication->runController('wsKapi/startses...')
#10 C:\Apache2.2\htdocs\yii\framework\base\CApplication.php(169): CWebApplication->processRequest()
#11 C:\Apache2.2\htdocs\kronus-egm-ws\index.php(13): CApplication->run()
#12 {main}
REQUEST_URI=/kronus-egm-ws/index.php/wsKapi/startsession
---
2014/03/13 16:06:45 [error] [exception.CException] exception 'CException' with message 'Property "CWebApplication.db6" is not defined.' in C:\Apache2.2\htdocs\yii\framework\base\CComponent.php:130
Stack trace:
#0 C:\Apache2.2\htdocs\yii\framework\base\CModule.php(105): CComponent->__get('db6')
#1 C:\Apache2.2\htdocs\kronus-egm-ws\protected\models\StackerSummaryModel.php(18): CModule->__get('db6')
#2 C:\Apache2.2\htdocs\kronus-egm-ws\protected\controllers\WsKapiController.php(1450): StackerSummaryModel->__construct()
#3 C:\Apache2.2\htdocs\yii\framework\web\actions\CInlineAction.php(49): WsKapiController->actionStartSession()
#4 C:\Apache2.2\htdocs\yii\framework\web\CController.php(308): CInlineAction->runWithParams(Array)
#5 C:\Apache2.2\htdocs\yii\framework\web\CController.php(286): CController->runAction(Object(CInlineAction))
#6 C:\Apache2.2\htdocs\yii\framework\web\CController.php(265): CController->runActionWithFilters(Object(CInlineAction), Array)
#7 C:\Apache2.2\htdocs\yii\framework\web\CWebApplication.php(282): CController->run('startsession')
#8 C:\Apache2.2\htdocs\yii\framework\web\CWebApplication.php(141): CWebApplication->runController('wsKapi/startses...')
#9 C:\Apache2.2\htdocs\yii\framework\base\CApplication.php(169): CWebApplication->processRequest()
#10 C:\Apache2.2\htdocs\kronus-egm-ws\index.php(13): CApplication->run()
#11 {main}
REQUEST_URI=/kronus-egm-ws/index.php/wsKapi/startsession
---
2014/03/13 16:08:06 [error] [application] Error: Invalid Amount. TerminalID=1627 ServiceID=7
in C:\Apache2.2\htdocs\kronus-egm-ws\protected\components\Utilities.php (12)
in C:\Apache2.2\htdocs\kronus-egm-ws\protected\components\TerminalBasedTrans.php (65)
in C:\Apache2.2\htdocs\kronus-egm-ws\protected\controllers\WsKapiController.php (1824)
2014/03/13 16:08:42 [error] [system.db.CDbCommand] CDbCommand::execute() failed: SQLSTATE[45000]: <<Unknown error>>: 1644 Transaction Failed: Terminal has existing session.. The SQL statement executed was: INSERT INTO transactionrequestlogs (TransactionReferenceID, StackerSummaryID, 
                                         Amount, StartDate, TransactionType, TerminalID, Status, 
                                         SiteID, ServiceID, LoyaltyCardNumber, MID, UserMode, PaymentType, 
                                         PaymentTrackingID, Option1, ServiceTransactionID)
                                         VALUES (:trans_ref_id, :stackerbatchid, :amount, NOW(6), :trans_type, 
                                         :terminal_id, '0', :site_id, :service_id, :loyalty_card, 
                                         :mid, :user_mode, :paymentType ,:trackingID, :voucher_code, 
                                         :service_trans_id).
in C:\Apache2.2\htdocs\kronus-egm-ws\protected\models\TransactionRequestLogsModel.php (103)
in C:\Apache2.2\htdocs\kronus-egm-ws\protected\components\TerminalBasedTrans.php (124)
in C:\Apache2.2\htdocs\kronus-egm-ws\protected\controllers\WsKapiController.php (1824)
2014/03/13 16:08:42 [error] [application] CDbCommand failed to execute the SQL statement: SQLSTATE[45000]: <<Unknown error>>: 1644 Transaction Failed: Terminal has existing session.. The SQL statement executed was: INSERT INTO transactionrequestlogs (TransactionReferenceID, StackerSummaryID, 
                                         Amount, StartDate, TransactionType, TerminalID, Status, 
                                         SiteID, ServiceID, LoyaltyCardNumber, MID, UserMode, PaymentType, 
                                         PaymentTrackingID, Option1, ServiceTransactionID)
                                         VALUES (:trans_ref_id, :stackerbatchid, :amount, NOW(6), :trans_type, 
                                         :terminal_id, '0', :site_id, :service_id, :loyalty_card, 
                                         :mid, :user_mode, :paymentType ,:trackingID, :voucher_code, 
                                         :service_trans_id)
in C:\Apache2.2\htdocs\kronus-egm-ws\protected\components\Utilities.php (12)
in C:\Apache2.2\htdocs\kronus-egm-ws\protected\models\TransactionRequestLogsModel.php (114)
in C:\Apache2.2\htdocs\kronus-egm-ws\protected\components\TerminalBasedTrans.php (124)
2014/03/13 16:08:42 [error] [system.db.CDbCommand] CDbCommand::execute() failed: SQLSTATE[42000]: Syntax error or access violation: 1064 You have an error in your SQL syntax; check the manual that corresponds to your MySQL server version for the right syntax to use near 'DateUpdated = NOW(6), 
                                                UpdatedB' at line 2. The SQL statement executed was: UPDATE stackersummary SET Status = :status 
                                                DateUpdated = NOW(6), 
                                                UpdatedByAID = :user
                      WHERE StackerSummaryID = :stackersummaryID.
in C:\Apache2.2\htdocs\kronus-egm-ws\protected\models\StackerSummaryModel.php (43)
in C:\Apache2.2\htdocs\kronus-egm-ws\protected\models\GamingSessionsModel.php (85)
in C:\Apache2.2\htdocs\kronus-egm-ws\protected\components\TerminalBasedTrans.php (128)
2014/03/13 16:08:42 [error] [exception.PDOException] exception 'PDOException' with message 'There is already an active transaction' in C:\Apache2.2\htdocs\yii\framework\db\CDbConnection.php:495
Stack trace:
#0 C:\Apache2.2\htdocs\yii\framework\db\CDbConnection.php(495): PDO->beginTransaction()
#1 C:\Apache2.2\htdocs\kronus-egm-ws\protected\models\TerminalSessionsModel.php(48): CDbConnection->beginTransaction()
#2 C:\Apache2.2\htdocs\kronus-egm-ws\protected\components\TerminalBasedTrans.php(129): TerminalSessionsModel->deleteTerminalSessionById('1627')
#3 C:\Apache2.2\htdocs\kronus-egm-ws\protected\controllers\WsKapiController.php(1824): TerminalBasedTrans->start('1627', '213', 'D', '7', '3030738.80', '500', '364', 'UBMLOTRD', 1, '206', '000000007195', '41KEGWC5', '41KEGWC5', '8', '7195', '0')
#4 C:\Apache2.2\htdocs\yii\framework\web\actions\CInlineAction.php(49): WsKapiController->actionStartSession()
#5 C:\Apache2.2\htdocs\yii\framework\web\CController.php(308): CInlineAction->runWithParams(Array)
#6 C:\Apache2.2\htdocs\yii\framework\web\CController.php(286): CController->runAction(Object(CInlineAction))
#7 C:\Apache2.2\htdocs\yii\framework\web\CController.php(265): CController->runActionWithFilters(Object(CInlineAction), Array)
#8 C:\Apache2.2\htdocs\yii\framework\web\CWebApplication.php(282): CController->run('startsession')
#9 C:\Apache2.2\htdocs\yii\framework\web\CWebApplication.php(141): CWebApplication->runController('wsKapi/startses...')
#10 C:\Apache2.2\htdocs\yii\framework\base\CApplication.php(169): CWebApplication->processRequest()
#11 C:\Apache2.2\htdocs\kronus-egm-ws\index.php(13): CApplication->run()
#12 {main}
REQUEST_URI=/kronus-egm-ws/index.php/wsKapi/startsession
---
2014/03/13 16:09:13 [error] [application] Error: Terminal is already active. TerminalID=1627 ServiceID=7
in C:\Apache2.2\htdocs\kronus-egm-ws\protected\components\Utilities.php (12)
in C:\Apache2.2\htdocs\kronus-egm-ws\protected\components\TerminalBasedTrans.php (70)
in C:\Apache2.2\htdocs\kronus-egm-ws\protected\controllers\WsKapiController.php (1824)
2014/03/13 16:10:26 [error] [system.db.CDbCommand] CDbCommand::execute() failed: SQLSTATE[23000]: Integrity constraint violation: 1062 Duplicate entry 'TRACKINGMAR13A18' for key 'UK_egmrequestlogs_TrackingID'. The SQL statement executed was: INSERT INTO egmrequestlogs(TrackingID, ReportedAmount, Status, 
                    TransactionType, SiteID, TerminalID, ServiceID, LoyaltyCardNumber, MID) 
                    VALUES(:tracking_id, :amount, :status, :trans_type, :site_id,
                    :terminal_id, :service_id, :card_number, :mid).
in C:\Apache2.2\htdocs\kronus-egm-ws\protected\models\GamingRequestLogs.php (53)
in C:\Apache2.2\htdocs\kronus-egm-ws\protected\controllers\WsKapiController.php (2049)
in C:\Apache2.2\htdocs\kronus-egm-ws\index.php (13)
2014/03/13 16:10:26 [error] [application] CDbCommand failed to execute the SQL statement: SQLSTATE[23000]: Integrity constraint violation: 1062 Duplicate entry 'TRACKINGMAR13A18' for key 'UK_egmrequestlogs_TrackingID'. The SQL statement executed was: INSERT INTO egmrequestlogs(TrackingID, ReportedAmount, Status, 
                    TransactionType, SiteID, TerminalID, ServiceID, LoyaltyCardNumber, MID) 
                    VALUES(:tracking_id, :amount, :status, :trans_type, :site_id,
                    :terminal_id, :service_id, :card_number, :mid)
in C:\Apache2.2\htdocs\kronus-egm-ws\protected\components\Utilities.php (12)
in C:\Apache2.2\htdocs\kronus-egm-ws\protected\models\GamingRequestLogs.php (70)
in C:\Apache2.2\htdocs\kronus-egm-ws\protected\controllers\WsKapiController.php (2049)
2014/03/13 16:10:26 [error] [application] Tracking ID must be unique.
in C:\Apache2.2\htdocs\kronus-egm-ws\protected\components\Utilities.php (12)
in C:\Apache2.2\htdocs\kronus-egm-ws\protected\controllers\WsKapiController.php (2154)
in C:\Apache2.2\htdocs\kronus-egm-ws\index.php (13)
2014/03/13 16:10:35 [error] [application] Error: Terminal has no active session. TerminalID=1627 ServiceID=7
in C:\Apache2.2\htdocs\kronus-egm-ws\protected\components\Utilities.php (12)
in C:\Apache2.2\htdocs\kronus-egm-ws\protected\components\TerminalBasedTrans.php (637)
in C:\Apache2.2\htdocs\kronus-egm-ws\protected\controllers\WsKapiController.php (2064)
2014/03/13 16:16:49 [error] [application] Error: Invalid Amount. TerminalID=1627 ServiceID=7
in C:\Apache2.2\htdocs\kronus-egm-ws\protected\components\Utilities.php (12)
in C:\Apache2.2\htdocs\kronus-egm-ws\protected\components\TerminalBasedTrans.php (65)
in C:\Apache2.2\htdocs\kronus-egm-ws\protected\controllers\WsKapiController.php (1824)
2014/03/13 16:17:14 [error] [application] Error: Invalid Amount. TerminalID=1627 ServiceID=7
in C:\Apache2.2\htdocs\kronus-egm-ws\protected\components\Utilities.php (12)
in C:\Apache2.2\htdocs\kronus-egm-ws\protected\components\TerminalBasedTrans.php (65)
in C:\Apache2.2\htdocs\kronus-egm-ws\protected\controllers\WsKapiController.php (1824)
2014/03/13 16:26:05 [error] [application] 
in C:\Apache2.2\htdocs\kronus-egm-ws\protected\components\Utilities.php (12)
in C:\Apache2.2\htdocs\kronus-egm-ws\protected\controllers\WsKapiController.php (1191)
in C:\Apache2.2\htdocs\kronus-egm-ws\index.php (13)
2014/03/13 16:34:30 [error] [application] Error: Invalid Amount. TerminalID=1627 ServiceID=7
in C:\Apache2.2\htdocs\kronus-egm-ws\protected\components\Utilities.php (12)
in C:\Apache2.2\htdocs\kronus-egm-ws\protected\components\TerminalBasedTrans.php (65)
in C:\Apache2.2\htdocs\kronus-egm-ws\protected\controllers\WsKapiController.php (1824)
2014/03/13 16:34:41 [error] [system.db.CDbCommand] CDbCommand::execute() failed: SQLSTATE[45000]: <<Unknown error>>: 1644 Transaction Failed: Terminal has existing session.. The SQL statement executed was: INSERT INTO transactionrequestlogs (TransactionReferenceID, StackerSummaryID, 
                                         Amount, StartDate, TransactionType, TerminalID, Status, 
                                         SiteID, ServiceID, LoyaltyCardNumber, MID, UserMode, PaymentType, 
                                         PaymentTrackingID, Option1, ServiceTransactionID)
                                         VALUES (:trans_ref_id, :stackerbatchid, :amount, NOW(6), :trans_type, 
                                         :terminal_id, '0', :site_id, :service_id, :loyalty_card, 
                                         :mid, :user_mode, :paymentType ,:trackingID, :voucher_code, 
                                         :service_trans_id).
in C:\Apache2.2\htdocs\kronus-egm-ws\protected\models\TransactionRequestLogsModel.php (103)
in C:\Apache2.2\htdocs\kronus-egm-ws\protected\components\TerminalBasedTrans.php (124)
in C:\Apache2.2\htdocs\kronus-egm-ws\protected\controllers\WsKapiController.php (1824)
2014/03/13 16:34:41 [error] [application] CDbCommand failed to execute the SQL statement: SQLSTATE[45000]: <<Unknown error>>: 1644 Transaction Failed: Terminal has existing session.. The SQL statement executed was: INSERT INTO transactionrequestlogs (TransactionReferenceID, StackerSummaryID, 
                                         Amount, StartDate, TransactionType, TerminalID, Status, 
                                         SiteID, ServiceID, LoyaltyCardNumber, MID, UserMode, PaymentType, 
                                         PaymentTrackingID, Option1, ServiceTransactionID)
                                         VALUES (:trans_ref_id, :stackerbatchid, :amount, NOW(6), :trans_type, 
                                         :terminal_id, '0', :site_id, :service_id, :loyalty_card, 
                                         :mid, :user_mode, :paymentType ,:trackingID, :voucher_code, 
                                         :service_trans_id)
in C:\Apache2.2\htdocs\kronus-egm-ws\protected\components\Utilities.php (12)
in C:\Apache2.2\htdocs\kronus-egm-ws\protected\models\TransactionRequestLogsModel.php (114)
in C:\Apache2.2\htdocs\kronus-egm-ws\protected\components\TerminalBasedTrans.php (124)
2014/03/13 16:34:41 [error] [system.db.CDbCommand] CDbCommand::execute() failed: SQLSTATE[42000]: Syntax error or access violation: 1064 You have an error in your SQL syntax; check the manual that corresponds to your MySQL server version for the right syntax to use near 'DateUpdated = NOW(6), 
                                                UpdatedB' at line 2. The SQL statement executed was: UPDATE stackersummary SET Status = :status 
                                                DateUpdated = NOW(6), 
                                                UpdatedByAID = :user
                      WHERE StackerSummaryID = :stackersummaryID.
in C:\Apache2.2\htdocs\kronus-egm-ws\protected\models\StackerSummaryModel.php (43)
in C:\Apache2.2\htdocs\kronus-egm-ws\protected\models\GamingSessionsModel.php (85)
in C:\Apache2.2\htdocs\kronus-egm-ws\protected\components\TerminalBasedTrans.php (128)
2014/03/13 16:34:41 [error] [exception.PDOException] exception 'PDOException' with message 'There is already an active transaction' in C:\Apache2.2\htdocs\yii\framework\db\CDbConnection.php:495
Stack trace:
#0 C:\Apache2.2\htdocs\yii\framework\db\CDbConnection.php(495): PDO->beginTransaction()
#1 C:\Apache2.2\htdocs\kronus-egm-ws\protected\models\TerminalSessionsModel.php(48): CDbConnection->beginTransaction()
#2 C:\Apache2.2\htdocs\kronus-egm-ws\protected\components\TerminalBasedTrans.php(129): TerminalSessionsModel->deleteTerminalSessionById('1627')
#3 C:\Apache2.2\htdocs\kronus-egm-ws\protected\controllers\WsKapiController.php(1824): TerminalBasedTrans->start('1627', '213', 'D', '7', '3030738.80', '1000', '364', 'UBMLOTRD', 1, '209', '000000007195', '41KEGWC5', '41KEGWC5', '8', '7195', '0')
#4 C:\Apache2.2\htdocs\yii\framework\web\actions\CInlineAction.php(49): WsKapiController->actionStartSession()
#5 C:\Apache2.2\htdocs\yii\framework\web\CController.php(308): CInlineAction->runWithParams(Array)
#6 C:\Apache2.2\htdocs\yii\framework\web\CController.php(286): CController->runAction(Object(CInlineAction))
#7 C:\Apache2.2\htdocs\yii\framework\web\CController.php(265): CController->runActionWithFilters(Object(CInlineAction), Array)
#8 C:\Apache2.2\htdocs\yii\framework\web\CWebApplication.php(282): CController->run('startsession')
#9 C:\Apache2.2\htdocs\yii\framework\web\CWebApplication.php(141): CWebApplication->runController('wsKapi/startses...')
#10 C:\Apache2.2\htdocs\yii\framework\base\CApplication.php(169): CWebApplication->processRequest()
#11 C:\Apache2.2\htdocs\kronus-egm-ws\index.php(13): CApplication->run()
#12 {main}
REQUEST_URI=/kronus-egm-ws/index.php/wsKapi/startsession
---
2014/03/13 16:43:33 [error] [application] 
in C:\Apache2.2\htdocs\kronus-egm-ws\protected\components\Utilities.php (12)
in C:\Apache2.2\htdocs\kronus-egm-ws\protected\controllers\WsKapiController.php (1191)
in C:\Apache2.2\htdocs\kronus-egm-ws\index.php (13)
2014/03/13 16:48:09 [error] [application] Error: Invalid Amount. TerminalID=1627 ServiceID=7
in C:\Apache2.2\htdocs\kronus-egm-ws\protected\components\Utilities.php (12)
in C:\Apache2.2\htdocs\kronus-egm-ws\protected\components\TerminalBasedTrans.php (65)
in C:\Apache2.2\htdocs\kronus-egm-ws\protected\controllers\WsKapiController.php (1824)
2014/03/13 16:48:20 [error] [system.db.CDbCommand] CDbCommand::execute() failed: SQLSTATE[45000]: <<Unknown error>>: 1644 Transaction Failed: Terminal has existing session.. The SQL statement executed was: INSERT INTO transactionrequestlogs (TransactionReferenceID, StackerSummaryID, 
                                         Amount, StartDate, TransactionType, TerminalID, Status, 
                                         SiteID, ServiceID, LoyaltyCardNumber, MID, UserMode, PaymentType, 
                                         PaymentTrackingID, Option1, ServiceTransactionID)
                                         VALUES (:trans_ref_id, :stackerbatchid, :amount, NOW(6), :trans_type, 
                                         :terminal_id, '0', :site_id, :service_id, :loyalty_card, 
                                         :mid, :user_mode, :paymentType ,:trackingID, :voucher_code, 
                                         :service_trans_id).
in C:\Apache2.2\htdocs\kronus-egm-ws\protected\models\TransactionRequestLogsModel.php (103)
in C:\Apache2.2\htdocs\kronus-egm-ws\protected\components\TerminalBasedTrans.php (124)
in C:\Apache2.2\htdocs\kronus-egm-ws\protected\controllers\WsKapiController.php (1824)
2014/03/13 16:48:20 [error] [application] CDbCommand failed to execute the SQL statement: SQLSTATE[45000]: <<Unknown error>>: 1644 Transaction Failed: Terminal has existing session.. The SQL statement executed was: INSERT INTO transactionrequestlogs (TransactionReferenceID, StackerSummaryID, 
                                         Amount, StartDate, TransactionType, TerminalID, Status, 
                                         SiteID, ServiceID, LoyaltyCardNumber, MID, UserMode, PaymentType, 
                                         PaymentTrackingID, Option1, ServiceTransactionID)
                                         VALUES (:trans_ref_id, :stackerbatchid, :amount, NOW(6), :trans_type, 
                                         :terminal_id, '0', :site_id, :service_id, :loyalty_card, 
                                         :mid, :user_mode, :paymentType ,:trackingID, :voucher_code, 
                                         :service_trans_id)
in C:\Apache2.2\htdocs\kronus-egm-ws\protected\components\Utilities.php (12)
in C:\Apache2.2\htdocs\kronus-egm-ws\protected\models\TransactionRequestLogsModel.php (114)
in C:\Apache2.2\htdocs\kronus-egm-ws\protected\components\TerminalBasedTrans.php (124)
2014/03/13 16:48:20 [error] [application] There was a pending transaction for this user / terminal. TerminalID=1627 ServiceID=7
in C:\Apache2.2\htdocs\kronus-egm-ws\protected\components\Utilities.php (12)
in C:\Apache2.2\htdocs\kronus-egm-ws\protected\components\TerminalBasedTrans.php (130)
in C:\Apache2.2\htdocs\kronus-egm-ws\protected\controllers\WsKapiController.php (1824)
2014/03/13 17:27:53 [error] [application] 
in C:\Apache2.2\htdocs\kronus-egm-ws\protected\components\Utilities.php (12)
in C:\Apache2.2\htdocs\kronus-egm-ws\protected\controllers\WsKapiController.php (1191)
in C:\Apache2.2\htdocs\kronus-egm-ws\index.php (13)
2014/03/13 17:30:30 [error] [application] Parameters are not set
in C:\Apache2.2\htdocs\kronus-egm-ws\protected\components\Utilities.php (12)
in C:\Apache2.2\htdocs\kronus-egm-ws\protected\controllers\WsKapiController.php (1941)
in C:\Apache2.2\htdocs\kronus-egm-ws\index.php (13)
2014/03/13 17:30:46 [error] [system.db.CDbCommand] CDbCommand::execute() failed: SQLSTATE[45000]: <<Unknown error>>: 1644 Transaction Failed: Terminal has existing session.. The SQL statement executed was: INSERT INTO transactionrequestlogs (TransactionReferenceID, StackerSummaryID, 
                                         Amount, StartDate, TransactionType, TerminalID, Status, 
                                         SiteID, ServiceID, LoyaltyCardNumber, MID, UserMode, PaymentType, 
                                         PaymentTrackingID, Option1, ServiceTransactionID)
                                         VALUES (:trans_ref_id, :stackerbatchid, :amount, NOW(6), :trans_type, 
                                         :terminal_id, '0', :site_id, :service_id, :loyalty_card, 
                                         :mid, :user_mode, :paymentType ,:trackingID, :voucher_code, 
                                         :service_trans_id).
in C:\Apache2.2\htdocs\kronus-egm-ws\protected\models\TransactionRequestLogsModel.php (103)
in C:\Apache2.2\htdocs\kronus-egm-ws\protected\components\TerminalBasedTrans.php (115)
in C:\Apache2.2\htdocs\kronus-egm-ws\protected\controllers\WsKapiController.php (1835)
2014/03/13 17:30:46 [error] [application] CDbCommand failed to execute the SQL statement: SQLSTATE[45000]: <<Unknown error>>: 1644 Transaction Failed: Terminal has existing session.. The SQL statement executed was: INSERT INTO transactionrequestlogs (TransactionReferenceID, StackerSummaryID, 
                                         Amount, StartDate, TransactionType, TerminalID, Status, 
                                         SiteID, ServiceID, LoyaltyCardNumber, MID, UserMode, PaymentType, 
                                         PaymentTrackingID, Option1, ServiceTransactionID)
                                         VALUES (:trans_ref_id, :stackerbatchid, :amount, NOW(6), :trans_type, 
                                         :terminal_id, '0', :site_id, :service_id, :loyalty_card, 
                                         :mid, :user_mode, :paymentType ,:trackingID, :voucher_code, 
                                         :service_trans_id)
in C:\Apache2.2\htdocs\kronus-egm-ws\protected\components\Utilities.php (12)
in C:\Apache2.2\htdocs\kronus-egm-ws\protected\models\TransactionRequestLogsModel.php (114)
in C:\Apache2.2\htdocs\kronus-egm-ws\protected\components\TerminalBasedTrans.php (115)
2014/03/13 17:30:46 [error] [application] There was a pending transaction for this user / terminal. TerminalID=1627 ServiceID=7
in C:\Apache2.2\htdocs\kronus-egm-ws\protected\components\Utilities.php (12)
in C:\Apache2.2\htdocs\kronus-egm-ws\protected\components\TerminalBasedTrans.php (121)
in C:\Apache2.2\htdocs\kronus-egm-ws\protected\controllers\WsKapiController.php (1835)
2014/03/13 17:41:13 [error] [application] Error: Terminal has no active EGM session. TerminalID=1627 ServiceID=7
in C:\Apache2.2\htdocs\kronus-egm-ws\protected\components\Utilities.php (12)
in C:\Apache2.2\htdocs\kronus-egm-ws\protected\components\TerminalBasedTrans.php (55)
in C:\Apache2.2\htdocs\kronus-egm-ws\protected\controllers\WsKapiController.php (1845)
2014/03/13 17:42:01 [error] [application] 
in C:\Apache2.2\htdocs\kronus-egm-ws\protected\components\Utilities.php (12)
in C:\Apache2.2\htdocs\kronus-egm-ws\protected\controllers\WsKapiController.php (1191)
in C:\Apache2.2\htdocs\kronus-egm-ws\index.php (13)
2014/03/13 17:43:54 [error] [system.db.CDbCommand] CDbCommand::execute() failed: SQLSTATE[45000]: <<Unknown error>>: 1644 Transaction Failed: Terminal has existing session.. The SQL statement executed was: INSERT INTO transactionrequestlogs (TransactionReferenceID, StackerSummaryID, 
                                         Amount, StartDate, TransactionType, TerminalID, Status, 
                                         SiteID, ServiceID, LoyaltyCardNumber, MID, UserMode, PaymentType, 
                                         PaymentTrackingID, Option1, ServiceTransactionID)
                                         VALUES (:trans_ref_id, :stackerbatchid, :amount, NOW(6), :trans_type, 
                                         :terminal_id, '0', :site_id, :service_id, :loyalty_card, 
                                         :mid, :user_mode, :paymentType ,:trackingID, :voucher_code, 
                                         :service_trans_id).
in C:\Apache2.2\htdocs\kronus-egm-ws\protected\models\TransactionRequestLogsModel.php (103)
in C:\Apache2.2\htdocs\kronus-egm-ws\protected\components\TerminalBasedTrans.php (115)
in C:\Apache2.2\htdocs\kronus-egm-ws\protected\controllers\WsKapiController.php (1845)
2014/03/13 17:43:54 [error] [application] CDbCommand failed to execute the SQL statement: SQLSTATE[45000]: <<Unknown error>>: 1644 Transaction Failed: Terminal has existing session.. The SQL statement executed was: INSERT INTO transactionrequestlogs (TransactionReferenceID, StackerSummaryID, 
                                         Amount, StartDate, TransactionType, TerminalID, Status, 
                                         SiteID, ServiceID, LoyaltyCardNumber, MID, UserMode, PaymentType, 
                                         PaymentTrackingID, Option1, ServiceTransactionID)
                                         VALUES (:trans_ref_id, :stackerbatchid, :amount, NOW(6), :trans_type, 
                                         :terminal_id, '0', :site_id, :service_id, :loyalty_card, 
                                         :mid, :user_mode, :paymentType ,:trackingID, :voucher_code, 
                                         :service_trans_id)
in C:\Apache2.2\htdocs\kronus-egm-ws\protected\components\Utilities.php (12)
in C:\Apache2.2\htdocs\kronus-egm-ws\protected\models\TransactionRequestLogsModel.php (114)
in C:\Apache2.2\htdocs\kronus-egm-ws\protected\components\TerminalBasedTrans.php (115)
2014/03/13 17:43:54 [error] [application] There was a pending transaction for this user / terminal. TerminalID=1627 ServiceID=7
in C:\Apache2.2\htdocs\kronus-egm-ws\protected\components\Utilities.php (12)
in C:\Apache2.2\htdocs\kronus-egm-ws\protected\components\TerminalBasedTrans.php (121)
in C:\Apache2.2\htdocs\kronus-egm-ws\protected\controllers\WsKapiController.php (1845)
2014/03/13 17:46:25 [error] [system.db.CDbCommand] CDbCommand::execute() failed: SQLSTATE[23000]: Integrity constraint violation: 1062 Duplicate entry 'TRACKINGMAR13B2' for key 'UK_egmrequestlogs_TrackingID'. The SQL statement executed was: INSERT INTO egmrequestlogs(TrackingID, ReportedAmount, Status, 
                    TransactionType, SiteID, TerminalID, ServiceID, LoyaltyCardNumber, MID) 
                    VALUES(:tracking_id, :amount, :status, :trans_type, :site_id,
                    :terminal_id, :service_id, :card_number, :mid).
in C:\Apache2.2\htdocs\kronus-egm-ws\protected\models\GamingRequestLogs.php (53)
in C:\Apache2.2\htdocs\kronus-egm-ws\protected\controllers\WsKapiController.php (1608)
in C:\Apache2.2\htdocs\kronus-egm-ws\index.php (13)
2014/03/13 17:46:25 [error] [application] CDbCommand failed to execute the SQL statement: SQLSTATE[23000]: Integrity constraint violation: 1062 Duplicate entry 'TRACKINGMAR13B2' for key 'UK_egmrequestlogs_TrackingID'. The SQL statement executed was: INSERT INTO egmrequestlogs(TrackingID, ReportedAmount, Status, 
                    TransactionType, SiteID, TerminalID, ServiceID, LoyaltyCardNumber, MID) 
                    VALUES(:tracking_id, :amount, :status, :trans_type, :site_id,
                    :terminal_id, :service_id, :card_number, :mid)
in C:\Apache2.2\htdocs\kronus-egm-ws\protected\components\Utilities.php (12)
in C:\Apache2.2\htdocs\kronus-egm-ws\protected\models\GamingRequestLogs.php (70)
in C:\Apache2.2\htdocs\kronus-egm-ws\protected\controllers\WsKapiController.php (1608)
2014/03/13 17:46:25 [error] [application] Tracking ID must be unique.
in C:\Apache2.2\htdocs\kronus-egm-ws\protected\components\Utilities.php (12)
in C:\Apache2.2\htdocs\kronus-egm-ws\protected\controllers\WsKapiController.php (1945)
in C:\Apache2.2\htdocs\kronus-egm-ws\index.php (13)
2014/03/13 17:46:33 [error] [application] Error: Terminal has no active EGM session. TerminalID=1627 ServiceID=7
in C:\Apache2.2\htdocs\kronus-egm-ws\protected\components\Utilities.php (12)
in C:\Apache2.2\htdocs\kronus-egm-ws\protected\components\TerminalBasedTrans.php (55)
in C:\Apache2.2\htdocs\kronus-egm-ws\protected\controllers\WsKapiController.php (1845)
2014/03/13 17:47:34 [error] [application] 
in C:\Apache2.2\htdocs\kronus-egm-ws\protected\components\Utilities.php (12)
in C:\Apache2.2\htdocs\kronus-egm-ws\protected\controllers\WsKapiController.php (1191)
in C:\Apache2.2\htdocs\kronus-egm-ws\index.php (13)
2014/03/13 17:56:04 [error] [application] 
in C:\Apache2.2\htdocs\kronus-egm-ws\protected\components\Utilities.php (12)
in C:\Apache2.2\htdocs\kronus-egm-ws\protected\controllers\WsKapiController.php (1191)
in C:\Apache2.2\htdocs\kronus-egm-ws\index.php (13)
2014/03/13 17:59:29 [error] [system.db.CDbCommand] CDbCommand::execute() failed: SQLSTATE[23000]: Integrity constraint violation: 1062 Duplicate entry 'TRACKINGMAR13B7' for key 'UK_egmrequestlogs_TrackingID'. The SQL statement executed was: INSERT INTO egmrequestlogs(TrackingID, ReportedAmount, Status, 
                    TransactionType, SiteID, TerminalID, ServiceID, LoyaltyCardNumber, MID) 
                    VALUES(:tracking_id, :amount, :status, :trans_type, :site_id,
                    :terminal_id, :service_id, :card_number, :mid).
in C:\Apache2.2\htdocs\kronus-egm-ws\protected\models\GamingRequestLogs.php (53)
in C:\Apache2.2\htdocs\kronus-egm-ws\protected\controllers\WsKapiController.php (2075)
in C:\Apache2.2\htdocs\kronus-egm-ws\index.php (13)
2014/03/13 17:59:29 [error] [application] CDbCommand failed to execute the SQL statement: SQLSTATE[23000]: Integrity constraint violation: 1062 Duplicate entry 'TRACKINGMAR13B7' for key 'UK_egmrequestlogs_TrackingID'. The SQL statement executed was: INSERT INTO egmrequestlogs(TrackingID, ReportedAmount, Status, 
                    TransactionType, SiteID, TerminalID, ServiceID, LoyaltyCardNumber, MID) 
                    VALUES(:tracking_id, :amount, :status, :trans_type, :site_id,
                    :terminal_id, :service_id, :card_number, :mid)
in C:\Apache2.2\htdocs\kronus-egm-ws\protected\components\Utilities.php (12)
in C:\Apache2.2\htdocs\kronus-egm-ws\protected\models\GamingRequestLogs.php (70)
in C:\Apache2.2\htdocs\kronus-egm-ws\protected\controllers\WsKapiController.php (2075)
2014/03/13 17:59:29 [error] [application] Tracking ID must be unique.
in C:\Apache2.2\htdocs\kronus-egm-ws\protected\components\Utilities.php (12)
in C:\Apache2.2\htdocs\kronus-egm-ws\protected\controllers\WsKapiController.php (2180)
in C:\Apache2.2\htdocs\kronus-egm-ws\index.php (13)
2014/03/13 18:00:15 [error] [application] 
in C:\Apache2.2\htdocs\kronus-egm-ws\protected\components\Utilities.php (12)
in C:\Apache2.2\htdocs\kronus-egm-ws\protected\controllers\WsKapiController.php (1191)
in C:\Apache2.2\htdocs\kronus-egm-ws\index.php (13)
2014/03/13 18:06:07 [error] [system.db.CDbCommand] CDbCommand::execute() failed: SQLSTATE[23000]: Integrity constraint violation: 1062 Duplicate entry 'TRACKINGMAR13B10' for key 'UK_egmrequestlogs_TrackingID'. The SQL statement executed was: INSERT INTO egmrequestlogs(TrackingID, ReportedAmount, Status, 
                    TransactionType, SiteID, TerminalID, ServiceID, LoyaltyCardNumber, MID) 
                    VALUES(:tracking_id, :amount, :status, :trans_type, :site_id,
                    :terminal_id, :service_id, :card_number, :mid).
in C:\Apache2.2\htdocs\kronus-egm-ws\protected\models\GamingRequestLogs.php (53)
in C:\Apache2.2\htdocs\kronus-egm-ws\protected\controllers\WsKapiController.php (2097)
in C:\Apache2.2\htdocs\kronus-egm-ws\index.php (13)
2014/03/13 18:06:07 [error] [application] CDbCommand failed to execute the SQL statement: SQLSTATE[23000]: Integrity constraint violation: 1062 Duplicate entry 'TRACKINGMAR13B10' for key 'UK_egmrequestlogs_TrackingID'. The SQL statement executed was: INSERT INTO egmrequestlogs(TrackingID, ReportedAmount, Status, 
                    TransactionType, SiteID, TerminalID, ServiceID, LoyaltyCardNumber, MID) 
                    VALUES(:tracking_id, :amount, :status, :trans_type, :site_id,
                    :terminal_id, :service_id, :card_number, :mid)
in C:\Apache2.2\htdocs\kronus-egm-ws\protected\components\Utilities.php (12)
in C:\Apache2.2\htdocs\kronus-egm-ws\protected\models\GamingRequestLogs.php (70)
in C:\Apache2.2\htdocs\kronus-egm-ws\protected\controllers\WsKapiController.php (2097)
2014/03/13 18:06:07 [error] [application] Tracking ID must be unique.
in C:\Apache2.2\htdocs\kronus-egm-ws\protected\components\Utilities.php (12)
in C:\Apache2.2\htdocs\kronus-egm-ws\protected\controllers\WsKapiController.php (2202)
in C:\Apache2.2\htdocs\kronus-egm-ws\index.php (13)
2014/03/13 18:07:10 [error] [application] 
in C:\Apache2.2\htdocs\kronus-egm-ws\protected\components\Utilities.php (12)
in C:\Apache2.2\htdocs\kronus-egm-ws\protected\controllers\WsKapiController.php (1191)
in C:\Apache2.2\htdocs\kronus-egm-ws\index.php (13)
2014/03/13 18:08:00 [error] [application] Error: Invalid Amount.
in C:\Apache2.2\htdocs\kronus-egm-ws\protected\components\Utilities.php (12)
in C:\Apache2.2\htdocs\kronus-egm-ws\protected\controllers\WsKapiController.php (1855)
in C:\Apache2.2\htdocs\kronus-egm-ws\index.php (13)
2014/03/13 18:46:49 [error] [application] 
in C:\Apache2.2\htdocs\kronus-egm-ws\protected\components\Utilities.php (12)
in C:\Apache2.2\htdocs\kronus-egm-ws\protected\controllers\WsKapiController.php (1191)
in C:\Apache2.2\htdocs\kronus-egm-ws\index.php (13)
2014/03/13 18:47:59 [error] [application] Error: Invalid Amount.
in C:\Apache2.2\htdocs\kronus-egm-ws\protected\components\Utilities.php (12)
in C:\Apache2.2\htdocs\kronus-egm-ws\protected\controllers\WsKapiController.php (1853)
in C:\Apache2.2\htdocs\kronus-egm-ws\index.php (13)
2014/03/13 18:50:13 [error] [application] Error: Invalid Amount.
in C:\Apache2.2\htdocs\kronus-egm-ws\protected\components\Utilities.php (12)
in C:\Apache2.2\htdocs\kronus-egm-ws\protected\controllers\WsKapiController.php (2515)
in C:\Apache2.2\htdocs\kronus-egm-ws\index.php (13)
2014/03/13 18:50:29 [error] [system.db.CDbCommand] CDbCommand::execute() failed: SQLSTATE[23000]: Integrity constraint violation: 1062 Duplicate entry 'TRACKINGMAR13D6' for key 'UK_egmrequestlogs_TrackingID'. The SQL statement executed was: INSERT INTO egmrequestlogs(TrackingID, ReportedAmount, Status, 
                    TransactionType, SiteID, TerminalID, ServiceID, LoyaltyCardNumber, MID) 
                    VALUES(:tracking_id, :amount, :status, :trans_type, :site_id,
                    :terminal_id, :service_id, :card_number, :mid).
in C:\Apache2.2\htdocs\kronus-egm-ws\protected\models\GamingRequestLogs.php (53)
in C:\Apache2.2\htdocs\kronus-egm-ws\protected\controllers\WsKapiController.php (2331)
in C:\Apache2.2\htdocs\kronus-egm-ws\index.php (13)
2014/03/13 18:50:29 [error] [application] CDbCommand failed to execute the SQL statement: SQLSTATE[23000]: Integrity constraint violation: 1062 Duplicate entry 'TRACKINGMAR13D6' for key 'UK_egmrequestlogs_TrackingID'. The SQL statement executed was: INSERT INTO egmrequestlogs(TrackingID, ReportedAmount, Status, 
                    TransactionType, SiteID, TerminalID, ServiceID, LoyaltyCardNumber, MID) 
                    VALUES(:tracking_id, :amount, :status, :trans_type, :site_id,
                    :terminal_id, :service_id, :card_number, :mid)
in C:\Apache2.2\htdocs\kronus-egm-ws\protected\components\Utilities.php (12)
in C:\Apache2.2\htdocs\kronus-egm-ws\protected\models\GamingRequestLogs.php (70)
in C:\Apache2.2\htdocs\kronus-egm-ws\protected\controllers\WsKapiController.php (2331)
2014/03/13 18:50:29 [error] [application] Tracking ID must be unique.
in C:\Apache2.2\htdocs\kronus-egm-ws\protected\components\Utilities.php (12)
in C:\Apache2.2\htdocs\kronus-egm-ws\protected\controllers\WsKapiController.php (2604)
in C:\Apache2.2\htdocs\kronus-egm-ws\index.php (13)
