2014/04/21 13:40:44 [error] [exception.CHttpException.404] exception 'CHttpException' with message 'The system is unable to find the requested action "redeemsesson".' in C:\Apache2.2\htdocs\yii\framework\web\CController.php:483
Stack trace:
#0 C:\Apache2.2\htdocs\yii\framework\web\CController.php(270): CController->missingAction('redeemsesson')
#1 C:\Apache2.2\htdocs\yii\framework\web\CWebApplication.php(282): CController->run('redeemsesson')
#2 C:\Apache2.2\htdocs\yii\framework\web\CWebApplication.php(141): CWebApplication->runController('wsKapiInvoker/r...')
#3 C:\Apache2.2\htdocs\yii\framework\base\CApplication.php(169): CWebApplication->processRequest()
#4 C:\Apache2.2\htdocs\kronus-egm-ws-abbott\index.php(13): CApplication->run()
#5 {main}
REQUEST_URI=/kronus-egm-ws-abbott/index.php/wsKapiInvoker/redeemsesson
---
2014/04/21 13:42:22 [error] [php] date() expects parameter 2 to be long, string given (C:\Apache2.2\htdocs\kronus-egm-ws-abbott\protected\controllers\CommonController.php:421)
Stack trace:
#0 C:\Apache2.2\htdocs\yii\framework\web\actions\CInlineAction.php(49): WsKapiController->actionStartSession()
#1 C:\Apache2.2\htdocs\yii\framework\web\CController.php(308): CInlineAction->runWithParams()
#2 C:\Apache2.2\htdocs\yii\framework\web\CController.php(286): WsKapiController->runAction()
#3 C:\Apache2.2\htdocs\yii\framework\web\CController.php(265): WsKapiController->runActionWithFilters()
#4 C:\Apache2.2\htdocs\yii\framework\web\CWebApplication.php(282): WsKapiController->run()
#5 C:\Apache2.2\htdocs\yii\framework\web\CWebApplication.php(141): CWebApplication->runController()
#6 C:\Apache2.2\htdocs\yii\framework\base\CApplication.php(169): CWebApplication->processRequest()
#7 C:\Apache2.2\htdocs\kronus-egm-ws-abbott\index.php(13): CWebApplication->run()
REQUEST_URI=/kronus-egm-ws-abbott/index.php/wsKapi/startsession
in C:\Apache2.2\htdocs\kronus-egm-ws-abbott\protected\controllers\CommonController.php (421)
in C:\Apache2.2\htdocs\kronus-egm-ws-abbott\protected\controllers\WsKapiController.php (1930)
in C:\Apache2.2\htdocs\kronus-egm-ws-abbott\index.php (13)
2014/04/21 13:42:40 [error] [system.db.CDbCommand] CDbCommand::execute() failed: SQLSTATE[23000]: Integrity constraint violation: 1062 Duplicate entry 'TRACKINGAPRAFG' for key 'UK_egmrequestlogs_TrackingID'. The SQL statement executed was: INSERT INTO egmrequestlogs(TrackingID, ReportedAmount, Status, 
                    TransactionType, SiteID, TerminalID, ServiceID, LoyaltyCardNumber, MID, DateLastUpdated) 
                    VALUES(:tracking_id, :amount, :status, :trans_type, :site_id,
                    :terminal_id, :service_id, :card_number, :mid, NOW(6)).
in C:\Apache2.2\htdocs\kronus-egm-ws-abbott\protected\models\GamingRequestLogs.php (53)
in C:\Apache2.2\htdocs\kronus-egm-ws-abbott\protected\controllers\WsKapiController.php (1587)
in C:\Apache2.2\htdocs\kronus-egm-ws-abbott\index.php (13)
2014/04/21 13:42:40 [error] [application] CDbCommand failed to execute the SQL statement: SQLSTATE[23000]: Integrity constraint violation: 1062 Duplicate entry 'TRACKINGAPRAFG' for key 'UK_egmrequestlogs_TrackingID'. The SQL statement executed was: INSERT INTO egmrequestlogs(TrackingID, ReportedAmount, Status, 
                    TransactionType, SiteID, TerminalID, ServiceID, LoyaltyCardNumber, MID, DateLastUpdated) 
                    VALUES(:tracking_id, :amount, :status, :trans_type, :site_id,
                    :terminal_id, :service_id, :card_number, :mid, NOW(6))
in C:\Apache2.2\htdocs\kronus-egm-ws-abbott\protected\components\Utilities.php (12)
in C:\Apache2.2\htdocs\kronus-egm-ws-abbott\protected\models\GamingRequestLogs.php (70)
in C:\Apache2.2\htdocs\kronus-egm-ws-abbott\protected\controllers\WsKapiController.php (1587)
2014/04/21 13:45:09 [error] [system.db.CDbCommand] CDbCommand::execute() failed: SQLSTATE[23000]: Integrity constraint violation: 1062 Duplicate entry 'TRACKINGEWFGW1H' for key 'UK_egmrequestlogs_TrackingID'. The SQL statement executed was: INSERT INTO egmrequestlogs(TrackingID, ReportedAmount, Status, 
                    TransactionType, SiteID, TerminalID, ServiceID, LoyaltyCardNumber, MID, DateLastUpdated) 
                    VALUES(:tracking_id, :amount, :status, :trans_type, :site_id,
                    :terminal_id, :service_id, :card_number, :mid, NOW(6)).
in C:\Apache2.2\htdocs\kronus-egm-ws-abbott\protected\models\GamingRequestLogs.php (53)
in C:\Apache2.2\htdocs\kronus-egm-ws-abbott\protected\controllers\WsKapiController.php (2086)
in C:\Apache2.2\htdocs\kronus-egm-ws-abbott\index.php (13)
2014/04/21 13:45:09 [error] [application] CDbCommand failed to execute the SQL statement: SQLSTATE[23000]: Integrity constraint violation: 1062 Duplicate entry 'TRACKINGEWFGW1H' for key 'UK_egmrequestlogs_TrackingID'. The SQL statement executed was: INSERT INTO egmrequestlogs(TrackingID, ReportedAmount, Status, 
                    TransactionType, SiteID, TerminalID, ServiceID, LoyaltyCardNumber, MID, DateLastUpdated) 
                    VALUES(:tracking_id, :amount, :status, :trans_type, :site_id,
                    :terminal_id, :service_id, :card_number, :mid, NOW(6))
in C:\Apache2.2\htdocs\kronus-egm-ws-abbott\protected\components\Utilities.php (12)
in C:\Apache2.2\htdocs\kronus-egm-ws-abbott\protected\models\GamingRequestLogs.php (70)
in C:\Apache2.2\htdocs\kronus-egm-ws-abbott\protected\controllers\WsKapiController.php (2086)
2014/04/21 16:37:25 [error] [system.db.CDbCommand] CDbCommand::execute() failed: SQLSTATE[23000]: Integrity constraint violation: 1062 Duplicate entry 'TRACKING1TWEGA' for key 'UK_egmrequestlogs_TrackingID'. The SQL statement executed was: INSERT INTO egmrequestlogs(TrackingID, ReportedAmount, Status, 
                    TransactionType, SiteID, TerminalID, ServiceID, LoyaltyCardNumber, MID, DateLastUpdated) 
                    VALUES(:tracking_id, :amount, :status, :trans_type, :site_id,
                    :terminal_id, :service_id, :card_number, :mid, NOW(6)).
in C:\Apache2.2\htdocs\kronus-egm-ws-abbott\protected\models\GamingRequestLogs.php (53)
in C:\Apache2.2\htdocs\kronus-egm-ws-abbott\protected\controllers\WsKapiController.php (2327)
in C:\Apache2.2\htdocs\kronus-egm-ws-abbott\index.php (13)
2014/04/21 16:37:25 [error] [application] CDbCommand failed to execute the SQL statement: SQLSTATE[23000]: Integrity constraint violation: 1062 Duplicate entry 'TRACKING1TWEGA' for key 'UK_egmrequestlogs_TrackingID'. The SQL statement executed was: INSERT INTO egmrequestlogs(TrackingID, ReportedAmount, Status, 
                    TransactionType, SiteID, TerminalID, ServiceID, LoyaltyCardNumber, MID, DateLastUpdated) 
                    VALUES(:tracking_id, :amount, :status, :trans_type, :site_id,
                    :terminal_id, :service_id, :card_number, :mid, NOW(6))
in C:\Apache2.2\htdocs\kronus-egm-ws-abbott\protected\components\Utilities.php (12)
in C:\Apache2.2\htdocs\kronus-egm-ws-abbott\protected\models\GamingRequestLogs.php (70)
in C:\Apache2.2\htdocs\kronus-egm-ws-abbott\protected\controllers\WsKapiController.php (2327)
2014/04/21 16:37:57 [error] [system.db.CDbCommand] CDbCommand::execute() failed: SQLSTATE[23000]: Integrity constraint violation: 1062 Duplicate entry 'TRACKING1TWASF' for key 'UK_egmrequestlogs_TrackingID'. The SQL statement executed was: INSERT INTO egmrequestlogs(TrackingID, ReportedAmount, Status, 
                    TransactionType, SiteID, TerminalID, ServiceID, LoyaltyCardNumber, MID, DateLastUpdated) 
                    VALUES(:tracking_id, :amount, :status, :trans_type, :site_id,
                    :terminal_id, :service_id, :card_number, :mid, NOW(6)).
in C:\Apache2.2\htdocs\kronus-egm-ws-abbott\protected\models\GamingRequestLogs.php (53)
in C:\Apache2.2\htdocs\kronus-egm-ws-abbott\protected\controllers\WsKapiController.php (2327)
in C:\Apache2.2\htdocs\kronus-egm-ws-abbott\index.php (13)
2014/04/21 16:37:57 [error] [application] CDbCommand failed to execute the SQL statement: SQLSTATE[23000]: Integrity constraint violation: 1062 Duplicate entry 'TRACKING1TWASF' for key 'UK_egmrequestlogs_TrackingID'. The SQL statement executed was: INSERT INTO egmrequestlogs(TrackingID, ReportedAmount, Status, 
                    TransactionType, SiteID, TerminalID, ServiceID, LoyaltyCardNumber, MID, DateLastUpdated) 
                    VALUES(:tracking_id, :amount, :status, :trans_type, :site_id,
                    :terminal_id, :service_id, :card_number, :mid, NOW(6))
in C:\Apache2.2\htdocs\kronus-egm-ws-abbott\protected\components\Utilities.php (12)
in C:\Apache2.2\htdocs\kronus-egm-ws-abbott\protected\models\GamingRequestLogs.php (70)
in C:\Apache2.2\htdocs\kronus-egm-ws-abbott\protected\controllers\WsKapiController.php (2327)
2014/04/21 16:38:02 [error] [system.db.CDbCommand] CDbCommand::execute() failed: SQLSTATE[45000]: <<Unknown error>>: 1644 Transaction Failed: Terminal has existing session.. The SQL statement executed was: INSERT INTO transactionrequestlogs (TransactionReferenceID, StackerSummaryID, 
                                         Amount, StartDate, TransactionType, TerminalID, Status, 
                                         SiteID, ServiceID, LoyaltyCardNumber, MID, UserMode, PaymentType, 
                                         PaymentTrackingID, Option1, ServiceTransactionID)
                                         VALUES (:trans_ref_id, :stackerbatchid, :amount, NOW(6), :trans_type, 
                                         :terminal_id, '0', :site_id, :service_id, :loyalty_card, 
                                         :mid, :user_mode, :paymentType ,:trackingID, :voucher_code, 
                                         :service_trans_id).
in C:\Apache2.2\htdocs\kronus-egm-ws-abbott\protected\models\TransactionRequestLogsModel.php (103)
in C:\Apache2.2\htdocs\kronus-egm-ws-abbott\protected\components\UserBasedTrans.php (478)
in C:\Apache2.2\htdocs\kronus-egm-ws-abbott\protected\controllers\WsKapiController.php (2517)
2014/04/21 16:38:02 [error] [application] CDbCommand failed to execute the SQL statement: SQLSTATE[45000]: <<Unknown error>>: 1644 Transaction Failed: Terminal has existing session.. The SQL statement executed was: INSERT INTO transactionrequestlogs (TransactionReferenceID, StackerSummaryID, 
                                         Amount, StartDate, TransactionType, TerminalID, Status, 
                                         SiteID, ServiceID, LoyaltyCardNumber, MID, UserMode, PaymentType, 
                                         PaymentTrackingID, Option1, ServiceTransactionID)
                                         VALUES (:trans_ref_id, :stackerbatchid, :amount, NOW(6), :trans_type, 
                                         :terminal_id, '0', :site_id, :service_id, :loyalty_card, 
                                         :mid, :user_mode, :paymentType ,:trackingID, :voucher_code, 
                                         :service_trans_id)
in C:\Apache2.2\htdocs\kronus-egm-ws-abbott\protected\components\Utilities.php (12)
in C:\Apache2.2\htdocs\kronus-egm-ws-abbott\protected\models\TransactionRequestLogsModel.php (114)
in C:\Apache2.2\htdocs\kronus-egm-ws-abbott\protected\components\UserBasedTrans.php (478)
2014/04/21 16:45:24 [error] [system.db.CDbCommand] CDbCommand::execute() failed: SQLSTATE[45000]: <<Unknown error>>: 1644 Transaction Failed: Terminal has existing session.. The SQL statement executed was: INSERT INTO transactionrequestlogs (TransactionReferenceID, StackerSummaryID, 
                                         Amount, StartDate, TransactionType, TerminalID, Status, 
                                         SiteID, ServiceID, LoyaltyCardNumber, MID, UserMode, PaymentType, 
                                         PaymentTrackingID, Option1, ServiceTransactionID)
                                         VALUES (:trans_ref_id, :stackerbatchid, :amount, NOW(6), :trans_type, 
                                         :terminal_id, '0', :site_id, :service_id, :loyalty_card, 
                                         :mid, :user_mode, :paymentType ,:trackingID, :voucher_code, 
                                         :service_trans_id).
in C:\Apache2.2\htdocs\kronus-egm-ws-abbott\protected\models\TransactionRequestLogsModel.php (103)
in C:\Apache2.2\htdocs\kronus-egm-ws-abbott\protected\components\UserBasedTrans.php (478)
in C:\Apache2.2\htdocs\kronus-egm-ws-abbott\protected\controllers\WsKapiController.php (2517)
2014/04/21 16:45:24 [error] [application] CDbCommand failed to execute the SQL statement: SQLSTATE[45000]: <<Unknown error>>: 1644 Transaction Failed: Terminal has existing session.. The SQL statement executed was: INSERT INTO transactionrequestlogs (TransactionReferenceID, StackerSummaryID, 
                                         Amount, StartDate, TransactionType, TerminalID, Status, 
                                         SiteID, ServiceID, LoyaltyCardNumber, MID, UserMode, PaymentType, 
                                         PaymentTrackingID, Option1, ServiceTransactionID)
                                         VALUES (:trans_ref_id, :stackerbatchid, :amount, NOW(6), :trans_type, 
                                         :terminal_id, '0', :site_id, :service_id, :loyalty_card, 
                                         :mid, :user_mode, :paymentType ,:trackingID, :voucher_code, 
                                         :service_trans_id)
in C:\Apache2.2\htdocs\kronus-egm-ws-abbott\protected\components\Utilities.php (12)
in C:\Apache2.2\htdocs\kronus-egm-ws-abbott\protected\models\TransactionRequestLogsModel.php (114)
in C:\Apache2.2\htdocs\kronus-egm-ws-abbott\protected\components\UserBasedTrans.php (478)
2014/04/21 16:47:56 [error] [system.db.CDbCommand] CDbCommand::execute() failed: SQLSTATE[45000]: <<Unknown error>>: 1644 Transaction Failed: Terminal has existing session.. The SQL statement executed was: INSERT INTO transactionrequestlogs (TransactionReferenceID, StackerSummaryID, 
                                         Amount, StartDate, TransactionType, TerminalID, Status, 
                                         SiteID, ServiceID, LoyaltyCardNumber, MID, UserMode, PaymentType, 
                                         PaymentTrackingID, Option1, ServiceTransactionID)
                                         VALUES (:trans_ref_id, :stackerbatchid, :amount, NOW(6), :trans_type, 
                                         :terminal_id, '0', :site_id, :service_id, :loyalty_card, 
                                         :mid, :user_mode, :paymentType ,:trackingID, :voucher_code, 
                                         :service_trans_id).
in C:\Apache2.2\htdocs\kronus-egm-ws-abbott\protected\models\TransactionRequestLogsModel.php (103)
in C:\Apache2.2\htdocs\kronus-egm-ws-abbott\protected\components\UserBasedTrans.php (478)
in C:\Apache2.2\htdocs\kronus-egm-ws-abbott\protected\controllers\WsKapiController.php (2517)
2014/04/21 16:47:56 [error] [application] CDbCommand failed to execute the SQL statement: SQLSTATE[45000]: <<Unknown error>>: 1644 Transaction Failed: Terminal has existing session.. The SQL statement executed was: INSERT INTO transactionrequestlogs (TransactionReferenceID, StackerSummaryID, 
                                         Amount, StartDate, TransactionType, TerminalID, Status, 
                                         SiteID, ServiceID, LoyaltyCardNumber, MID, UserMode, PaymentType, 
                                         PaymentTrackingID, Option1, ServiceTransactionID)
                                         VALUES (:trans_ref_id, :stackerbatchid, :amount, NOW(6), :trans_type, 
                                         :terminal_id, '0', :site_id, :service_id, :loyalty_card, 
                                         :mid, :user_mode, :paymentType ,:trackingID, :voucher_code, 
                                         :service_trans_id)
in C:\Apache2.2\htdocs\kronus-egm-ws-abbott\protected\components\Utilities.php (12)
in C:\Apache2.2\htdocs\kronus-egm-ws-abbott\protected\models\TransactionRequestLogsModel.php (114)
in C:\Apache2.2\htdocs\kronus-egm-ws-abbott\protected\components\UserBasedTrans.php (478)
