2014/05/05 10:26:18 [error] [system.db.CDbCommand] CDbCommand::execute() failed: SQLSTATE[23000]: Integrity constraint violation: 1062 Duplicate entry 'TRACKINGMAY5' for key 'UK_egmrequestlogs_TrackingID'. The SQL statement executed was: INSERT INTO egmrequestlogs(TrackingID, ReportedAmount, Status, 
                    TransactionType, SiteID, TerminalID, ServiceID, LoyaltyCardNumber, MID, DateLastUpdated) 
                    VALUES(:tracking_id, :amount, :status, :trans_type, :site_id,
                    :terminal_id, :service_id, :card_number, :mid, NOW(6)).
in C:\Apache2.2\htdocs\kronus-egm-ws-abbott\protected\models\GamingRequestLogs.php (53)
in C:\Apache2.2\htdocs\kronus-egm-ws-abbott\protected\controllers\WsKapiController.php (1587)
in C:\Apache2.2\htdocs\kronus-egm-ws-abbott\index.php (13)
2014/05/05 10:26:18 [error] [application] CDbCommand failed to execute the SQL statement: SQLSTATE[23000]: Integrity constraint violation: 1062 Duplicate entry 'TRACKINGMAY5' for key 'UK_egmrequestlogs_TrackingID'. The SQL statement executed was: INSERT INTO egmrequestlogs(TrackingID, ReportedAmount, Status, 
                    TransactionType, SiteID, TerminalID, ServiceID, LoyaltyCardNumber, MID, DateLastUpdated) 
                    VALUES(:tracking_id, :amount, :status, :trans_type, :site_id,
                    :terminal_id, :service_id, :card_number, :mid, NOW(6))
in C:\Apache2.2\htdocs\kronus-egm-ws-abbott\protected\components\Utilities.php (12)
in C:\Apache2.2\htdocs\kronus-egm-ws-abbott\protected\models\GamingRequestLogs.php (70)
in C:\Apache2.2\htdocs\kronus-egm-ws-abbott\protected\controllers\WsKapiController.php (1587)
2014/05/05 10:31:05 [error] [system.db.CDbCommand] CDbCommand::execute() failed: SQLSTATE[23000]: Integrity constraint violation: 1062 Duplicate entry 'TRACKINGMAY5JEE' for key 'UK_egmrequestlogs_TrackingID'. The SQL statement executed was: INSERT INTO egmrequestlogs(TrackingID, ReportedAmount, Status, 
                    TransactionType, SiteID, TerminalID, ServiceID, LoyaltyCardNumber, MID, DateLastUpdated) 
                    VALUES(:tracking_id, :amount, :status, :trans_type, :site_id,
                    :terminal_id, :service_id, :card_number, :mid, NOW(6)).
in C:\Apache2.2\htdocs\kronus-egm-ws-abbott\protected\models\GamingRequestLogs.php (53)
in C:\Apache2.2\htdocs\kronus-egm-ws-abbott\protected\controllers\WsKapiController.php (1587)
in C:\Apache2.2\htdocs\kronus-egm-ws-abbott\index.php (13)
2014/05/05 10:31:05 [error] [application] CDbCommand failed to execute the SQL statement: SQLSTATE[23000]: Integrity constraint violation: 1062 Duplicate entry 'TRACKINGMAY5JEE' for key 'UK_egmrequestlogs_TrackingID'. The SQL statement executed was: INSERT INTO egmrequestlogs(TrackingID, ReportedAmount, Status, 
                    TransactionType, SiteID, TerminalID, ServiceID, LoyaltyCardNumber, MID, DateLastUpdated) 
                    VALUES(:tracking_id, :amount, :status, :trans_type, :site_id,
                    :terminal_id, :service_id, :card_number, :mid, NOW(6))
in C:\Apache2.2\htdocs\kronus-egm-ws-abbott\protected\components\Utilities.php (12)
in C:\Apache2.2\htdocs\kronus-egm-ws-abbott\protected\models\GamingRequestLogs.php (70)
in C:\Apache2.2\htdocs\kronus-egm-ws-abbott\protected\controllers\WsKapiController.php (1587)
2014/05/05 10:31:36 [error] [exception.PDOException] exception 'PDOException' with message 'There is already an active transaction' in C:\Apache2.2\htdocs\yii\framework\db\CDbConnection.php:495
Stack trace:
#0 C:\Apache2.2\htdocs\yii\framework\db\CDbConnection.php(495): PDO->beginTransaction()
#1 C:\Apache2.2\htdocs\kronus-egm-ws-abbott\protected\models\StackerSummaryModel.php(31): CDbConnection->beginTransaction()
#2 C:\Apache2.2\htdocs\kronus-egm-ws-abbott\protected\controllers\WsKapiController.php(2544): StackerSummaryModel->updateStackerSummaryStatus('971', 4, '364')
#3 C:\Apache2.2\htdocs\yii\framework\web\actions\CInlineAction.php(49): WsKapiController->actionReloadSession()
#4 C:\Apache2.2\htdocs\yii\framework\web\CController.php(308): CInlineAction->runWithParams(Array)
#5 C:\Apache2.2\htdocs\yii\framework\web\CController.php(286): CController->runAction(Object(CInlineAction))
#6 C:\Apache2.2\htdocs\yii\framework\web\CController.php(265): CController->runActionWithFilters(Object(CInlineAction), Array)
#7 C:\Apache2.2\htdocs\yii\framework\web\CWebApplication.php(282): CController->run('reloadsession')
#8 C:\Apache2.2\htdocs\yii\framework\web\CWebApplication.php(141): CWebApplication->runController('wsKapi/reloadse...')
#9 C:\Apache2.2\htdocs\yii\framework\base\CApplication.php(169): CWebApplication->processRequest()
#10 C:\Apache2.2\htdocs\kronus-egm-ws-abbott\index.php(13): CApplication->run()
#11 {main}
REQUEST_URI=/kronus-egm-ws-abbott/index.php/wsKapi/reloadsession
---
2014/05/05 10:38:00 [error] [system.db.CDbCommand] CDbCommand::execute() failed: SQLSTATE[23000]: Integrity constraint violation: 1062 Duplicate entry 'TRACKMAY5GGE3' for key 'UK_egmrequestlogs_TrackingID'. The SQL statement executed was: INSERT INTO egmrequestlogs(TrackingID, ReportedAmount, Status, 
                    TransactionType, SiteID, TerminalID, ServiceID, LoyaltyCardNumber, MID, DateLastUpdated) 
                    VALUES(:tracking_id, :amount, :status, :trans_type, :site_id,
                    :terminal_id, :service_id, :card_number, :mid, NOW(6)).
in C:\Apache2.2\htdocs\kronus-egm-ws-abbott\protected\models\GamingRequestLogs.php (53)
in C:\Apache2.2\htdocs\kronus-egm-ws-abbott\protected\controllers\WsKapiController.php (2336)
in C:\Apache2.2\htdocs\kronus-egm-ws-abbott\index.php (13)
2014/05/05 10:38:00 [error] [application] CDbCommand failed to execute the SQL statement: SQLSTATE[23000]: Integrity constraint violation: 1062 Duplicate entry 'TRACKMAY5GGE3' for key 'UK_egmrequestlogs_TrackingID'. The SQL statement executed was: INSERT INTO egmrequestlogs(TrackingID, ReportedAmount, Status, 
                    TransactionType, SiteID, TerminalID, ServiceID, LoyaltyCardNumber, MID, DateLastUpdated) 
                    VALUES(:tracking_id, :amount, :status, :trans_type, :site_id,
                    :terminal_id, :service_id, :card_number, :mid, NOW(6))
in C:\Apache2.2\htdocs\kronus-egm-ws-abbott\protected\components\Utilities.php (12)
in C:\Apache2.2\htdocs\kronus-egm-ws-abbott\protected\models\GamingRequestLogs.php (70)
in C:\Apache2.2\htdocs\kronus-egm-ws-abbott\protected\controllers\WsKapiController.php (2336)
2014/05/05 15:24:30 [error] [php] Undefined index: PID (C:\Apache2.2\htdocs\kronus-egm-ws-abbott\protected\components\CasinoCAPIHandlerUB.php:442)
Stack trace:
#0 C:\Apache2.2\htdocs\yii\framework\web\actions\CInlineAction.php(49): WsKapiController->actionRedeemSession()
#1 C:\Apache2.2\htdocs\yii\framework\web\CController.php(308): CInlineAction->runWithParams()
#2 C:\Apache2.2\htdocs\yii\framework\web\CController.php(286): WsKapiController->runAction()
#3 C:\Apache2.2\htdocs\yii\framework\web\CController.php(265): WsKapiController->runActionWithFilters()
#4 C:\Apache2.2\htdocs\yii\framework\web\CWebApplication.php(282): WsKapiController->run()
#5 C:\Apache2.2\htdocs\yii\framework\web\CWebApplication.php(141): CWebApplication->runController()
#6 C:\Apache2.2\htdocs\yii\framework\base\CApplication.php(169): CWebApplication->processRequest()
#7 C:\Apache2.2\htdocs\kronus-egm-ws-abbott\index.php(13): CWebApplication->run()
REQUEST_URI=/kronus-egm-ws-abbott/index.php/wsKapi/redeemsession
in C:\Apache2.2\htdocs\kronus-egm-ws-abbott\protected\components\CasinoCAPIHandlerUB.php (442)
in C:\Apache2.2\htdocs\kronus-egm-ws-abbott\protected\components\UserBasedTrans.php (778)
in C:\Apache2.2\htdocs\kronus-egm-ws-abbott\protected\controllers\WsKapiController.php (2123)
2014/05/05 15:27:12 [error] [system.db.CDbCommand] CDbCommand::execute() failed: SQLSTATE[23000]: Integrity constraint violation: 1062 Duplicate entry 'TRACKMAY325235' for key 'UK_egmrequestlogs_TrackingID'. The SQL statement executed was: INSERT INTO egmrequestlogs(TrackingID, ReportedAmount, Status, 
                    TransactionType, SiteID, TerminalID, ServiceID, LoyaltyCardNumber, MID, DateLastUpdated) 
                    VALUES(:tracking_id, :amount, :status, :trans_type, :site_id,
                    :terminal_id, :service_id, :card_number, :mid, NOW(6)).
in C:\Apache2.2\htdocs\kronus-egm-ws-abbott\protected\models\GamingRequestLogs.php (53)
in C:\Apache2.2\htdocs\kronus-egm-ws-abbott\protected\controllers\WsKapiController.php (2095)
in C:\Apache2.2\htdocs\kronus-egm-ws-abbott\index.php (13)
2014/05/05 15:27:12 [error] [application] CDbCommand failed to execute the SQL statement: SQLSTATE[23000]: Integrity constraint violation: 1062 Duplicate entry 'TRACKMAY325235' for key 'UK_egmrequestlogs_TrackingID'. The SQL statement executed was: INSERT INTO egmrequestlogs(TrackingID, ReportedAmount, Status, 
                    TransactionType, SiteID, TerminalID, ServiceID, LoyaltyCardNumber, MID, DateLastUpdated) 
                    VALUES(:tracking_id, :amount, :status, :trans_type, :site_id,
                    :terminal_id, :service_id, :card_number, :mid, NOW(6))
in C:\Apache2.2\htdocs\kronus-egm-ws-abbott\protected\components\Utilities.php (12)
in C:\Apache2.2\htdocs\kronus-egm-ws-abbott\protected\models\GamingRequestLogs.php (70)
in C:\Apache2.2\htdocs\kronus-egm-ws-abbott\protected\controllers\WsKapiController.php (2095)
2014/05/05 15:37:25 [error] [system.db.CDbCommand] CDbCommand::execute() failed: SQLSTATE[23000]: Integrity constraint violation: 1062 Duplicate entry 'TRACKMAY325236' for key 'UK_egmrequestlogs_TrackingID'. The SQL statement executed was: INSERT INTO egmrequestlogs(TrackingID, ReportedAmount, Status, 
                    TransactionType, SiteID, TerminalID, ServiceID, LoyaltyCardNumber, MID, DateLastUpdated) 
                    VALUES(:tracking_id, :amount, :status, :trans_type, :site_id,
                    :terminal_id, :service_id, :card_number, :mid, NOW(6)).
in C:\Apache2.2\htdocs\kronus-egm-ws-abbott\protected\models\GamingRequestLogs.php (53)
in C:\Apache2.2\htdocs\kronus-egm-ws-abbott\protected\controllers\WsKapiController.php (2095)
in C:\Apache2.2\htdocs\kronus-egm-ws-abbott\index.php (13)
2014/05/05 15:37:25 [error] [application] CDbCommand failed to execute the SQL statement: SQLSTATE[23000]: Integrity constraint violation: 1062 Duplicate entry 'TRACKMAY325236' for key 'UK_egmrequestlogs_TrackingID'. The SQL statement executed was: INSERT INTO egmrequestlogs(TrackingID, ReportedAmount, Status, 
                    TransactionType, SiteID, TerminalID, ServiceID, LoyaltyCardNumber, MID, DateLastUpdated) 
                    VALUES(:tracking_id, :amount, :status, :trans_type, :site_id,
                    :terminal_id, :service_id, :card_number, :mid, NOW(6))
in C:\Apache2.2\htdocs\kronus-egm-ws-abbott\protected\components\Utilities.php (12)
in C:\Apache2.2\htdocs\kronus-egm-ws-abbott\protected\models\GamingRequestLogs.php (70)
in C:\Apache2.2\htdocs\kronus-egm-ws-abbott\protected\controllers\WsKapiController.php (2095)
2014/05/05 15:38:22 [error] [system.db.CDbCommand] CDbCommand::execute() failed: SQLSTATE[23000]: Integrity constraint violation: 1062 Duplicate entry 'TRACKMAY325237' for key 'UK_egmrequestlogs_TrackingID'. The SQL statement executed was: INSERT INTO egmrequestlogs(TrackingID, ReportedAmount, Status, 
                    TransactionType, SiteID, TerminalID, ServiceID, LoyaltyCardNumber, MID, DateLastUpdated) 
                    VALUES(:tracking_id, :amount, :status, :trans_type, :site_id,
                    :terminal_id, :service_id, :card_number, :mid, NOW(6)).
in C:\Apache2.2\htdocs\kronus-egm-ws-abbott\protected\models\GamingRequestLogs.php (53)
in C:\Apache2.2\htdocs\kronus-egm-ws-abbott\protected\controllers\WsKapiController.php (2095)
in C:\Apache2.2\htdocs\kronus-egm-ws-abbott\index.php (13)
2014/05/05 15:38:22 [error] [application] CDbCommand failed to execute the SQL statement: SQLSTATE[23000]: Integrity constraint violation: 1062 Duplicate entry 'TRACKMAY325237' for key 'UK_egmrequestlogs_TrackingID'. The SQL statement executed was: INSERT INTO egmrequestlogs(TrackingID, ReportedAmount, Status, 
                    TransactionType, SiteID, TerminalID, ServiceID, LoyaltyCardNumber, MID, DateLastUpdated) 
                    VALUES(:tracking_id, :amount, :status, :trans_type, :site_id,
                    :terminal_id, :service_id, :card_number, :mid, NOW(6))
in C:\Apache2.2\htdocs\kronus-egm-ws-abbott\protected\components\Utilities.php (12)
in C:\Apache2.2\htdocs\kronus-egm-ws-abbott\protected\models\GamingRequestLogs.php (70)
in C:\Apache2.2\htdocs\kronus-egm-ws-abbott\protected\controllers\WsKapiController.php (2095)
2014/05/05 15:38:28 [error] [php] Undefined index: PID (C:\Apache2.2\htdocs\kronus-egm-ws-abbott\protected\components\CasinoCAPIHandlerUB.php:442)
Stack trace:
#0 C:\Apache2.2\htdocs\yii\framework\web\actions\CInlineAction.php(49): WsKapiController->actionRedeemSession()
#1 C:\Apache2.2\htdocs\yii\framework\web\CController.php(308): CInlineAction->runWithParams()
#2 C:\Apache2.2\htdocs\yii\framework\web\CController.php(286): WsKapiController->runAction()
#3 C:\Apache2.2\htdocs\yii\framework\web\CController.php(265): WsKapiController->runActionWithFilters()
#4 C:\Apache2.2\htdocs\yii\framework\web\CWebApplication.php(282): WsKapiController->run()
#5 C:\Apache2.2\htdocs\yii\framework\web\CWebApplication.php(141): CWebApplication->runController()
#6 C:\Apache2.2\htdocs\yii\framework\base\CApplication.php(169): CWebApplication->processRequest()
#7 C:\Apache2.2\htdocs\kronus-egm-ws-abbott\index.php(13): CWebApplication->run()
REQUEST_URI=/kronus-egm-ws-abbott/index.php/wsKapi/redeemsession
in C:\Apache2.2\htdocs\kronus-egm-ws-abbott\protected\components\CasinoCAPIHandlerUB.php (442)
in C:\Apache2.2\htdocs\kronus-egm-ws-abbott\protected\components\UserBasedTrans.php (778)
in C:\Apache2.2\htdocs\kronus-egm-ws-abbott\protected\controllers\WsKapiController.php (2123)
2014/05/05 15:39:23 [error] [system.db.CDbCommand] CDbCommand::execute() failed: SQLSTATE[23000]: Integrity constraint violation: 1062 Duplicate entry 'TRACKMAY325238' for key 'UK_egmrequestlogs_TrackingID'. The SQL statement executed was: INSERT INTO egmrequestlogs(TrackingID, ReportedAmount, Status, 
                    TransactionType, SiteID, TerminalID, ServiceID, LoyaltyCardNumber, MID, DateLastUpdated) 
                    VALUES(:tracking_id, :amount, :status, :trans_type, :site_id,
                    :terminal_id, :service_id, :card_number, :mid, NOW(6)).
in C:\Apache2.2\htdocs\kronus-egm-ws-abbott\protected\models\GamingRequestLogs.php (53)
in C:\Apache2.2\htdocs\kronus-egm-ws-abbott\protected\controllers\WsKapiController.php (2095)
in C:\Apache2.2\htdocs\kronus-egm-ws-abbott\index.php (13)
2014/05/05 15:39:23 [error] [application] CDbCommand failed to execute the SQL statement: SQLSTATE[23000]: Integrity constraint violation: 1062 Duplicate entry 'TRACKMAY325238' for key 'UK_egmrequestlogs_TrackingID'. The SQL statement executed was: INSERT INTO egmrequestlogs(TrackingID, ReportedAmount, Status, 
                    TransactionType, SiteID, TerminalID, ServiceID, LoyaltyCardNumber, MID, DateLastUpdated) 
                    VALUES(:tracking_id, :amount, :status, :trans_type, :site_id,
                    :terminal_id, :service_id, :card_number, :mid, NOW(6))
in C:\Apache2.2\htdocs\kronus-egm-ws-abbott\protected\components\Utilities.php (12)
in C:\Apache2.2\htdocs\kronus-egm-ws-abbott\protected\models\GamingRequestLogs.php (70)
in C:\Apache2.2\htdocs\kronus-egm-ws-abbott\protected\controllers\WsKapiController.php (2095)
2014/05/05 15:39:55 [error] [system.db.CDbCommand] CDbCommand::execute() failed: SQLSTATE[23000]: Integrity constraint violation: 1062 Duplicate entry 'TRACKMAY325238' for key 'UK_egmrequestlogs_TrackingID'. The SQL statement executed was: INSERT INTO egmrequestlogs(TrackingID, ReportedAmount, Status, 
                    TransactionType, SiteID, TerminalID, ServiceID, LoyaltyCardNumber, MID, DateLastUpdated) 
                    VALUES(:tracking_id, :amount, :status, :trans_type, :site_id,
                    :terminal_id, :service_id, :card_number, :mid, NOW(6)).
in C:\Apache2.2\htdocs\kronus-egm-ws-abbott\protected\models\GamingRequestLogs.php (53)
in C:\Apache2.2\htdocs\kronus-egm-ws-abbott\protected\controllers\WsKapiController.php (2095)
in C:\Apache2.2\htdocs\kronus-egm-ws-abbott\index.php (13)
2014/05/05 15:39:55 [error] [application] CDbCommand failed to execute the SQL statement: SQLSTATE[23000]: Integrity constraint violation: 1062 Duplicate entry 'TRACKMAY325238' for key 'UK_egmrequestlogs_TrackingID'. The SQL statement executed was: INSERT INTO egmrequestlogs(TrackingID, ReportedAmount, Status, 
                    TransactionType, SiteID, TerminalID, ServiceID, LoyaltyCardNumber, MID, DateLastUpdated) 
                    VALUES(:tracking_id, :amount, :status, :trans_type, :site_id,
                    :terminal_id, :service_id, :card_number, :mid, NOW(6))
in C:\Apache2.2\htdocs\kronus-egm-ws-abbott\protected\components\Utilities.php (12)
in C:\Apache2.2\htdocs\kronus-egm-ws-abbott\protected\models\GamingRequestLogs.php (70)
in C:\Apache2.2\htdocs\kronus-egm-ws-abbott\protected\controllers\WsKapiController.php (2095)
2014/05/05 15:40:00 [error] [php] Undefined index: PID (C:\Apache2.2\htdocs\kronus-egm-ws-abbott\protected\components\CasinoCAPIHandlerUB.php:442)
Stack trace:
#0 C:\Apache2.2\htdocs\yii\framework\web\actions\CInlineAction.php(49): WsKapiController->actionRedeemSession()
#1 C:\Apache2.2\htdocs\yii\framework\web\CController.php(308): CInlineAction->runWithParams()
#2 C:\Apache2.2\htdocs\yii\framework\web\CController.php(286): WsKapiController->runAction()
#3 C:\Apache2.2\htdocs\yii\framework\web\CController.php(265): WsKapiController->runActionWithFilters()
#4 C:\Apache2.2\htdocs\yii\framework\web\CWebApplication.php(282): WsKapiController->run()
#5 C:\Apache2.2\htdocs\yii\framework\web\CWebApplication.php(141): CWebApplication->runController()
#6 C:\Apache2.2\htdocs\yii\framework\base\CApplication.php(169): CWebApplication->processRequest()
#7 C:\Apache2.2\htdocs\kronus-egm-ws-abbott\index.php(13): CWebApplication->run()
REQUEST_URI=/kronus-egm-ws-abbott/index.php/wsKapi/redeemsession
in C:\Apache2.2\htdocs\kronus-egm-ws-abbott\protected\components\CasinoCAPIHandlerUB.php (442)
in C:\Apache2.2\htdocs\kronus-egm-ws-abbott\protected\components\UserBasedTrans.php (778)
in C:\Apache2.2\htdocs\kronus-egm-ws-abbott\protected\controllers\WsKapiController.php (2123)
2014/05/05 15:41:03 [error] [system.db.CDbCommand] CDbCommand::execute() failed: SQLSTATE[23000]: Integrity constraint violation: 1062 Duplicate entry 'TRACKMAY32529' for key 'UK_egmrequestlogs_TrackingID'. The SQL statement executed was: INSERT INTO egmrequestlogs(TrackingID, ReportedAmount, Status, 
                    TransactionType, SiteID, TerminalID, ServiceID, LoyaltyCardNumber, MID, DateLastUpdated) 
                    VALUES(:tracking_id, :amount, :status, :trans_type, :site_id,
                    :terminal_id, :service_id, :card_number, :mid, NOW(6)).
in C:\Apache2.2\htdocs\kronus-egm-ws-abbott\protected\models\GamingRequestLogs.php (53)
in C:\Apache2.2\htdocs\kronus-egm-ws-abbott\protected\controllers\WsKapiController.php (2095)
in C:\Apache2.2\htdocs\kronus-egm-ws-abbott\index.php (13)
2014/05/05 15:41:03 [error] [application] CDbCommand failed to execute the SQL statement: SQLSTATE[23000]: Integrity constraint violation: 1062 Duplicate entry 'TRACKMAY32529' for key 'UK_egmrequestlogs_TrackingID'. The SQL statement executed was: INSERT INTO egmrequestlogs(TrackingID, ReportedAmount, Status, 
                    TransactionType, SiteID, TerminalID, ServiceID, LoyaltyCardNumber, MID, DateLastUpdated) 
                    VALUES(:tracking_id, :amount, :status, :trans_type, :site_id,
                    :terminal_id, :service_id, :card_number, :mid, NOW(6))
in C:\Apache2.2\htdocs\kronus-egm-ws-abbott\protected\components\Utilities.php (12)
in C:\Apache2.2\htdocs\kronus-egm-ws-abbott\protected\models\GamingRequestLogs.php (70)
in C:\Apache2.2\htdocs\kronus-egm-ws-abbott\protected\controllers\WsKapiController.php (2095)
2014/05/05 16:11:10 [error] [php] Undefined index: PID (C:\Apache2.2\htdocs\kronus-egm-ws-abbott\protected\components\CasinoCAPIHandlerUB.php:442)
Stack trace:
#0 C:\Apache2.2\htdocs\yii\framework\web\actions\CInlineAction.php(49): WsKapiController->actionRedeemSession()
#1 C:\Apache2.2\htdocs\yii\framework\web\CController.php(308): CInlineAction->runWithParams()
#2 C:\Apache2.2\htdocs\yii\framework\web\CController.php(286): WsKapiController->runAction()
#3 C:\Apache2.2\htdocs\yii\framework\web\CController.php(265): WsKapiController->runActionWithFilters()
#4 C:\Apache2.2\htdocs\yii\framework\web\CWebApplication.php(282): WsKapiController->run()
#5 C:\Apache2.2\htdocs\yii\framework\web\CWebApplication.php(141): CWebApplication->runController()
#6 C:\Apache2.2\htdocs\yii\framework\base\CApplication.php(169): CWebApplication->processRequest()
#7 C:\Apache2.2\htdocs\kronus-egm-ws-abbott\index.php(13): CWebApplication->run()
REQUEST_URI=/kronus-egm-ws-abbott/index.php/wsKapi/redeemsession
in C:\Apache2.2\htdocs\kronus-egm-ws-abbott\protected\components\CasinoCAPIHandlerUB.php (442)
in C:\Apache2.2\htdocs\kronus-egm-ws-abbott\protected\components\UserBasedTrans.php (778)
in C:\Apache2.2\htdocs\kronus-egm-ws-abbott\protected\controllers\WsKapiController.php (2123)
2014/05/05 16:28:38 [error] [system.db.CDbCommand] CDbCommand::execute() failed: SQLSTATE[23000]: Integrity constraint violation: 1062 Duplicate entry 'TRACKMAY5GFS2' for key 'UK_egmrequestlogs_TrackingID'. The SQL statement executed was: INSERT INTO egmrequestlogs(TrackingID, ReportedAmount, Status, 
                    TransactionType, SiteID, TerminalID, ServiceID, LoyaltyCardNumber, MID, DateLastUpdated) 
                    VALUES(:tracking_id, :amount, :status, :trans_type, :site_id,
                    :terminal_id, :service_id, :card_number, :mid, NOW(6)).
in C:\Apache2.2\htdocs\kronus-egm-ws-abbott\protected\models\GamingRequestLogs.php (53)
in C:\Apache2.2\htdocs\kronus-egm-ws-abbott\protected\controllers\WsKapiController.php (2095)
in C:\Apache2.2\htdocs\kronus-egm-ws-abbott\index.php (13)
2014/05/05 16:28:38 [error] [application] CDbCommand failed to execute the SQL statement: SQLSTATE[23000]: Integrity constraint violation: 1062 Duplicate entry 'TRACKMAY5GFS2' for key 'UK_egmrequestlogs_TrackingID'. The SQL statement executed was: INSERT INTO egmrequestlogs(TrackingID, ReportedAmount, Status, 
                    TransactionType, SiteID, TerminalID, ServiceID, LoyaltyCardNumber, MID, DateLastUpdated) 
                    VALUES(:tracking_id, :amount, :status, :trans_type, :site_id,
                    :terminal_id, :service_id, :card_number, :mid, NOW(6))
in C:\Apache2.2\htdocs\kronus-egm-ws-abbott\protected\components\Utilities.php (12)
in C:\Apache2.2\htdocs\kronus-egm-ws-abbott\protected\models\GamingRequestLogs.php (70)
in C:\Apache2.2\htdocs\kronus-egm-ws-abbott\protected\controllers\WsKapiController.php (2095)
2014/05/05 16:29:00 [error] [system.db.CDbCommand] CDbCommand::execute() failed: SQLSTATE[23000]: Integrity constraint violation: 1062 Duplicate entry 'TRACKMAY5GFS1' for key 'UK_egmrequestlogs_TrackingID'. The SQL statement executed was: INSERT INTO egmrequestlogs(TrackingID, ReportedAmount, Status, 
                    TransactionType, SiteID, TerminalID, ServiceID, LoyaltyCardNumber, MID, DateLastUpdated) 
                    VALUES(:tracking_id, :amount, :status, :trans_type, :site_id,
                    :terminal_id, :service_id, :card_number, :mid, NOW(6)).
in C:\Apache2.2\htdocs\kronus-egm-ws-abbott\protected\models\GamingRequestLogs.php (53)
in C:\Apache2.2\htdocs\kronus-egm-ws-abbott\protected\controllers\WsKapiController.php (2095)
in C:\Apache2.2\htdocs\kronus-egm-ws-abbott\index.php (13)
2014/05/05 16:29:00 [error] [application] CDbCommand failed to execute the SQL statement: SQLSTATE[23000]: Integrity constraint violation: 1062 Duplicate entry 'TRACKMAY5GFS1' for key 'UK_egmrequestlogs_TrackingID'. The SQL statement executed was: INSERT INTO egmrequestlogs(TrackingID, ReportedAmount, Status, 
                    TransactionType, SiteID, TerminalID, ServiceID, LoyaltyCardNumber, MID, DateLastUpdated) 
                    VALUES(:tracking_id, :amount, :status, :trans_type, :site_id,
                    :terminal_id, :service_id, :card_number, :mid, NOW(6))
in C:\Apache2.2\htdocs\kronus-egm-ws-abbott\protected\components\Utilities.php (12)
in C:\Apache2.2\htdocs\kronus-egm-ws-abbott\protected\models\GamingRequestLogs.php (70)
in C:\Apache2.2\htdocs\kronus-egm-ws-abbott\protected\controllers\WsKapiController.php (2095)
2014/05/05 18:08:51 [error] [system.db.CDbCommand] CDbCommand::execute() failed: SQLSTATE[45000]: <<Unknown error>>: 1644 Transaction Failed: Terminal has existing session.. The SQL statement executed was: INSERT INTO transactionrequestlogs (TransactionReferenceID, StackerSummaryID, 
                                         Amount, StartDate, TransactionType, TerminalID, Status, 
                                         SiteID, ServiceID, LoyaltyCardNumber, MID, UserMode, PaymentType, 
                                         PaymentTrackingID, Option1, ServiceTransactionID)
                                         VALUES (:trans_ref_id, :stackerbatchid, :amount, NOW(6), :trans_type, 
                                         :terminal_id, '0', :site_id, :service_id, :loyalty_card, 
                                         :mid, :user_mode, :paymentType ,:trackingID, :voucher_code, 
                                         :service_trans_id).
in C:\Apache2.2\htdocs\kronus-egm-ws-abbott\protected\models\TransactionRequestLogsModel.php (103)
in C:\Apache2.2\htdocs\kronus-egm-ws-abbott\protected\components\UserBasedTrans.php (833)
in C:\Apache2.2\htdocs\kronus-egm-ws-abbott\protected\controllers\WsKapiController.php (2123)
2014/05/05 18:08:51 [error] [application] CDbCommand failed to execute the SQL statement: SQLSTATE[45000]: <<Unknown error>>: 1644 Transaction Failed: Terminal has existing session.. The SQL statement executed was: INSERT INTO transactionrequestlogs (TransactionReferenceID, StackerSummaryID, 
                                         Amount, StartDate, TransactionType, TerminalID, Status, 
                                         SiteID, ServiceID, LoyaltyCardNumber, MID, UserMode, PaymentType, 
                                         PaymentTrackingID, Option1, ServiceTransactionID)
                                         VALUES (:trans_ref_id, :stackerbatchid, :amount, NOW(6), :trans_type, 
                                         :terminal_id, '0', :site_id, :service_id, :loyalty_card, 
                                         :mid, :user_mode, :paymentType ,:trackingID, :voucher_code, 
                                         :service_trans_id)
in C:\Apache2.2\htdocs\kronus-egm-ws-abbott\protected\components\Utilities.php (12)
in C:\Apache2.2\htdocs\kronus-egm-ws-abbott\protected\models\TransactionRequestLogsModel.php (114)
in C:\Apache2.2\htdocs\kronus-egm-ws-abbott\protected\components\UserBasedTrans.php (833)
2014/05/05 18:11:24 [error] [system.db.CDbCommand] CDbCommand::execute() failed: SQLSTATE[45000]: <<Unknown error>>: 1644 Transaction Failed: Terminal has existing session.. The SQL statement executed was: INSERT INTO transactionrequestlogs (TransactionReferenceID, StackerSummaryID, 
                                         Amount, StartDate, TransactionType, TerminalID, Status, 
                                         SiteID, ServiceID, LoyaltyCardNumber, MID, UserMode, PaymentType, 
                                         PaymentTrackingID, Option1, ServiceTransactionID)
                                         VALUES (:trans_ref_id, :stackerbatchid, :amount, NOW(6), :trans_type, 
                                         :terminal_id, '0', :site_id, :service_id, :loyalty_card, 
                                         :mid, :user_mode, :paymentType ,:trackingID, :voucher_code, 
                                         :service_trans_id).
in C:\Apache2.2\htdocs\kronus-egm-ws-abbott\protected\models\TransactionRequestLogsModel.php (103)
in C:\Apache2.2\htdocs\kronus-egm-ws-abbott\protected\components\UserBasedTrans.php (833)
in C:\Apache2.2\htdocs\kronus-egm-ws-abbott\protected\controllers\WsKapiController.php (2123)
2014/05/05 18:11:24 [error] [application] CDbCommand failed to execute the SQL statement: SQLSTATE[45000]: <<Unknown error>>: 1644 Transaction Failed: Terminal has existing session.. The SQL statement executed was: INSERT INTO transactionrequestlogs (TransactionReferenceID, StackerSummaryID, 
                                         Amount, StartDate, TransactionType, TerminalID, Status, 
                                         SiteID, ServiceID, LoyaltyCardNumber, MID, UserMode, PaymentType, 
                                         PaymentTrackingID, Option1, ServiceTransactionID)
                                         VALUES (:trans_ref_id, :stackerbatchid, :amount, NOW(6), :trans_type, 
                                         :terminal_id, '0', :site_id, :service_id, :loyalty_card, 
                                         :mid, :user_mode, :paymentType ,:trackingID, :voucher_code, 
                                         :service_trans_id)
in C:\Apache2.2\htdocs\kronus-egm-ws-abbott\protected\components\Utilities.php (12)
in C:\Apache2.2\htdocs\kronus-egm-ws-abbott\protected\models\TransactionRequestLogsModel.php (114)
in C:\Apache2.2\htdocs\kronus-egm-ws-abbott\protected\components\UserBasedTrans.php (833)
