2014/08/06 09:27:10 [error] [application] ReturnMessage: One or more fields is not set or is blank. ErrorCode: 1
in C:\xampp\htdocs\membership.rewards\AMPAPI\protected\components\Utilities.php (11)
in C:\xampp\htdocs\membership.rewards\AMPAPI\protected\controllers\AmpapiController.php (1006)
in C:\xampp\htdocs\membership.rewards\AMPAPI\protected\controllers\AmpapiController.php (1091)
2014/08/06 09:29:42 [error] [application] ReturnMessage: One or more fields is not set or is blank. ErrorCode: 1
in C:\xampp\htdocs\membership.rewards\AMPAPI\protected\components\Utilities.php (11)
in C:\xampp\htdocs\membership.rewards\AMPAPI\protected\controllers\AmpapiController.php (1006)
in C:\xampp\htdocs\membership.rewards\AMPAPI\protected\controllers\AmpapiController.php (1091)
2014/08/06 09:36:39 [error] [application] ReturnMessage: One or more fields is not set or is blank. ErrorCode: 1
in C:\xampp\htdocs\membership.rewards\AMPAPI\protected\components\Utilities.php (11)
in C:\xampp\htdocs\membership.rewards\AMPAPI\protected\controllers\AmpapiController.php (1006)
in C:\xampp\htdocs\membership.rewards\AMPAPI\protected\controllers\AmpapiController.php (1074)
2014/08/06 10:09:09 [error] [application] ReturnMessage: One or more fields is not set or is blank. ErrorCode: 1
in C:\xampp\htdocs\membership.rewards\AMPAPI\protected\components\Utilities.php (11)
in C:\xampp\htdocs\membership.rewards\AMPAPI\protected\controllers\AmpapiController.php (1006)
in C:\xampp\htdocs\membership.rewards\AMPAPI\protected\controllers\AmpapiController.php (1091)
2014/08/06 10:09:17 [error] [application] ReturnMessage: One or more fields is not set or is blank. ErrorCode: 1
in C:\xampp\htdocs\membership.rewards\AMPAPI\protected\components\Utilities.php (11)
in C:\xampp\htdocs\membership.rewards\AMPAPI\protected\controllers\AmpapiController.php (1006)
in C:\xampp\htdocs\membership.rewards\AMPAPI\protected\controllers\AmpapiController.php (1091)
2014/08/06 10:09:24 [error] [application] ReturnMessage: t1ral0t2io6t08nh3uq7mqv131 ErrorCode: 0
in C:\xampp\htdocs\membership.rewards\AMPAPI\protected\components\Utilities.php (11)
in C:\xampp\htdocs\membership.rewards\AMPAPI\protected\controllers\AmpapiController.php (993)
in C:\xampp\htdocs\membership.rewards\AMPAPI\protected\controllers\AmpapiController.php (206)
2014/08/06 10:12:36 [error] [application] ReturnMessage: itkm738q68k82cfk4oluhl2v86 ErrorCode: 0
in C:\xampp\htdocs\membership.rewards\AMPAPI\protected\components\Utilities.php (11)
in C:\xampp\htdocs\membership.rewards\AMPAPI\protected\controllers\AmpapiController.php (993)
in C:\xampp\htdocs\membership.rewards\AMPAPI\protected\controllers\AmpapiController.php (206)
2014/08/06 10:30:28 [error] [application] ReturnMessage: No Error, Transaction successful. ErrorCode: 0
in C:\xampp\htdocs\membership.rewards\AMPAPI\protected\components\Utilities.php (11)
in C:\xampp\htdocs\membership.rewards\AMPAPI\protected\controllers\AmpapiController.php (1007)
in C:\xampp\htdocs\membership.rewards\AMPAPI\protected\controllers\AmpapiController.php (1092)
2014/08/06 10:30:49 [error] [application] ReturnMessage: One or more fields is not set or is blank. ErrorCode: 0.2
in C:\xampp\htdocs\membership.rewards\AMPAPI\protected\components\Utilities.php (11)
in C:\xampp\htdocs\membership.rewards\AMPAPI\protected\controllers\AmpapiController.php (1007)
in C:\xampp\htdocs\membership.rewards\AMPAPI\protected\controllers\AmpapiController.php (1092)
2014/08/06 10:36:16 [error] [application] ReturnMessage: One or more fields is not set or is blank. ErrorCode: 0.2
in C:\xampp\htdocs\membership.rewards\AMPAPI\protected\components\Utilities.php (11)
in C:\xampp\htdocs\membership.rewards\AMPAPI\protected\controllers\AmpapiController.php (1007)
in C:\xampp\htdocs\membership.rewards\AMPAPI\protected\controllers\AmpapiController.php (1092)
2014/08/06 10:36:32 [error] [application] ReturnMessage: Invalid Session ID. ErrorCode: 61
in C:\xampp\htdocs\membership.rewards\AMPAPI\protected\components\Utilities.php (11)
in C:\xampp\htdocs\membership.rewards\AMPAPI\protected\controllers\AmpapiController.php (1007)
in C:\xampp\htdocs\membership.rewards\AMPAPI\protected\controllers\AmpapiController.php (1281)
2014/08/06 10:36:36 [error] [application] ReturnMessage: cnjgh7lhladicd5575l0pcfs87 ErrorCode: 0
in C:\xampp\htdocs\membership.rewards\AMPAPI\protected\components\Utilities.php (11)
in C:\xampp\htdocs\membership.rewards\AMPAPI\protected\controllers\AmpapiController.php (994)
in C:\xampp\htdocs\membership.rewards\AMPAPI\protected\controllers\AmpapiController.php (207)
2014/08/06 10:36:39 [error] [application] ReturnMessage: Valid ErrorCode: 0.1
in C:\xampp\htdocs\membership.rewards\AMPAPI\protected\components\Utilities.php (11)
in C:\xampp\htdocs\membership.rewards\AMPAPI\protected\controllers\AmpapiController.php (1017)
in C:\xampp\htdocs\membership.rewards\AMPAPI\protected\controllers\AmpapiController.php (256)
2014/08/06 10:36:55 [error] [application] ReturnMessage: Valid ErrorCode: 0.1
in C:\xampp\htdocs\membership.rewards\AMPAPI\protected\components\Utilities.php (11)
in C:\xampp\htdocs\membership.rewards\AMPAPI\protected\controllers\AmpapiController.php (1017)
in C:\xampp\htdocs\membership.rewards\AMPAPI\protected\controllers\AmpapiController.php (256)
2014/08/06 10:42:14 [error] [application] ReturnMessage: One or more fields is not set or is blank. ErrorCode: 0.2
in C:\xampp\htdocs\membership.rewards\AMPAPI\protected\components\Utilities.php (11)
in C:\xampp\htdocs\membership.rewards\AMPAPI\protected\controllers\AmpapiController.php (1007)
in C:\xampp\htdocs\membership.rewards\AMPAPI\protected\controllers\AmpapiController.php (1092)
2014/08/06 10:43:05 [error] [application] ReturnMessage: One or more fields is not set or is blank. ErrorCode: 0.2
in C:\xampp\htdocs\membership.rewards\AMPAPI\protected\components\Utilities.php (11)
in C:\xampp\htdocs\membership.rewards\AMPAPI\protected\controllers\AmpapiController.php (1007)
in C:\xampp\htdocs\membership.rewards\AMPAPI\protected\controllers\AmpapiController.php (1092)
2014/08/06 10:44:56 [error] [application] ReturnMessage: One or more fields is not set or is blank. ErrorCode: 0.2
in C:\xampp\htdocs\membership.rewards\AMPAPI\protected\components\Utilities.php (11)
in C:\xampp\htdocs\membership.rewards\AMPAPI\protected\controllers\AmpapiController.php (1007)
in C:\xampp\htdocs\membership.rewards\AMPAPI\protected\controllers\AmpapiController.php (1092)
2014/08/06 10:45:05 [error] [application] ReturnMessage: Valid ErrorCode: 0.1
in C:\xampp\htdocs\membership.rewards\AMPAPI\protected\components\Utilities.php (11)
in C:\xampp\htdocs\membership.rewards\AMPAPI\protected\controllers\AmpapiController.php (1017)
in C:\xampp\htdocs\membership.rewards\AMPAPI\protected\controllers\AmpapiController.php (256)
2014/08/06 10:45:30 [error] [application] ReturnMessage: One or more fields is not set or is blank. ErrorCode: 0.2
in C:\xampp\htdocs\membership.rewards\AMPAPI\protected\components\Utilities.php (11)
in C:\xampp\htdocs\membership.rewards\AMPAPI\protected\controllers\AmpapiController.php (1007)
in C:\xampp\htdocs\membership.rewards\AMPAPI\protected\controllers\AmpapiController.php (1092)
2014/08/06 10:45:38 [error] [application] ReturnMessage: Valid ErrorCode: 0.1
in C:\xampp\htdocs\membership.rewards\AMPAPI\protected\components\Utilities.php (11)
in C:\xampp\htdocs\membership.rewards\AMPAPI\protected\controllers\AmpapiController.php (1017)
in C:\xampp\htdocs\membership.rewards\AMPAPI\protected\controllers\AmpapiController.php (256)
2014/08/06 10:45:39 [error] [application] ReturnMessage: One or more fields is not set or is blank. ErrorCode: 0.2
in C:\xampp\htdocs\membership.rewards\AMPAPI\protected\components\Utilities.php (11)
in C:\xampp\htdocs\membership.rewards\AMPAPI\protected\controllers\AmpapiController.php (1007)
in C:\xampp\htdocs\membership.rewards\AMPAPI\protected\controllers\AmpapiController.php (1092)
2014/08/06 10:47:08 [error] [application] ReturnMessage: One or more fields is not set or is blank. ErrorCode: 0.2
in C:\xampp\htdocs\membership.rewards\AMPAPI\protected\components\Utilities.php (11)
in C:\xampp\htdocs\membership.rewards\AMPAPI\protected\controllers\AmpapiController.php (1007)
in C:\xampp\htdocs\membership.rewards\AMPAPI\protected\controllers\AmpapiController.php (1092)
2014/08/06 10:48:32 [error] [application] ReturnMessage: One or more fields is not set or is blank. ErrorCode: 0.2
in C:\xampp\htdocs\membership.rewards\AMPAPI\protected\components\Utilities.php (11)
in C:\xampp\htdocs\membership.rewards\AMPAPI\protected\controllers\AmpapiController.php (1007)
in C:\xampp\htdocs\membership.rewards\AMPAPI\protected\controllers\AmpapiController.php (1092)
2014/08/06 10:50:58 [error] [application] ReturnMessage: One or more fields is not set or is blank. ErrorCode: 0.2
in C:\xampp\htdocs\membership.rewards\AMPAPI\protected\components\Utilities.php (11)
in C:\xampp\htdocs\membership.rewards\AMPAPI\protected\controllers\AmpapiController.php (1007)
in C:\xampp\htdocs\membership.rewards\AMPAPI\protected\controllers\AmpapiController.php (1092)
2014/08/06 10:55:53 [error] [application] ReturnMessage: One or more fields is not set or is blank. ErrorCode: 0.2
in C:\xampp\htdocs\membership.rewards\AMPAPI\protected\components\Utilities.php (11)
in C:\xampp\htdocs\membership.rewards\AMPAPI\protected\controllers\AmpapiController.php (1007)
in C:\xampp\htdocs\membership.rewards\AMPAPI\protected\controllers\AmpapiController.php (1092)
2014/08/06 10:57:38 [error] [application] ReturnMessage: One or more fields is not set or is blank. ErrorCode: 0.2
in C:\xampp\htdocs\membership.rewards\AMPAPI\protected\components\Utilities.php (11)
in C:\xampp\htdocs\membership.rewards\AMPAPI\protected\controllers\AmpapiController.php (1007)
in C:\xampp\htdocs\membership.rewards\AMPAPI\protected\controllers\AmpapiController.php (1092)
2014/08/06 10:58:03 [error] [application] ReturnMessage: One or more fields is not set or is blank. ErrorCode: 0.2
in C:\xampp\htdocs\membership.rewards\AMPAPI\protected\components\Utilities.php (11)
in C:\xampp\htdocs\membership.rewards\AMPAPI\protected\controllers\AmpapiController.php (1007)
in C:\xampp\htdocs\membership.rewards\AMPAPI\protected\controllers\AmpapiController.php (1092)
2014/08/06 11:01:56 [error] [application] ReturnMessage: One or more fields is not set or is blank. ErrorCode: 0.2
in C:\xampp\htdocs\membership.rewards\AMPAPI\protected\components\Utilities.php (11)
in C:\xampp\htdocs\membership.rewards\AMPAPI\protected\controllers\AmpapiController.php (1007)
in C:\xampp\htdocs\membership.rewards\AMPAPI\protected\controllers\AmpapiController.php (1092)
2014/08/06 11:02:05 [error] [application] ReturnMessage: One or more fields is not set or is blank. ErrorCode: 0.2
in C:\xampp\htdocs\membership.rewards\AMPAPI\protected\components\Utilities.php (11)
in C:\xampp\htdocs\membership.rewards\AMPAPI\protected\controllers\AmpapiController.php (1007)
in C:\xampp\htdocs\membership.rewards\AMPAPI\protected\controllers\AmpapiController.php (1092)
2014/08/06 11:02:15 [error] [application] ReturnMessage: One or more fields is not set or is blank. ErrorCode: 0.2
in C:\xampp\htdocs\membership.rewards\AMPAPI\protected\components\Utilities.php (11)
in C:\xampp\htdocs\membership.rewards\AMPAPI\protected\controllers\AmpapiController.php (1007)
in C:\xampp\htdocs\membership.rewards\AMPAPI\protected\controllers\AmpapiController.php (1092)
2014/08/06 11:05:07 [error] [application] ReturnMessage: One or more fields is not set or is blank. ErrorCode: 0.2
in C:\xampp\htdocs\membership.rewards\AMPAPI\protected\components\Utilities.php (11)
in C:\xampp\htdocs\membership.rewards\AMPAPI\protected\controllers\AmpapiController.php (1007)
in C:\xampp\htdocs\membership.rewards\AMPAPI\protected\controllers\AmpapiController.php (1092)
2014/08/06 11:05:14 [error] [application] ReturnMessage: Invalid Session ID. ErrorCode: 61
in C:\xampp\htdocs\membership.rewards\AMPAPI\protected\components\Utilities.php (11)
in C:\xampp\htdocs\membership.rewards\AMPAPI\protected\controllers\AmpapiController.php (1007)
in C:\xampp\htdocs\membership.rewards\AMPAPI\protected\controllers\AmpapiController.php (1281)
2014/08/06 13:53:13 [error] [application] ReturnMessage: rhhbcb79t6qo0g30rpj1o7se76 ErrorCode: 0
in C:\xampp\htdocs\membership.rewards\AMPAPI\protected\components\Utilities.php (11)
in C:\xampp\htdocs\membership.rewards\AMPAPI\protected\controllers\AmpapiController.php (994)
in C:\xampp\htdocs\membership.rewards\AMPAPI\protected\controllers\AmpapiController.php (207)
2014/08/06 13:53:30 [error] [application] ReturnMessage: Valid ErrorCode: 0.1
in C:\xampp\htdocs\membership.rewards\AMPAPI\protected\components\Utilities.php (11)
in C:\xampp\htdocs\membership.rewards\AMPAPI\protected\controllers\AmpapiController.php (1017)
in C:\xampp\htdocs\membership.rewards\AMPAPI\protected\controllers\AmpapiController.php (256)
2014/08/06 13:53:39 [error] [application] ReturnMessage: Valid ErrorCode: 0.1
in C:\xampp\htdocs\membership.rewards\AMPAPI\protected\components\Utilities.php (11)
in C:\xampp\htdocs\membership.rewards\AMPAPI\protected\controllers\AmpapiController.php (1017)
in C:\xampp\htdocs\membership.rewards\AMPAPI\protected\controllers\AmpapiController.php (256)
2014/08/06 13:58:50 [error] [application] ReturnMessage: Invalid input. ErrorCode: 2
in C:\xampp\htdocs\membership.rewards\AMPAPI\protected\components\Utilities.php (11)
in C:\xampp\htdocs\membership.rewards\AMPAPI\protected\controllers\AmpapiController.php (1007)
in C:\xampp\htdocs\membership.rewards\AMPAPI\protected\controllers\AmpapiController.php (1274)
2014/08/06 14:02:51 [error] [application] ReturnMessage: Invalid input. ErrorCode: 2
in C:\xampp\htdocs\membership.rewards\AMPAPI\protected\components\Utilities.php (11)
in C:\xampp\htdocs\membership.rewards\AMPAPI\protected\controllers\AmpapiController.php (1007)
in C:\xampp\htdocs\membership.rewards\AMPAPI\protected\controllers\AmpapiController.php (1274)
2014/08/06 14:03:11 [error] [application] ReturnMessage: Invalid input. ErrorCode: 2
in C:\xampp\htdocs\membership.rewards\AMPAPI\protected\components\Utilities.php (11)
in C:\xampp\htdocs\membership.rewards\AMPAPI\protected\controllers\AmpapiController.php (1007)
in C:\xampp\htdocs\membership.rewards\AMPAPI\protected\controllers\AmpapiController.php (1274)
2014/08/06 14:05:25 [error] [application] ReturnMessage: Invalid Session ID. ErrorCode: 61
in C:\xampp\htdocs\membership.rewards\AMPAPI\protected\components\Utilities.php (11)
in C:\xampp\htdocs\membership.rewards\AMPAPI\protected\controllers\AmpapiController.php (1007)
in C:\xampp\htdocs\membership.rewards\AMPAPI\protected\controllers\AmpapiController.php (1282)
2014/08/06 14:05:57 [error] [application] ReturnMessage: Session has expired. Please login again ErrorCode: 2.1
in C:\xampp\htdocs\membership.rewards\AMPAPI\protected\components\Utilities.php (11)
in C:\xampp\htdocs\membership.rewards\AMPAPI\protected\controllers\AmpapiController.php (1007)
in C:\xampp\htdocs\membership.rewards\AMPAPI\protected\controllers\AmpapiController.php (1275)
2014/08/06 14:06:31 [error] [application] ReturnMessage: Session has expired. Please login again ErrorCode: 2.1
in C:\xampp\htdocs\membership.rewards\AMPAPI\protected\components\Utilities.php (11)
in C:\xampp\htdocs\membership.rewards\AMPAPI\protected\controllers\AmpapiController.php (1007)
in C:\xampp\htdocs\membership.rewards\AMPAPI\protected\controllers\AmpapiController.php (1275)
2014/08/06 14:24:25 [error] [application] ReturnMessage: One or more fields is not set or is blank. ErrorCode: 0.2
in C:\xampp\htdocs\membership.rewards\AMPAPI\protected\components\Utilities.php (11)
in C:\xampp\htdocs\membership.rewards\AMPAPI\protected\controllers\AmpapiController.php (1019)
in C:\xampp\htdocs\membership.rewards\AMPAPI\protected\controllers\AmpapiController.php (1104)
2014/08/06 14:24:46 [error] [application] ReturnMessage: Session has expired. Please login again ErrorCode: 2.1
in C:\xampp\htdocs\membership.rewards\AMPAPI\protected\components\Utilities.php (11)
in C:\xampp\htdocs\membership.rewards\AMPAPI\protected\controllers\AmpapiController.php (1019)
in C:\xampp\htdocs\membership.rewards\AMPAPI\protected\controllers\AmpapiController.php (1287)
2014/08/06 14:25:17 [error] [application] ReturnMessage: kim0979mbjo4k3pk8fa5k46eo0 ErrorCode: 0
in C:\xampp\htdocs\membership.rewards\AMPAPI\protected\components\Utilities.php (11)
in C:\xampp\htdocs\membership.rewards\AMPAPI\protected\controllers\AmpapiController.php (1006)
in C:\xampp\htdocs\membership.rewards\AMPAPI\protected\controllers\AmpapiController.php (208)
2014/08/06 14:25:27 [error] [application] ReturnMessage: Valid ErrorCode: 0.1
in C:\xampp\htdocs\membership.rewards\AMPAPI\protected\components\Utilities.php (11)
in C:\xampp\htdocs\membership.rewards\AMPAPI\protected\controllers\AmpapiController.php (1029)
in C:\xampp\htdocs\membership.rewards\AMPAPI\protected\controllers\AmpapiController.php (257)
2014/08/06 14:25:36 [error] [application] ReturnMessage: Invalid Session ID. ErrorCode: 61
in C:\xampp\htdocs\membership.rewards\AMPAPI\protected\components\Utilities.php (11)
in C:\xampp\htdocs\membership.rewards\AMPAPI\protected\controllers\AmpapiController.php (1019)
in C:\xampp\htdocs\membership.rewards\AMPAPI\protected\controllers\AmpapiController.php (1294)
2014/08/06 14:26:43 [error] [application] ReturnMessage: Invalid Session ID. ErrorCode: 61
in C:\xampp\htdocs\membership.rewards\AMPAPI\protected\components\Utilities.php (11)
in C:\xampp\htdocs\membership.rewards\AMPAPI\protected\controllers\AmpapiController.php (1019)
in C:\xampp\htdocs\membership.rewards\AMPAPI\protected\controllers\AmpapiController.php (1294)
2014/08/06 14:27:12 [error] [application] ReturnMessage: Valid ErrorCode: 0.1
in C:\xampp\htdocs\membership.rewards\AMPAPI\protected\components\Utilities.php (11)
in C:\xampp\htdocs\membership.rewards\AMPAPI\protected\controllers\AmpapiController.php (1029)
in C:\xampp\htdocs\membership.rewards\AMPAPI\protected\controllers\AmpapiController.php (257)
2014/08/06 14:27:12 [error] [system.db.CDbCommand] CDbCommand::execute() failed: SQLSTATE[42000]: Syntax error or access violation: 1142 DELETE command denied to user 'accountsapi'@'192.168.29.203' for table 'accountsessions'. The SQL statement executed was: DELETE FROM accountsessions WHERE AID = :AID AND SessionID = :sessionID.
in C:\xampp\htdocs\membership.rewards\AMPAPI\protected\models\LogoutModel.php (27)
in C:\xampp\htdocs\membership.rewards\AMPAPI\protected\controllers\AmpapiController.php (885)
in C:\xampp\htdocs\membership.rewards\AMPAPI\index.php (13)
2014/08/06 14:27:12 [error] [application] CDbCommand failed to execute the SQL statement: SQLSTATE[42000]: Syntax error or access violation: 1142 DELETE command denied to user 'accountsapi'@'192.168.29.203' for table 'accountsessions'. The SQL statement executed was: DELETE FROM accountsessions WHERE AID = :AID AND SessionID = :sessionID
in C:\xampp\htdocs\membership.rewards\AMPAPI\protected\components\Utilities.php (11)
in C:\xampp\htdocs\membership.rewards\AMPAPI\protected\models\LogoutModel.php (40)
in C:\xampp\htdocs\membership.rewards\AMPAPI\protected\controllers\AmpapiController.php (885)
2014/08/06 14:27:12 [error] [application] ReturnMessage: Failed to delete session. ErrorCode: 2.2
in C:\xampp\htdocs\membership.rewards\AMPAPI\protected\components\Utilities.php (11)
in C:\xampp\htdocs\membership.rewards\AMPAPI\protected\controllers\AmpapiController.php (1037)
in C:\xampp\htdocs\membership.rewards\AMPAPI\protected\controllers\AmpapiController.php (890)
2014/08/06 14:32:37 [error] [application] ReturnMessage: Valid ErrorCode: 0.1
in C:\xampp\htdocs\membership.rewards\AMPAPI\protected\components\Utilities.php (11)
in C:\xampp\htdocs\membership.rewards\AMPAPI\protected\controllers\AmpapiController.php (1031)
in C:\xampp\htdocs\membership.rewards\AMPAPI\protected\controllers\AmpapiController.php (257)
2014/08/06 14:32:37 [error] [php] Undefined index: logout (C:\xampp\htdocs\membership.rewards\AMPAPI\protected\controllers\AmpapiController.php:1242)
Stack trace:
#0 C:\xampp\htdocs\yii\framework\web\CController.php(308): CInlineAction->runWithParams()
#1 C:\xampp\htdocs\yii\framework\web\CController.php(286): AmpapiController->runAction()
#2 C:\xampp\htdocs\yii\framework\web\CController.php(265): AmpapiController->runActionWithFilters()
#3 C:\xampp\htdocs\yii\framework\web\CWebApplication.php(282): AmpapiController->run()
#4 C:\xampp\htdocs\yii\framework\web\CWebApplication.php(141): CWebApplication->runController()
#5 C:\xampp\htdocs\yii\framework\base\CApplication.php(169): CWebApplication->processRequest()
#6 C:\xampp\htdocs\membership.rewards\AMPAPI\index.php(13): CWebApplication->run()
REQUEST_URI=/membership.rewards/AMPAPI/index.php/Ampapi/logout
in C:\xampp\htdocs\membership.rewards\AMPAPI\protected\controllers\AmpapiController.php (1242)
in C:\xampp\htdocs\membership.rewards\AMPAPI\protected\controllers\AmpapiController.php (883)
in C:\xampp\htdocs\membership.rewards\AMPAPI\index.php (13)
2014/08/06 14:34:46 [error] [application] ReturnMessage: Valid ErrorCode: 0.1
in C:\xampp\htdocs\membership.rewards\AMPAPI\protected\components\Utilities.php (11)
in C:\xampp\htdocs\membership.rewards\AMPAPI\protected\controllers\AmpapiController.php (1031)
in C:\xampp\htdocs\membership.rewards\AMPAPI\protected\controllers\AmpapiController.php (257)
2014/08/06 14:34:46 [error] [php] Undefined index: logout (C:\xampp\htdocs\membership.rewards\AMPAPI\protected\controllers\AmpapiController.php:1242)
Stack trace:
#0 C:\xampp\htdocs\yii\framework\web\CController.php(308): CInlineAction->runWithParams()
#1 C:\xampp\htdocs\yii\framework\web\CController.php(286): AmpapiController->runAction()
#2 C:\xampp\htdocs\yii\framework\web\CController.php(265): AmpapiController->runActionWithFilters()
#3 C:\xampp\htdocs\yii\framework\web\CWebApplication.php(282): AmpapiController->run()
#4 C:\xampp\htdocs\yii\framework\web\CWebApplication.php(141): CWebApplication->runController()
#5 C:\xampp\htdocs\yii\framework\base\CApplication.php(169): CWebApplication->processRequest()
#6 C:\xampp\htdocs\membership.rewards\AMPAPI\index.php(13): CWebApplication->run()
REQUEST_URI=/membership.rewards/AMPAPI/index.php/Ampapi/logout
in C:\xampp\htdocs\membership.rewards\AMPAPI\protected\controllers\AmpapiController.php (1242)
in C:\xampp\htdocs\membership.rewards\AMPAPI\protected\controllers\AmpapiController.php (883)
in C:\xampp\htdocs\membership.rewards\AMPAPI\index.php (13)
2014/08/06 14:35:31 [error] [application] ReturnMessage: Valid ErrorCode: 0.1
in C:\xampp\htdocs\membership.rewards\AMPAPI\protected\components\Utilities.php (11)
in C:\xampp\htdocs\membership.rewards\AMPAPI\protected\controllers\AmpapiController.php (1031)
in C:\xampp\htdocs\membership.rewards\AMPAPI\protected\controllers\AmpapiController.php (257)
2014/08/06 14:36:32 [error] [application] ReturnMessage: Valid ErrorCode: 0.1
in C:\xampp\htdocs\membership.rewards\AMPAPI\protected\components\Utilities.php (11)
in C:\xampp\htdocs\membership.rewards\AMPAPI\protected\controllers\AmpapiController.php (1031)
in C:\xampp\htdocs\membership.rewards\AMPAPI\protected\controllers\AmpapiController.php (257)
2014/08/06 14:36:32 [error] [system.db.CDbCommand] CDbCommand::execute() failed: SQLSTATE[42000]: Syntax error or access violation: 1142 DELETE command denied to user 'accountsapi'@'192.168.29.203' for table 'accountsessions'. The SQL statement executed was: DELETE FROM accountsessions WHERE AID = :AID AND SessionID = :sessionID.
in C:\xampp\htdocs\membership.rewards\AMPAPI\protected\models\LogoutModel.php (27)
in C:\xampp\htdocs\membership.rewards\AMPAPI\protected\controllers\AmpapiController.php (887)
in C:\xampp\htdocs\membership.rewards\AMPAPI\index.php (13)
2014/08/06 14:36:32 [error] [application] CDbCommand failed to execute the SQL statement: SQLSTATE[42000]: Syntax error or access violation: 1142 DELETE command denied to user 'accountsapi'@'192.168.29.203' for table 'accountsessions'. The SQL statement executed was: DELETE FROM accountsessions WHERE AID = :AID AND SessionID = :sessionID
in C:\xampp\htdocs\membership.rewards\AMPAPI\protected\components\Utilities.php (11)
in C:\xampp\htdocs\membership.rewards\AMPAPI\protected\models\LogoutModel.php (40)
in C:\xampp\htdocs\membership.rewards\AMPAPI\protected\controllers\AmpapiController.php (887)
2014/08/06 14:36:32 [error] [application] ReturnMessage: Failed to delete session. ErrorCode: 2.2
in C:\xampp\htdocs\membership.rewards\AMPAPI\protected\components\Utilities.php (11)
in C:\xampp\htdocs\membership.rewards\AMPAPI\protected\controllers\AmpapiController.php (1039)
in C:\xampp\htdocs\membership.rewards\AMPAPI\protected\controllers\AmpapiController.php (892)
2014/08/06 14:37:34 [error] [application] ReturnMessage: Valid ErrorCode: 0.1
in C:\xampp\htdocs\membership.rewards\AMPAPI\protected\components\Utilities.php (11)
in C:\xampp\htdocs\membership.rewards\AMPAPI\protected\controllers\AmpapiController.php (1031)
in C:\xampp\htdocs\membership.rewards\AMPAPI\protected\controllers\AmpapiController.php (257)
2014/08/06 14:38:38 [error] [application] ReturnMessage: Valid ErrorCode: 0.1
in C:\xampp\htdocs\membership.rewards\AMPAPI\protected\components\Utilities.php (11)
in C:\xampp\htdocs\membership.rewards\AMPAPI\protected\controllers\AmpapiController.php (1031)
in C:\xampp\htdocs\membership.rewards\AMPAPI\protected\controllers\AmpapiController.php (257)
2014/08/06 14:39:36 [error] [application] ReturnMessage: Valid ErrorCode: 0.1
in C:\xampp\htdocs\membership.rewards\AMPAPI\protected\components\Utilities.php (11)
in C:\xampp\htdocs\membership.rewards\AMPAPI\protected\controllers\AmpapiController.php (1031)
in C:\xampp\htdocs\membership.rewards\AMPAPI\protected\controllers\AmpapiController.php (257)
2014/08/06 14:39:37 [error] [system.db.CDbCommand] CDbCommand::execute() failed: SQLSTATE[42000]: Syntax error or access violation: 1142 DELETE command denied to user 'accountsapi'@'192.168.29.203' for table 'accountsessions'. The SQL statement executed was: DELETE FROM accountsessions WHERE AID = :AID AND SessionID = :sessionID.
in C:\xampp\htdocs\membership.rewards\AMPAPI\protected\models\LogoutModel.php (27)
in C:\xampp\htdocs\membership.rewards\AMPAPI\protected\controllers\AmpapiController.php (887)
in C:\xampp\htdocs\membership.rewards\AMPAPI\index.php (13)
2014/08/06 14:39:37 [error] [application] CDbCommand failed to execute the SQL statement: SQLSTATE[42000]: Syntax error or access violation: 1142 DELETE command denied to user 'accountsapi'@'192.168.29.203' for table 'accountsessions'. The SQL statement executed was: DELETE FROM accountsessions WHERE AID = :AID AND SessionID = :sessionID
in C:\xampp\htdocs\membership.rewards\AMPAPI\protected\components\Utilities.php (11)
in C:\xampp\htdocs\membership.rewards\AMPAPI\protected\models\LogoutModel.php (40)
in C:\xampp\htdocs\membership.rewards\AMPAPI\protected\controllers\AmpapiController.php (887)
2014/08/06 14:39:37 [error] [application] ReturnMessage: Failed to delete session. ErrorCode: 2.2
in C:\xampp\htdocs\membership.rewards\AMPAPI\protected\components\Utilities.php (11)
in C:\xampp\htdocs\membership.rewards\AMPAPI\protected\controllers\AmpapiController.php (1039)
in C:\xampp\htdocs\membership.rewards\AMPAPI\protected\controllers\AmpapiController.php (892)
2014/08/06 14:43:18 [error] [application] ReturnMessage: Valid ErrorCode: 0.1
in C:\xampp\htdocs\membership.rewards\AMPAPI\protected\components\Utilities.php (11)
in C:\xampp\htdocs\membership.rewards\AMPAPI\protected\controllers\AmpapiController.php (1031)
in C:\xampp\htdocs\membership.rewards\AMPAPI\protected\controllers\AmpapiController.php (257)
2014/08/06 14:43:47 [error] [application] ReturnMessage: Valid ErrorCode: 0.1
in C:\xampp\htdocs\membership.rewards\AMPAPI\protected\components\Utilities.php (11)
in C:\xampp\htdocs\membership.rewards\AMPAPI\protected\controllers\AmpapiController.php (1033)
in C:\xampp\htdocs\membership.rewards\AMPAPI\protected\controllers\AmpapiController.php (257)
2014/08/06 14:45:37 [error] [application] ReturnMessage: Valid ErrorCode: 0.1
in C:\xampp\htdocs\membership.rewards\AMPAPI\protected\components\Utilities.php (11)
in C:\xampp\htdocs\membership.rewards\AMPAPI\protected\controllers\AmpapiController.php (1033)
in C:\xampp\htdocs\membership.rewards\AMPAPI\protected\controllers\AmpapiController.php (257)
2014/08/06 14:45:57 [error] [application] ReturnMessage: Valid ErrorCode: 0.1
in C:\xampp\htdocs\membership.rewards\AMPAPI\protected\components\Utilities.php (11)
in C:\xampp\htdocs\membership.rewards\AMPAPI\protected\controllers\AmpapiController.php (1033)
in C:\xampp\htdocs\membership.rewards\AMPAPI\protected\controllers\AmpapiController.php (257)
2014/08/06 14:45:57 [error] [system.db.CDbCommand] CDbCommand::execute() failed: SQLSTATE[42000]: Syntax error or access violation: 1142 DELETE command denied to user 'accountsapi'@'192.168.29.203' for table 'accountsessions'. The SQL statement executed was: DELETE FROM accountsessions WHERE AID = :AID AND SessionID = :sessionID.
in C:\xampp\htdocs\membership.rewards\AMPAPI\protected\models\LogoutModel.php (28)
in C:\xampp\htdocs\membership.rewards\AMPAPI\protected\controllers\AmpapiController.php (887)
in C:\xampp\htdocs\membership.rewards\AMPAPI\index.php (13)
2014/08/06 14:45:57 [error] [application] CDbCommand failed to execute the SQL statement: SQLSTATE[42000]: Syntax error or access violation: 1142 DELETE command denied to user 'accountsapi'@'192.168.29.203' for table 'accountsessions'. The SQL statement executed was: DELETE FROM accountsessions WHERE AID = :AID AND SessionID = :sessionID
in C:\xampp\htdocs\membership.rewards\AMPAPI\protected\components\Utilities.php (11)
in C:\xampp\htdocs\membership.rewards\AMPAPI\protected\models\LogoutModel.php (41)
in C:\xampp\htdocs\membership.rewards\AMPAPI\protected\controllers\AmpapiController.php (887)
2014/08/06 14:45:57 [error] [application] ReturnMessage: Failed to delete session. ErrorCode: 2.2
in C:\xampp\htdocs\membership.rewards\AMPAPI\protected\components\Utilities.php (11)
in C:\xampp\htdocs\membership.rewards\AMPAPI\protected\controllers\AmpapiController.php (1023)
in C:\xampp\htdocs\membership.rewards\AMPAPI\protected\controllers\AmpapiController.php (892)
2014/08/06 14:49:10 [error] [application] ReturnMessage: Valid ErrorCode: 0.1
in C:\xampp\htdocs\membership.rewards\AMPAPI\protected\components\Utilities.php (11)
in C:\xampp\htdocs\membership.rewards\AMPAPI\protected\controllers\AmpapiController.php (1033)
in C:\xampp\htdocs\membership.rewards\AMPAPI\protected\controllers\AmpapiController.php (257)
2014/08/06 14:50:02 [error] [application] ReturnMessage: Valid ErrorCode: 0.1
in C:\xampp\htdocs\membership.rewards\AMPAPI\protected\components\Utilities.php (11)
in C:\xampp\htdocs\membership.rewards\AMPAPI\protected\controllers\AmpapiController.php (1033)
in C:\xampp\htdocs\membership.rewards\AMPAPI\protected\controllers\AmpapiController.php (257)
2014/08/06 14:50:02 [error] [system.db.CDbCommand] CDbCommand::execute() failed: SQLSTATE[42000]: Syntax error or access violation: 1142 DELETE command denied to user 'accountsapi'@'192.168.29.203' for table 'accountsessions'. The SQL statement executed was: DELETE FROM accountsessions WHERE AID = :AID AND SessionID = :sessionID.
in C:\xampp\htdocs\membership.rewards\AMPAPI\protected\models\LogoutModel.php (28)
in C:\xampp\htdocs\membership.rewards\AMPAPI\protected\controllers\AmpapiController.php (887)
in C:\xampp\htdocs\membership.rewards\AMPAPI\index.php (13)
2014/08/06 14:50:02 [error] [application] CDbCommand failed to execute the SQL statement: SQLSTATE[42000]: Syntax error or access violation: 1142 DELETE command denied to user 'accountsapi'@'192.168.29.203' for table 'accountsessions'. The SQL statement executed was: DELETE FROM accountsessions WHERE AID = :AID AND SessionID = :sessionID
in C:\xampp\htdocs\membership.rewards\AMPAPI\protected\components\Utilities.php (11)
in C:\xampp\htdocs\membership.rewards\AMPAPI\protected\models\LogoutModel.php (41)
in C:\xampp\htdocs\membership.rewards\AMPAPI\protected\controllers\AmpapiController.php (887)
2014/08/06 14:50:02 [error] [application] ReturnMessage: Failed to delete session. ErrorCode: 2.2
in C:\xampp\htdocs\membership.rewards\AMPAPI\protected\components\Utilities.php (11)
in C:\xampp\htdocs\membership.rewards\AMPAPI\protected\controllers\AmpapiController.php (1023)
in C:\xampp\htdocs\membership.rewards\AMPAPI\protected\controllers\AmpapiController.php (892)
2014/08/06 14:53:09 [error] [application] ReturnMessage: Valid ErrorCode: 0.1
in C:\xampp\htdocs\membership.rewards\AMPAPI\protected\components\Utilities.php (11)
in C:\xampp\htdocs\membership.rewards\AMPAPI\protected\controllers\AmpapiController.php (1033)
in C:\xampp\htdocs\membership.rewards\AMPAPI\protected\controllers\AmpapiController.php (257)
2014/08/06 14:53:09 [error] [system.db.CDbCommand] CDbCommand::execute() failed: SQLSTATE[42000]: Syntax error or access violation: 1142 DELETE command denied to user 'accountsapi'@'192.168.29.203' for table 'accountsessions'. The SQL statement executed was: DELETE FROM accountsessions WHERE AID=:AID AND SessionID = :TPSessionID.
in C:\xampp\htdocs\membership.rewards\AMPAPI\protected\models\LogoutModel.php (29)
in C:\xampp\htdocs\membership.rewards\AMPAPI\protected\controllers\AmpapiController.php (887)
in C:\xampp\htdocs\membership.rewards\AMPAPI\index.php (13)
2014/08/06 14:53:09 [error] [application] CDbCommand failed to execute the SQL statement: SQLSTATE[42000]: Syntax error or access violation: 1142 DELETE command denied to user 'accountsapi'@'192.168.29.203' for table 'accountsessions'. The SQL statement executed was: DELETE FROM accountsessions WHERE AID=:AID AND SessionID = :TPSessionID
in C:\xampp\htdocs\membership.rewards\AMPAPI\protected\components\Utilities.php (11)
in C:\xampp\htdocs\membership.rewards\AMPAPI\protected\models\LogoutModel.php (42)
in C:\xampp\htdocs\membership.rewards\AMPAPI\protected\controllers\AmpapiController.php (887)
2014/08/06 14:53:09 [error] [application] ReturnMessage: Failed to delete session. ErrorCode: 2.2
in C:\xampp\htdocs\membership.rewards\AMPAPI\protected\components\Utilities.php (11)
in C:\xampp\htdocs\membership.rewards\AMPAPI\protected\controllers\AmpapiController.php (1023)
in C:\xampp\htdocs\membership.rewards\AMPAPI\protected\controllers\AmpapiController.php (892)
2014/08/06 15:53:52 [error] [application] ReturnMessage: iuigfcocihu1eglu7jpa8qsvv5 ErrorCode: 0
in C:\xampp\htdocs\membership.rewards\AMPAPI\protected\components\Utilities.php (11)
in C:\xampp\htdocs\membership.rewards\AMPAPI\protected\controllers\AmpapiController.php (1010)
in C:\xampp\htdocs\membership.rewards\AMPAPI\protected\controllers\AmpapiController.php (208)
2014/08/06 15:54:00 [error] [application] ReturnMessage: Valid ErrorCode: 0.1
in C:\xampp\htdocs\membership.rewards\AMPAPI\protected\components\Utilities.php (11)
in C:\xampp\htdocs\membership.rewards\AMPAPI\protected\controllers\AmpapiController.php (1033)
in C:\xampp\htdocs\membership.rewards\AMPAPI\protected\controllers\AmpapiController.php (257)
2014/08/06 15:54:05 [error] [application] ReturnMessage: Valid ErrorCode: 0.1
in C:\xampp\htdocs\membership.rewards\AMPAPI\protected\components\Utilities.php (11)
in C:\xampp\htdocs\membership.rewards\AMPAPI\protected\controllers\AmpapiController.php (1033)
in C:\xampp\htdocs\membership.rewards\AMPAPI\protected\controllers\AmpapiController.php (257)
2014/08/06 15:54:25 [error] [application] ReturnMessage: i1igu7aj5t79vgbaks7aulkdo6 ErrorCode: 0
in C:\xampp\htdocs\membership.rewards\AMPAPI\protected\components\Utilities.php (11)
in C:\xampp\htdocs\membership.rewards\AMPAPI\protected\controllers\AmpapiController.php (1010)
in C:\xampp\htdocs\membership.rewards\AMPAPI\protected\controllers\AmpapiController.php (208)
2014/08/06 15:54:33 [error] [application] ReturnMessage: Valid ErrorCode: 0.1
in C:\xampp\htdocs\membership.rewards\AMPAPI\protected\components\Utilities.php (11)
in C:\xampp\htdocs\membership.rewards\AMPAPI\protected\controllers\AmpapiController.php (1033)
in C:\xampp\htdocs\membership.rewards\AMPAPI\protected\controllers\AmpapiController.php (257)
2014/08/06 15:54:37 [error] [application] ReturnMessage: Invalid Session ID. ErrorCode: 61
in C:\xampp\htdocs\membership.rewards\AMPAPI\protected\components\Utilities.php (11)
in C:\xampp\htdocs\membership.rewards\AMPAPI\protected\controllers\AmpapiController.php (1023)
in C:\xampp\htdocs\membership.rewards\AMPAPI\protected\controllers\AmpapiController.php (1299)
2014/08/06 15:54:43 [error] [application] ReturnMessage: Valid ErrorCode: 0.1
in C:\xampp\htdocs\membership.rewards\AMPAPI\protected\components\Utilities.php (11)
in C:\xampp\htdocs\membership.rewards\AMPAPI\protected\controllers\AmpapiController.php (1033)
in C:\xampp\htdocs\membership.rewards\AMPAPI\protected\controllers\AmpapiController.php (257)
2014/08/06 15:54:49 [error] [application] ReturnMessage: Valid ErrorCode: 0.1
in C:\xampp\htdocs\membership.rewards\AMPAPI\protected\components\Utilities.php (11)
in C:\xampp\htdocs\membership.rewards\AMPAPI\protected\controllers\AmpapiController.php (1033)
in C:\xampp\htdocs\membership.rewards\AMPAPI\protected\controllers\AmpapiController.php (257)
2014/08/06 15:59:48 [error] [application] ReturnMessage: One or more fields is not set or is blank. ErrorCode: 0.2
in C:\xampp\htdocs\membership.rewards\AMPAPI\protected\components\Utilities.php (11)
in C:\xampp\htdocs\membership.rewards\AMPAPI\protected\controllers\AmpapiController.php (1023)
in C:\xampp\htdocs\membership.rewards\AMPAPI\protected\controllers\AmpapiController.php (1109)
2014/08/06 16:19:45 [error] [application] ReturnMessage: 5osbki9iq96uaa6hhhau5vtl46 ErrorCode: 0
in C:\xampp\htdocs\membership.rewards\AMPAPI\protected\components\Utilities.php (11)
in C:\xampp\htdocs\membership.rewards\AMPAPI\protected\controllers\AmpapiController.php (1010)
in C:\xampp\htdocs\membership.rewards\AMPAPI\protected\controllers\AmpapiController.php (208)
2014/08/06 16:20:13 [error] [application] ReturnMessage: Valid ErrorCode: 0.1
in C:\xampp\htdocs\membership.rewards\AMPAPI\protected\components\Utilities.php (11)
in C:\xampp\htdocs\membership.rewards\AMPAPI\protected\controllers\AmpapiController.php (1033)
in C:\xampp\htdocs\membership.rewards\AMPAPI\protected\controllers\AmpapiController.php (257)
2014/08/06 16:20:19 [error] [application] ReturnMessage: Valid ErrorCode: 0.1
in C:\xampp\htdocs\membership.rewards\AMPAPI\protected\components\Utilities.php (11)
in C:\xampp\htdocs\membership.rewards\AMPAPI\protected\controllers\AmpapiController.php (1033)
in C:\xampp\htdocs\membership.rewards\AMPAPI\protected\controllers\AmpapiController.php (257)
2014/08/06 16:20:27 [error] [application] ReturnMessage: Invalid Session ID. ErrorCode: 61
in C:\xampp\htdocs\membership.rewards\AMPAPI\protected\components\Utilities.php (11)
in C:\xampp\htdocs\membership.rewards\AMPAPI\protected\controllers\AmpapiController.php (1023)
in C:\xampp\htdocs\membership.rewards\AMPAPI\protected\controllers\AmpapiController.php (1299)
2014/08/06 16:20:51 [error] [application] ReturnMessage: n8unmktvn94gt3qf4f64q3nhi5 ErrorCode: 0
in C:\xampp\htdocs\membership.rewards\AMPAPI\protected\components\Utilities.php (11)
in C:\xampp\htdocs\membership.rewards\AMPAPI\protected\controllers\AmpapiController.php (1010)
in C:\xampp\htdocs\membership.rewards\AMPAPI\protected\controllers\AmpapiController.php (182)
2014/08/06 16:25:08 [error] [application] ReturnMessage: 3b729n7t386knt0eur18fqb8v5 ErrorCode: 0
in C:\xampp\htdocs\membership.rewards\AMPAPI\protected\components\Utilities.php (11)
in C:\xampp\htdocs\membership.rewards\AMPAPI\protected\controllers\AmpapiController.php (1010)
in C:\xampp\htdocs\membership.rewards\AMPAPI\protected\controllers\AmpapiController.php (208)
2014/08/06 16:25:18 [error] [application] ReturnMessage: Valid ErrorCode: 0.1
in C:\xampp\htdocs\membership.rewards\AMPAPI\protected\components\Utilities.php (11)
in C:\xampp\htdocs\membership.rewards\AMPAPI\protected\controllers\AmpapiController.php (1033)
in C:\xampp\htdocs\membership.rewards\AMPAPI\protected\controllers\AmpapiController.php (257)
2014/08/06 16:25:32 [error] [application] ReturnMessage: Valid ErrorCode: 0.1
in C:\xampp\htdocs\membership.rewards\AMPAPI\protected\components\Utilities.php (11)
in C:\xampp\htdocs\membership.rewards\AMPAPI\protected\controllers\AmpapiController.php (1033)
in C:\xampp\htdocs\membership.rewards\AMPAPI\protected\controllers\AmpapiController.php (257)
2014/08/06 16:25:33 [error] [application] ReturnMessage: No response from Membership portal API. ErrorCode: 63
in C:\xampp\htdocs\membership.rewards\AMPAPI\protected\components\Utilities.php (11)
in C:\xampp\htdocs\membership.rewards\AMPAPI\protected\controllers\AmpapiController.php (1042)
in C:\xampp\htdocs\membership.rewards\AMPAPI\protected\controllers\AmpapiController.php (661)
2014/08/06 16:26:18 [error] [application] ReturnMessage: Valid ErrorCode: 0.1
in C:\xampp\htdocs\membership.rewards\AMPAPI\protected\components\Utilities.php (11)
in C:\xampp\htdocs\membership.rewards\AMPAPI\protected\controllers\AmpapiController.php (1033)
in C:\xampp\htdocs\membership.rewards\AMPAPI\protected\controllers\AmpapiController.php (257)
2014/08/06 16:26:18 [error] [application] ReturnMessage: No response from Membership portal API. ErrorCode: 63
in C:\xampp\htdocs\membership.rewards\AMPAPI\protected\components\Utilities.php (11)
in C:\xampp\htdocs\membership.rewards\AMPAPI\protected\controllers\AmpapiController.php (1042)
in C:\xampp\htdocs\membership.rewards\AMPAPI\protected\controllers\AmpapiController.php (661)
2014/08/06 16:57:57 [error] [application] ReturnMessage: Session has expired. Please login again ErrorCode: 2.1
in C:\xampp\htdocs\membership.rewards\AMPAPI\protected\components\Utilities.php (11)
in C:\xampp\htdocs\membership.rewards\AMPAPI\protected\controllers\AmpapiController.php (1023)
in C:\xampp\htdocs\membership.rewards\AMPAPI\protected\controllers\AmpapiController.php (1292)
2014/08/06 16:57:57 [error] [php] Undefined index:  (C:\xampp\htdocs\membership.rewards\AMPAPI\protected\controllers\AmpapiController.php:1293)
Stack trace:
#0 C:\xampp\htdocs\yii\framework\web\CController.php(308): CInlineAction->runWithParams()
#1 C:\xampp\htdocs\yii\framework\web\CController.php(286): AmpapiController->runAction()
#2 C:\xampp\htdocs\yii\framework\web\CController.php(265): AmpapiController->runActionWithFilters()
#3 C:\xampp\htdocs\yii\framework\web\CWebApplication.php(282): AmpapiController->run()
#4 C:\xampp\htdocs\yii\framework\web\CWebApplication.php(141): CWebApplication->runController()
#5 C:\xampp\htdocs\yii\framework\base\CApplication.php(169): CWebApplication->processRequest()
#6 C:\xampp\htdocs\membership.rewards\AMPAPI\index.php(13): CWebApplication->run()
REQUEST_URI=/membership.rewards/AMPAPI/index.php/Ampapi/forgotpassword
in C:\xampp\htdocs\membership.rewards\AMPAPI\protected\controllers\AmpapiController.php (1293)
in C:\xampp\htdocs\membership.rewards\AMPAPI\protected\controllers\AmpapiController.php (355)
in C:\xampp\htdocs\membership.rewards\AMPAPI\index.php (13)
2014/08/06 17:01:01 [error] [application] ReturnMessage: Invalid Session ID. ErrorCode: 61
in C:\xampp\htdocs\membership.rewards\AMPAPI\protected\components\Utilities.php (11)
in C:\xampp\htdocs\membership.rewards\AMPAPI\protected\controllers\AmpapiController.php (1023)
in C:\xampp\htdocs\membership.rewards\AMPAPI\protected\controllers\AmpapiController.php (1299)
2014/08/06 17:01:01 [error] [php] Undefined index:  (C:\xampp\htdocs\membership.rewards\AMPAPI\protected\controllers\AmpapiController.php:1300)
Stack trace:
#0 C:\xampp\htdocs\yii\framework\web\CController.php(308): CInlineAction->runWithParams()
#1 C:\xampp\htdocs\yii\framework\web\CController.php(286): AmpapiController->runAction()
#2 C:\xampp\htdocs\yii\framework\web\CController.php(265): AmpapiController->runActionWithFilters()
#3 C:\xampp\htdocs\yii\framework\web\CWebApplication.php(282): AmpapiController->run()
#4 C:\xampp\htdocs\yii\framework\web\CWebApplication.php(141): CWebApplication->runController()
#5 C:\xampp\htdocs\yii\framework\base\CApplication.php(169): CWebApplication->processRequest()
#6 C:\xampp\htdocs\membership.rewards\AMPAPI\index.php(13): CWebApplication->run()
REQUEST_URI=/membership.rewards/AMPAPI/index.php/Ampapi/forgotpassword
in C:\xampp\htdocs\membership.rewards\AMPAPI\protected\controllers\AmpapiController.php (1300)
in C:\xampp\htdocs\membership.rewards\AMPAPI\protected\controllers\AmpapiController.php (355)
in C:\xampp\htdocs\membership.rewards\AMPAPI\index.php (13)
2014/08/06 17:01:52 [error] [application] ReturnMessage: Session has expired. Please login again ErrorCode: 2.1
in C:\xampp\htdocs\membership.rewards\AMPAPI\protected\components\Utilities.php (11)
in C:\xampp\htdocs\membership.rewards\AMPAPI\protected\controllers\AmpapiController.php (1023)
in C:\xampp\htdocs\membership.rewards\AMPAPI\protected\controllers\AmpapiController.php (1292)
2014/08/06 17:01:52 [error] [php] Undefined index:  (C:\xampp\htdocs\membership.rewards\AMPAPI\protected\controllers\AmpapiController.php:1293)
Stack trace:
#0 C:\xampp\htdocs\yii\framework\web\CController.php(308): CInlineAction->runWithParams()
#1 C:\xampp\htdocs\yii\framework\web\CController.php(286): AmpapiController->runAction()
#2 C:\xampp\htdocs\yii\framework\web\CController.php(265): AmpapiController->runActionWithFilters()
#3 C:\xampp\htdocs\yii\framework\web\CWebApplication.php(282): AmpapiController->run()
#4 C:\xampp\htdocs\yii\framework\web\CWebApplication.php(141): CWebApplication->runController()
#5 C:\xampp\htdocs\yii\framework\base\CApplication.php(169): CWebApplication->processRequest()
#6 C:\xampp\htdocs\membership.rewards\AMPAPI\index.php(13): CWebApplication->run()
REQUEST_URI=/membership.rewards/AMPAPI/index.php/Ampapi/forgotpassword
in C:\xampp\htdocs\membership.rewards\AMPAPI\protected\controllers\AmpapiController.php (1293)
in C:\xampp\htdocs\membership.rewards\AMPAPI\protected\controllers\AmpapiController.php (355)
in C:\xampp\htdocs\membership.rewards\AMPAPI\index.php (13)
2014/08/06 17:04:05 [error] [application] ReturnMessage: One or more fields is not set or is blank. ErrorCode: 1
in C:\xampp\htdocs\membership.rewards\AMPAPI\protected\components\Utilities.php (11)
in C:\xampp\htdocs\membership.rewards\AMPAPI\protected\controllers\AmpapiController.php (1023)
in C:\xampp\htdocs\membership.rewards\AMPAPI\protected\controllers\AmpapiController.php (1092)
2014/08/06 17:04:12 [error] [application] ReturnMessage: Session has expired. Please login again ErrorCode: 2.1
in C:\xampp\htdocs\membership.rewards\AMPAPI\protected\components\Utilities.php (11)
in C:\xampp\htdocs\membership.rewards\AMPAPI\protected\controllers\AmpapiController.php (1023)
in C:\xampp\htdocs\membership.rewards\AMPAPI\protected\controllers\AmpapiController.php (1292)
2014/08/06 17:04:12 [error] [php] Undefined index:  (C:\xampp\htdocs\membership.rewards\AMPAPI\protected\controllers\AmpapiController.php:1293)
Stack trace:
#0 C:\xampp\htdocs\yii\framework\web\CController.php(308): CInlineAction->runWithParams()
#1 C:\xampp\htdocs\yii\framework\web\CController.php(286): AmpapiController->runAction()
#2 C:\xampp\htdocs\yii\framework\web\CController.php(265): AmpapiController->runActionWithFilters()
#3 C:\xampp\htdocs\yii\framework\web\CWebApplication.php(282): AmpapiController->run()
#4 C:\xampp\htdocs\yii\framework\web\CWebApplication.php(141): CWebApplication->runController()
#5 C:\xampp\htdocs\yii\framework\base\CApplication.php(169): CWebApplication->processRequest()
#6 C:\xampp\htdocs\membership.rewards\AMPAPI\index.php(13): CWebApplication->run()
REQUEST_URI=/membership.rewards/AMPAPI/index.php/Ampapi/forgotpassword
in C:\xampp\htdocs\membership.rewards\AMPAPI\protected\controllers\AmpapiController.php (1293)
in C:\xampp\htdocs\membership.rewards\AMPAPI\protected\controllers\AmpapiController.php (355)
in C:\xampp\htdocs\membership.rewards\AMPAPI\index.php (13)
2014/08/06 17:07:26 [error] [application] ReturnMessage: Session has expired. Please login again ErrorCode: 2.1
in C:\xampp\htdocs\membership.rewards\AMPAPI\protected\components\Utilities.php (11)
in C:\xampp\htdocs\membership.rewards\AMPAPI\protected\controllers\AmpapiController.php (1023)
in C:\xampp\htdocs\membership.rewards\AMPAPI\protected\controllers\AmpapiController.php (1292)
2014/08/06 17:07:38 [error] [application] ReturnMessage: b03grker134fvls4ccppimmfc6 ErrorCode: 0
in C:\xampp\htdocs\membership.rewards\AMPAPI\protected\components\Utilities.php (11)
in C:\xampp\htdocs\membership.rewards\AMPAPI\protected\controllers\AmpapiController.php (1010)
in C:\xampp\htdocs\membership.rewards\AMPAPI\protected\controllers\AmpapiController.php (208)
2014/08/06 17:07:43 [error] [application] ReturnMessage: Valid ErrorCode: 0.1
in C:\xampp\htdocs\membership.rewards\AMPAPI\protected\components\Utilities.php (11)
in C:\xampp\htdocs\membership.rewards\AMPAPI\protected\controllers\AmpapiController.php (1033)
in C:\xampp\htdocs\membership.rewards\AMPAPI\protected\controllers\AmpapiController.php (257)
2014/08/06 17:07:55 [error] [application] ReturnMessage: Invalid Session ID. ErrorCode: 61
in C:\xampp\htdocs\membership.rewards\AMPAPI\protected\components\Utilities.php (11)
in C:\xampp\htdocs\membership.rewards\AMPAPI\protected\controllers\AmpapiController.php (1023)
in C:\xampp\htdocs\membership.rewards\AMPAPI\protected\controllers\AmpapiController.php (1299)
