2014/08/05 09:32:49 [error] [application] ReturnMessage: One or more fields is not set or is blank. ErrorCode: 1
in C:\xampp\htdocs\membership.rewards\AMPAPI\protected\components\Utilities.php (11)
in C:\xampp\htdocs\membership.rewards\AMPAPI\protected\controllers\AmpapiController.php (981)
in C:\xampp\htdocs\membership.rewards\AMPAPI\protected\controllers\AmpapiController.php (1065)
2014/08/05 09:32:59 [error] [application] ReturnMessage: One or more fields is not set or is blank. ErrorCode: 1
in C:\xampp\htdocs\membership.rewards\AMPAPI\protected\components\Utilities.php (11)
in C:\xampp\htdocs\membership.rewards\AMPAPI\protected\controllers\AmpapiController.php (981)
in C:\xampp\htdocs\membership.rewards\AMPAPI\protected\controllers\AmpapiController.php (1048)
2014/08/05 09:33:04 [error] [application] ReturnMessage: n8kmf74r1ijcu2bigbh6qbrjb3 ErrorCode: 0
in C:\xampp\htdocs\membership.rewards\AMPAPI\protected\components\Utilities.php (11)
in C:\xampp\htdocs\membership.rewards\AMPAPI\protected\controllers\AmpapiController.php (968)
in C:\xampp\htdocs\membership.rewards\AMPAPI\protected\controllers\AmpapiController.php (205)
2014/08/05 09:33:16 [error] [application] ReturnMessage: Invalid Session ID. ErrorCode: 61
in C:\xampp\htdocs\membership.rewards\AMPAPI\protected\components\Utilities.php (11)
in C:\xampp\htdocs\membership.rewards\AMPAPI\protected\controllers\AmpapiController.php (981)
in C:\xampp\htdocs\membership.rewards\AMPAPI\protected\controllers\AmpapiController.php (1255)
2014/08/05 09:33:24 [error] [application] ReturnMessage: Session is expired. ErrorCode: 60
in C:\xampp\htdocs\membership.rewards\AMPAPI\protected\components\Utilities.php (11)
in C:\xampp\htdocs\membership.rewards\AMPAPI\protected\controllers\AmpapiController.php (981)
in C:\xampp\htdocs\membership.rewards\AMPAPI\protected\controllers\AmpapiController.php (274)
2014/08/05 09:33:24 [error] [exception.CHttpException.400] exception 'CHttpException' with message 'Your request is invalid.' in C:\xampp\htdocs\yii\framework\web\CController.php:336
Stack trace:
#0 C:\xampp\htdocs\yii\framework\web\CController.php(309): CController->invalidActionParams(Object(CInlineAction))
#1 C:\xampp\htdocs\yii\framework\web\CController.php(286): CController->runAction(Object(CInlineAction))
#2 C:\xampp\htdocs\yii\framework\web\CController.php(265): CController->runActionWithFilters(Object(CInlineAction), Array)
#3 C:\xampp\htdocs\yii\framework\web\CWebApplication.php(282): CController->run('GetActiveSessio...')
#4 C:\xampp\htdocs\yii\framework\web\CWebApplication.php(141): CWebApplication->runController('Ampapi/GetActiv...')
#5 C:\xampp\htdocs\yii\framework\base\CApplication.php(169): CWebApplication->processRequest()
#6 C:\xampp\htdocs\membership.rewards\AMPAPI\index.php(13): CApplication->run()
#7 {main}
REQUEST_URI=/membership.rewards/AMPAPI/index.php/Ampapi/GetActiveSession
---
2014/08/05 09:34:31 [error] [application] ReturnMessage: Session is expired. ErrorCode: 60
in C:\xampp\htdocs\membership.rewards\AMPAPI\protected\components\Utilities.php (11)
in C:\xampp\htdocs\membership.rewards\AMPAPI\protected\controllers\AmpapiController.php (981)
in C:\xampp\htdocs\membership.rewards\AMPAPI\protected\controllers\AmpapiController.php (274)
2014/08/05 09:34:31 [error] [exception.CHttpException.400] exception 'CHttpException' with message 'Your request is invalid.' in C:\xampp\htdocs\yii\framework\web\CController.php:336
Stack trace:
#0 C:\xampp\htdocs\yii\framework\web\CController.php(309): CController->invalidActionParams(Object(CInlineAction))
#1 C:\xampp\htdocs\yii\framework\web\CController.php(286): CController->runAction(Object(CInlineAction))
#2 C:\xampp\htdocs\yii\framework\web\CController.php(265): CController->runActionWithFilters(Object(CInlineAction), Array)
#3 C:\xampp\htdocs\yii\framework\web\CWebApplication.php(282): CController->run('GetActiveSessio...')
#4 C:\xampp\htdocs\yii\framework\web\CWebApplication.php(141): CWebApplication->runController('Ampapi/GetActiv...')
#5 C:\xampp\htdocs\yii\framework\base\CApplication.php(169): CWebApplication->processRequest()
#6 C:\xampp\htdocs\membership.rewards\AMPAPI\index.php(13): CApplication->run()
#7 {main}
REQUEST_URI=/membership.rewards/AMPAPI/index.php/Ampapi/GetActiveSession
---
2014/08/05 09:35:01 [error] [application] ReturnMessage: Session is expired. ErrorCode: 60
in C:\xampp\htdocs\membership.rewards\AMPAPI\protected\components\Utilities.php (11)
in C:\xampp\htdocs\membership.rewards\AMPAPI\protected\controllers\AmpapiController.php (981)
in C:\xampp\htdocs\membership.rewards\AMPAPI\protected\controllers\AmpapiController.php (274)
2014/08/05 09:35:01 [error] [exception.CHttpException.400] exception 'CHttpException' with message 'Your request is invalid.' in C:\xampp\htdocs\yii\framework\web\CController.php:336
Stack trace:
#0 C:\xampp\htdocs\yii\framework\web\CController.php(309): CController->invalidActionParams(Object(CInlineAction))
#1 C:\xampp\htdocs\yii\framework\web\CController.php(286): CController->runAction(Object(CInlineAction))
#2 C:\xampp\htdocs\yii\framework\web\CController.php(265): CController->runActionWithFilters(Object(CInlineAction), Array)
#3 C:\xampp\htdocs\yii\framework\web\CWebApplication.php(282): CController->run('GetActiveSessio...')
#4 C:\xampp\htdocs\yii\framework\web\CWebApplication.php(141): CWebApplication->runController('Ampapi/GetActiv...')
#5 C:\xampp\htdocs\yii\framework\base\CApplication.php(169): CWebApplication->processRequest()
#6 C:\xampp\htdocs\membership.rewards\AMPAPI\index.php(13): CApplication->run()
#7 {main}
REQUEST_URI=/membership.rewards/AMPAPI/index.php/Ampapi/GetActiveSession
---
2014/08/05 09:36:58 [error] [application] ReturnMessage: Valid ErrorCode: 0.1
in C:\xampp\htdocs\membership.rewards\AMPAPI\protected\components\Utilities.php (11)
in C:\xampp\htdocs\membership.rewards\AMPAPI\protected\controllers\AmpapiController.php (991)
in C:\xampp\htdocs\membership.rewards\AMPAPI\protected\controllers\AmpapiController.php (254)
2014/08/05 09:38:10 [error] [application] ReturnMessage: Valid ErrorCode: 0.1
in C:\xampp\htdocs\membership.rewards\AMPAPI\protected\components\Utilities.php (11)
in C:\xampp\htdocs\membership.rewards\AMPAPI\protected\controllers\AmpapiController.php (991)
in C:\xampp\htdocs\membership.rewards\AMPAPI\protected\controllers\AmpapiController.php (254)
2014/08/05 09:39:47 [error] [application] ReturnMessage: Valid ErrorCode: 0.1
in C:\xampp\htdocs\membership.rewards\AMPAPI\protected\components\Utilities.php (11)
in C:\xampp\htdocs\membership.rewards\AMPAPI\protected\controllers\AmpapiController.php (991)
in C:\xampp\htdocs\membership.rewards\AMPAPI\protected\controllers\AmpapiController.php (254)
2014/08/05 09:40:52 [error] [application] ReturnMessage: Invalid Session ID. ErrorCode: 61
in C:\xampp\htdocs\membership.rewards\AMPAPI\protected\components\Utilities.php (11)
in C:\xampp\htdocs\membership.rewards\AMPAPI\protected\controllers\AmpapiController.php (981)
in C:\xampp\htdocs\membership.rewards\AMPAPI\protected\controllers\AmpapiController.php (1255)
2014/08/05 09:41:07 [error] [application] ReturnMessage: Invalid Session ID. ErrorCode: 61
in C:\xampp\htdocs\membership.rewards\AMPAPI\protected\components\Utilities.php (11)
in C:\xampp\htdocs\membership.rewards\AMPAPI\protected\controllers\AmpapiController.php (981)
in C:\xampp\htdocs\membership.rewards\AMPAPI\protected\controllers\AmpapiController.php (1255)
2014/08/05 09:41:33 [error] [application] ReturnMessage: One or more fields is not set or is blank. ErrorCode: 1
in C:\xampp\htdocs\membership.rewards\AMPAPI\protected\components\Utilities.php (11)
in C:\xampp\htdocs\membership.rewards\AMPAPI\protected\controllers\AmpapiController.php (981)
in C:\xampp\htdocs\membership.rewards\AMPAPI\protected\controllers\AmpapiController.php (1065)
2014/08/05 09:41:44 [error] [application] ReturnMessage: One or more fields is not set or is blank. ErrorCode: 1
in C:\xampp\htdocs\membership.rewards\AMPAPI\protected\components\Utilities.php (11)
in C:\xampp\htdocs\membership.rewards\AMPAPI\protected\controllers\AmpapiController.php (981)
in C:\xampp\htdocs\membership.rewards\AMPAPI\protected\controllers\AmpapiController.php (1065)
2014/08/05 09:41:52 [error] [application] ReturnMessage: Valid ErrorCode: 0.1
in C:\xampp\htdocs\membership.rewards\AMPAPI\protected\components\Utilities.php (11)
in C:\xampp\htdocs\membership.rewards\AMPAPI\protected\controllers\AmpapiController.php (991)
in C:\xampp\htdocs\membership.rewards\AMPAPI\protected\controllers\AmpapiController.php (254)
2014/08/05 09:42:00 [error] [application] ReturnMessage: Invalid Session ID. ErrorCode: 61
in C:\xampp\htdocs\membership.rewards\AMPAPI\protected\components\Utilities.php (11)
in C:\xampp\htdocs\membership.rewards\AMPAPI\protected\controllers\AmpapiController.php (981)
in C:\xampp\htdocs\membership.rewards\AMPAPI\protected\controllers\AmpapiController.php (1255)
2014/08/05 09:44:26 [error] [application] ReturnMessage: Valid ErrorCode: 0.1
in C:\xampp\htdocs\membership.rewards\AMPAPI\protected\components\Utilities.php (11)
in C:\xampp\htdocs\membership.rewards\AMPAPI\protected\controllers\AmpapiController.php (991)
in C:\xampp\htdocs\membership.rewards\AMPAPI\protected\controllers\AmpapiController.php (254)
2014/08/05 09:45:06 [error] [application] ReturnMessage: Valid ErrorCode: 0.1
in C:\xampp\htdocs\membership.rewards\AMPAPI\protected\components\Utilities.php (11)
in C:\xampp\htdocs\membership.rewards\AMPAPI\protected\controllers\AmpapiController.php (991)
in C:\xampp\htdocs\membership.rewards\AMPAPI\protected\controllers\AmpapiController.php (254)
2014/08/05 09:45:27 [error] [application] ReturnMessage: Valid ErrorCode: 0.1
in C:\xampp\htdocs\membership.rewards\AMPAPI\protected\components\Utilities.php (11)
in C:\xampp\htdocs\membership.rewards\AMPAPI\protected\controllers\AmpapiController.php (991)
in C:\xampp\htdocs\membership.rewards\AMPAPI\protected\controllers\AmpapiController.php (254)
2014/08/05 09:45:33 [error] [application] ReturnMessage: One or more fields is not set or is blank. ErrorCode: 1
in C:\xampp\htdocs\membership.rewards\AMPAPI\protected\components\Utilities.php (11)
in C:\xampp\htdocs\membership.rewards\AMPAPI\protected\controllers\AmpapiController.php (981)
in C:\xampp\htdocs\membership.rewards\AMPAPI\protected\controllers\AmpapiController.php (1048)
2014/08/05 09:45:54 [error] [application] ReturnMessage: Invalid Session ID. ErrorCode: 61
in C:\xampp\htdocs\membership.rewards\AMPAPI\protected\components\Utilities.php (11)
in C:\xampp\htdocs\membership.rewards\AMPAPI\protected\controllers\AmpapiController.php (981)
in C:\xampp\htdocs\membership.rewards\AMPAPI\protected\controllers\AmpapiController.php (1255)
2014/08/05 09:50:29 [error] [application] ReturnMessage: Invalid Session ID. ErrorCode: 61
in C:\xampp\htdocs\membership.rewards\AMPAPI\protected\components\Utilities.php (11)
in C:\xampp\htdocs\membership.rewards\AMPAPI\protected\controllers\AmpapiController.php (981)
in C:\xampp\htdocs\membership.rewards\AMPAPI\protected\controllers\AmpapiController.php (1255)
2014/08/05 09:50:47 [error] [application] ReturnMessage: Valid ErrorCode: 0.1
in C:\xampp\htdocs\membership.rewards\AMPAPI\protected\components\Utilities.php (11)
in C:\xampp\htdocs\membership.rewards\AMPAPI\protected\controllers\AmpapiController.php (991)
in C:\xampp\htdocs\membership.rewards\AMPAPI\protected\controllers\AmpapiController.php (254)
2014/08/05 09:54:26 [error] [application] ReturnMessage: Valid ErrorCode: 0.1
in C:\xampp\htdocs\membership.rewards\AMPAPI\protected\components\Utilities.php (11)
in C:\xampp\htdocs\membership.rewards\AMPAPI\protected\controllers\AmpapiController.php (991)
in C:\xampp\htdocs\membership.rewards\AMPAPI\protected\controllers\AmpapiController.php (254)
2014/08/05 09:54:35 [error] [application] ReturnMessage: Valid ErrorCode: 0.1
in C:\xampp\htdocs\membership.rewards\AMPAPI\protected\components\Utilities.php (11)
in C:\xampp\htdocs\membership.rewards\AMPAPI\protected\controllers\AmpapiController.php (991)
in C:\xampp\htdocs\membership.rewards\AMPAPI\protected\controllers\AmpapiController.php (254)
2014/08/05 09:54:35 [error] [application] ReturnMessage: No response from Membership portal API. ErrorCode: 63
in C:\xampp\htdocs\membership.rewards\AMPAPI\protected\components\Utilities.php (11)
in C:\xampp\htdocs\membership.rewards\AMPAPI\protected\controllers\AmpapiController.php (999)
in C:\xampp\htdocs\membership.rewards\AMPAPI\protected\controllers\AmpapiController.php (660)
2014/08/05 09:54:50 [error] [application] ReturnMessage: One or more fields is not set or is blank. ErrorCode: 1
in C:\xampp\htdocs\membership.rewards\AMPAPI\protected\components\Utilities.php (11)
in C:\xampp\htdocs\membership.rewards\AMPAPI\protected\controllers\AmpapiController.php (981)
in C:\xampp\htdocs\membership.rewards\AMPAPI\protected\controllers\AmpapiController.php (1048)
2014/08/05 09:55:23 [error] [application] ReturnMessage: One or more fields is not set or is blank. ErrorCode: 1
in C:\xampp\htdocs\membership.rewards\AMPAPI\protected\components\Utilities.php (11)
in C:\xampp\htdocs\membership.rewards\AMPAPI\protected\controllers\AmpapiController.php (981)
in C:\xampp\htdocs\membership.rewards\AMPAPI\protected\controllers\AmpapiController.php (1048)
2014/08/05 09:55:41 [error] [application] ReturnMessage: One or more fields is not set or is blank. ErrorCode: 1
in C:\xampp\htdocs\membership.rewards\AMPAPI\protected\components\Utilities.php (11)
in C:\xampp\htdocs\membership.rewards\AMPAPI\protected\controllers\AmpapiController.php (981)
in C:\xampp\htdocs\membership.rewards\AMPAPI\protected\controllers\AmpapiController.php (1048)
2014/08/05 09:57:13 [error] [application] ReturnMessage: Invalid Session ID. ErrorCode: 61
in C:\xampp\htdocs\membership.rewards\AMPAPI\protected\components\Utilities.php (11)
in C:\xampp\htdocs\membership.rewards\AMPAPI\protected\controllers\AmpapiController.php (981)
in C:\xampp\htdocs\membership.rewards\AMPAPI\protected\controllers\AmpapiController.php (1255)
2014/08/05 09:57:47 [error] [application] ReturnMessage: Invalid. ErrorCode: 1.1
in C:\xampp\htdocs\membership.rewards\AMPAPI\protected\components\Utilities.php (11)
in C:\xampp\htdocs\membership.rewards\AMPAPI\protected\controllers\AmpapiController.php (981)
in C:\xampp\htdocs\membership.rewards\AMPAPI\protected\controllers\AmpapiController.php (287)
2014/08/05 10:49:36 [error] [application] ReturnMessage: One or more fields is not set or is blank. ErrorCode: 1
in C:\xampp\htdocs\membership.rewards\AMPAPI\protected\components\Utilities.php (11)
in C:\xampp\htdocs\membership.rewards\AMPAPI\protected\controllers\AmpapiController.php (979)
in C:\xampp\htdocs\membership.rewards\AMPAPI\protected\controllers\AmpapiController.php (1046)
2014/08/05 11:10:00 [error] [application] ReturnMessage: One or more fields is not set or is blank. ErrorCode: 1
in C:\xampp\htdocs\membership.rewards\AMPAPI\protected\components\Utilities.php (11)
in C:\xampp\htdocs\membership.rewards\AMPAPI\protected\controllers\AmpapiController.php (979)
in C:\xampp\htdocs\membership.rewards\AMPAPI\protected\controllers\AmpapiController.php (1046)
2014/08/05 11:10:26 [error] [application] ReturnMessage: Invalid. ErrorCode: 1.1
in C:\xampp\htdocs\membership.rewards\AMPAPI\protected\components\Utilities.php (11)
in C:\xampp\htdocs\membership.rewards\AMPAPI\protected\controllers\AmpapiController.php (979)
in C:\xampp\htdocs\membership.rewards\AMPAPI\protected\controllers\AmpapiController.php (287)
2014/08/05 11:10:34 [error] [application] ReturnMessage: 6j3hbvvsou1a8h1cgc7s4j5b67 ErrorCode: 0
in C:\xampp\htdocs\membership.rewards\AMPAPI\protected\components\Utilities.php (11)
in C:\xampp\htdocs\membership.rewards\AMPAPI\protected\controllers\AmpapiController.php (966)
in C:\xampp\htdocs\membership.rewards\AMPAPI\protected\controllers\AmpapiController.php (205)
2014/08/05 11:10:45 [error] [application] ReturnMessage: One or more fields is not set or is blank. ErrorCode: 1
in C:\xampp\htdocs\membership.rewards\AMPAPI\protected\components\Utilities.php (11)
in C:\xampp\htdocs\membership.rewards\AMPAPI\protected\controllers\AmpapiController.php (979)
in C:\xampp\htdocs\membership.rewards\AMPAPI\protected\controllers\AmpapiController.php (1046)
2014/08/05 11:12:28 [error] [application] ReturnMessage: Valid ErrorCode: 0.1
in C:\xampp\htdocs\membership.rewards\AMPAPI\protected\components\Utilities.php (11)
in C:\xampp\htdocs\membership.rewards\AMPAPI\protected\controllers\AmpapiController.php (989)
in C:\xampp\htdocs\membership.rewards\AMPAPI\protected\controllers\AmpapiController.php (254)
2014/08/05 05:23:25 [error] [exception.CHttpException.404] exception 'CHttpException' with message 'The system is unable to find the requested action "overview".' in C:\xampp\htdocs\yii\framework\web\CController.php:483
Stack trace:
#0 C:\xampp\htdocs\yii\framework\web\CController.php(270): CController->missingAction('')
#1 C:\xampp\htdocs\yii\framework\web\CWebApplication.php(282): CController->run('')
#2 C:\xampp\htdocs\yii\framework\web\CWebApplication.php(141): CWebApplication->runController('Ampapi')
#3 C:\xampp\htdocs\yii\framework\base\CApplication.php(169): CWebApplication->processRequest()
#4 C:\xampp\htdocs\membership.rewards\AMPAPI\index.php(13): CApplication->run()
#5 {main}
REQUEST_URI=/membership.rewards/AMPAPI/index.php/Ampapi/
---
2014/08/05 11:23:28 [error] [application] ReturnMessage: No response from Membership portal API. ErrorCode: 63
in C:\xampp\htdocs\membership.rewards\AMPAPI\protected\components\Utilities.php (11)
in C:\xampp\htdocs\membership.rewards\AMPAPI\protected\controllers\AmpapiController.php (997)
in C:\xampp\htdocs\membership.rewards\AMPAPI\protected\controllers\AmpapiController.php (562)
2014/08/05 05:23:52 [error] [exception.CHttpException.404] exception 'CHttpException' with message 'The system is unable to find the requested action "overview".' in C:\xampp\htdocs\yii\framework\web\CController.php:483
Stack trace:
#0 C:\xampp\htdocs\yii\framework\web\CController.php(270): CController->missingAction('')
#1 C:\xampp\htdocs\yii\framework\web\CWebApplication.php(282): CController->run('')
#2 C:\xampp\htdocs\yii\framework\web\CWebApplication.php(141): CWebApplication->runController('Ampapi')
#3 C:\xampp\htdocs\yii\framework\base\CApplication.php(169): CWebApplication->processRequest()
#4 C:\xampp\htdocs\membership.rewards\AMPAPI\index.php(13): CApplication->run()
#5 {main}
REQUEST_URI=/membership.rewards/AMPAPI/index.php/Ampapi/
---
2014/08/05 11:24:50 [error] [application] ReturnMessage: Valid ErrorCode: 0.1
in C:\xampp\htdocs\membership.rewards\AMPAPI\protected\components\Utilities.php (11)
in C:\xampp\htdocs\membership.rewards\AMPAPI\protected\controllers\AmpapiController.php (989)
in C:\xampp\htdocs\membership.rewards\AMPAPI\protected\controllers\AmpapiController.php (254)
2014/08/05 11:24:50 [error] [application] ReturnMessage: No response from Membership portal API. ErrorCode: 63
in C:\xampp\htdocs\membership.rewards\AMPAPI\protected\components\Utilities.php (11)
in C:\xampp\htdocs\membership.rewards\AMPAPI\protected\controllers\AmpapiController.php (997)
in C:\xampp\htdocs\membership.rewards\AMPAPI\protected\controllers\AmpapiController.php (731)
2014/08/05 11:25:09 [error] [application] ReturnMessage: Valid ErrorCode: 0.1
in C:\xampp\htdocs\membership.rewards\AMPAPI\protected\components\Utilities.php (11)
in C:\xampp\htdocs\membership.rewards\AMPAPI\protected\controllers\AmpapiController.php (989)
in C:\xampp\htdocs\membership.rewards\AMPAPI\protected\controllers\AmpapiController.php (254)
2014/08/05 11:25:09 [error] [application] ReturnMessage: No response from Membership portal API. ErrorCode: 63
in C:\xampp\htdocs\membership.rewards\AMPAPI\protected\components\Utilities.php (11)
in C:\xampp\htdocs\membership.rewards\AMPAPI\protected\controllers\AmpapiController.php (997)
in C:\xampp\htdocs\membership.rewards\AMPAPI\protected\controllers\AmpapiController.php (731)
2014/08/05 11:25:20 [error] [application] ReturnMessage: Invalid Session ID. ErrorCode: 61
in C:\xampp\htdocs\membership.rewards\AMPAPI\protected\components\Utilities.php (11)
in C:\xampp\htdocs\membership.rewards\AMPAPI\protected\controllers\AmpapiController.php (979)
in C:\xampp\htdocs\membership.rewards\AMPAPI\protected\controllers\AmpapiController.php (1253)
2014/08/05 11:25:34 [error] [application] ReturnMessage: Invalid Session ID. ErrorCode: 61
in C:\xampp\htdocs\membership.rewards\AMPAPI\protected\components\Utilities.php (11)
in C:\xampp\htdocs\membership.rewards\AMPAPI\protected\controllers\AmpapiController.php (979)
in C:\xampp\htdocs\membership.rewards\AMPAPI\protected\controllers\AmpapiController.php (1253)
2014/08/05 11:25:50 [error] [application] ReturnMessage: Invalid Session ID. ErrorCode: 61
in C:\xampp\htdocs\membership.rewards\AMPAPI\protected\components\Utilities.php (11)
in C:\xampp\htdocs\membership.rewards\AMPAPI\protected\controllers\AmpapiController.php (979)
in C:\xampp\htdocs\membership.rewards\AMPAPI\protected\controllers\AmpapiController.php (1253)
2014/08/05 05:26:18 [error] [exception.CHttpException.404] exception 'CHttpException' with message 'The system is unable to find the requested action "overview".' in C:\xampp\htdocs\yii\framework\web\CController.php:483
Stack trace:
#0 C:\xampp\htdocs\yii\framework\web\CController.php(270): CController->missingAction('')
#1 C:\xampp\htdocs\yii\framework\web\CWebApplication.php(282): CController->run('')
#2 C:\xampp\htdocs\yii\framework\web\CWebApplication.php(141): CWebApplication->runController('Ampapi')
#3 C:\xampp\htdocs\yii\framework\base\CApplication.php(169): CWebApplication->processRequest()
#4 C:\xampp\htdocs\membership.rewards\AMPAPI\index.php(13): CApplication->run()
#5 {main}
REQUEST_URI=/membership.rewards/AMPAPI/index.php/Ampapi/
---
2014/08/05 11:26:44 [error] [application] ReturnMessage: One or more fields is not set or is blank. ErrorCode: 1
in C:\xampp\htdocs\membership.rewards\AMPAPI\protected\components\Utilities.php (11)
in C:\xampp\htdocs\membership.rewards\AMPAPI\protected\controllers\AmpapiController.php (979)
in C:\xampp\htdocs\membership.rewards\AMPAPI\protected\controllers\AmpapiController.php (1046)
2014/08/05 11:27:01 [error] [application] ReturnMessage: One or more fields is not set or is blank. ErrorCode: 1
in C:\xampp\htdocs\membership.rewards\AMPAPI\protected\components\Utilities.php (11)
in C:\xampp\htdocs\membership.rewards\AMPAPI\protected\controllers\AmpapiController.php (979)
in C:\xampp\htdocs\membership.rewards\AMPAPI\protected\controllers\AmpapiController.php (1046)
2014/08/05 11:27:53 [error] [application] ReturnMessage: One or more fields is not set or is blank. ErrorCode: 1
in C:\xampp\htdocs\membership.rewards\AMPAPI\protected\components\Utilities.php (11)
in C:\xampp\htdocs\membership.rewards\AMPAPI\protected\controllers\AmpapiController.php (979)
in C:\xampp\htdocs\membership.rewards\AMPAPI\protected\controllers\AmpapiController.php (1046)
2014/08/05 11:28:22 [error] [application] ReturnMessage: One or more fields is not set or is blank. ErrorCode: 1
in C:\xampp\htdocs\membership.rewards\AMPAPI\protected\components\Utilities.php (11)
in C:\xampp\htdocs\membership.rewards\AMPAPI\protected\controllers\AmpapiController.php (979)
in C:\xampp\htdocs\membership.rewards\AMPAPI\protected\controllers\AmpapiController.php (1046)
2014/08/05 11:31:45 [error] [application] ReturnMessage: Invalid. ErrorCode: 1.1
in C:\xampp\htdocs\membership.rewards\AMPAPI\protected\components\Utilities.php (11)
in C:\xampp\htdocs\membership.rewards\AMPAPI\protected\controllers\AmpapiController.php (979)
in C:\xampp\htdocs\membership.rewards\AMPAPI\protected\controllers\AmpapiController.php (287)
2014/08/05 11:32:07 [error] [application] ReturnMessage: Valid ErrorCode: 0.1
in C:\xampp\htdocs\membership.rewards\AMPAPI\protected\components\Utilities.php (11)
in C:\xampp\htdocs\membership.rewards\AMPAPI\protected\controllers\AmpapiController.php (989)
in C:\xampp\htdocs\membership.rewards\AMPAPI\protected\controllers\AmpapiController.php (254)
2014/08/05 11:33:54 [error] [application] ReturnMessage: Valid ErrorCode: 0.1
in C:\xampp\htdocs\membership.rewards\AMPAPI\protected\components\Utilities.php (11)
in C:\xampp\htdocs\membership.rewards\AMPAPI\protected\controllers\AmpapiController.php (989)
in C:\xampp\htdocs\membership.rewards\AMPAPI\protected\controllers\AmpapiController.php (254)
2014/08/05 11:33:54 [error] [application] ReturnMessage: No response from Membership portal API. ErrorCode: 63
in C:\xampp\htdocs\membership.rewards\AMPAPI\protected\components\Utilities.php (11)
in C:\xampp\htdocs\membership.rewards\AMPAPI\protected\controllers\AmpapiController.php (997)
in C:\xampp\htdocs\membership.rewards\AMPAPI\protected\controllers\AmpapiController.php (731)
2014/08/05 11:37:46 [error] [application] ReturnMessage: Valid ErrorCode: 0.1
in C:\xampp\htdocs\membership.rewards\AMPAPI\protected\components\Utilities.php (11)
in C:\xampp\htdocs\membership.rewards\AMPAPI\protected\controllers\AmpapiController.php (989)
in C:\xampp\htdocs\membership.rewards\AMPAPI\protected\controllers\AmpapiController.php (254)
2014/08/05 11:37:46 [error] [application] ReturnMessage: No response from Membership portal API. ErrorCode: 63
in C:\xampp\htdocs\membership.rewards\AMPAPI\protected\components\Utilities.php (11)
in C:\xampp\htdocs\membership.rewards\AMPAPI\protected\controllers\AmpapiController.php (997)
in C:\xampp\htdocs\membership.rewards\AMPAPI\protected\controllers\AmpapiController.php (731)
2014/08/05 11:40:54 [error] [application] ReturnMessage: Valid ErrorCode: 0.1
in C:\xampp\htdocs\membership.rewards\AMPAPI\protected\components\Utilities.php (11)
in C:\xampp\htdocs\membership.rewards\AMPAPI\protected\controllers\AmpapiController.php (989)
in C:\xampp\htdocs\membership.rewards\AMPAPI\protected\controllers\AmpapiController.php (254)
2014/08/05 11:40:54 [error] [application] ReturnMessage: No response from Membership portal API. ErrorCode: 63
in C:\xampp\htdocs\membership.rewards\AMPAPI\protected\components\Utilities.php (11)
in C:\xampp\htdocs\membership.rewards\AMPAPI\protected\controllers\AmpapiController.php (997)
in C:\xampp\htdocs\membership.rewards\AMPAPI\protected\controllers\AmpapiController.php (731)
2014/08/05 11:52:05 [error] [application] ReturnMessage: Valid ErrorCode: 0.1
in C:\xampp\htdocs\membership.rewards\AMPAPI\protected\components\Utilities.php (11)
in C:\xampp\htdocs\membership.rewards\AMPAPI\protected\controllers\AmpapiController.php (989)
in C:\xampp\htdocs\membership.rewards\AMPAPI\protected\controllers\AmpapiController.php (254)
2014/08/05 11:52:55 [error] [application] ReturnMessage: Valid ErrorCode: 0.1
in C:\xampp\htdocs\membership.rewards\AMPAPI\protected\components\Utilities.php (11)
in C:\xampp\htdocs\membership.rewards\AMPAPI\protected\controllers\AmpapiController.php (989)
in C:\xampp\htdocs\membership.rewards\AMPAPI\protected\controllers\AmpapiController.php (254)
2014/08/05 11:54:11 [error] [application] ReturnMessage: Valid ErrorCode: 0.1
in C:\xampp\htdocs\membership.rewards\AMPAPI\protected\components\Utilities.php (11)
in C:\xampp\htdocs\membership.rewards\AMPAPI\protected\controllers\AmpapiController.php (989)
in C:\xampp\htdocs\membership.rewards\AMPAPI\protected\controllers\AmpapiController.php (254)
2014/08/05 11:54:36 [error] [application] ReturnMessage: Valid ErrorCode: 0.1
in C:\xampp\htdocs\membership.rewards\AMPAPI\protected\components\Utilities.php (11)
in C:\xampp\htdocs\membership.rewards\AMPAPI\protected\controllers\AmpapiController.php (989)
in C:\xampp\htdocs\membership.rewards\AMPAPI\protected\controllers\AmpapiController.php (254)
2014/08/05 11:58:00 [error] [application] ReturnMessage: Valid ErrorCode: 0.1
in C:\xampp\htdocs\membership.rewards\AMPAPI\protected\components\Utilities.php (11)
in C:\xampp\htdocs\membership.rewards\AMPAPI\protected\controllers\AmpapiController.php (989)
in C:\xampp\htdocs\membership.rewards\AMPAPI\protected\controllers\AmpapiController.php (254)
2014/08/05 13:40:23 [error] [application] ReturnMessage: One or more fields is not set or is blank. ErrorCode: 1
in C:\xampp\htdocs\membership.rewards\AMPAPI\protected\components\Utilities.php (11)
in C:\xampp\htdocs\membership.rewards\AMPAPI\protected\controllers\AmpapiController.php (979)
in C:\xampp\htdocs\membership.rewards\AMPAPI\protected\controllers\AmpapiController.php (1047)
2014/08/05 13:41:08 [error] [application] ReturnMessage: utft92g233j64bltkqdj9p88n6 ErrorCode: 0
in C:\xampp\htdocs\membership.rewards\AMPAPI\protected\components\Utilities.php (11)
in C:\xampp\htdocs\membership.rewards\AMPAPI\protected\controllers\AmpapiController.php (966)
in C:\xampp\htdocs\membership.rewards\AMPAPI\protected\controllers\AmpapiController.php (205)
2014/08/05 13:41:19 [error] [application] ReturnMessage: One or more fields is not set or is blank. ErrorCode: 65
in C:\xampp\htdocs\membership.rewards\AMPAPI\protected\components\Utilities.php (11)
in C:\xampp\htdocs\membership.rewards\AMPAPI\protected\controllers\AmpapiController.php (979)
in C:\xampp\htdocs\membership.rewards\AMPAPI\protected\controllers\AmpapiController.php (1047)
2014/08/05 13:47:07 [error] [application] ReturnMessage: One or more fields is not set or is blank. ErrorCode: 1
in C:\xampp\htdocs\membership.rewards\AMPAPI\protected\components\Utilities.php (11)
in C:\xampp\htdocs\membership.rewards\AMPAPI\protected\controllers\AmpapiController.php (979)
in C:\xampp\htdocs\membership.rewards\AMPAPI\protected\controllers\AmpapiController.php (1047)
2014/08/05 13:47:25 [error] [application] ReturnMessage: One or more fields is not set or is blank. ErrorCode: 65
in C:\xampp\htdocs\membership.rewards\AMPAPI\protected\components\Utilities.php (11)
in C:\xampp\htdocs\membership.rewards\AMPAPI\protected\controllers\AmpapiController.php (979)
in C:\xampp\htdocs\membership.rewards\AMPAPI\protected\controllers\AmpapiController.php (1047)
2014/08/05 13:47:42 [error] [application] ReturnMessage: One or more fields is not set or is blank. ErrorCode: 1
in C:\xampp\htdocs\membership.rewards\AMPAPI\protected\components\Utilities.php (11)
in C:\xampp\htdocs\membership.rewards\AMPAPI\protected\controllers\AmpapiController.php (979)
in C:\xampp\htdocs\membership.rewards\AMPAPI\protected\controllers\AmpapiController.php (1047)
2014/08/05 13:48:04 [error] [application] ReturnMessage: One or more fields is not set or is blank. ErrorCode: 1
in C:\xampp\htdocs\membership.rewards\AMPAPI\protected\components\Utilities.php (11)
in C:\xampp\htdocs\membership.rewards\AMPAPI\protected\controllers\AmpapiController.php (979)
in C:\xampp\htdocs\membership.rewards\AMPAPI\protected\controllers\AmpapiController.php (1047)
2014/08/05 13:48:16 [error] [application] ReturnMessage: One or more fields is not set or is blank. ErrorCode: 1
in C:\xampp\htdocs\membership.rewards\AMPAPI\protected\components\Utilities.php (11)
in C:\xampp\htdocs\membership.rewards\AMPAPI\protected\controllers\AmpapiController.php (979)
in C:\xampp\htdocs\membership.rewards\AMPAPI\protected\controllers\AmpapiController.php (1047)
2014/08/05 13:48:42 [error] [application] ReturnMessage: One or more fields is not set or is blank. ErrorCode: 1
in C:\xampp\htdocs\membership.rewards\AMPAPI\protected\components\Utilities.php (11)
in C:\xampp\htdocs\membership.rewards\AMPAPI\protected\controllers\AmpapiController.php (979)
in C:\xampp\htdocs\membership.rewards\AMPAPI\protected\controllers\AmpapiController.php (1047)
2014/08/05 13:49:17 [error] [application] ReturnMessage: One or more fields is not set or is blank. ErrorCode: 1
in C:\xampp\htdocs\membership.rewards\AMPAPI\protected\components\Utilities.php (11)
in C:\xampp\htdocs\membership.rewards\AMPAPI\protected\controllers\AmpapiController.php (979)
in C:\xampp\htdocs\membership.rewards\AMPAPI\protected\controllers\AmpapiController.php (1047)
2014/08/05 13:54:28 [error] [application] ReturnMessage: One or more fields is not set or is blank. ErrorCode: 1
in C:\xampp\htdocs\membership.rewards\AMPAPI\protected\components\Utilities.php (11)
in C:\xampp\htdocs\membership.rewards\AMPAPI\protected\controllers\AmpapiController.php (979)
in C:\xampp\htdocs\membership.rewards\AMPAPI\protected\controllers\AmpapiController.php (1047)
2014/08/05 13:56:01 [error] [application] ReturnMessage: One or more fields is not set or is blank. ErrorCode: 1
in C:\xampp\htdocs\membership.rewards\AMPAPI\protected\components\Utilities.php (11)
in C:\xampp\htdocs\membership.rewards\AMPAPI\protected\controllers\AmpapiController.php (979)
in C:\xampp\htdocs\membership.rewards\AMPAPI\protected\controllers\AmpapiController.php (1047)
2014/08/05 13:57:33 [error] [application] ReturnMessage: One or more fields is not set or is blank. ErrorCode: 1
in C:\xampp\htdocs\membership.rewards\AMPAPI\protected\components\Utilities.php (11)
in C:\xampp\htdocs\membership.rewards\AMPAPI\protected\controllers\AmpapiController.php (979)
in C:\xampp\htdocs\membership.rewards\AMPAPI\protected\controllers\AmpapiController.php (1047)
2014/08/05 13:57:56 [error] [application] ReturnMessage: One or more fields is not set or is blank. ErrorCode: 1
in C:\xampp\htdocs\membership.rewards\AMPAPI\protected\components\Utilities.php (11)
in C:\xampp\htdocs\membership.rewards\AMPAPI\protected\controllers\AmpapiController.php (979)
in C:\xampp\htdocs\membership.rewards\AMPAPI\protected\controllers\AmpapiController.php (1047)
2014/08/05 14:02:35 [error] [application] ReturnMessage: One or more fields is not set or is blank. ErrorCode: 65
in C:\xampp\htdocs\membership.rewards\AMPAPI\protected\components\Utilities.php (11)
in C:\xampp\htdocs\membership.rewards\AMPAPI\protected\controllers\AmpapiController.php (979)
in C:\xampp\htdocs\membership.rewards\AMPAPI\protected\controllers\AmpapiController.php (1047)
2014/08/05 14:02:36 [error] [application] ReturnMessage: One or more fields is not set or is blank. ErrorCode: 65
in C:\xampp\htdocs\membership.rewards\AMPAPI\protected\components\Utilities.php (11)
in C:\xampp\htdocs\membership.rewards\AMPAPI\protected\controllers\AmpapiController.php (979)
in C:\xampp\htdocs\membership.rewards\AMPAPI\protected\controllers\AmpapiController.php (1047)
2014/08/05 14:02:37 [error] [application] ReturnMessage: One or more fields is not set or is blank. ErrorCode: 65
in C:\xampp\htdocs\membership.rewards\AMPAPI\protected\components\Utilities.php (11)
in C:\xampp\htdocs\membership.rewards\AMPAPI\protected\controllers\AmpapiController.php (979)
in C:\xampp\htdocs\membership.rewards\AMPAPI\protected\controllers\AmpapiController.php (1047)
2014/08/05 14:02:38 [error] [application] ReturnMessage: One or more fields is not set or is blank. ErrorCode: 1
in C:\xampp\htdocs\membership.rewards\AMPAPI\protected\components\Utilities.php (11)
in C:\xampp\htdocs\membership.rewards\AMPAPI\protected\controllers\AmpapiController.php (979)
in C:\xampp\htdocs\membership.rewards\AMPAPI\protected\controllers\AmpapiController.php (1047)
2014/08/05 14:05:09 [error] [application] ReturnMessage: One or more fields is not set or is blank. ErrorCode: 1
in C:\xampp\htdocs\membership.rewards\AMPAPI\protected\components\Utilities.php (11)
in C:\xampp\htdocs\membership.rewards\AMPAPI\protected\controllers\AmpapiController.php (979)
in C:\xampp\htdocs\membership.rewards\AMPAPI\protected\controllers\AmpapiController.php (1047)
2014/08/05 14:05:38 [error] [application] ReturnMessage: One or more fields is not set or is blank. ErrorCode: 1
in C:\xampp\htdocs\membership.rewards\AMPAPI\protected\components\Utilities.php (11)
in C:\xampp\htdocs\membership.rewards\AMPAPI\protected\controllers\AmpapiController.php (979)
in C:\xampp\htdocs\membership.rewards\AMPAPI\protected\controllers\AmpapiController.php (1047)
2014/08/05 14:06:56 [error] [application] ReturnMessage: One or more fields is not set or is blank. ErrorCode: 1
in C:\xampp\htdocs\membership.rewards\AMPAPI\protected\components\Utilities.php (11)
in C:\xampp\htdocs\membership.rewards\AMPAPI\protected\controllers\AmpapiController.php (979)
in C:\xampp\htdocs\membership.rewards\AMPAPI\protected\controllers\AmpapiController.php (1047)
2014/08/05 14:07:17 [error] [application] ReturnMessage: One or more fields is not set or is blank. ErrorCode: 1
in C:\xampp\htdocs\membership.rewards\AMPAPI\protected\components\Utilities.php (11)
in C:\xampp\htdocs\membership.rewards\AMPAPI\protected\controllers\AmpapiController.php (979)
in C:\xampp\htdocs\membership.rewards\AMPAPI\protected\controllers\AmpapiController.php (1047)
2014/08/05 14:09:18 [error] [application] ReturnMessage: One or more fields is not set or is blank. ErrorCode: 1
in C:\xampp\htdocs\membership.rewards\AMPAPI\protected\components\Utilities.php (11)
in C:\xampp\htdocs\membership.rewards\AMPAPI\protected\controllers\AmpapiController.php (979)
in C:\xampp\htdocs\membership.rewards\AMPAPI\protected\controllers\AmpapiController.php (1047)
2014/08/05 14:09:46 [error] [application] ReturnMessage: One or more fields is not set or is blank. ErrorCode: 1
in C:\xampp\htdocs\membership.rewards\AMPAPI\protected\components\Utilities.php (11)
in C:\xampp\htdocs\membership.rewards\AMPAPI\protected\controllers\AmpapiController.php (979)
in C:\xampp\htdocs\membership.rewards\AMPAPI\protected\controllers\AmpapiController.php (1047)
2014/08/05 14:10:57 [error] [application] ReturnMessage: sog6k3clqbo7mkgnt5gmk8cgn4 ErrorCode: 0
in C:\xampp\htdocs\membership.rewards\AMPAPI\protected\components\Utilities.php (11)
in C:\xampp\htdocs\membership.rewards\AMPAPI\protected\controllers\AmpapiController.php (966)
in C:\xampp\htdocs\membership.rewards\AMPAPI\protected\controllers\AmpapiController.php (205)
2014/08/05 14:11:21 [error] [application] ReturnMessage: Valid ErrorCode: 0.1
in C:\xampp\htdocs\membership.rewards\AMPAPI\protected\components\Utilities.php (11)
in C:\xampp\htdocs\membership.rewards\AMPAPI\protected\controllers\AmpapiController.php (989)
in C:\xampp\htdocs\membership.rewards\AMPAPI\protected\controllers\AmpapiController.php (254)
2014/08/05 14:12:17 [error] [application] ReturnMessage: One or more fields is not set or is blank. ErrorCode: 1
in C:\xampp\htdocs\membership.rewards\AMPAPI\protected\components\Utilities.php (11)
in C:\xampp\htdocs\membership.rewards\AMPAPI\protected\controllers\AmpapiController.php (979)
in C:\xampp\htdocs\membership.rewards\AMPAPI\protected\controllers\AmpapiController.php (1047)
2014/08/05 14:12:19 [error] [application] ReturnMessage: One or more fields is not set or is blank. ErrorCode: 1
in C:\xampp\htdocs\membership.rewards\AMPAPI\protected\components\Utilities.php (11)
in C:\xampp\htdocs\membership.rewards\AMPAPI\protected\controllers\AmpapiController.php (979)
in C:\xampp\htdocs\membership.rewards\AMPAPI\protected\controllers\AmpapiController.php (1047)
2014/08/05 14:12:19 [error] [application] ReturnMessage: One or more fields is not set or is blank. ErrorCode: 1
in C:\xampp\htdocs\membership.rewards\AMPAPI\protected\components\Utilities.php (11)
in C:\xampp\htdocs\membership.rewards\AMPAPI\protected\controllers\AmpapiController.php (979)
in C:\xampp\htdocs\membership.rewards\AMPAPI\protected\controllers\AmpapiController.php (1047)
2014/08/05 14:12:19 [error] [application] ReturnMessage: One or more fields is not set or is blank. ErrorCode: 1
in C:\xampp\htdocs\membership.rewards\AMPAPI\protected\components\Utilities.php (11)
in C:\xampp\htdocs\membership.rewards\AMPAPI\protected\controllers\AmpapiController.php (979)
in C:\xampp\htdocs\membership.rewards\AMPAPI\protected\controllers\AmpapiController.php (1047)
2014/08/05 14:12:19 [error] [application] ReturnMessage: One or more fields is not set or is blank. ErrorCode: 1
in C:\xampp\htdocs\membership.rewards\AMPAPI\protected\components\Utilities.php (11)
in C:\xampp\htdocs\membership.rewards\AMPAPI\protected\controllers\AmpapiController.php (979)
in C:\xampp\htdocs\membership.rewards\AMPAPI\protected\controllers\AmpapiController.php (1047)
2014/08/05 14:12:19 [error] [application] ReturnMessage: One or more fields is not set or is blank. ErrorCode: 1
in C:\xampp\htdocs\membership.rewards\AMPAPI\protected\components\Utilities.php (11)
in C:\xampp\htdocs\membership.rewards\AMPAPI\protected\controllers\AmpapiController.php (979)
in C:\xampp\htdocs\membership.rewards\AMPAPI\protected\controllers\AmpapiController.php (1047)
2014/08/05 14:12:20 [error] [application] ReturnMessage: One or more fields is not set or is blank. ErrorCode: 1
in C:\xampp\htdocs\membership.rewards\AMPAPI\protected\components\Utilities.php (11)
in C:\xampp\htdocs\membership.rewards\AMPAPI\protected\controllers\AmpapiController.php (979)
in C:\xampp\htdocs\membership.rewards\AMPAPI\protected\controllers\AmpapiController.php (1047)
2014/08/05 14:12:20 [error] [application] ReturnMessage: One or more fields is not set or is blank. ErrorCode: 1
in C:\xampp\htdocs\membership.rewards\AMPAPI\protected\components\Utilities.php (11)
in C:\xampp\htdocs\membership.rewards\AMPAPI\protected\controllers\AmpapiController.php (979)
in C:\xampp\htdocs\membership.rewards\AMPAPI\protected\controllers\AmpapiController.php (1047)
2014/08/05 14:12:20 [error] [application] ReturnMessage: One or more fields is not set or is blank. ErrorCode: 1
in C:\xampp\htdocs\membership.rewards\AMPAPI\protected\components\Utilities.php (11)
in C:\xampp\htdocs\membership.rewards\AMPAPI\protected\controllers\AmpapiController.php (979)
in C:\xampp\htdocs\membership.rewards\AMPAPI\protected\controllers\AmpapiController.php (1047)
2014/08/05 14:12:21 [error] [application] ReturnMessage: One or more fields is not set or is blank. ErrorCode: 1
in C:\xampp\htdocs\membership.rewards\AMPAPI\protected\components\Utilities.php (11)
in C:\xampp\htdocs\membership.rewards\AMPAPI\protected\controllers\AmpapiController.php (979)
in C:\xampp\htdocs\membership.rewards\AMPAPI\protected\controllers\AmpapiController.php (1047)
2014/08/05 14:12:31 [error] [application] ReturnMessage: Invalid Session ID. ErrorCode: 61
in C:\xampp\htdocs\membership.rewards\AMPAPI\protected\components\Utilities.php (11)
in C:\xampp\htdocs\membership.rewards\AMPAPI\protected\controllers\AmpapiController.php (979)
in C:\xampp\htdocs\membership.rewards\AMPAPI\protected\controllers\AmpapiController.php (1253)
2014/08/05 14:12:44 [error] [application] ReturnMessage: Invalid Session ID. ErrorCode: 61
in C:\xampp\htdocs\membership.rewards\AMPAPI\protected\components\Utilities.php (11)
in C:\xampp\htdocs\membership.rewards\AMPAPI\protected\controllers\AmpapiController.php (979)
in C:\xampp\htdocs\membership.rewards\AMPAPI\protected\controllers\AmpapiController.php (1253)
2014/08/05 14:12:56 [error] [application] ReturnMessage: Invalid Session ID. ErrorCode: 61
in C:\xampp\htdocs\membership.rewards\AMPAPI\protected\components\Utilities.php (11)
in C:\xampp\htdocs\membership.rewards\AMPAPI\protected\controllers\AmpapiController.php (979)
in C:\xampp\htdocs\membership.rewards\AMPAPI\protected\controllers\AmpapiController.php (1253)
2014/08/05 14:13:12 [error] [application] ReturnMessage: Invalid Session ID. ErrorCode: 61
in C:\xampp\htdocs\membership.rewards\AMPAPI\protected\components\Utilities.php (11)
in C:\xampp\htdocs\membership.rewards\AMPAPI\protected\controllers\AmpapiController.php (979)
in C:\xampp\htdocs\membership.rewards\AMPAPI\protected\controllers\AmpapiController.php (1253)
2014/08/05 14:13:20 [error] [application] ReturnMessage: gau0m3drrmdab06dcn0lhs6472 ErrorCode: 0
in C:\xampp\htdocs\membership.rewards\AMPAPI\protected\components\Utilities.php (11)
in C:\xampp\htdocs\membership.rewards\AMPAPI\protected\controllers\AmpapiController.php (966)
in C:\xampp\htdocs\membership.rewards\AMPAPI\protected\controllers\AmpapiController.php (205)
2014/08/05 14:13:30 [error] [application] ReturnMessage: Valid ErrorCode: 0.1
in C:\xampp\htdocs\membership.rewards\AMPAPI\protected\components\Utilities.php (11)
in C:\xampp\htdocs\membership.rewards\AMPAPI\protected\controllers\AmpapiController.php (989)
in C:\xampp\htdocs\membership.rewards\AMPAPI\protected\controllers\AmpapiController.php (254)
2014/08/05 14:13:54 [error] [application] ReturnMessage: Invalid Session ID. ErrorCode: 61
in C:\xampp\htdocs\membership.rewards\AMPAPI\protected\components\Utilities.php (11)
in C:\xampp\htdocs\membership.rewards\AMPAPI\protected\controllers\AmpapiController.php (979)
in C:\xampp\htdocs\membership.rewards\AMPAPI\protected\controllers\AmpapiController.php (1253)
2014/08/05 14:14:11 [error] [application] ReturnMessage: Invalid Session ID. ErrorCode: 61
in C:\xampp\htdocs\membership.rewards\AMPAPI\protected\components\Utilities.php (11)
in C:\xampp\htdocs\membership.rewards\AMPAPI\protected\controllers\AmpapiController.php (979)
in C:\xampp\htdocs\membership.rewards\AMPAPI\protected\controllers\AmpapiController.php (1253)
2014/08/05 14:14:32 [error] [application] ReturnMessage: Valid ErrorCode: 0.1
in C:\xampp\htdocs\membership.rewards\AMPAPI\protected\components\Utilities.php (11)
in C:\xampp\htdocs\membership.rewards\AMPAPI\protected\controllers\AmpapiController.php (989)
in C:\xampp\htdocs\membership.rewards\AMPAPI\protected\controllers\AmpapiController.php (254)
2014/08/05 14:14:56 [error] [application] ReturnMessage: One or more fields is not set or is blank. ErrorCode: 1
in C:\xampp\htdocs\membership.rewards\AMPAPI\protected\components\Utilities.php (11)
in C:\xampp\htdocs\membership.rewards\AMPAPI\protected\controllers\AmpapiController.php (979)
in C:\xampp\htdocs\membership.rewards\AMPAPI\protected\controllers\AmpapiController.php (1064)
2014/08/05 14:15:17 [error] [application] ReturnMessage: Valid ErrorCode: 0.1
in C:\xampp\htdocs\membership.rewards\AMPAPI\protected\components\Utilities.php (11)
in C:\xampp\htdocs\membership.rewards\AMPAPI\protected\controllers\AmpapiController.php (989)
in C:\xampp\htdocs\membership.rewards\AMPAPI\protected\controllers\AmpapiController.php (254)
2014/08/05 14:15:21 [error] [application] ReturnMessage: Invalid Session ID. ErrorCode: 61
in C:\xampp\htdocs\membership.rewards\AMPAPI\protected\components\Utilities.php (11)
in C:\xampp\htdocs\membership.rewards\AMPAPI\protected\controllers\AmpapiController.php (979)
in C:\xampp\htdocs\membership.rewards\AMPAPI\protected\controllers\AmpapiController.php (1253)
2014/08/05 14:15:24 [error] [application] ReturnMessage: Valid ErrorCode: 0.1
in C:\xampp\htdocs\membership.rewards\AMPAPI\protected\components\Utilities.php (11)
in C:\xampp\htdocs\membership.rewards\AMPAPI\protected\controllers\AmpapiController.php (989)
in C:\xampp\htdocs\membership.rewards\AMPAPI\protected\controllers\AmpapiController.php (254)
2014/08/05 14:15:55 [error] [application] ReturnMessage: Valid ErrorCode: 0.1
in C:\xampp\htdocs\membership.rewards\AMPAPI\protected\components\Utilities.php (11)
in C:\xampp\htdocs\membership.rewards\AMPAPI\protected\controllers\AmpapiController.php (989)
in C:\xampp\htdocs\membership.rewards\AMPAPI\protected\controllers\AmpapiController.php (254)
2014/08/05 14:16:05 [error] [application] ReturnMessage: One or more fields is not set or is blank. ErrorCode: 1
in C:\xampp\htdocs\membership.rewards\AMPAPI\protected\components\Utilities.php (11)
in C:\xampp\htdocs\membership.rewards\AMPAPI\protected\controllers\AmpapiController.php (979)
in C:\xampp\htdocs\membership.rewards\AMPAPI\protected\controllers\AmpapiController.php (1064)
2014/08/05 14:16:14 [error] [application] ReturnMessage: One or more fields is not set or is blank. ErrorCode: 1
in C:\xampp\htdocs\membership.rewards\AMPAPI\protected\components\Utilities.php (11)
in C:\xampp\htdocs\membership.rewards\AMPAPI\protected\controllers\AmpapiController.php (979)
in C:\xampp\htdocs\membership.rewards\AMPAPI\protected\controllers\AmpapiController.php (1064)
2014/08/05 14:16:17 [error] [application] ReturnMessage: Valid ErrorCode: 0.1
in C:\xampp\htdocs\membership.rewards\AMPAPI\protected\components\Utilities.php (11)
in C:\xampp\htdocs\membership.rewards\AMPAPI\protected\controllers\AmpapiController.php (989)
in C:\xampp\htdocs\membership.rewards\AMPAPI\protected\controllers\AmpapiController.php (254)
2014/08/05 14:16:24 [error] [application] ReturnMessage: Valid ErrorCode: 0.1
in C:\xampp\htdocs\membership.rewards\AMPAPI\protected\components\Utilities.php (11)
in C:\xampp\htdocs\membership.rewards\AMPAPI\protected\controllers\AmpapiController.php (989)
in C:\xampp\htdocs\membership.rewards\AMPAPI\protected\controllers\AmpapiController.php (254)
2014/08/05 14:16:27 [error] [application] ReturnMessage: Invalid Session ID. ErrorCode: 61
in C:\xampp\htdocs\membership.rewards\AMPAPI\protected\components\Utilities.php (11)
in C:\xampp\htdocs\membership.rewards\AMPAPI\protected\controllers\AmpapiController.php (979)
in C:\xampp\htdocs\membership.rewards\AMPAPI\protected\controllers\AmpapiController.php (1253)
2014/08/05 14:16:30 [error] [application] ReturnMessage: Valid ErrorCode: 0.1
in C:\xampp\htdocs\membership.rewards\AMPAPI\protected\components\Utilities.php (11)
in C:\xampp\htdocs\membership.rewards\AMPAPI\protected\controllers\AmpapiController.php (989)
in C:\xampp\htdocs\membership.rewards\AMPAPI\protected\controllers\AmpapiController.php (254)
2014/08/05 14:16:33 [error] [application] ReturnMessage: Valid ErrorCode: 0.1
in C:\xampp\htdocs\membership.rewards\AMPAPI\protected\components\Utilities.php (11)
in C:\xampp\htdocs\membership.rewards\AMPAPI\protected\controllers\AmpapiController.php (989)
in C:\xampp\htdocs\membership.rewards\AMPAPI\protected\controllers\AmpapiController.php (254)
2014/08/05 14:16:38 [error] [application] ReturnMessage: Valid ErrorCode: 0.1
in C:\xampp\htdocs\membership.rewards\AMPAPI\protected\components\Utilities.php (11)
in C:\xampp\htdocs\membership.rewards\AMPAPI\protected\controllers\AmpapiController.php (989)
in C:\xampp\htdocs\membership.rewards\AMPAPI\protected\controllers\AmpapiController.php (254)
2014/08/05 14:16:56 [error] [application] ReturnMessage: Valid ErrorCode: 0.1
in C:\xampp\htdocs\membership.rewards\AMPAPI\protected\components\Utilities.php (11)
in C:\xampp\htdocs\membership.rewards\AMPAPI\protected\controllers\AmpapiController.php (989)
in C:\xampp\htdocs\membership.rewards\AMPAPI\protected\controllers\AmpapiController.php (254)
2014/08/05 14:17:02 [error] [application] ReturnMessage: Invalid Session ID. ErrorCode: 61
in C:\xampp\htdocs\membership.rewards\AMPAPI\protected\components\Utilities.php (11)
in C:\xampp\htdocs\membership.rewards\AMPAPI\protected\controllers\AmpapiController.php (979)
in C:\xampp\htdocs\membership.rewards\AMPAPI\protected\controllers\AmpapiController.php (1253)
2014/08/05 14:17:05 [error] [application] ReturnMessage: Valid ErrorCode: 0.1
in C:\xampp\htdocs\membership.rewards\AMPAPI\protected\components\Utilities.php (11)
in C:\xampp\htdocs\membership.rewards\AMPAPI\protected\controllers\AmpapiController.php (989)
in C:\xampp\htdocs\membership.rewards\AMPAPI\protected\controllers\AmpapiController.php (254)
2014/08/05 14:17:08 [error] [application] ReturnMessage: Valid ErrorCode: 0.1
in C:\xampp\htdocs\membership.rewards\AMPAPI\protected\components\Utilities.php (11)
in C:\xampp\htdocs\membership.rewards\AMPAPI\protected\controllers\AmpapiController.php (989)
in C:\xampp\htdocs\membership.rewards\AMPAPI\protected\controllers\AmpapiController.php (254)
2014/08/05 14:17:09 [error] [application] ReturnMessage: One or more fields is not set or is blank. ErrorCode: 1
in C:\xampp\htdocs\membership.rewards\AMPAPI\protected\components\Utilities.php (11)
in C:\xampp\htdocs\membership.rewards\AMPAPI\protected\controllers\AmpapiController.php (979)
in C:\xampp\htdocs\membership.rewards\AMPAPI\protected\controllers\AmpapiController.php (1064)
2014/08/05 14:17:13 [error] [application] ReturnMessage: Valid ErrorCode: 0.1
in C:\xampp\htdocs\membership.rewards\AMPAPI\protected\components\Utilities.php (11)
in C:\xampp\htdocs\membership.rewards\AMPAPI\protected\controllers\AmpapiController.php (989)
in C:\xampp\htdocs\membership.rewards\AMPAPI\protected\controllers\AmpapiController.php (254)
2014/08/05 14:17:42 [error] [application] ReturnMessage: Valid ErrorCode: 0.1
in C:\xampp\htdocs\membership.rewards\AMPAPI\protected\components\Utilities.php (11)
in C:\xampp\htdocs\membership.rewards\AMPAPI\protected\controllers\AmpapiController.php (989)
in C:\xampp\htdocs\membership.rewards\AMPAPI\protected\controllers\AmpapiController.php (254)
2014/08/05 14:18:04 [error] [application] ReturnMessage: Invalid Session ID. ErrorCode: 61
in C:\xampp\htdocs\membership.rewards\AMPAPI\protected\components\Utilities.php (11)
in C:\xampp\htdocs\membership.rewards\AMPAPI\protected\controllers\AmpapiController.php (979)
in C:\xampp\htdocs\membership.rewards\AMPAPI\protected\controllers\AmpapiController.php (1253)
2014/08/05 14:18:08 [error] [application] ReturnMessage: Invalid Session ID. ErrorCode: 61
in C:\xampp\htdocs\membership.rewards\AMPAPI\protected\components\Utilities.php (11)
in C:\xampp\htdocs\membership.rewards\AMPAPI\protected\controllers\AmpapiController.php (979)
in C:\xampp\htdocs\membership.rewards\AMPAPI\protected\controllers\AmpapiController.php (1253)
2014/08/05 14:18:22 [error] [application] ReturnMessage: Valid ErrorCode: 0.1
in C:\xampp\htdocs\membership.rewards\AMPAPI\protected\components\Utilities.php (11)
in C:\xampp\htdocs\membership.rewards\AMPAPI\protected\controllers\AmpapiController.php (989)
in C:\xampp\htdocs\membership.rewards\AMPAPI\protected\controllers\AmpapiController.php (254)
2014/08/05 14:18:42 [error] [application] ReturnMessage: Valid ErrorCode: 0.1
in C:\xampp\htdocs\membership.rewards\AMPAPI\protected\components\Utilities.php (11)
in C:\xampp\htdocs\membership.rewards\AMPAPI\protected\controllers\AmpapiController.php (989)
in C:\xampp\htdocs\membership.rewards\AMPAPI\protected\controllers\AmpapiController.php (254)
2014/08/05 14:20:35 [error] [application] ReturnMessage: Invalid Session ID. ErrorCode: 61
in C:\xampp\htdocs\membership.rewards\AMPAPI\protected\components\Utilities.php (11)
in C:\xampp\htdocs\membership.rewards\AMPAPI\protected\controllers\AmpapiController.php (979)
in C:\xampp\htdocs\membership.rewards\AMPAPI\protected\controllers\AmpapiController.php (1253)
2014/08/05 14:20:42 [error] [application] ReturnMessage: n60479p6orc399slv628v3f823 ErrorCode: 0
in C:\xampp\htdocs\membership.rewards\AMPAPI\protected\components\Utilities.php (11)
in C:\xampp\htdocs\membership.rewards\AMPAPI\protected\controllers\AmpapiController.php (966)
in C:\xampp\htdocs\membership.rewards\AMPAPI\protected\controllers\AmpapiController.php (205)
2014/08/05 14:20:47 [error] [application] ReturnMessage: Valid ErrorCode: 0.1
in C:\xampp\htdocs\membership.rewards\AMPAPI\protected\components\Utilities.php (11)
in C:\xampp\htdocs\membership.rewards\AMPAPI\protected\controllers\AmpapiController.php (989)
in C:\xampp\htdocs\membership.rewards\AMPAPI\protected\controllers\AmpapiController.php (254)
2014/08/05 14:27:22 [error] [application] ReturnMessage: Invalid Session ID. ErrorCode: 61
in C:\xampp\htdocs\membership.rewards\AMPAPI\protected\components\Utilities.php (11)
in C:\xampp\htdocs\membership.rewards\AMPAPI\protected\controllers\AmpapiController.php (979)
in C:\xampp\htdocs\membership.rewards\AMPAPI\protected\controllers\AmpapiController.php (1253)
2014/08/05 20:13:28 [error] [application] ReturnMessage: One or more fields is not set or is blank. ErrorCode: 1
in C:\xampp\htdocs\membership.rewards\AMPAPI\protected\components\Utilities.php (11)
in C:\xampp\htdocs\membership.rewards\AMPAPI\protected\controllers\AmpapiController.php (1004)
in C:\xampp\htdocs\membership.rewards\AMPAPI\protected\controllers\AmpapiController.php (1089)
2014/08/05 20:13:28 [error] [php] Undefined index: Logout (C:\xampp\htdocs\membership.rewards\AMPAPI\protected\controllers\AmpapiController.php:1091)
Stack trace:
#0 C:\xampp\htdocs\yii\framework\web\CController.php(308): CInlineAction->runWithParams()
#1 C:\xampp\htdocs\yii\framework\web\CController.php(286): AmpapiController->runAction()
#2 C:\xampp\htdocs\yii\framework\web\CController.php(265): AmpapiController->runActionWithFilters()
#3 C:\xampp\htdocs\yii\framework\web\CWebApplication.php(282): AmpapiController->run()
#4 C:\xampp\htdocs\yii\framework\web\CWebApplication.php(141): CWebApplication->runController()
#5 C:\xampp\htdocs\yii\framework\base\CApplication.php(169): CWebApplication->processRequest()
#6 C:\xampp\htdocs\membership.rewards\AMPAPI\index.php(13): CWebApplication->run()
REQUEST_URI=/membership.rewards/AMPAPI/index.php/Ampapi/logout
in C:\xampp\htdocs\membership.rewards\AMPAPI\protected\controllers\AmpapiController.php (1091)
in C:\xampp\htdocs\membership.rewards\AMPAPI\protected\controllers\AmpapiController.php (866)
in C:\xampp\htdocs\membership.rewards\AMPAPI\index.php (13)
2014/08/05 20:17:47 [error] [application] ReturnMessage: One or more fields is not set or is blank. ErrorCode: 1
in C:\xampp\htdocs\membership.rewards\AMPAPI\protected\components\Utilities.php (11)
in C:\xampp\htdocs\membership.rewards\AMPAPI\protected\controllers\AmpapiController.php (1004)
in C:\xampp\htdocs\membership.rewards\AMPAPI\protected\controllers\AmpapiController.php (1089)
2014/08/05 20:17:47 [error] [php] Undefined index: Logout (C:\xampp\htdocs\membership.rewards\AMPAPI\protected\controllers\AmpapiController.php:1091)
Stack trace:
#0 C:\xampp\htdocs\yii\framework\web\CController.php(308): CInlineAction->runWithParams()
#1 C:\xampp\htdocs\yii\framework\web\CController.php(286): AmpapiController->runAction()
#2 C:\xampp\htdocs\yii\framework\web\CController.php(265): AmpapiController->runActionWithFilters()
#3 C:\xampp\htdocs\yii\framework\web\CWebApplication.php(282): AmpapiController->run()
#4 C:\xampp\htdocs\yii\framework\web\CWebApplication.php(141): CWebApplication->runController()
#5 C:\xampp\htdocs\yii\framework\base\CApplication.php(169): CWebApplication->processRequest()
#6 C:\xampp\htdocs\membership.rewards\AMPAPI\index.php(13): CWebApplication->run()
REQUEST_URI=/membership.rewards/AMPAPI/index.php/Ampapi/logout
in C:\xampp\htdocs\membership.rewards\AMPAPI\protected\controllers\AmpapiController.php (1091)
in C:\xampp\htdocs\membership.rewards\AMPAPI\protected\controllers\AmpapiController.php (866)
in C:\xampp\htdocs\membership.rewards\AMPAPI\index.php (13)
2014/08/05 20:19:00 [error] [application] ReturnMessage: One or more fields is not set or is blank. ErrorCode: 1
in C:\xampp\htdocs\membership.rewards\AMPAPI\protected\components\Utilities.php (11)
in C:\xampp\htdocs\membership.rewards\AMPAPI\protected\controllers\AmpapiController.php (1005)
in C:\xampp\htdocs\membership.rewards\AMPAPI\protected\controllers\AmpapiController.php (1090)
2014/08/05 20:20:34 [error] [application] ReturnMessage: One or more fields is not set or is blank. ErrorCode: 1
in C:\xampp\htdocs\membership.rewards\AMPAPI\protected\components\Utilities.php (11)
in C:\xampp\htdocs\membership.rewards\AMPAPI\protected\controllers\AmpapiController.php (1005)
in C:\xampp\htdocs\membership.rewards\AMPAPI\protected\controllers\AmpapiController.php (1090)
2014/08/05 20:21:56 [error] [application] ReturnMessage: 15i38mup0vfl0trv8mkuvnvop2 ErrorCode: 0
in C:\xampp\htdocs\membership.rewards\AMPAPI\protected\components\Utilities.php (11)
in C:\xampp\htdocs\membership.rewards\AMPAPI\protected\controllers\AmpapiController.php (992)
in C:\xampp\htdocs\membership.rewards\AMPAPI\protected\controllers\AmpapiController.php (206)
2014/08/05 20:22:07 [error] [application] ReturnMessage: Invalid Session ID. ErrorCode: 61
in C:\xampp\htdocs\membership.rewards\AMPAPI\protected\components\Utilities.php (11)
in C:\xampp\htdocs\membership.rewards\AMPAPI\protected\controllers\AmpapiController.php (1005)
in C:\xampp\htdocs\membership.rewards\AMPAPI\protected\controllers\AmpapiController.php (1279)
2014/08/05 20:22:14 [error] [application] ReturnMessage: Valid ErrorCode: 0.1
in C:\xampp\htdocs\membership.rewards\AMPAPI\protected\components\Utilities.php (11)
in C:\xampp\htdocs\membership.rewards\AMPAPI\protected\controllers\AmpapiController.php (1015)
in C:\xampp\htdocs\membership.rewards\AMPAPI\protected\controllers\AmpapiController.php (255)
2014/08/05 20:22:22 [error] [application] ReturnMessage: Valid ErrorCode: 0.1
in C:\xampp\htdocs\membership.rewards\AMPAPI\protected\components\Utilities.php (11)
in C:\xampp\htdocs\membership.rewards\AMPAPI\protected\controllers\AmpapiController.php (1015)
in C:\xampp\htdocs\membership.rewards\AMPAPI\protected\controllers\AmpapiController.php (255)
2014/08/05 20:22:45 [error] [application] ReturnMessage: Valid ErrorCode: 0.1
in C:\xampp\htdocs\membership.rewards\AMPAPI\protected\components\Utilities.php (11)
in C:\xampp\htdocs\membership.rewards\AMPAPI\protected\controllers\AmpapiController.php (1015)
in C:\xampp\htdocs\membership.rewards\AMPAPI\protected\controllers\AmpapiController.php (255)
2014/08/05 20:24:41 [error] [application] ReturnMessage: Valid ErrorCode: 0.1
in C:\xampp\htdocs\membership.rewards\AMPAPI\protected\components\Utilities.php (11)
in C:\xampp\htdocs\membership.rewards\AMPAPI\protected\controllers\AmpapiController.php (1016)
in C:\xampp\htdocs\membership.rewards\AMPAPI\protected\controllers\AmpapiController.php (255)
2014/08/05 20:25:33 [error] [application] ReturnMessage: Valid ErrorCode: 0.1
in C:\xampp\htdocs\membership.rewards\AMPAPI\protected\components\Utilities.php (11)
in C:\xampp\htdocs\membership.rewards\AMPAPI\protected\controllers\AmpapiController.php (1016)
in C:\xampp\htdocs\membership.rewards\AMPAPI\protected\controllers\AmpapiController.php (255)
2014/08/05 20:25:34 [error] [application] ReturnMessage: One or more fields is not set or is blank. ErrorCode: 1
in C:\xampp\htdocs\membership.rewards\AMPAPI\protected\components\Utilities.php (11)
in C:\xampp\htdocs\membership.rewards\AMPAPI\protected\controllers\AmpapiController.php (1006)
in C:\xampp\htdocs\membership.rewards\AMPAPI\protected\controllers\AmpapiController.php (1091)
2014/08/05 20:26:28 [error] [application] ReturnMessage: Valid ErrorCode: 0.1
in C:\xampp\htdocs\membership.rewards\AMPAPI\protected\components\Utilities.php (11)
in C:\xampp\htdocs\membership.rewards\AMPAPI\protected\controllers\AmpapiController.php (1016)
in C:\xampp\htdocs\membership.rewards\AMPAPI\protected\controllers\AmpapiController.php (255)
2014/08/05 20:26:45 [error] [application] ReturnMessage: Valid ErrorCode: 0.1
in C:\xampp\htdocs\membership.rewards\AMPAPI\protected\components\Utilities.php (11)
in C:\xampp\htdocs\membership.rewards\AMPAPI\protected\controllers\AmpapiController.php (1016)
in C:\xampp\htdocs\membership.rewards\AMPAPI\protected\controllers\AmpapiController.php (255)
2014/08/05 20:34:20 [error] [application] ReturnMessage: One or more fields is not set or is blank. ErrorCode: 1
in C:\xampp\htdocs\membership.rewards\AMPAPI\protected\components\Utilities.php (11)
in C:\xampp\htdocs\membership.rewards\AMPAPI\protected\controllers\AmpapiController.php (1006)
in C:\xampp\htdocs\membership.rewards\AMPAPI\protected\controllers\AmpapiController.php (1091)
2014/08/05 20:34:26 [error] [application] ReturnMessage: One or more fields is not set or is blank. ErrorCode: 1
in C:\xampp\htdocs\membership.rewards\AMPAPI\protected\components\Utilities.php (11)
in C:\xampp\htdocs\membership.rewards\AMPAPI\protected\controllers\AmpapiController.php (1006)
in C:\xampp\htdocs\membership.rewards\AMPAPI\protected\controllers\AmpapiController.php (1091)
2014/08/05 20:34:27 [error] [application] ReturnMessage: One or more fields is not set or is blank. ErrorCode: 1
in C:\xampp\htdocs\membership.rewards\AMPAPI\protected\components\Utilities.php (11)
in C:\xampp\htdocs\membership.rewards\AMPAPI\protected\controllers\AmpapiController.php (1006)
in C:\xampp\htdocs\membership.rewards\AMPAPI\protected\controllers\AmpapiController.php (1091)
2014/08/05 20:34:27 [error] [application] ReturnMessage: One or more fields is not set or is blank. ErrorCode: 1
in C:\xampp\htdocs\membership.rewards\AMPAPI\protected\components\Utilities.php (11)
in C:\xampp\htdocs\membership.rewards\AMPAPI\protected\controllers\AmpapiController.php (1006)
in C:\xampp\htdocs\membership.rewards\AMPAPI\protected\controllers\AmpapiController.php (1091)
