2014/07/24 03:30:56 [error] [application] ReturnMessage: One or more fields is not set or is blank. ErrorCode: 1
in C:\xampp\htdocs\AMPAPI\protected\components\Utilities.php (11)
in C:\xampp\htdocs\AMPAPI\protected\controllers\AmpapiController.php (289)
in C:\xampp\htdocs\AMPAPI\protected\controllers\AmpapiController.php (78)
2014/07/24 03:31:36 [error] [application] ReturnMessage: Invalid input. ErrorCode: 2
in C:\xampp\htdocs\AMPAPI\protected\components\Utilities.php (11)
in C:\xampp\htdocs\AMPAPI\protected\controllers\AmpapiController.php (289)
in C:\xampp\htdocs\AMPAPI\protected\controllers\AmpapiController.php (71)
2014/07/24 03:31:47 [error] [application] ReturnMessage: No Error, Transaction successful. ErrorCode: 0
in C:\xampp\htdocs\AMPAPI\protected\components\Utilities.php (11)
in C:\xampp\htdocs\AMPAPI\protected\controllers\AmpapiController.php (278)
in C:\xampp\htdocs\AMPAPI\protected\controllers\AmpapiController.php (112)
2014/07/24 04:14:00 [error] [application] ReturnMessage: No Error, Transaction successful. ErrorCode: 0
in C:\xampp\htdocs\AMPAPI\protected\components\Utilities.php (11)
in C:\xampp\htdocs\AMPAPI\protected\controllers\AmpapiController.php (278)
in C:\xampp\htdocs\AMPAPI\protected\controllers\AmpapiController.php (112)
2014/07/24 04:14:09 [error] [application] ReturnMessage: No Error, Transaction successful. ErrorCode: 0
in C:\xampp\htdocs\AMPAPI\protected\components\Utilities.php (11)
in C:\xampp\htdocs\AMPAPI\protected\controllers\AmpapiController.php (278)
in C:\xampp\htdocs\AMPAPI\protected\controllers\AmpapiController.php (112)
2014/07/24 04:14:16 [error] [application] ReturnMessage: No Error, Transaction successful. ErrorCode: 0
in C:\xampp\htdocs\AMPAPI\protected\components\Utilities.php (11)
in C:\xampp\htdocs\AMPAPI\protected\controllers\AmpapiController.php (278)
in C:\xampp\htdocs\AMPAPI\protected\controllers\AmpapiController.php (112)
2014/07/24 04:14:26 [error] [application] ReturnMessage: No Error, Transaction successful. ErrorCode: 0
in C:\xampp\htdocs\AMPAPI\protected\components\Utilities.php (11)
in C:\xampp\htdocs\AMPAPI\protected\controllers\AmpapiController.php (278)
in C:\xampp\htdocs\AMPAPI\protected\controllers\AmpapiController.php (112)
2014/07/24 04:14:46 [error] [application] ReturnMessage: Member not found. ErrorCode: 3
in C:\xampp\htdocs\AMPAPI\protected\components\Utilities.php (11)
in C:\xampp\htdocs\AMPAPI\protected\controllers\AmpapiController.php (289)
in C:\xampp\htdocs\AMPAPI\protected\controllers\AmpapiController.php (74)
2014/07/24 04:14:55 [error] [application] ReturnMessage: No Error, Transaction successful. ErrorCode: 0
in C:\xampp\htdocs\AMPAPI\protected\components\Utilities.php (11)
in C:\xampp\htdocs\AMPAPI\protected\controllers\AmpapiController.php (278)
in C:\xampp\htdocs\AMPAPI\protected\controllers\AmpapiController.php (112)
2014/07/24 04:16:30 [error] [application] ReturnMessage: Member not found. ErrorCode: 3
in C:\xampp\htdocs\AMPAPI\protected\components\Utilities.php (11)
in C:\xampp\htdocs\AMPAPI\protected\controllers\AmpapiController.php (289)
in C:\xampp\htdocs\AMPAPI\protected\controllers\AmpapiController.php (74)
2014/07/24 04:16:41 [error] [application] ReturnMessage: Member not found. ErrorCode: 3
in C:\xampp\htdocs\AMPAPI\protected\components\Utilities.php (11)
in C:\xampp\htdocs\AMPAPI\protected\controllers\AmpapiController.php (289)
in C:\xampp\htdocs\AMPAPI\protected\controllers\AmpapiController.php (74)
2014/07/24 04:17:00 [error] [application] ReturnMessage: Member not found. ErrorCode: 3
in C:\xampp\htdocs\AMPAPI\protected\components\Utilities.php (11)
in C:\xampp\htdocs\AMPAPI\protected\controllers\AmpapiController.php (289)
in C:\xampp\htdocs\AMPAPI\protected\controllers\AmpapiController.php (74)
2014/07/24 04:19:17 [error] [application] ReturnMessage: Member not found. ErrorCode: 3
in C:\xampp\htdocs\AMPAPI\protected\components\Utilities.php (11)
in C:\xampp\htdocs\AMPAPI\protected\controllers\AmpapiController.php (289)
in C:\xampp\htdocs\AMPAPI\protected\controllers\AmpapiController.php (74)
2014/07/24 04:19:24 [error] [application] ReturnMessage: Member not found. ErrorCode: 3
in C:\xampp\htdocs\AMPAPI\protected\components\Utilities.php (11)
in C:\xampp\htdocs\AMPAPI\protected\controllers\AmpapiController.php (289)
in C:\xampp\htdocs\AMPAPI\protected\controllers\AmpapiController.php (74)
2014/07/24 04:22:12 [error] [application] ReturnMessage: Invalid input. ErrorCode: 2
in C:\xampp\htdocs\AMPAPI\protected\components\Utilities.php (11)
in C:\xampp\htdocs\AMPAPI\protected\controllers\AmpapiController.php (289)
in C:\xampp\htdocs\AMPAPI\protected\controllers\AmpapiController.php (71)
2014/07/24 04:23:01 [error] [application] ReturnMessage: Member not found. ErrorCode: 3
in C:\xampp\htdocs\AMPAPI\protected\components\Utilities.php (11)
in C:\xampp\htdocs\AMPAPI\protected\controllers\AmpapiController.php (289)
in C:\xampp\htdocs\AMPAPI\protected\controllers\AmpapiController.php (74)
2014/07/24 04:23:23 [error] [application] ReturnMessage: Invalid input. ErrorCode: 2
in C:\xampp\htdocs\AMPAPI\protected\components\Utilities.php (11)
in C:\xampp\htdocs\AMPAPI\protected\controllers\AmpapiController.php (289)
in C:\xampp\htdocs\AMPAPI\protected\controllers\AmpapiController.php (71)
2014/07/24 04:23:36 [error] [application] ReturnMessage: No Error, Transaction successful. ErrorCode: 0
in C:\xampp\htdocs\AMPAPI\protected\components\Utilities.php (11)
in C:\xampp\htdocs\AMPAPI\protected\controllers\AmpapiController.php (278)
in C:\xampp\htdocs\AMPAPI\protected\controllers\AmpapiController.php (112)
2014/07/24 04:23:42 [error] [application] ReturnMessage: Member not found. ErrorCode: 3
in C:\xampp\htdocs\AMPAPI\protected\components\Utilities.php (11)
in C:\xampp\htdocs\AMPAPI\protected\controllers\AmpapiController.php (289)
in C:\xampp\htdocs\AMPAPI\protected\controllers\AmpapiController.php (74)
2014/07/24 04:23:47 [error] [application] ReturnMessage: Invalid input. ErrorCode: 2
in C:\xampp\htdocs\AMPAPI\protected\components\Utilities.php (11)
in C:\xampp\htdocs\AMPAPI\protected\controllers\AmpapiController.php (289)
in C:\xampp\htdocs\AMPAPI\protected\controllers\AmpapiController.php (71)
2014/07/24 04:30:52 [error] [application] ReturnMessage: Invalid input. ErrorCode: 2
in C:\xampp\htdocs\AMPAPI\protected\components\Utilities.php (11)
in C:\xampp\htdocs\AMPAPI\protected\controllers\AmpapiController.php (291)
in C:\xampp\htdocs\AMPAPI\protected\controllers\AmpapiController.php (72)
2014/07/24 04:30:57 [error] [application] ReturnMessage: Member not found. ErrorCode: 3.1
in C:\xampp\htdocs\AMPAPI\protected\components\Utilities.php (11)
in C:\xampp\htdocs\AMPAPI\protected\controllers\AmpapiController.php (291)
in C:\xampp\htdocs\AMPAPI\protected\controllers\AmpapiController.php (75)
2014/07/24 04:31:52 [error] [application] ReturnMessage: Third Party Account not found. ErrorCode: 3.1
in C:\xampp\htdocs\AMPAPI\protected\components\Utilities.php (11)
in C:\xampp\htdocs\AMPAPI\protected\controllers\AmpapiController.php (291)
in C:\xampp\htdocs\AMPAPI\protected\controllers\AmpapiController.php (75)
2014/07/24 04:36:00 [error] [application] ReturnMessage: Third Party Account not found. ErrorCode: 3.1
in C:\xampp\htdocs\AMPAPI\protected\components\Utilities.php (11)
in C:\xampp\htdocs\AMPAPI\protected\controllers\AmpapiController.php (293)
in C:\xampp\htdocs\AMPAPI\protected\controllers\AmpapiController.php (75)
2014/07/24 04:36:09 [error] [application] ReturnMessage: No Error, Transaction successful. ErrorCode: 0
in C:\xampp\htdocs\AMPAPI\protected\components\Utilities.php (11)
in C:\xampp\htdocs\AMPAPI\protected\controllers\AmpapiController.php (281)
in C:\xampp\htdocs\AMPAPI\protected\controllers\AmpapiController.php (114)
2014/07/24 04:37:25 [error] [application] ReturnMessage: No Error, Transaction successful. ErrorCode: 0
in C:\xampp\htdocs\AMPAPI\protected\components\Utilities.php (11)
in C:\xampp\htdocs\AMPAPI\protected\controllers\AmpapiController.php (281)
in C:\xampp\htdocs\AMPAPI\protected\controllers\AmpapiController.php (114)
2014/07/24 04:40:52 [error] [application] ReturnMessage: No Error, Transaction successful. ErrorCode: 0
in C:\xampp\htdocs\AMPAPI\protected\components\Utilities.php (11)
in C:\xampp\htdocs\AMPAPI\protected\controllers\AmpapiController.php (281)
in C:\xampp\htdocs\AMPAPI\protected\controllers\AmpapiController.php (114)
2014/07/24 04:45:31 [error] [application] ReturnMessage: No Error, Transaction successful. ErrorCode: 0
in C:\xampp\htdocs\AMPAPI\protected\components\Utilities.php (11)
in C:\xampp\htdocs\AMPAPI\protected\controllers\AmpapiController.php (281)
in C:\xampp\htdocs\AMPAPI\protected\controllers\AmpapiController.php (114)
2014/07/24 05:09:03 [error] [application] ReturnMessage: No Error, Transaction successful. ErrorCode: 0
in C:\xampp\htdocs\AMPAPI\protected\components\Utilities.php (11)
in C:\xampp\htdocs\AMPAPI\protected\controllers\AmpapiController.php (281)
in C:\xampp\htdocs\AMPAPI\protected\controllers\AmpapiController.php (114)
2014/07/24 05:09:03 [error] [php] Missing argument 4 for AmpapiController::_auditTrail(), called in C:\xampp\htdocs\AMPAPI\protected\controllers\AmpapiController.php on line 115 and defined (C:\xampp\htdocs\AMPAPI\protected\controllers\AmpapiController.php:307)
Stack trace:
#0 C:\xampp\htdocs\yii\framework\web\actions\CInlineAction.php(49): AmpapiController->actionAuthenticateSession()
#1 C:\xampp\htdocs\yii\framework\web\CController.php(308): CInlineAction->runWithParams()
#2 C:\xampp\htdocs\yii\framework\web\CController.php(286): AmpapiController->runAction()
#3 C:\xampp\htdocs\yii\framework\web\CController.php(265): AmpapiController->runActionWithFilters()
#4 C:\xampp\htdocs\yii\framework\web\CWebApplication.php(282): AmpapiController->run()
#5 C:\xampp\htdocs\yii\framework\web\CWebApplication.php(141): CWebApplication->runController()
#6 C:\xampp\htdocs\yii\framework\base\CApplication.php(169): CWebApplication->processRequest()
#7 C:\xampp\htdocs\AMPAPI\index.php(13): CWebApplication->run()
REQUEST_URI=/AMPAPI/index.php/Ampapi/authenticatesession
in C:\xampp\htdocs\AMPAPI\protected\controllers\AmpapiController.php (307)
in C:\xampp\htdocs\AMPAPI\protected\controllers\AmpapiController.php (115)
in C:\xampp\htdocs\AMPAPI\protected\controllers\AmpapiController.php (69)
2014/07/24 05:10:02 [error] [application] ReturnMessage: No Error, Transaction successful. ErrorCode: 0
in C:\xampp\htdocs\AMPAPI\protected\components\Utilities.php (11)
in C:\xampp\htdocs\AMPAPI\protected\controllers\AmpapiController.php (281)
in C:\xampp\htdocs\AMPAPI\protected\controllers\AmpapiController.php (114)
2014/07/24 05:10:02 [error] [application] ReturnMessage: Failed to insert AuditTrail. ErrorCode: 
in C:\xampp\htdocs\AMPAPI\protected\components\Utilities.php (11)
in C:\xampp\htdocs\AMPAPI\protected\controllers\AmpapiController.php (300)
in C:\xampp\htdocs\AMPAPI\protected\controllers\AmpapiController.php (313)
2014/07/24 05:13:26 [error] [application] ReturnMessage: No Error, Transaction successful. ErrorCode: 0
in C:\xampp\htdocs\AMPAPI\protected\components\Utilities.php (11)
in C:\xampp\htdocs\AMPAPI\protected\controllers\AmpapiController.php (281)
in C:\xampp\htdocs\AMPAPI\protected\controllers\AmpapiController.php (114)
2014/07/24 05:23:38 [error] [application] ReturnMessage: No Error, Transaction successful. ErrorCode: 0
in C:\xampp\htdocs\AMPAPI\protected\components\Utilities.php (11)
in C:\xampp\htdocs\AMPAPI\protected\controllers\AmpapiController.php (281)
in C:\xampp\htdocs\AMPAPI\protected\controllers\AmpapiController.php (114)
2014/07/24 05:23:38 [error] [php] Missing argument 5 for AmpapiController::_auditTrail(), called in C:\xampp\htdocs\AMPAPI\protected\controllers\AmpapiController.php on line 115 and defined (C:\xampp\htdocs\AMPAPI\protected\controllers\AmpapiController.php:307)
Stack trace:
#0 C:\xampp\htdocs\yii\framework\web\actions\CInlineAction.php(49): AmpapiController->actionAuthenticateSession()
#1 C:\xampp\htdocs\yii\framework\web\CController.php(308): CInlineAction->runWithParams()
#2 C:\xampp\htdocs\yii\framework\web\CController.php(286): AmpapiController->runAction()
#3 C:\xampp\htdocs\yii\framework\web\CController.php(265): AmpapiController->runActionWithFilters()
#4 C:\xampp\htdocs\yii\framework\web\CWebApplication.php(282): AmpapiController->run()
#5 C:\xampp\htdocs\yii\framework\web\CWebApplication.php(141): CWebApplication->runController()
#6 C:\xampp\htdocs\yii\framework\base\CApplication.php(169): CWebApplication->processRequest()
#7 C:\xampp\htdocs\AMPAPI\index.php(13): CWebApplication->run()
REQUEST_URI=/AMPAPI/index.php/Ampapi/authenticatesession
in C:\xampp\htdocs\AMPAPI\protected\controllers\AmpapiController.php (307)
in C:\xampp\htdocs\AMPAPI\protected\controllers\AmpapiController.php (115)
in C:\xampp\htdocs\AMPAPI\protected\controllers\AmpapiController.php (69)
2014/07/24 05:23:59 [error] [application] ReturnMessage: No Error, Transaction successful. ErrorCode: 0
in C:\xampp\htdocs\AMPAPI\protected\components\Utilities.php (11)
in C:\xampp\htdocs\AMPAPI\protected\controllers\AmpapiController.php (281)
in C:\xampp\htdocs\AMPAPI\protected\controllers\AmpapiController.php (114)
2014/07/24 05:24:23 [error] [application] ReturnMessage: No Error, Transaction successful. ErrorCode: 0
in C:\xampp\htdocs\AMPAPI\protected\components\Utilities.php (11)
in C:\xampp\htdocs\AMPAPI\protected\controllers\AmpapiController.php (281)
in C:\xampp\htdocs\AMPAPI\protected\controllers\AmpapiController.php (114)
2014/07/24 05:32:47 [error] [application] ReturnMessage: No Error, Transaction successful. ErrorCode: 0
in C:\xampp\htdocs\AMPAPI\protected\components\Utilities.php (11)
in C:\xampp\htdocs\AMPAPI\protected\controllers\AmpapiController.php (281)
in C:\xampp\htdocs\AMPAPI\protected\controllers\AmpapiController.php (114)
2014/07/24 05:32:47 [error] [php] fopen(logs/ampapi20140724.log): failed to open stream: No such file or directory (C:\xampp\htdocs\AMPAPI\protected\components\ErrorLogger.php:20)
Stack trace:
#0 C:\xampp\htdocs\AMPAPI\protected\controllers\AmpapiController.php(115): AmpapiController->_auditTrail()
#1 C:\xampp\htdocs\AMPAPI\protected\controllers\AmpapiController.php(69): AmpapiController->_validateSessionID()
#2 C:\xampp\htdocs\yii\framework\web\actions\CInlineAction.php(49): AmpapiController->actionAuthenticateSession()
#3 C:\xampp\htdocs\yii\framework\web\CController.php(308): CInlineAction->runWithParams()
#4 C:\xampp\htdocs\yii\framework\web\CController.php(286): AmpapiController->runAction()
#5 C:\xampp\htdocs\yii\framework\web\CController.php(265): AmpapiController->runActionWithFilters()
#6 C:\xampp\htdocs\yii\framework\web\CWebApplication.php(282): AmpapiController->run()
#7 C:\xampp\htdocs\yii\framework\web\CWebApplication.php(141): CWebApplication->runController()
#8 C:\xampp\htdocs\yii\framework\base\CApplication.php(169): CWebApplication->processRequest()
#9 C:\xampp\htdocs\AMPAPI\index.php(13): CWebApplication->run()
REQUEST_URI=/AMPAPI/index.php/Ampapi/authenticatesession
in C:\xampp\htdocs\AMPAPI\protected\components\ErrorLogger.php (20)
in C:\xampp\htdocs\AMPAPI\protected\controllers\AmpapiController.php (316)
in C:\xampp\htdocs\AMPAPI\protected\controllers\AmpapiController.php (115)
2014/07/24 05:34:43 [error] [application] ReturnMessage: No Error, Transaction successful. ErrorCode: 0
in C:\xampp\htdocs\AMPAPI\protected\components\Utilities.php (11)
in C:\xampp\htdocs\AMPAPI\protected\controllers\AmpapiController.php (281)
in C:\xampp\htdocs\AMPAPI\protected\controllers\AmpapiController.php (114)
2014/07/24 05:40:35 [error] [application] ReturnMessage: No Error, Transaction successful. ErrorCode: 0
in C:\xampp\htdocs\AMPAPI\protected\components\Utilities.php (11)
in C:\xampp\htdocs\AMPAPI\protected\controllers\AmpapiController.php (281)
in C:\xampp\htdocs\AMPAPI\protected\controllers\AmpapiController.php (114)
2014/07/24 05:49:40 [error] [application] ReturnMessage: No Error, Transaction successful. ErrorCode: 0
in C:\xampp\htdocs\AMPAPI\protected\components\Utilities.php (11)
in C:\xampp\htdocs\AMPAPI\protected\controllers\AmpapiController.php (287)
in C:\xampp\htdocs\AMPAPI\protected\controllers\AmpapiController.php (120)
2014/07/24 05:51:10 [error] [application] ReturnMessage: No Error, Transaction successful. ErrorCode: 0
in C:\xampp\htdocs\AMPAPI\protected\components\Utilities.php (11)
in C:\xampp\htdocs\AMPAPI\protected\controllers\AmpapiController.php (287)
in C:\xampp\htdocs\AMPAPI\protected\controllers\AmpapiController.php (120)
2014/07/24 05:54:26 [error] [application] ReturnMessage: No Error, Transaction successful. ErrorCode: 0
in C:\xampp\htdocs\AMPAPI\protected\components\Utilities.php (11)
in C:\xampp\htdocs\AMPAPI\protected\controllers\AmpapiController.php (287)
in C:\xampp\htdocs\AMPAPI\protected\controllers\AmpapiController.php (120)
2014/07/24 05:57:48 [error] [application] ReturnMessage: No Error, Transaction successful. ErrorCode: 0
in C:\xampp\htdocs\AMPAPI\protected\components\Utilities.php (11)
in C:\xampp\htdocs\AMPAPI\protected\controllers\AmpapiController.php (287)
in C:\xampp\htdocs\AMPAPI\protected\controllers\AmpapiController.php (120)
2014/07/24 06:01:57 [error] [application] ReturnMessage: No Error, Transaction successful. ErrorCode: 0
in C:\xampp\htdocs\AMPAPI\protected\components\Utilities.php (11)
in C:\xampp\htdocs\AMPAPI\protected\controllers\AmpapiController.php (287)
in C:\xampp\htdocs\AMPAPI\protected\controllers\AmpapiController.php (120)
2014/07/24 06:02:39 [error] [application] ReturnMessage: No Error, Transaction successful. ErrorCode: 0
in C:\xampp\htdocs\AMPAPI\protected\components\Utilities.php (11)
in C:\xampp\htdocs\AMPAPI\protected\controllers\AmpapiController.php (287)
in C:\xampp\htdocs\AMPAPI\protected\controllers\AmpapiController.php (120)
2014/07/24 07:08:06 [error] [application] ReturnMessage: No Error, Transaction successful. ErrorCode: 0
in C:\xampp\htdocs\AMPAPI\protected\components\Utilities.php (11)
in C:\xampp\htdocs\AMPAPI\protected\controllers\AmpapiController.php (287)
in C:\xampp\htdocs\AMPAPI\protected\controllers\AmpapiController.php (120)
2014/07/24 07:08:51 [error] [application] ReturnMessage: No Error, Transaction successful. ErrorCode: 0
in C:\xampp\htdocs\AMPAPI\protected\components\Utilities.php (11)
in C:\xampp\htdocs\AMPAPI\protected\controllers\AmpapiController.php (293)
in C:\xampp\htdocs\AMPAPI\protected\controllers\AmpapiController.php (125)
2014/07/24 07:08:51 [error] [application] ReturnMessage: Jem ErrorCode: 
in C:\xampp\htdocs\AMPAPI\protected\components\Utilities.php (11)
in C:\xampp\htdocs\AMPAPI\protected\controllers\AmpapiController.php (312)
in C:\xampp\htdocs\AMPAPI\protected\controllers\AmpapiController.php (339)
2014/07/24 07:09:42 [error] [application] ReturnMessage: No Error, Transaction successful. ErrorCode: 0
in C:\xampp\htdocs\AMPAPI\protected\components\Utilities.php (11)
in C:\xampp\htdocs\AMPAPI\protected\controllers\AmpapiController.php (293)
in C:\xampp\htdocs\AMPAPI\protected\controllers\AmpapiController.php (125)
2014/07/24 07:58:06 [error] [application] ReturnMessage: No Error, Transaction successful. ErrorCode: 0
in C:\xampp\htdocs\AMPAPI\protected\components\Utilities.php (11)
in C:\xampp\htdocs\AMPAPI\protected\controllers\AmpapiController.php (295)
in C:\xampp\htdocs\AMPAPI\protected\controllers\AmpapiController.php (127)
2014/07/24 07:58:12 [error] [application] ReturnMessage: No Error, Transaction successful. ErrorCode: 0
in C:\xampp\htdocs\AMPAPI\protected\components\Utilities.php (11)
in C:\xampp\htdocs\AMPAPI\protected\controllers\AmpapiController.php (295)
in C:\xampp\htdocs\AMPAPI\protected\controllers\AmpapiController.php (127)
2014/07/24 08:02:19 [error] [application] ReturnMessage: No Error, Transaction successful. ErrorCode: 0
in C:\xampp\htdocs\AMPAPI\protected\components\Utilities.php (11)
in C:\xampp\htdocs\AMPAPI\protected\controllers\AmpapiController.php (295)
in C:\xampp\htdocs\AMPAPI\protected\controllers\AmpapiController.php (127)
2014/07/24 08:03:06 [error] [application] ReturnMessage: No Error, Transaction successful. ErrorCode: 0
in C:\xampp\htdocs\AMPAPI\protected\components\Utilities.php (11)
in C:\xampp\htdocs\AMPAPI\protected\controllers\AmpapiController.php (295)
in C:\xampp\htdocs\AMPAPI\protected\controllers\AmpapiController.php (127)
2014/07/24 08:10:26 [error] [application] ReturnMessage: No Error, Transaction successful. ErrorCode: 0
in C:\xampp\htdocs\AMPAPI\protected\components\Utilities.php (11)
in C:\xampp\htdocs\AMPAPI\protected\controllers\AmpapiController.php (295)
in C:\xampp\htdocs\AMPAPI\protected\controllers\AmpapiController.php (127)
2014/07/24 08:12:14 [error] [application] ReturnMessage: No Error, Transaction successful. ErrorCode: 0
in C:\xampp\htdocs\AMPAPI\protected\components\Utilities.php (11)
in C:\xampp\htdocs\AMPAPI\protected\controllers\AmpapiController.php (295)
in C:\xampp\htdocs\AMPAPI\protected\controllers\AmpapiController.php (127)
2014/07/24 08:15:32 [error] [application] ReturnMessage: No Error, Transaction successful. ErrorCode: 0
in C:\xampp\htdocs\AMPAPI\protected\components\Utilities.php (11)
in C:\xampp\htdocs\AMPAPI\protected\controllers\AmpapiController.php (295)
in C:\xampp\htdocs\AMPAPI\protected\controllers\AmpapiController.php (127)
2014/07/24 08:21:05 [error] [application] ReturnMessage: No Error, Transaction successful. ErrorCode: 0
in C:\xampp\htdocs\AMPAPI\protected\components\Utilities.php (11)
in C:\xampp\htdocs\AMPAPI\protected\controllers\AmpapiController.php (295)
in C:\xampp\htdocs\AMPAPI\protected\controllers\AmpapiController.php (127)
2014/07/24 08:23:28 [error] [application] ReturnMessage: No Error, Transaction successful. ErrorCode: 0
in C:\xampp\htdocs\AMPAPI\protected\components\Utilities.php (11)
in C:\xampp\htdocs\AMPAPI\protected\controllers\AmpapiController.php (295)
in C:\xampp\htdocs\AMPAPI\protected\controllers\AmpapiController.php (127)
2014/07/24 08:25:54 [error] [application] ReturnMessage: No Error, Transaction successful. ErrorCode: 0
in C:\xampp\htdocs\AMPAPI\protected\components\Utilities.php (11)
in C:\xampp\htdocs\AMPAPI\protected\controllers\AmpapiController.php (295)
in C:\xampp\htdocs\AMPAPI\protected\controllers\AmpapiController.php (127)
2014/07/23 22:30:10 [error] [application] ReturnMessage: No Error, Transaction successful. ErrorCode: 0
in C:\xampp\htdocs\AMPAPI\protected\components\Utilities.php (11)
in C:\xampp\htdocs\AMPAPI\protected\controllers\AmpapiController.php (295)
in C:\xampp\htdocs\AMPAPI\protected\controllers\AmpapiController.php (127)
2014/07/24 08:31:23 [error] [application] ReturnMessage: No Error, Transaction successful. ErrorCode: 0
in C:\xampp\htdocs\AMPAPI\protected\components\Utilities.php (11)
in C:\xampp\htdocs\AMPAPI\protected\controllers\AmpapiController.php (295)
in C:\xampp\htdocs\AMPAPI\protected\controllers\AmpapiController.php (127)
2014/07/24 08:31:23 [error] [php] date_default_timezone_set(): Timezone ID 'UTC/GMT+8' is invalid (C:\xampp\htdocs\AMPAPI\protected\components\ErrorLogger.php:9)
Stack trace:
#0 C:\xampp\htdocs\AMPAPI\protected\controllers\AmpapiController.php(328): AmpapiController->_logSuccess()
#1 C:\xampp\htdocs\AMPAPI\protected\controllers\AmpapiController.php(128): AmpapiController->_auditTrail()
#2 C:\xampp\htdocs\AMPAPI\protected\controllers\AmpapiController.php(71): AmpapiController->_validateSessionID()
#3 C:\xampp\htdocs\yii\framework\web\actions\CInlineAction.php(49): AmpapiController->actionAuthenticateSession()
#4 C:\xampp\htdocs\yii\framework\web\CController.php(308): CInlineAction->runWithParams()
#5 C:\xampp\htdocs\yii\framework\web\CController.php(286): AmpapiController->runAction()
#6 C:\xampp\htdocs\yii\framework\web\CController.php(265): AmpapiController->runActionWithFilters()
#7 C:\xampp\htdocs\yii\framework\web\CWebApplication.php(282): AmpapiController->run()
#8 C:\xampp\htdocs\yii\framework\web\CWebApplication.php(141): CWebApplication->runController()
#9 C:\xampp\htdocs\yii\framework\base\CApplication.php(169): CWebApplication->processRequest()
#10 C:\xampp\htdocs\AMPAPI\index.php(13): CWebApplication->run()
REQUEST_URI=/AMPAPI/index.php/Ampapi/authenticatesession
in C:\xampp\htdocs\AMPAPI\protected\components\ErrorLogger.php (9)
in C:\xampp\htdocs\AMPAPI\protected\controllers\AmpapiController.php (350)
in C:\xampp\htdocs\AMPAPI\protected\controllers\AmpapiController.php (328)
2014/07/24 14:32:17 [error] [application] ReturnMessage: No Error, Transaction successful. ErrorCode: 0
in C:\xampp\htdocs\AMPAPI\protected\components\Utilities.php (11)
in C:\xampp\htdocs\AMPAPI\protected\controllers\AmpapiController.php (295)
in C:\xampp\htdocs\AMPAPI\protected\controllers\AmpapiController.php (127)
2014/07/24 14:40:26 [error] [application] ReturnMessage: No Error, Transaction successful. ErrorCode: 0
in C:\xampp\htdocs\AMPAPI\protected\components\Utilities.php (11)
in C:\xampp\htdocs\AMPAPI\protected\controllers\AmpapiController.php (299)
in C:\xampp\htdocs\AMPAPI\protected\controllers\AmpapiController.php (129)
2014/07/24 15:13:12 [error] [application] ReturnMessage: No Error, Transaction successful. ErrorCode: 0
in C:\xampp\htdocs\AMPAPI\protected\components\Utilities.php (11)
in C:\xampp\htdocs\AMPAPI\protected\controllers\AmpapiController.php (299)
in C:\xampp\htdocs\AMPAPI\protected\controllers\AmpapiController.php (129)
2014/07/24 15:15:56 [error] [application] ReturnMessage: No Error, Transaction successful. ErrorCode: 0
in C:\xampp\htdocs\AMPAPI\protected\components\Utilities.php (11)
in C:\xampp\htdocs\AMPAPI\protected\controllers\AmpapiController.php (299)
in C:\xampp\htdocs\AMPAPI\protected\controllers\AmpapiController.php (129)
2014/07/24 15:25:10 [error] [application] ReturnMessage: No Error, Transaction successful. ErrorCode: 0
in C:\xampp\htdocs\AMPAPI\protected\components\Utilities.php (11)
in C:\xampp\htdocs\AMPAPI\protected\controllers\AmpapiController.php (298)
in C:\xampp\htdocs\AMPAPI\protected\controllers\AmpapiController.php (128)
2014/07/24 09:41:31 [error] [application] ReturnMessage: One or more fields is not set or is blank. ErrorCode: 1
in C:\xampp\htdocs\AMPAPI\protected\components\Utilities.php (11)
in C:\xampp\htdocs\AMPAPI\protected\controllers\AmpapiController.php (342)
in C:\xampp\htdocs\AMPAPI\protected\controllers\AmpapiController.php (80)
2014/07/24 16:04:45 [error] [application] ReturnMessage: No Error, Transaction successful. ErrorCode: 0
in C:\xampp\htdocs\AMPAPI\protected\components\Utilities.php (11)
in C:\xampp\htdocs\AMPAPI\protected\controllers\AmpapiController.php (329)
in C:\xampp\htdocs\AMPAPI\protected\controllers\AmpapiController.php (127)
2014/07/24 16:04:49 [error] [application] ReturnMessage: Third Party Account not found. ErrorCode: 3.1
in C:\xampp\htdocs\AMPAPI\protected\components\Utilities.php (11)
in C:\xampp\htdocs\AMPAPI\protected\controllers\AmpapiController.php (341)
in C:\xampp\htdocs\AMPAPI\protected\controllers\AmpapiController.php (75)
2014/07/24 16:04:56 [error] [application] ReturnMessage: Invalid input. ErrorCode: 2
in C:\xampp\htdocs\AMPAPI\protected\components\Utilities.php (11)
in C:\xampp\htdocs\AMPAPI\protected\controllers\AmpapiController.php (341)
in C:\xampp\htdocs\AMPAPI\protected\controllers\AmpapiController.php (72)
2014/07/24 16:57:30 [error] [application] ReturnMessage: Invalid input. ErrorCode: 2
in C:\xampp\htdocs\AMPAPI\protected\components\Utilities.php (11)
in C:\xampp\htdocs\AMPAPI\protected\controllers\AmpapiController.php (360)
in C:\xampp\htdocs\AMPAPI\protected\controllers\AmpapiController.php (72)
2014/07/24 16:57:37 [error] [application] ReturnMessage: Third Party Account not found. ErrorCode: 3.1
in C:\xampp\htdocs\AMPAPI\protected\components\Utilities.php (11)
in C:\xampp\htdocs\AMPAPI\protected\controllers\AmpapiController.php (360)
in C:\xampp\htdocs\AMPAPI\protected\controllers\AmpapiController.php (75)
2014/07/24 17:06:01 [error] [application] ReturnMessage: Third Party Account not found. ErrorCode: 3.1
in C:\xampp\htdocs\AMPAPI\protected\components\Utilities.php (11)
in C:\xampp\htdocs\AMPAPI\protected\controllers\AmpapiController.php (360)
in C:\xampp\htdocs\AMPAPI\protected\controllers\AmpapiController.php (75)
2014/07/24 17:07:40 [error] [application] ReturnMessage: Third Party Account not found. ErrorCode: 3.1
in C:\xampp\htdocs\AMPAPI\protected\components\Utilities.php (11)
in C:\xampp\htdocs\AMPAPI\protected\controllers\AmpapiController.php (360)
in C:\xampp\htdocs\AMPAPI\protected\controllers\AmpapiController.php (75)
2014/07/24 17:08:36 [error] [application] ReturnMessage: Third Party Account not found. ErrorCode: 3.1
in C:\xampp\htdocs\AMPAPI\protected\components\Utilities.php (11)
in C:\xampp\htdocs\AMPAPI\protected\controllers\AmpapiController.php (360)
in C:\xampp\htdocs\AMPAPI\protected\controllers\AmpapiController.php (75)
2014/07/24 11:16:06 [error] [php] Undefined index: TPSession (C:\xampp\htdocs\AMPAPI\protected\controllers\AmpapiController.php:149)
Stack trace:
#0 C:\xampp\htdocs\yii\framework\web\CController.php(286): AmpapiController->runAction()
#1 C:\xampp\htdocs\yii\framework\web\CController.php(265): AmpapiController->runActionWithFilters()
#2 C:\xampp\htdocs\yii\framework\web\CWebApplication.php(282): AmpapiController->run()
#3 C:\xampp\htdocs\yii\framework\web\CWebApplication.php(141): CWebApplication->runController()
#4 C:\xampp\htdocs\yii\framework\base\CApplication.php(169): CWebApplication->processRequest()
#5 C:\xampp\htdocs\AMPAPI\index.php(13): CWebApplication->run()
REQUEST_URI=/AMPAPI/index.php/Ampapi/getactivesession
in C:\xampp\htdocs\AMPAPI\protected\controllers\AmpapiController.php (149)
in C:\xampp\htdocs\AMPAPI\index.php (13)
2014/07/24 17:17:42 [error] [application] ReturnMessage: Invalid. ErrorCode: 1.1
in C:\xampp\htdocs\AMPAPI\protected\components\Utilities.php (11)
in C:\xampp\htdocs\AMPAPI\protected\controllers\AmpapiController.php (356)
in C:\xampp\htdocs\AMPAPI\protected\controllers\AmpapiController.php (167)
2014/07/24 17:18:49 [error] [application] ReturnMessage: Invalid. ErrorCode: 1.1
in C:\xampp\htdocs\AMPAPI\protected\components\Utilities.php (11)
in C:\xampp\htdocs\AMPAPI\protected\controllers\AmpapiController.php (356)
in C:\xampp\htdocs\AMPAPI\protected\controllers\AmpapiController.php (167)
2014/07/24 17:18:50 [error] [application] ReturnMessage: Invalid. ErrorCode: 1.1
in C:\xampp\htdocs\AMPAPI\protected\components\Utilities.php (11)
in C:\xampp\htdocs\AMPAPI\protected\controllers\AmpapiController.php (356)
in C:\xampp\htdocs\AMPAPI\protected\controllers\AmpapiController.php (167)
2014/07/24 17:18:50 [error] [application] ReturnMessage: Invalid. ErrorCode: 1.1
in C:\xampp\htdocs\AMPAPI\protected\components\Utilities.php (11)
in C:\xampp\htdocs\AMPAPI\protected\controllers\AmpapiController.php (356)
in C:\xampp\htdocs\AMPAPI\protected\controllers\AmpapiController.php (167)
2014/07/24 17:18:50 [error] [application] ReturnMessage: Invalid. ErrorCode: 1.1
in C:\xampp\htdocs\AMPAPI\protected\components\Utilities.php (11)
in C:\xampp\htdocs\AMPAPI\protected\controllers\AmpapiController.php (356)
in C:\xampp\htdocs\AMPAPI\protected\controllers\AmpapiController.php (167)
2014/07/24 17:18:50 [error] [application] ReturnMessage: Invalid. ErrorCode: 1.1
in C:\xampp\htdocs\AMPAPI\protected\components\Utilities.php (11)
in C:\xampp\htdocs\AMPAPI\protected\controllers\AmpapiController.php (356)
in C:\xampp\htdocs\AMPAPI\protected\controllers\AmpapiController.php (167)
2014/07/24 17:18:51 [error] [application] ReturnMessage: Invalid. ErrorCode: 1.1
in C:\xampp\htdocs\AMPAPI\protected\components\Utilities.php (11)
in C:\xampp\htdocs\AMPAPI\protected\controllers\AmpapiController.php (356)
in C:\xampp\htdocs\AMPAPI\protected\controllers\AmpapiController.php (167)
2014/07/24 17:19:25 [error] [application] ReturnMessage: Invalid. ErrorCode: 1.1
in C:\xampp\htdocs\AMPAPI\protected\components\Utilities.php (11)
in C:\xampp\htdocs\AMPAPI\protected\controllers\AmpapiController.php (356)
in C:\xampp\htdocs\AMPAPI\protected\controllers\AmpapiController.php (167)
2014/07/24 17:19:25 [error] [application] ReturnMessage: Invalid. ErrorCode: 1.1
in C:\xampp\htdocs\AMPAPI\protected\components\Utilities.php (11)
in C:\xampp\htdocs\AMPAPI\protected\controllers\AmpapiController.php (356)
in C:\xampp\htdocs\AMPAPI\protected\controllers\AmpapiController.php (167)
2014/07/24 17:19:25 [error] [application] ReturnMessage: Invalid. ErrorCode: 1.1
in C:\xampp\htdocs\AMPAPI\protected\components\Utilities.php (11)
in C:\xampp\htdocs\AMPAPI\protected\controllers\AmpapiController.php (356)
in C:\xampp\htdocs\AMPAPI\protected\controllers\AmpapiController.php (167)
2014/07/24 17:19:26 [error] [application] ReturnMessage: Invalid. ErrorCode: 1.1
in C:\xampp\htdocs\AMPAPI\protected\components\Utilities.php (11)
in C:\xampp\htdocs\AMPAPI\protected\controllers\AmpapiController.php (356)
in C:\xampp\htdocs\AMPAPI\protected\controllers\AmpapiController.php (167)
2014/07/24 17:19:26 [error] [application] ReturnMessage: Invalid. ErrorCode: 1.1
in C:\xampp\htdocs\AMPAPI\protected\components\Utilities.php (11)
in C:\xampp\htdocs\AMPAPI\protected\controllers\AmpapiController.php (356)
in C:\xampp\htdocs\AMPAPI\protected\controllers\AmpapiController.php (167)
2014/07/24 17:19:26 [error] [application] ReturnMessage: Invalid. ErrorCode: 1.1
in C:\xampp\htdocs\AMPAPI\protected\components\Utilities.php (11)
in C:\xampp\htdocs\AMPAPI\protected\controllers\AmpapiController.php (356)
in C:\xampp\htdocs\AMPAPI\protected\controllers\AmpapiController.php (167)
2014/07/24 17:19:26 [error] [application] ReturnMessage: Invalid. ErrorCode: 1.1
in C:\xampp\htdocs\AMPAPI\protected\components\Utilities.php (11)
in C:\xampp\htdocs\AMPAPI\protected\controllers\AmpapiController.php (356)
in C:\xampp\htdocs\AMPAPI\protected\controllers\AmpapiController.php (167)
2014/07/24 17:19:26 [error] [application] ReturnMessage: Invalid. ErrorCode: 1.1
in C:\xampp\htdocs\AMPAPI\protected\components\Utilities.php (11)
in C:\xampp\htdocs\AMPAPI\protected\controllers\AmpapiController.php (356)
in C:\xampp\htdocs\AMPAPI\protected\controllers\AmpapiController.php (167)
2014/07/24 17:19:45 [error] [application] ReturnMessage: Invalid. ErrorCode: 1.1
in C:\xampp\htdocs\AMPAPI\protected\components\Utilities.php (11)
in C:\xampp\htdocs\AMPAPI\protected\controllers\AmpapiController.php (356)
in C:\xampp\htdocs\AMPAPI\protected\controllers\AmpapiController.php (167)
2014/07/24 17:20:52 [error] [application] ReturnMessage: One or more fields is not set or is blank. ErrorCode: 1
in C:\xampp\htdocs\AMPAPI\protected\components\Utilities.php (11)
in C:\xampp\htdocs\AMPAPI\protected\controllers\AmpapiController.php (356)
in C:\xampp\htdocs\AMPAPI\protected\controllers\AmpapiController.php (79)
2014/07/24 17:21:51 [error] [application] ReturnMessage: Invalid. ErrorCode: 1.1
in C:\xampp\htdocs\AMPAPI\protected\components\Utilities.php (11)
in C:\xampp\htdocs\AMPAPI\protected\controllers\AmpapiController.php (356)
in C:\xampp\htdocs\AMPAPI\protected\controllers\AmpapiController.php (167)
2014/07/24 17:21:57 [error] [application] ReturnMessage: Invalid. ErrorCode: 1.1
in C:\xampp\htdocs\AMPAPI\protected\components\Utilities.php (11)
in C:\xampp\htdocs\AMPAPI\protected\controllers\AmpapiController.php (356)
in C:\xampp\htdocs\AMPAPI\protected\controllers\AmpapiController.php (167)
2014/07/24 17:22:28 [error] [application] ReturnMessage: Invalid. ErrorCode: 1.1
in C:\xampp\htdocs\AMPAPI\protected\components\Utilities.php (11)
in C:\xampp\htdocs\AMPAPI\protected\controllers\AmpapiController.php (356)
in C:\xampp\htdocs\AMPAPI\protected\controllers\AmpapiController.php (167)
2014/07/24 17:24:30 [error] [application] ReturnMessage: One or more fields is not set or is blank. ErrorCode: 1
in C:\xampp\htdocs\AMPAPI\protected\components\Utilities.php (11)
in C:\xampp\htdocs\AMPAPI\protected\controllers\AmpapiController.php (356)
in C:\xampp\htdocs\AMPAPI\protected\controllers\AmpapiController.php (79)
2014/07/24 17:24:35 [error] [application] ReturnMessage: No Error, Transaction successful. ErrorCode: 0
in C:\xampp\htdocs\AMPAPI\protected\components\Utilities.php (11)
in C:\xampp\htdocs\AMPAPI\protected\controllers\AmpapiController.php (344)
in C:\xampp\htdocs\AMPAPI\protected\controllers\AmpapiController.php (127)
2014/07/24 17:26:38 [error] [application] ReturnMessage: Invalid. ErrorCode: 1.1
in C:\xampp\htdocs\AMPAPI\protected\components\Utilities.php (11)
in C:\xampp\htdocs\AMPAPI\protected\controllers\AmpapiController.php (356)
in C:\xampp\htdocs\AMPAPI\protected\controllers\AmpapiController.php (167)
2014/07/24 17:27:14 [error] [application] ReturnMessage: Invalid. ErrorCode: 1.1
in C:\xampp\htdocs\AMPAPI\protected\components\Utilities.php (11)
in C:\xampp\htdocs\AMPAPI\protected\controllers\AmpapiController.php (356)
in C:\xampp\htdocs\AMPAPI\protected\controllers\AmpapiController.php (167)
2014/07/24 17:27:30 [error] [application] ReturnMessage: No Error, Transaction successful. ErrorCode: 0
in C:\xampp\htdocs\AMPAPI\protected\components\Utilities.php (11)
in C:\xampp\htdocs\AMPAPI\protected\controllers\AmpapiController.php (344)
in C:\xampp\htdocs\AMPAPI\protected\controllers\AmpapiController.php (127)
2014/07/24 17:27:38 [error] [application] ReturnMessage: Valid ErrorCode: 0.1
in C:\xampp\htdocs\AMPAPI\protected\components\Utilities.php (11)
in C:\xampp\htdocs\AMPAPI\protected\controllers\AmpapiController.php (356)
in C:\xampp\htdocs\AMPAPI\protected\controllers\AmpapiController.php (158)
2014/07/24 17:28:26 [error] [application] ReturnMessage: Valid ErrorCode: 0.1
in C:\xampp\htdocs\AMPAPI\protected\components\Utilities.php (11)
in C:\xampp\htdocs\AMPAPI\protected\controllers\AmpapiController.php (356)
in C:\xampp\htdocs\AMPAPI\protected\controllers\AmpapiController.php (158)
2014/07/24 17:28:49 [error] [application] ReturnMessage: Valid ErrorCode: 0.1
in C:\xampp\htdocs\AMPAPI\protected\components\Utilities.php (11)
in C:\xampp\htdocs\AMPAPI\protected\controllers\AmpapiController.php (359)
in C:\xampp\htdocs\AMPAPI\protected\controllers\AmpapiController.php (158)
2014/07/24 17:28:59 [error] [application] ReturnMessage: Valid ErrorCode: 0.1
in C:\xampp\htdocs\AMPAPI\protected\components\Utilities.php (11)
in C:\xampp\htdocs\AMPAPI\protected\controllers\AmpapiController.php (359)
in C:\xampp\htdocs\AMPAPI\protected\controllers\AmpapiController.php (158)
2014/07/24 17:29:22 [error] [application] ReturnMessage: No Error, Transaction successful. ErrorCode: 0
in C:\xampp\htdocs\AMPAPI\protected\components\Utilities.php (11)
in C:\xampp\htdocs\AMPAPI\protected\controllers\AmpapiController.php (347)
in C:\xampp\htdocs\AMPAPI\protected\controllers\AmpapiController.php (127)
2014/07/24 17:29:38 [error] [application] ReturnMessage: Valid ErrorCode: 0.1
in C:\xampp\htdocs\AMPAPI\protected\components\Utilities.php (11)
in C:\xampp\htdocs\AMPAPI\protected\controllers\AmpapiController.php (359)
in C:\xampp\htdocs\AMPAPI\protected\controllers\AmpapiController.php (158)
2014/07/24 17:30:48 [error] [application] ReturnMessage: Valid ErrorCode: 0.1
in C:\xampp\htdocs\AMPAPI\protected\components\Utilities.php (11)
in C:\xampp\htdocs\AMPAPI\protected\controllers\AmpapiController.php (361)
in C:\xampp\htdocs\AMPAPI\protected\controllers\AmpapiController.php (160)
2014/07/24 17:35:49 [error] [application] ReturnMessage: Invalid. ErrorCode: 1.1
in C:\xampp\htdocs\AMPAPI\protected\components\Utilities.php (11)
in C:\xampp\htdocs\AMPAPI\protected\controllers\AmpapiController.php (361)
in C:\xampp\htdocs\AMPAPI\protected\controllers\AmpapiController.php (172)
2014/07/24 17:36:10 [error] [application] ReturnMessage: Valid ErrorCode: 0.1
in C:\xampp\htdocs\AMPAPI\protected\components\Utilities.php (11)
in C:\xampp\htdocs\AMPAPI\protected\controllers\AmpapiController.php (361)
in C:\xampp\htdocs\AMPAPI\protected\controllers\AmpapiController.php (160)
2014/07/24 17:37:03 [error] [application] ReturnMessage: Invalid. ErrorCode: 1.1
in C:\xampp\htdocs\AMPAPI\protected\components\Utilities.php (11)
in C:\xampp\htdocs\AMPAPI\protected\controllers\AmpapiController.php (361)
in C:\xampp\htdocs\AMPAPI\protected\controllers\AmpapiController.php (163)
2014/07/24 17:37:10 [error] [application] ReturnMessage: Valid ErrorCode: 0.1
in C:\xampp\htdocs\AMPAPI\protected\components\Utilities.php (11)
in C:\xampp\htdocs\AMPAPI\protected\controllers\AmpapiController.php (361)
in C:\xampp\htdocs\AMPAPI\protected\controllers\AmpapiController.php (160)
2014/07/24 17:37:20 [error] [application] ReturnMessage: Invalid. ErrorCode: 1.1
in C:\xampp\htdocs\AMPAPI\protected\components\Utilities.php (11)
in C:\xampp\htdocs\AMPAPI\protected\controllers\AmpapiController.php (361)
in C:\xampp\htdocs\AMPAPI\protected\controllers\AmpapiController.php (163)
2014/07/24 17:37:26 [error] [application] ReturnMessage: Valid ErrorCode: 0.1
in C:\xampp\htdocs\AMPAPI\protected\components\Utilities.php (11)
in C:\xampp\htdocs\AMPAPI\protected\controllers\AmpapiController.php (361)
in C:\xampp\htdocs\AMPAPI\protected\controllers\AmpapiController.php (160)
