2014/08/26 15:35:22 [error] [application] ReturnMessage: Third Party Account not found. ErrorCode: 3.1
in C:\xampp\htdocs\membership.rewards\AMPAPI\protected\components\Utilities.php (11)
in C:\xampp\htdocs\membership.rewards\AMPAPI\protected\controllers\AmpapiController.php (1124)
in C:\xampp\htdocs\membership.rewards\AMPAPI\protected\controllers\AmpapiController.php (163)
2014/08/26 10:28:58 [error] [exception.CException] exception 'CException' with message 'Object configuration must be an array containing a "class" element.' in C:\xampp\htdocs\yii\framework\YiiBase.php:193
Stack trace:
#0 C:\xampp\htdocs\yii\framework\base\CModule.php(386): YiiBase::createComponent(Array)
#1 C:\xampp\htdocs\yii\framework\base\CModule.php(103): CModule->getComponent('apiurl')
#2 C:\xampp\htdocs\membership.rewards\AMPAPI\protected\controllers\AmpapiController.php(144): CModule->__get('apiurl')
#3 C:\xampp\htdocs\yii\framework\web\CWebApplication.php(359): AmpapiController->__construct('ampapi', NULL)
#4 C:\xampp\htdocs\yii\framework\web\CWebApplication.php(276): CWebApplication->createController('Ampapi/authenti...')
#5 C:\xampp\htdocs\yii\framework\web\CWebApplication.php(141): CWebApplication->runController('Ampapi/authenti...')
#6 C:\xampp\htdocs\yii\framework\base\CApplication.php(169): CWebApplication->processRequest()
#7 C:\xampp\htdocs\membership.rewards\AMPAPI\index.php(13): CApplication->run()
#8 {main}
REQUEST_URI=/membership.rewards/AMPAPI/index.php/Ampapi/authenticatesession
---
2014/08/26 10:29:47 [error] [exception.CException] exception 'CException' with message 'Object configuration must be an array containing a "class" element.' in C:\xampp\htdocs\yii\framework\YiiBase.php:193
Stack trace:
#0 C:\xampp\htdocs\yii\framework\base\CModule.php(386): YiiBase::createComponent(Array)
#1 C:\xampp\htdocs\yii\framework\base\CModule.php(103): CModule->getComponent('apiurl')
#2 C:\xampp\htdocs\membership.rewards\AMPAPI\protected\controllers\AmpapiController.php(144): CModule->__get('apiurl')
#3 C:\xampp\htdocs\yii\framework\web\CWebApplication.php(359): AmpapiController->__construct('ampapi', NULL)
#4 C:\xampp\htdocs\yii\framework\web\CWebApplication.php(276): CWebApplication->createController('Ampapi/authenti...')
#5 C:\xampp\htdocs\yii\framework\web\CWebApplication.php(141): CWebApplication->runController('Ampapi/authenti...')
#6 C:\xampp\htdocs\yii\framework\base\CApplication.php(169): CWebApplication->processRequest()
#7 C:\xampp\htdocs\membership.rewards\AMPAPI\index.php(13): CApplication->run()
#8 {main}
REQUEST_URI=/membership.rewards/AMPAPI/index.php/Ampapi/authenticatesession
---
2014/08/26 10:31:03 [error] [exception.CException] exception 'CException' with message 'Object configuration must be an array containing a "class" element.' in C:\xampp\htdocs\yii\framework\YiiBase.php:193
Stack trace:
#0 C:\xampp\htdocs\yii\framework\base\CModule.php(386): YiiBase::createComponent(Array)
#1 C:\xampp\htdocs\yii\framework\base\CModule.php(103): CModule->getComponent('apiurl')
#2 C:\xampp\htdocs\membership.rewards\AMPAPI\protected\controllers\AmpapiController.php(144): CModule->__get('apiurl')
#3 C:\xampp\htdocs\yii\framework\web\CWebApplication.php(359): AmpapiController->__construct('ampapi', NULL)
#4 C:\xampp\htdocs\yii\framework\web\CWebApplication.php(276): CWebApplication->createController('Ampapi/authenti...')
#5 C:\xampp\htdocs\yii\framework\web\CWebApplication.php(141): CWebApplication->runController('Ampapi/authenti...')
#6 C:\xampp\htdocs\yii\framework\base\CApplication.php(169): CWebApplication->processRequest()
#7 C:\xampp\htdocs\membership.rewards\AMPAPI\index.php(13): CApplication->run()
#8 {main}
REQUEST_URI=/membership.rewards/AMPAPI/index.php/Ampapi/authenticatesession
---
2014/08/26 10:31:08 [error] [exception.CException] exception 'CException' with message 'Object configuration must be an array containing a "class" element.' in C:\xampp\htdocs\yii\framework\YiiBase.php:193
Stack trace:
#0 C:\xampp\htdocs\yii\framework\base\CModule.php(386): YiiBase::createComponent(Array)
#1 C:\xampp\htdocs\yii\framework\base\CModule.php(103): CModule->getComponent('apiurl')
#2 C:\xampp\htdocs\membership.rewards\AMPAPI\protected\controllers\AmpapiController.php(144): CModule->__get('apiurl')
#3 C:\xampp\htdocs\yii\framework\web\CWebApplication.php(359): AmpapiController->__construct('ampapi', NULL)
#4 C:\xampp\htdocs\yii\framework\web\CWebApplication.php(276): CWebApplication->createController('Ampapi/authenti...')
#5 C:\xampp\htdocs\yii\framework\web\CWebApplication.php(141): CWebApplication->runController('Ampapi/authenti...')
#6 C:\xampp\htdocs\yii\framework\base\CApplication.php(169): CWebApplication->processRequest()
#7 C:\xampp\htdocs\membership.rewards\AMPAPI\index.php(13): CApplication->run()
#8 {main}
REQUEST_URI=/membership.rewards/AMPAPI/index.php/Ampapi/authenticatesession
---
2014/08/26 16:44:20 [error] [application] ReturnMessage: One or more fields is not set or is blank. ErrorCode: 1
in C:\xampp\htdocs\membership.rewards\AMPAPI\protected\components\Utilities.php (11)
in C:\xampp\htdocs\membership.rewards\AMPAPI\protected\controllers\AmpapiController.php (1128)
in C:\xampp\htdocs\membership.rewards\AMPAPI\protected\controllers\AmpapiController.php (1198)
2014/08/26 16:44:39 [error] [application] ReturnMessage: Third Party Account not found. ErrorCode: 3.1
in C:\xampp\htdocs\membership.rewards\AMPAPI\protected\components\Utilities.php (11)
in C:\xampp\htdocs\membership.rewards\AMPAPI\protected\controllers\AmpapiController.php (1128)
in C:\xampp\htdocs\membership.rewards\AMPAPI\protected\controllers\AmpapiController.php (167)
2014/08/26 16:45:05 [error] [application] ReturnMessage: One or more fields is not set or is blank. ErrorCode: 75
in C:\xampp\htdocs\membership.rewards\AMPAPI\protected\components\Utilities.php (11)
in C:\xampp\htdocs\membership.rewards\AMPAPI\protected\controllers\AmpapiController.php (1128)
in C:\xampp\htdocs\membership.rewards\AMPAPI\protected\controllers\AmpapiController.php (1198)
2014/08/26 16:45:15 [error] [application] ReturnMessage: 6ddl2v7krc6j25camlf4udekq2 ErrorCode: 0
in C:\xampp\htdocs\membership.rewards\AMPAPI\protected\components\Utilities.php (11)
in C:\xampp\htdocs\membership.rewards\AMPAPI\protected\controllers\AmpapiController.php (1115)
in C:\xampp\htdocs\membership.rewards\AMPAPI\protected\controllers\AmpapiController.php (220)
2014/08/26 16:45:23 [error] [application] ReturnMessage: Valid ErrorCode: 0.1
in C:\xampp\htdocs\membership.rewards\AMPAPI\protected\components\Utilities.php (11)
in C:\xampp\htdocs\membership.rewards\AMPAPI\protected\controllers\AmpapiController.php (1138)
in C:\xampp\htdocs\membership.rewards\AMPAPI\protected\controllers\AmpapiController.php (272)
2014/08/26 16:46:34 [error] [application] ReturnMessage: One or more fields is not set or is blank. ErrorCode: 75
in C:\xampp\htdocs\membership.rewards\AMPAPI\protected\components\Utilities.php (11)
in C:\xampp\htdocs\membership.rewards\AMPAPI\protected\controllers\AmpapiController.php (1128)
in C:\xampp\htdocs\membership.rewards\AMPAPI\protected\controllers\AmpapiController.php (1198)
2014/08/26 16:46:35 [error] [application] ReturnMessage: One or more fields is not set or is blank. ErrorCode: 75
in C:\xampp\htdocs\membership.rewards\AMPAPI\protected\components\Utilities.php (11)
in C:\xampp\htdocs\membership.rewards\AMPAPI\protected\controllers\AmpapiController.php (1128)
in C:\xampp\htdocs\membership.rewards\AMPAPI\protected\controllers\AmpapiController.php (1198)
2014/08/26 16:46:35 [error] [application] ReturnMessage: One or more fields is not set or is blank. ErrorCode: 75
in C:\xampp\htdocs\membership.rewards\AMPAPI\protected\components\Utilities.php (11)
in C:\xampp\htdocs\membership.rewards\AMPAPI\protected\controllers\AmpapiController.php (1128)
in C:\xampp\htdocs\membership.rewards\AMPAPI\protected\controllers\AmpapiController.php (1198)
2014/08/26 16:46:35 [error] [application] ReturnMessage: One or more fields is not set or is blank. ErrorCode: 75
in C:\xampp\htdocs\membership.rewards\AMPAPI\protected\components\Utilities.php (11)
in C:\xampp\htdocs\membership.rewards\AMPAPI\protected\controllers\AmpapiController.php (1128)
in C:\xampp\htdocs\membership.rewards\AMPAPI\protected\controllers\AmpapiController.php (1198)
2014/08/26 16:46:36 [error] [application] ReturnMessage: One or more fields is not set or is blank. ErrorCode: 75
in C:\xampp\htdocs\membership.rewards\AMPAPI\protected\components\Utilities.php (11)
in C:\xampp\htdocs\membership.rewards\AMPAPI\protected\controllers\AmpapiController.php (1128)
in C:\xampp\htdocs\membership.rewards\AMPAPI\protected\controllers\AmpapiController.php (1198)
2014/08/26 16:46:45 [error] [application] ReturnMessage: bbgh3n3d5gp9ec405sdvrr3ej5 ErrorCode: 0
in C:\xampp\htdocs\membership.rewards\AMPAPI\protected\components\Utilities.php (11)
in C:\xampp\htdocs\membership.rewards\AMPAPI\protected\controllers\AmpapiController.php (1115)
in C:\xampp\htdocs\membership.rewards\AMPAPI\protected\controllers\AmpapiController.php (220)
2014/08/26 16:49:04 [error] [application] ReturnMessage: One or more fields is not set or is blank. ErrorCode: 1
in C:\xampp\htdocs\membership.rewards\AMPAPI\protected\components\Utilities.php (11)
in C:\xampp\htdocs\membership.rewards\AMPAPI\protected\controllers\AmpapiController.php (1128)
in C:\xampp\htdocs\membership.rewards\AMPAPI\protected\controllers\AmpapiController.php (1198)
2014/08/26 16:49:21 [error] [application] ReturnMessage: Invalid Session ID. ErrorCode: 71
in C:\xampp\htdocs\membership.rewards\AMPAPI\protected\components\Utilities.php (11)
in C:\xampp\htdocs\membership.rewards\AMPAPI\protected\controllers\AmpapiController.php (1128)
in C:\xampp\htdocs\membership.rewards\AMPAPI\protected\controllers\AmpapiController.php (1409)
2014/08/26 16:49:32 [error] [application] ReturnMessage: l4nri0aickmavsgb6h9rnn06a1 ErrorCode: 0
in C:\xampp\htdocs\membership.rewards\AMPAPI\protected\components\Utilities.php (11)
in C:\xampp\htdocs\membership.rewards\AMPAPI\protected\controllers\AmpapiController.php (1115)
in C:\xampp\htdocs\membership.rewards\AMPAPI\protected\controllers\AmpapiController.php (220)
2014/08/26 16:49:38 [error] [exception.CException] exception 'CException' with message 'Property "AmpapiController.urlAMPAPI" is not defined.' in C:\xampp\htdocs\yii\framework\base\CComponent.php:130
Stack trace:
#0 C:\xampp\htdocs\membership.rewards\AMPAPI\protected\controllers\AmpapiController.php(1454): CComponent->__get('urlAMPAPI')
#1 C:\xampp\htdocs\membership.rewards\AMPAPI\protected\controllers\AmpapiController.php(1381): AmpapiController->genAMPAPIURL('GetActiveSessio...')
#2 C:\xampp\htdocs\membership.rewards\AMPAPI\protected\controllers\AmpapiController.php(303): AmpapiController->_validateTPSession('l4nri0aickmavsg...', 'GetActiveSessio...', 'GetActiveSessio...')
#3 C:\xampp\htdocs\yii\framework\web\actions\CInlineAction.php(49): AmpapiController->actionGetActiveSession()
#4 C:\xampp\htdocs\yii\framework\web\CController.php(308): CInlineAction->runWithParams(Array)
#5 C:\xampp\htdocs\yii\framework\web\CController.php(286): CController->runAction(Object(CInlineAction))
#6 C:\xampp\htdocs\yii\framework\web\CController.php(265): CController->runActionWithFilters(Object(CInlineAction), Array)
#7 C:\xampp\htdocs\yii\framework\web\CWebApplication.php(282): CController->run('getactivesessio...')
#8 C:\xampp\htdocs\yii\framework\web\CWebApplication.php(141): CWebApplication->runController('Ampapi/getactiv...')
#9 C:\xampp\htdocs\yii\framework\base\CApplication.php(169): CWebApplication->processRequest()
#10 C:\xampp\htdocs\membership.rewards\AMPAPI\index.php(13): CApplication->run()
#11 {main}
REQUEST_URI=/membership.rewards/AMPAPI/index.php/Ampapi/getactivesession
---
2014/08/26 16:50:02 [error] [application] ReturnMessage: Invalid. ErrorCode: 1.1
in C:\xampp\htdocs\membership.rewards\AMPAPI\protected\components\Utilities.php (11)
in C:\xampp\htdocs\membership.rewards\AMPAPI\protected\controllers\AmpapiController.php (1128)
in C:\xampp\htdocs\membership.rewards\AMPAPI\protected\controllers\AmpapiController.php (305)
2014/08/26 16:50:29 [error] [application] ReturnMessage: Valid ErrorCode: 0.1
in C:\xampp\htdocs\membership.rewards\AMPAPI\protected\components\Utilities.php (11)
in C:\xampp\htdocs\membership.rewards\AMPAPI\protected\controllers\AmpapiController.php (1138)
in C:\xampp\htdocs\membership.rewards\AMPAPI\protected\controllers\AmpapiController.php (272)
2014/08/26 16:50:29 [error] [application] ReturnMessage: Invalid. ErrorCode: 1.1
in C:\xampp\htdocs\membership.rewards\AMPAPI\protected\components\Utilities.php (11)
in C:\xampp\htdocs\membership.rewards\AMPAPI\protected\controllers\AmpapiController.php (1128)
in C:\xampp\htdocs\membership.rewards\AMPAPI\protected\controllers\AmpapiController.php (305)
2014/08/26 16:50:32 [error] [application] ReturnMessage: 5l6faj96ocmrser64lv2k4vmr5 ErrorCode: 0
in C:\xampp\htdocs\membership.rewards\AMPAPI\protected\components\Utilities.php (11)
in C:\xampp\htdocs\membership.rewards\AMPAPI\protected\controllers\AmpapiController.php (1115)
in C:\xampp\htdocs\membership.rewards\AMPAPI\protected\controllers\AmpapiController.php (220)
2014/08/26 16:50:38 [error] [application] ReturnMessage: Valid ErrorCode: 0.1
in C:\xampp\htdocs\membership.rewards\AMPAPI\protected\components\Utilities.php (11)
in C:\xampp\htdocs\membership.rewards\AMPAPI\protected\controllers\AmpapiController.php (1138)
in C:\xampp\htdocs\membership.rewards\AMPAPI\protected\controllers\AmpapiController.php (272)
2014/08/26 16:50:49 [error] [application] ReturnMessage: Valid ErrorCode: 0.1
in C:\xampp\htdocs\membership.rewards\AMPAPI\protected\components\Utilities.php (11)
in C:\xampp\htdocs\membership.rewards\AMPAPI\protected\controllers\AmpapiController.php (1138)
in C:\xampp\htdocs\membership.rewards\AMPAPI\protected\controllers\AmpapiController.php (272)
2014/08/26 16:51:09 [error] [application] ReturnMessage: Valid ErrorCode: 0.1
in C:\xampp\htdocs\membership.rewards\AMPAPI\protected\components\Utilities.php (11)
in C:\xampp\htdocs\membership.rewards\AMPAPI\protected\controllers\AmpapiController.php (1138)
in C:\xampp\htdocs\membership.rewards\AMPAPI\protected\controllers\AmpapiController.php (272)
2014/08/26 16:51:15 [error] [application] ReturnMessage: Invalid Session ID. ErrorCode: 71
in C:\xampp\htdocs\membership.rewards\AMPAPI\protected\components\Utilities.php (11)
in C:\xampp\htdocs\membership.rewards\AMPAPI\protected\controllers\AmpapiController.php (1128)
in C:\xampp\htdocs\membership.rewards\AMPAPI\protected\controllers\AmpapiController.php (1409)
2014/08/26 16:51:20 [error] [application] ReturnMessage: Valid ErrorCode: 0.1
in C:\xampp\htdocs\membership.rewards\AMPAPI\protected\components\Utilities.php (11)
in C:\xampp\htdocs\membership.rewards\AMPAPI\protected\controllers\AmpapiController.php (1138)
in C:\xampp\htdocs\membership.rewards\AMPAPI\protected\controllers\AmpapiController.php (272)
2014/08/26 16:52:15 [error] [application] ReturnMessage: Valid ErrorCode: 0.1
in C:\xampp\htdocs\membership.rewards\AMPAPI\protected\components\Utilities.php (11)
in C:\xampp\htdocs\membership.rewards\AMPAPI\protected\controllers\AmpapiController.php (1138)
in C:\xampp\htdocs\membership.rewards\AMPAPI\protected\controllers\AmpapiController.php (272)
2014/08/26 16:52:29 [error] [application] ReturnMessage: Valid ErrorCode: 0.1
in C:\xampp\htdocs\membership.rewards\AMPAPI\protected\components\Utilities.php (11)
in C:\xampp\htdocs\membership.rewards\AMPAPI\protected\controllers\AmpapiController.php (1138)
in C:\xampp\htdocs\membership.rewards\AMPAPI\protected\controllers\AmpapiController.php (272)
2014/08/26 16:52:45 [error] [application] ReturnMessage: Valid ErrorCode: 0.1
in C:\xampp\htdocs\membership.rewards\AMPAPI\protected\components\Utilities.php (11)
in C:\xampp\htdocs\membership.rewards\AMPAPI\protected\controllers\AmpapiController.php (1138)
in C:\xampp\htdocs\membership.rewards\AMPAPI\protected\controllers\AmpapiController.php (272)
2014/08/26 16:53:33 [error] [application] ReturnMessage: Valid ErrorCode: 0.1
in C:\xampp\htdocs\membership.rewards\AMPAPI\protected\components\Utilities.php (11)
in C:\xampp\htdocs\membership.rewards\AMPAPI\protected\controllers\AmpapiController.php (1138)
in C:\xampp\htdocs\membership.rewards\AMPAPI\protected\controllers\AmpapiController.php (272)
2014/08/26 16:53:43 [error] [application] ReturnMessage: Invalid Session ID. ErrorCode: 1648
in C:\xampp\htdocs\membership.rewards\AMPAPI\protected\components\Utilities.php (11)
in C:\xampp\htdocs\membership.rewards\AMPAPI\protected\controllers\AmpapiController.php (1128)
in C:\xampp\htdocs\membership.rewards\AMPAPI\protected\controllers\AmpapiController.php (1409)
2014/08/26 16:54:03 [error] [application] ReturnMessage: Invalid Session ID. ErrorCode: 1648
in C:\xampp\htdocs\membership.rewards\AMPAPI\protected\components\Utilities.php (11)
in C:\xampp\htdocs\membership.rewards\AMPAPI\protected\controllers\AmpapiController.php (1128)
in C:\xampp\htdocs\membership.rewards\AMPAPI\protected\controllers\AmpapiController.php (1409)
2014/08/26 16:54:12 [error] [application] ReturnMessage: h4qq2fbvvusaul8f1chov5ngq3 ErrorCode: 0
in C:\xampp\htdocs\membership.rewards\AMPAPI\protected\components\Utilities.php (11)
in C:\xampp\htdocs\membership.rewards\AMPAPI\protected\controllers\AmpapiController.php (1115)
in C:\xampp\htdocs\membership.rewards\AMPAPI\protected\controllers\AmpapiController.php (220)
2014/08/26 16:54:16 [error] [application] ReturnMessage: Valid ErrorCode: 0.1
in C:\xampp\htdocs\membership.rewards\AMPAPI\protected\components\Utilities.php (11)
in C:\xampp\htdocs\membership.rewards\AMPAPI\protected\controllers\AmpapiController.php (1138)
in C:\xampp\htdocs\membership.rewards\AMPAPI\protected\controllers\AmpapiController.php (272)
2014/08/26 10:54:25 [error] [exception.CHttpException.404] exception 'CHttpException' with message 'The system is unable to find the requested action "sGetActiveSession".' in C:\xampp\htdocs\yii\framework\web\CController.php:483
Stack trace:
#0 C:\xampp\htdocs\yii\framework\web\CController.php(270): CController->missingAction('sGetActiveSessi...')
#1 C:\xampp\htdocs\yii\framework\web\CWebApplication.php(282): CController->run('sGetActiveSessi...')
#2 C:\xampp\htdocs\yii\framework\web\CWebApplication.php(141): CWebApplication->runController('Ampapi/sGetActi...')
#3 C:\xampp\htdocs\yii\framework\base\CApplication.php(169): CWebApplication->processRequest()
#4 C:\xampp\htdocs\membership.rewards\AMPAPI\index.php(13): CApplication->run()
#5 {main}
REQUEST_URI=/membership.rewards/AMPAPI/index.php/Ampapi/sGetActiveSession
---
2014/08/26 16:55:47 [error] [application] ReturnMessage: Invalid Session ID. ErrorCode: 71
in C:\xampp\htdocs\membership.rewards\AMPAPI\protected\components\Utilities.php (11)
in C:\xampp\htdocs\membership.rewards\AMPAPI\protected\controllers\AmpapiController.php (1128)
in C:\xampp\htdocs\membership.rewards\AMPAPI\protected\controllers\AmpapiController.php (1409)
2014/08/26 16:57:25 [error] [application] ReturnMessage: Valid ErrorCode: 0.1
in C:\xampp\htdocs\membership.rewards\AMPAPI\protected\components\Utilities.php (11)
in C:\xampp\htdocs\membership.rewards\AMPAPI\protected\controllers\AmpapiController.php (1138)
in C:\xampp\htdocs\membership.rewards\AMPAPI\protected\controllers\AmpapiController.php (272)
2014/08/26 17:00:25 [error] [application] ReturnMessage: Valid ErrorCode: 0.1
in C:\xampp\htdocs\membership.rewards\AMPAPI\protected\components\Utilities.php (11)
in C:\xampp\htdocs\membership.rewards\AMPAPI\protected\controllers\AmpapiController.php (1138)
in C:\xampp\htdocs\membership.rewards\AMPAPI\protected\controllers\AmpapiController.php (272)
2014/08/26 17:06:02 [error] [application] ReturnMessage: Valid ErrorCode: 0.1
in C:\xampp\htdocs\membership.rewards\AMPAPI\protected\components\Utilities.php (11)
in C:\xampp\htdocs\membership.rewards\AMPAPI\protected\controllers\AmpapiController.php (1138)
in C:\xampp\htdocs\membership.rewards\AMPAPI\protected\controllers\AmpapiController.php (272)
2014/08/26 17:06:02 [error] [php] Use of undefined constant jem - assumed 'jem' (C:\xampp\htdocs\membership.rewards\AMPAPI\protected\controllers\AmpapiController.php:273)
Stack trace:
#0 C:\xampp\htdocs\yii\framework\web\CController.php(286): AmpapiController->runAction()
#1 C:\xampp\htdocs\yii\framework\web\CController.php(265): AmpapiController->runActionWithFilters()
#2 C:\xampp\htdocs\yii\framework\web\CWebApplication.php(282): AmpapiController->run()
#3 C:\xampp\htdocs\yii\framework\web\CWebApplication.php(141): CWebApplication->runController()
#4 C:\xampp\htdocs\yii\framework\base\CApplication.php(169): CWebApplication->processRequest()
#5 C:\xampp\htdocs\membership.rewards\AMPAPI\index.php(13): CWebApplication->run()
REQUEST_URI=/membership.rewards/AMPAPI/index.php/Ampapi/getactivesession
in C:\xampp\htdocs\membership.rewards\AMPAPI\protected\controllers\AmpapiController.php (273)
in C:\xampp\htdocs\membership.rewards\AMPAPI\index.php (13)
2014/08/26 17:06:48 [error] [application] ReturnMessage: Valid ErrorCode: 0.1
in C:\xampp\htdocs\membership.rewards\AMPAPI\protected\components\Utilities.php (11)
in C:\xampp\htdocs\membership.rewards\AMPAPI\protected\controllers\AmpapiController.php (1138)
in C:\xampp\htdocs\membership.rewards\AMPAPI\protected\controllers\AmpapiController.php (272)
2014/08/26 17:09:07 [error] [application] ReturnMessage: Valid ErrorCode: 0.1
in C:\xampp\htdocs\membership.rewards\AMPAPI\protected\components\Utilities.php (11)
in C:\xampp\htdocs\membership.rewards\AMPAPI\protected\controllers\AmpapiController.php (1139)
in C:\xampp\htdocs\membership.rewards\AMPAPI\protected\controllers\AmpapiController.php (273)
2014/08/26 17:09:14 [error] [application] ReturnMessage: e3g2mupkl3nsqulgm74tdk1g80 ErrorCode: 0
in C:\xampp\htdocs\membership.rewards\AMPAPI\protected\components\Utilities.php (11)
in C:\xampp\htdocs\membership.rewards\AMPAPI\protected\controllers\AmpapiController.php (1116)
in C:\xampp\htdocs\membership.rewards\AMPAPI\protected\controllers\AmpapiController.php (221)
2014/08/26 17:09:25 [error] [application] ReturnMessage: Valid ErrorCode: 0.1
in C:\xampp\htdocs\membership.rewards\AMPAPI\protected\components\Utilities.php (11)
in C:\xampp\htdocs\membership.rewards\AMPAPI\protected\controllers\AmpapiController.php (1139)
in C:\xampp\htdocs\membership.rewards\AMPAPI\protected\controllers\AmpapiController.php (273)
2014/08/26 17:12:14 [error] [application] ReturnMessage: One or more fields is not set or is blank. ErrorCode: 0.2
in C:\xampp\htdocs\membership.rewards\AMPAPI\protected\components\Utilities.php (11)
in C:\xampp\htdocs\membership.rewards\AMPAPI\protected\controllers\AmpapiController.php (1128)
in C:\xampp\htdocs\membership.rewards\AMPAPI\protected\controllers\AmpapiController.php (1217)
2014/08/26 11:12:14 [error] [exception.CException] exception 'CException' with message 'AmpapiInvokerController cannot find the requested view "getcity".' in C:\xampp\htdocs\yii\framework\web\CController.php:878
Stack trace:
#0 C:\xampp\htdocs\yii\framework\web\CController.php(782): CController->renderPartial('getcity', Array, true)
#1 C:\xampp\htdocs\membership.rewards\AMPAPI\protected\controllers\AmpapiInvokerController.php(496): CController->render('getcity', Array)
#2 C:\xampp\htdocs\yii\framework\web\actions\CInlineAction.php(49): AmpapiInvokerController->actionGetCity()
#3 C:\xampp\htdocs\yii\framework\web\CController.php(308): CInlineAction->runWithParams(Array)
#4 C:\xampp\htdocs\yii\framework\web\CController.php(286): CController->runAction(Object(CInlineAction))
#5 C:\xampp\htdocs\yii\framework\web\CController.php(265): CController->runActionWithFilters(Object(CInlineAction), Array)
#6 C:\xampp\htdocs\yii\framework\web\CWebApplication.php(282): CController->run('getcity')
#7 C:\xampp\htdocs\yii\framework\web\CWebApplication.php(141): CWebApplication->runController('ampapiInvoker/g...')
#8 C:\xampp\htdocs\yii\framework\base\CApplication.php(169): CWebApplication->processRequest()
#9 C:\xampp\htdocs\membership.rewards\AMPAPI\index.php(13): CApplication->run()
#10 {main}
REQUEST_URI=/membership.rewards/AMPAPI/index.php/ampapiInvoker/getcity
HTTP_REFERER=http://localhost/membership.rewards/AMPAPI/index.php/ampapiInvoker/getcity
---
2014/08/26 17:16:01 [error] [application] ReturnMessage: One or more fields is not set or is blank. ErrorCode: 0.2
in C:\xampp\htdocs\membership.rewards\AMPAPI\protected\components\Utilities.php (11)
in C:\xampp\htdocs\membership.rewards\AMPAPI\protected\controllers\AmpapiController.php (1128)
in C:\xampp\htdocs\membership.rewards\AMPAPI\protected\controllers\AmpapiController.php (1217)
2014/08/26 11:16:01 [error] [exception.CException] exception 'CException' with message 'AmpapiInvokerController cannot find the requested view "getcity".' in C:\xampp\htdocs\yii\framework\web\CController.php:878
Stack trace:
#0 C:\xampp\htdocs\yii\framework\web\CController.php(782): CController->renderPartial('getcity', Array, true)
#1 C:\xampp\htdocs\membership.rewards\AMPAPI\protected\controllers\AmpapiInvokerController.php(496): CController->render('getcity', Array)
#2 C:\xampp\htdocs\yii\framework\web\actions\CInlineAction.php(49): AmpapiInvokerController->actionGetCity()
#3 C:\xampp\htdocs\yii\framework\web\CController.php(308): CInlineAction->runWithParams(Array)
#4 C:\xampp\htdocs\yii\framework\web\CController.php(286): CController->runAction(Object(CInlineAction))
#5 C:\xampp\htdocs\yii\framework\web\CController.php(265): CController->runActionWithFilters(Object(CInlineAction), Array)
#6 C:\xampp\htdocs\yii\framework\web\CWebApplication.php(282): CController->run('getcity')
#7 C:\xampp\htdocs\yii\framework\web\CWebApplication.php(141): CWebApplication->runController('ampapiInvoker/g...')
#8 C:\xampp\htdocs\yii\framework\base\CApplication.php(169): CWebApplication->processRequest()
#9 C:\xampp\htdocs\membership.rewards\AMPAPI\index.php(13): CApplication->run()
#10 {main}
REQUEST_URI=/membership.rewards/AMPAPI/index.php/ampapiInvoker/getcity
HTTP_REFERER=http://localhost/membership.rewards/AMPAPI/index.php/ampapiInvoker/getcity
---
2014/08/26 11:18:56 [error] [exception.CException] exception 'CException' with message 'AmpapiInvokerController cannot find the requested view "getcity".' in C:\xampp\htdocs\yii\framework\web\CController.php:878
Stack trace:
#0 C:\xampp\htdocs\yii\framework\web\CController.php(782): CController->renderPartial('getcity', Array, true)
#1 C:\xampp\htdocs\membership.rewards\AMPAPI\protected\controllers\AmpapiInvokerController.php(496): CController->render('getcity', Array)
#2 C:\xampp\htdocs\yii\framework\web\actions\CInlineAction.php(49): AmpapiInvokerController->actionGetCity()
#3 C:\xampp\htdocs\yii\framework\web\CController.php(308): CInlineAction->runWithParams(Array)
#4 C:\xampp\htdocs\yii\framework\web\CController.php(286): CController->runAction(Object(CInlineAction))
#5 C:\xampp\htdocs\yii\framework\web\CController.php(265): CController->runActionWithFilters(Object(CInlineAction), Array)
#6 C:\xampp\htdocs\yii\framework\web\CWebApplication.php(282): CController->run('getcity')
#7 C:\xampp\htdocs\yii\framework\web\CWebApplication.php(141): CWebApplication->runController('ampapiInvoker/g...')
#8 C:\xampp\htdocs\yii\framework\base\CApplication.php(169): CWebApplication->processRequest()
#9 C:\xampp\htdocs\membership.rewards\AMPAPI\index.php(13): CApplication->run()
#10 {main}
REQUEST_URI=/membership.rewards/AMPAPI/index.php/ampapiInvoker/getcity
HTTP_REFERER=http://localhost/membership.rewards/AMPAPI/index.php/
---
2014/08/26 11:19:32 [error] [exception.CException] exception 'CException' with message 'AmpapiInvokerController cannot find the requested view "getissmoker".' in C:\xampp\htdocs\yii\framework\web\CController.php:878
Stack trace:
#0 C:\xampp\htdocs\yii\framework\web\CController.php(782): CController->renderPartial('getissmoker', Array, true)
#1 C:\xampp\htdocs\membership.rewards\AMPAPI\protected\controllers\AmpapiInvokerController.php(439): CController->render('getissmoker', Array)
#2 C:\xampp\htdocs\yii\framework\web\actions\CInlineAction.php(49): AmpapiInvokerController->actionGetIsSmoker()
#3 C:\xampp\htdocs\yii\framework\web\CController.php(308): CInlineAction->runWithParams(Array)
#4 C:\xampp\htdocs\yii\framework\web\CController.php(286): CController->runAction(Object(CInlineAction))
#5 C:\xampp\htdocs\yii\framework\web\CController.php(265): CController->runActionWithFilters(Object(CInlineAction), Array)
#6 C:\xampp\htdocs\yii\framework\web\CWebApplication.php(282): CController->run('getissmoker')
#7 C:\xampp\htdocs\yii\framework\web\CWebApplication.php(141): CWebApplication->runController('ampapiInvoker/g...')
#8 C:\xampp\htdocs\yii\framework\base\CApplication.php(169): CWebApplication->processRequest()
#9 C:\xampp\htdocs\membership.rewards\AMPAPI\index.php(13): CApplication->run()
#10 {main}
REQUEST_URI=/membership.rewards/AMPAPI/index.php/ampapiInvoker/getissmoker
HTTP_REFERER=http://localhost/membership.rewards/AMPAPI/index.php/
---
2014/08/26 11:20:14 [error] [exception.CException] exception 'CException' with message 'AmpapiInvokerController cannot find the requested view "authenticatesession".' in C:\xampp\htdocs\yii\framework\web\CController.php:878
Stack trace:
#0 C:\xampp\htdocs\yii\framework\web\CController.php(782): CController->renderPartial('authenticateses...', Array, true)
#1 C:\xampp\htdocs\membership.rewards\AMPAPI\protected\controllers\AmpapiInvokerController.php(90): CController->render('authenticateses...', Array)
#2 C:\xampp\htdocs\yii\framework\web\actions\CInlineAction.php(49): AmpapiInvokerController->actionAuthenticateSession()
#3 C:\xampp\htdocs\yii\framework\web\CController.php(308): CInlineAction->runWithParams(Array)
#4 C:\xampp\htdocs\yii\framework\web\CController.php(286): CController->runAction(Object(CInlineAction))
#5 C:\xampp\htdocs\yii\framework\web\CController.php(265): CController->runActionWithFilters(Object(CInlineAction), Array)
#6 C:\xampp\htdocs\yii\framework\web\CWebApplication.php(282): CController->run('authenticateses...')
#7 C:\xampp\htdocs\yii\framework\web\CWebApplication.php(141): CWebApplication->runController('AmpapiInvoker/a...')
#8 C:\xampp\htdocs\yii\framework\base\CApplication.php(169): CWebApplication->processRequest()
#9 C:\xampp\htdocs\membership.rewards\AMPAPI\index.php(13): CApplication->run()
#10 {main}
REQUEST_URI=/membership.rewards/AMPAPI/index.php/AmpapiInvoker/authenticatesession
HTTP_REFERER=http://localhost/membership.rewards/AMPAPI/index.php/
---
2014/08/26 11:21:23 [error] [exception.CException] exception 'CException' with message 'Property "CWebApplication.urlAMPAPI" is not defined.' in C:\xampp\htdocs\yii\framework\base\CComponent.php:130
Stack trace:
#0 C:\xampp\htdocs\yii\framework\base\CModule.php(105): CComponent->__get('urlAMPAPI')
#1 C:\xampp\htdocs\membership.rewards\AMPAPI\protected\controllers\AmpapiInvokerController.php(532): CModule->__get('urlAMPAPI')
#2 C:\xampp\htdocs\membership.rewards\AMPAPI\protected\controllers\AmpapiInvokerController.php(495): AmpapiInvokerController->genURL('getcity')
#3 C:\xampp\htdocs\membership.rewards\AMPAPI\protected\controllers\AmpapiInvokerController.php(490): AmpapiInvokerController->_GetCity('', 'getcity')
#4 C:\xampp\htdocs\yii\framework\web\actions\CInlineAction.php(49): AmpapiInvokerController->actionGetCity()
#5 C:\xampp\htdocs\yii\framework\web\CController.php(308): CInlineAction->runWithParams(Array)
#6 C:\xampp\htdocs\yii\framework\web\CController.php(286): CController->runAction(Object(CInlineAction))
#7 C:\xampp\htdocs\yii\framework\web\CController.php(265): CController->runActionWithFilters(Object(CInlineAction), Array)
#8 C:\xampp\htdocs\yii\framework\web\CWebApplication.php(282): CController->run('getcity')
#9 C:\xampp\htdocs\yii\framework\web\CWebApplication.php(141): CWebApplication->runController('ampapiInvoker/g...')
#10 C:\xampp\htdocs\yii\framework\base\CApplication.php(169): CWebApplication->processRequest()
#11 C:\xampp\htdocs\membership.rewards\AMPAPI\index.php(13): CApplication->run()
#12 {main}
REQUEST_URI=/membership.rewards/AMPAPI/index.php/ampapiInvoker/getcity
HTTP_REFERER=http://localhost/membership.rewards/AMPAPI/index.php/ampapiInvoker/getcity
---
2014/08/26 17:21:49 [error] [application] ReturnMessage: One or more fields is not set or is blank. ErrorCode: 0.2
in C:\xampp\htdocs\membership.rewards\AMPAPI\protected\components\Utilities.php (11)
in C:\xampp\htdocs\membership.rewards\AMPAPI\protected\controllers\AmpapiController.php (1128)
in C:\xampp\htdocs\membership.rewards\AMPAPI\protected\controllers\AmpapiController.php (1217)
2014/08/26 17:21:55 [error] [application] ReturnMessage: One or more fields is not set or is blank. ErrorCode: 0.2
in C:\xampp\htdocs\membership.rewards\AMPAPI\protected\components\Utilities.php (11)
in C:\xampp\htdocs\membership.rewards\AMPAPI\protected\controllers\AmpapiController.php (1128)
in C:\xampp\htdocs\membership.rewards\AMPAPI\protected\controllers\AmpapiController.php (1217)
2014/08/26 17:22:32 [error] [application] ReturnMessage: One or more fields is not set or is blank. ErrorCode: 0.2
in C:\xampp\htdocs\membership.rewards\AMPAPI\protected\components\Utilities.php (11)
in C:\xampp\htdocs\membership.rewards\AMPAPI\protected\controllers\AmpapiController.php (1128)
in C:\xampp\htdocs\membership.rewards\AMPAPI\protected\controllers\AmpapiController.php (1217)
2014/08/26 17:22:39 [error] [application] ReturnMessage: r1ullsehpg01eilj0hoaidqqi7 ErrorCode: 0
in C:\xampp\htdocs\membership.rewards\AMPAPI\protected\components\Utilities.php (11)
in C:\xampp\htdocs\membership.rewards\AMPAPI\protected\controllers\AmpapiController.php (1115)
in C:\xampp\htdocs\membership.rewards\AMPAPI\protected\controllers\AmpapiController.php (220)
2014/08/26 17:22:44 [error] [application] ReturnMessage: Valid ErrorCode: 0.1
in C:\xampp\htdocs\membership.rewards\AMPAPI\protected\components\Utilities.php (11)
in C:\xampp\htdocs\membership.rewards\AMPAPI\protected\controllers\AmpapiController.php (1138)
in C:\xampp\htdocs\membership.rewards\AMPAPI\protected\controllers\AmpapiController.php (272)
