2014/08/01 09:03:34 [error] [application] ReturnMessage: No Error, Transaction successful. ErrorCode: 0
in C:\xampp\htdocs\membership.rewards\AMPAPI\protected\components\Utilities.php (11)
in C:\xampp\htdocs\membership.rewards\AMPAPI\protected\controllers\AmpapiController.php (911)
in C:\xampp\htdocs\membership.rewards\AMPAPI\protected\controllers\AmpapiController.php (188)
2014/08/01 09:03:44 [error] [application] ReturnMessage: Valid ErrorCode: 0.1
in C:\xampp\htdocs\membership.rewards\AMPAPI\protected\components\Utilities.php (11)
in C:\xampp\htdocs\membership.rewards\AMPAPI\protected\controllers\AmpapiController.php (934)
in C:\xampp\htdocs\membership.rewards\AMPAPI\protected\controllers\AmpapiController.php (221)
2014/08/01 09:05:51 [error] [application] ReturnMessage: Invalid Session ID. ErrorCode: 55
in C:\xampp\htdocs\membership.rewards\AMPAPI\protected\components\Utilities.php (11)
in C:\xampp\htdocs\membership.rewards\AMPAPI\protected\controllers\AmpapiController.php (924)
in C:\xampp\htdocs\membership.rewards\AMPAPI\protected\controllers\AmpapiController.php (1189)
2014/08/01 09:15:10 [error] [application] ReturnMessage: Valid ErrorCode: 0.1
in C:\xampp\htdocs\membership.rewards\AMPAPI\protected\components\Utilities.php (11)
in C:\xampp\htdocs\membership.rewards\AMPAPI\protected\controllers\AmpapiController.php (934)
in C:\xampp\htdocs\membership.rewards\AMPAPI\protected\controllers\AmpapiController.php (221)
2014/08/01 09:19:27 [error] [application] ReturnMessage: Valid ErrorCode: 0.1
in C:\xampp\htdocs\membership.rewards\AMPAPI\protected\components\Utilities.php (11)
in C:\xampp\htdocs\membership.rewards\AMPAPI\protected\controllers\AmpapiController.php (934)
in C:\xampp\htdocs\membership.rewards\AMPAPI\protected\controllers\AmpapiController.php (221)
2014/08/01 09:20:35 [error] [application] ReturnMessage: Valid ErrorCode: 0.1
in C:\xampp\htdocs\membership.rewards\AMPAPI\protected\components\Utilities.php (11)
in C:\xampp\htdocs\membership.rewards\AMPAPI\protected\controllers\AmpapiController.php (934)
in C:\xampp\htdocs\membership.rewards\AMPAPI\protected\controllers\AmpapiController.php (221)
2014/08/01 09:20:39 [error] [application] ReturnMessage: Invalid Session ID. ErrorCode: 55
in C:\xampp\htdocs\membership.rewards\AMPAPI\protected\components\Utilities.php (11)
in C:\xampp\htdocs\membership.rewards\AMPAPI\protected\controllers\AmpapiController.php (924)
in C:\xampp\htdocs\membership.rewards\AMPAPI\protected\controllers\AmpapiController.php (1189)
2014/08/01 09:20:44 [error] [application] ReturnMessage: One or more fields is not set or is blank. ErrorCode: 0.2
in C:\xampp\htdocs\membership.rewards\AMPAPI\protected\components\Utilities.php (11)
in C:\xampp\htdocs\membership.rewards\AMPAPI\protected\controllers\AmpapiController.php (924)
in C:\xampp\htdocs\membership.rewards\AMPAPI\protected\controllers\AmpapiController.php (1005)
2014/08/01 09:22:32 [error] [application] ReturnMessage: Invalid Session ID. ErrorCode: 55
in C:\xampp\htdocs\membership.rewards\AMPAPI\protected\components\Utilities.php (11)
in C:\xampp\htdocs\membership.rewards\AMPAPI\protected\controllers\AmpapiController.php (924)
in C:\xampp\htdocs\membership.rewards\AMPAPI\protected\controllers\AmpapiController.php (1189)
2014/08/01 09:22:40 [error] [application] ReturnMessage: Valid ErrorCode: 0.1
in C:\xampp\htdocs\membership.rewards\AMPAPI\protected\components\Utilities.php (11)
in C:\xampp\htdocs\membership.rewards\AMPAPI\protected\controllers\AmpapiController.php (934)
in C:\xampp\htdocs\membership.rewards\AMPAPI\protected\controllers\AmpapiController.php (221)
2014/08/01 09:22:44 [error] [application] ReturnMessage: Invalid Session ID. ErrorCode: 55
in C:\xampp\htdocs\membership.rewards\AMPAPI\protected\components\Utilities.php (11)
in C:\xampp\htdocs\membership.rewards\AMPAPI\protected\controllers\AmpapiController.php (924)
in C:\xampp\htdocs\membership.rewards\AMPAPI\protected\controllers\AmpapiController.php (1189)
2014/08/01 09:22:46 [error] [application] ReturnMessage: One or more fields is not set or is blank. ErrorCode: 0.2
in C:\xampp\htdocs\membership.rewards\AMPAPI\protected\components\Utilities.php (11)
in C:\xampp\htdocs\membership.rewards\AMPAPI\protected\controllers\AmpapiController.php (924)
in C:\xampp\htdocs\membership.rewards\AMPAPI\protected\controllers\AmpapiController.php (1005)
2014/08/01 09:22:56 [error] [application] ReturnMessage: Valid ErrorCode: 0.1
in C:\xampp\htdocs\membership.rewards\AMPAPI\protected\components\Utilities.php (11)
in C:\xampp\htdocs\membership.rewards\AMPAPI\protected\controllers\AmpapiController.php (934)
in C:\xampp\htdocs\membership.rewards\AMPAPI\protected\controllers\AmpapiController.php (221)
2014/08/01 09:23:00 [error] [application] ReturnMessage: Invalid Session ID. ErrorCode: 55
in C:\xampp\htdocs\membership.rewards\AMPAPI\protected\components\Utilities.php (11)
in C:\xampp\htdocs\membership.rewards\AMPAPI\protected\controllers\AmpapiController.php (924)
in C:\xampp\htdocs\membership.rewards\AMPAPI\protected\controllers\AmpapiController.php (1189)
2014/08/01 09:23:05 [error] [application] ReturnMessage: One or more fields is not set or is blank. ErrorCode: 0.2
in C:\xampp\htdocs\membership.rewards\AMPAPI\protected\components\Utilities.php (11)
in C:\xampp\htdocs\membership.rewards\AMPAPI\protected\controllers\AmpapiController.php (924)
in C:\xampp\htdocs\membership.rewards\AMPAPI\protected\controllers\AmpapiController.php (1005)
2014/08/01 09:23:08 [error] [application] ReturnMessage: Valid ErrorCode: 0.1
in C:\xampp\htdocs\membership.rewards\AMPAPI\protected\components\Utilities.php (11)
in C:\xampp\htdocs\membership.rewards\AMPAPI\protected\controllers\AmpapiController.php (934)
in C:\xampp\htdocs\membership.rewards\AMPAPI\protected\controllers\AmpapiController.php (221)
2014/08/01 09:24:55 [error] [application] ReturnMessage: One or more fields is not set or is blank. ErrorCode: 0.2
in C:\xampp\htdocs\membership.rewards\AMPAPI\protected\components\Utilities.php (11)
in C:\xampp\htdocs\membership.rewards\AMPAPI\protected\controllers\AmpapiController.php (924)
in C:\xampp\htdocs\membership.rewards\AMPAPI\protected\controllers\AmpapiController.php (1005)
2014/08/01 09:24:58 [error] [application] ReturnMessage: Invalid Session ID. ErrorCode: 55
in C:\xampp\htdocs\membership.rewards\AMPAPI\protected\components\Utilities.php (11)
in C:\xampp\htdocs\membership.rewards\AMPAPI\protected\controllers\AmpapiController.php (924)
in C:\xampp\htdocs\membership.rewards\AMPAPI\protected\controllers\AmpapiController.php (1189)
2014/08/01 09:30:10 [error] [application] ReturnMessage: Valid ErrorCode: 0.1
in C:\xampp\htdocs\membership.rewards\AMPAPI\protected\components\Utilities.php (11)
in C:\xampp\htdocs\membership.rewards\AMPAPI\protected\controllers\AmpapiController.php (934)
in C:\xampp\htdocs\membership.rewards\AMPAPI\protected\controllers\AmpapiController.php (221)
2014/08/01 09:30:10 [error] [application] ReturnMessage: No response from Membership portal API. ErrorCode: 57
in C:\xampp\htdocs\membership.rewards\AMPAPI\protected\components\Utilities.php (11)
in C:\xampp\htdocs\membership.rewards\AMPAPI\protected\controllers\AmpapiController.php (942)
in C:\xampp\htdocs\membership.rewards\AMPAPI\protected\controllers\AmpapiController.php (679)
2014/08/01 09:32:41 [error] [application] ReturnMessage: Invalid Session ID. ErrorCode: 55
in C:\xampp\htdocs\membership.rewards\AMPAPI\protected\components\Utilities.php (11)
in C:\xampp\htdocs\membership.rewards\AMPAPI\protected\controllers\AmpapiController.php (924)
in C:\xampp\htdocs\membership.rewards\AMPAPI\protected\controllers\AmpapiController.php (1189)
2014/08/01 09:32:57 [error] [application] ReturnMessage: No Error, Transaction successful. ErrorCode: 0
in C:\xampp\htdocs\membership.rewards\AMPAPI\protected\components\Utilities.php (11)
in C:\xampp\htdocs\membership.rewards\AMPAPI\protected\controllers\AmpapiController.php (911)
in C:\xampp\htdocs\membership.rewards\AMPAPI\protected\controllers\AmpapiController.php (188)
2014/08/01 09:33:01 [error] [application] ReturnMessage: Valid ErrorCode: 0.1
in C:\xampp\htdocs\membership.rewards\AMPAPI\protected\components\Utilities.php (11)
in C:\xampp\htdocs\membership.rewards\AMPAPI\protected\controllers\AmpapiController.php (934)
in C:\xampp\htdocs\membership.rewards\AMPAPI\protected\controllers\AmpapiController.php (221)
2014/08/01 09:33:02 [error] [application] ReturnMessage: No response from Membership portal API. ErrorCode: 57
in C:\xampp\htdocs\membership.rewards\AMPAPI\protected\components\Utilities.php (11)
in C:\xampp\htdocs\membership.rewards\AMPAPI\protected\controllers\AmpapiController.php (942)
in C:\xampp\htdocs\membership.rewards\AMPAPI\protected\controllers\AmpapiController.php (679)
2014/08/01 09:33:24 [error] [application] ReturnMessage: Valid ErrorCode: 0.1
in C:\xampp\htdocs\membership.rewards\AMPAPI\protected\components\Utilities.php (11)
in C:\xampp\htdocs\membership.rewards\AMPAPI\protected\controllers\AmpapiController.php (934)
in C:\xampp\htdocs\membership.rewards\AMPAPI\protected\controllers\AmpapiController.php (221)
2014/08/01 09:33:40 [error] [application] ReturnMessage: Valid ErrorCode: 0.1
in C:\xampp\htdocs\membership.rewards\AMPAPI\protected\components\Utilities.php (11)
in C:\xampp\htdocs\membership.rewards\AMPAPI\protected\controllers\AmpapiController.php (934)
in C:\xampp\htdocs\membership.rewards\AMPAPI\protected\controllers\AmpapiController.php (221)
2014/08/01 09:33:47 [error] [application] ReturnMessage: Valid ErrorCode: 0.1
in C:\xampp\htdocs\membership.rewards\AMPAPI\protected\components\Utilities.php (11)
in C:\xampp\htdocs\membership.rewards\AMPAPI\protected\controllers\AmpapiController.php (934)
in C:\xampp\htdocs\membership.rewards\AMPAPI\protected\controllers\AmpapiController.php (221)
2014/08/01 09:33:54 [error] [application] ReturnMessage: One or more fields is not set or is blank. ErrorCode: 1
in C:\xampp\htdocs\membership.rewards\AMPAPI\protected\components\Utilities.php (11)
in C:\xampp\htdocs\membership.rewards\AMPAPI\protected\controllers\AmpapiController.php (924)
in C:\xampp\htdocs\membership.rewards\AMPAPI\protected\controllers\AmpapiController.php (990)
2014/08/01 09:34:22 [error] [application] ReturnMessage: Valid ErrorCode: 0.1
in C:\xampp\htdocs\membership.rewards\AMPAPI\protected\components\Utilities.php (11)
in C:\xampp\htdocs\membership.rewards\AMPAPI\protected\controllers\AmpapiController.php (934)
in C:\xampp\htdocs\membership.rewards\AMPAPI\protected\controllers\AmpapiController.php (221)
2014/08/01 09:34:51 [error] [application] ReturnMessage: Valid ErrorCode: 0.1
in C:\xampp\htdocs\membership.rewards\AMPAPI\protected\components\Utilities.php (11)
in C:\xampp\htdocs\membership.rewards\AMPAPI\protected\controllers\AmpapiController.php (934)
in C:\xampp\htdocs\membership.rewards\AMPAPI\protected\controllers\AmpapiController.php (221)
2014/08/01 09:35:08 [error] [application] ReturnMessage: Valid ErrorCode: 0.1
in C:\xampp\htdocs\membership.rewards\AMPAPI\protected\components\Utilities.php (11)
in C:\xampp\htdocs\membership.rewards\AMPAPI\protected\controllers\AmpapiController.php (934)
in C:\xampp\htdocs\membership.rewards\AMPAPI\protected\controllers\AmpapiController.php (221)
2014/08/01 09:35:09 [error] [application] ReturnMessage: No response from Membership portal API. ErrorCode: 57
in C:\xampp\htdocs\membership.rewards\AMPAPI\protected\components\Utilities.php (11)
in C:\xampp\htdocs\membership.rewards\AMPAPI\protected\controllers\AmpapiController.php (942)
in C:\xampp\htdocs\membership.rewards\AMPAPI\protected\controllers\AmpapiController.php (574)
2014/08/01 09:35:13 [error] [application] ReturnMessage: Valid ErrorCode: 0.1
in C:\xampp\htdocs\membership.rewards\AMPAPI\protected\components\Utilities.php (11)
in C:\xampp\htdocs\membership.rewards\AMPAPI\protected\controllers\AmpapiController.php (934)
in C:\xampp\htdocs\membership.rewards\AMPAPI\protected\controllers\AmpapiController.php (221)
2014/08/01 09:35:13 [error] [application] ReturnMessage: No response from Membership portal API. ErrorCode: 57
in C:\xampp\htdocs\membership.rewards\AMPAPI\protected\components\Utilities.php (11)
in C:\xampp\htdocs\membership.rewards\AMPAPI\protected\controllers\AmpapiController.php (942)
in C:\xampp\htdocs\membership.rewards\AMPAPI\protected\controllers\AmpapiController.php (574)
2014/08/01 09:35:17 [error] [application] ReturnMessage: Valid ErrorCode: 0.1
in C:\xampp\htdocs\membership.rewards\AMPAPI\protected\components\Utilities.php (11)
in C:\xampp\htdocs\membership.rewards\AMPAPI\protected\controllers\AmpapiController.php (934)
in C:\xampp\htdocs\membership.rewards\AMPAPI\protected\controllers\AmpapiController.php (221)
2014/08/01 09:35:56 [error] [application] ReturnMessage: Valid ErrorCode: 0.1
in C:\xampp\htdocs\membership.rewards\AMPAPI\protected\components\Utilities.php (11)
in C:\xampp\htdocs\membership.rewards\AMPAPI\protected\controllers\AmpapiController.php (934)
in C:\xampp\htdocs\membership.rewards\AMPAPI\protected\controllers\AmpapiController.php (221)
2014/08/01 09:35:56 [error] [application] ReturnMessage: No response from Membership portal API. ErrorCode: 57
in C:\xampp\htdocs\membership.rewards\AMPAPI\protected\components\Utilities.php (11)
in C:\xampp\htdocs\membership.rewards\AMPAPI\protected\controllers\AmpapiController.php (942)
in C:\xampp\htdocs\membership.rewards\AMPAPI\protected\controllers\AmpapiController.php (574)
2014/08/01 10:05:13 [error] [application] ReturnMessage: No Error, Transaction successful. ErrorCode: 0
in C:\xampp\htdocs\membership.rewards\AMPAPI\protected\components\Utilities.php (11)
in C:\xampp\htdocs\membership.rewards\AMPAPI\protected\controllers\AmpapiController.php (911)
in C:\xampp\htdocs\membership.rewards\AMPAPI\protected\controllers\AmpapiController.php (188)
2014/08/01 10:26:06 [error] [application] ReturnMessage: Valid ErrorCode: 0.1
in C:\xampp\htdocs\membership.rewards\AMPAPI\protected\components\Utilities.php (11)
in C:\xampp\htdocs\membership.rewards\AMPAPI\protected\controllers\AmpapiController.php (932)
in C:\xampp\htdocs\membership.rewards\AMPAPI\protected\controllers\AmpapiController.php (219)
2014/08/01 10:32:57 [error] [application] ReturnMessage: Valid ErrorCode: 0.1
in C:\xampp\htdocs\membership.rewards\AMPAPI\protected\components\Utilities.php (11)
in C:\xampp\htdocs\membership.rewards\AMPAPI\protected\controllers\AmpapiController.php (932)
in C:\xampp\htdocs\membership.rewards\AMPAPI\protected\controllers\AmpapiController.php (219)
2014/08/01 10:33:08 [error] [application] ReturnMessage: No Error, Transaction successful. ErrorCode: 0
in C:\xampp\htdocs\membership.rewards\AMPAPI\protected\components\Utilities.php (11)
in C:\xampp\htdocs\membership.rewards\AMPAPI\protected\controllers\AmpapiController.php (909)
in C:\xampp\htdocs\membership.rewards\AMPAPI\protected\controllers\AmpapiController.php (186)
2014/08/01 10:33:22 [error] [application] ReturnMessage: Valid ErrorCode: 0.1
in C:\xampp\htdocs\membership.rewards\AMPAPI\protected\components\Utilities.php (11)
in C:\xampp\htdocs\membership.rewards\AMPAPI\protected\controllers\AmpapiController.php (932)
in C:\xampp\htdocs\membership.rewards\AMPAPI\protected\controllers\AmpapiController.php (219)
2014/08/01 10:34:19 [error] [application] ReturnMessage: Valid ErrorCode: 0.1
in C:\xampp\htdocs\membership.rewards\AMPAPI\protected\components\Utilities.php (11)
in C:\xampp\htdocs\membership.rewards\AMPAPI\protected\controllers\AmpapiController.php (932)
in C:\xampp\htdocs\membership.rewards\AMPAPI\protected\controllers\AmpapiController.php (219)
2014/08/01 10:36:08 [error] [application] ReturnMessage: Valid ErrorCode: 0.1
in C:\xampp\htdocs\membership.rewards\AMPAPI\protected\components\Utilities.php (11)
in C:\xampp\htdocs\membership.rewards\AMPAPI\protected\controllers\AmpapiController.php (932)
in C:\xampp\htdocs\membership.rewards\AMPAPI\protected\controllers\AmpapiController.php (219)
2014/08/01 10:36:28 [error] [application] ReturnMessage: Valid ErrorCode: 0.1
in C:\xampp\htdocs\membership.rewards\AMPAPI\protected\components\Utilities.php (11)
in C:\xampp\htdocs\membership.rewards\AMPAPI\protected\controllers\AmpapiController.php (932)
in C:\xampp\htdocs\membership.rewards\AMPAPI\protected\controllers\AmpapiController.php (219)
2014/08/01 10:38:51 [error] [application] ReturnMessage: Valid ErrorCode: 0.1
in C:\xampp\htdocs\membership.rewards\AMPAPI\protected\components\Utilities.php (11)
in C:\xampp\htdocs\membership.rewards\AMPAPI\protected\controllers\AmpapiController.php (932)
in C:\xampp\htdocs\membership.rewards\AMPAPI\protected\controllers\AmpapiController.php (219)
2014/08/01 10:39:27 [error] [application] ReturnMessage: Valid ErrorCode: 0.1
in C:\xampp\htdocs\membership.rewards\AMPAPI\protected\components\Utilities.php (11)
in C:\xampp\htdocs\membership.rewards\AMPAPI\protected\controllers\AmpapiController.php (932)
in C:\xampp\htdocs\membership.rewards\AMPAPI\protected\controllers\AmpapiController.php (219)
2014/08/01 10:41:16 [error] [application] ReturnMessage: Valid ErrorCode: 0.1
in C:\xampp\htdocs\membership.rewards\AMPAPI\protected\components\Utilities.php (11)
in C:\xampp\htdocs\membership.rewards\AMPAPI\protected\controllers\AmpapiController.php (932)
in C:\xampp\htdocs\membership.rewards\AMPAPI\protected\controllers\AmpapiController.php (219)
2014/08/01 10:41:33 [error] [application] ReturnMessage: Valid ErrorCode: 0.1
in C:\xampp\htdocs\membership.rewards\AMPAPI\protected\components\Utilities.php (11)
in C:\xampp\htdocs\membership.rewards\AMPAPI\protected\controllers\AmpapiController.php (932)
in C:\xampp\htdocs\membership.rewards\AMPAPI\protected\controllers\AmpapiController.php (219)
2014/08/01 11:00:00 [error] [application] ReturnMessage: No Error, Transaction successful. ErrorCode: 0
in C:\xampp\htdocs\membership.rewards\AMPAPI\protected\components\Utilities.php (11)
in C:\xampp\htdocs\membership.rewards\AMPAPI\protected\controllers\AmpapiController.php (909)
in C:\xampp\htdocs\membership.rewards\AMPAPI\protected\controllers\AmpapiController.php (186)
2014/08/01 11:00:11 [error] [application] ReturnMessage: No Error, Transaction successful. ErrorCode: 0
in C:\xampp\htdocs\membership.rewards\AMPAPI\protected\components\Utilities.php (11)
in C:\xampp\htdocs\membership.rewards\AMPAPI\protected\controllers\AmpapiController.php (909)
in C:\xampp\htdocs\membership.rewards\AMPAPI\protected\controllers\AmpapiController.php (186)
2014/08/01 11:00:32 [error] [application] ReturnMessage: One or more fields is not set or is blank. ErrorCode: 1
in C:\xampp\htdocs\membership.rewards\AMPAPI\protected\components\Utilities.php (11)
in C:\xampp\htdocs\membership.rewards\AMPAPI\protected\controllers\AmpapiController.php (922)
in C:\xampp\htdocs\membership.rewards\AMPAPI\protected\controllers\AmpapiController.php (138)
2014/08/01 11:00:40 [error] [application] ReturnMessage: No Error, Transaction successful. ErrorCode: 0
in C:\xampp\htdocs\membership.rewards\AMPAPI\protected\components\Utilities.php (11)
in C:\xampp\htdocs\membership.rewards\AMPAPI\protected\controllers\AmpapiController.php (909)
in C:\xampp\htdocs\membership.rewards\AMPAPI\protected\controllers\AmpapiController.php (186)
2014/08/01 11:01:40 [error] [application] ReturnMessage: Valid ErrorCode: 0.1
in C:\xampp\htdocs\membership.rewards\AMPAPI\protected\components\Utilities.php (11)
in C:\xampp\htdocs\membership.rewards\AMPAPI\protected\controllers\AmpapiController.php (932)
in C:\xampp\htdocs\membership.rewards\AMPAPI\protected\controllers\AmpapiController.php (219)
2014/08/01 11:01:57 [error] [application] ReturnMessage: Valid ErrorCode: 0.1
in C:\xampp\htdocs\membership.rewards\AMPAPI\protected\components\Utilities.php (11)
in C:\xampp\htdocs\membership.rewards\AMPAPI\protected\controllers\AmpapiController.php (932)
in C:\xampp\htdocs\membership.rewards\AMPAPI\protected\controllers\AmpapiController.php (219)
2014/08/01 11:01:57 [error] [application] ReturnMessage: No response from Membership portal API. ErrorCode: 57
in C:\xampp\htdocs\membership.rewards\AMPAPI\protected\components\Utilities.php (11)
in C:\xampp\htdocs\membership.rewards\AMPAPI\protected\controllers\AmpapiController.php (940)
in C:\xampp\htdocs\membership.rewards\AMPAPI\protected\controllers\AmpapiController.php (801)
2014/08/01 11:08:07 [error] [application] ReturnMessage: Valid ErrorCode: 0.1
in C:\xampp\htdocs\membership.rewards\AMPAPI\protected\components\Utilities.php (11)
in C:\xampp\htdocs\membership.rewards\AMPAPI\protected\controllers\AmpapiController.php (932)
in C:\xampp\htdocs\membership.rewards\AMPAPI\protected\controllers\AmpapiController.php (219)
2014/08/01 11:08:15 [error] [application] ReturnMessage: Valid ErrorCode: 0.1
in C:\xampp\htdocs\membership.rewards\AMPAPI\protected\components\Utilities.php (11)
in C:\xampp\htdocs\membership.rewards\AMPAPI\protected\controllers\AmpapiController.php (932)
in C:\xampp\htdocs\membership.rewards\AMPAPI\protected\controllers\AmpapiController.php (219)
2014/08/01 11:51:16 [error] [application] ReturnMessage: One or more fields is not set or is blank. ErrorCode: 0.2
in C:\xampp\htdocs\membership.rewards\AMPAPI\protected\components\Utilities.php (11)
in C:\xampp\htdocs\membership.rewards\AMPAPI\protected\controllers\AmpapiController.php (954)
in C:\xampp\htdocs\membership.rewards\AMPAPI\protected\controllers\AmpapiController.php (1035)
2014/08/01 11:51:51 [error] [application] ReturnMessage: One or more fields is not set or is blank. ErrorCode: 1
in C:\xampp\htdocs\membership.rewards\AMPAPI\protected\components\Utilities.php (11)
in C:\xampp\htdocs\membership.rewards\AMPAPI\protected\controllers\AmpapiController.php (954)
in C:\xampp\htdocs\membership.rewards\AMPAPI\protected\controllers\AmpapiController.php (1020)
2014/08/01 11:52:36 [error] [application] ReturnMessage: Session is expired. ErrorCode: 41
in C:\xampp\htdocs\membership.rewards\AMPAPI\protected\components\Utilities.php (11)
in C:\xampp\htdocs\membership.rewards\AMPAPI\protected\controllers\AmpapiController.php (954)
in C:\xampp\htdocs\membership.rewards\AMPAPI\protected\controllers\AmpapiController.php (1215)
2014/08/01 11:55:13 [error] [application] ReturnMessage: One or more fields is not set or is blank. ErrorCode: 0.2
in C:\xampp\htdocs\membership.rewards\AMPAPI\protected\components\Utilities.php (11)
in C:\xampp\htdocs\membership.rewards\AMPAPI\protected\controllers\AmpapiController.php (954)
in C:\xampp\htdocs\membership.rewards\AMPAPI\protected\controllers\AmpapiController.php (1037)
2014/08/01 11:56:41 [error] [application] ReturnMessage: One or more fields is not set or is blank. ErrorCode: 0.2
in C:\xampp\htdocs\membership.rewards\AMPAPI\protected\components\Utilities.php (11)
in C:\xampp\htdocs\membership.rewards\AMPAPI\protected\controllers\AmpapiController.php (954)
in C:\xampp\htdocs\membership.rewards\AMPAPI\protected\controllers\AmpapiController.php (1037)
2014/08/01 13:21:52 [error] [application] ReturnMessage: One or more fields is not set or is blank. ErrorCode: 1
in C:\xampp\htdocs\membership.rewards\AMPAPI\protected\components\Utilities.php (11)
in C:\xampp\htdocs\membership.rewards\AMPAPI\protected\controllers\AmpapiController.php (954)
in C:\xampp\htdocs\membership.rewards\AMPAPI\protected\controllers\AmpapiController.php (1020)
2014/08/01 13:23:02 [error] [application] ReturnMessage: Session is expired. ErrorCode: 41
in C:\xampp\htdocs\membership.rewards\AMPAPI\protected\components\Utilities.php (11)
in C:\xampp\htdocs\membership.rewards\AMPAPI\protected\controllers\AmpapiController.php (954)
in C:\xampp\htdocs\membership.rewards\AMPAPI\protected\controllers\AmpapiController.php (1219)
2014/08/01 13:23:53 [error] [application] ReturnMessage: No Error, Transaction successful. ErrorCode: 0
in C:\xampp\htdocs\membership.rewards\AMPAPI\protected\components\Utilities.php (11)
in C:\xampp\htdocs\membership.rewards\AMPAPI\protected\controllers\AmpapiController.php (941)
in C:\xampp\htdocs\membership.rewards\AMPAPI\protected\controllers\AmpapiController.php (210)
2014/08/01 13:23:59 [error] [application] ReturnMessage: Invalid Session ID. ErrorCode: 55
in C:\xampp\htdocs\membership.rewards\AMPAPI\protected\components\Utilities.php (11)
in C:\xampp\htdocs\membership.rewards\AMPAPI\protected\controllers\AmpapiController.php (954)
in C:\xampp\htdocs\membership.rewards\AMPAPI\protected\controllers\AmpapiController.php (1227)
2014/08/01 13:23:59 [error] [php] Undefined variable: module (C:\xampp\htdocs\membership.rewards\AMPAPI\protected\controllers\AmpapiController.php:1228)
Stack trace:
#0 C:\xampp\htdocs\yii\framework\web\CController.php(308): CInlineAction->runWithParams()
#1 C:\xampp\htdocs\yii\framework\web\CController.php(286): AmpapiController->runAction()
#2 C:\xampp\htdocs\yii\framework\web\CController.php(265): AmpapiController->runActionWithFilters()
#3 C:\xampp\htdocs\yii\framework\web\CWebApplication.php(282): AmpapiController->run()
#4 C:\xampp\htdocs\yii\framework\web\CWebApplication.php(141): CWebApplication->runController()
#5 C:\xampp\htdocs\yii\framework\base\CApplication.php(169): CWebApplication->processRequest()
#6 C:\xampp\htdocs\membership.rewards\AMPAPI\index.php(13): CWebApplication->run()
REQUEST_URI=/membership.rewards/AMPAPI/index.php/Ampapi/checkpoints
in C:\xampp\htdocs\membership.rewards\AMPAPI\protected\controllers\AmpapiController.php (1228)
in C:\xampp\htdocs\membership.rewards\AMPAPI\protected\controllers\AmpapiController.php (588)
in C:\xampp\htdocs\membership.rewards\AMPAPI\index.php (13)
2014/08/01 13:24:10 [error] [application] ReturnMessage: Valid ErrorCode: 0.1
in C:\xampp\htdocs\membership.rewards\AMPAPI\protected\components\Utilities.php (11)
in C:\xampp\htdocs\membership.rewards\AMPAPI\protected\controllers\AmpapiController.php (964)
in C:\xampp\htdocs\membership.rewards\AMPAPI\protected\controllers\AmpapiController.php (245)
2014/08/01 13:24:42 [error] [application] ReturnMessage: One or more fields is not set or is blank. ErrorCode: 1
in C:\xampp\htdocs\membership.rewards\AMPAPI\protected\components\Utilities.php (11)
in C:\xampp\htdocs\membership.rewards\AMPAPI\protected\controllers\AmpapiController.php (954)
in C:\xampp\htdocs\membership.rewards\AMPAPI\protected\controllers\AmpapiController.php (1020)
2014/08/01 13:24:47 [error] [application] ReturnMessage: Invalid Session ID. ErrorCode: 55
in C:\xampp\htdocs\membership.rewards\AMPAPI\protected\components\Utilities.php (11)
in C:\xampp\htdocs\membership.rewards\AMPAPI\protected\controllers\AmpapiController.php (954)
in C:\xampp\htdocs\membership.rewards\AMPAPI\protected\controllers\AmpapiController.php (1227)
2014/08/01 13:24:47 [error] [php] Undefined variable: module (C:\xampp\htdocs\membership.rewards\AMPAPI\protected\controllers\AmpapiController.php:1228)
Stack trace:
#0 C:\xampp\htdocs\yii\framework\web\CController.php(308): CInlineAction->runWithParams()
#1 C:\xampp\htdocs\yii\framework\web\CController.php(286): AmpapiController->runAction()
#2 C:\xampp\htdocs\yii\framework\web\CController.php(265): AmpapiController->runActionWithFilters()
#3 C:\xampp\htdocs\yii\framework\web\CWebApplication.php(282): AmpapiController->run()
#4 C:\xampp\htdocs\yii\framework\web\CWebApplication.php(141): CWebApplication->runController()
#5 C:\xampp\htdocs\yii\framework\base\CApplication.php(169): CWebApplication->processRequest()
#6 C:\xampp\htdocs\membership.rewards\AMPAPI\index.php(13): CWebApplication->run()
REQUEST_URI=/membership.rewards/AMPAPI/index.php/Ampapi/checkpoints
in C:\xampp\htdocs\membership.rewards\AMPAPI\protected\controllers\AmpapiController.php (1228)
in C:\xampp\htdocs\membership.rewards\AMPAPI\protected\controllers\AmpapiController.php (588)
in C:\xampp\htdocs\membership.rewards\AMPAPI\index.php (13)
2014/08/01 13:36:57 [error] [application] ReturnMessage: One or more fields is not set or is blank. ErrorCode: 1
in C:\xampp\htdocs\membership.rewards\AMPAPI\protected\components\Utilities.php (11)
in C:\xampp\htdocs\membership.rewards\AMPAPI\protected\controllers\AmpapiController.php (962)
in C:\xampp\htdocs\membership.rewards\AMPAPI\protected\controllers\AmpapiController.php (1028)
2014/08/01 13:37:26 [error] [application] ReturnMessage: Invalid Session ID. ErrorCode: 55
in C:\xampp\htdocs\membership.rewards\AMPAPI\protected\components\Utilities.php (11)
in C:\xampp\htdocs\membership.rewards\AMPAPI\protected\controllers\AmpapiController.php (962)
in C:\xampp\htdocs\membership.rewards\AMPAPI\protected\controllers\AmpapiController.php (1235)
2014/08/01 13:37:26 [error] [php] Undefined variable: module (C:\xampp\htdocs\membership.rewards\AMPAPI\protected\controllers\AmpapiController.php:1237)
Stack trace:
#0 C:\xampp\htdocs\yii\framework\web\CController.php(308): CInlineAction->runWithParams()
#1 C:\xampp\htdocs\yii\framework\web\CController.php(286): AmpapiController->runAction()
#2 C:\xampp\htdocs\yii\framework\web\CController.php(265): AmpapiController->runActionWithFilters()
#3 C:\xampp\htdocs\yii\framework\web\CWebApplication.php(282): AmpapiController->run()
#4 C:\xampp\htdocs\yii\framework\web\CWebApplication.php(141): CWebApplication->runController()
#5 C:\xampp\htdocs\yii\framework\base\CApplication.php(169): CWebApplication->processRequest()
#6 C:\xampp\htdocs\membership.rewards\AMPAPI\index.php(13): CWebApplication->run()
REQUEST_URI=/membership.rewards/AMPAPI/index.php/Ampapi/checkpoints
in C:\xampp\htdocs\membership.rewards\AMPAPI\protected\controllers\AmpapiController.php (1237)
in C:\xampp\htdocs\membership.rewards\AMPAPI\protected\controllers\AmpapiController.php (588)
in C:\xampp\htdocs\membership.rewards\AMPAPI\index.php (13)
2014/08/01 13:39:31 [error] [application] ReturnMessage: Invalid Session ID. ErrorCode: 55
in C:\xampp\htdocs\membership.rewards\AMPAPI\protected\components\Utilities.php (11)
in C:\xampp\htdocs\membership.rewards\AMPAPI\protected\controllers\AmpapiController.php (962)
in C:\xampp\htdocs\membership.rewards\AMPAPI\protected\controllers\AmpapiController.php (1235)
2014/08/01 13:39:31 [error] [php] Undefined variable: ApiMethodID (C:\xampp\htdocs\membership.rewards\AMPAPI\protected\controllers\AmpapiController.php:1236)
Stack trace:
#0 C:\xampp\htdocs\yii\framework\web\CController.php(308): CInlineAction->runWithParams()
#1 C:\xampp\htdocs\yii\framework\web\CController.php(286): AmpapiController->runAction()
#2 C:\xampp\htdocs\yii\framework\web\CController.php(265): AmpapiController->runActionWithFilters()
#3 C:\xampp\htdocs\yii\framework\web\CWebApplication.php(282): AmpapiController->run()
#4 C:\xampp\htdocs\yii\framework\web\CWebApplication.php(141): CWebApplication->runController()
#5 C:\xampp\htdocs\yii\framework\base\CApplication.php(169): CWebApplication->processRequest()
#6 C:\xampp\htdocs\membership.rewards\AMPAPI\index.php(13): CWebApplication->run()
REQUEST_URI=/membership.rewards/AMPAPI/index.php/Ampapi/checkpoints
in C:\xampp\htdocs\membership.rewards\AMPAPI\protected\controllers\AmpapiController.php (1236)
in C:\xampp\htdocs\membership.rewards\AMPAPI\protected\controllers\AmpapiController.php (588)
in C:\xampp\htdocs\membership.rewards\AMPAPI\index.php (13)
2014/08/01 13:40:05 [error] [application] ReturnMessage: Invalid Session ID. ErrorCode: 55
in C:\xampp\htdocs\membership.rewards\AMPAPI\protected\components\Utilities.php (11)
in C:\xampp\htdocs\membership.rewards\AMPAPI\protected\controllers\AmpapiController.php (962)
in C:\xampp\htdocs\membership.rewards\AMPAPI\protected\controllers\AmpapiController.php (1235)
2014/08/01 13:40:36 [error] [application] ReturnMessage: Valid ErrorCode: 0.1
in C:\xampp\htdocs\membership.rewards\AMPAPI\protected\components\Utilities.php (11)
in C:\xampp\htdocs\membership.rewards\AMPAPI\protected\controllers\AmpapiController.php (972)
in C:\xampp\htdocs\membership.rewards\AMPAPI\protected\controllers\AmpapiController.php (245)
2014/08/01 13:44:18 [error] [application] ReturnMessage: Valid ErrorCode: 0.1
in C:\xampp\htdocs\membership.rewards\AMPAPI\protected\components\Utilities.php (11)
in C:\xampp\htdocs\membership.rewards\AMPAPI\protected\controllers\AmpapiController.php (972)
in C:\xampp\htdocs\membership.rewards\AMPAPI\protected\controllers\AmpapiController.php (245)
2014/08/01 13:50:20 [error] [application] ReturnMessage: Valid ErrorCode: 0.1
in C:\xampp\htdocs\membership.rewards\AMPAPI\protected\components\Utilities.php (11)
in C:\xampp\htdocs\membership.rewards\AMPAPI\protected\controllers\AmpapiController.php (972)
in C:\xampp\htdocs\membership.rewards\AMPAPI\protected\controllers\AmpapiController.php (245)
2014/08/01 14:07:52 [error] [application] ReturnMessage: One or more fields is not set or is blank. ErrorCode: 1
in C:\xampp\htdocs\membership.rewards\AMPAPI\protected\components\Utilities.php (11)
in C:\xampp\htdocs\membership.rewards\AMPAPI\protected\controllers\AmpapiController.php (962)
in C:\xampp\htdocs\membership.rewards\AMPAPI\protected\controllers\AmpapiController.php (159)
2014/08/01 14:08:34 [error] [application] ReturnMessage: No Error, Transaction successful. ErrorCode: 0
in C:\xampp\htdocs\membership.rewards\AMPAPI\protected\components\Utilities.php (11)
in C:\xampp\htdocs\membership.rewards\AMPAPI\protected\controllers\AmpapiController.php (949)
in C:\xampp\htdocs\membership.rewards\AMPAPI\protected\controllers\AmpapiController.php (210)
2014/08/01 14:20:00 [error] [application] ReturnMessage: One or more fields is not set or is blank. ErrorCode: 1
in C:\xampp\htdocs\membership.rewards\AMPAPI\protected\components\Utilities.php (11)
in C:\xampp\htdocs\membership.rewards\AMPAPI\protected\controllers\AmpapiController.php (962)
in C:\xampp\htdocs\membership.rewards\AMPAPI\protected\controllers\AmpapiController.php (1028)
2014/08/01 15:48:21 [error] [application] ReturnMessage: One or more fields is not set or is blank. ErrorCode: 1
in C:\xampp\htdocs\membership.rewards\AMPAPI\protected\components\Utilities.php (11)
in C:\xampp\htdocs\membership.rewards\AMPAPI\protected\controllers\AmpapiController.php (962)
in C:\xampp\htdocs\membership.rewards\AMPAPI\protected\controllers\AmpapiController.php (1028)
2014/08/01 15:51:04 [error] [application] ReturnMessage: One or more fields is not set or is blank. ErrorCode: 1
in C:\xampp\htdocs\membership.rewards\AMPAPI\protected\components\Utilities.php (11)
in C:\xampp\htdocs\membership.rewards\AMPAPI\protected\controllers\AmpapiController.php (962)
in C:\xampp\htdocs\membership.rewards\AMPAPI\protected\controllers\AmpapiController.php (1028)
2014/08/01 15:51:04 [error] [application] ReturnMessage: One or more fields is not set or is blank. ErrorCode: 1
in C:\xampp\htdocs\membership.rewards\AMPAPI\protected\components\Utilities.php (11)
in C:\xampp\htdocs\membership.rewards\AMPAPI\protected\controllers\AmpapiController.php (962)
in C:\xampp\htdocs\membership.rewards\AMPAPI\protected\controllers\AmpapiController.php (1028)
2014/08/01 15:51:05 [error] [application] ReturnMessage: One or more fields is not set or is blank. ErrorCode: 1
in C:\xampp\htdocs\membership.rewards\AMPAPI\protected\components\Utilities.php (11)
in C:\xampp\htdocs\membership.rewards\AMPAPI\protected\controllers\AmpapiController.php (962)
in C:\xampp\htdocs\membership.rewards\AMPAPI\protected\controllers\AmpapiController.php (1028)
2014/08/01 15:51:05 [error] [application] ReturnMessage: One or more fields is not set or is blank. ErrorCode: 1
in C:\xampp\htdocs\membership.rewards\AMPAPI\protected\components\Utilities.php (11)
in C:\xampp\htdocs\membership.rewards\AMPAPI\protected\controllers\AmpapiController.php (962)
in C:\xampp\htdocs\membership.rewards\AMPAPI\protected\controllers\AmpapiController.php (1028)
2014/08/01 15:51:05 [error] [application] ReturnMessage: One or more fields is not set or is blank. ErrorCode: 1
in C:\xampp\htdocs\membership.rewards\AMPAPI\protected\components\Utilities.php (11)
in C:\xampp\htdocs\membership.rewards\AMPAPI\protected\controllers\AmpapiController.php (962)
in C:\xampp\htdocs\membership.rewards\AMPAPI\protected\controllers\AmpapiController.php (1028)
2014/08/01 15:51:17 [error] [application] ReturnMessage: No Error, Transaction successful. ErrorCode: 0
in C:\xampp\htdocs\membership.rewards\AMPAPI\protected\components\Utilities.php (11)
in C:\xampp\htdocs\membership.rewards\AMPAPI\protected\controllers\AmpapiController.php (949)
in C:\xampp\htdocs\membership.rewards\AMPAPI\protected\controllers\AmpapiController.php (210)
2014/08/01 15:51:06 [error] [application] ReturnMessage: One or more fields is not set or is blank. ErrorCode: 1
in C:\xampp\htdocs\membership.rewards\AMPAPI\protected\components\Utilities.php (11)
in C:\xampp\htdocs\membership.rewards\AMPAPI\protected\controllers\AmpapiController.php (962)
in C:\xampp\htdocs\membership.rewards\AMPAPI\protected\controllers\AmpapiController.php (1028)
2014/08/01 15:51:27 [error] [exception.CDbException] exception 'CDbException' with message 'CDbConnection failed to open the DB connection: SQLSTATE[HY000] [2002] A connection attempt failed because the connected party did not properly respond after a period of time, or established connection failed because connected host has failed to respond.
' in C:\xampp\htdocs\yii\framework\db\CDbConnection.php:381
Stack trace:
#0 C:\xampp\htdocs\yii\framework\db\CDbConnection.php(330): CDbConnection->open()
#1 C:\xampp\htdocs\yii\framework\db\CDbConnection.php(308): CDbConnection->setActive(true)
#2 C:\xampp\htdocs\yii\framework\base\CModule.php(387): CDbConnection->init()
#3 C:\xampp\htdocs\yii\framework\base\CModule.php(103): CModule->getComponent('db5')
#4 C:\xampp\htdocs\membership.rewards\AMPAPI\protected\models\APILogsModel.php(39): CModule->__get('db5')
#5 C:\xampp\htdocs\membership.rewards\AMPAPI\protected\controllers\AmpapiController.php(999): APILogsModel->__construct()
#6 C:\xampp\htdocs\membership.rewards\AMPAPI\protected\controllers\AmpapiController.php(1030): AmpapiController->_apiLogs(6, '', 1, '', 2, 'CheckPoints')
#7 C:\xampp\htdocs\membership.rewards\AMPAPI\protected\controllers\AmpapiController.php(585): AmpapiController->validateRequiredFields(Array, 'CheckPoints', Array)
#8 C:\xampp\htdocs\yii\framework\web\actions\CInlineAction.php(49): AmpapiController->actionCheckPoints()
#9 C:\xampp\htdocs\yii\framework\web\CController.php(308): CInlineAction->runWithParams(Array)
#10 C:\xampp\htdocs\yii\framework\web\CController.php(286): CController->runAction(Object(CInlineAction))
#11 C:\xampp\htdocs\yii\framework\web\CController.php(265): CController->runActionWithFilters(Object(CInlineAction), Array)
#12 C:\xampp\htdocs\yii\framework\web\CWebApplication.php(282): CController->run('checkpoints')
#13 C:\xampp\htdocs\yii\framework\web\CWebApplication.php(141): CWebApplication->runController('Ampapi/checkpoi...')
#14 C:\xampp\htdocs\yii\framework\base\CApplication.php(169): CWebApplication->processRequest()
#15 C:\xampp\htdocs\membership.rewards\AMPAPI\index.php(13): CApplication->run()
#16 {main}
REQUEST_URI=/membership.rewards/AMPAPI/index.php/Ampapi/checkpoints
---
2014/08/01 15:53:49 [error] [application] ReturnMessage: One or more fields is not set or is blank. ErrorCode: 1
in C:\xampp\htdocs\membership.rewards\AMPAPI\protected\components\Utilities.php (11)
in C:\xampp\htdocs\membership.rewards\AMPAPI\protected\controllers\AmpapiController.php (962)
in C:\xampp\htdocs\membership.rewards\AMPAPI\protected\controllers\AmpapiController.php (1028)
2014/08/01 16:04:18 [error] [application] ReturnMessage: Invalid Session ID. ErrorCode: 55
in C:\xampp\htdocs\membership.rewards\AMPAPI\protected\components\Utilities.php (11)
in C:\xampp\htdocs\membership.rewards\AMPAPI\protected\controllers\AmpapiController.php (962)
in C:\xampp\htdocs\membership.rewards\AMPAPI\protected\controllers\AmpapiController.php (1235)
2014/08/01 16:04:39 [error] [application] ReturnMessage: No Error, Transaction successful. ErrorCode: 0
in C:\xampp\htdocs\membership.rewards\AMPAPI\protected\components\Utilities.php (11)
in C:\xampp\htdocs\membership.rewards\AMPAPI\protected\controllers\AmpapiController.php (949)
in C:\xampp\htdocs\membership.rewards\AMPAPI\protected\controllers\AmpapiController.php (210)
2014/08/01 10:04:50 [error] [exception.CHttpException.404] exception 'CHttpException' with message 'The system is unable to find the requested action "overview".' in C:\xampp\htdocs\yii\framework\web\CController.php:483
Stack trace:
#0 C:\xampp\htdocs\yii\framework\web\CController.php(270): CController->missingAction('')
#1 C:\xampp\htdocs\yii\framework\web\CWebApplication.php(282): CController->run('')
#2 C:\xampp\htdocs\yii\framework\web\CWebApplication.php(141): CWebApplication->runController('Ampapi')
#3 C:\xampp\htdocs\yii\framework\base\CApplication.php(169): CWebApplication->processRequest()
#4 C:\xampp\htdocs\membership.rewards\AMPAPI\index.php(13): CApplication->run()
#5 {main}
REQUEST_URI=/membership.rewards/AMPAPI/index.php/Ampapi/
---
2014/08/01 16:04:50 [error] [application] ReturnMessage: No response from Membership portal API. ErrorCode: 57
in C:\xampp\htdocs\membership.rewards\AMPAPI\protected\components\Utilities.php (11)
in C:\xampp\htdocs\membership.rewards\AMPAPI\protected\controllers\AmpapiController.php (980)
in C:\xampp\htdocs\membership.rewards\AMPAPI\protected\controllers\AmpapiController.php (546)
2014/08/01 10:06:06 [error] [exception.CHttpException.404] exception 'CHttpException' with message 'The system is unable to find the requested action "overview".' in C:\xampp\htdocs\yii\framework\web\CController.php:483
Stack trace:
#0 C:\xampp\htdocs\yii\framework\web\CController.php(270): CController->missingAction('')
#1 C:\xampp\htdocs\yii\framework\web\CWebApplication.php(282): CController->run('')
#2 C:\xampp\htdocs\yii\framework\web\CWebApplication.php(141): CWebApplication->runController('Ampapi')
#3 C:\xampp\htdocs\yii\framework\base\CApplication.php(169): CWebApplication->processRequest()
#4 C:\xampp\htdocs\membership.rewards\AMPAPI\index.php(13): CApplication->run()
#5 {main}
REQUEST_URI=/membership.rewards/AMPAPI/index.php/Ampapi/
---
2014/08/01 16:06:07 [error] [application] ReturnMessage: No response from Membership portal API. ErrorCode: 57
in C:\xampp\htdocs\membership.rewards\AMPAPI\protected\components\Utilities.php (11)
in C:\xampp\htdocs\membership.rewards\AMPAPI\protected\controllers\AmpapiController.php (980)
in C:\xampp\htdocs\membership.rewards\AMPAPI\protected\controllers\AmpapiController.php (546)
2014/08/01 16:27:30 [error] [application] ReturnMessage: One or more fields is not set or is blank. ErrorCode: 1
in C:\xampp\htdocs\membership.rewards\AMPAPI\protected\components\Utilities.php (11)
in C:\xampp\htdocs\membership.rewards\AMPAPI\protected\controllers\AmpapiController.php (962)
in C:\xampp\htdocs\membership.rewards\AMPAPI\protected\controllers\AmpapiController.php (1028)
2014/08/01 16:30:27 [error] [application] ReturnMessage: One or more fields is not set or is blank. ErrorCode: 1
in C:\xampp\htdocs\membership.rewards\AMPAPI\protected\components\Utilities.php (11)
in C:\xampp\htdocs\membership.rewards\AMPAPI\protected\controllers\AmpapiController.php (962)
in C:\xampp\htdocs\membership.rewards\AMPAPI\protected\controllers\AmpapiController.php (1029)
2014/08/01 16:33:46 [error] [application] ReturnMessage: One or more fields is not set or is blank. ErrorCode: 1
in C:\xampp\htdocs\membership.rewards\AMPAPI\protected\components\Utilities.php (11)
in C:\xampp\htdocs\membership.rewards\AMPAPI\protected\controllers\AmpapiController.php (962)
in C:\xampp\htdocs\membership.rewards\AMPAPI\protected\controllers\AmpapiController.php (1029)
2014/08/01 17:41:39 [error] [application] ReturnMessage: One or more fields is not set or is blank. ErrorCode: 1
in C:\xampp\htdocs\membership.rewards\AMPAPI\protected\components\Utilities.php (11)
in C:\xampp\htdocs\membership.rewards\AMPAPI\protected\controllers\AmpapiController.php (962)
in C:\xampp\htdocs\membership.rewards\AMPAPI\protected\controllers\AmpapiController.php (1028)
2014/08/01 17:41:39 [error] [php] Undefined index: GetActiveSession (C:\xampp\htdocs\membership.rewards\AMPAPI\protected\controllers\AmpapiController.php:1030)
Stack trace:
#0 C:\xampp\htdocs\yii\framework\web\CController.php(308): CInlineAction->runWithParams()
#1 C:\xampp\htdocs\yii\framework\web\CController.php(286): AmpapiController->runAction()
#2 C:\xampp\htdocs\yii\framework\web\CController.php(265): AmpapiController->runActionWithFilters()
#3 C:\xampp\htdocs\yii\framework\web\CWebApplication.php(282): AmpapiController->run()
#4 C:\xampp\htdocs\yii\framework\web\CWebApplication.php(141): CWebApplication->runController()
#5 C:\xampp\htdocs\yii\framework\base\CApplication.php(169): CWebApplication->processRequest()
#6 C:\xampp\htdocs\membership.rewards\AMPAPI\index.php(13): CWebApplication->run()
REQUEST_URI=/membership.rewards/AMPAPI/index.php/Ampapi/getactivesession
in C:\xampp\htdocs\membership.rewards\AMPAPI\protected\controllers\AmpapiController.php (1030)
in C:\xampp\htdocs\membership.rewards\AMPAPI\protected\controllers\AmpapiController.php (234)
in C:\xampp\htdocs\membership.rewards\AMPAPI\index.php (13)
2014/08/01 17:41:50 [error] [application] ReturnMessage: One or more fields is not set or is blank. ErrorCode: 1
in C:\xampp\htdocs\membership.rewards\AMPAPI\protected\components\Utilities.php (11)
in C:\xampp\htdocs\membership.rewards\AMPAPI\protected\controllers\AmpapiController.php (962)
in C:\xampp\htdocs\membership.rewards\AMPAPI\protected\controllers\AmpapiController.php (1028)
2014/08/01 11:43:11 [error] [php] print_r() expects at least 1 parameter, 0 given (C:\xampp\htdocs\membership.rewards\AMPAPI\protected\controllers\AmpapiController.php:230)
Stack trace:
#0 C:\xampp\htdocs\yii\framework\web\CController.php(308): CInlineAction->runWithParams()
#1 C:\xampp\htdocs\yii\framework\web\CController.php(286): AmpapiController->runAction()
#2 C:\xampp\htdocs\yii\framework\web\CController.php(265): AmpapiController->runActionWithFilters()
#3 C:\xampp\htdocs\yii\framework\web\CWebApplication.php(282): AmpapiController->run()
#4 C:\xampp\htdocs\yii\framework\web\CWebApplication.php(141): CWebApplication->runController()
#5 C:\xampp\htdocs\yii\framework\base\CApplication.php(169): CWebApplication->processRequest()
#6 C:\xampp\htdocs\membership.rewards\AMPAPI\index.php(13): CWebApplication->run()
REQUEST_URI=/membership.rewards/AMPAPI/index.php/Ampapi/getactivesession
in C:\xampp\htdocs\membership.rewards\AMPAPI\protected\controllers\AmpapiController.php (230)
in C:\xampp\htdocs\membership.rewards\AMPAPI\index.php (13)
2014/08/01 17:44:15 [error] [application] ReturnMessage: One or more fields is not set or is blank. ErrorCode: 1
in C:\xampp\htdocs\membership.rewards\AMPAPI\protected\components\Utilities.php (11)
in C:\xampp\htdocs\membership.rewards\AMPAPI\protected\controllers\AmpapiController.php (962)
in C:\xampp\htdocs\membership.rewards\AMPAPI\protected\controllers\AmpapiController.php (1028)
2014/08/01 17:44:15 [error] [php] Undefined index: GetActiveSession (C:\xampp\htdocs\membership.rewards\AMPAPI\protected\controllers\AmpapiController.php:1030)
Stack trace:
#0 C:\xampp\htdocs\yii\framework\web\CController.php(308): CInlineAction->runWithParams()
#1 C:\xampp\htdocs\yii\framework\web\CController.php(286): AmpapiController->runAction()
#2 C:\xampp\htdocs\yii\framework\web\CController.php(265): AmpapiController->runActionWithFilters()
#3 C:\xampp\htdocs\yii\framework\web\CWebApplication.php(282): AmpapiController->run()
#4 C:\xampp\htdocs\yii\framework\web\CWebApplication.php(141): CWebApplication->runController()
#5 C:\xampp\htdocs\yii\framework\base\CApplication.php(169): CWebApplication->processRequest()
#6 C:\xampp\htdocs\membership.rewards\AMPAPI\index.php(13): CWebApplication->run()
REQUEST_URI=/membership.rewards/AMPAPI/index.php/Ampapi/getactivesession
in C:\xampp\htdocs\membership.rewards\AMPAPI\protected\controllers\AmpapiController.php (1030)
in C:\xampp\htdocs\membership.rewards\AMPAPI\protected\controllers\AmpapiController.php (234)
in C:\xampp\htdocs\membership.rewards\AMPAPI\index.php (13)
2014/08/01 17:45:07 [error] [application] ReturnMessage: One or more fields is not set or is blank. ErrorCode: 1
in C:\xampp\htdocs\membership.rewards\AMPAPI\protected\components\Utilities.php (11)
in C:\xampp\htdocs\membership.rewards\AMPAPI\protected\controllers\AmpapiController.php (962)
in C:\xampp\htdocs\membership.rewards\AMPAPI\protected\controllers\AmpapiController.php (1028)
2014/08/01 17:45:16 [error] [application] ReturnMessage: One or more fields is not set or is blank. ErrorCode: 1
in C:\xampp\htdocs\membership.rewards\AMPAPI\protected\components\Utilities.php (11)
in C:\xampp\htdocs\membership.rewards\AMPAPI\protected\controllers\AmpapiController.php (962)
in C:\xampp\htdocs\membership.rewards\AMPAPI\protected\controllers\AmpapiController.php (1028)
2014/08/01 17:45:18 [error] [application] ReturnMessage: One or more fields is not set or is blank. ErrorCode: 1
in C:\xampp\htdocs\membership.rewards\AMPAPI\protected\components\Utilities.php (11)
in C:\xampp\htdocs\membership.rewards\AMPAPI\protected\controllers\AmpapiController.php (962)
in C:\xampp\htdocs\membership.rewards\AMPAPI\protected\controllers\AmpapiController.php (1028)
2014/08/01 17:45:23 [error] [application] ReturnMessage: One or more fields is not set or is blank. ErrorCode: 1
in C:\xampp\htdocs\membership.rewards\AMPAPI\protected\components\Utilities.php (11)
in C:\xampp\htdocs\membership.rewards\AMPAPI\protected\controllers\AmpapiController.php (962)
in C:\xampp\htdocs\membership.rewards\AMPAPI\protected\controllers\AmpapiController.php (1028)
2014/08/01 17:45:27 [error] [application] ReturnMessage: One or more fields is not set or is blank. ErrorCode: 1
in C:\xampp\htdocs\membership.rewards\AMPAPI\protected\components\Utilities.php (11)
in C:\xampp\htdocs\membership.rewards\AMPAPI\protected\controllers\AmpapiController.php (962)
in C:\xampp\htdocs\membership.rewards\AMPAPI\protected\controllers\AmpapiController.php (1028)
2014/08/01 17:45:31 [error] [application] ReturnMessage: One or more fields is not set or is blank. ErrorCode: 1
in C:\xampp\htdocs\membership.rewards\AMPAPI\protected\components\Utilities.php (11)
in C:\xampp\htdocs\membership.rewards\AMPAPI\protected\controllers\AmpapiController.php (962)
in C:\xampp\htdocs\membership.rewards\AMPAPI\protected\controllers\AmpapiController.php (1028)
2014/08/01 17:45:34 [error] [application] ReturnMessage: One or more fields is not set or is blank. ErrorCode: 1
in C:\xampp\htdocs\membership.rewards\AMPAPI\protected\components\Utilities.php (11)
in C:\xampp\htdocs\membership.rewards\AMPAPI\protected\controllers\AmpapiController.php (962)
in C:\xampp\htdocs\membership.rewards\AMPAPI\protected\controllers\AmpapiController.php (1028)
2014/08/01 17:45:37 [error] [application] ReturnMessage: One or more fields is not set or is blank. ErrorCode: 1
in C:\xampp\htdocs\membership.rewards\AMPAPI\protected\components\Utilities.php (11)
in C:\xampp\htdocs\membership.rewards\AMPAPI\protected\controllers\AmpapiController.php (962)
in C:\xampp\htdocs\membership.rewards\AMPAPI\protected\controllers\AmpapiController.php (1028)
2014/08/01 17:45:41 [error] [application] ReturnMessage: One or more fields is not set or is blank. ErrorCode: 0.2
in C:\xampp\htdocs\membership.rewards\AMPAPI\protected\components\Utilities.php (11)
in C:\xampp\htdocs\membership.rewards\AMPAPI\protected\controllers\AmpapiController.php (962)
in C:\xampp\htdocs\membership.rewards\AMPAPI\protected\controllers\AmpapiController.php (1045)
2014/08/01 17:45:44 [error] [application] ReturnMessage: One or more fields is not set or is blank. ErrorCode: 0.2
in C:\xampp\htdocs\membership.rewards\AMPAPI\protected\components\Utilities.php (11)
in C:\xampp\htdocs\membership.rewards\AMPAPI\protected\controllers\AmpapiController.php (962)
in C:\xampp\htdocs\membership.rewards\AMPAPI\protected\controllers\AmpapiController.php (1045)
2014/08/01 17:45:48 [error] [application] ReturnMessage: One or more fields is not set or is blank. ErrorCode: 0.2
in C:\xampp\htdocs\membership.rewards\AMPAPI\protected\components\Utilities.php (11)
in C:\xampp\htdocs\membership.rewards\AMPAPI\protected\controllers\AmpapiController.php (962)
in C:\xampp\htdocs\membership.rewards\AMPAPI\protected\controllers\AmpapiController.php (1045)
2014/08/01 17:45:50 [error] [application] ReturnMessage: One or more fields is not set or is blank. ErrorCode: 0.2
in C:\xampp\htdocs\membership.rewards\AMPAPI\protected\components\Utilities.php (11)
in C:\xampp\htdocs\membership.rewards\AMPAPI\protected\controllers\AmpapiController.php (962)
in C:\xampp\htdocs\membership.rewards\AMPAPI\protected\controllers\AmpapiController.php (1045)
2014/08/01 17:45:53 [error] [application] ReturnMessage: One or more fields is not set or is blank. ErrorCode: 0.2
in C:\xampp\htdocs\membership.rewards\AMPAPI\protected\components\Utilities.php (11)
in C:\xampp\htdocs\membership.rewards\AMPAPI\protected\controllers\AmpapiController.php (962)
in C:\xampp\htdocs\membership.rewards\AMPAPI\protected\controllers\AmpapiController.php (1045)
2014/08/01 18:00:04 [error] [application] ReturnMessage: No Error, Transaction successful. ErrorCode: 0
in C:\xampp\htdocs\membership.rewards\AMPAPI\protected\components\Utilities.php (11)
in C:\xampp\htdocs\membership.rewards\AMPAPI\protected\controllers\AmpapiController.php (949)
in C:\xampp\htdocs\membership.rewards\AMPAPI\protected\controllers\AmpapiController.php (210)
2014/08/01 18:00:10 [error] [application] ReturnMessage: Third Party Account not found. ErrorCode: 3.1
in C:\xampp\htdocs\membership.rewards\AMPAPI\protected\components\Utilities.php (11)
in C:\xampp\htdocs\membership.rewards\AMPAPI\protected\controllers\AmpapiController.php (962)
in C:\xampp\htdocs\membership.rewards\AMPAPI\protected\controllers\AmpapiController.php (152)
2014/08/01 18:00:17 [error] [application] ReturnMessage: Invalid input. ErrorCode: 2
in C:\xampp\htdocs\membership.rewards\AMPAPI\protected\components\Utilities.php (11)
in C:\xampp\htdocs\membership.rewards\AMPAPI\protected\controllers\AmpapiController.php (962)
in C:\xampp\htdocs\membership.rewards\AMPAPI\protected\controllers\AmpapiController.php (148)
2014/08/01 12:23:28 [error] [php] Missing argument 1 for CController::__construct(), called in C:\xampp\htdocs\membership.rewards\AMPAPI\protected\controllers\AmpapiInvokerController.php on line 448 and defined (C:\xampp\htdocs\yii\framework\web\CController.php:110)
Stack trace:
#0 C:\xampp\htdocs\membership.rewards\AMPAPI\protected\controllers\AmpapiInvokerController.php(81): AmpapiInvokerController->_AuthenticateSession()
#1 C:\xampp\htdocs\yii\framework\web\actions\CInlineAction.php(49): AmpapiInvokerController->actionAuthenticateSession()
#2 C:\xampp\htdocs\yii\framework\web\CController.php(308): CInlineAction->runWithParams()
#3 C:\xampp\htdocs\yii\framework\web\CController.php(286): AmpapiInvokerController->runAction()
#4 C:\xampp\htdocs\yii\framework\web\CController.php(265): AmpapiInvokerController->runActionWithFilters()
#5 C:\xampp\htdocs\yii\framework\web\CWebApplication.php(282): AmpapiInvokerController->run()
#6 C:\xampp\htdocs\yii\framework\web\CWebApplication.php(141): CWebApplication->runController()
#7 C:\xampp\htdocs\yii\framework\base\CApplication.php(169): CWebApplication->processRequest()
#8 C:\xampp\htdocs\membership.rewards\AMPAPI\index.php(13): CWebApplication->run()
REQUEST_URI=/membership.rewards/AMPAPI/index.php/AmpapiInvoker/authenticatesession
in C:\xampp\htdocs\membership.rewards\AMPAPI\protected\controllers\AmpapiInvokerController.php (448)
in C:\xampp\htdocs\membership.rewards\AMPAPI\protected\controllers\AmpapiInvokerController.php (89)
in C:\xampp\htdocs\membership.rewards\AMPAPI\protected\controllers\AmpapiInvokerController.php (81)
2014/08/01 18:24:02 [error] [application] ReturnMessage: One or more fields is not set or is blank. ErrorCode: 1
in C:\xampp\htdocs\membership.rewards\AMPAPI\protected\components\Utilities.php (11)
in C:\xampp\htdocs\membership.rewards\AMPAPI\protected\controllers\AmpapiController.php (967)
in C:\xampp\htdocs\membership.rewards\AMPAPI\protected\controllers\AmpapiController.php (164)
2014/08/01 19:32:08 [error] [application] ReturnMessage: No Error, Transaction successful. ErrorCode: 0
in C:\xampp\htdocs\membership.rewards\AMPAPI\protected\components\Utilities.php (11)
in C:\xampp\htdocs\membership.rewards\AMPAPI\protected\controllers\AmpapiController.php (954)
in C:\xampp\htdocs\membership.rewards\AMPAPI\protected\controllers\AmpapiController.php (215)
2014/08/01 19:33:25 [error] [application] ReturnMessage: Valid ErrorCode: 0.1
in C:\xampp\htdocs\membership.rewards\AMPAPI\protected\components\Utilities.php (11)
in C:\xampp\htdocs\membership.rewards\AMPAPI\protected\controllers\AmpapiController.php (977)
in C:\xampp\htdocs\membership.rewards\AMPAPI\protected\controllers\AmpapiController.php (250)
2014/08/01 19:34:25 [error] [application] ReturnMessage: Valid ErrorCode: 0.1
in C:\xampp\htdocs\membership.rewards\AMPAPI\protected\components\Utilities.php (11)
in C:\xampp\htdocs\membership.rewards\AMPAPI\protected\controllers\AmpapiController.php (977)
in C:\xampp\htdocs\membership.rewards\AMPAPI\protected\controllers\AmpapiController.php (250)
2014/08/01 19:34:33 [error] [application] ReturnMessage: Valid ErrorCode: 0.1
in C:\xampp\htdocs\membership.rewards\AMPAPI\protected\components\Utilities.php (11)
in C:\xampp\htdocs\membership.rewards\AMPAPI\protected\controllers\AmpapiController.php (977)
in C:\xampp\htdocs\membership.rewards\AMPAPI\protected\controllers\AmpapiController.php (250)
2014/08/01 19:37:20 [error] [application] ReturnMessage: Valid ErrorCode: 0.1
in C:\xampp\htdocs\membership.rewards\AMPAPI\protected\components\Utilities.php (11)
in C:\xampp\htdocs\membership.rewards\AMPAPI\protected\controllers\AmpapiController.php (977)
in C:\xampp\htdocs\membership.rewards\AMPAPI\protected\controllers\AmpapiController.php (250)
2014/08/01 19:37:56 [error] [application] ReturnMessage: Valid ErrorCode: 0.1
in C:\xampp\htdocs\membership.rewards\AMPAPI\protected\components\Utilities.php (11)
in C:\xampp\htdocs\membership.rewards\AMPAPI\protected\controllers\AmpapiController.php (977)
in C:\xampp\htdocs\membership.rewards\AMPAPI\protected\controllers\AmpapiController.php (250)
2014/08/01 19:39:00 [error] [application] ReturnMessage: Valid ErrorCode: 0.1
in C:\xampp\htdocs\membership.rewards\AMPAPI\protected\components\Utilities.php (11)
in C:\xampp\htdocs\membership.rewards\AMPAPI\protected\controllers\AmpapiController.php (977)
in C:\xampp\htdocs\membership.rewards\AMPAPI\protected\controllers\AmpapiController.php (250)
2014/08/01 19:40:25 [error] [application] ReturnMessage: Valid ErrorCode: 0.1
in C:\xampp\htdocs\membership.rewards\AMPAPI\protected\components\Utilities.php (11)
in C:\xampp\htdocs\membership.rewards\AMPAPI\protected\controllers\AmpapiController.php (977)
in C:\xampp\htdocs\membership.rewards\AMPAPI\protected\controllers\AmpapiController.php (250)
2014/08/01 13:41:17 [error] [exception.CHttpException.404] exception 'CHttpException' with message 'The system is unable to find the requested action "overview".' in C:\xampp\htdocs\yii\framework\web\CController.php:483
Stack trace:
#0 C:\xampp\htdocs\yii\framework\web\CController.php(270): CController->missingAction('')
#1 C:\xampp\htdocs\yii\framework\web\CWebApplication.php(282): CController->run('')
#2 C:\xampp\htdocs\yii\framework\web\CWebApplication.php(141): CWebApplication->runController('Ampapi')
#3 C:\xampp\htdocs\yii\framework\base\CApplication.php(169): CWebApplication->processRequest()
#4 C:\xampp\htdocs\membership.rewards\AMPAPI\index.php(13): CApplication->run()
#5 {main}
REQUEST_URI=/membership.rewards/AMPAPI/index.php/Ampapi/
---
2014/08/01 19:41:17 [error] [application] ReturnMessage: No response from Membership portal API. ErrorCode: 57
in C:\xampp\htdocs\membership.rewards\AMPAPI\protected\components\Utilities.php (11)
in C:\xampp\htdocs\membership.rewards\AMPAPI\protected\controllers\AmpapiController.php (985)
in C:\xampp\htdocs\membership.rewards\AMPAPI\protected\controllers\AmpapiController.php (551)
2014/08/01 19:43:36 [error] [application] ReturnMessage: Valid ErrorCode: 0.1
in C:\xampp\htdocs\membership.rewards\AMPAPI\protected\components\Utilities.php (11)
in C:\xampp\htdocs\membership.rewards\AMPAPI\protected\controllers\AmpapiController.php (977)
in C:\xampp\htdocs\membership.rewards\AMPAPI\protected\controllers\AmpapiController.php (250)
2014/08/01 19:43:36 [error] [application] ReturnMessage: No response from Membership portal API. ErrorCode: 57
in C:\xampp\htdocs\membership.rewards\AMPAPI\protected\components\Utilities.php (11)
in C:\xampp\htdocs\membership.rewards\AMPAPI\protected\controllers\AmpapiController.php (985)
in C:\xampp\htdocs\membership.rewards\AMPAPI\protected\controllers\AmpapiController.php (721)
2014/08/01 20:00:07 [error] [application] ReturnMessage: Valid ErrorCode: 0.1
in C:\xampp\htdocs\membership.rewards\AMPAPI\protected\components\Utilities.php (11)
in C:\xampp\htdocs\membership.rewards\AMPAPI\protected\controllers\AmpapiController.php (977)
in C:\xampp\htdocs\membership.rewards\AMPAPI\protected\controllers\AmpapiController.php (250)
2014/08/01 20:07:48 [error] [application] ReturnMessage: Valid ErrorCode: 0.1
in C:\xampp\htdocs\membership.rewards\AMPAPI\protected\components\Utilities.php (11)
in C:\xampp\htdocs\membership.rewards\AMPAPI\protected\controllers\AmpapiController.php (977)
in C:\xampp\htdocs\membership.rewards\AMPAPI\protected\controllers\AmpapiController.php (250)
2014/08/01 21:01:57 [error] [application] ReturnMessage: One or more fields is not set or is blank. ErrorCode: 1
in C:\xampp\htdocs\membership.rewards\AMPAPI\protected\components\Utilities.php (11)
in C:\xampp\htdocs\membership.rewards\AMPAPI\protected\controllers\AmpapiController.php (960)
in C:\xampp\htdocs\membership.rewards\AMPAPI\protected\controllers\AmpapiController.php (1026)
2014/08/01 21:02:07 [error] [application] ReturnMessage: One or more fields is not set or is blank. ErrorCode: 1
in C:\xampp\htdocs\membership.rewards\AMPAPI\protected\components\Utilities.php (11)
in C:\xampp\htdocs\membership.rewards\AMPAPI\protected\controllers\AmpapiController.php (960)
in C:\xampp\htdocs\membership.rewards\AMPAPI\protected\controllers\AmpapiController.php (157)
2014/08/01 21:02:11 [error] [application] ReturnMessage: No Error, Transaction successful. ErrorCode: 0
in C:\xampp\htdocs\membership.rewards\AMPAPI\protected\components\Utilities.php (11)
in C:\xampp\htdocs\membership.rewards\AMPAPI\protected\controllers\AmpapiController.php (947)
in C:\xampp\htdocs\membership.rewards\AMPAPI\protected\controllers\AmpapiController.php (208)
2014/08/01 21:02:18 [error] [application] ReturnMessage: Invalid. ErrorCode: 1.1
in C:\xampp\htdocs\membership.rewards\AMPAPI\protected\components\Utilities.php (11)
in C:\xampp\htdocs\membership.rewards\AMPAPI\protected\controllers\AmpapiController.php (960)
in C:\xampp\htdocs\membership.rewards\AMPAPI\protected\controllers\AmpapiController.php (267)
2014/08/01 21:02:25 [error] [application] ReturnMessage: Valid ErrorCode: 0.1
in C:\xampp\htdocs\membership.rewards\AMPAPI\protected\components\Utilities.php (11)
in C:\xampp\htdocs\membership.rewards\AMPAPI\protected\controllers\AmpapiController.php (970)
in C:\xampp\htdocs\membership.rewards\AMPAPI\protected\controllers\AmpapiController.php (243)
2014/08/01 21:03:21 [error] [application] ReturnMessage: Valid ErrorCode: 0.1
in C:\xampp\htdocs\membership.rewards\AMPAPI\protected\components\Utilities.php (11)
in C:\xampp\htdocs\membership.rewards\AMPAPI\protected\controllers\AmpapiController.php (970)
in C:\xampp\htdocs\membership.rewards\AMPAPI\protected\controllers\AmpapiController.php (243)
2014/08/01 21:04:24 [error] [application] ReturnMessage: Valid ErrorCode: 0.1
in C:\xampp\htdocs\membership.rewards\AMPAPI\protected\components\Utilities.php (11)
in C:\xampp\htdocs\membership.rewards\AMPAPI\protected\controllers\AmpapiController.php (970)
in C:\xampp\htdocs\membership.rewards\AMPAPI\protected\controllers\AmpapiController.php (243)
2014/08/01 15:11:58 [error] [exception.CHttpException.404] exception 'CHttpException' with message 'The system is unable to find the requested action "overview".' in C:\xampp\htdocs\yii\framework\web\CController.php:483
Stack trace:
#0 C:\xampp\htdocs\yii\framework\web\CController.php(270): CController->missingAction('')
#1 C:\xampp\htdocs\yii\framework\web\CWebApplication.php(282): CController->run('')
#2 C:\xampp\htdocs\yii\framework\web\CWebApplication.php(141): CWebApplication->runController('Ampapi')
#3 C:\xampp\htdocs\yii\framework\base\CApplication.php(169): CWebApplication->processRequest()
#4 C:\xampp\htdocs\membership.rewards\AMPAPI\index.php(13): CApplication->run()
#5 {main}
REQUEST_URI=/membership.rewards/AMPAPI/index.php/Ampapi/
---
2014/08/01 21:12:06 [error] [application] ReturnMessage: Valid ErrorCode: 0.1
in C:\xampp\htdocs\membership.rewards\AMPAPI\protected\components\Utilities.php (11)
in C:\xampp\htdocs\membership.rewards\AMPAPI\protected\controllers\AmpapiController.php (971)
in C:\xampp\htdocs\membership.rewards\AMPAPI\protected\controllers\AmpapiController.php (244)
2014/08/01 21:12:06 [error] [application] ReturnMessage: No response from Membership portal API. ErrorCode: 25
in C:\xampp\htdocs\membership.rewards\AMPAPI\protected\components\Utilities.php (11)
in C:\xampp\htdocs\membership.rewards\AMPAPI\protected\controllers\AmpapiController.php (979)
in C:\xampp\htdocs\membership.rewards\AMPAPI\protected\controllers\AmpapiController.php (429)
2014/08/01 21:13:21 [error] [application] ReturnMessage: Valid ErrorCode: 0.1
in C:\xampp\htdocs\membership.rewards\AMPAPI\protected\components\Utilities.php (11)
in C:\xampp\htdocs\membership.rewards\AMPAPI\protected\controllers\AmpapiController.php (971)
in C:\xampp\htdocs\membership.rewards\AMPAPI\protected\controllers\AmpapiController.php (244)
