2014/07/25 07:28:02 [error] [exception.CDbException] exception 'CDbException' with message 'CDbConnection failed to open the DB connection: SQLSTATE[HY000] [1044] Access denied for user ''@'localhost' to database 'accountsdb'' in C:\xampp\htdocs\yii\framework\db\CDbConnection.php:382
Stack trace:
#0 C:\xampp\htdocs\yii\framework\db\CDbConnection.php(330): CDbConnection->open()
#1 C:\xampp\htdocs\yii\framework\db\CDbConnection.php(308): CDbConnection->setActive(true)
#2 C:\xampp\htdocs\yii\framework\base\CModule.php(387): CDbConnection->init()
#3 C:\xampp\htdocs\yii\framework\base\CModule.php(103): CModule->getComponent('db5')
#4 C:\xampp\htdocs\AMPAPI\protected\models\AuthenticateSessionModel.php(22): CModule->__get('db5')
#5 C:\xampp\htdocs\AMPAPI\protected\controllers\AmpapiController.php(62): AuthenticateSessionModel->__construct()
#6 C:\xampp\htdocs\yii\framework\web\actions\CInlineAction.php(49): AmpapiController->actionAuthenticateSession()
#7 C:\xampp\htdocs\yii\framework\web\CController.php(308): CInlineAction->runWithParams(Array)
#8 C:\xampp\htdocs\yii\framework\web\CController.php(286): CController->runAction(Object(CInlineAction))
#9 C:\xampp\htdocs\yii\framework\web\CController.php(265): CController->runActionWithFilters(Object(CInlineAction), Array)
#10 C:\xampp\htdocs\yii\framework\web\CWebApplication.php(282): CController->run('authenticateses...')
#11 C:\xampp\htdocs\yii\framework\web\CWebApplication.php(141): CWebApplication->runController('Ampapi/authenti...')
#12 C:\xampp\htdocs\yii\framework\base\CApplication.php(180): CWebApplication->processRequest()
#13 C:\xampp\htdocs\AMPAPI\index.php(13): CApplication->run()
#14 {main}
REQUEST_URI=/AMPAPI/index.php/Ampapi/authenticatesession
---
2014/07/25 07:28:47 [error] [exception.CDbException] exception 'CDbException' with message 'CDbConnection failed to open the DB connection: SQLSTATE[HY000] [1044] Access denied for user ''@'localhost' to database 'accountsdb'' in C:\xampp\htdocs\yii\framework\db\CDbConnection.php:382
Stack trace:
#0 C:\xampp\htdocs\yii\framework\db\CDbConnection.php(330): CDbConnection->open()
#1 C:\xampp\htdocs\yii\framework\db\CDbConnection.php(308): CDbConnection->setActive(true)
#2 C:\xampp\htdocs\yii\framework\base\CModule.php(387): CDbConnection->init()
#3 C:\xampp\htdocs\yii\framework\base\CModule.php(103): CModule->getComponent('db5')
#4 C:\xampp\htdocs\AMPAPI\protected\models\AuthenticateSessionModel.php(22): CModule->__get('db5')
#5 C:\xampp\htdocs\AMPAPI\protected\controllers\AmpapiController.php(62): AuthenticateSessionModel->__construct()
#6 C:\xampp\htdocs\yii\framework\web\actions\CInlineAction.php(49): AmpapiController->actionAuthenticateSession()
#7 C:\xampp\htdocs\yii\framework\web\CController.php(308): CInlineAction->runWithParams(Array)
#8 C:\xampp\htdocs\yii\framework\web\CController.php(286): CController->runAction(Object(CInlineAction))
#9 C:\xampp\htdocs\yii\framework\web\CController.php(265): CController->runActionWithFilters(Object(CInlineAction), Array)
#10 C:\xampp\htdocs\yii\framework\web\CWebApplication.php(282): CController->run('authenticateses...')
#11 C:\xampp\htdocs\yii\framework\web\CWebApplication.php(141): CWebApplication->runController('Ampapi/authenti...')
#12 C:\xampp\htdocs\yii\framework\base\CApplication.php(180): CWebApplication->processRequest()
#13 C:\xampp\htdocs\AMPAPI\index.php(13): CApplication->run()
#14 {main}
REQUEST_URI=/AMPAPI/index.php/Ampapi/authenticatesession
---
2014/07/25 13:29:34 [error] [application] ReturnMessage: One or more fields is not set or is blank. ErrorCode: 1
in C:\xampp\htdocs\AMPAPI\protected\components\Utilities.php (11)
in C:\xampp\htdocs\AMPAPI\protected\controllers\AmpapiController.php (384)
in C:\xampp\htdocs\AMPAPI\protected\controllers\AmpapiController.php (81)
2014/07/25 08:02:20 [error] [exception.CException] exception 'CException' with message 'AmpapiInvokerController cannot find the requested view "getisismoker".' in C:\xampp\htdocs\yii\framework\web\CController.php:878
Stack trace:
#0 C:\xampp\htdocs\yii\framework\web\CController.php(782): CController->renderPartial('getisismoker', Array, true)
#1 C:\xampp\htdocs\AMPAPI\protected\controllers\AmpapiInvokerController.php(234): CController->render('getisismoker', Array)
#2 C:\xampp\htdocs\yii\framework\web\actions\CInlineAction.php(49): AmpapiInvokerController->actionGetIsSmoker()
#3 C:\xampp\htdocs\yii\framework\web\CController.php(308): CInlineAction->runWithParams(Array)
#4 C:\xampp\htdocs\yii\framework\web\CController.php(286): CController->runAction(Object(CInlineAction))
#5 C:\xampp\htdocs\yii\framework\web\CController.php(265): CController->runActionWithFilters(Object(CInlineAction), Array)
#6 C:\xampp\htdocs\yii\framework\web\CWebApplication.php(282): CController->run('getissmoker')
#7 C:\xampp\htdocs\yii\framework\web\CWebApplication.php(141): CWebApplication->runController('ampapiInvoker/g...')
#8 C:\xampp\htdocs\yii\framework\base\CApplication.php(180): CWebApplication->processRequest()
#9 C:\xampp\htdocs\AMPAPI\index.php(13): CApplication->run()
#10 {main}
REQUEST_URI=/AMPAPI/index.php/ampapiInvoker/getissmoker
HTTP_REFERER=http://localhost/AMPAPI/index.php
---
2014/07/25 14:04:22 [error] [application] ReturnMessage: One or more fields is not set or is blank. ErrorCode: 1
in C:\xampp\htdocs\AMPAPI\protected\components\Utilities.php (11)
in C:\xampp\htdocs\AMPAPI\protected\controllers\AmpapiController.php (393)
in C:\xampp\htdocs\AMPAPI\protected\controllers\AmpapiController.php (90)
2014/07/25 14:04:27 [error] [application] ReturnMessage: Invalid. ErrorCode: 1.1
in C:\xampp\htdocs\AMPAPI\protected\components\Utilities.php (11)
in C:\xampp\htdocs\AMPAPI\protected\controllers\AmpapiController.php (393)
in C:\xampp\htdocs\AMPAPI\protected\controllers\AmpapiController.php (181)
2014/07/25 08:05:37 [error] [exception.CException] exception 'CException' with message 'AmpapiInvokerController cannot find the requested view "getisismoker".' in C:\xampp\htdocs\yii\framework\web\CController.php:878
Stack trace:
#0 C:\xampp\htdocs\yii\framework\web\CController.php(782): CController->renderPartial('getisismoker', Array, true)
#1 C:\xampp\htdocs\AMPAPI\protected\controllers\AmpapiInvokerController.php(234): CController->render('getisismoker', Array)
#2 C:\xampp\htdocs\yii\framework\web\actions\CInlineAction.php(49): AmpapiInvokerController->actionGetIsSmoker()
#3 C:\xampp\htdocs\yii\framework\web\CController.php(308): CInlineAction->runWithParams(Array)
#4 C:\xampp\htdocs\yii\framework\web\CController.php(286): CController->runAction(Object(CInlineAction))
#5 C:\xampp\htdocs\yii\framework\web\CController.php(265): CController->runActionWithFilters(Object(CInlineAction), Array)
#6 C:\xampp\htdocs\yii\framework\web\CWebApplication.php(282): CController->run('getissmoker')
#7 C:\xampp\htdocs\yii\framework\web\CWebApplication.php(141): CWebApplication->runController('ampapiInvoker/g...')
#8 C:\xampp\htdocs\yii\framework\base\CApplication.php(180): CWebApplication->processRequest()
#9 C:\xampp\htdocs\AMPAPI\index.php(13): CApplication->run()
#10 {main}
REQUEST_URI=/AMPAPI/index.php/ampapiInvoker/getissmoker
HTTP_REFERER=http://localhost/AMPAPI/index.php
---
2014/07/25 08:07:13 [error] [php] Undefined variable: Username (C:\xampp\htdocs\AMPAPI\protected\controllers\AmpapiInvokerController.php:238)
Stack trace:
#0 C:\xampp\htdocs\yii\framework\web\CController.php(308): CInlineAction->runWithParams()
#1 C:\xampp\htdocs\yii\framework\web\CController.php(286): AmpapiInvokerController->runAction()
#2 C:\xampp\htdocs\yii\framework\web\CController.php(265): AmpapiInvokerController->runActionWithFilters()
#3 C:\xampp\htdocs\yii\framework\web\CWebApplication.php(282): AmpapiInvokerController->run()
#4 C:\xampp\htdocs\yii\framework\web\CWebApplication.php(141): CWebApplication->runController()
#5 C:\xampp\htdocs\yii\framework\base\CApplication.php(180): CWebApplication->processRequest()
#6 C:\xampp\htdocs\AMPAPI\index.php(13): CWebApplication->run()
REQUEST_URI=/AMPAPI/index.php/ampapiInvoker/getissmoker
in C:\xampp\htdocs\AMPAPI\protected\controllers\AmpapiInvokerController.php (238)
in C:\xampp\htdocs\AMPAPI\protected\controllers\AmpapiInvokerController.php (232)
in C:\xampp\htdocs\AMPAPI\index.php (13)
2014/07/25 14:46:54 [error] [application] ReturnMessage: Invalid input. ErrorCode: 2
in C:\xampp\htdocs\AMPAPI\protected\components\Utilities.php (11)
in C:\xampp\htdocs\AMPAPI\protected\controllers\AmpapiController.php (416)
in C:\xampp\htdocs\AMPAPI\protected\controllers\AmpapiController.php (83)
2014/07/25 14:46:57 [error] [application] ReturnMessage: No Error, Transaction successful. ErrorCode: 0
in C:\xampp\htdocs\AMPAPI\protected\components\Utilities.php (11)
in C:\xampp\htdocs\AMPAPI\protected\controllers\AmpapiController.php (404)
in C:\xampp\htdocs\AMPAPI\protected\controllers\AmpapiController.php (138)
2014/07/25 03:23:25 [error] [exception.CDbException] exception 'CDbException' with message 'CDbConnection failed to open the DB connection: SQLSTATE[HY000] [1045] Access denied for user 'accountsapi'@'localhost' (using password: YES)' in C:\xampp\htdocs\yii\framework\db\CDbConnection.php:381
Stack trace:
#0 C:\xampp\htdocs\yii\framework\db\CDbConnection.php(330): CDbConnection->open()
#1 C:\xampp\htdocs\yii\framework\db\CDbConnection.php(308): CDbConnection->setActive(true)
#2 C:\xampp\htdocs\yii\framework\base\CModule.php(387): CDbConnection->init()
#3 C:\xampp\htdocs\yii\framework\base\CModule.php(103): CModule->getComponent('db5')
#4 C:\xampp\htdocs\AMPAPI\protected\models\AuthenticateSessionModel.php(22): CModule->__get('db5')
#5 C:\xampp\htdocs\AMPAPI\protected\controllers\AmpapiController.php(71): AuthenticateSessionModel->__construct()
#6 C:\xampp\htdocs\yii\framework\web\actions\CInlineAction.php(49): AmpapiController->actionAuthenticateSession()
#7 C:\xampp\htdocs\yii\framework\web\CController.php(308): CInlineAction->runWithParams(Array)
#8 C:\xampp\htdocs\yii\framework\web\CController.php(286): CController->runAction(Object(CInlineAction))
#9 C:\xampp\htdocs\yii\framework\web\CController.php(265): CController->runActionWithFilters(Object(CInlineAction), Array)
#10 C:\xampp\htdocs\yii\framework\web\CWebApplication.php(282): CController->run('authenticateses...')
#11 C:\xampp\htdocs\yii\framework\web\CWebApplication.php(141): CWebApplication->runController('Ampapi/authenti...')
#12 C:\xampp\htdocs\yii\framework\base\CApplication.php(169): CWebApplication->processRequest()
#13 C:\xampp\htdocs\AMPAPI\index.php(13): CApplication->run()
#14 {main}
REQUEST_URI=/AMPAPI/index.php/Ampapi/authenticatesession
---
2014/07/25 09:26:00 [error] [application] ReturnMessage: One or more fields is not set or is blank. ErrorCode: 1
in C:\xampp\htdocs\AMPAPI\protected\components\Utilities.php (11)
in C:\xampp\htdocs\AMPAPI\protected\controllers\AmpapiController.php (416)
in C:\xampp\htdocs\AMPAPI\protected\controllers\AmpapiController.php (90)
2014/07/25 04:52:12 [error] [php] Undefined index: TPSessionID (C:\xampp\htdocs\AMPAPI\protected\controllers\AmpapiInvokerController.php:160)
Stack trace:
#0 C:\xampp\htdocs\yii\framework\web\CController.php(286): AmpapiInvokerController->runAction()
#1 C:\xampp\htdocs\yii\framework\web\CController.php(265): AmpapiInvokerController->runActionWithFilters()
#2 C:\xampp\htdocs\yii\framework\web\CWebApplication.php(282): AmpapiInvokerController->run()
#3 C:\xampp\htdocs\yii\framework\web\CWebApplication.php(141): CWebApplication->runController()
#4 C:\xampp\htdocs\yii\framework\base\CApplication.php(169): CWebApplication->processRequest()
#5 C:\xampp\htdocs\AMPAPI\index.php(13): CWebApplication->run()
REQUEST_URI=/AMPAPI/index.php/ampapiInvoker/updateprofile
in C:\xampp\htdocs\AMPAPI\protected\controllers\AmpapiInvokerController.php (160)
in C:\xampp\htdocs\AMPAPI\index.php (13)
2014/07/25 04:53:49 [error] [php] Undefined index: TPSessionID (C:\xampp\htdocs\AMPAPI\protected\controllers\AmpapiInvokerController.php:160)
Stack trace:
#0 C:\xampp\htdocs\yii\framework\web\CController.php(286): AmpapiInvokerController->runAction()
#1 C:\xampp\htdocs\yii\framework\web\CController.php(265): AmpapiInvokerController->runActionWithFilters()
#2 C:\xampp\htdocs\yii\framework\web\CWebApplication.php(282): AmpapiInvokerController->run()
#3 C:\xampp\htdocs\yii\framework\web\CWebApplication.php(141): CWebApplication->runController()
#4 C:\xampp\htdocs\yii\framework\base\CApplication.php(169): CWebApplication->processRequest()
#5 C:\xampp\htdocs\AMPAPI\index.php(13): CWebApplication->run()
REQUEST_URI=/AMPAPI/index.php/ampapiInvoker/updateprofile
in C:\xampp\htdocs\AMPAPI\protected\controllers\AmpapiInvokerController.php (160)
in C:\xampp\htdocs\AMPAPI\index.php (13)
2014/07/25 04:53:57 [error] [php] Undefined index: TPSessionID (C:\xampp\htdocs\AMPAPI\protected\controllers\AmpapiInvokerController.php:160)
Stack trace:
#0 C:\xampp\htdocs\yii\framework\web\CController.php(286): AmpapiInvokerController->runAction()
#1 C:\xampp\htdocs\yii\framework\web\CController.php(265): AmpapiInvokerController->runActionWithFilters()
#2 C:\xampp\htdocs\yii\framework\web\CWebApplication.php(282): AmpapiInvokerController->run()
#3 C:\xampp\htdocs\yii\framework\web\CWebApplication.php(141): CWebApplication->runController()
#4 C:\xampp\htdocs\yii\framework\base\CApplication.php(169): CWebApplication->processRequest()
#5 C:\xampp\htdocs\AMPAPI\index.php(13): CWebApplication->run()
REQUEST_URI=/AMPAPI/index.php/ampapiInvoker/updateprofile
in C:\xampp\htdocs\AMPAPI\protected\controllers\AmpapiInvokerController.php (160)
in C:\xampp\htdocs\AMPAPI\index.php (13)
2014/07/25 04:55:00 [error] [php] Undefined index: AlternateMobileNumber (C:\xampp\htdocs\AMPAPI\protected\controllers\AmpapiInvokerController.php:169)
Stack trace:
#0 C:\xampp\htdocs\yii\framework\web\CController.php(286): AmpapiInvokerController->runAction()
#1 C:\xampp\htdocs\yii\framework\web\CController.php(265): AmpapiInvokerController->runActionWithFilters()
#2 C:\xampp\htdocs\yii\framework\web\CWebApplication.php(282): AmpapiInvokerController->run()
#3 C:\xampp\htdocs\yii\framework\web\CWebApplication.php(141): CWebApplication->runController()
#4 C:\xampp\htdocs\yii\framework\base\CApplication.php(169): CWebApplication->processRequest()
#5 C:\xampp\htdocs\AMPAPI\index.php(13): CWebApplication->run()
REQUEST_URI=/AMPAPI/index.php/ampapiInvoker/updateprofile
in C:\xampp\htdocs\AMPAPI\protected\controllers\AmpapiInvokerController.php (169)
in C:\xampp\htdocs\AMPAPI\index.php (13)
2014/07/25 04:57:39 [error] [php] Undefined index: AlternateMobileNumber (C:\xampp\htdocs\AMPAPI\protected\controllers\AmpapiInvokerController.php:169)
Stack trace:
#0 C:\xampp\htdocs\yii\framework\web\CController.php(286): AmpapiInvokerController->runAction()
#1 C:\xampp\htdocs\yii\framework\web\CController.php(265): AmpapiInvokerController->runActionWithFilters()
#2 C:\xampp\htdocs\yii\framework\web\CWebApplication.php(282): AmpapiInvokerController->run()
#3 C:\xampp\htdocs\yii\framework\web\CWebApplication.php(141): CWebApplication->runController()
#4 C:\xampp\htdocs\yii\framework\base\CApplication.php(169): CWebApplication->processRequest()
#5 C:\xampp\htdocs\AMPAPI\index.php(13): CWebApplication->run()
REQUEST_URI=/AMPAPI/index.php/ampapiInvoker/updateprofile
in C:\xampp\htdocs\AMPAPI\protected\controllers\AmpapiInvokerController.php (169)
in C:\xampp\htdocs\AMPAPI\index.php (13)
2014/07/25 04:57:46 [error] [php] Undefined index: BirthDate (C:\xampp\htdocs\AMPAPI\protected\controllers\AmpapiInvokerController.php:178)
Stack trace:
#0 C:\xampp\htdocs\yii\framework\web\CController.php(286): AmpapiInvokerController->runAction()
#1 C:\xampp\htdocs\yii\framework\web\CController.php(265): AmpapiInvokerController->runActionWithFilters()
#2 C:\xampp\htdocs\yii\framework\web\CWebApplication.php(282): AmpapiInvokerController->run()
#3 C:\xampp\htdocs\yii\framework\web\CWebApplication.php(141): CWebApplication->runController()
#4 C:\xampp\htdocs\yii\framework\base\CApplication.php(169): CWebApplication->processRequest()
#5 C:\xampp\htdocs\AMPAPI\index.php(13): CWebApplication->run()
REQUEST_URI=/AMPAPI/index.php/ampapiInvoker/updateprofile
in C:\xampp\htdocs\AMPAPI\protected\controllers\AmpapiInvokerController.php (178)
in C:\xampp\htdocs\AMPAPI\index.php (13)
2014/07/25 10:58:27 [error] [application] ReturnMessage: One or more fields is not set or is blank. ErrorCode: 1
in C:\xampp\htdocs\AMPAPI\protected\components\Utilities.php (11)
in C:\xampp\htdocs\AMPAPI\protected\controllers\AmpapiController.php (449)
in C:\xampp\htdocs\AMPAPI\protected\controllers\AmpapiController.php (263)
2014/07/25 10:59:05 [error] [application] ReturnMessage: One or more fields is not set or is blank. ErrorCode: 1
in C:\xampp\htdocs\AMPAPI\protected\components\Utilities.php (11)
in C:\xampp\htdocs\AMPAPI\protected\controllers\AmpapiController.php (449)
in C:\xampp\htdocs\AMPAPI\protected\controllers\AmpapiController.php (263)
2014/07/25 11:00:49 [error] [application] ReturnMessage: One or more fields is not set or is blank. ErrorCode: 1
in C:\xampp\htdocs\AMPAPI\protected\components\Utilities.php (11)
in C:\xampp\htdocs\AMPAPI\protected\controllers\AmpapiController.php (449)
in C:\xampp\htdocs\AMPAPI\protected\controllers\AmpapiController.php (263)
2014/07/25 11:01:45 [error] [application] ReturnMessage: One or more fields is not set or is blank. ErrorCode: 1
in C:\xampp\htdocs\AMPAPI\protected\components\Utilities.php (11)
in C:\xampp\htdocs\AMPAPI\protected\controllers\AmpapiController.php (449)
in C:\xampp\htdocs\AMPAPI\protected\controllers\AmpapiController.php (263)
2014/07/25 11:02:15 [error] [application] ReturnMessage: One or more fields is not set or is blank. ErrorCode: 1
in C:\xampp\htdocs\AMPAPI\protected\components\Utilities.php (11)
in C:\xampp\htdocs\AMPAPI\protected\controllers\AmpapiController.php (449)
in C:\xampp\htdocs\AMPAPI\protected\controllers\AmpapiController.php (263)
2014/07/25 11:02:28 [error] [application] ReturnMessage: One or more fields is not set or is blank. ErrorCode: 1
in C:\xampp\htdocs\AMPAPI\protected\components\Utilities.php (11)
in C:\xampp\htdocs\AMPAPI\protected\controllers\AmpapiController.php (449)
in C:\xampp\htdocs\AMPAPI\protected\controllers\AmpapiController.php (263)
2014/07/25 11:02:42 [error] [application] ReturnMessage: One or more fields is not set or is blank. ErrorCode: 1
in C:\xampp\htdocs\AMPAPI\protected\components\Utilities.php (11)
in C:\xampp\htdocs\AMPAPI\protected\controllers\AmpapiController.php (449)
in C:\xampp\htdocs\AMPAPI\protected\controllers\AmpapiController.php (263)
2014/07/25 11:02:53 [error] [application] ReturnMessage: One or more fields is not set or is blank. ErrorCode: 1
in C:\xampp\htdocs\AMPAPI\protected\components\Utilities.php (11)
in C:\xampp\htdocs\AMPAPI\protected\controllers\AmpapiController.php (449)
in C:\xampp\htdocs\AMPAPI\protected\controllers\AmpapiController.php (263)
2014/07/25 11:11:50 [error] [application] ReturnMessage: One or more fields is not set or is blank. ErrorCode: 1
in C:\xampp\htdocs\AMPAPI\protected\components\Utilities.php (11)
in C:\xampp\htdocs\AMPAPI\protected\controllers\AmpapiController.php (486)
in C:\xampp\htdocs\AMPAPI\protected\controllers\AmpapiController.php (295)
2014/07/25 11:12:14 [error] [application] ReturnMessage: One or more fields is not set or is blank. ErrorCode: 1
in C:\xampp\htdocs\AMPAPI\protected\components\Utilities.php (11)
in C:\xampp\htdocs\AMPAPI\protected\controllers\AmpapiController.php (486)
in C:\xampp\htdocs\AMPAPI\protected\controllers\AmpapiController.php (295)
2014/07/25 11:12:22 [error] [application] ReturnMessage: One or more fields is not set or is blank. ErrorCode: 1
in C:\xampp\htdocs\AMPAPI\protected\components\Utilities.php (11)
in C:\xampp\htdocs\AMPAPI\protected\controllers\AmpapiController.php (486)
in C:\xampp\htdocs\AMPAPI\protected\controllers\AmpapiController.php (295)
2014/07/25 11:12:30 [error] [application] ReturnMessage: One or more fields is not set or is blank. ErrorCode: 1
in C:\xampp\htdocs\AMPAPI\protected\components\Utilities.php (11)
in C:\xampp\htdocs\AMPAPI\protected\controllers\AmpapiController.php (486)
in C:\xampp\htdocs\AMPAPI\protected\controllers\AmpapiController.php (295)
2014/07/25 11:12:39 [error] [application] ReturnMessage: One or more fields is not set or is blank. ErrorCode: 1
in C:\xampp\htdocs\AMPAPI\protected\components\Utilities.php (11)
in C:\xampp\htdocs\AMPAPI\protected\controllers\AmpapiController.php (486)
in C:\xampp\htdocs\AMPAPI\protected\controllers\AmpapiController.php (295)
2014/07/25 11:15:08 [error] [application] ReturnMessage: One or more fields is not set or is blank. ErrorCode: 1
in C:\xampp\htdocs\AMPAPI\protected\components\Utilities.php (11)
in C:\xampp\htdocs\AMPAPI\protected\controllers\AmpapiController.php (486)
in C:\xampp\htdocs\AMPAPI\protected\controllers\AmpapiController.php (295)
2014/07/25 11:15:22 [error] [application] ReturnMessage: One or more fields is not set or is blank. ErrorCode: 1
in C:\xampp\htdocs\AMPAPI\protected\components\Utilities.php (11)
in C:\xampp\htdocs\AMPAPI\protected\controllers\AmpapiController.php (486)
in C:\xampp\htdocs\AMPAPI\protected\controllers\AmpapiController.php (295)
2014/07/25 11:15:39 [error] [application] ReturnMessage: One or more fields is not set or is blank. ErrorCode: 1
in C:\xampp\htdocs\AMPAPI\protected\components\Utilities.php (11)
in C:\xampp\htdocs\AMPAPI\protected\controllers\AmpapiController.php (486)
in C:\xampp\htdocs\AMPAPI\protected\controllers\AmpapiController.php (295)
2014/07/25 11:15:51 [error] [application] ReturnMessage: One or more fields is not set or is blank. ErrorCode: 1
in C:\xampp\htdocs\AMPAPI\protected\components\Utilities.php (11)
in C:\xampp\htdocs\AMPAPI\protected\controllers\AmpapiController.php (486)
in C:\xampp\htdocs\AMPAPI\protected\controllers\AmpapiController.php (295)
2014/07/25 11:16:05 [error] [application] ReturnMessage: One or more fields is not set or is blank. ErrorCode: 1
in C:\xampp\htdocs\AMPAPI\protected\components\Utilities.php (11)
in C:\xampp\htdocs\AMPAPI\protected\controllers\AmpapiController.php (486)
in C:\xampp\htdocs\AMPAPI\protected\controllers\AmpapiController.php (295)
2014/07/25 11:17:16 [error] [application] ReturnMessage: One or more fields is not set or is blank. ErrorCode: 1
in C:\xampp\htdocs\AMPAPI\protected\components\Utilities.php (11)
in C:\xampp\htdocs\AMPAPI\protected\controllers\AmpapiController.php (486)
in C:\xampp\htdocs\AMPAPI\protected\controllers\AmpapiController.php (295)
2014/07/25 11:25:03 [error] [application] ReturnMessage: One or more fields is not set or is blank. ErrorCode: 1
in C:\xampp\htdocs\AMPAPI\protected\components\Utilities.php (11)
in C:\xampp\htdocs\AMPAPI\protected\controllers\AmpapiController.php (428)
in C:\xampp\htdocs\AMPAPI\protected\controllers\AmpapiController.php (90)
2014/07/25 11:26:41 [error] [application] ReturnMessage: Third Party Account not found. ErrorCode: 3.1
in C:\xampp\htdocs\AMPAPI\protected\components\Utilities.php (11)
in C:\xampp\htdocs\AMPAPI\protected\controllers\AmpapiController.php (428)
in C:\xampp\htdocs\AMPAPI\protected\controllers\AmpapiController.php (86)
2014/07/25 11:27:46 [error] [application] ReturnMessage: Third Party Account not found. ErrorCode: 3.1
in C:\xampp\htdocs\AMPAPI\protected\components\Utilities.php (11)
in C:\xampp\htdocs\AMPAPI\protected\controllers\AmpapiController.php (428)
in C:\xampp\htdocs\AMPAPI\protected\controllers\AmpapiController.php (86)
2014/07/25 11:27:57 [error] [application] ReturnMessage: Third Party Account not found. ErrorCode: 3.1
in C:\xampp\htdocs\AMPAPI\protected\components\Utilities.php (11)
in C:\xampp\htdocs\AMPAPI\protected\controllers\AmpapiController.php (428)
in C:\xampp\htdocs\AMPAPI\protected\controllers\AmpapiController.php (86)
2014/07/25 11:28:06 [error] [application] ReturnMessage: Third Party Account not found. ErrorCode: 3.1
in C:\xampp\htdocs\AMPAPI\protected\components\Utilities.php (11)
in C:\xampp\htdocs\AMPAPI\protected\controllers\AmpapiController.php (428)
in C:\xampp\htdocs\AMPAPI\protected\controllers\AmpapiController.php (86)
2014/07/25 11:29:28 [error] [application] ReturnMessage: Invalid input. ErrorCode: 2
in C:\xampp\htdocs\AMPAPI\protected\components\Utilities.php (11)
in C:\xampp\htdocs\AMPAPI\protected\controllers\AmpapiController.php (428)
in C:\xampp\htdocs\AMPAPI\protected\controllers\AmpapiController.php (83)
2014/07/25 11:30:26 [error] [application] ReturnMessage: Invalid input. ErrorCode: 2
in C:\xampp\htdocs\AMPAPI\protected\components\Utilities.php (11)
in C:\xampp\htdocs\AMPAPI\protected\controllers\AmpapiController.php (428)
in C:\xampp\htdocs\AMPAPI\protected\controllers\AmpapiController.php (83)
2014/07/25 11:31:39 [error] [application] ReturnMessage: Third Party Account not found. ErrorCode: 3.1
in C:\xampp\htdocs\AMPAPI\protected\components\Utilities.php (11)
in C:\xampp\htdocs\AMPAPI\protected\controllers\AmpapiController.php (428)
in C:\xampp\htdocs\AMPAPI\protected\controllers\AmpapiController.php (86)
2014/07/25 11:34:59 [error] [application] ReturnMessage: No Error, Transaction successful. ErrorCode: 0
in C:\xampp\htdocs\AMPAPI\protected\components\Utilities.php (11)
in C:\xampp\htdocs\AMPAPI\protected\controllers\AmpapiController.php (416)
in C:\xampp\htdocs\AMPAPI\protected\controllers\AmpapiController.php (138)
2014/07/25 11:35:36 [error] [application] ReturnMessage: No Error, Transaction successful. ErrorCode: 0
in C:\xampp\htdocs\AMPAPI\protected\components\Utilities.php (11)
in C:\xampp\htdocs\AMPAPI\protected\controllers\AmpapiController.php (416)
in C:\xampp\htdocs\AMPAPI\protected\controllers\AmpapiController.php (138)
2014/07/25 11:36:34 [error] [application] ReturnMessage: Invalid. ErrorCode: 1.1
in C:\xampp\htdocs\AMPAPI\protected\components\Utilities.php (11)
in C:\xampp\htdocs\AMPAPI\protected\controllers\AmpapiController.php (428)
in C:\xampp\htdocs\AMPAPI\protected\controllers\AmpapiController.php (181)
2014/07/25 11:37:14 [error] [application] ReturnMessage: Invalid. ErrorCode: 1.1
in C:\xampp\htdocs\AMPAPI\protected\components\Utilities.php (11)
in C:\xampp\htdocs\AMPAPI\protected\controllers\AmpapiController.php (428)
in C:\xampp\htdocs\AMPAPI\protected\controllers\AmpapiController.php (181)
2014/07/25 11:37:18 [error] [application] ReturnMessage: Invalid. ErrorCode: 1.1
in C:\xampp\htdocs\AMPAPI\protected\components\Utilities.php (11)
in C:\xampp\htdocs\AMPAPI\protected\controllers\AmpapiController.php (428)
in C:\xampp\htdocs\AMPAPI\protected\controllers\AmpapiController.php (172)
2014/07/25 11:37:41 [error] [application] ReturnMessage: Invalid. ErrorCode: 1.1
in C:\xampp\htdocs\AMPAPI\protected\components\Utilities.php (11)
in C:\xampp\htdocs\AMPAPI\protected\controllers\AmpapiController.php (425)
in C:\xampp\htdocs\AMPAPI\protected\controllers\AmpapiController.php (172)
2014/07/25 11:37:53 [error] [application] ReturnMessage: Invalid. ErrorCode: 1.1
in C:\xampp\htdocs\AMPAPI\protected\components\Utilities.php (11)
in C:\xampp\htdocs\AMPAPI\protected\controllers\AmpapiController.php (425)
in C:\xampp\htdocs\AMPAPI\protected\controllers\AmpapiController.php (172)
2014/07/25 11:38:07 [error] [application] ReturnMessage: Invalid. ErrorCode: 1.1
in C:\xampp\htdocs\AMPAPI\protected\components\Utilities.php (11)
in C:\xampp\htdocs\AMPAPI\protected\controllers\AmpapiController.php (425)
in C:\xampp\htdocs\AMPAPI\protected\controllers\AmpapiController.php (172)
2014/07/25 11:40:51 [error] [application] ReturnMessage: Valid ErrorCode: 0.1
in C:\xampp\htdocs\AMPAPI\protected\components\Utilities.php (11)
in C:\xampp\htdocs\AMPAPI\protected\controllers\AmpapiController.php (425)
in C:\xampp\htdocs\AMPAPI\protected\controllers\AmpapiController.php (169)
2014/07/25 11:41:09 [error] [application] ReturnMessage: Invalid. ErrorCode: 1.1
in C:\xampp\htdocs\AMPAPI\protected\components\Utilities.php (11)
in C:\xampp\htdocs\AMPAPI\protected\controllers\AmpapiController.php (425)
in C:\xampp\htdocs\AMPAPI\protected\controllers\AmpapiController.php (172)
2014/07/25 11:41:19 [error] [application] ReturnMessage: Valid ErrorCode: 0.1
in C:\xampp\htdocs\AMPAPI\protected\components\Utilities.php (11)
in C:\xampp\htdocs\AMPAPI\protected\controllers\AmpapiController.php (425)
in C:\xampp\htdocs\AMPAPI\protected\controllers\AmpapiController.php (169)
2014/07/25 11:50:04 [error] [application] ReturnMessage: Mobile number should consist of numbers only. ErrorCode: 16
in C:\xampp\htdocs\AMPAPI\protected\components\Utilities.php (11)
in C:\xampp\htdocs\AMPAPI\protected\controllers\AmpapiController.php (428)
in C:\xampp\htdocs\AMPAPI\protected\controllers\AmpapiController.php (536)
2014/07/25 11:50:38 [error] [application] ReturnMessage: Mobile number should not be less than 9 digits long. ErrorCode: 15
in C:\xampp\htdocs\AMPAPI\protected\components\Utilities.php (11)
in C:\xampp\htdocs\AMPAPI\protected\controllers\AmpapiController.php (428)
in C:\xampp\htdocs\AMPAPI\protected\controllers\AmpapiController.php (509)
2014/07/25 11:50:52 [error] [application] ReturnMessage: Mobile number should not be less than 9 digits long. ErrorCode: 15
in C:\xampp\htdocs\AMPAPI\protected\components\Utilities.php (11)
in C:\xampp\htdocs\AMPAPI\protected\controllers\AmpapiController.php (428)
in C:\xampp\htdocs\AMPAPI\protected\controllers\AmpapiController.php (509)
2014/07/25 13:33:39 [error] [application] ReturnMessage: One or more fields is not set or is blank. ErrorCode: 1
in C:\xampp\htdocs\AMPAPI\protected\components\Utilities.php (11)
in C:\xampp\htdocs\AMPAPI\protected\controllers\AmpapiController.php (458)
in C:\xampp\htdocs\AMPAPI\protected\controllers\AmpapiController.php (514)
2014/07/25 13:33:39 [error] [application] ReturnMessage: Mobile number should consist of numbers only. ErrorCode: 16
in C:\xampp\htdocs\AMPAPI\protected\components\Utilities.php (11)
in C:\xampp\htdocs\AMPAPI\protected\controllers\AmpapiController.php (458)
in C:\xampp\htdocs\AMPAPI\protected\controllers\AmpapiController.php (566)
2014/07/25 13:33:39 [error] [application] ReturnMessage: Mobile number should not be less than 9 digits long. ErrorCode: 15
in C:\xampp\htdocs\AMPAPI\protected\components\Utilities.php (11)
in C:\xampp\htdocs\AMPAPI\protected\controllers\AmpapiController.php (458)
in C:\xampp\htdocs\AMPAPI\protected\controllers\AmpapiController.php (539)
2014/07/25 13:39:48 [error] [application] ReturnMessage: One or more fields is not set or is blank. ErrorCode: 1
in C:\xampp\htdocs\AMPAPI\protected\components\Utilities.php (11)
in C:\xampp\htdocs\AMPAPI\protected\controllers\AmpapiController.php (447)
in C:\xampp\htdocs\AMPAPI\protected\controllers\AmpapiController.php (503)
2014/07/25 13:48:23 [error] [application] ReturnMessage: One or more fields is not set or is blank. ErrorCode: 1
in C:\xampp\htdocs\AMPAPI\protected\components\Utilities.php (11)
in C:\xampp\htdocs\AMPAPI\protected\controllers\AmpapiController.php (450)
in C:\xampp\htdocs\AMPAPI\protected\controllers\AmpapiController.php (506)
2014/07/25 13:52:13 [error] [application] ReturnMessage: Mobile number should consist of numbers only. ErrorCode: 16
in C:\xampp\htdocs\AMPAPI\protected\components\Utilities.php (11)
in C:\xampp\htdocs\AMPAPI\protected\controllers\AmpapiController.php (450)
in C:\xampp\htdocs\AMPAPI\protected\controllers\AmpapiController.php (558)
2014/07/25 14:08:04 [error] [application] ReturnMessage: Mobile number should consist of numbers only. ErrorCode: 16
in C:\xampp\htdocs\AMPAPI\protected\components\Utilities.php (11)
in C:\xampp\htdocs\AMPAPI\protected\controllers\AmpapiController.php (469)
in C:\xampp\htdocs\AMPAPI\protected\controllers\AmpapiController.php (577)
2014/07/25 14:15:40 [error] [application] ReturnMessage: One or more fields is not set or is blank. ErrorCode: 1
in C:\xampp\htdocs\AMPAPI\protected\components\Utilities.php (11)
in C:\xampp\htdocs\AMPAPI\protected\controllers\AmpapiController.php (473)
in C:\xampp\htdocs\AMPAPI\protected\controllers\AmpapiController.php (529)
2014/07/25 14:16:13 [error] [application] ReturnMessage: Mobile number should not be less than 9 digits long. ErrorCode: 15
in C:\xampp\htdocs\AMPAPI\protected\components\Utilities.php (11)
in C:\xampp\htdocs\AMPAPI\protected\controllers\AmpapiController.php (473)
in C:\xampp\htdocs\AMPAPI\protected\controllers\AmpapiController.php (544)
2014/07/25 14:17:06 [error] [application] ReturnMessage: One or more fields is not set or is blank. ErrorCode: 1
in C:\xampp\htdocs\AMPAPI\protected\components\Utilities.php (11)
in C:\xampp\htdocs\AMPAPI\protected\controllers\AmpapiController.php (473)
in C:\xampp\htdocs\AMPAPI\protected\controllers\AmpapiController.php (529)
2014/07/25 14:17:13 [error] [application] ReturnMessage: Mobile number should not be less than 9 digits long. ErrorCode: 15
in C:\xampp\htdocs\AMPAPI\protected\components\Utilities.php (11)
in C:\xampp\htdocs\AMPAPI\protected\controllers\AmpapiController.php (473)
in C:\xampp\htdocs\AMPAPI\protected\controllers\AmpapiController.php (544)
2014/07/25 14:17:18 [error] [application] ReturnMessage: Mobile number should consist of numbers only. ErrorCode: 16
in C:\xampp\htdocs\AMPAPI\protected\components\Utilities.php (11)
in C:\xampp\htdocs\AMPAPI\protected\controllers\AmpapiController.php (473)
in C:\xampp\htdocs\AMPAPI\protected\controllers\AmpapiController.php (561)
2014/07/25 14:17:50 [error] [application] ReturnMessage: Mobile number should not be less than 9 digits long. ErrorCode: 15
in C:\xampp\htdocs\AMPAPI\protected\components\Utilities.php (11)
in C:\xampp\htdocs\AMPAPI\protected\controllers\AmpapiController.php (473)
in C:\xampp\htdocs\AMPAPI\protected\controllers\AmpapiController.php (544)
2014/07/25 14:32:31 [error] [application] ReturnMessage: Valid ErrorCode: 0.1
in C:\xampp\htdocs\AMPAPI\protected\components\Utilities.php (11)
in C:\xampp\htdocs\AMPAPI\protected\controllers\AmpapiController.php (479)
in C:\xampp\htdocs\AMPAPI\protected\controllers\AmpapiController.php (169)
2014/07/25 14:32:31 [error] [application] ReturnMessage: Mobile number should not be less than 9 digits long. ErrorCode: 15
in C:\xampp\htdocs\AMPAPI\protected\components\Utilities.php (11)
in C:\xampp\htdocs\AMPAPI\protected\controllers\AmpapiController.php (479)
in C:\xampp\htdocs\AMPAPI\protected\controllers\AmpapiController.php (550)
2014/07/25 14:32:44 [error] [application] ReturnMessage: Mobile number should consist of numbers only. ErrorCode: 16
in C:\xampp\htdocs\AMPAPI\protected\components\Utilities.php (11)
in C:\xampp\htdocs\AMPAPI\protected\controllers\AmpapiController.php (479)
in C:\xampp\htdocs\AMPAPI\protected\controllers\AmpapiController.php (567)
2014/07/25 14:34:11 [error] [application] ReturnMessage: Name should consist of letters only. ErrorCode: 17
in C:\xampp\htdocs\AMPAPI\protected\components\Utilities.php (11)
in C:\xampp\htdocs\AMPAPI\protected\controllers\AmpapiController.php (483)
in C:\xampp\htdocs\AMPAPI\protected\controllers\AmpapiController.php (586)
2014/07/25 14:35:50 [error] [application] ReturnMessage: Mobile number should not be less than 9 digits long. ErrorCode: 15
in C:\xampp\htdocs\AMPAPI\protected\components\Utilities.php (11)
in C:\xampp\htdocs\AMPAPI\protected\controllers\AmpapiController.php (483)
in C:\xampp\htdocs\AMPAPI\protected\controllers\AmpapiController.php (554)
2014/07/25 14:44:32 [error] [application] ReturnMessage: Mobile number should not be less than 9 digits long. ErrorCode: 15
in C:\xampp\htdocs\AMPAPI\protected\components\Utilities.php (11)
in C:\xampp\htdocs\AMPAPI\protected\controllers\AmpapiController.php (479)
in C:\xampp\htdocs\AMPAPI\protected\controllers\AmpapiController.php (550)
2014/07/25 14:44:53 [error] [application] ReturnMessage: Name should consist of letters only. ErrorCode: 17
in C:\xampp\htdocs\AMPAPI\protected\components\Utilities.php (11)
in C:\xampp\htdocs\AMPAPI\protected\controllers\AmpapiController.php (479)
in C:\xampp\htdocs\AMPAPI\protected\controllers\AmpapiController.php (582)
2014/07/25 14:45:50 [error] [application] ReturnMessage: Name should consist of letters only. ErrorCode: 17
in C:\xampp\htdocs\AMPAPI\protected\components\Utilities.php (11)
in C:\xampp\htdocs\AMPAPI\protected\controllers\AmpapiController.php (479)
in C:\xampp\htdocs\AMPAPI\protected\controllers\AmpapiController.php (582)
2014/07/25 14:46:12 [error] [application] ReturnMessage: Name should consist of letters only. ErrorCode: 17
in C:\xampp\htdocs\AMPAPI\protected\components\Utilities.php (11)
in C:\xampp\htdocs\AMPAPI\protected\controllers\AmpapiController.php (479)
in C:\xampp\htdocs\AMPAPI\protected\controllers\AmpapiController.php (582)
2014/07/25 15:07:56 [error] [application] ReturnMessage: Name should consist of letters only. ErrorCode: 17
in C:\xampp\htdocs\AMPAPI\protected\components\Utilities.php (11)
in C:\xampp\htdocs\AMPAPI\protected\controllers\AmpapiController.php (485)
in C:\xampp\htdocs\AMPAPI\protected\controllers\AmpapiController.php (588)
2014/07/25 15:08:04 [error] [application] ReturnMessage: Invalid Email Address. ErrorCode: 5
in C:\xampp\htdocs\AMPAPI\protected\components\Utilities.php (11)
in C:\xampp\htdocs\AMPAPI\protected\controllers\AmpapiController.php (485)
in C:\xampp\htdocs\AMPAPI\protected\controllers\AmpapiController.php (603)
2014/07/25 09:09:31 [error] [php] Undefined index: AlternateEmailAddress (C:\xampp\htdocs\AMPAPI\protected\controllers\AmpapiController.php:613)
Stack trace:
#0 C:\xampp\htdocs\yii\framework\web\CController.php(308): CInlineAction->runWithParams()
#1 C:\xampp\htdocs\yii\framework\web\CController.php(286): AmpapiController->runAction()
#2 C:\xampp\htdocs\yii\framework\web\CController.php(265): AmpapiController->runActionWithFilters()
#3 C:\xampp\htdocs\yii\framework\web\CWebApplication.php(282): AmpapiController->run()
#4 C:\xampp\htdocs\yii\framework\web\CWebApplication.php(141): CWebApplication->runController()
#5 C:\xampp\htdocs\yii\framework\base\CApplication.php(169): CWebApplication->processRequest()
#6 C:\xampp\htdocs\AMPAPI\index.php(13): CWebApplication->run()
REQUEST_URI=/AMPAPI/index.php/Ampapi/updateprofile
in C:\xampp\htdocs\AMPAPI\protected\controllers\AmpapiController.php (613)
in C:\xampp\htdocs\AMPAPI\protected\controllers\AmpapiController.php (264)
in C:\xampp\htdocs\AMPAPI\index.php (13)
2014/07/25 15:10:05 [error] [application] ReturnMessage: Invalid Email Address. ErrorCode: 5
in C:\xampp\htdocs\AMPAPI\protected\components\Utilities.php (11)
in C:\xampp\htdocs\AMPAPI\protected\controllers\AmpapiController.php (485)
in C:\xampp\htdocs\AMPAPI\protected\controllers\AmpapiController.php (603)
2014/07/25 15:10:15 [error] [application] ReturnMessage: Invalid Email Address. ErrorCode: 5
in C:\xampp\htdocs\AMPAPI\protected\components\Utilities.php (11)
in C:\xampp\htdocs\AMPAPI\protected\controllers\AmpapiController.php (485)
in C:\xampp\htdocs\AMPAPI\protected\controllers\AmpapiController.php (603)
2014/07/25 09:21:31 [error] [php] Undefined offset: 0 (C:\xampp\htdocs\AMPAPI\protected\controllers\AmpapiController.php:627)
Stack trace:
#0 C:\xampp\htdocs\yii\framework\web\CController.php(308): CInlineAction->runWithParams()
#1 C:\xampp\htdocs\yii\framework\web\CController.php(286): AmpapiController->runAction()
#2 C:\xampp\htdocs\yii\framework\web\CController.php(265): AmpapiController->runActionWithFilters()
#3 C:\xampp\htdocs\yii\framework\web\CWebApplication.php(282): AmpapiController->run()
#4 C:\xampp\htdocs\yii\framework\web\CWebApplication.php(141): CWebApplication->runController()
#5 C:\xampp\htdocs\yii\framework\base\CApplication.php(169): CWebApplication->processRequest()
#6 C:\xampp\htdocs\AMPAPI\index.php(13): CWebApplication->run()
REQUEST_URI=/AMPAPI/index.php/Ampapi/updateprofile
in C:\xampp\htdocs\AMPAPI\protected\controllers\AmpapiController.php (627)
in C:\xampp\htdocs\AMPAPI\protected\controllers\AmpapiController.php (266)
in C:\xampp\htdocs\AMPAPI\index.php (13)
2014/07/25 15:23:16 [error] [application] ReturnMessage: Password should not be less than 5 characters long. ErrorCode: 19
in C:\xampp\htdocs\AMPAPI\protected\components\Utilities.php (11)
in C:\xampp\htdocs\AMPAPI\protected\controllers\AmpapiController.php (488)
in C:\xampp\htdocs\AMPAPI\protected\controllers\AmpapiController.php (648)
2014/07/25 15:24:09 [error] [application] ReturnMessage: Password should not be less than 5 characters long. ErrorCode: 19
in C:\xampp\htdocs\AMPAPI\protected\components\Utilities.php (11)
in C:\xampp\htdocs\AMPAPI\protected\controllers\AmpapiController.php (488)
in C:\xampp\htdocs\AMPAPI\protected\controllers\AmpapiController.php (648)
2014/07/25 15:24:56 [error] [application] ReturnMessage: Password should not be less than 5 characters long. ErrorCode: 19
in C:\xampp\htdocs\AMPAPI\protected\components\Utilities.php (11)
in C:\xampp\htdocs\AMPAPI\protected\controllers\AmpapiController.php (488)
in C:\xampp\htdocs\AMPAPI\protected\controllers\AmpapiController.php (648)
2014/07/25 15:25:03 [error] [application] ReturnMessage: Password and ID Number should consist of letters and numbers only. ErrorCode: 18
in C:\xampp\htdocs\AMPAPI\protected\components\Utilities.php (11)
in C:\xampp\htdocs\AMPAPI\protected\controllers\AmpapiController.php (488)
in C:\xampp\htdocs\AMPAPI\protected\controllers\AmpapiController.php (631)
2014/07/25 09:34:53 [error] [php] Missing argument 4 for AmpapiController::validateAlphaNumeric(), called in C:\xampp\htdocs\AMPAPI\protected\controllers\AmpapiController.php on line 266 and defined (C:\xampp\htdocs\AMPAPI\protected\controllers\AmpapiController.php:623)
Stack trace:
#0 C:\xampp\htdocs\yii\framework\web\CController.php(308): CInlineAction->runWithParams()
#1 C:\xampp\htdocs\yii\framework\web\CController.php(286): AmpapiController->runAction()
#2 C:\xampp\htdocs\yii\framework\web\CController.php(265): AmpapiController->runActionWithFilters()
#3 C:\xampp\htdocs\yii\framework\web\CWebApplication.php(282): AmpapiController->run()
#4 C:\xampp\htdocs\yii\framework\web\CWebApplication.php(141): CWebApplication->runController()
#5 C:\xampp\htdocs\yii\framework\base\CApplication.php(169): CWebApplication->processRequest()
#6 C:\xampp\htdocs\AMPAPI\index.php(13): CWebApplication->run()
REQUEST_URI=/AMPAPI/index.php/Ampapi/updateprofile
in C:\xampp\htdocs\AMPAPI\protected\controllers\AmpapiController.php (623)
in C:\xampp\htdocs\AMPAPI\protected\controllers\AmpapiController.php (266)
in C:\xampp\htdocs\AMPAPI\index.php (13)
2014/07/25 09:36:23 [error] [exception.CException] exception 'CException' with message 'AmpapiController and its behaviors do not have a method or closure named "validatePasswordDataType".' in C:\xampp\htdocs\yii\framework\base\CComponent.php:265
Stack trace:
#0 C:\xampp\htdocs\AMPAPI\protected\controllers\AmpapiController.php(266): CComponent->__call('validatePasswor...', Array)
#1 C:\xampp\htdocs\AMPAPI\protected\controllers\AmpapiController.php(266): AmpapiController->validatePasswordDataType(Array, 'UpdateProfile', Array)
#2 C:\xampp\htdocs\yii\framework\web\actions\CInlineAction.php(49): AmpapiController->actionUpdateProfile()
#3 C:\xampp\htdocs\yii\framework\web\CController.php(308): CInlineAction->runWithParams(Array)
#4 C:\xampp\htdocs\yii\framework\web\CController.php(286): CController->runAction(Object(CInlineAction))
#5 C:\xampp\htdocs\yii\framework\web\CController.php(265): CController->runActionWithFilters(Object(CInlineAction), Array)
#6 C:\xampp\htdocs\yii\framework\web\CWebApplication.php(282): CController->run('updateprofile')
#7 C:\xampp\htdocs\yii\framework\web\CWebApplication.php(141): CWebApplication->runController('Ampapi/updatepr...')
#8 C:\xampp\htdocs\yii\framework\base\CApplication.php(169): CWebApplication->processRequest()
#9 C:\xampp\htdocs\AMPAPI\index.php(13): CApplication->run()
#10 {main}
REQUEST_URI=/AMPAPI/index.php/Ampapi/updateprofile
---
2014/07/25 09:36:44 [error] [php] Missing argument 4 for AmpapiController::validatePasswordDataType(), called in C:\xampp\htdocs\AMPAPI\protected\controllers\AmpapiController.php on line 266 and defined (C:\xampp\htdocs\AMPAPI\protected\controllers\AmpapiController.php:623)
Stack trace:
#0 C:\xampp\htdocs\yii\framework\web\CController.php(308): CInlineAction->runWithParams()
#1 C:\xampp\htdocs\yii\framework\web\CController.php(286): AmpapiController->runAction()
#2 C:\xampp\htdocs\yii\framework\web\CController.php(265): AmpapiController->runActionWithFilters()
#3 C:\xampp\htdocs\yii\framework\web\CWebApplication.php(282): AmpapiController->run()
#4 C:\xampp\htdocs\yii\framework\web\CWebApplication.php(141): CWebApplication->runController()
#5 C:\xampp\htdocs\yii\framework\base\CApplication.php(169): CWebApplication->processRequest()
#6 C:\xampp\htdocs\AMPAPI\index.php(13): CWebApplication->run()
REQUEST_URI=/AMPAPI/index.php/Ampapi/updateprofile
in C:\xampp\htdocs\AMPAPI\protected\controllers\AmpapiController.php (623)
in C:\xampp\htdocs\AMPAPI\protected\controllers\AmpapiController.php (266)
in C:\xampp\htdocs\AMPAPI\index.php (13)
2014/07/25 15:37:46 [error] [application] ReturnMessage: One or more fields is not set or is blank. ErrorCode: 1
in C:\xampp\htdocs\AMPAPI\protected\components\Utilities.php (11)
in C:\xampp\htdocs\AMPAPI\protected\controllers\AmpapiController.php (488)
in C:\xampp\htdocs\AMPAPI\protected\controllers\AmpapiController.php (543)
2014/07/25 09:37:54 [error] [php] Missing argument 4 for AmpapiController::validatePasswordDataType(), called in C:\xampp\htdocs\AMPAPI\protected\controllers\AmpapiController.php on line 266 and defined (C:\xampp\htdocs\AMPAPI\protected\controllers\AmpapiController.php:623)
Stack trace:
#0 C:\xampp\htdocs\yii\framework\web\CController.php(308): CInlineAction->runWithParams()
#1 C:\xampp\htdocs\yii\framework\web\CController.php(286): AmpapiController->runAction()
#2 C:\xampp\htdocs\yii\framework\web\CController.php(265): AmpapiController->runActionWithFilters()
#3 C:\xampp\htdocs\yii\framework\web\CWebApplication.php(282): AmpapiController->run()
#4 C:\xampp\htdocs\yii\framework\web\CWebApplication.php(141): CWebApplication->runController()
#5 C:\xampp\htdocs\yii\framework\base\CApplication.php(169): CWebApplication->processRequest()
#6 C:\xampp\htdocs\AMPAPI\index.php(13): CWebApplication->run()
REQUEST_URI=/AMPAPI/index.php/Ampapi/updateprofile
in C:\xampp\htdocs\AMPAPI\protected\controllers\AmpapiController.php (623)
in C:\xampp\htdocs\AMPAPI\protected\controllers\AmpapiController.php (266)
in C:\xampp\htdocs\AMPAPI\index.php (13)
2014/07/25 09:44:09 [error] [php] Missing argument 4 for AmpapiController::validatePasswordLength(), called in C:\xampp\htdocs\AMPAPI\protected\controllers\AmpapiController.php on line 268 and defined (C:\xampp\htdocs\AMPAPI\protected\controllers\AmpapiController.php:641)
Stack trace:
#0 C:\xampp\htdocs\yii\framework\web\CController.php(308): CInlineAction->runWithParams()
#1 C:\xampp\htdocs\yii\framework\web\CController.php(286): AmpapiController->runAction()
#2 C:\xampp\htdocs\yii\framework\web\CController.php(265): AmpapiController->runActionWithFilters()
#3 C:\xampp\htdocs\yii\framework\web\CWebApplication.php(282): AmpapiController->run()
#4 C:\xampp\htdocs\yii\framework\web\CWebApplication.php(141): CWebApplication->runController()
#5 C:\xampp\htdocs\yii\framework\base\CApplication.php(169): CWebApplication->processRequest()
#6 C:\xampp\htdocs\AMPAPI\index.php(13): CWebApplication->run()
REQUEST_URI=/AMPAPI/index.php/Ampapi/updateprofile
in C:\xampp\htdocs\AMPAPI\protected\controllers\AmpapiController.php (641)
in C:\xampp\htdocs\AMPAPI\protected\controllers\AmpapiController.php (268)
in C:\xampp\htdocs\AMPAPI\index.php (13)
2014/07/25 09:45:15 [error] [php] Missing argument 4 for AmpapiController::validatePasswordLength(), called in C:\xampp\htdocs\AMPAPI\protected\controllers\AmpapiController.php on line 268 and defined (C:\xampp\htdocs\AMPAPI\protected\controllers\AmpapiController.php:640)
Stack trace:
#0 C:\xampp\htdocs\yii\framework\web\CController.php(308): CInlineAction->runWithParams()
#1 C:\xampp\htdocs\yii\framework\web\CController.php(286): AmpapiController->runAction()
#2 C:\xampp\htdocs\yii\framework\web\CController.php(265): AmpapiController->runActionWithFilters()
#3 C:\xampp\htdocs\yii\framework\web\CWebApplication.php(282): AmpapiController->run()
#4 C:\xampp\htdocs\yii\framework\web\CWebApplication.php(141): CWebApplication->runController()
#5 C:\xampp\htdocs\yii\framework\base\CApplication.php(169): CWebApplication->processRequest()
#6 C:\xampp\htdocs\AMPAPI\index.php(13): CWebApplication->run()
REQUEST_URI=/AMPAPI/index.php/Ampapi/updateprofile
in C:\xampp\htdocs\AMPAPI\protected\controllers\AmpapiController.php (640)
in C:\xampp\htdocs\AMPAPI\protected\controllers\AmpapiController.php (268)
in C:\xampp\htdocs\AMPAPI\index.php (13)
2014/07/25 10:37:50 [error] [php] Missing argument 4 for AmpapiController::validatePasswordLength(), called in C:\xampp\htdocs\MPAPISVN\AMPAPI\protected\controllers\AmpapiController.php on line 268 and defined (C:\xampp\htdocs\MPAPISVN\AMPAPI\protected\controllers\AmpapiController.php:640)
Stack trace:
#0 C:\xampp\htdocs\yii\framework\web\CController.php(308): CInlineAction->runWithParams()
#1 C:\xampp\htdocs\yii\framework\web\CController.php(286): AmpapiController->runAction()
#2 C:\xampp\htdocs\yii\framework\web\CController.php(265): AmpapiController->runActionWithFilters()
#3 C:\xampp\htdocs\yii\framework\web\CWebApplication.php(282): AmpapiController->run()
#4 C:\xampp\htdocs\yii\framework\web\CWebApplication.php(141): CWebApplication->runController()
#5 C:\xampp\htdocs\yii\framework\base\CApplication.php(169): CWebApplication->processRequest()
#6 C:\xampp\htdocs\MPAPISVN\AMPAPI\index.php(13): CWebApplication->run()
REQUEST_URI=/MPAPISVN/AMPAPI/index.php/Ampapi/updateprofile
in C:\xampp\htdocs\MPAPISVN\AMPAPI\protected\controllers\AmpapiController.php (640)
in C:\xampp\htdocs\MPAPISVN\AMPAPI\protected\controllers\AmpapiController.php (268)
in C:\xampp\htdocs\MPAPISVN\AMPAPI\index.php (13)
2014/07/25 16:39:24 [error] [application] ReturnMessage: Password should not be less than 5 characters long. ErrorCode: 19
in C:\xampp\htdocs\MPAPISVN\AMPAPI\protected\components\Utilities.php (11)
in C:\xampp\htdocs\MPAPISVN\AMPAPI\protected\controllers\AmpapiController.php (488)
in C:\xampp\htdocs\MPAPISVN\AMPAPI\protected\controllers\AmpapiController.php (648)
2014/07/25 16:39:37 [error] [application] ReturnMessage: Password and ID Number should consist of letters and numbers only. ErrorCode: 18
in C:\xampp\htdocs\MPAPISVN\AMPAPI\protected\components\Utilities.php (11)
in C:\xampp\htdocs\MPAPISVN\AMPAPI\protected\controllers\AmpapiController.php (488)
in C:\xampp\htdocs\MPAPISVN\AMPAPI\protected\controllers\AmpapiController.php (631)
2014/07/25 16:42:31 [error] [application] ReturnMessage: Password and ID Number should consist of letters and numbers only. ErrorCode: 18
in C:\xampp\htdocs\MPAPISVN\AMPAPI\protected\components\Utilities.php (11)
in C:\xampp\htdocs\MPAPISVN\AMPAPI\protected\controllers\AmpapiController.php (491)
in C:\xampp\htdocs\MPAPISVN\AMPAPI\protected\controllers\AmpapiController.php (635)
2014/07/25 16:42:40 [error] [application] ReturnMessage: Password should not be less than 5 characters long. ErrorCode: 19
in C:\xampp\htdocs\MPAPISVN\AMPAPI\protected\components\Utilities.php (11)
in C:\xampp\htdocs\MPAPISVN\AMPAPI\protected\controllers\AmpapiController.php (491)
in C:\xampp\htdocs\MPAPISVN\AMPAPI\protected\controllers\AmpapiController.php (652)
2014/07/25 16:42:45 [error] [application] ReturnMessage: Password should not be less than 5 characters long. ErrorCode: 19
in C:\xampp\htdocs\MPAPISVN\AMPAPI\protected\components\Utilities.php (11)
in C:\xampp\htdocs\MPAPISVN\AMPAPI\protected\controllers\AmpapiController.php (491)
in C:\xampp\htdocs\MPAPISVN\AMPAPI\protected\controllers\AmpapiController.php (652)
2014/07/25 16:42:53 [error] [application] ReturnMessage: Password should not be less than 5 characters long. ErrorCode: 19
in C:\xampp\htdocs\MPAPISVN\AMPAPI\protected\components\Utilities.php (11)
in C:\xampp\htdocs\MPAPISVN\AMPAPI\protected\controllers\AmpapiController.php (491)
in C:\xampp\htdocs\MPAPISVN\AMPAPI\protected\controllers\AmpapiController.php (652)
2014/07/25 10:43:21 [error] [php] Undefined offset: 0 (C:\xampp\htdocs\MPAPISVN\AMPAPI\protected\controllers\AmpapiController.php:631)
Stack trace:
#0 C:\xampp\htdocs\yii\framework\web\CController.php(308): CInlineAction->runWithParams()
#1 C:\xampp\htdocs\yii\framework\web\CController.php(286): AmpapiController->runAction()
#2 C:\xampp\htdocs\yii\framework\web\CController.php(265): AmpapiController->runActionWithFilters()
#3 C:\xampp\htdocs\yii\framework\web\CWebApplication.php(282): AmpapiController->run()
#4 C:\xampp\htdocs\yii\framework\web\CWebApplication.php(141): CWebApplication->runController()
#5 C:\xampp\htdocs\yii\framework\base\CApplication.php(169): CWebApplication->processRequest()
#6 C:\xampp\htdocs\MPAPISVN\AMPAPI\index.php(13): CWebApplication->run()
REQUEST_URI=/MPAPISVN/AMPAPI/index.php/Ampapi/updateprofile
in C:\xampp\htdocs\MPAPISVN\AMPAPI\protected\controllers\AmpapiController.php (631)
in C:\xampp\htdocs\MPAPISVN\AMPAPI\protected\controllers\AmpapiController.php (270)
in C:\xampp\htdocs\MPAPISVN\AMPAPI\index.php (13)
2014/07/25 10:44:43 [error] [php] Undefined offset: 0 (C:\xampp\htdocs\MPAPISVN\AMPAPI\protected\controllers\AmpapiController.php:631)
Stack trace:
#0 C:\xampp\htdocs\yii\framework\web\CController.php(308): CInlineAction->runWithParams()
#1 C:\xampp\htdocs\yii\framework\web\CController.php(286): AmpapiController->runAction()
#2 C:\xampp\htdocs\yii\framework\web\CController.php(265): AmpapiController->runActionWithFilters()
#3 C:\xampp\htdocs\yii\framework\web\CWebApplication.php(282): AmpapiController->run()
#4 C:\xampp\htdocs\yii\framework\web\CWebApplication.php(141): CWebApplication->runController()
#5 C:\xampp\htdocs\yii\framework\base\CApplication.php(169): CWebApplication->processRequest()
#6 C:\xampp\htdocs\MPAPISVN\AMPAPI\index.php(13): CWebApplication->run()
REQUEST_URI=/MPAPISVN/AMPAPI/index.php/Ampapi/updateprofile
in C:\xampp\htdocs\MPAPISVN\AMPAPI\protected\controllers\AmpapiController.php (631)
in C:\xampp\htdocs\MPAPISVN\AMPAPI\protected\controllers\AmpapiController.php (270)
in C:\xampp\htdocs\MPAPISVN\AMPAPI\index.php (13)
2014/07/25 10:46:56 [error] [php] Undefined offset: 0 (C:\xampp\htdocs\MPAPISVN\AMPAPI\protected\controllers\AmpapiController.php:631)
Stack trace:
#0 C:\xampp\htdocs\yii\framework\web\CController.php(308): CInlineAction->runWithParams()
#1 C:\xampp\htdocs\yii\framework\web\CController.php(286): AmpapiController->runAction()
#2 C:\xampp\htdocs\yii\framework\web\CController.php(265): AmpapiController->runActionWithFilters()
#3 C:\xampp\htdocs\yii\framework\web\CWebApplication.php(282): AmpapiController->run()
#4 C:\xampp\htdocs\yii\framework\web\CWebApplication.php(141): CWebApplication->runController()
#5 C:\xampp\htdocs\yii\framework\base\CApplication.php(169): CWebApplication->processRequest()
#6 C:\xampp\htdocs\MPAPISVN\AMPAPI\index.php(13): CWebApplication->run()
REQUEST_URI=/MPAPISVN/AMPAPI/index.php/Ampapi/updateprofile
in C:\xampp\htdocs\MPAPISVN\AMPAPI\protected\controllers\AmpapiController.php (631)
in C:\xampp\htdocs\MPAPISVN\AMPAPI\protected\controllers\AmpapiController.php (270)
in C:\xampp\htdocs\MPAPISVN\AMPAPI\index.php (13)
2014/07/25 16:47:08 [error] [application] ReturnMessage: Password should not be less than 5 characters long. ErrorCode: 19
in C:\xampp\htdocs\MPAPISVN\AMPAPI\protected\components\Utilities.php (11)
in C:\xampp\htdocs\MPAPISVN\AMPAPI\protected\controllers\AmpapiController.php (491)
in C:\xampp\htdocs\MPAPISVN\AMPAPI\protected\controllers\AmpapiController.php (652)
2014/07/25 16:49:32 [error] [application] ReturnMessage: Password should not be less than 5 characters long. ErrorCode: 19
in C:\xampp\htdocs\MPAPISVN\AMPAPI\protected\components\Utilities.php (11)
in C:\xampp\htdocs\MPAPISVN\AMPAPI\protected\controllers\AmpapiController.php (491)
in C:\xampp\htdocs\MPAPISVN\AMPAPI\protected\controllers\AmpapiController.php (652)
2014/07/25 16:49:36 [error] [application] ReturnMessage: Password should not be less than 5 characters long. ErrorCode: 19
in C:\xampp\htdocs\MPAPISVN\AMPAPI\protected\components\Utilities.php (11)
in C:\xampp\htdocs\MPAPISVN\AMPAPI\protected\controllers\AmpapiController.php (491)
in C:\xampp\htdocs\MPAPISVN\AMPAPI\protected\controllers\AmpapiController.php (652)
2014/07/25 16:50:27 [error] [application] ReturnMessage: Password should not be less than 5 characters long. ErrorCode: 19
in C:\xampp\htdocs\MPAPISVN\AMPAPI\protected\components\Utilities.php (11)
in C:\xampp\htdocs\MPAPISVN\AMPAPI\protected\controllers\AmpapiController.php (491)
in C:\xampp\htdocs\MPAPISVN\AMPAPI\protected\controllers\AmpapiController.php (652)
2014/07/25 16:50:49 [error] [application] ReturnMessage: Password should not be less than 5 characters long. ErrorCode: 19
in C:\xampp\htdocs\MPAPISVN\AMPAPI\protected\components\Utilities.php (11)
in C:\xampp\htdocs\MPAPISVN\AMPAPI\protected\controllers\AmpapiController.php (491)
in C:\xampp\htdocs\MPAPISVN\AMPAPI\protected\controllers\AmpapiController.php (652)
2014/07/25 10:50:54 [error] [php] Undefined offset: 0 (C:\xampp\htdocs\MPAPISVN\AMPAPI\protected\controllers\AmpapiController.php:631)
Stack trace:
#0 C:\xampp\htdocs\yii\framework\web\CController.php(308): CInlineAction->runWithParams()
#1 C:\xampp\htdocs\yii\framework\web\CController.php(286): AmpapiController->runAction()
#2 C:\xampp\htdocs\yii\framework\web\CController.php(265): AmpapiController->runActionWithFilters()
#3 C:\xampp\htdocs\yii\framework\web\CWebApplication.php(282): AmpapiController->run()
#4 C:\xampp\htdocs\yii\framework\web\CWebApplication.php(141): CWebApplication->runController()
#5 C:\xampp\htdocs\yii\framework\base\CApplication.php(169): CWebApplication->processRequest()
#6 C:\xampp\htdocs\MPAPISVN\AMPAPI\index.php(13): CWebApplication->run()
REQUEST_URI=/MPAPISVN/AMPAPI/index.php/Ampapi/updateprofile
in C:\xampp\htdocs\MPAPISVN\AMPAPI\protected\controllers\AmpapiController.php (631)
in C:\xampp\htdocs\MPAPISVN\AMPAPI\protected\controllers\AmpapiController.php (270)
in C:\xampp\htdocs\MPAPISVN\AMPAPI\index.php (13)
2014/07/25 16:51:37 [error] [application] ReturnMessage: Password and ID Number should consist of letters and numbers only. ErrorCode: 18
in C:\xampp\htdocs\MPAPISVN\AMPAPI\protected\components\Utilities.php (11)
in C:\xampp\htdocs\MPAPISVN\AMPAPI\protected\controllers\AmpapiController.php (491)
in C:\xampp\htdocs\MPAPISVN\AMPAPI\protected\controllers\AmpapiController.php (635)
2014/07/25 17:02:01 [error] [application] ReturnMessage: Password and ID Number should consist of letters and numbers only. ErrorCode: 18
in C:\xampp\htdocs\MPAPISVN\AMPAPI\protected\components\Utilities.php (11)
in C:\xampp\htdocs\MPAPISVN\AMPAPI\protected\controllers\AmpapiController.php (494)
in C:\xampp\htdocs\MPAPISVN\AMPAPI\protected\controllers\AmpapiController.php (638)
2014/07/25 17:02:09 [error] [application] ReturnMessage: One or more fields is not set or is blank. ErrorCode: 1
in C:\xampp\htdocs\MPAPISVN\AMPAPI\protected\components\Utilities.php (11)
in C:\xampp\htdocs\MPAPISVN\AMPAPI\protected\controllers\AmpapiController.php (494)
in C:\xampp\htdocs\MPAPISVN\AMPAPI\protected\controllers\AmpapiController.php (549)
2014/07/25 17:39:10 [error] [application] ReturnMessage: Third Party Account not found. ErrorCode: 3.1
in C:\xampp\htdocs\MPAPISVN\AMPAPI\protected\components\Utilities.php (11)
in C:\xampp\htdocs\MPAPISVN\AMPAPI\protected\controllers\AmpapiController.php (494)
in C:\xampp\htdocs\MPAPISVN\AMPAPI\protected\controllers\AmpapiController.php (86)
2014/07/25 17:51:44 [error] [application] ReturnMessage: Third Party Account not found. ErrorCode: 3.1
in C:\xampp\htdocs\MPAPISVN\AMPAPI\protected\components\Utilities.php (11)
in C:\xampp\htdocs\MPAPISVN\AMPAPI\protected\controllers\AmpapiController.php (495)
in C:\xampp\htdocs\MPAPISVN\AMPAPI\protected\controllers\AmpapiController.php (86)
2014/07/25 17:52:00 [error] [application] ReturnMessage: No Error, Transaction successful. ErrorCode: 0
in C:\xampp\htdocs\MPAPISVN\AMPAPI\protected\components\Utilities.php (11)
in C:\xampp\htdocs\MPAPISVN\AMPAPI\protected\controllers\AmpapiController.php (482)
in C:\xampp\htdocs\MPAPISVN\AMPAPI\protected\controllers\AmpapiController.php (138)
2014/07/25 19:12:55 [error] [application] ReturnMessage: One or more fields is not set or is blank. ErrorCode: 1
in C:\xampp\htdocs\MPAPISVN\AMPAPI\protected\components\Utilities.php (11)
in C:\xampp\htdocs\MPAPISVN\AMPAPI\protected\controllers\AmpapiController.php (494)
in C:\xampp\htdocs\MPAPISVN\AMPAPI\protected\controllers\AmpapiController.php (549)
2014/07/25 19:12:55 [error] [application] ReturnMessage: One or more fields is not set or is blank. ErrorCode: 1
in C:\xampp\htdocs\MPAPISVN\AMPAPI\protected\components\Utilities.php (11)
in C:\xampp\htdocs\MPAPISVN\AMPAPI\protected\controllers\AmpapiController.php (494)
in C:\xampp\htdocs\MPAPISVN\AMPAPI\protected\controllers\AmpapiController.php (207)
2014/07/25 19:13:44 [error] [application] ReturnMessage: One or more fields is not set or is blank. ErrorCode: 1
in C:\xampp\htdocs\MPAPISVN\AMPAPI\protected\components\Utilities.php (11)
in C:\xampp\htdocs\MPAPISVN\AMPAPI\protected\controllers\AmpapiController.php (494)
in C:\xampp\htdocs\MPAPISVN\AMPAPI\protected\controllers\AmpapiController.php (549)
2014/07/25 19:13:44 [error] [application] ReturnMessage: One or more fields is not set or is blank. ErrorCode: 1
in C:\xampp\htdocs\MPAPISVN\AMPAPI\protected\components\Utilities.php (11)
in C:\xampp\htdocs\MPAPISVN\AMPAPI\protected\controllers\AmpapiController.php (494)
in C:\xampp\htdocs\MPAPISVN\AMPAPI\protected\controllers\AmpapiController.php (207)
2014/07/25 19:14:55 [error] [application] ReturnMessage: One or more fields is not set or is blank. ErrorCode: 1
in C:\xampp\htdocs\MPAPISVN\AMPAPI\protected\components\Utilities.php (11)
in C:\xampp\htdocs\MPAPISVN\AMPAPI\protected\controllers\AmpapiController.php (494)
in C:\xampp\htdocs\MPAPISVN\AMPAPI\protected\controllers\AmpapiController.php (549)
2014/07/25 19:14:55 [error] [application] ReturnMessage: One or more fields is not set or is blank. ErrorCode: 1
in C:\xampp\htdocs\MPAPISVN\AMPAPI\protected\components\Utilities.php (11)
in C:\xampp\htdocs\MPAPISVN\AMPAPI\protected\controllers\AmpapiController.php (494)
in C:\xampp\htdocs\MPAPISVN\AMPAPI\protected\controllers\AmpapiController.php (207)
2014/07/25 19:16:22 [error] [application] ReturnMessage: One or more fields is not set or is blank. ErrorCode: 1
in C:\xampp\htdocs\MPAPISVN\AMPAPI\protected\components\Utilities.php (11)
in C:\xampp\htdocs\MPAPISVN\AMPAPI\protected\controllers\AmpapiController.php (494)
in C:\xampp\htdocs\MPAPISVN\AMPAPI\protected\controllers\AmpapiController.php (549)
2014/07/25 19:16:22 [error] [application] ReturnMessage: One or more fields is not set or is blank. ErrorCode: 1
in C:\xampp\htdocs\MPAPISVN\AMPAPI\protected\components\Utilities.php (11)
in C:\xampp\htdocs\MPAPISVN\AMPAPI\protected\controllers\AmpapiController.php (494)
in C:\xampp\htdocs\MPAPISVN\AMPAPI\protected\controllers\AmpapiController.php (207)
2014/07/25 19:16:36 [error] [application] ReturnMessage: One or more fields is not set or is blank. ErrorCode: 1
in C:\xampp\htdocs\MPAPISVN\AMPAPI\protected\components\Utilities.php (11)
in C:\xampp\htdocs\MPAPISVN\AMPAPI\protected\controllers\AmpapiController.php (494)
in C:\xampp\htdocs\MPAPISVN\AMPAPI\protected\controllers\AmpapiController.php (549)
2014/07/25 19:17:56 [error] [application] ReturnMessage: One or more fields is not set or is blank. ErrorCode: 1
in C:\xampp\htdocs\MPAPISVN\AMPAPI\protected\components\Utilities.php (11)
in C:\xampp\htdocs\MPAPISVN\AMPAPI\protected\controllers\AmpapiController.php (494)
in C:\xampp\htdocs\MPAPISVN\AMPAPI\protected\controllers\AmpapiController.php (549)
2014/07/25 13:18:48 [error] [php] Undefined variable: MID (C:\xampp\htdocs\MPAPISVN\AMPAPI\protected\controllers\CommonController.php:81)
Stack trace:
#0 C:\xampp\htdocs\MPAPISVN\AMPAPI\protected\controllers\AmpapiController.php(193): AmpapiController->validateRequiredFields()
#1 C:\xampp\htdocs\yii\framework\web\actions\CInlineAction.php(49): AmpapiController->actionLogin()
#2 C:\xampp\htdocs\yii\framework\web\CController.php(308): CInlineAction->runWithParams()
#3 C:\xampp\htdocs\yii\framework\web\CController.php(286): AmpapiController->runAction()
#4 C:\xampp\htdocs\yii\framework\web\CController.php(265): AmpapiController->runActionWithFilters()
#5 C:\xampp\htdocs\yii\framework\web\CWebApplication.php(282): AmpapiController->run()
#6 C:\xampp\htdocs\yii\framework\web\CWebApplication.php(141): CWebApplication->runController()
#7 C:\xampp\htdocs\yii\framework\base\CApplication.php(169): CWebApplication->processRequest()
#8 C:\xampp\htdocs\MPAPISVN\AMPAPI\index.php(13): CWebApplication->run()
REQUEST_URI=/MPAPISVN/AMPAPI/index.php/Ampapi/login
in C:\xampp\htdocs\MPAPISVN\AMPAPI\protected\controllers\CommonController.php (81)
in C:\xampp\htdocs\MPAPISVN\AMPAPI\protected\controllers\AmpapiController.php (493)
in C:\xampp\htdocs\MPAPISVN\AMPAPI\protected\controllers\AmpapiController.php (549)
2014/07/25 13:20:55 [error] [php] Undefined variable: MID (C:\xampp\htdocs\MPAPISVN\AMPAPI\protected\controllers\CommonController.php:81)
Stack trace:
#0 C:\xampp\htdocs\MPAPISVN\AMPAPI\protected\controllers\AmpapiController.php(193): AmpapiController->validateRequiredFields()
#1 C:\xampp\htdocs\yii\framework\web\actions\CInlineAction.php(49): AmpapiController->actionLogin()
#2 C:\xampp\htdocs\yii\framework\web\CController.php(308): CInlineAction->runWithParams()
#3 C:\xampp\htdocs\yii\framework\web\CController.php(286): AmpapiController->runAction()
#4 C:\xampp\htdocs\yii\framework\web\CController.php(265): AmpapiController->runActionWithFilters()
#5 C:\xampp\htdocs\yii\framework\web\CWebApplication.php(282): AmpapiController->run()
#6 C:\xampp\htdocs\yii\framework\web\CWebApplication.php(141): CWebApplication->runController()
#7 C:\xampp\htdocs\yii\framework\base\CApplication.php(169): CWebApplication->processRequest()
#8 C:\xampp\htdocs\MPAPISVN\AMPAPI\index.php(13): CWebApplication->run()
REQUEST_URI=/MPAPISVN/AMPAPI/index.php/Ampapi/login
in C:\xampp\htdocs\MPAPISVN\AMPAPI\protected\controllers\CommonController.php (81)
in C:\xampp\htdocs\MPAPISVN\AMPAPI\protected\controllers\AmpapiController.php (493)
in C:\xampp\htdocs\MPAPISVN\AMPAPI\protected\controllers\AmpapiController.php (549)
2014/07/25 13:23:42 [error] [php] Undefined variable: MID (C:\xampp\htdocs\MPAPISVN\AMPAPI\protected\controllers\CommonController.php:81)
Stack trace:
#0 C:\xampp\htdocs\MPAPISVN\AMPAPI\protected\controllers\AmpapiController.php(193): AmpapiController->validateRequiredFields()
#1 C:\xampp\htdocs\yii\framework\web\actions\CInlineAction.php(49): AmpapiController->actionLogin()
#2 C:\xampp\htdocs\yii\framework\web\CController.php(308): CInlineAction->runWithParams()
#3 C:\xampp\htdocs\yii\framework\web\CController.php(286): AmpapiController->runAction()
#4 C:\xampp\htdocs\yii\framework\web\CController.php(265): AmpapiController->runActionWithFilters()
#5 C:\xampp\htdocs\yii\framework\web\CWebApplication.php(282): AmpapiController->run()
#6 C:\xampp\htdocs\yii\framework\web\CWebApplication.php(141): CWebApplication->runController()
#7 C:\xampp\htdocs\yii\framework\base\CApplication.php(169): CWebApplication->processRequest()
#8 C:\xampp\htdocs\MPAPISVN\AMPAPI\index.php(13): CWebApplication->run()
REQUEST_URI=/MPAPISVN/AMPAPI/index.php/Ampapi/login
in C:\xampp\htdocs\MPAPISVN\AMPAPI\protected\controllers\CommonController.php (81)
in C:\xampp\htdocs\MPAPISVN\AMPAPI\protected\controllers\AmpapiController.php (493)
in C:\xampp\htdocs\MPAPISVN\AMPAPI\protected\controllers\AmpapiController.php (549)
2014/07/25 13:25:05 [error] [php] Undefined variable: MID (C:\xampp\htdocs\MPAPISVN\AMPAPI\protected\controllers\CommonController.php:81)
Stack trace:
#0 C:\xampp\htdocs\MPAPISVN\AMPAPI\protected\controllers\AmpapiController.php(193): AmpapiController->validateRequiredFields()
#1 C:\xampp\htdocs\yii\framework\web\actions\CInlineAction.php(49): AmpapiController->actionLogin()
#2 C:\xampp\htdocs\yii\framework\web\CController.php(308): CInlineAction->runWithParams()
#3 C:\xampp\htdocs\yii\framework\web\CController.php(286): AmpapiController->runAction()
#4 C:\xampp\htdocs\yii\framework\web\CController.php(265): AmpapiController->runActionWithFilters()
#5 C:\xampp\htdocs\yii\framework\web\CWebApplication.php(282): AmpapiController->run()
#6 C:\xampp\htdocs\yii\framework\web\CWebApplication.php(141): CWebApplication->runController()
#7 C:\xampp\htdocs\yii\framework\base\CApplication.php(169): CWebApplication->processRequest()
#8 C:\xampp\htdocs\MPAPISVN\AMPAPI\index.php(13): CWebApplication->run()
REQUEST_URI=/MPAPISVN/AMPAPI/index.php/Ampapi/login
in C:\xampp\htdocs\MPAPISVN\AMPAPI\protected\controllers\CommonController.php (81)
in C:\xampp\htdocs\MPAPISVN\AMPAPI\protected\controllers\AmpapiController.php (494)
in C:\xampp\htdocs\MPAPISVN\AMPAPI\protected\controllers\AmpapiController.php (550)
2014/07/25 13:27:08 [error] [php] Undefined variable: username (C:\xampp\htdocs\MPAPISVN\AMPAPI\protected\controllers\CommonController.php:82)
Stack trace:
#0 C:\xampp\htdocs\MPAPISVN\AMPAPI\protected\controllers\AmpapiController.php(193): AmpapiController->validateRequiredFields()
#1 C:\xampp\htdocs\yii\framework\web\actions\CInlineAction.php(49): AmpapiController->actionLogin()
#2 C:\xampp\htdocs\yii\framework\web\CController.php(308): CInlineAction->runWithParams()
#3 C:\xampp\htdocs\yii\framework\web\CController.php(286): AmpapiController->runAction()
#4 C:\xampp\htdocs\yii\framework\web\CController.php(265): AmpapiController->runActionWithFilters()
#5 C:\xampp\htdocs\yii\framework\web\CWebApplication.php(282): AmpapiController->run()
#6 C:\xampp\htdocs\yii\framework\web\CWebApplication.php(141): CWebApplication->runController()
#7 C:\xampp\htdocs\yii\framework\base\CApplication.php(169): CWebApplication->processRequest()
#8 C:\xampp\htdocs\MPAPISVN\AMPAPI\index.php(13): CWebApplication->run()
REQUEST_URI=/MPAPISVN/AMPAPI/index.php/Ampapi/login
in C:\xampp\htdocs\MPAPISVN\AMPAPI\protected\controllers\CommonController.php (82)
in C:\xampp\htdocs\MPAPISVN\AMPAPI\protected\controllers\AmpapiController.php (494)
in C:\xampp\htdocs\MPAPISVN\AMPAPI\protected\controllers\AmpapiController.php (550)
2014/07/25 13:28:17 [error] [exception.CException] exception 'CException' with message 'Property "AmpapiController._caching" is not defined.' in C:\xampp\htdocs\yii\framework\base\CComponent.php:130
Stack trace:
#0 C:\xampp\htdocs\MPAPISVN\AMPAPI\protected\controllers\AmpapiController.php(684): CComponent->__get('_caching')
#1 C:\xampp\htdocs\MPAPISVN\AMPAPI\protected\controllers\AmpapiController.php(200): AmpapiController->SubmitData('http://localhos...', '{"Username":"3c...')
#2 C:\xampp\htdocs\yii\framework\web\actions\CInlineAction.php(49): AmpapiController->actionLogin()
#3 C:\xampp\htdocs\yii\framework\web\CController.php(308): CInlineAction->runWithParams(Array)
#4 C:\xampp\htdocs\yii\framework\web\CController.php(286): CController->runAction(Object(CInlineAction))
#5 C:\xampp\htdocs\yii\framework\web\CController.php(265): CController->runActionWithFilters(Object(CInlineAction), Array)
#6 C:\xampp\htdocs\yii\framework\web\CWebApplication.php(282): CController->run('login')
#7 C:\xampp\htdocs\yii\framework\web\CWebApplication.php(141): CWebApplication->runController('Ampapi/login')
#8 C:\xampp\htdocs\yii\framework\base\CApplication.php(169): CWebApplication->processRequest()
#9 C:\xampp\htdocs\MPAPISVN\AMPAPI\index.php(13): CApplication->run()
#10 {main}
REQUEST_URI=/MPAPISVN/AMPAPI/index.php/Ampapi/login
---
2014/07/25 13:29:17 [error] [php] Undefined variable: errorCode (C:\xampp\htdocs\MPAPISVN\AMPAPI\protected\controllers\AmpapiController.php:240)
Stack trace:
#0 C:\xampp\htdocs\yii\framework\web\CController.php(286): AmpapiController->runAction()
#1 C:\xampp\htdocs\yii\framework\web\CController.php(265): AmpapiController->runActionWithFilters()
#2 C:\xampp\htdocs\yii\framework\web\CWebApplication.php(282): AmpapiController->run()
#3 C:\xampp\htdocs\yii\framework\web\CWebApplication.php(141): CWebApplication->runController()
#4 C:\xampp\htdocs\yii\framework\base\CApplication.php(169): CWebApplication->processRequest()
#5 C:\xampp\htdocs\MPAPISVN\AMPAPI\index.php(13): CWebApplication->run()
REQUEST_URI=/MPAPISVN/AMPAPI/index.php/Ampapi/login
in C:\xampp\htdocs\MPAPISVN\AMPAPI\protected\controllers\AmpapiController.php (240)
in C:\xampp\htdocs\MPAPISVN\AMPAPI\index.php (13)
2014/07/25 13:29:49 [error] [php] Undefined variable: username (C:\xampp\htdocs\MPAPISVN\AMPAPI\protected\controllers\CommonController.php:82)
Stack trace:
#0 C:\xampp\htdocs\yii\framework\web\actions\CInlineAction.php(49): AmpapiController->actionLogin()
#1 C:\xampp\htdocs\yii\framework\web\CController.php(308): CInlineAction->runWithParams()
#2 C:\xampp\htdocs\yii\framework\web\CController.php(286): AmpapiController->runAction()
#3 C:\xampp\htdocs\yii\framework\web\CController.php(265): AmpapiController->runActionWithFilters()
#4 C:\xampp\htdocs\yii\framework\web\CWebApplication.php(282): AmpapiController->run()
#5 C:\xampp\htdocs\yii\framework\web\CWebApplication.php(141): CWebApplication->runController()
#6 C:\xampp\htdocs\yii\framework\base\CApplication.php(169): CWebApplication->processRequest()
#7 C:\xampp\htdocs\MPAPISVN\AMPAPI\index.php(13): CWebApplication->run()
REQUEST_URI=/MPAPISVN/AMPAPI/index.php/Ampapi/login
in C:\xampp\htdocs\MPAPISVN\AMPAPI\protected\controllers\CommonController.php (82)
in C:\xampp\htdocs\MPAPISVN\AMPAPI\protected\controllers\AmpapiController.php (540)
in C:\xampp\htdocs\MPAPISVN\AMPAPI\protected\controllers\AmpapiController.php (240)
2014/07/25 13:33:40 [error] [php] Undefined variable: username (C:\xampp\htdocs\MPAPISVN\AMPAPI\protected\controllers\CommonController.php:82)
Stack trace:
#0 C:\xampp\htdocs\yii\framework\web\actions\CInlineAction.php(49): AmpapiController->actionLogin()
#1 C:\xampp\htdocs\yii\framework\web\CController.php(308): CInlineAction->runWithParams()
#2 C:\xampp\htdocs\yii\framework\web\CController.php(286): AmpapiController->runAction()
#3 C:\xampp\htdocs\yii\framework\web\CController.php(265): AmpapiController->runActionWithFilters()
#4 C:\xampp\htdocs\yii\framework\web\CWebApplication.php(282): AmpapiController->run()
#5 C:\xampp\htdocs\yii\framework\web\CWebApplication.php(141): CWebApplication->runController()
#6 C:\xampp\htdocs\yii\framework\base\CApplication.php(169): CWebApplication->processRequest()
#7 C:\xampp\htdocs\MPAPISVN\AMPAPI\index.php(13): CWebApplication->run()
REQUEST_URI=/MPAPISVN/AMPAPI/index.php/Ampapi/login
in C:\xampp\htdocs\MPAPISVN\AMPAPI\protected\controllers\CommonController.php (82)
in C:\xampp\htdocs\MPAPISVN\AMPAPI\protected\controllers\AmpapiController.php (540)
in C:\xampp\htdocs\MPAPISVN\AMPAPI\protected\controllers\AmpapiController.php (240)
2014/07/25 19:39:04 [error] [application] ReturnMessage: One or more fields is not set or is blank. ErrorCode: 1
in C:\xampp\htdocs\MPAPISVN\AMPAPI\protected\components\Utilities.php (11)
in C:\xampp\htdocs\MPAPISVN\AMPAPI\protected\controllers\AmpapiController.php (533)
in C:\xampp\htdocs\MPAPISVN\AMPAPI\protected\controllers\AmpapiController.php (588)
2014/07/25 13:39:14 [error] [php] Undefined variable: username (C:\xampp\htdocs\MPAPISVN\AMPAPI\protected\controllers\CommonController.php:82)
Stack trace:
#0 C:\xampp\htdocs\MPAPISVN\AMPAPI\protected\controllers\AmpapiController.php(231): AmpapiController->validateRequiredFields()
#1 C:\xampp\htdocs\yii\framework\web\actions\CInlineAction.php(49): AmpapiController->actionLogin()
#2 C:\xampp\htdocs\yii\framework\web\CController.php(308): CInlineAction->runWithParams()
#3 C:\xampp\htdocs\yii\framework\web\CController.php(286): AmpapiController->runAction()
#4 C:\xampp\htdocs\yii\framework\web\CController.php(265): AmpapiController->runActionWithFilters()
#5 C:\xampp\htdocs\yii\framework\web\CWebApplication.php(282): AmpapiController->run()
#6 C:\xampp\htdocs\yii\framework\web\CWebApplication.php(141): CWebApplication->runController()
#7 C:\xampp\htdocs\yii\framework\base\CApplication.php(169): CWebApplication->processRequest()
#8 C:\xampp\htdocs\MPAPISVN\AMPAPI\index.php(13): CWebApplication->run()
REQUEST_URI=/MPAPISVN/AMPAPI/index.php/Ampapi/login
in C:\xampp\htdocs\MPAPISVN\AMPAPI\protected\controllers\CommonController.php (82)
in C:\xampp\htdocs\MPAPISVN\AMPAPI\protected\controllers\AmpapiController.php (532)
in C:\xampp\htdocs\MPAPISVN\AMPAPI\protected\controllers\AmpapiController.php (588)
2014/07/25 19:42:53 [error] [application] ReturnMessage: One or more fields is not set or is blank. ErrorCode: 1
in C:\xampp\htdocs\MPAPISVN\AMPAPI\protected\components\Utilities.php (11)
in C:\xampp\htdocs\MPAPISVN\AMPAPI\protected\controllers\AmpapiController.php (533)
in C:\xampp\htdocs\MPAPISVN\AMPAPI\protected\controllers\AmpapiController.php (588)
2014/07/25 19:42:53 [error] [application] ReturnMessage: One or more fields is not set or is blank. ErrorCode: 1
in C:\xampp\htdocs\MPAPISVN\AMPAPI\protected\components\Utilities.php (11)
in C:\xampp\htdocs\MPAPISVN\AMPAPI\protected\controllers\AmpapiController.php (533)
in C:\xampp\htdocs\MPAPISVN\AMPAPI\protected\controllers\AmpapiController.php (246)
2014/07/25 19:43:38 [error] [application] ReturnMessage: One or more fields is not set or is blank. ErrorCode: 1
in C:\xampp\htdocs\MPAPISVN\AMPAPI\protected\components\Utilities.php (11)
in C:\xampp\htdocs\MPAPISVN\AMPAPI\protected\controllers\AmpapiController.php (533)
in C:\xampp\htdocs\MPAPISVN\AMPAPI\protected\controllers\AmpapiController.php (588)
2014/07/25 19:43:59 [error] [application] ReturnMessage: One or more fields is not set or is blank. ErrorCode: 1
in C:\xampp\htdocs\MPAPISVN\AMPAPI\protected\components\Utilities.php (11)
in C:\xampp\htdocs\MPAPISVN\AMPAPI\protected\controllers\AmpapiController.php (533)
in C:\xampp\htdocs\MPAPISVN\AMPAPI\protected\controllers\AmpapiController.php (588)
2014/07/25 19:45:04 [error] [application] ReturnMessage: One or more fields is not set or is blank. ErrorCode: 1
in C:\xampp\htdocs\MPAPISVN\AMPAPI\protected\components\Utilities.php (11)
in C:\xampp\htdocs\MPAPISVN\AMPAPI\protected\controllers\AmpapiController.php (533)
in C:\xampp\htdocs\MPAPISVN\AMPAPI\protected\controllers\AmpapiController.php (588)
2014/07/25 13:45:39 [error] [php] Cannot modify header information - headers already sent by (output started at C:\xampp\htdocs\MPAPISVN\AMPAPI\protected\controllers\AmpapiController.php:240) (C:\xampp\htdocs\MPAPISVN\AMPAPI\protected\controllers\AmpapiController.php:439)
Stack trace:
#0 C:\xampp\htdocs\MPAPISVN\AMPAPI\protected\controllers\AmpapiController.php(240): AmpapiController->_displayCustomMessages()
#1 C:\xampp\htdocs\yii\framework\web\actions\CInlineAction.php(49): AmpapiController->actionLogin()
#2 C:\xampp\htdocs\yii\framework\web\CController.php(308): CInlineAction->runWithParams()
#3 C:\xampp\htdocs\yii\framework\web\CController.php(286): AmpapiController->runAction()
#4 C:\xampp\htdocs\yii\framework\web\CController.php(265): AmpapiController->runActionWithFilters()
#5 C:\xampp\htdocs\yii\framework\web\CWebApplication.php(282): AmpapiController->run()
#6 C:\xampp\htdocs\yii\framework\web\CWebApplication.php(141): CWebApplication->runController()
#7 C:\xampp\htdocs\yii\framework\base\CApplication.php(169): CWebApplication->processRequest()
#8 C:\xampp\htdocs\MPAPISVN\AMPAPI\index.php(13): CWebApplication->run()
REQUEST_URI=/MPAPISVN/AMPAPI/index.php/Ampapi/login
in C:\xampp\htdocs\MPAPISVN\AMPAPI\protected\controllers\AmpapiController.php (439)
in C:\xampp\htdocs\MPAPISVN\AMPAPI\protected\controllers\AmpapiController.php (540)
in C:\xampp\htdocs\MPAPISVN\AMPAPI\protected\controllers\AmpapiController.php (240)
2014/07/25 13:48:04 [error] [php] Cannot modify header information - headers already sent by (output started at C:\xampp\htdocs\MPAPISVN\AMPAPI\protected\controllers\AmpapiController.php:241) (C:\xampp\htdocs\MPAPISVN\AMPAPI\protected\controllers\AmpapiController.php:440)
Stack trace:
#0 C:\xampp\htdocs\MPAPISVN\AMPAPI\protected\controllers\AmpapiController.php(241): AmpapiController->_displayCustomMessages()
#1 C:\xampp\htdocs\yii\framework\web\actions\CInlineAction.php(49): AmpapiController->actionLogin()
#2 C:\xampp\htdocs\yii\framework\web\CController.php(308): CInlineAction->runWithParams()
#3 C:\xampp\htdocs\yii\framework\web\CController.php(286): AmpapiController->runAction()
#4 C:\xampp\htdocs\yii\framework\web\CController.php(265): AmpapiController->runActionWithFilters()
#5 C:\xampp\htdocs\yii\framework\web\CWebApplication.php(282): AmpapiController->run()
#6 C:\xampp\htdocs\yii\framework\web\CWebApplication.php(141): CWebApplication->runController()
#7 C:\xampp\htdocs\yii\framework\base\CApplication.php(169): CWebApplication->processRequest()
#8 C:\xampp\htdocs\MPAPISVN\AMPAPI\index.php(13): CWebApplication->run()
REQUEST_URI=/MPAPISVN/AMPAPI/index.php/Ampapi/login
in C:\xampp\htdocs\MPAPISVN\AMPAPI\protected\controllers\AmpapiController.php (440)
in C:\xampp\htdocs\MPAPISVN\AMPAPI\protected\controllers\AmpapiController.php (541)
in C:\xampp\htdocs\MPAPISVN\AMPAPI\protected\controllers\AmpapiController.php (241)
2014/07/25 13:48:28 [error] [php] Cannot modify header information - headers already sent by (output started at C:\xampp\htdocs\MPAPISVN\AMPAPI\protected\controllers\AmpapiController.php:241) (C:\xampp\htdocs\MPAPISVN\AMPAPI\protected\controllers\AmpapiController.php:440)
Stack trace:
#0 C:\xampp\htdocs\MPAPISVN\AMPAPI\protected\controllers\AmpapiController.php(241): AmpapiController->_displayCustomMessages()
#1 C:\xampp\htdocs\yii\framework\web\actions\CInlineAction.php(49): AmpapiController->actionLogin()
#2 C:\xampp\htdocs\yii\framework\web\CController.php(308): CInlineAction->runWithParams()
#3 C:\xampp\htdocs\yii\framework\web\CController.php(286): AmpapiController->runAction()
#4 C:\xampp\htdocs\yii\framework\web\CController.php(265): AmpapiController->runActionWithFilters()
#5 C:\xampp\htdocs\yii\framework\web\CWebApplication.php(282): AmpapiController->run()
#6 C:\xampp\htdocs\yii\framework\web\CWebApplication.php(141): CWebApplication->runController()
#7 C:\xampp\htdocs\yii\framework\base\CApplication.php(169): CWebApplication->processRequest()
#8 C:\xampp\htdocs\MPAPISVN\AMPAPI\index.php(13): CWebApplication->run()
REQUEST_URI=/MPAPISVN/AMPAPI/index.php/Ampapi/login
in C:\xampp\htdocs\MPAPISVN\AMPAPI\protected\controllers\AmpapiController.php (440)
in C:\xampp\htdocs\MPAPISVN\AMPAPI\protected\controllers\AmpapiController.php (541)
in C:\xampp\htdocs\MPAPISVN\AMPAPI\protected\controllers\AmpapiController.php (241)
2014/07/25 13:54:26 [error] [application] ReturnMessage: 1 ErrorCode: 1
in C:\xampp\htdocs\MPAPISVN\AMPAPI\protected\components\Utilities.php (11)
in C:\xampp\htdocs\MPAPISVN\AMPAPI\protected\controllers\AmpapiController.php (542)
in C:\xampp\htdocs\MPAPISVN\AMPAPI\protected\controllers\AmpapiController.php (241)
2014/07/25 13:55:50 [error] [php] Array to string conversion (C:\xampp\htdocs\MPAPISVN\AMPAPI\protected\controllers\AmpapiController.php:542)
Stack trace:
#0 C:\xampp\htdocs\yii\framework\web\CController.php(308): CInlineAction->runWithParams()
#1 C:\xampp\htdocs\yii\framework\web\CController.php(286): AmpapiController->runAction()
#2 C:\xampp\htdocs\yii\framework\web\CController.php(265): AmpapiController->runActionWithFilters()
#3 C:\xampp\htdocs\yii\framework\web\CWebApplication.php(282): AmpapiController->run()
#4 C:\xampp\htdocs\yii\framework\web\CWebApplication.php(141): CWebApplication->runController()
#5 C:\xampp\htdocs\yii\framework\base\CApplication.php(169): CWebApplication->processRequest()
#6 C:\xampp\htdocs\MPAPISVN\AMPAPI\index.php(13): CWebApplication->run()
REQUEST_URI=/MPAPISVN/AMPAPI/index.php/Ampapi/login
in C:\xampp\htdocs\MPAPISVN\AMPAPI\protected\controllers\AmpapiController.php (542)
in C:\xampp\htdocs\MPAPISVN\AMPAPI\protected\controllers\AmpapiController.php (241)
in C:\xampp\htdocs\MPAPISVN\AMPAPI\index.php (13)
2014/07/25 13:56:02 [error] [application] ReturnMessage: 1 ErrorCode: 1
in C:\xampp\htdocs\MPAPISVN\AMPAPI\protected\components\Utilities.php (11)
in C:\xampp\htdocs\MPAPISVN\AMPAPI\protected\controllers\AmpapiController.php (542)
in C:\xampp\htdocs\MPAPISVN\AMPAPI\protected\controllers\AmpapiController.php (241)
2014/07/25 13:57:55 [error] [php] json_decode() expects parameter 1 to be string, array given (C:\xampp\htdocs\yii\framework\web\helpers\CJSON.php:327)
Stack trace:
#0 C:\xampp\htdocs\yii\framework\web\actions\CInlineAction.php(49): AmpapiController->actionLogin()
#1 C:\xampp\htdocs\yii\framework\web\CController.php(308): CInlineAction->runWithParams()
#2 C:\xampp\htdocs\yii\framework\web\CController.php(286): AmpapiController->runAction()
#3 C:\xampp\htdocs\yii\framework\web\CController.php(265): AmpapiController->runActionWithFilters()
#4 C:\xampp\htdocs\yii\framework\web\CWebApplication.php(282): AmpapiController->run()
#5 C:\xampp\htdocs\yii\framework\web\CWebApplication.php(141): CWebApplication->runController()
#6 C:\xampp\htdocs\yii\framework\base\CApplication.php(169): CWebApplication->processRequest()
#7 C:\xampp\htdocs\MPAPISVN\AMPAPI\index.php(13): CWebApplication->run()
REQUEST_URI=/MPAPISVN/AMPAPI/index.php/Ampapi/login
in C:\xampp\htdocs\MPAPISVN\AMPAPI\protected\controllers\AmpapiController.php (240)
in C:\xampp\htdocs\MPAPISVN\AMPAPI\index.php (13)
2014/07/25 14:00:27 [error] [application] ReturnMessage: {"Login":{"MPSessionID":"","CardTypeID":"","IsVIP":"","ErrorCode":38,"ReturnMessage":"Account is Invalid."}} ErrorCode: 1
in C:\xampp\htdocs\MPAPISVN\AMPAPI\protected\components\Utilities.php (11)
in C:\xampp\htdocs\MPAPISVN\AMPAPI\protected\controllers\AmpapiController.php (541)
in C:\xampp\htdocs\MPAPISVN\AMPAPI\protected\controllers\AmpapiController.php (241)
