2014/05/13 15:46:12 [error] [exception.CHttpException.404] exception 'CHttpException' with message 'Unable to resolve the request "site".' in /var/www/yii/framework/web/CWebApplication.php:287
Stack trace:
#0 /var/www/yii/framework/web/CWebApplication.php(142): CWebApplication->runController('')
#1 /var/www/yii/framework/base/CApplication.php(162): CWebApplication->processRequest()
#2 /var/www/voucher.api/index.php(13): CApplication->run()
#3 {main}
REQUEST_URI=/voucher.api/index.php/wsVapiInvoker/index.php
---
2014/05/13 15:46:41 [error] [exception.CHttpException.404] exception 'CHttpException' with message 'Unable to resolve the request "site".' in /var/www/yii/framework/web/CWebApplication.php:287
Stack trace:
#0 /var/www/yii/framework/web/CWebApplication.php(142): CWebApplication->runController('')
#1 /var/www/yii/framework/base/CApplication.php(162): CWebApplication->processRequest()
#2 /var/www/voucher.api/index.php(13): CApplication->run()
#3 {main}
REQUEST_URI=/voucher.api/index.php/wsVapiInvoker/index.php
---
2014/05/13 15:47:08 [error] [exception.CHttpException.404] exception 'CHttpException' with message 'Unable to resolve the request "wsStackerApiInvoker/overview".' in /var/www/yii/framework/web/CWebApplication.php:287
Stack trace:
#0 /var/www/yii/framework/web/CWebApplication.php(142): CWebApplication->runController('')
#1 /var/www/yii/framework/base/CApplication.php(162): CWebApplication->processRequest()
#2 /var/www/voucher.api/index.php(13): CApplication->run()
#3 {main}
REQUEST_URI=/voucher.api/index.php/wsVapiInvoker/index.php
---
2014/05/13 15:47:11 [error] [exception.CHttpException.404] exception 'CHttpException' with message 'Unable to resolve the request "wsStackerApiInvoker/overview".' in /var/www/yii/framework/web/CWebApplication.php:287
Stack trace:
#0 /var/www/yii/framework/web/CWebApplication.php(142): CWebApplication->runController('')
#1 /var/www/yii/framework/base/CApplication.php(162): CWebApplication->processRequest()
#2 /var/www/voucher.api/index.php(13): CApplication->run()
#3 {main}
REQUEST_URI=/voucher.api/
---
2014/05/13 15:47:27 [error] [exception.CHttpException.404] exception 'CHttpException' with message 'Unable to resolve the request "wsStackerApiInvoker/overview".' in /var/www/yii/framework/web/CWebApplication.php:287
Stack trace:
#0 /var/www/yii/framework/web/CWebApplication.php(142): CWebApplication->runController('')
#1 /var/www/yii/framework/base/CApplication.php(162): CWebApplication->processRequest()
#2 /var/www/voucher.api/index.php(13): CApplication->run()
#3 {main}
REQUEST_URI=/voucher.api/
---
2014/05/13 15:47:31 [error] [exception.CHttpException.404] exception 'CHttpException' with message 'Unable to resolve the request "wsStackerApiInvoker/overview".' in /var/www/yii/framework/web/CWebApplication.php:287
Stack trace:
#0 /var/www/yii/framework/web/CWebApplication.php(142): CWebApplication->runController('')
#1 /var/www/yii/framework/base/CApplication.php(162): CWebApplication->processRequest()
#2 /var/www/voucher.api/index.php(13): CApplication->run()
#3 {main}
REQUEST_URI=/voucher.api/index.php/
---
2014/05/13 15:49:18 [error] [exception.CHttpException.404] exception 'CHttpException' with message 'Unable to resolve the request "wsStackerApiInvoker/overview".' in /var/www/yii/framework/web/CWebApplication.php:287
Stack trace:
#0 /var/www/yii/framework/web/CWebApplication.php(142): CWebApplication->runController('')
#1 /var/www/yii/framework/base/CApplication.php(162): CWebApplication->processRequest()
#2 /var/www/voucher.api/index.php(13): CApplication->run()
#3 {main}
REQUEST_URI=/voucher.api/index.php/
---
2014/05/13 15:49:18 [error] [exception.CHttpException.404] exception 'CHttpException' with message 'Unable to resolve the request "wsStackerApiInvoker/overview".' in /var/www/yii/framework/web/CWebApplication.php:287
Stack trace:
#0 /var/www/yii/framework/web/CWebApplication.php(142): CWebApplication->runController('')
#1 /var/www/yii/framework/base/CApplication.php(162): CWebApplication->processRequest()
#2 /var/www/voucher.api/index.php(13): CApplication->run()
#3 {main}
REQUEST_URI=/voucher.api/index.php/
---
2014/05/13 15:49:19 [error] [exception.CHttpException.404] exception 'CHttpException' with message 'Unable to resolve the request "wsStackerApiInvoker/overview".' in /var/www/yii/framework/web/CWebApplication.php:287
Stack trace:
#0 /var/www/yii/framework/web/CWebApplication.php(142): CWebApplication->runController('')
#1 /var/www/yii/framework/base/CApplication.php(162): CWebApplication->processRequest()
#2 /var/www/voucher.api/index.php(13): CApplication->run()
#3 {main}
REQUEST_URI=/voucher.api/index.php/
---
2014/05/13 15:50:24 [error] [exception.CHttpException.404] exception 'CHttpException' with message 'Unable to resolve the request "wsStackerApiInvoker/overview".' in /var/www/yii/framework/web/CWebApplication.php:287
Stack trace:
#0 /var/www/yii/framework/web/CWebApplication.php(142): CWebApplication->runController('')
#1 /var/www/yii/framework/base/CApplication.php(162): CWebApplication->processRequest()
#2 /var/www/voucher.api/index.php(13): CApplication->run()
#3 {main}
REQUEST_URI=/voucher.api/index.php/wsVapiInvoker/
---
2014/05/13 15:51:00 [error] [exception.CHttpException.404] exception 'CHttpException' with message 'Unable to resolve the request "wsStackerApiInvoker/overview".' in /var/www/yii/framework/web/CWebApplication.php:287
Stack trace:
#0 /var/www/yii/framework/web/CWebApplication.php(142): CWebApplication->runController('')
#1 /var/www/yii/framework/base/CApplication.php(162): CWebApplication->processRequest()
#2 /var/www/voucher.api/index.php(13): CApplication->run()
#3 {main}
REQUEST_URI=/voucher.api/index.php/wsVapiInvoker/
---
2014/05/13 15:51:11 [error] [exception.CHttpException.404] exception 'CHttpException' with message 'Unable to resolve the request "wsStackerApiInvoker/overview".' in /var/www/yii/framework/web/CWebApplication.php:287
Stack trace:
#0 /var/www/yii/framework/web/CWebApplication.php(142): CWebApplication->runController('')
#1 /var/www/yii/framework/base/CApplication.php(162): CWebApplication->processRequest()
#2 /var/www/voucher.api/index.php(13): CApplication->run()
#3 {main}
REQUEST_URI=/voucher.api/index.php/wsVapiInvoker/overview
---
2014/05/13 15:51:27 [error] [exception.CHttpException.404] exception 'CHttpException' with message 'Unable to resolve the request "wsStackerApiInvoker/overview".' in /var/www/yii/framework/web/CWebApplication.php:287
Stack trace:
#0 /var/www/yii/framework/web/CWebApplication.php(142): CWebApplication->runController('')
#1 /var/www/yii/framework/base/CApplication.php(162): CWebApplication->processRequest()
#2 /var/www/voucher.api/index.php(13): CApplication->run()
#3 {main}
REQUEST_URI=/voucher.api/index.php/wsVapiInvoker/overview
---
2014/05/13 15:51:55 [error] [exception.CHttpException.404] exception 'CHttpException' with message 'Unable to resolve the request "wsStackerApiInvoker/overview".' in /var/www/yii/framework/web/CWebApplication.php:287
Stack trace:
#0 /var/www/yii/framework/web/CWebApplication.php(142): CWebApplication->runController('')
#1 /var/www/yii/framework/base/CApplication.php(162): CWebApplication->processRequest()
#2 /var/www/voucher.api/index.php(13): CApplication->run()
#3 {main}
REQUEST_URI=/voucher.api/index.php/wsVapiInvoker/overview
---
2014/05/13 15:52:57 [error] [exception.CHttpException.404] exception 'CHttpException' with message 'Unable to resolve the request "wsStackerApiInvoker/overview".' in /var/www/yii/framework/web/CWebApplication.php:287
Stack trace:
#0 /var/www/yii/framework/web/CWebApplication.php(142): CWebApplication->runController('')
#1 /var/www/yii/framework/base/CApplication.php(162): CWebApplication->processRequest()
#2 /var/www/voucher.api/index.php(13): CApplication->run()
#3 {main}
REQUEST_URI=/voucher.api/index.php/wsVapiInvoker/overview
---
2014/05/13 15:52:58 [error] [exception.CHttpException.404] exception 'CHttpException' with message 'Unable to resolve the request "wsStackerApiInvoker/overview".' in /var/www/yii/framework/web/CWebApplication.php:287
Stack trace:
#0 /var/www/yii/framework/web/CWebApplication.php(142): CWebApplication->runController('')
#1 /var/www/yii/framework/base/CApplication.php(162): CWebApplication->processRequest()
#2 /var/www/voucher.api/index.php(13): CApplication->run()
#3 {main}
REQUEST_URI=/voucher.api/index.php/wsVapiInvoker/overview
---
2014/05/13 15:52:58 [error] [exception.CHttpException.404] exception 'CHttpException' with message 'Unable to resolve the request "wsStackerApiInvoker/overview".' in /var/www/yii/framework/web/CWebApplication.php:287
Stack trace:
#0 /var/www/yii/framework/web/CWebApplication.php(142): CWebApplication->runController('')
#1 /var/www/yii/framework/base/CApplication.php(162): CWebApplication->processRequest()
#2 /var/www/voucher.api/index.php(13): CApplication->run()
#3 {main}
REQUEST_URI=/voucher.api/index.php/wsVapiInvoker/overview
---
2014/05/13 15:52:58 [error] [exception.CHttpException.404] exception 'CHttpException' with message 'Unable to resolve the request "wsStackerApiInvoker/overview".' in /var/www/yii/framework/web/CWebApplication.php:287
Stack trace:
#0 /var/www/yii/framework/web/CWebApplication.php(142): CWebApplication->runController('')
#1 /var/www/yii/framework/base/CApplication.php(162): CWebApplication->processRequest()
#2 /var/www/voucher.api/index.php(13): CApplication->run()
#3 {main}
REQUEST_URI=/voucher.api/index.php/wsVapiInvoker/overview
---
2014/05/13 15:52:58 [error] [exception.CHttpException.404] exception 'CHttpException' with message 'Unable to resolve the request "wsStackerApiInvoker/overview".' in /var/www/yii/framework/web/CWebApplication.php:287
Stack trace:
#0 /var/www/yii/framework/web/CWebApplication.php(142): CWebApplication->runController('')
#1 /var/www/yii/framework/base/CApplication.php(162): CWebApplication->processRequest()
#2 /var/www/voucher.api/index.php(13): CApplication->run()
#3 {main}
REQUEST_URI=/voucher.api/index.php/wsVapiInvoker/overview
---
2014/05/13 15:54:59 [error] [exception.CHttpException.404] exception 'CHttpException' with message 'Unable to resolve the request "wsStackerApiInvoker/overview".' in /var/www/yii/framework/web/CWebApplication.php:287
Stack trace:
#0 /var/www/yii/framework/web/CWebApplication.php(142): CWebApplication->runController('')
#1 /var/www/yii/framework/base/CApplication.php(162): CWebApplication->processRequest()
#2 /var/www/voucher.api/index.php(13): CApplication->run()
#3 {main}
REQUEST_URI=/voucher.api/index.php/wsVapiInvoker/overview
---
2014/05/13 15:54:59 [error] [exception.CHttpException.404] exception 'CHttpException' with message 'Unable to resolve the request "wsStackerApiInvoker/overview".' in /var/www/yii/framework/web/CWebApplication.php:287
Stack trace:
#0 /var/www/yii/framework/web/CWebApplication.php(142): CWebApplication->runController('')
#1 /var/www/yii/framework/base/CApplication.php(162): CWebApplication->processRequest()
#2 /var/www/voucher.api/index.php(13): CApplication->run()
#3 {main}
REQUEST_URI=/voucher.api/index.php/wsVapiInvoker/overview
---
2014/05/13 15:55:00 [error] [exception.CHttpException.404] exception 'CHttpException' with message 'Unable to resolve the request "wsStackerApiInvoker/overview".' in /var/www/yii/framework/web/CWebApplication.php:287
Stack trace:
#0 /var/www/yii/framework/web/CWebApplication.php(142): CWebApplication->runController('')
#1 /var/www/yii/framework/base/CApplication.php(162): CWebApplication->processRequest()
#2 /var/www/voucher.api/index.php(13): CApplication->run()
#3 {main}
REQUEST_URI=/voucher.api/index.php/wsVapiInvoker/overview
---
2014/05/13 15:55:00 [error] [exception.CHttpException.404] exception 'CHttpException' with message 'Unable to resolve the request "wsStackerApiInvoker/overview".' in /var/www/yii/framework/web/CWebApplication.php:287
Stack trace:
#0 /var/www/yii/framework/web/CWebApplication.php(142): CWebApplication->runController('')
#1 /var/www/yii/framework/base/CApplication.php(162): CWebApplication->processRequest()
#2 /var/www/voucher.api/index.php(13): CApplication->run()
#3 {main}
REQUEST_URI=/voucher.api/index.php/wsVapiInvoker/overview
---
2014/05/13 15:55:00 [error] [exception.CHttpException.404] exception 'CHttpException' with message 'Unable to resolve the request "wsStackerApiInvoker/overview".' in /var/www/yii/framework/web/CWebApplication.php:287
Stack trace:
#0 /var/www/yii/framework/web/CWebApplication.php(142): CWebApplication->runController('')
#1 /var/www/yii/framework/base/CApplication.php(162): CWebApplication->processRequest()
#2 /var/www/voucher.api/index.php(13): CApplication->run()
#3 {main}
REQUEST_URI=/voucher.api/index.php/wsVapiInvoker/overview
---
2014/05/13 15:55:06 [error] [exception.CHttpException.404] exception 'CHttpException' with message 'Unable to resolve the request "wsStackerApiInvoker/overview".' in /var/www/yii/framework/web/CWebApplication.php:287
Stack trace:
#0 /var/www/yii/framework/web/CWebApplication.php(142): CWebApplication->runController('')
#1 /var/www/yii/framework/base/CApplication.php(162): CWebApplication->processRequest()
#2 /var/www/voucher.api/index.php(13): CApplication->run()
#3 {main}
REQUEST_URI=/voucher.api/
---
2014/05/13 15:55:44 [error] [exception.CHttpException.404] exception 'CHttpException' with message 'Unable to resolve the request "wsStackerApiInvoker/overview".' in /var/www/yii/framework/web/CWebApplication.php:287
Stack trace:
#0 /var/www/yii/framework/web/CWebApplication.php(142): CWebApplication->runController('')
#1 /var/www/yii/framework/base/CApplication.php(162): CWebApplication->processRequest()
#2 /var/www/voucher.api/index.php(13): CApplication->run()
#3 {main}
REQUEST_URI=/voucher.api/
---
2014/05/13 15:56:16 [error] [exception.CHttpException.404] exception 'CHttpException' with message 'Unable to resolve the request "wsStackerApiInvoker/overview".' in /var/www/yii/framework/web/CWebApplication.php:287
Stack trace:
#0 /var/www/yii/framework/web/CWebApplication.php(142): CWebApplication->runController('')
#1 /var/www/yii/framework/base/CApplication.php(162): CWebApplication->processRequest()
#2 /var/www/voucher.api/index.php(13): CApplication->run()
#3 {main}
REQUEST_URI=/voucher.api/
---
2014/05/13 15:57:20 [error] [exception.CHttpException.404] exception 'CHttpException' with message 'Unable to resolve the request "wsStackerApiInvoker/overview".' in /var/www/yii/framework/web/CWebApplication.php:287
Stack trace:
#0 /var/www/yii/framework/web/CWebApplication.php(142): CWebApplication->runController('')
#1 /var/www/yii/framework/base/CApplication.php(162): CWebApplication->processRequest()
#2 /var/www/voucher.api/index.php(13): CApplication->run()
#3 {main}
REQUEST_URI=/voucher.api/
---
2014/05/13 15:57:20 [error] [exception.CHttpException.404] exception 'CHttpException' with message 'Unable to resolve the request "wsStackerApiInvoker/overview".' in /var/www/yii/framework/web/CWebApplication.php:287
Stack trace:
#0 /var/www/yii/framework/web/CWebApplication.php(142): CWebApplication->runController('')
#1 /var/www/yii/framework/base/CApplication.php(162): CWebApplication->processRequest()
#2 /var/www/voucher.api/index.php(13): CApplication->run()
#3 {main}
REQUEST_URI=/voucher.api/
---
2014/05/13 15:57:21 [error] [exception.CHttpException.404] exception 'CHttpException' with message 'Unable to resolve the request "wsStackerApiInvoker/overview".' in /var/www/yii/framework/web/CWebApplication.php:287
Stack trace:
#0 /var/www/yii/framework/web/CWebApplication.php(142): CWebApplication->runController('')
#1 /var/www/yii/framework/base/CApplication.php(162): CWebApplication->processRequest()
#2 /var/www/voucher.api/index.php(13): CApplication->run()
#3 {main}
REQUEST_URI=/voucher.api/
---
2014/05/13 15:57:21 [error] [exception.CHttpException.404] exception 'CHttpException' with message 'Unable to resolve the request "wsStackerApiInvoker/overview".' in /var/www/yii/framework/web/CWebApplication.php:287
Stack trace:
#0 /var/www/yii/framework/web/CWebApplication.php(142): CWebApplication->runController('')
#1 /var/www/yii/framework/base/CApplication.php(162): CWebApplication->processRequest()
#2 /var/www/voucher.api/index.php(13): CApplication->run()
#3 {main}
REQUEST_URI=/voucher.api/
---
2014/05/13 15:57:56 [error] [exception.CHttpException.404] exception 'CHttpException' with message 'Unable to resolve the request "wsStackerApiInvoker/overview".' in /var/www/yii/framework/web/CWebApplication.php:287
Stack trace:
#0 /var/www/yii/framework/web/CWebApplication.php(142): CWebApplication->runController('')
#1 /var/www/yii/framework/base/CApplication.php(162): CWebApplication->processRequest()
#2 /var/www/voucher.api/index.php(13): CApplication->run()
#3 {main}
REQUEST_URI=/voucher.api/
---
2014/05/13 15:58:20 [error] [exception.CHttpException.404] exception 'CHttpException' with message 'Unable to resolve the request "wsStackerApiInvoker/overview".' in /var/www/yii/framework/web/CWebApplication.php:287
Stack trace:
#0 /var/www/yii/framework/web/CWebApplication.php(142): CWebApplication->runController('')
#1 /var/www/yii/framework/base/CApplication.php(162): CWebApplication->processRequest()
#2 /var/www/voucher.api/index.php(13): CApplication->run()
#3 {main}
REQUEST_URI=/voucher.api/
---
2014/05/13 15:59:37 [error] [exception.CHttpException.404] exception 'CHttpException' with message 'Unable to resolve the request "wsStackerApiInvoker/overview".' in /var/www/yii/framework/web/CWebApplication.php:287
Stack trace:
#0 /var/www/yii/framework/web/CWebApplication.php(142): CWebApplication->runController('')
#1 /var/www/yii/framework/base/CApplication.php(162): CWebApplication->processRequest()
#2 /var/www/voucher.api/index.php(13): CApplication->run()
#3 {main}
REQUEST_URI=/voucher.api/index.php/wsVapiInvoker/
---
2014/05/13 15:59:41 [error] [exception.CHttpException.404] exception 'CHttpException' with message 'Unable to resolve the request "wsStackerApiInvoker/overview".' in /var/www/yii/framework/web/CWebApplication.php:287
Stack trace:
#0 /var/www/yii/framework/web/CWebApplication.php(142): CWebApplication->runController('')
#1 /var/www/yii/framework/base/CApplication.php(162): CWebApplication->processRequest()
#2 /var/www/voucher.api/index.php(13): CApplication->run()
#3 {main}
REQUEST_URI=/voucher.api/index.php/wsVapiInvoker/overview
---
2014/05/13 15:59:55 [error] [exception.CHttpException.404] exception 'CHttpException' with message 'Unable to resolve the request "wsStackerApiInvoker/overview".' in /var/www/yii/framework/web/CWebApplication.php:287
Stack trace:
#0 /var/www/yii/framework/web/CWebApplication.php(142): CWebApplication->runController('')
#1 /var/www/yii/framework/base/CApplication.php(162): CWebApplication->processRequest()
#2 /var/www/voucher.api/index.php(13): CApplication->run()
#3 {main}
REQUEST_URI=/voucher.api/index.php/wsVapiInvoker/overview
---
2014/05/13 16:00:34 [error] [exception.CHttpException.404] exception 'CHttpException' with message 'Unable to resolve the request "wsStackerApiInvoker/overview".' in /var/www/yii/framework/web/CWebApplication.php:287
Stack trace:
#0 /var/www/yii/framework/web/CWebApplication.php(142): CWebApplication->runController('')
#1 /var/www/yii/framework/base/CApplication.php(162): CWebApplication->processRequest()
#2 /var/www/voucher.api/index.php(13): CApplication->run()
#3 {main}
REQUEST_URI=/voucher.api/index.php/wsVapiInvoker/overview
---
2014/05/13 16:00:43 [error] [exception.CHttpException.404] exception 'CHttpException' with message 'Unable to resolve the request "wsStackerApiInvoker/overview".' in /var/www/yii/framework/web/CWebApplication.php:287
Stack trace:
#0 /var/www/yii/framework/web/CWebApplication.php(142): CWebApplication->runController('')
#1 /var/www/yii/framework/base/CApplication.php(162): CWebApplication->processRequest()
#2 /var/www/voucher.api/index.php(13): CApplication->run()
#3 {main}
REQUEST_URI=/voucher.api/index.php
---
2014/05/13 16:02:36 [error] [exception.CHttpException.404] exception 'CHttpException' with message 'Unable to resolve the request "wsStackerApiInvoker/overview".' in /var/www/yii/framework/web/CWebApplication.php:287
Stack trace:
#0 /var/www/yii/framework/web/CWebApplication.php(142): CWebApplication->runController('')
#1 /var/www/yii/framework/base/CApplication.php(162): CWebApplication->processRequest()
#2 /var/www/voucher.api/index.php(13): CApplication->run()
#3 {main}
REQUEST_URI=/voucher.api/index.php
---
2014/05/13 16:02:37 [error] [exception.CHttpException.404] exception 'CHttpException' with message 'Unable to resolve the request "wsStackerApiInvoker/overview".' in /var/www/yii/framework/web/CWebApplication.php:287
Stack trace:
#0 /var/www/yii/framework/web/CWebApplication.php(142): CWebApplication->runController('')
#1 /var/www/yii/framework/base/CApplication.php(162): CWebApplication->processRequest()
#2 /var/www/voucher.api/index.php(13): CApplication->run()
#3 {main}
REQUEST_URI=/voucher.api/index.php
---
2014/05/13 16:02:37 [error] [exception.CHttpException.404] exception 'CHttpException' with message 'Unable to resolve the request "wsStackerApiInvoker/overview".' in /var/www/yii/framework/web/CWebApplication.php:287
Stack trace:
#0 /var/www/yii/framework/web/CWebApplication.php(142): CWebApplication->runController('')
#1 /var/www/yii/framework/base/CApplication.php(162): CWebApplication->processRequest()
#2 /var/www/voucher.api/index.php(13): CApplication->run()
#3 {main}
REQUEST_URI=/voucher.api/index.php
---
2014/05/13 16:02:37 [error] [exception.CHttpException.404] exception 'CHttpException' with message 'Unable to resolve the request "wsStackerApiInvoker/overview".' in /var/www/yii/framework/web/CWebApplication.php:287
Stack trace:
#0 /var/www/yii/framework/web/CWebApplication.php(142): CWebApplication->runController('')
#1 /var/www/yii/framework/base/CApplication.php(162): CWebApplication->processRequest()
#2 /var/www/voucher.api/index.php(13): CApplication->run()
#3 {main}
REQUEST_URI=/voucher.api/index.php
---
2014/05/13 16:02:37 [error] [exception.CHttpException.404] exception 'CHttpException' with message 'Unable to resolve the request "wsStackerApiInvoker/overview".' in /var/www/yii/framework/web/CWebApplication.php:287
Stack trace:
#0 /var/www/yii/framework/web/CWebApplication.php(142): CWebApplication->runController('')
#1 /var/www/yii/framework/base/CApplication.php(162): CWebApplication->processRequest()
#2 /var/www/voucher.api/index.php(13): CApplication->run()
#3 {main}
REQUEST_URI=/voucher.api/index.php
---
2014/05/13 16:02:37 [error] [exception.CHttpException.404] exception 'CHttpException' with message 'Unable to resolve the request "wsStackerApiInvoker/overview".' in /var/www/yii/framework/web/CWebApplication.php:287
Stack trace:
#0 /var/www/yii/framework/web/CWebApplication.php(142): CWebApplication->runController('')
#1 /var/www/yii/framework/base/CApplication.php(162): CWebApplication->processRequest()
#2 /var/www/voucher.api/index.php(13): CApplication->run()
#3 {main}
REQUEST_URI=/voucher.api/index.php
---
2014/05/13 16:02:47 [error] [exception.CHttpException.404] exception 'CHttpException' with message 'Unable to resolve the request "wsStackerApiInvoker/overview".' in /var/www/yii/framework/web/CWebApplication.php:287
Stack trace:
#0 /var/www/yii/framework/web/CWebApplication.php(142): CWebApplication->runController('')
#1 /var/www/yii/framework/base/CApplication.php(162): CWebApplication->processRequest()
#2 /var/www/voucher.api/index.php(13): CApplication->run()
#3 {main}
REQUEST_URI=/voucher.api/
---
2014/05/13 16:08:49 [error] [php] include(CommonController.php): failed to open stream: No such file or directory (/var/www/yii/framework/YiiBase.php:423)
Stack trace:
#0 /var/www/voucher.api/protected/controllers/WsvoucherController.php(208): spl_autoload_call()
#1 /var/www/yii/framework/web/actions/CInlineAction.php(50): WsvoucherController->actionVerifyTicket()
#2 /var/www/yii/framework/web/CController.php(309): CInlineAction->runWithParams()
#3 /var/www/yii/framework/web/CController.php(287): WsvoucherController->runAction()
#4 /var/www/yii/framework/web/CController.php(266): WsvoucherController->runActionWithFilters()
#5 /var/www/yii/framework/web/CWebApplication.php(283): WsvoucherController->run()
#6 /var/www/yii/framework/web/CWebApplication.php(142): CWebApplication->runController()
#7 /var/www/yii/framework/base/CApplication.php(162): CWebApplication->processRequest()
#8 /var/www/voucher.api/index.php(13): CWebApplication->run()
REQUEST_URI=/voucher.api/index.php/Wsvoucher/verifyTicket
in /var/www/voucher.api/protected/controllers/WsvoucherController.php (208)
in /var/www/voucher.api/index.php (13)
2014/05/13 16:09:16 [error] [php] include(TicketModel.php): failed to open stream: No such file or directory (/var/www/yii/framework/YiiBase.php:423)
Stack trace:
#0 /var/www/voucher.api/protected/controllers/WsvoucherController.php(209): spl_autoload_call()
#1 /var/www/yii/framework/web/actions/CInlineAction.php(50): WsvoucherController->actionVerifyTicket()
#2 /var/www/yii/framework/web/CController.php(309): CInlineAction->runWithParams()
#3 /var/www/yii/framework/web/CController.php(287): WsvoucherController->runAction()
#4 /var/www/yii/framework/web/CController.php(266): WsvoucherController->runActionWithFilters()
#5 /var/www/yii/framework/web/CWebApplication.php(283): WsvoucherController->run()
#6 /var/www/yii/framework/web/CWebApplication.php(142): CWebApplication->runController()
#7 /var/www/yii/framework/base/CApplication.php(162): CWebApplication->processRequest()
#8 /var/www/voucher.api/index.php(13): CWebApplication->run()
REQUEST_URI=/voucher.api/index.php/Wsvoucher/verifyTicket
in /var/www/voucher.api/protected/controllers/WsvoucherController.php (209)
in /var/www/voucher.api/index.php (13)
2014/05/13 16:10:11 [error] [exception.CDbException] exception 'CDbException' with message 'CDbConnection failed to open the DB connection: could not find driver' in /var/www/yii/framework/db/CDbConnection.php:382
Stack trace:
#0 /var/www/yii/framework/db/CDbConnection.php(331): CDbConnection->open()
#1 /var/www/yii/framework/db/CDbConnection.php(309): CDbConnection->setActive(true)
#2 /var/www/yii/framework/base/CModule.php(388): CDbConnection->init()
#3 /var/www/yii/framework/base/CModule.php(104): CModule->getComponent('db')
#4 /var/www/voucher.api/protected/models/TicketModel.php(18): CModule->__get('db')
#5 /var/www/voucher.api/protected/controllers/WsvoucherController.php(209): TicketModel->__construct()
#6 /var/www/yii/framework/web/actions/CInlineAction.php(50): WsvoucherController->actionVerifyTicket()
#7 /var/www/yii/framework/web/CController.php(309): CInlineAction->runWithParams(Array)
#8 /var/www/yii/framework/web/CController.php(287): CController->runAction(Object(CInlineAction))
#9 /var/www/yii/framework/web/CController.php(266): CController->runActionWithFilters(Object(CInlineAction), Array)
#10 /var/www/yii/framework/web/CWebApplication.php(283): CController->run('verifyTicket')
#11 /var/www/yii/framework/web/CWebApplication.php(142): CWebApplication->runController('Wsvoucher/verif...')
#12 /var/www/yii/framework/base/CApplication.php(162): CWebApplication->processRequest()
#13 /var/www/voucher.api/index.php(13): CApplication->run()
#14 {main}
REQUEST_URI=/voucher.api/index.php/Wsvoucher/verifyTicket
---
2014/05/13 16:11:32 [error] [exception.CDbException] exception 'CDbException' with message 'CDbConnection failed to open the DB connection: could not find driver' in /var/www/yii/framework/db/CDbConnection.php:382
Stack trace:
#0 /var/www/yii/framework/db/CDbConnection.php(331): CDbConnection->open()
#1 /var/www/yii/framework/db/CDbConnection.php(309): CDbConnection->setActive(true)
#2 /var/www/yii/framework/base/CModule.php(388): CDbConnection->init()
#3 /var/www/yii/framework/base/CModule.php(104): CModule->getComponent('db')
#4 /var/www/voucher.api/protected/models/TicketModel.php(18): CModule->__get('db')
#5 /var/www/voucher.api/protected/controllers/WsvoucherController.php(209): TicketModel->__construct()
#6 /var/www/yii/framework/web/actions/CInlineAction.php(50): WsvoucherController->actionVerifyTicket()
#7 /var/www/yii/framework/web/CController.php(309): CInlineAction->runWithParams(Array)
#8 /var/www/yii/framework/web/CController.php(287): CController->runAction(Object(CInlineAction))
#9 /var/www/yii/framework/web/CController.php(266): CController->runActionWithFilters(Object(CInlineAction), Array)
#10 /var/www/yii/framework/web/CWebApplication.php(283): CController->run('verifyTicket')
#11 /var/www/yii/framework/web/CWebApplication.php(142): CWebApplication->runController('Wsvoucher/verif...')
#12 /var/www/yii/framework/base/CApplication.php(162): CWebApplication->processRequest()
#13 /var/www/voucher.api/index.php(13): CApplication->run()
#14 {main}
REQUEST_URI=/voucher.api/index.php/Wsvoucher/verifyTicket
---
2014/05/13 16:11:41 [error] [exception.CDbException] exception 'CDbException' with message 'CDbConnection failed to open the DB connection: could not find driver' in /var/www/yii/framework/db/CDbConnection.php:382
Stack trace:
#0 /var/www/yii/framework/db/CDbConnection.php(331): CDbConnection->open()
#1 /var/www/yii/framework/db/CDbConnection.php(309): CDbConnection->setActive(true)
#2 /var/www/yii/framework/base/CModule.php(388): CDbConnection->init()
#3 /var/www/yii/framework/base/CModule.php(104): CModule->getComponent('db')
#4 /var/www/voucher.api/protected/models/TicketModel.php(18): CModule->__get('db')
#5 /var/www/voucher.api/protected/controllers/WsvoucherController.php(209): TicketModel->__construct()
#6 /var/www/yii/framework/web/actions/CInlineAction.php(50): WsvoucherController->actionVerifyTicket()
#7 /var/www/yii/framework/web/CController.php(309): CInlineAction->runWithParams(Array)
#8 /var/www/yii/framework/web/CController.php(287): CController->runAction(Object(CInlineAction))
#9 /var/www/yii/framework/web/CController.php(266): CController->runActionWithFilters(Object(CInlineAction), Array)
#10 /var/www/yii/framework/web/CWebApplication.php(283): CController->run('verifyTicket')
#11 /var/www/yii/framework/web/CWebApplication.php(142): CWebApplication->runController('Wsvoucher/verif...')
#12 /var/www/yii/framework/base/CApplication.php(162): CWebApplication->processRequest()
#13 /var/www/voucher.api/index.php(13): CApplication->run()
#14 {main}
REQUEST_URI=/voucher.api/index.php/Wsvoucher/verifyTicket
---
2014/05/13 16:11:55 [error] [php] include(TerminalsModel.php): failed to open stream: No such file or directory (/var/www/yii/framework/YiiBase.php:423)
Stack trace:
#0 /var/www/voucher.api/protected/controllers/WsvoucherController.php(211): spl_autoload_call()
#1 /var/www/yii/framework/web/actions/CInlineAction.php(50): WsvoucherController->actionVerifyTicket()
#2 /var/www/yii/framework/web/CController.php(309): CInlineAction->runWithParams()
#3 /var/www/yii/framework/web/CController.php(287): WsvoucherController->runAction()
#4 /var/www/yii/framework/web/CController.php(266): WsvoucherController->runActionWithFilters()
#5 /var/www/yii/framework/web/CWebApplication.php(283): WsvoucherController->run()
#6 /var/www/yii/framework/web/CWebApplication.php(142): CWebApplication->runController()
#7 /var/www/yii/framework/base/CApplication.php(162): CWebApplication->processRequest()
#8 /var/www/voucher.api/index.php(13): CWebApplication->run()
REQUEST_URI=/voucher.api/index.php/Wsvoucher/verifyTicket
in /var/www/voucher.api/protected/controllers/WsvoucherController.php (211)
in /var/www/voucher.api/index.php (13)
2014/05/13 16:12:20 [error] [php] include(MemberCardsModel.php): failed to open stream: No such file or directory (/var/www/yii/framework/YiiBase.php:423)
Stack trace:
#0 /var/www/voucher.api/protected/controllers/WsvoucherController.php(212): spl_autoload_call()
#1 /var/www/yii/framework/web/actions/CInlineAction.php(50): WsvoucherController->actionVerifyTicket()
#2 /var/www/yii/framework/web/CController.php(309): CInlineAction->runWithParams()
#3 /var/www/yii/framework/web/CController.php(287): WsvoucherController->runAction()
#4 /var/www/yii/framework/web/CController.php(266): WsvoucherController->runActionWithFilters()
#5 /var/www/yii/framework/web/CWebApplication.php(283): WsvoucherController->run()
#6 /var/www/yii/framework/web/CWebApplication.php(142): CWebApplication->runController()
#7 /var/www/yii/framework/base/CApplication.php(162): CWebApplication->processRequest()
#8 /var/www/voucher.api/index.php(13): CWebApplication->run()
REQUEST_URI=/voucher.api/index.php/Wsvoucher/verifyTicket
in /var/www/voucher.api/protected/controllers/WsvoucherController.php (212)
in /var/www/voucher.api/index.php (13)
2014/05/13 16:12:37 [error] [application] Error Message: Invalid input parameters. ErrorCode: 3
in /var/www/voucher.api/protected/components/Utilities.php (120)
in /var/www/voucher.api/protected/controllers/WsvoucherController.php (500)
in /var/www/voucher.api/index.php (13)
2014/05/13 16:12:47 [error] [application] Error Message: Invalid input parameters. ErrorCode: 3
in /var/www/voucher.api/protected/components/Utilities.php (120)
in /var/www/voucher.api/protected/controllers/WsvoucherController.php (500)
in /var/www/voucher.api/index.php (13)
2014/05/13 16:12:53 [error] [php] include(AccountsModel.php): failed to open stream: No such file or directory (/var/www/yii/framework/YiiBase.php:423)
Stack trace:
#0 /var/www/voucher.api/protected/controllers/WsvoucherController.php(521): spl_autoload_call()
#1 /var/www/yii/framework/web/actions/CInlineAction.php(50): WsvoucherController->actionAddTicket()
#2 /var/www/yii/framework/web/CController.php(309): CInlineAction->runWithParams()
#3 /var/www/yii/framework/web/CController.php(287): WsvoucherController->runAction()
#4 /var/www/yii/framework/web/CController.php(266): WsvoucherController->runActionWithFilters()
#5 /var/www/yii/framework/web/CWebApplication.php(283): WsvoucherController->run()
#6 /var/www/yii/framework/web/CWebApplication.php(142): CWebApplication->runController()
#7 /var/www/yii/framework/base/CApplication.php(162): CWebApplication->processRequest()
#8 /var/www/voucher.api/index.php(13): CWebApplication->run()
REQUEST_URI=/voucher.api/index.php/Wsvoucher/addTicket
in /var/www/voucher.api/protected/controllers/WsvoucherController.php (521)
in /var/www/voucher.api/index.php (13)
2014/05/13 16:13:29 [error] [application] Error Message: Invalid input parameters. ErrorCode: 3
in /var/www/voucher.api/protected/components/Utilities.php (120)
in /var/www/voucher.api/protected/controllers/WsvoucherController.php (777)
in /var/www/voucher.api/index.php (13)
2014/05/13 16:13:35 [error] [application] Error Message: Invalid input parameters. ErrorCode: 14
in /var/www/voucher.api/protected/components/Utilities.php (120)
in /var/www/voucher.api/protected/controllers/WsvoucherController.php (946)
in /var/www/voucher.api/index.php (13)
2014/05/13 16:25:09 [error] [exception.CHttpException.404] exception 'CHttpException' with message 'Unable to resolve the request "wsStackerApiInvoker/overview".' in C:\Apache2.2\htdocs\yii\framework\web\CWebApplication.php:286
Stack trace:
#0 C:\Apache2.2\htdocs\yii\framework\web\CWebApplication.php(141): CWebApplication->runController('')
#1 C:\Apache2.2\htdocs\yii\framework\base\CApplication.php(169): CWebApplication->processRequest()
#2 C:\Apache2.2\htdocs\voucher-api\index.php(13): CApplication->run()
#3 {main}
REQUEST_URI=/voucher-api/
---
