[2014-07-21 13:22:42.643699][WARNING] "Missing argument 2 for TicketsModel::getExpiredTickets(), called in /var/www/Kronus_GenesisAbbott/cashier.genesis.abbott/app/frontend/controllers/ReportsController.php on line 133 and defined" File: /var/www/Kronus_GenesisAbbott/cashier.genesis.abbott/app/frontend/models/TicketsModel.php Line: 30
[2014-07-21 13:22:42.662531][NOTICE] "Undefined variable: site" File: /var/www/Kronus_GenesisAbbott/cashier.genesis.abbott/app/frontend/models/TicketsModel.php Line: 33
[2014-07-21 13:22:42.679535][WARNING] "Missing argument 2 for TicketsModel::getExpiredTickets(), called in /var/www/Kronus_GenesisAbbott/cashier.genesis.abbott/app/frontend/controllers/ReportsController.php on line 145 and defined" File: /var/www/Kronus_GenesisAbbott/cashier.genesis.abbott/app/frontend/models/TicketsModel.php Line: 30
[2014-07-21 13:22:42.679857][NOTICE] "Undefined variable: site" File: /var/www/Kronus_GenesisAbbott/cashier.genesis.abbott/app/frontend/models/TicketsModel.php Line: 33
[2014-07-21 13:22:42.689458][NOTICE] "Undefined variable: depositcash" File: /var/www/Kronus_GenesisAbbott/cashier.genesis.abbott/app/frontend/views/reports/reports_transaction_history_tpl.php Line: 76
[2014-07-21 13:22:42.689769][NOTICE] "Undefined variable: depositticket" File: /var/www/Kronus_GenesisAbbott/cashier.genesis.abbott/app/frontend/views/reports/reports_transaction_history_tpl.php Line: 77
[2014-07-21 13:22:42.690066][NOTICE] "Undefined variable: depositcoupon" File: /var/www/Kronus_GenesisAbbott/cashier.genesis.abbott/app/frontend/views/reports/reports_transaction_history_tpl.php Line: 78
[2014-07-21 13:22:42.690342][NOTICE] "Undefined variable: reloadcash" File: /var/www/Kronus_GenesisAbbott/cashier.genesis.abbott/app/frontend/views/reports/reports_transaction_history_tpl.php Line: 80
[2014-07-21 13:22:42.691533][NOTICE] "Undefined variable: reloadticket" File: /var/www/Kronus_GenesisAbbott/cashier.genesis.abbott/app/frontend/views/reports/reports_transaction_history_tpl.php Line: 81
[2014-07-21 13:22:42.691677][NOTICE] "Undefined variable: reloadcoupon" File: /var/www/Kronus_GenesisAbbott/cashier.genesis.abbott/app/frontend/views/reports/reports_transaction_history_tpl.php Line: 82
[2014-07-21 13:22:42.691977][NOTICE] "Undefined variable: withdrawalcashier" File: /var/www/Kronus_GenesisAbbott/cashier.genesis.abbott/app/frontend/views/reports/reports_transaction_history_tpl.php Line: 85
[2014-07-21 13:22:42.692217][NOTICE] "Undefined variable: withdrawalgenesis" File: /var/www/Kronus_GenesisAbbott/cashier.genesis.abbott/app/frontend/views/reports/reports_transaction_history_tpl.php Line: 86
[2014-07-21 13:22:42.702162][NOTICE] "Undefined variable: regdepositcash" File: /var/www/Kronus_GenesisAbbott/cashier.genesis.abbott/app/frontend/views/reports/reports_transaction_history_tpl.php Line: 108
[2014-07-21 13:22:42.703920][NOTICE] "Undefined variable: regdepositticket" File: /var/www/Kronus_GenesisAbbott/cashier.genesis.abbott/app/frontend/views/reports/reports_transaction_history_tpl.php Line: 109
[2014-07-21 13:22:42.704163][NOTICE] "Undefined variable: regdepositcoupon" File: /var/www/Kronus_GenesisAbbott/cashier.genesis.abbott/app/frontend/views/reports/reports_transaction_history_tpl.php Line: 110
[2014-07-21 13:22:42.704472][NOTICE] "Undefined variable: regreloadcash" File: /var/www/Kronus_GenesisAbbott/cashier.genesis.abbott/app/frontend/views/reports/reports_transaction_history_tpl.php Line: 112
[2014-07-21 13:22:42.704732][NOTICE] "Undefined variable: regreloadticket" File: /var/www/Kronus_GenesisAbbott/cashier.genesis.abbott/app/frontend/views/reports/reports_transaction_history_tpl.php Line: 113
[2014-07-21 13:22:42.705028][NOTICE] "Undefined variable: regreloadcoupon" File: /var/www/Kronus_GenesisAbbott/cashier.genesis.abbott/app/frontend/views/reports/reports_transaction_history_tpl.php Line: 114
[2014-07-21 13:22:42.706157][NOTICE] "Undefined variable: gendepositcash" File: /var/www/Kronus_GenesisAbbott/cashier.genesis.abbott/app/frontend/views/reports/reports_transaction_history_tpl.php Line: 116
[2014-07-21 13:22:42.706478][NOTICE] "Undefined variable: gendepositticket" File: /var/www/Kronus_GenesisAbbott/cashier.genesis.abbott/app/frontend/views/reports/reports_transaction_history_tpl.php Line: 117
[2014-07-21 13:22:42.706857][NOTICE] "Undefined variable: gendepositcoupon" File: /var/www/Kronus_GenesisAbbott/cashier.genesis.abbott/app/frontend/views/reports/reports_transaction_history_tpl.php Line: 118
[2014-07-21 13:22:42.707143][NOTICE] "Undefined variable: genreloadcash" File: /var/www/Kronus_GenesisAbbott/cashier.genesis.abbott/app/frontend/views/reports/reports_transaction_history_tpl.php Line: 120
[2014-07-21 13:22:42.708140][NOTICE] "Undefined variable: genreloadticket" File: /var/www/Kronus_GenesisAbbott/cashier.genesis.abbott/app/frontend/views/reports/reports_transaction_history_tpl.php Line: 121
[2014-07-21 13:22:42.708490][NOTICE] "Undefined variable: genreloadcoupon" File: /var/www/Kronus_GenesisAbbott/cashier.genesis.abbott/app/frontend/views/reports/reports_transaction_history_tpl.php Line: 122
[2014-07-21 13:22:42.708767][NOTICE] "Undefined variable: withdrawalcashier2" File: /var/www/Kronus_GenesisAbbott/cashier.genesis.abbott/app/frontend/views/reports/reports_transaction_history_tpl.php Line: 125
[2014-07-21 13:22:42.709059][NOTICE] "Undefined variable: withdrawalgenesis2" File: /var/www/Kronus_GenesisAbbott/cashier.genesis.abbott/app/frontend/views/reports/reports_transaction_history_tpl.php Line: 126
[2014-07-21 13:22:49.93116][NOTICE] "Undefined index: startlimit" File: /var/www/Kronus_GenesisAbbott/cashier.genesis.abbott/app/frontend/controllers/ReportsController.php Line: 56
[2014-07-21 13:27:16.596961][NOTICE] "Undefined index: startlimit" File: /var/www/Kronus_GenesisAbbott/cashier.genesis.abbott/app/frontend/controllers/ReportsController.php Line: 56
[2014-07-21 13:27:16.713754][WARNING] "Missing argument 2 for TicketsModel::getExpiredTickets(), called in /var/www/Kronus_GenesisAbbott/cashier.genesis.abbott/app/frontend/controllers/ReportsController.php on line 133 and defined" File: /var/www/Kronus_GenesisAbbott/cashier.genesis.abbott/app/frontend/models/TicketsModel.php Line: 30
[2014-07-21 13:27:16.714043][NOTICE] "Undefined variable: site" File: /var/www/Kronus_GenesisAbbott/cashier.genesis.abbott/app/frontend/models/TicketsModel.php Line: 33
[2014-07-21 13:27:16.724758][WARNING] "Missing argument 2 for TicketsModel::getExpiredTickets(), called in /var/www/Kronus_GenesisAbbott/cashier.genesis.abbott/app/frontend/controllers/ReportsController.php on line 145 and defined" File: /var/www/Kronus_GenesisAbbott/cashier.genesis.abbott/app/frontend/models/TicketsModel.php Line: 30
[2014-07-21 13:27:16.724926][NOTICE] "Undefined variable: site" File: /var/www/Kronus_GenesisAbbott/cashier.genesis.abbott/app/frontend/models/TicketsModel.php Line: 33
[2014-07-21 13:27:38.460896][WARNING] "Missing argument 2 for TicketsModel::getExpiredTickets(), called in /var/www/Kronus_GenesisAbbott/cashier.genesis.abbott/app/frontend/controllers/ReportsController.php on line 133 and defined" File: /var/www/Kronus_GenesisAbbott/cashier.genesis.abbott/app/frontend/models/TicketsModel.php Line: 30
[2014-07-21 13:27:38.460984][NOTICE] "Undefined variable: site" File: /var/www/Kronus_GenesisAbbott/cashier.genesis.abbott/app/frontend/models/TicketsModel.php Line: 33
[2014-07-21 13:27:38.471308][WARNING] "Missing argument 2 for TicketsModel::getExpiredTickets(), called in /var/www/Kronus_GenesisAbbott/cashier.genesis.abbott/app/frontend/controllers/ReportsController.php on line 145 and defined" File: /var/www/Kronus_GenesisAbbott/cashier.genesis.abbott/app/frontend/models/TicketsModel.php Line: 30
[2014-07-21 13:27:38.471438][NOTICE] "Undefined variable: site" File: /var/www/Kronus_GenesisAbbott/cashier.genesis.abbott/app/frontend/models/TicketsModel.php Line: 33
[2014-07-21 13:27:38.478156][NOTICE] "Undefined variable: depositcash" File: /var/www/Kronus_GenesisAbbott/cashier.genesis.abbott/app/frontend/views/reports/reports_transaction_history_tpl.php Line: 76
[2014-07-21 13:27:38.478360][NOTICE] "Undefined variable: depositticket" File: /var/www/Kronus_GenesisAbbott/cashier.genesis.abbott/app/frontend/views/reports/reports_transaction_history_tpl.php Line: 77
[2014-07-21 13:27:38.478532][NOTICE] "Undefined variable: depositcoupon" File: /var/www/Kronus_GenesisAbbott/cashier.genesis.abbott/app/frontend/views/reports/reports_transaction_history_tpl.php Line: 78
[2014-07-21 13:27:38.478701][NOTICE] "Undefined variable: reloadcash" File: /var/www/Kronus_GenesisAbbott/cashier.genesis.abbott/app/frontend/views/reports/reports_transaction_history_tpl.php Line: 80
[2014-07-21 13:27:38.478871][NOTICE] "Undefined variable: reloadticket" File: /var/www/Kronus_GenesisAbbott/cashier.genesis.abbott/app/frontend/views/reports/reports_transaction_history_tpl.php Line: 81
[2014-07-21 13:27:38.479028][NOTICE] "Undefined variable: reloadcoupon" File: /var/www/Kronus_GenesisAbbott/cashier.genesis.abbott/app/frontend/views/reports/reports_transaction_history_tpl.php Line: 82
[2014-07-21 13:27:38.479270][NOTICE] "Undefined variable: withdrawalcashier" File: /var/www/Kronus_GenesisAbbott/cashier.genesis.abbott/app/frontend/views/reports/reports_transaction_history_tpl.php Line: 85
[2014-07-21 13:27:38.479440][NOTICE] "Undefined variable: withdrawalgenesis" File: /var/www/Kronus_GenesisAbbott/cashier.genesis.abbott/app/frontend/views/reports/reports_transaction_history_tpl.php Line: 86
[2014-07-21 13:27:38.479677][NOTICE] "Undefined variable: regdepositcash" File: /var/www/Kronus_GenesisAbbott/cashier.genesis.abbott/app/frontend/views/reports/reports_transaction_history_tpl.php Line: 108
[2014-07-21 13:27:38.479775][NOTICE] "Undefined variable: regdepositticket" File: /var/www/Kronus_GenesisAbbott/cashier.genesis.abbott/app/frontend/views/reports/reports_transaction_history_tpl.php Line: 109
[2014-07-21 13:27:38.479775][NOTICE] "Undefined variable: regdepositcoupon" File: /var/www/Kronus_GenesisAbbott/cashier.genesis.abbott/app/frontend/views/reports/reports_transaction_history_tpl.php Line: 110
[2014-07-21 13:27:38.482334][NOTICE] "Undefined variable: regreloadcash" File: /var/www/Kronus_GenesisAbbott/cashier.genesis.abbott/app/frontend/views/reports/reports_transaction_history_tpl.php Line: 112
[2014-07-21 13:27:38.482529][NOTICE] "Undefined variable: regreloadticket" File: /var/www/Kronus_GenesisAbbott/cashier.genesis.abbott/app/frontend/views/reports/reports_transaction_history_tpl.php Line: 113
[2014-07-21 13:27:38.482724][NOTICE] "Undefined variable: regreloadcoupon" File: /var/www/Kronus_GenesisAbbott/cashier.genesis.abbott/app/frontend/views/reports/reports_transaction_history_tpl.php Line: 114
[2014-07-21 13:27:38.482886][NOTICE] "Undefined variable: gendepositcash" File: /var/www/Kronus_GenesisAbbott/cashier.genesis.abbott/app/frontend/views/reports/reports_transaction_history_tpl.php Line: 116
[2014-07-21 13:27:38.483040][NOTICE] "Undefined variable: gendepositticket" File: /var/www/Kronus_GenesisAbbott/cashier.genesis.abbott/app/frontend/views/reports/reports_transaction_history_tpl.php Line: 117
[2014-07-21 13:27:38.483216][NOTICE] "Undefined variable: gendepositcoupon" File: /var/www/Kronus_GenesisAbbott/cashier.genesis.abbott/app/frontend/views/reports/reports_transaction_history_tpl.php Line: 118
[2014-07-21 13:27:38.483376][NOTICE] "Undefined variable: genreloadcash" File: /var/www/Kronus_GenesisAbbott/cashier.genesis.abbott/app/frontend/views/reports/reports_transaction_history_tpl.php Line: 120
[2014-07-21 13:27:38.483532][NOTICE] "Undefined variable: genreloadticket" File: /var/www/Kronus_GenesisAbbott/cashier.genesis.abbott/app/frontend/views/reports/reports_transaction_history_tpl.php Line: 121
[2014-07-21 13:27:38.483702][NOTICE] "Undefined variable: genreloadcoupon" File: /var/www/Kronus_GenesisAbbott/cashier.genesis.abbott/app/frontend/views/reports/reports_transaction_history_tpl.php Line: 122
[2014-07-21 13:27:38.483858][NOTICE] "Undefined variable: withdrawalcashier2" File: /var/www/Kronus_GenesisAbbott/cashier.genesis.abbott/app/frontend/views/reports/reports_transaction_history_tpl.php Line: 125
[2014-07-21 13:27:38.484013][NOTICE] "Undefined variable: withdrawalgenesis2" File: /var/www/Kronus_GenesisAbbott/cashier.genesis.abbott/app/frontend/views/reports/reports_transaction_history_tpl.php Line: 126
[2014-07-21 13:32:06.523136][NOTICE] "Undefined index: startlimit" File: /var/www/Kronus_GenesisAbbott/cashier.genesis.abbott/app/frontend/controllers/ReportsController.php Line: 56
[2014-07-21 13:32:06.663142][WARNING] "Missing argument 2 for TicketsModel::getExpiredTickets(), called in /var/www/Kronus_GenesisAbbott/cashier.genesis.abbott/app/frontend/controllers/ReportsController.php on line 133 and defined" File: /var/www/Kronus_GenesisAbbott/cashier.genesis.abbott/app/frontend/models/TicketsModel.php Line: 30
[2014-07-21 13:32:06.663745][NOTICE] "Undefined variable: site" File: /var/www/Kronus_GenesisAbbott/cashier.genesis.abbott/app/frontend/models/TicketsModel.php Line: 33
[2014-07-21 13:32:06.675150][WARNING] "Missing argument 2 for TicketsModel::getExpiredTickets(), called in /var/www/Kronus_GenesisAbbott/cashier.genesis.abbott/app/frontend/controllers/ReportsController.php on line 145 and defined" File: /var/www/Kronus_GenesisAbbott/cashier.genesis.abbott/app/frontend/models/TicketsModel.php Line: 30
[2014-07-21 13:32:06.675620][NOTICE] "Undefined variable: site" File: /var/www/Kronus_GenesisAbbott/cashier.genesis.abbott/app/frontend/models/TicketsModel.php Line: 33
