[2014-08-18 14:21:19.803244][NOTICE] "A session had already been started - ignoring session_start()" File: /var/www/Kronus_GenesisAbbott/cashier.genesis.abbott/app/frontend/models/LoginFormModel.php Line: 527
[2014-08-18 14:22:31.619579][WARNING] "PDOStatement::execute(): SQLSTATE[HY093]: Invalid parameter number: parameter was not defined" File: /var/www/Kronus_GenesisAbbott/cashier.genesis.abbott/app/mi/web/MI_Model.php Line: 334
[2014-08-18 14:23:24.903021][WARNING] "PDOStatement::execute(): SQLSTATE[HY093]: Invalid parameter number: parameter was not defined" File: /var/www/Kronus_GenesisAbbott/cashier.genesis.abbott/app/mi/web/MI_Model.php Line: 334
[2014-08-18 14:23:30.827524][WARNING] "Missing argument 5 for TransactionSummaryModel::getTransactionSummaryPerCashierTotals(), called in /var/www/Kronus_GenesisAbbott/cashier.genesis.abbott/app/frontend/controllers/ReportsController.php on line 411 and defined" File: /var/www/Kronus_GenesisAbbott/cashier.genesis.abbott/app/frontend/models/TransactionSummaryModel.php Line: 1109
[2014-08-18 14:23:30.827916][NOTICE] "Undefined variable: end_date" File: /var/www/Kronus_GenesisAbbott/cashier.genesis.abbott/app/frontend/models/TransactionSummaryModel.php Line: 1123
[2014-08-18 14:23:30.956151][WARNING] "PDOStatement::execute(): SQLSTATE[HY093]: Invalid parameter number: parameter was not defined" File: /var/www/Kronus_GenesisAbbott/cashier.genesis.abbott/app/mi/web/MI_Model.php Line: 334
[2014-08-18 14:24:41.850198][WARNING] "PDOStatement::execute(): SQLSTATE[HY093]: Invalid parameter number: parameter was not defined" File: /var/www/Kronus_GenesisAbbott/cashier.genesis.abbott/app/mi/web/MI_Model.php Line: 334
[2014-08-18 14:25:02.911345][WARNING] "PDOStatement::execute(): SQLSTATE[HY093]: Invalid parameter number: parameter was not defined" File: /var/www/Kronus_GenesisAbbott/cashier.genesis.abbott/app/mi/web/MI_Model.php Line: 334
[2014-08-18 14:28:43.669411][WARNING] "PDOStatement::execute(): SQLSTATE[HY093]: Invalid parameter number: parameter was not defined" File: /var/www/Kronus_GenesisAbbott/cashier.genesis.abbott/app/mi/web/MI_Model.php Line: 334
[2014-08-18 14:29:16.413767][NOTICE] "Undefined index: Amount" File: /var/www/Kronus_GenesisAbbott/cashier.genesis.abbott/app/frontend/models/TicketsModel.php Line: 47
[2014-08-18 14:38:36.429360][NOTICE] "Undefined variable: depositcash" File: /var/www/Kronus_GenesisAbbott/cashier.genesis.abbott/app/frontend/views/reports/reports_transaction_history_tpl.php Line: 76
[2014-08-18 14:38:36.429807][NOTICE] "Undefined variable: depositticket" File: /var/www/Kronus_GenesisAbbott/cashier.genesis.abbott/app/frontend/views/reports/reports_transaction_history_tpl.php Line: 77
[2014-08-18 14:38:36.430093][NOTICE] "Undefined variable: depositcoupon" File: /var/www/Kronus_GenesisAbbott/cashier.genesis.abbott/app/frontend/views/reports/reports_transaction_history_tpl.php Line: 78
[2014-08-18 14:38:36.430339][NOTICE] "Undefined variable: reloadcash" File: /var/www/Kronus_GenesisAbbott/cashier.genesis.abbott/app/frontend/views/reports/reports_transaction_history_tpl.php Line: 80
[2014-08-18 14:38:36.430601][NOTICE] "Undefined variable: reloadticket" File: /var/www/Kronus_GenesisAbbott/cashier.genesis.abbott/app/frontend/views/reports/reports_transaction_history_tpl.php Line: 81
[2014-08-18 14:38:36.430837][NOTICE] "Undefined variable: reloadcoupon" File: /var/www/Kronus_GenesisAbbott/cashier.genesis.abbott/app/frontend/views/reports/reports_transaction_history_tpl.php Line: 82
[2014-08-18 14:38:36.431099][NOTICE] "Undefined variable: withdrawalcashier" File: /var/www/Kronus_GenesisAbbott/cashier.genesis.abbott/app/frontend/views/reports/reports_transaction_history_tpl.php Line: 85
[2014-08-18 14:38:36.431333][NOTICE] "Undefined variable: withdrawalgenesis" File: /var/www/Kronus_GenesisAbbott/cashier.genesis.abbott/app/frontend/views/reports/reports_transaction_history_tpl.php Line: 86
[2014-08-18 14:38:36.431651][NOTICE] "Undefined variable: regdepositcash" File: /var/www/Kronus_GenesisAbbott/cashier.genesis.abbott/app/frontend/views/reports/reports_transaction_history_tpl.php Line: 108
[2014-08-18 14:38:36.431928][NOTICE] "Undefined variable: regdepositticket" File: /var/www/Kronus_GenesisAbbott/cashier.genesis.abbott/app/frontend/views/reports/reports_transaction_history_tpl.php Line: 109
[2014-08-18 14:38:36.432167][NOTICE] "Undefined variable: regdepositcoupon" File: /var/www/Kronus_GenesisAbbott/cashier.genesis.abbott/app/frontend/views/reports/reports_transaction_history_tpl.php Line: 110
[2014-08-18 14:38:36.432426][NOTICE] "Undefined variable: regreloadcash" File: /var/www/Kronus_GenesisAbbott/cashier.genesis.abbott/app/frontend/views/reports/reports_transaction_history_tpl.php Line: 112
[2014-08-18 14:38:36.432661][NOTICE] "Undefined variable: regreloadticket" File: /var/www/Kronus_GenesisAbbott/cashier.genesis.abbott/app/frontend/views/reports/reports_transaction_history_tpl.php Line: 113
[2014-08-18 14:38:36.433539][NOTICE] "Undefined variable: regreloadcoupon" File: /var/www/Kronus_GenesisAbbott/cashier.genesis.abbott/app/frontend/views/reports/reports_transaction_history_tpl.php Line: 114
[2014-08-18 14:38:36.433776][NOTICE] "Undefined variable: gendepositcash" File: /var/www/Kronus_GenesisAbbott/cashier.genesis.abbott/app/frontend/views/reports/reports_transaction_history_tpl.php Line: 116
[2014-08-18 14:38:36.434031][NOTICE] "Undefined variable: gendepositticket" File: /var/www/Kronus_GenesisAbbott/cashier.genesis.abbott/app/frontend/views/reports/reports_transaction_history_tpl.php Line: 117
[2014-08-18 14:38:36.434265][NOTICE] "Undefined variable: gendepositcoupon" File: /var/www/Kronus_GenesisAbbott/cashier.genesis.abbott/app/frontend/views/reports/reports_transaction_history_tpl.php Line: 118
[2014-08-18 14:38:36.434522][NOTICE] "Undefined variable: genreloadcash" File: /var/www/Kronus_GenesisAbbott/cashier.genesis.abbott/app/frontend/views/reports/reports_transaction_history_tpl.php Line: 120
[2014-08-18 14:38:36.434733][NOTICE] "Undefined variable: genreloadticket" File: /var/www/Kronus_GenesisAbbott/cashier.genesis.abbott/app/frontend/views/reports/reports_transaction_history_tpl.php Line: 121
[2014-08-18 14:38:36.434976][NOTICE] "Undefined variable: genreloadcoupon" File: /var/www/Kronus_GenesisAbbott/cashier.genesis.abbott/app/frontend/views/reports/reports_transaction_history_tpl.php Line: 122
[2014-08-18 14:38:36.435219][NOTICE] "Undefined variable: withdrawalcashier2" File: /var/www/Kronus_GenesisAbbott/cashier.genesis.abbott/app/frontend/views/reports/reports_transaction_history_tpl.php Line: 125
[2014-08-18 14:38:36.435474][NOTICE] "Undefined variable: withdrawalgenesis2" File: /var/www/Kronus_GenesisAbbott/cashier.genesis.abbott/app/frontend/views/reports/reports_transaction_history_tpl.php Line: 126
