[2014-06-05 16:06:44.389977][NOTICE] "Undefined index: startlimit" File: /var/www/Kronus_GenesisAbbott/cashier.genesis.abbott/app/frontend/controllers/ReportsController.php Line: 56
[2014-06-05 16:07:12.779653][NOTICE] "Undefined index: startlimit" File: /var/www/Kronus_GenesisAbbott/cashier.genesis.abbott/app/frontend/controllers/ReportsController.php Line: 56
[2014-06-05 16:09:29.443713][NOTICE] "Undefined index: startlimit" File: /var/www/Kronus_GenesisAbbott/cashier.genesis.abbott/app/frontend/controllers/ReportsController.php Line: 56
[2014-06-05 16:09:42.175979][NOTICE] "Undefined index: startlimit" File: /var/www/Kronus_GenesisAbbott/cashier.genesis.abbott/app/frontend/controllers/ReportsController.php Line: 56
[2014-06-05 16:09:49.124599][NOTICE] "Undefined index: startlimit" File: /var/www/Kronus_GenesisAbbott/cashier.genesis.abbott/app/frontend/controllers/ReportsController.php Line: 56
[2014-06-05 16:09:49.135809][NOTICE] "Undefined variable: terminalCode" File: /var/www/Kronus_GenesisAbbott/cashier.genesis.abbott/app/frontend/models/TransactionSummaryModel.php Line: 359
[2014-06-05 16:10:44.424145][NOTICE] "Undefined index: startlimit" File: /var/www/Kronus_GenesisAbbott/cashier.genesis.abbott/app/frontend/controllers/ReportsController.php Line: 56
[2014-06-05 16:10:44.434267][NOTICE] "Undefined variable: terminalCode" File: /var/www/Kronus_GenesisAbbott/cashier.genesis.abbott/app/frontend/models/TransactionSummaryModel.php Line: 359
[2014-06-05 16:11:12.832152][NOTICE] "Undefined index: startlimit" File: /var/www/Kronus_GenesisAbbott/cashier.genesis.abbott/app/frontend/controllers/ReportsController.php Line: 56
[2014-06-05 16:13:26.356687][NOTICE] "Undefined variable: terminalCode" File: /var/www/Kronus_GenesisAbbott/cashier.genesis.abbott/app/frontend/models/TransactionSummaryModel.php Line: 359
[2014-06-05 16:13:26.357333][NOTICE] "Undefined variable: terminalCode" File: /var/www/Kronus_GenesisAbbott/cashier.genesis.abbott/app/frontend/models/TransactionSummaryModel.php Line: 359
[2014-06-05 16:13:26.357579][NOTICE] "Undefined variable: terminalCode" File: /var/www/Kronus_GenesisAbbott/cashier.genesis.abbott/app/frontend/models/TransactionSummaryModel.php Line: 359
[2014-06-05 16:13:26.357838][NOTICE] "Undefined variable: terminalCode" File: /var/www/Kronus_GenesisAbbott/cashier.genesis.abbott/app/frontend/models/TransactionSummaryModel.php Line: 359
[2014-06-05 16:13:26.358074][NOTICE] "Undefined variable: terminalCode" File: /var/www/Kronus_GenesisAbbott/cashier.genesis.abbott/app/frontend/models/TransactionSummaryModel.php Line: 359
[2014-06-05 16:13:26.358337][NOTICE] "Undefined variable: terminalCode" File: /var/www/Kronus_GenesisAbbott/cashier.genesis.abbott/app/frontend/models/TransactionSummaryModel.php Line: 359
[2014-06-05 16:13:26.358568][NOTICE] "Undefined variable: terminalCode" File: /var/www/Kronus_GenesisAbbott/cashier.genesis.abbott/app/frontend/models/TransactionSummaryModel.php Line: 359
[2014-06-05 16:13:26.358835][NOTICE] "Undefined variable: terminalCode" File: /var/www/Kronus_GenesisAbbott/cashier.genesis.abbott/app/frontend/models/TransactionSummaryModel.php Line: 359
[2014-06-05 16:13:26.359072][NOTICE] "Undefined variable: terminalCode" File: /var/www/Kronus_GenesisAbbott/cashier.genesis.abbott/app/frontend/models/TransactionSummaryModel.php Line: 359
[2014-06-05 16:13:26.359331][NOTICE] "Undefined variable: terminalCode" File: /var/www/Kronus_GenesisAbbott/cashier.genesis.abbott/app/frontend/models/TransactionSummaryModel.php Line: 359
[2014-06-05 16:13:26.359563][NOTICE] "Undefined variable: terminalCode" File: /var/www/Kronus_GenesisAbbott/cashier.genesis.abbott/app/frontend/models/TransactionSummaryModel.php Line: 359
[2014-06-05 16:13:26.359821][NOTICE] "Undefined variable: terminalCode" File: /var/www/Kronus_GenesisAbbott/cashier.genesis.abbott/app/frontend/models/TransactionSummaryModel.php Line: 359
[2014-06-05 16:13:26.360052][NOTICE] "Undefined variable: terminalCode" File: /var/www/Kronus_GenesisAbbott/cashier.genesis.abbott/app/frontend/models/TransactionSummaryModel.php Line: 359
[2014-06-05 16:13:26.360312][NOTICE] "Undefined variable: terminalCode" File: /var/www/Kronus_GenesisAbbott/cashier.genesis.abbott/app/frontend/models/TransactionSummaryModel.php Line: 359
[2014-06-05 16:13:26.360557][NOTICE] "Undefined variable: terminalCode" File: /var/www/Kronus_GenesisAbbott/cashier.genesis.abbott/app/frontend/models/TransactionSummaryModel.php Line: 359
[2014-06-05 16:13:26.360824][NOTICE] "Undefined variable: terminalCode" File: /var/www/Kronus_GenesisAbbott/cashier.genesis.abbott/app/frontend/models/TransactionSummaryModel.php Line: 359
[2014-06-05 16:13:26.361060][NOTICE] "Undefined variable: terminalCode" File: /var/www/Kronus_GenesisAbbott/cashier.genesis.abbott/app/frontend/models/TransactionSummaryModel.php Line: 359
[2014-06-05 16:13:26.361241][NOTICE] "Undefined variable: terminalCode" File: /var/www/Kronus_GenesisAbbott/cashier.genesis.abbott/app/frontend/models/TransactionSummaryModel.php Line: 359
[2014-06-05 16:13:26.361321][NOTICE] "Undefined variable: terminalCode" File: /var/www/Kronus_GenesisAbbott/cashier.genesis.abbott/app/frontend/models/TransactionSummaryModel.php Line: 359
[2014-06-05 16:13:26.361587][NOTICE] "Undefined variable: terminalCode" File: /var/www/Kronus_GenesisAbbott/cashier.genesis.abbott/app/frontend/models/TransactionSummaryModel.php Line: 359
[2014-06-05 16:13:26.361817][NOTICE] "Undefined variable: terminalCode" File: /var/www/Kronus_GenesisAbbott/cashier.genesis.abbott/app/frontend/models/TransactionSummaryModel.php Line: 359
[2014-06-05 16:13:26.362077][NOTICE] "Undefined variable: terminalCode" File: /var/www/Kronus_GenesisAbbott/cashier.genesis.abbott/app/frontend/models/TransactionSummaryModel.php Line: 359
[2014-06-05 16:13:26.362345][NOTICE] "Undefined variable: terminalCode" File: /var/www/Kronus_GenesisAbbott/cashier.genesis.abbott/app/frontend/models/TransactionSummaryModel.php Line: 359
[2014-06-05 16:13:26.362607][NOTICE] "Undefined variable: terminalCode" File: /var/www/Kronus_GenesisAbbott/cashier.genesis.abbott/app/frontend/models/TransactionSummaryModel.php Line: 359
[2014-06-05 16:13:26.362841][NOTICE] "Undefined variable: terminalCode" File: /var/www/Kronus_GenesisAbbott/cashier.genesis.abbott/app/frontend/models/TransactionSummaryModel.php Line: 359
[2014-06-05 16:13:26.363104][NOTICE] "Undefined variable: terminalCode" File: /var/www/Kronus_GenesisAbbott/cashier.genesis.abbott/app/frontend/models/TransactionSummaryModel.php Line: 359
[2014-06-05 16:13:26.363340][NOTICE] "Undefined variable: terminalCode" File: /var/www/Kronus_GenesisAbbott/cashier.genesis.abbott/app/frontend/models/TransactionSummaryModel.php Line: 359
[2014-06-05 16:13:26.363609][NOTICE] "Undefined variable: terminalCode" File: /var/www/Kronus_GenesisAbbott/cashier.genesis.abbott/app/frontend/models/TransactionSummaryModel.php Line: 359
[2014-06-05 16:13:26.363849][NOTICE] "Undefined variable: terminalCode" File: /var/www/Kronus_GenesisAbbott/cashier.genesis.abbott/app/frontend/models/TransactionSummaryModel.php Line: 359
[2014-06-05 16:13:26.364103][NOTICE] "Undefined variable: terminalCode" File: /var/www/Kronus_GenesisAbbott/cashier.genesis.abbott/app/frontend/models/TransactionSummaryModel.php Line: 359
[2014-06-05 16:13:26.364330][NOTICE] "Undefined variable: terminalCode" File: /var/www/Kronus_GenesisAbbott/cashier.genesis.abbott/app/frontend/models/TransactionSummaryModel.php Line: 359
[2014-06-05 16:13:26.413414][NOTICE] "Undefined variable: depositcash" File: /var/www/Kronus_GenesisAbbott/cashier.genesis.abbott/app/frontend/views/reports/reports_transaction_history_tpl.php Line: 76
[2014-06-05 16:13:26.413734][NOTICE] "Undefined variable: depositticket" File: /var/www/Kronus_GenesisAbbott/cashier.genesis.abbott/app/frontend/views/reports/reports_transaction_history_tpl.php Line: 77
[2014-06-05 16:13:26.413960][NOTICE] "Undefined variable: depositcoupon" File: /var/www/Kronus_GenesisAbbott/cashier.genesis.abbott/app/frontend/views/reports/reports_transaction_history_tpl.php Line: 78
[2014-06-05 16:13:26.414207][NOTICE] "Undefined variable: reloadcash" File: /var/www/Kronus_GenesisAbbott/cashier.genesis.abbott/app/frontend/views/reports/reports_transaction_history_tpl.php Line: 80
[2014-06-05 16:13:26.414436][NOTICE] "Undefined variable: reloadticket" File: /var/www/Kronus_GenesisAbbott/cashier.genesis.abbott/app/frontend/views/reports/reports_transaction_history_tpl.php Line: 81
[2014-06-05 16:13:26.414676][NOTICE] "Undefined variable: reloadcoupon" File: /var/www/Kronus_GenesisAbbott/cashier.genesis.abbott/app/frontend/views/reports/reports_transaction_history_tpl.php Line: 82
[2014-06-05 16:13:26.414896][NOTICE] "Undefined variable: withdrawalcashier" File: /var/www/Kronus_GenesisAbbott/cashier.genesis.abbott/app/frontend/views/reports/reports_transaction_history_tpl.php Line: 85
[2014-06-05 16:13:26.415134][NOTICE] "Undefined variable: withdrawalgenesis" File: /var/www/Kronus_GenesisAbbott/cashier.genesis.abbott/app/frontend/views/reports/reports_transaction_history_tpl.php Line: 86
[2014-06-05 16:13:26.428341][NOTICE] "Undefined variable: regdepositcash" File: /var/www/Kronus_GenesisAbbott/cashier.genesis.abbott/app/frontend/views/reports/reports_transaction_history_tpl.php Line: 108
[2014-06-05 16:13:26.428609][NOTICE] "Undefined variable: regdepositticket" File: /var/www/Kronus_GenesisAbbott/cashier.genesis.abbott/app/frontend/views/reports/reports_transaction_history_tpl.php Line: 109
[2014-06-05 16:13:26.428842][NOTICE] "Undefined variable: regdepositcoupon" File: /var/www/Kronus_GenesisAbbott/cashier.genesis.abbott/app/frontend/views/reports/reports_transaction_history_tpl.php Line: 110
[2014-06-05 16:13:26.429122][NOTICE] "Undefined variable: regreloadcash" File: /var/www/Kronus_GenesisAbbott/cashier.genesis.abbott/app/frontend/views/reports/reports_transaction_history_tpl.php Line: 112
[2014-06-05 16:13:26.429353][NOTICE] "Undefined variable: regreloadticket" File: /var/www/Kronus_GenesisAbbott/cashier.genesis.abbott/app/frontend/views/reports/reports_transaction_history_tpl.php Line: 113
[2014-06-05 16:13:26.429600][NOTICE] "Undefined variable: regreloadcoupon" File: /var/www/Kronus_GenesisAbbott/cashier.genesis.abbott/app/frontend/views/reports/reports_transaction_history_tpl.php Line: 114
[2014-06-05 16:13:26.429826][NOTICE] "Undefined variable: gendepositcash" File: /var/www/Kronus_GenesisAbbott/cashier.genesis.abbott/app/frontend/views/reports/reports_transaction_history_tpl.php Line: 116
[2014-06-05 16:13:26.430089][NOTICE] "Undefined variable: gendepositticket" File: /var/www/Kronus_GenesisAbbott/cashier.genesis.abbott/app/frontend/views/reports/reports_transaction_history_tpl.php Line: 117
[2014-06-05 16:13:26.430326][NOTICE] "Undefined variable: gendepositcoupon" File: /var/www/Kronus_GenesisAbbott/cashier.genesis.abbott/app/frontend/views/reports/reports_transaction_history_tpl.php Line: 118
[2014-06-05 16:13:26.430580][NOTICE] "Undefined variable: genreloadcash" File: /var/www/Kronus_GenesisAbbott/cashier.genesis.abbott/app/frontend/views/reports/reports_transaction_history_tpl.php Line: 120
[2014-06-05 16:13:26.430810][NOTICE] "Undefined variable: genreloadticket" File: /var/www/Kronus_GenesisAbbott/cashier.genesis.abbott/app/frontend/views/reports/reports_transaction_history_tpl.php Line: 121
[2014-06-05 16:13:26.431070][NOTICE] "Undefined variable: genreloadcoupon" File: /var/www/Kronus_GenesisAbbott/cashier.genesis.abbott/app/frontend/views/reports/reports_transaction_history_tpl.php Line: 122
[2014-06-05 16:13:26.431302][NOTICE] "Undefined variable: withdrawalcashier2" File: /var/www/Kronus_GenesisAbbott/cashier.genesis.abbott/app/frontend/views/reports/reports_transaction_history_tpl.php Line: 125
[2014-06-05 16:13:26.431551][NOTICE] "Undefined variable: withdrawalgenesis2" File: /var/www/Kronus_GenesisAbbott/cashier.genesis.abbott/app/frontend/views/reports/reports_transaction_history_tpl.php Line: 126
[2014-06-05 16:23:11.111783][NOTICE] "Undefined index: startlimit" File: /var/www/Kronus_GenesisAbbott/cashier.genesis.abbott/app/frontend/controllers/ReportsController.php Line: 56
[2014-06-05 16:23:11.128502][NOTICE] "Undefined variable: terminalCode" File: /var/www/Kronus_GenesisAbbott/cashier.genesis.abbott/app/frontend/models/TransactionSummaryModel.php Line: 359
[2014-06-05 16:23:11.128749][NOTICE] "Undefined variable: terminalCode" File: /var/www/Kronus_GenesisAbbott/cashier.genesis.abbott/app/frontend/models/TransactionSummaryModel.php Line: 359
[2014-06-05 16:23:11.128992][NOTICE] "Undefined variable: terminalCode" File: /var/www/Kronus_GenesisAbbott/cashier.genesis.abbott/app/frontend/models/TransactionSummaryModel.php Line: 359
[2014-06-05 16:23:11.129215][NOTICE] "Undefined variable: terminalCode" File: /var/www/Kronus_GenesisAbbott/cashier.genesis.abbott/app/frontend/models/TransactionSummaryModel.php Line: 359
[2014-06-05 16:23:11.129426][NOTICE] "Undefined variable: terminalCode" File: /var/www/Kronus_GenesisAbbott/cashier.genesis.abbott/app/frontend/models/TransactionSummaryModel.php Line: 359
[2014-06-05 16:23:11.129643][NOTICE] "Undefined variable: terminalCode" File: /var/www/Kronus_GenesisAbbott/cashier.genesis.abbott/app/frontend/models/TransactionSummaryModel.php Line: 359
[2014-06-05 16:23:11.129850][NOTICE] "Undefined variable: terminalCode" File: /var/www/Kronus_GenesisAbbott/cashier.genesis.abbott/app/frontend/models/TransactionSummaryModel.php Line: 359
[2014-06-05 16:23:11.130069][NOTICE] "Undefined variable: terminalCode" File: /var/www/Kronus_GenesisAbbott/cashier.genesis.abbott/app/frontend/models/TransactionSummaryModel.php Line: 359
[2014-06-05 16:23:11.130274][NOTICE] "Undefined variable: terminalCode" File: /var/www/Kronus_GenesisAbbott/cashier.genesis.abbott/app/frontend/models/TransactionSummaryModel.php Line: 359
[2014-06-05 16:23:11.130478][NOTICE] "Undefined variable: terminalCode" File: /var/www/Kronus_GenesisAbbott/cashier.genesis.abbott/app/frontend/models/TransactionSummaryModel.php Line: 359
[2014-06-05 16:23:11.130698][NOTICE] "Undefined variable: terminalCode" File: /var/www/Kronus_GenesisAbbott/cashier.genesis.abbott/app/frontend/models/TransactionSummaryModel.php Line: 359
[2014-06-05 16:23:11.130900][NOTICE] "Undefined variable: terminalCode" File: /var/www/Kronus_GenesisAbbott/cashier.genesis.abbott/app/frontend/models/TransactionSummaryModel.php Line: 359
[2014-06-05 16:23:11.131113][NOTICE] "Undefined variable: terminalCode" File: /var/www/Kronus_GenesisAbbott/cashier.genesis.abbott/app/frontend/models/TransactionSummaryModel.php Line: 359
[2014-06-05 16:23:11.131316][NOTICE] "Undefined variable: terminalCode" File: /var/www/Kronus_GenesisAbbott/cashier.genesis.abbott/app/frontend/models/TransactionSummaryModel.php Line: 359
[2014-06-05 16:23:11.131537][NOTICE] "Undefined variable: terminalCode" File: /var/www/Kronus_GenesisAbbott/cashier.genesis.abbott/app/frontend/models/TransactionSummaryModel.php Line: 359
[2014-06-05 16:23:11.131742][NOTICE] "Undefined variable: terminalCode" File: /var/www/Kronus_GenesisAbbott/cashier.genesis.abbott/app/frontend/models/TransactionSummaryModel.php Line: 359
[2014-06-05 16:23:11.131948][NOTICE] "Undefined variable: terminalCode" File: /var/www/Kronus_GenesisAbbott/cashier.genesis.abbott/app/frontend/models/TransactionSummaryModel.php Line: 359
[2014-06-05 16:23:11.132179][NOTICE] "Undefined variable: terminalCode" File: /var/www/Kronus_GenesisAbbott/cashier.genesis.abbott/app/frontend/models/TransactionSummaryModel.php Line: 359
[2014-06-05 16:23:11.132385][NOTICE] "Undefined variable: terminalCode" File: /var/www/Kronus_GenesisAbbott/cashier.genesis.abbott/app/frontend/models/TransactionSummaryModel.php Line: 359
[2014-06-05 16:23:11.132607][NOTICE] "Undefined variable: terminalCode" File: /var/www/Kronus_GenesisAbbott/cashier.genesis.abbott/app/frontend/models/TransactionSummaryModel.php Line: 359
[2014-06-05 16:23:11.132844][NOTICE] "Undefined variable: terminalCode" File: /var/www/Kronus_GenesisAbbott/cashier.genesis.abbott/app/frontend/models/TransactionSummaryModel.php Line: 359
[2014-06-05 16:23:11.133040][NOTICE] "Undefined variable: terminalCode" File: /var/www/Kronus_GenesisAbbott/cashier.genesis.abbott/app/frontend/models/TransactionSummaryModel.php Line: 359
[2014-06-05 16:23:11.133217][NOTICE] "Undefined variable: terminalCode" File: /var/www/Kronus_GenesisAbbott/cashier.genesis.abbott/app/frontend/models/TransactionSummaryModel.php Line: 359
[2014-06-05 16:23:11.133416][NOTICE] "Undefined variable: terminalCode" File: /var/www/Kronus_GenesisAbbott/cashier.genesis.abbott/app/frontend/models/TransactionSummaryModel.php Line: 359
[2014-06-05 16:23:11.134109][NOTICE] "Undefined variable: terminalCode" File: /var/www/Kronus_GenesisAbbott/cashier.genesis.abbott/app/frontend/models/TransactionSummaryModel.php Line: 359
[2014-06-05 16:23:11.134312][NOTICE] "Undefined variable: terminalCode" File: /var/www/Kronus_GenesisAbbott/cashier.genesis.abbott/app/frontend/models/TransactionSummaryModel.php Line: 359
[2014-06-05 16:23:11.134542][NOTICE] "Undefined variable: terminalCode" File: /var/www/Kronus_GenesisAbbott/cashier.genesis.abbott/app/frontend/models/TransactionSummaryModel.php Line: 359
[2014-06-05 16:23:11.134747][NOTICE] "Undefined variable: terminalCode" File: /var/www/Kronus_GenesisAbbott/cashier.genesis.abbott/app/frontend/models/TransactionSummaryModel.php Line: 359
[2014-06-05 16:23:11.134945][NOTICE] "Undefined variable: terminalCode" File: /var/www/Kronus_GenesisAbbott/cashier.genesis.abbott/app/frontend/models/TransactionSummaryModel.php Line: 359
[2014-06-05 16:23:11.135162][NOTICE] "Undefined variable: terminalCode" File: /var/www/Kronus_GenesisAbbott/cashier.genesis.abbott/app/frontend/models/TransactionSummaryModel.php Line: 359
[2014-06-05 16:23:11.135373][NOTICE] "Undefined variable: terminalCode" File: /var/www/Kronus_GenesisAbbott/cashier.genesis.abbott/app/frontend/models/TransactionSummaryModel.php Line: 359
[2014-06-05 16:23:41.117123][NOTICE] "Undefined index: startlimit" File: /var/www/Kronus_GenesisAbbott/cashier.genesis.abbott/app/frontend/controllers/ReportsController.php Line: 56
[2014-06-05 16:23:41.134380][NOTICE] "Undefined variable: terminalCode" File: /var/www/Kronus_GenesisAbbott/cashier.genesis.abbott/app/frontend/models/TransactionSummaryModel.php Line: 359
[2014-06-05 16:23:41.136554][NOTICE] "Undefined variable: terminalCode" File: /var/www/Kronus_GenesisAbbott/cashier.genesis.abbott/app/frontend/models/TransactionSummaryModel.php Line: 359
[2014-06-05 16:23:41.137188][NOTICE] "Undefined variable: terminalCode" File: /var/www/Kronus_GenesisAbbott/cashier.genesis.abbott/app/frontend/models/TransactionSummaryModel.php Line: 359
[2014-06-05 16:23:41.137396][NOTICE] "Undefined variable: terminalCode" File: /var/www/Kronus_GenesisAbbott/cashier.genesis.abbott/app/frontend/models/TransactionSummaryModel.php Line: 359
[2014-06-05 16:23:41.138453][NOTICE] "Undefined variable: terminalCode" File: /var/www/Kronus_GenesisAbbott/cashier.genesis.abbott/app/frontend/models/TransactionSummaryModel.php Line: 359
[2014-06-05 16:23:41.139408][NOTICE] "Undefined variable: terminalCode" File: /var/www/Kronus_GenesisAbbott/cashier.genesis.abbott/app/frontend/models/TransactionSummaryModel.php Line: 359
[2014-06-05 16:23:41.139649][NOTICE] "Undefined variable: terminalCode" File: /var/www/Kronus_GenesisAbbott/cashier.genesis.abbott/app/frontend/models/TransactionSummaryModel.php Line: 359
[2014-06-05 16:23:41.139888][NOTICE] "Undefined variable: terminalCode" File: /var/www/Kronus_GenesisAbbott/cashier.genesis.abbott/app/frontend/models/TransactionSummaryModel.php Line: 359
[2014-06-05 16:23:41.140984][NOTICE] "Undefined variable: terminalCode" File: /var/www/Kronus_GenesisAbbott/cashier.genesis.abbott/app/frontend/models/TransactionSummaryModel.php Line: 359
[2014-06-05 16:23:41.141250][NOTICE] "Undefined variable: terminalCode" File: /var/www/Kronus_GenesisAbbott/cashier.genesis.abbott/app/frontend/models/TransactionSummaryModel.php Line: 359
[2014-06-05 16:23:41.141472][NOTICE] "Undefined variable: terminalCode" File: /var/www/Kronus_GenesisAbbott/cashier.genesis.abbott/app/frontend/models/TransactionSummaryModel.php Line: 359
[2014-06-05 16:23:41.141708][NOTICE] "Undefined variable: terminalCode" File: /var/www/Kronus_GenesisAbbott/cashier.genesis.abbott/app/frontend/models/TransactionSummaryModel.php Line: 359
[2014-06-05 16:23:41.141937][NOTICE] "Undefined variable: terminalCode" File: /var/www/Kronus_GenesisAbbott/cashier.genesis.abbott/app/frontend/models/TransactionSummaryModel.php Line: 359
[2014-06-05 16:23:41.142177][NOTICE] "Undefined variable: terminalCode" File: /var/www/Kronus_GenesisAbbott/cashier.genesis.abbott/app/frontend/models/TransactionSummaryModel.php Line: 359
[2014-06-05 16:23:41.142398][NOTICE] "Undefined variable: terminalCode" File: /var/www/Kronus_GenesisAbbott/cashier.genesis.abbott/app/frontend/models/TransactionSummaryModel.php Line: 359
[2014-06-05 16:23:41.142625][NOTICE] "Undefined variable: terminalCode" File: /var/www/Kronus_GenesisAbbott/cashier.genesis.abbott/app/frontend/models/TransactionSummaryModel.php Line: 359
[2014-06-05 16:23:41.142855][NOTICE] "Undefined variable: terminalCode" File: /var/www/Kronus_GenesisAbbott/cashier.genesis.abbott/app/frontend/models/TransactionSummaryModel.php Line: 359
[2014-06-05 16:23:41.143080][NOTICE] "Undefined variable: terminalCode" File: /var/www/Kronus_GenesisAbbott/cashier.genesis.abbott/app/frontend/models/TransactionSummaryModel.php Line: 359
[2014-06-05 16:23:41.143108][NOTICE] "Undefined variable: terminalCode" File: /var/www/Kronus_GenesisAbbott/cashier.genesis.abbott/app/frontend/models/TransactionSummaryModel.php Line: 359
[2014-06-05 16:23:41.143219][NOTICE] "Undefined variable: terminalCode" File: /var/www/Kronus_GenesisAbbott/cashier.genesis.abbott/app/frontend/models/TransactionSummaryModel.php Line: 359
[2014-06-05 16:23:41.143485][NOTICE] "Undefined variable: terminalCode" File: /var/www/Kronus_GenesisAbbott/cashier.genesis.abbott/app/frontend/models/TransactionSummaryModel.php Line: 359
[2014-06-05 16:23:41.143711][NOTICE] "Undefined variable: terminalCode" File: /var/www/Kronus_GenesisAbbott/cashier.genesis.abbott/app/frontend/models/TransactionSummaryModel.php Line: 359
[2014-06-05 16:23:41.143911][NOTICE] "Undefined variable: terminalCode" File: /var/www/Kronus_GenesisAbbott/cashier.genesis.abbott/app/frontend/models/TransactionSummaryModel.php Line: 359
[2014-06-05 16:23:41.144164][NOTICE] "Undefined variable: terminalCode" File: /var/www/Kronus_GenesisAbbott/cashier.genesis.abbott/app/frontend/models/TransactionSummaryModel.php Line: 359
[2014-06-05 16:23:41.144381][NOTICE] "Undefined variable: terminalCode" File: /var/www/Kronus_GenesisAbbott/cashier.genesis.abbott/app/frontend/models/TransactionSummaryModel.php Line: 359
[2014-06-05 16:23:41.144627][NOTICE] "Undefined variable: terminalCode" File: /var/www/Kronus_GenesisAbbott/cashier.genesis.abbott/app/frontend/models/TransactionSummaryModel.php Line: 359
[2014-06-05 16:23:41.144851][NOTICE] "Undefined variable: terminalCode" File: /var/www/Kronus_GenesisAbbott/cashier.genesis.abbott/app/frontend/models/TransactionSummaryModel.php Line: 359
[2014-06-05 16:23:41.145084][NOTICE] "Undefined variable: terminalCode" File: /var/www/Kronus_GenesisAbbott/cashier.genesis.abbott/app/frontend/models/TransactionSummaryModel.php Line: 359
[2014-06-05 16:23:41.146196][NOTICE] "Undefined variable: terminalCode" File: /var/www/Kronus_GenesisAbbott/cashier.genesis.abbott/app/frontend/models/TransactionSummaryModel.php Line: 359
[2014-06-05 16:23:41.146610][NOTICE] "Undefined variable: terminalCode" File: /var/www/Kronus_GenesisAbbott/cashier.genesis.abbott/app/frontend/models/TransactionSummaryModel.php Line: 359
[2014-06-05 16:23:41.146754][NOTICE] "Undefined variable: terminalCode" File: /var/www/Kronus_GenesisAbbott/cashier.genesis.abbott/app/frontend/models/TransactionSummaryModel.php Line: 359
[2014-06-05 16:25:26.444075][NOTICE] "Undefined index: startlimit" File: /var/www/Kronus_GenesisAbbott/cashier.genesis.abbott/app/frontend/controllers/ReportsController.php Line: 56
[2014-06-05 16:25:26.462462][NOTICE] "Undefined variable: terminalCode" File: /var/www/Kronus_GenesisAbbott/cashier.genesis.abbott/app/frontend/models/TransactionSummaryModel.php Line: 359
[2014-06-05 16:25:26.462821][NOTICE] "Undefined variable: terminalCode" File: /var/www/Kronus_GenesisAbbott/cashier.genesis.abbott/app/frontend/models/TransactionSummaryModel.php Line: 359
[2014-06-05 16:25:26.463063][NOTICE] "Undefined variable: terminalCode" File: /var/www/Kronus_GenesisAbbott/cashier.genesis.abbott/app/frontend/models/TransactionSummaryModel.php Line: 359
[2014-06-05 16:25:26.463314][NOTICE] "Undefined variable: terminalCode" File: /var/www/Kronus_GenesisAbbott/cashier.genesis.abbott/app/frontend/models/TransactionSummaryModel.php Line: 359
[2014-06-05 16:25:26.463535][NOTICE] "Undefined variable: terminalCode" File: /var/www/Kronus_GenesisAbbott/cashier.genesis.abbott/app/frontend/models/TransactionSummaryModel.php Line: 359
[2014-06-05 16:25:26.463801][NOTICE] "Undefined variable: terminalCode" File: /var/www/Kronus_GenesisAbbott/cashier.genesis.abbott/app/frontend/models/TransactionSummaryModel.php Line: 359
[2014-06-05 16:25:26.464026][NOTICE] "Undefined variable: terminalCode" File: /var/www/Kronus_GenesisAbbott/cashier.genesis.abbott/app/frontend/models/TransactionSummaryModel.php Line: 359
[2014-06-05 16:25:26.464262][NOTICE] "Undefined variable: terminalCode" File: /var/www/Kronus_GenesisAbbott/cashier.genesis.abbott/app/frontend/models/TransactionSummaryModel.php Line: 359
[2014-06-05 16:25:26.464486][NOTICE] "Undefined variable: terminalCode" File: /var/www/Kronus_GenesisAbbott/cashier.genesis.abbott/app/frontend/models/TransactionSummaryModel.php Line: 359
[2014-06-05 16:25:26.464762][NOTICE] "Undefined variable: terminalCode" File: /var/www/Kronus_GenesisAbbott/cashier.genesis.abbott/app/frontend/models/TransactionSummaryModel.php Line: 359
[2014-06-05 16:25:26.465006][NOTICE] "Undefined variable: terminalCode" File: /var/www/Kronus_GenesisAbbott/cashier.genesis.abbott/app/frontend/models/TransactionSummaryModel.php Line: 359
[2014-06-05 16:25:26.465207][NOTICE] "Undefined variable: terminalCode" File: /var/www/Kronus_GenesisAbbott/cashier.genesis.abbott/app/frontend/models/TransactionSummaryModel.php Line: 359
[2014-06-05 16:25:26.465263][NOTICE] "Undefined variable: terminalCode" File: /var/www/Kronus_GenesisAbbott/cashier.genesis.abbott/app/frontend/models/TransactionSummaryModel.php Line: 359
[2014-06-05 16:25:26.465509][NOTICE] "Undefined variable: terminalCode" File: /var/www/Kronus_GenesisAbbott/cashier.genesis.abbott/app/frontend/models/TransactionSummaryModel.php Line: 359
[2014-06-05 16:25:26.465750][NOTICE] "Undefined variable: terminalCode" File: /var/www/Kronus_GenesisAbbott/cashier.genesis.abbott/app/frontend/models/TransactionSummaryModel.php Line: 359
[2014-06-05 16:25:26.465990][NOTICE] "Undefined variable: terminalCode" File: /var/www/Kronus_GenesisAbbott/cashier.genesis.abbott/app/frontend/models/TransactionSummaryModel.php Line: 359
[2014-06-05 16:25:26.466215][NOTICE] "Undefined variable: terminalCode" File: /var/www/Kronus_GenesisAbbott/cashier.genesis.abbott/app/frontend/models/TransactionSummaryModel.php Line: 359
[2014-06-05 16:25:26.466436][NOTICE] "Undefined variable: terminalCode" File: /var/www/Kronus_GenesisAbbott/cashier.genesis.abbott/app/frontend/models/TransactionSummaryModel.php Line: 359
[2014-06-05 16:25:26.466670][NOTICE] "Undefined variable: terminalCode" File: /var/www/Kronus_GenesisAbbott/cashier.genesis.abbott/app/frontend/models/TransactionSummaryModel.php Line: 359
[2014-06-05 16:25:26.466890][NOTICE] "Undefined variable: terminalCode" File: /var/www/Kronus_GenesisAbbott/cashier.genesis.abbott/app/frontend/models/TransactionSummaryModel.php Line: 359
[2014-06-05 16:25:26.467126][NOTICE] "Undefined variable: terminalCode" File: /var/www/Kronus_GenesisAbbott/cashier.genesis.abbott/app/frontend/models/TransactionSummaryModel.php Line: 359
[2014-06-05 16:25:26.467356][NOTICE] "Undefined variable: terminalCode" File: /var/www/Kronus_GenesisAbbott/cashier.genesis.abbott/app/frontend/models/TransactionSummaryModel.php Line: 359
[2014-06-05 16:25:26.467595][NOTICE] "Undefined variable: terminalCode" File: /var/www/Kronus_GenesisAbbott/cashier.genesis.abbott/app/frontend/models/TransactionSummaryModel.php Line: 359
[2014-06-05 16:25:26.467825][NOTICE] "Undefined variable: terminalCode" File: /var/www/Kronus_GenesisAbbott/cashier.genesis.abbott/app/frontend/models/TransactionSummaryModel.php Line: 359
[2014-06-05 16:25:26.468075][NOTICE] "Undefined variable: terminalCode" File: /var/www/Kronus_GenesisAbbott/cashier.genesis.abbott/app/frontend/models/TransactionSummaryModel.php Line: 359
[2014-06-05 16:25:26.468302][NOTICE] "Undefined variable: terminalCode" File: /var/www/Kronus_GenesisAbbott/cashier.genesis.abbott/app/frontend/models/TransactionSummaryModel.php Line: 359
[2014-06-05 16:25:26.468550][NOTICE] "Undefined variable: terminalCode" File: /var/www/Kronus_GenesisAbbott/cashier.genesis.abbott/app/frontend/models/TransactionSummaryModel.php Line: 359
[2014-06-05 16:25:26.468788][NOTICE] "Undefined variable: terminalCode" File: /var/www/Kronus_GenesisAbbott/cashier.genesis.abbott/app/frontend/models/TransactionSummaryModel.php Line: 359
[2014-06-05 16:25:26.469017][NOTICE] "Undefined variable: terminalCode" File: /var/www/Kronus_GenesisAbbott/cashier.genesis.abbott/app/frontend/models/TransactionSummaryModel.php Line: 359
[2014-06-05 16:25:26.469029][NOTICE] "Undefined variable: terminalCode" File: /var/www/Kronus_GenesisAbbott/cashier.genesis.abbott/app/frontend/models/TransactionSummaryModel.php Line: 359
[2014-06-05 16:25:26.469252][NOTICE] "Undefined variable: terminalCode" File: /var/www/Kronus_GenesisAbbott/cashier.genesis.abbott/app/frontend/models/TransactionSummaryModel.php Line: 359
[2014-06-05 16:25:43.503227][NOTICE] "Undefined index: startlimit" File: /var/www/Kronus_GenesisAbbott/cashier.genesis.abbott/app/frontend/controllers/ReportsController.php Line: 56
[2014-06-05 16:25:43.513679][NOTICE] "Undefined variable: terminalCode" File: /var/www/Kronus_GenesisAbbott/cashier.genesis.abbott/app/frontend/models/TransactionSummaryModel.php Line: 359
[2014-06-05 16:25:43.513927][NOTICE] "Undefined variable: terminalCode" File: /var/www/Kronus_GenesisAbbott/cashier.genesis.abbott/app/frontend/models/TransactionSummaryModel.php Line: 359
[2014-06-05 16:25:43.514185][NOTICE] "Undefined variable: terminalCode" File: /var/www/Kronus_GenesisAbbott/cashier.genesis.abbott/app/frontend/models/TransactionSummaryModel.php Line: 359
[2014-06-05 16:25:43.514438][NOTICE] "Undefined variable: terminalCode" File: /var/www/Kronus_GenesisAbbott/cashier.genesis.abbott/app/frontend/models/TransactionSummaryModel.php Line: 359
[2014-06-05 16:25:43.514671][NOTICE] "Undefined variable: terminalCode" File: /var/www/Kronus_GenesisAbbott/cashier.genesis.abbott/app/frontend/models/TransactionSummaryModel.php Line: 359
[2014-06-05 16:25:43.514918][NOTICE] "Undefined variable: terminalCode" File: /var/www/Kronus_GenesisAbbott/cashier.genesis.abbott/app/frontend/models/TransactionSummaryModel.php Line: 359
[2014-06-05 16:25:43.515200][NOTICE] "Undefined variable: terminalCode" File: /var/www/Kronus_GenesisAbbott/cashier.genesis.abbott/app/frontend/models/TransactionSummaryModel.php Line: 359
[2014-06-05 16:25:43.515551][NOTICE] "Undefined variable: terminalCode" File: /var/www/Kronus_GenesisAbbott/cashier.genesis.abbott/app/frontend/models/TransactionSummaryModel.php Line: 359
[2014-06-05 16:25:43.515898][NOTICE] "Undefined variable: terminalCode" File: /var/www/Kronus_GenesisAbbott/cashier.genesis.abbott/app/frontend/models/TransactionSummaryModel.php Line: 359
[2014-06-05 16:25:43.516214][NOTICE] "Undefined variable: terminalCode" File: /var/www/Kronus_GenesisAbbott/cashier.genesis.abbott/app/frontend/models/TransactionSummaryModel.php Line: 359
[2014-06-05 16:25:43.516536][NOTICE] "Undefined variable: terminalCode" File: /var/www/Kronus_GenesisAbbott/cashier.genesis.abbott/app/frontend/models/TransactionSummaryModel.php Line: 359
[2014-06-05 16:25:43.516933][NOTICE] "Undefined variable: terminalCode" File: /var/www/Kronus_GenesisAbbott/cashier.genesis.abbott/app/frontend/models/TransactionSummaryModel.php Line: 359
[2014-06-05 16:25:43.517244][NOTICE] "Undefined variable: terminalCode" File: /var/www/Kronus_GenesisAbbott/cashier.genesis.abbott/app/frontend/models/TransactionSummaryModel.php Line: 359
[2014-06-05 16:25:43.517372][NOTICE] "Undefined variable: terminalCode" File: /var/www/Kronus_GenesisAbbott/cashier.genesis.abbott/app/frontend/models/TransactionSummaryModel.php Line: 359
[2014-06-05 16:25:43.517566][NOTICE] "Undefined variable: terminalCode" File: /var/www/Kronus_GenesisAbbott/cashier.genesis.abbott/app/frontend/models/TransactionSummaryModel.php Line: 359
[2014-06-05 16:25:43.517802][NOTICE] "Undefined variable: terminalCode" File: /var/www/Kronus_GenesisAbbott/cashier.genesis.abbott/app/frontend/models/TransactionSummaryModel.php Line: 359
[2014-06-05 16:25:43.518054][NOTICE] "Undefined variable: terminalCode" File: /var/www/Kronus_GenesisAbbott/cashier.genesis.abbott/app/frontend/models/TransactionSummaryModel.php Line: 359
[2014-06-05 16:25:43.518291][NOTICE] "Undefined variable: terminalCode" File: /var/www/Kronus_GenesisAbbott/cashier.genesis.abbott/app/frontend/models/TransactionSummaryModel.php Line: 359
[2014-06-05 16:25:43.518589][NOTICE] "Undefined variable: terminalCode" File: /var/www/Kronus_GenesisAbbott/cashier.genesis.abbott/app/frontend/models/TransactionSummaryModel.php Line: 359
[2014-06-05 16:25:43.518826][NOTICE] "Undefined variable: terminalCode" File: /var/www/Kronus_GenesisAbbott/cashier.genesis.abbott/app/frontend/models/TransactionSummaryModel.php Line: 359
[2014-06-05 16:25:43.519112][NOTICE] "Undefined variable: terminalCode" File: /var/www/Kronus_GenesisAbbott/cashier.genesis.abbott/app/frontend/models/TransactionSummaryModel.php Line: 359
[2014-06-05 16:25:43.519350][NOTICE] "Undefined variable: terminalCode" File: /var/www/Kronus_GenesisAbbott/cashier.genesis.abbott/app/frontend/models/TransactionSummaryModel.php Line: 359
[2014-06-05 16:25:43.519612][NOTICE] "Undefined variable: terminalCode" File: /var/www/Kronus_GenesisAbbott/cashier.genesis.abbott/app/frontend/models/TransactionSummaryModel.php Line: 359
[2014-06-05 16:25:43.519866][NOTICE] "Undefined variable: terminalCode" File: /var/www/Kronus_GenesisAbbott/cashier.genesis.abbott/app/frontend/models/TransactionSummaryModel.php Line: 359
[2014-06-05 16:25:43.520141][NOTICE] "Undefined variable: terminalCode" File: /var/www/Kronus_GenesisAbbott/cashier.genesis.abbott/app/frontend/models/TransactionSummaryModel.php Line: 359
[2014-06-05 16:25:43.520376][NOTICE] "Undefined variable: terminalCode" File: /var/www/Kronus_GenesisAbbott/cashier.genesis.abbott/app/frontend/models/TransactionSummaryModel.php Line: 359
[2014-06-05 16:25:43.520637][NOTICE] "Undefined variable: terminalCode" File: /var/www/Kronus_GenesisAbbott/cashier.genesis.abbott/app/frontend/models/TransactionSummaryModel.php Line: 359
[2014-06-05 16:25:43.520887][NOTICE] "Undefined variable: terminalCode" File: /var/www/Kronus_GenesisAbbott/cashier.genesis.abbott/app/frontend/models/TransactionSummaryModel.php Line: 359
[2014-06-05 16:25:43.521696][NOTICE] "Undefined variable: terminalCode" File: /var/www/Kronus_GenesisAbbott/cashier.genesis.abbott/app/frontend/models/TransactionSummaryModel.php Line: 359
[2014-06-05 16:25:43.521939][NOTICE] "Undefined variable: terminalCode" File: /var/www/Kronus_GenesisAbbott/cashier.genesis.abbott/app/frontend/models/TransactionSummaryModel.php Line: 359
[2014-06-05 16:25:43.522183][NOTICE] "Undefined variable: terminalCode" File: /var/www/Kronus_GenesisAbbott/cashier.genesis.abbott/app/frontend/models/TransactionSummaryModel.php Line: 359
[2014-06-05 16:26:59.995727][NOTICE] "Undefined index: startlimit" File: /var/www/Kronus_GenesisAbbott/cashier.genesis.abbott/app/frontend/controllers/ReportsController.php Line: 56
[2014-06-05 16:27:00.20539][NOTICE] "Undefined variable: terminalCode" File: /var/www/Kronus_GenesisAbbott/cashier.genesis.abbott/app/frontend/models/TransactionSummaryModel.php Line: 359
[2014-06-05 16:27:00.21004][NOTICE] "Undefined variable: terminalCode" File: /var/www/Kronus_GenesisAbbott/cashier.genesis.abbott/app/frontend/models/TransactionSummaryModel.php Line: 359
[2014-06-05 16:27:00.21321][NOTICE] "Undefined variable: terminalCode" File: /var/www/Kronus_GenesisAbbott/cashier.genesis.abbott/app/frontend/models/TransactionSummaryModel.php Line: 359
[2014-06-05 16:27:00.22347][NOTICE] "Undefined variable: terminalCode" File: /var/www/Kronus_GenesisAbbott/cashier.genesis.abbott/app/frontend/models/TransactionSummaryModel.php Line: 359
[2014-06-05 16:27:00.22679][NOTICE] "Undefined variable: terminalCode" File: /var/www/Kronus_GenesisAbbott/cashier.genesis.abbott/app/frontend/models/TransactionSummaryModel.php Line: 359
[2014-06-05 16:27:00.23004][NOTICE] "Undefined variable: terminalCode" File: /var/www/Kronus_GenesisAbbott/cashier.genesis.abbott/app/frontend/models/TransactionSummaryModel.php Line: 359
[2014-06-05 16:27:00.23311][NOTICE] "Undefined variable: terminalCode" File: /var/www/Kronus_GenesisAbbott/cashier.genesis.abbott/app/frontend/models/TransactionSummaryModel.php Line: 359
[2014-06-05 16:27:00.23607][NOTICE] "Undefined variable: terminalCode" File: /var/www/Kronus_GenesisAbbott/cashier.genesis.abbott/app/frontend/models/TransactionSummaryModel.php Line: 359
[2014-06-05 16:27:00.23857][NOTICE] "Undefined variable: terminalCode" File: /var/www/Kronus_GenesisAbbott/cashier.genesis.abbott/app/frontend/models/TransactionSummaryModel.php Line: 359
[2014-06-05 16:27:00.24128][NOTICE] "Undefined variable: terminalCode" File: /var/www/Kronus_GenesisAbbott/cashier.genesis.abbott/app/frontend/models/TransactionSummaryModel.php Line: 359
[2014-06-05 16:27:00.24375][NOTICE] "Undefined variable: terminalCode" File: /var/www/Kronus_GenesisAbbott/cashier.genesis.abbott/app/frontend/models/TransactionSummaryModel.php Line: 359
[2014-06-05 16:27:00.24636][NOTICE] "Undefined variable: terminalCode" File: /var/www/Kronus_GenesisAbbott/cashier.genesis.abbott/app/frontend/models/TransactionSummaryModel.php Line: 359
[2014-06-05 16:27:00.24888][NOTICE] "Undefined variable: terminalCode" File: /var/www/Kronus_GenesisAbbott/cashier.genesis.abbott/app/frontend/models/TransactionSummaryModel.php Line: 359
[2014-06-05 16:27:00.25164][NOTICE] "Undefined variable: terminalCode" File: /var/www/Kronus_GenesisAbbott/cashier.genesis.abbott/app/frontend/models/TransactionSummaryModel.php Line: 359
[2014-06-05 16:27:00.25416][NOTICE] "Undefined variable: terminalCode" File: /var/www/Kronus_GenesisAbbott/cashier.genesis.abbott/app/frontend/models/TransactionSummaryModel.php Line: 359
[2014-06-05 16:27:00.25690][NOTICE] "Undefined variable: terminalCode" File: /var/www/Kronus_GenesisAbbott/cashier.genesis.abbott/app/frontend/models/TransactionSummaryModel.php Line: 359
[2014-06-05 16:27:00.25936][NOTICE] "Undefined variable: terminalCode" File: /var/www/Kronus_GenesisAbbott/cashier.genesis.abbott/app/frontend/models/TransactionSummaryModel.php Line: 359
[2014-06-05 16:27:00.26191][NOTICE] "Undefined variable: terminalCode" File: /var/www/Kronus_GenesisAbbott/cashier.genesis.abbott/app/frontend/models/TransactionSummaryModel.php Line: 359
[2014-06-05 16:27:00.26437][NOTICE] "Undefined variable: terminalCode" File: /var/www/Kronus_GenesisAbbott/cashier.genesis.abbott/app/frontend/models/TransactionSummaryModel.php Line: 359
[2014-06-05 16:27:00.26711][NOTICE] "Undefined variable: terminalCode" File: /var/www/Kronus_GenesisAbbott/cashier.genesis.abbott/app/frontend/models/TransactionSummaryModel.php Line: 359
[2014-06-05 16:27:00.26952][NOTICE] "Undefined variable: terminalCode" File: /var/www/Kronus_GenesisAbbott/cashier.genesis.abbott/app/frontend/models/TransactionSummaryModel.php Line: 359
[2014-06-05 16:27:00.27218][NOTICE] "Undefined variable: terminalCode" File: /var/www/Kronus_GenesisAbbott/cashier.genesis.abbott/app/frontend/models/TransactionSummaryModel.php Line: 359
[2014-06-05 16:27:00.27460][NOTICE] "Undefined variable: terminalCode" File: /var/www/Kronus_GenesisAbbott/cashier.genesis.abbott/app/frontend/models/TransactionSummaryModel.php Line: 359
[2014-06-05 16:27:00.27736][NOTICE] "Undefined variable: terminalCode" File: /var/www/Kronus_GenesisAbbott/cashier.genesis.abbott/app/frontend/models/TransactionSummaryModel.php Line: 359
[2014-06-05 16:27:00.27976][NOTICE] "Undefined variable: terminalCode" File: /var/www/Kronus_GenesisAbbott/cashier.genesis.abbott/app/frontend/models/TransactionSummaryModel.php Line: 359
[2014-06-05 16:27:00.28232][NOTICE] "Undefined variable: terminalCode" File: /var/www/Kronus_GenesisAbbott/cashier.genesis.abbott/app/frontend/models/TransactionSummaryModel.php Line: 359
[2014-06-05 16:27:00.28473][NOTICE] "Undefined variable: terminalCode" File: /var/www/Kronus_GenesisAbbott/cashier.genesis.abbott/app/frontend/models/TransactionSummaryModel.php Line: 359
[2014-06-05 16:27:00.28635][NOTICE] "Undefined variable: terminalCode" File: /var/www/Kronus_GenesisAbbott/cashier.genesis.abbott/app/frontend/models/TransactionSummaryModel.php Line: 359
[2014-06-05 16:27:00.28936][NOTICE] "Undefined variable: terminalCode" File: /var/www/Kronus_GenesisAbbott/cashier.genesis.abbott/app/frontend/models/TransactionSummaryModel.php Line: 359
[2014-06-05 16:27:00.29177][NOTICE] "Undefined variable: terminalCode" File: /var/www/Kronus_GenesisAbbott/cashier.genesis.abbott/app/frontend/models/TransactionSummaryModel.php Line: 359
[2014-06-05 16:27:00.29234][NOTICE] "Undefined variable: terminalCode" File: /var/www/Kronus_GenesisAbbott/cashier.genesis.abbott/app/frontend/models/TransactionSummaryModel.php Line: 359
