[2014-06-10 10:23:51.758297][NOTICE] "A session had already been started - ignoring session_start()" File: /var/www/Kronus_GenesisAbbott/cashier.genesis.abbott/app/frontend/models/LoginFormModel.php Line: 527
[2014-06-10 11:34:18.868860][NOTICE] "Undefined variable: terminalCode" File: /var/www/Kronus_GenesisAbbott/cashier.genesis.abbott/app/frontend/models/TransactionSummaryModel.php Line: 359
[2014-06-10 11:34:18.869569][NOTICE] "Undefined variable: terminalCode" File: /var/www/Kronus_GenesisAbbott/cashier.genesis.abbott/app/frontend/models/TransactionSummaryModel.php Line: 359
[2014-06-10 11:34:18.869859][NOTICE] "Undefined variable: terminalCode" File: /var/www/Kronus_GenesisAbbott/cashier.genesis.abbott/app/frontend/models/TransactionSummaryModel.php Line: 359
[2014-06-10 11:34:18.870314][NOTICE] "Undefined variable: terminalCode" File: /var/www/Kronus_GenesisAbbott/cashier.genesis.abbott/app/frontend/models/TransactionSummaryModel.php Line: 359
[2014-06-10 11:34:18.870815][NOTICE] "Undefined variable: terminalCode" File: /var/www/Kronus_GenesisAbbott/cashier.genesis.abbott/app/frontend/models/TransactionSummaryModel.php Line: 359
[2014-06-10 11:34:18.871275][NOTICE] "Undefined variable: terminalCode" File: /var/www/Kronus_GenesisAbbott/cashier.genesis.abbott/app/frontend/models/TransactionSummaryModel.php Line: 359
[2014-06-10 11:34:18.872534][NOTICE] "Undefined variable: terminalCode" File: /var/www/Kronus_GenesisAbbott/cashier.genesis.abbott/app/frontend/models/TransactionSummaryModel.php Line: 359
[2014-06-10 11:34:18.873007][NOTICE] "Undefined variable: terminalCode" File: /var/www/Kronus_GenesisAbbott/cashier.genesis.abbott/app/frontend/models/TransactionSummaryModel.php Line: 359
[2014-06-10 11:34:18.873462][NOTICE] "Undefined variable: terminalCode" File: /var/www/Kronus_GenesisAbbott/cashier.genesis.abbott/app/frontend/models/TransactionSummaryModel.php Line: 359
[2014-06-10 11:34:18.873925][NOTICE] "Undefined variable: terminalCode" File: /var/www/Kronus_GenesisAbbott/cashier.genesis.abbott/app/frontend/models/TransactionSummaryModel.php Line: 359
[2014-06-10 11:34:18.874341][NOTICE] "Undefined variable: terminalCode" File: /var/www/Kronus_GenesisAbbott/cashier.genesis.abbott/app/frontend/models/TransactionSummaryModel.php Line: 359
[2014-06-10 11:34:18.874618][NOTICE] "Undefined variable: terminalCode" File: /var/www/Kronus_GenesisAbbott/cashier.genesis.abbott/app/frontend/models/TransactionSummaryModel.php Line: 359
[2014-06-10 11:34:18.875080][NOTICE] "Undefined variable: terminalCode" File: /var/www/Kronus_GenesisAbbott/cashier.genesis.abbott/app/frontend/models/TransactionSummaryModel.php Line: 359
[2014-06-10 11:34:18.875496][NOTICE] "Undefined variable: terminalCode" File: /var/www/Kronus_GenesisAbbott/cashier.genesis.abbott/app/frontend/models/TransactionSummaryModel.php Line: 359
[2014-06-10 11:34:18.875975][NOTICE] "Undefined variable: terminalCode" File: /var/www/Kronus_GenesisAbbott/cashier.genesis.abbott/app/frontend/models/TransactionSummaryModel.php Line: 359
[2014-06-10 11:34:19.121390][NOTICE] "Undefined variable: depositcash" File: /var/www/Kronus_GenesisAbbott/cashier.genesis.abbott/app/frontend/views/reports/reports_transaction_history_tpl.php Line: 76
[2014-06-10 11:34:19.121842][NOTICE] "Undefined variable: depositticket" File: /var/www/Kronus_GenesisAbbott/cashier.genesis.abbott/app/frontend/views/reports/reports_transaction_history_tpl.php Line: 77
[2014-06-10 11:34:19.122253][NOTICE] "Undefined variable: depositcoupon" File: /var/www/Kronus_GenesisAbbott/cashier.genesis.abbott/app/frontend/views/reports/reports_transaction_history_tpl.php Line: 78
[2014-06-10 11:34:19.122591][NOTICE] "Undefined variable: reloadcash" File: /var/www/Kronus_GenesisAbbott/cashier.genesis.abbott/app/frontend/views/reports/reports_transaction_history_tpl.php Line: 80
[2014-06-10 11:34:19.122943][NOTICE] "Undefined variable: reloadticket" File: /var/www/Kronus_GenesisAbbott/cashier.genesis.abbott/app/frontend/views/reports/reports_transaction_history_tpl.php Line: 81
[2014-06-10 11:34:19.123289][NOTICE] "Undefined variable: reloadcoupon" File: /var/www/Kronus_GenesisAbbott/cashier.genesis.abbott/app/frontend/views/reports/reports_transaction_history_tpl.php Line: 82
[2014-06-10 11:34:19.123614][NOTICE] "Undefined variable: withdrawalcashier" File: /var/www/Kronus_GenesisAbbott/cashier.genesis.abbott/app/frontend/views/reports/reports_transaction_history_tpl.php Line: 85
[2014-06-10 11:34:19.123952][NOTICE] "Undefined variable: withdrawalgenesis" File: /var/www/Kronus_GenesisAbbott/cashier.genesis.abbott/app/frontend/views/reports/reports_transaction_history_tpl.php Line: 86
[2014-06-10 11:34:19.125861][NOTICE] "Undefined variable: regdepositcash" File: /var/www/Kronus_GenesisAbbott/cashier.genesis.abbott/app/frontend/views/reports/reports_transaction_history_tpl.php Line: 108
[2014-06-10 11:34:19.126193][NOTICE] "Undefined variable: regdepositticket" File: /var/www/Kronus_GenesisAbbott/cashier.genesis.abbott/app/frontend/views/reports/reports_transaction_history_tpl.php Line: 109
[2014-06-10 11:34:19.126563][NOTICE] "Undefined variable: regdepositcoupon" File: /var/www/Kronus_GenesisAbbott/cashier.genesis.abbott/app/frontend/views/reports/reports_transaction_history_tpl.php Line: 110
[2014-06-10 11:34:19.126903][NOTICE] "Undefined variable: regreloadcash" File: /var/www/Kronus_GenesisAbbott/cashier.genesis.abbott/app/frontend/views/reports/reports_transaction_history_tpl.php Line: 112
[2014-06-10 11:34:19.127810][NOTICE] "Undefined variable: regreloadticket" File: /var/www/Kronus_GenesisAbbott/cashier.genesis.abbott/app/frontend/views/reports/reports_transaction_history_tpl.php Line: 113
[2014-06-10 11:34:19.128160][NOTICE] "Undefined variable: regreloadcoupon" File: /var/www/Kronus_GenesisAbbott/cashier.genesis.abbott/app/frontend/views/reports/reports_transaction_history_tpl.php Line: 114
[2014-06-10 11:34:19.128477][NOTICE] "Undefined variable: gendepositcash" File: /var/www/Kronus_GenesisAbbott/cashier.genesis.abbott/app/frontend/views/reports/reports_transaction_history_tpl.php Line: 116
[2014-06-10 11:34:19.128810][NOTICE] "Undefined variable: gendepositticket" File: /var/www/Kronus_GenesisAbbott/cashier.genesis.abbott/app/frontend/views/reports/reports_transaction_history_tpl.php Line: 117
[2014-06-10 11:34:19.129155][NOTICE] "Undefined variable: gendepositcoupon" File: /var/www/Kronus_GenesisAbbott/cashier.genesis.abbott/app/frontend/views/reports/reports_transaction_history_tpl.php Line: 118
[2014-06-10 11:34:19.129471][NOTICE] "Undefined variable: genreloadcash" File: /var/www/Kronus_GenesisAbbott/cashier.genesis.abbott/app/frontend/views/reports/reports_transaction_history_tpl.php Line: 120
[2014-06-10 11:34:19.129607][NOTICE] "Undefined variable: genreloadticket" File: /var/www/Kronus_GenesisAbbott/cashier.genesis.abbott/app/frontend/views/reports/reports_transaction_history_tpl.php Line: 121
[2014-06-10 11:34:19.129890][NOTICE] "Undefined variable: genreloadcoupon" File: /var/www/Kronus_GenesisAbbott/cashier.genesis.abbott/app/frontend/views/reports/reports_transaction_history_tpl.php Line: 122
[2014-06-10 11:34:19.130210][NOTICE] "Undefined variable: withdrawalcashier2" File: /var/www/Kronus_GenesisAbbott/cashier.genesis.abbott/app/frontend/views/reports/reports_transaction_history_tpl.php Line: 125
[2014-06-10 11:34:19.130479][NOTICE] "Undefined variable: withdrawalgenesis2" File: /var/www/Kronus_GenesisAbbott/cashier.genesis.abbott/app/frontend/views/reports/reports_transaction_history_tpl.php Line: 126
