[2015-02-10 12:15:25.864812][NOTICE] "Undefined variable: terminalType" File: C:\xampp\htdocs\Kronus_ForceT\cashier.forcet\app\frontend\views\terminal\terminal_overview_tpl.php Line: 65
[2015-02-10 12:15:25.886312][NOTICE] "Undefined variable: terminalType" File: C:\xampp\htdocs\Kronus_ForceT\cashier.forcet\app\frontend\views\terminal\terminal_overview_tpl.php Line: 67
[2015-02-10 12:15:25.887812][NOTICE] "Undefined variable: terminalType" File: C:\xampp\htdocs\Kronus_ForceT\cashier.forcet\app\frontend\views\terminal\terminal_overview_tpl.php Line: 65
[2015-02-10 12:15:25.888812][NOTICE] "Undefined variable: terminalType" File: C:\xampp\htdocs\Kronus_ForceT\cashier.forcet\app\frontend\views\terminal\terminal_overview_tpl.php Line: 67
[2015-02-10 12:15:25.890312][NOTICE] "Undefined variable: terminalType" File: C:\xampp\htdocs\Kronus_ForceT\cashier.forcet\app\frontend\views\terminal\terminal_overview_tpl.php Line: 79
[2015-02-10 12:15:25.891812][NOTICE] "Undefined variable: terminalType" File: C:\xampp\htdocs\Kronus_ForceT\cashier.forcet\app\frontend\views\terminal\terminal_overview_tpl.php Line: 79
[2015-02-10 12:15:25.893312][NOTICE] "Undefined variable: terminalType" File: C:\xampp\htdocs\Kronus_ForceT\cashier.forcet\app\frontend\views\terminal\terminal_overview_tpl.php Line: 65
[2015-02-10 12:15:25.894812][NOTICE] "Undefined variable: terminalType" File: C:\xampp\htdocs\Kronus_ForceT\cashier.forcet\app\frontend\views\terminal\terminal_overview_tpl.php Line: 67
[2015-02-10 12:15:25.896312][NOTICE] "Undefined variable: terminalType" File: C:\xampp\htdocs\Kronus_ForceT\cashier.forcet\app\frontend\views\terminal\terminal_overview_tpl.php Line: 79
[2015-02-10 12:15:25.897812][NOTICE] "Undefined variable: terminalType" File: C:\xampp\htdocs\Kronus_ForceT\cashier.forcet\app\frontend\views\terminal\terminal_overview_tpl.php Line: 79
[2015-02-10 12:15:26.4312][NOTICE] "Undefined variable: terminalType" File: C:\xampp\htdocs\Kronus_ForceT\cashier.forcet\app\frontend\views\terminal\terminal_overview_tpl.php Line: 65
[2015-02-10 12:15:26.5812][NOTICE] "Undefined variable: terminalType" File: C:\xampp\htdocs\Kronus_ForceT\cashier.forcet\app\frontend\views\terminal\terminal_overview_tpl.php Line: 67
[2015-02-10 12:15:26.7312][NOTICE] "Undefined variable: terminalType" File: C:\xampp\htdocs\Kronus_ForceT\cashier.forcet\app\frontend\views\terminal\terminal_overview_tpl.php Line: 65
[2015-02-10 12:15:26.8812][NOTICE] "Undefined variable: terminalType" File: C:\xampp\htdocs\Kronus_ForceT\cashier.forcet\app\frontend\views\terminal\terminal_overview_tpl.php Line: 67
[2015-02-10 12:15:26.10312][NOTICE] "Undefined variable: terminalType" File: C:\xampp\htdocs\Kronus_ForceT\cashier.forcet\app\frontend\views\terminal\terminal_overview_tpl.php Line: 79
[2015-02-10 12:15:26.11312][NOTICE] "Undefined variable: terminalType" File: C:\xampp\htdocs\Kronus_ForceT\cashier.forcet\app\frontend\views\terminal\terminal_overview_tpl.php Line: 79
[2015-02-10 12:15:26.12812][NOTICE] "Undefined variable: terminalType" File: C:\xampp\htdocs\Kronus_ForceT\cashier.forcet\app\frontend\views\terminal\terminal_overview_tpl.php Line: 65
[2015-02-10 12:15:26.14312][NOTICE] "Undefined variable: terminalType" File: C:\xampp\htdocs\Kronus_ForceT\cashier.forcet\app\frontend\views\terminal\terminal_overview_tpl.php Line: 67
[2015-02-10 12:15:26.15312][NOTICE] "Undefined variable: terminalType" File: C:\xampp\htdocs\Kronus_ForceT\cashier.forcet\app\frontend\views\terminal\terminal_overview_tpl.php Line: 79
[2015-02-10 12:15:26.16812][NOTICE] "Undefined variable: terminalType" File: C:\xampp\htdocs\Kronus_ForceT\cashier.forcet\app\frontend\views\terminal\terminal_overview_tpl.php Line: 79
[2015-02-10 12:15:26.151812][NOTICE] "Undefined variable: terminalType" File: C:\xampp\htdocs\Kronus_ForceT\cashier.forcet\app\frontend\views\terminal\terminal_overview_tpl.php Line: 65
[2015-02-10 12:15:26.153312][NOTICE] "Undefined variable: terminalType" File: C:\xampp\htdocs\Kronus_ForceT\cashier.forcet\app\frontend\views\terminal\terminal_overview_tpl.php Line: 67
[2015-02-10 12:15:26.154812][NOTICE] "Undefined variable: terminalType" File: C:\xampp\htdocs\Kronus_ForceT\cashier.forcet\app\frontend\views\terminal\terminal_overview_tpl.php Line: 65
[2015-02-10 12:15:26.156312][NOTICE] "Undefined variable: terminalType" File: C:\xampp\htdocs\Kronus_ForceT\cashier.forcet\app\frontend\views\terminal\terminal_overview_tpl.php Line: 67
[2015-02-10 12:15:26.157812][NOTICE] "Undefined variable: terminalType" File: C:\xampp\htdocs\Kronus_ForceT\cashier.forcet\app\frontend\views\terminal\terminal_overview_tpl.php Line: 79
[2015-02-10 12:15:26.158812][NOTICE] "Undefined variable: terminalType" File: C:\xampp\htdocs\Kronus_ForceT\cashier.forcet\app\frontend\views\terminal\terminal_overview_tpl.php Line: 79
[2015-02-10 12:15:26.160312][NOTICE] "Undefined variable: terminalType" File: C:\xampp\htdocs\Kronus_ForceT\cashier.forcet\app\frontend\views\terminal\terminal_overview_tpl.php Line: 65
[2015-02-10 12:15:26.161812][NOTICE] "Undefined variable: terminalType" File: C:\xampp\htdocs\Kronus_ForceT\cashier.forcet\app\frontend\views\terminal\terminal_overview_tpl.php Line: 67
[2015-02-10 12:15:26.163312][NOTICE] "Undefined variable: terminalType" File: C:\xampp\htdocs\Kronus_ForceT\cashier.forcet\app\frontend\views\terminal\terminal_overview_tpl.php Line: 79
[2015-02-10 12:15:26.164312][NOTICE] "Undefined variable: terminalType" File: C:\xampp\htdocs\Kronus_ForceT\cashier.forcet\app\frontend\views\terminal\terminal_overview_tpl.php Line: 79
[2015-02-10 12:15:31.520312][NOTICE] "Undefined variable: terminalType" File: C:\xampp\htdocs\Kronus_ForceT\cashier.forcet\app\frontend\views\terminal\terminal_overview_tpl.php Line: 65
[2015-02-10 12:15:31.522312][NOTICE] "Undefined variable: terminalType" File: C:\xampp\htdocs\Kronus_ForceT\cashier.forcet\app\frontend\views\terminal\terminal_overview_tpl.php Line: 67
[2015-02-10 12:15:31.523812][NOTICE] "Undefined variable: terminalType" File: C:\xampp\htdocs\Kronus_ForceT\cashier.forcet\app\frontend\views\terminal\terminal_overview_tpl.php Line: 65
[2015-02-10 12:15:31.525312][NOTICE] "Undefined variable: terminalType" File: C:\xampp\htdocs\Kronus_ForceT\cashier.forcet\app\frontend\views\terminal\terminal_overview_tpl.php Line: 67
[2015-02-10 12:15:31.526812][NOTICE] "Undefined variable: terminalType" File: C:\xampp\htdocs\Kronus_ForceT\cashier.forcet\app\frontend\views\terminal\terminal_overview_tpl.php Line: 79
[2015-02-10 12:15:31.528312][NOTICE] "Undefined variable: terminalType" File: C:\xampp\htdocs\Kronus_ForceT\cashier.forcet\app\frontend\views\terminal\terminal_overview_tpl.php Line: 79
[2015-02-10 12:15:31.529812][NOTICE] "Undefined variable: terminalType" File: C:\xampp\htdocs\Kronus_ForceT\cashier.forcet\app\frontend\views\terminal\terminal_overview_tpl.php Line: 65
[2015-02-10 12:15:31.530812][NOTICE] "Undefined variable: terminalType" File: C:\xampp\htdocs\Kronus_ForceT\cashier.forcet\app\frontend\views\terminal\terminal_overview_tpl.php Line: 67
[2015-02-10 12:15:31.532312][NOTICE] "Undefined variable: terminalType" File: C:\xampp\htdocs\Kronus_ForceT\cashier.forcet\app\frontend\views\terminal\terminal_overview_tpl.php Line: 79
[2015-02-10 12:15:31.534312][NOTICE] "Undefined variable: terminalType" File: C:\xampp\htdocs\Kronus_ForceT\cashier.forcet\app\frontend\views\terminal\terminal_overview_tpl.php Line: 79
[2015-02-10 12:15:31.658812][NOTICE] "Undefined variable: terminalType" File: C:\xampp\htdocs\Kronus_ForceT\cashier.forcet\app\frontend\views\terminal\terminal_overview_tpl.php Line: 65
[2015-02-10 12:15:31.660312][NOTICE] "Undefined variable: terminalType" File: C:\xampp\htdocs\Kronus_ForceT\cashier.forcet\app\frontend\views\terminal\terminal_overview_tpl.php Line: 67
[2015-02-10 12:15:31.661812][NOTICE] "Undefined variable: terminalType" File: C:\xampp\htdocs\Kronus_ForceT\cashier.forcet\app\frontend\views\terminal\terminal_overview_tpl.php Line: 65
[2015-02-10 12:15:31.662812][NOTICE] "Undefined variable: terminalType" File: C:\xampp\htdocs\Kronus_ForceT\cashier.forcet\app\frontend\views\terminal\terminal_overview_tpl.php Line: 67
[2015-02-10 12:15:31.664312][NOTICE] "Undefined variable: terminalType" File: C:\xampp\htdocs\Kronus_ForceT\cashier.forcet\app\frontend\views\terminal\terminal_overview_tpl.php Line: 79
[2015-02-10 12:15:31.665812][NOTICE] "Undefined variable: terminalType" File: C:\xampp\htdocs\Kronus_ForceT\cashier.forcet\app\frontend\views\terminal\terminal_overview_tpl.php Line: 79
[2015-02-10 12:15:31.667312][NOTICE] "Undefined variable: terminalType" File: C:\xampp\htdocs\Kronus_ForceT\cashier.forcet\app\frontend\views\terminal\terminal_overview_tpl.php Line: 65
[2015-02-10 12:15:31.668312][NOTICE] "Undefined variable: terminalType" File: C:\xampp\htdocs\Kronus_ForceT\cashier.forcet\app\frontend\views\terminal\terminal_overview_tpl.php Line: 67
[2015-02-10 12:15:31.669812][NOTICE] "Undefined variable: terminalType" File: C:\xampp\htdocs\Kronus_ForceT\cashier.forcet\app\frontend\views\terminal\terminal_overview_tpl.php Line: 79
[2015-02-10 12:15:31.671312][NOTICE] "Undefined variable: terminalType" File: C:\xampp\htdocs\Kronus_ForceT\cashier.forcet\app\frontend\views\terminal\terminal_overview_tpl.php Line: 79
[2015-02-10 12:15:31.808812][NOTICE] "Undefined variable: terminalType" File: C:\xampp\htdocs\Kronus_ForceT\cashier.forcet\app\frontend\views\terminal\terminal_overview_tpl.php Line: 65
[2015-02-10 12:15:31.810312][NOTICE] "Undefined variable: terminalType" File: C:\xampp\htdocs\Kronus_ForceT\cashier.forcet\app\frontend\views\terminal\terminal_overview_tpl.php Line: 67
[2015-02-10 12:15:31.811812][NOTICE] "Undefined variable: terminalType" File: C:\xampp\htdocs\Kronus_ForceT\cashier.forcet\app\frontend\views\terminal\terminal_overview_tpl.php Line: 65
[2015-02-10 12:15:31.812812][NOTICE] "Undefined variable: terminalType" File: C:\xampp\htdocs\Kronus_ForceT\cashier.forcet\app\frontend\views\terminal\terminal_overview_tpl.php Line: 67
[2015-02-10 12:15:31.814312][NOTICE] "Undefined variable: terminalType" File: C:\xampp\htdocs\Kronus_ForceT\cashier.forcet\app\frontend\views\terminal\terminal_overview_tpl.php Line: 79
[2015-02-10 12:15:31.815812][NOTICE] "Undefined variable: terminalType" File: C:\xampp\htdocs\Kronus_ForceT\cashier.forcet\app\frontend\views\terminal\terminal_overview_tpl.php Line: 79
[2015-02-10 12:15:31.816812][NOTICE] "Undefined variable: terminalType" File: C:\xampp\htdocs\Kronus_ForceT\cashier.forcet\app\frontend\views\terminal\terminal_overview_tpl.php Line: 65
[2015-02-10 12:15:31.818312][NOTICE] "Undefined variable: terminalType" File: C:\xampp\htdocs\Kronus_ForceT\cashier.forcet\app\frontend\views\terminal\terminal_overview_tpl.php Line: 67
[2015-02-10 12:15:31.819812][NOTICE] "Undefined variable: terminalType" File: C:\xampp\htdocs\Kronus_ForceT\cashier.forcet\app\frontend\views\terminal\terminal_overview_tpl.php Line: 79
[2015-02-10 12:15:31.821312][NOTICE] "Undefined variable: terminalType" File: C:\xampp\htdocs\Kronus_ForceT\cashier.forcet\app\frontend\views\terminal\terminal_overview_tpl.php Line: 79
[2015-02-10 12:15:47.427812][NOTICE] "Undefined variable: terminalType" File: C:\xampp\htdocs\Kronus_ForceT\cashier.forcet\app\frontend\views\terminal\terminal_overview_tpl.php Line: 65
[2015-02-10 12:15:47.429312][NOTICE] "Undefined variable: terminalType" File: C:\xampp\htdocs\Kronus_ForceT\cashier.forcet\app\frontend\views\terminal\terminal_overview_tpl.php Line: 67
[2015-02-10 12:15:47.430812][NOTICE] "Undefined variable: terminalType" File: C:\xampp\htdocs\Kronus_ForceT\cashier.forcet\app\frontend\views\terminal\terminal_overview_tpl.php Line: 65
[2015-02-10 12:15:47.432312][NOTICE] "Undefined variable: terminalType" File: C:\xampp\htdocs\Kronus_ForceT\cashier.forcet\app\frontend\views\terminal\terminal_overview_tpl.php Line: 67
[2015-02-10 12:15:47.433812][NOTICE] "Undefined variable: terminalType" File: C:\xampp\htdocs\Kronus_ForceT\cashier.forcet\app\frontend\views\terminal\terminal_overview_tpl.php Line: 79
[2015-02-10 12:15:47.435312][NOTICE] "Undefined variable: terminalType" File: C:\xampp\htdocs\Kronus_ForceT\cashier.forcet\app\frontend\views\terminal\terminal_overview_tpl.php Line: 79
[2015-02-10 12:15:47.436812][NOTICE] "Undefined variable: terminalType" File: C:\xampp\htdocs\Kronus_ForceT\cashier.forcet\app\frontend\views\terminal\terminal_overview_tpl.php Line: 65
[2015-02-10 12:15:47.438312][NOTICE] "Undefined variable: terminalType" File: C:\xampp\htdocs\Kronus_ForceT\cashier.forcet\app\frontend\views\terminal\terminal_overview_tpl.php Line: 67
[2015-02-10 12:15:47.439812][NOTICE] "Undefined variable: terminalType" File: C:\xampp\htdocs\Kronus_ForceT\cashier.forcet\app\frontend\views\terminal\terminal_overview_tpl.php Line: 79
[2015-02-10 12:15:47.441312][NOTICE] "Undefined variable: terminalType" File: C:\xampp\htdocs\Kronus_ForceT\cashier.forcet\app\frontend\views\terminal\terminal_overview_tpl.php Line: 79
[2015-02-10 12:15:47.544312][NOTICE] "Undefined variable: terminalType" File: C:\xampp\htdocs\Kronus_ForceT\cashier.forcet\app\frontend\views\terminal\terminal_overview_tpl.php Line: 65
[2015-02-10 12:15:47.545312][NOTICE] "Undefined variable: terminalType" File: C:\xampp\htdocs\Kronus_ForceT\cashier.forcet\app\frontend\views\terminal\terminal_overview_tpl.php Line: 67
[2015-02-10 12:15:47.545812][NOTICE] "Undefined variable: terminalType" File: C:\xampp\htdocs\Kronus_ForceT\cashier.forcet\app\frontend\views\terminal\terminal_overview_tpl.php Line: 65
[2015-02-10 12:15:47.546312][NOTICE] "Undefined variable: terminalType" File: C:\xampp\htdocs\Kronus_ForceT\cashier.forcet\app\frontend\views\terminal\terminal_overview_tpl.php Line: 67
[2015-02-10 12:15:47.547312][NOTICE] "Undefined variable: terminalType" File: C:\xampp\htdocs\Kronus_ForceT\cashier.forcet\app\frontend\views\terminal\terminal_overview_tpl.php Line: 79
[2015-02-10 12:15:47.547812][NOTICE] "Undefined variable: terminalType" File: C:\xampp\htdocs\Kronus_ForceT\cashier.forcet\app\frontend\views\terminal\terminal_overview_tpl.php Line: 79
[2015-02-10 12:15:47.548312][NOTICE] "Undefined variable: terminalType" File: C:\xampp\htdocs\Kronus_ForceT\cashier.forcet\app\frontend\views\terminal\terminal_overview_tpl.php Line: 65
[2015-02-10 12:15:47.549312][NOTICE] "Undefined variable: terminalType" File: C:\xampp\htdocs\Kronus_ForceT\cashier.forcet\app\frontend\views\terminal\terminal_overview_tpl.php Line: 67
[2015-02-10 12:15:47.549812][NOTICE] "Undefined variable: terminalType" File: C:\xampp\htdocs\Kronus_ForceT\cashier.forcet\app\frontend\views\terminal\terminal_overview_tpl.php Line: 79
[2015-02-10 12:15:47.550312][NOTICE] "Undefined variable: terminalType" File: C:\xampp\htdocs\Kronus_ForceT\cashier.forcet\app\frontend\views\terminal\terminal_overview_tpl.php Line: 79
[2015-02-10 12:15:47.663812][NOTICE] "Undefined variable: terminalType" File: C:\xampp\htdocs\Kronus_ForceT\cashier.forcet\app\frontend\views\terminal\terminal_overview_tpl.php Line: 65
[2015-02-10 12:15:47.665312][NOTICE] "Undefined variable: terminalType" File: C:\xampp\htdocs\Kronus_ForceT\cashier.forcet\app\frontend\views\terminal\terminal_overview_tpl.php Line: 67
[2015-02-10 12:15:47.667312][NOTICE] "Undefined variable: terminalType" File: C:\xampp\htdocs\Kronus_ForceT\cashier.forcet\app\frontend\views\terminal\terminal_overview_tpl.php Line: 65
[2015-02-10 12:15:47.668312][NOTICE] "Undefined variable: terminalType" File: C:\xampp\htdocs\Kronus_ForceT\cashier.forcet\app\frontend\views\terminal\terminal_overview_tpl.php Line: 67
[2015-02-10 12:15:47.669812][NOTICE] "Undefined variable: terminalType" File: C:\xampp\htdocs\Kronus_ForceT\cashier.forcet\app\frontend\views\terminal\terminal_overview_tpl.php Line: 79
[2015-02-10 12:15:47.671312][NOTICE] "Undefined variable: terminalType" File: C:\xampp\htdocs\Kronus_ForceT\cashier.forcet\app\frontend\views\terminal\terminal_overview_tpl.php Line: 79
[2015-02-10 12:15:47.672812][NOTICE] "Undefined variable: terminalType" File: C:\xampp\htdocs\Kronus_ForceT\cashier.forcet\app\frontend\views\terminal\terminal_overview_tpl.php Line: 65
[2015-02-10 12:15:47.673812][NOTICE] "Undefined variable: terminalType" File: C:\xampp\htdocs\Kronus_ForceT\cashier.forcet\app\frontend\views\terminal\terminal_overview_tpl.php Line: 67
[2015-02-10 12:15:47.675312][NOTICE] "Undefined variable: terminalType" File: C:\xampp\htdocs\Kronus_ForceT\cashier.forcet\app\frontend\views\terminal\terminal_overview_tpl.php Line: 79
[2015-02-10 12:15:47.676312][NOTICE] "Undefined variable: terminalType" File: C:\xampp\htdocs\Kronus_ForceT\cashier.forcet\app\frontend\views\terminal\terminal_overview_tpl.php Line: 79
[2015-02-10 12:19:54.438312][NOTICE] "Undefined variable: terminalType" File: C:\xampp\htdocs\Kronus_ForceT\cashier.forcet\app\frontend\views\terminal\terminal_overview_tpl.php Line: 65
[2015-02-10 12:19:54.439812][NOTICE] "Undefined variable: terminalType" File: C:\xampp\htdocs\Kronus_ForceT\cashier.forcet\app\frontend\views\terminal\terminal_overview_tpl.php Line: 67
[2015-02-10 12:19:54.441312][NOTICE] "Undefined variable: terminalType" File: C:\xampp\htdocs\Kronus_ForceT\cashier.forcet\app\frontend\views\terminal\terminal_overview_tpl.php Line: 65
[2015-02-10 12:19:54.442812][NOTICE] "Undefined variable: terminalType" File: C:\xampp\htdocs\Kronus_ForceT\cashier.forcet\app\frontend\views\terminal\terminal_overview_tpl.php Line: 67
[2015-02-10 12:19:54.443812][NOTICE] "Undefined variable: terminalType" File: C:\xampp\htdocs\Kronus_ForceT\cashier.forcet\app\frontend\views\terminal\terminal_overview_tpl.php Line: 79
[2015-02-10 12:19:54.445312][NOTICE] "Undefined variable: terminalType" File: C:\xampp\htdocs\Kronus_ForceT\cashier.forcet\app\frontend\views\terminal\terminal_overview_tpl.php Line: 79
[2015-02-10 12:19:54.446812][NOTICE] "Undefined variable: terminalType" File: C:\xampp\htdocs\Kronus_ForceT\cashier.forcet\app\frontend\views\terminal\terminal_overview_tpl.php Line: 65
[2015-02-10 12:19:54.448312][NOTICE] "Undefined variable: terminalType" File: C:\xampp\htdocs\Kronus_ForceT\cashier.forcet\app\frontend\views\terminal\terminal_overview_tpl.php Line: 67
[2015-02-10 12:19:54.449312][NOTICE] "Undefined variable: terminalType" File: C:\xampp\htdocs\Kronus_ForceT\cashier.forcet\app\frontend\views\terminal\terminal_overview_tpl.php Line: 79
[2015-02-10 12:19:54.450812][NOTICE] "Undefined variable: terminalType" File: C:\xampp\htdocs\Kronus_ForceT\cashier.forcet\app\frontend\views\terminal\terminal_overview_tpl.php Line: 79
[2015-02-10 12:19:54.981312][NOTICE] "Undefined variable: terminalType" File: C:\xampp\htdocs\Kronus_ForceT\cashier.forcet\app\frontend\views\terminal\terminal_overview_tpl.php Line: 65
[2015-02-10 12:19:54.982812][NOTICE] "Undefined variable: terminalType" File: C:\xampp\htdocs\Kronus_ForceT\cashier.forcet\app\frontend\views\terminal\terminal_overview_tpl.php Line: 67
[2015-02-10 12:19:54.984312][NOTICE] "Undefined variable: terminalType" File: C:\xampp\htdocs\Kronus_ForceT\cashier.forcet\app\frontend\views\terminal\terminal_overview_tpl.php Line: 65
[2015-02-10 12:19:54.985812][NOTICE] "Undefined variable: terminalType" File: C:\xampp\htdocs\Kronus_ForceT\cashier.forcet\app\frontend\views\terminal\terminal_overview_tpl.php Line: 67
[2015-02-10 12:19:54.987312][NOTICE] "Undefined variable: terminalType" File: C:\xampp\htdocs\Kronus_ForceT\cashier.forcet\app\frontend\views\terminal\terminal_overview_tpl.php Line: 79
[2015-02-10 12:19:54.988312][NOTICE] "Undefined variable: terminalType" File: C:\xampp\htdocs\Kronus_ForceT\cashier.forcet\app\frontend\views\terminal\terminal_overview_tpl.php Line: 79
[2015-02-10 12:19:54.989812][NOTICE] "Undefined variable: terminalType" File: C:\xampp\htdocs\Kronus_ForceT\cashier.forcet\app\frontend\views\terminal\terminal_overview_tpl.php Line: 65
[2015-02-10 12:19:54.991312][NOTICE] "Undefined variable: terminalType" File: C:\xampp\htdocs\Kronus_ForceT\cashier.forcet\app\frontend\views\terminal\terminal_overview_tpl.php Line: 67
[2015-02-10 12:19:54.992812][NOTICE] "Undefined variable: terminalType" File: C:\xampp\htdocs\Kronus_ForceT\cashier.forcet\app\frontend\views\terminal\terminal_overview_tpl.php Line: 79
[2015-02-10 12:19:54.994312][NOTICE] "Undefined variable: terminalType" File: C:\xampp\htdocs\Kronus_ForceT\cashier.forcet\app\frontend\views\terminal\terminal_overview_tpl.php Line: 79
[2015-02-10 12:19:55.227812][NOTICE] "Undefined variable: terminalType" File: C:\xampp\htdocs\Kronus_ForceT\cashier.forcet\app\frontend\views\terminal\terminal_overview_tpl.php Line: 65
[2015-02-10 12:19:55.229312][NOTICE] "Undefined variable: terminalType" File: C:\xampp\htdocs\Kronus_ForceT\cashier.forcet\app\frontend\views\terminal\terminal_overview_tpl.php Line: 67
[2015-02-10 12:19:55.230812][NOTICE] "Undefined variable: terminalType" File: C:\xampp\htdocs\Kronus_ForceT\cashier.forcet\app\frontend\views\terminal\terminal_overview_tpl.php Line: 65
[2015-02-10 12:19:55.232312][NOTICE] "Undefined variable: terminalType" File: C:\xampp\htdocs\Kronus_ForceT\cashier.forcet\app\frontend\views\terminal\terminal_overview_tpl.php Line: 67
[2015-02-10 12:19:55.233812][NOTICE] "Undefined variable: terminalType" File: C:\xampp\htdocs\Kronus_ForceT\cashier.forcet\app\frontend\views\terminal\terminal_overview_tpl.php Line: 79
[2015-02-10 12:19:55.234812][NOTICE] "Undefined variable: terminalType" File: C:\xampp\htdocs\Kronus_ForceT\cashier.forcet\app\frontend\views\terminal\terminal_overview_tpl.php Line: 79
[2015-02-10 12:19:55.235812][NOTICE] "Undefined variable: terminalType" File: C:\xampp\htdocs\Kronus_ForceT\cashier.forcet\app\frontend\views\terminal\terminal_overview_tpl.php Line: 65
[2015-02-10 12:19:55.236812][NOTICE] "Undefined variable: terminalType" File: C:\xampp\htdocs\Kronus_ForceT\cashier.forcet\app\frontend\views\terminal\terminal_overview_tpl.php Line: 67
[2015-02-10 12:19:55.237812][NOTICE] "Undefined variable: terminalType" File: C:\xampp\htdocs\Kronus_ForceT\cashier.forcet\app\frontend\views\terminal\terminal_overview_tpl.php Line: 79
[2015-02-10 12:19:55.238812][NOTICE] "Undefined variable: terminalType" File: C:\xampp\htdocs\Kronus_ForceT\cashier.forcet\app\frontend\views\terminal\terminal_overview_tpl.php Line: 79
[2015-02-10 12:19:55.390812][NOTICE] "Undefined variable: terminalType" File: C:\xampp\htdocs\Kronus_ForceT\cashier.forcet\app\frontend\views\terminal\terminal_overview_tpl.php Line: 65
[2015-02-10 12:19:55.392312][NOTICE] "Undefined variable: terminalType" File: C:\xampp\htdocs\Kronus_ForceT\cashier.forcet\app\frontend\views\terminal\terminal_overview_tpl.php Line: 67
[2015-02-10 12:19:55.394312][NOTICE] "Undefined variable: terminalType" File: C:\xampp\htdocs\Kronus_ForceT\cashier.forcet\app\frontend\views\terminal\terminal_overview_tpl.php Line: 65
[2015-02-10 12:19:55.395312][NOTICE] "Undefined variable: terminalType" File: C:\xampp\htdocs\Kronus_ForceT\cashier.forcet\app\frontend\views\terminal\terminal_overview_tpl.php Line: 67
[2015-02-10 12:19:55.396812][NOTICE] "Undefined variable: terminalType" File: C:\xampp\htdocs\Kronus_ForceT\cashier.forcet\app\frontend\views\terminal\terminal_overview_tpl.php Line: 79
[2015-02-10 12:19:55.398312][NOTICE] "Undefined variable: terminalType" File: C:\xampp\htdocs\Kronus_ForceT\cashier.forcet\app\frontend\views\terminal\terminal_overview_tpl.php Line: 79
[2015-02-10 12:19:55.399812][NOTICE] "Undefined variable: terminalType" File: C:\xampp\htdocs\Kronus_ForceT\cashier.forcet\app\frontend\views\terminal\terminal_overview_tpl.php Line: 65
[2015-02-10 12:19:55.401312][NOTICE] "Undefined variable: terminalType" File: C:\xampp\htdocs\Kronus_ForceT\cashier.forcet\app\frontend\views\terminal\terminal_overview_tpl.php Line: 67
[2015-02-10 12:19:55.402312][NOTICE] "Undefined variable: terminalType" File: C:\xampp\htdocs\Kronus_ForceT\cashier.forcet\app\frontend\views\terminal\terminal_overview_tpl.php Line: 79
[2015-02-10 12:19:55.403812][NOTICE] "Undefined variable: terminalType" File: C:\xampp\htdocs\Kronus_ForceT\cashier.forcet\app\frontend\views\terminal\terminal_overview_tpl.php Line: 79
[2015-02-10 12:26:58.427312][NOTICE] "Undefined offset: 19" File: C:\xampp\htdocs\Kronus_ForceT\cashier.forcet\app\frontend\components\CasinoApi.php Line: 30
[2015-02-10 12:26:58.428812][NOTICE] "Undefined offset: 19" File: C:\xampp\htdocs\Kronus_ForceT\cashier.forcet\app\frontend\components\CasinoApi.php Line: 35
[2015-02-10 12:26:58.430312][NOTICE] "Undefined offset: 19" File: C:\xampp\htdocs\Kronus_ForceT\cashier.forcet\app\frontend\components\CasinoApi.php Line: 36
[2015-02-10 12:26:58.431812][NOTICE] "Undefined index: player_api" File: C:\xampp\htdocs\Kronus_ForceT\cashier.forcet\app\frontend\components\CasinoApi.php Line: 37
[2015-02-10 12:26:58.433312][NOTICE] "Undefined index: scheme" File: C:\xampp\htdocs\Kronus_ForceT\cashier.forcet\app\frontend\components\CasinoCAPIHandler.class.php Line: 187
[2015-02-10 12:26:58.434312][NOTICE] "Undefined index: host" File: C:\xampp\htdocs\Kronus_ForceT\cashier.forcet\app\frontend\components\common.class.php Line: 57
[2015-02-10 12:26:58.575312][ERROR] "Error: Can't get balance TerminalID=1669 ServiceID=20 ErrorMessage=Response malformed" SiteID = 217 File: C:\xampp\htdocs\Kronus_ForceT\cashier.forcet\app\frontend\components\CasinoApi.php LINE: 252
[2015-02-10 13:53:32.392282][NOTICE] "Undefined variable: terminals" File: C:\xampp\htdocs\Kronus_ForceT\cashier.forcet\app\frontend\views\layout\main_tpl.php Line: 4
[2015-02-10 13:53:49.801764][NOTICE] "Undefined variable: terminals" File: C:\xampp\htdocs\Kronus_ForceT\cashier.forcet\app\frontend\views\layout\main_tpl.php Line: 27
[2015-02-10 13:54:10.892981][NOTICE] "Undefined variable: terminals" File: C:\xampp\htdocs\Kronus_ForceT\cashier.forcet\app\frontend\views\layout\main_tpl.php Line: 33
[2015-02-10 13:59:34.547699][NOTICE] "Undefined variable: totalDeposit" File: C:\xampp\htdocs\Kronus_ForceT\cashier.forcet\app\frontend\views\reports\reports_ewallet_transaction_history_cashier_tpl.php Line: 67
[2015-02-10 13:59:34.549699][NOTICE] "Undefined variable: totalWithdrawal" File: C:\xampp\htdocs\Kronus_ForceT\cashier.forcet\app\frontend\views\reports\reports_ewallet_transaction_history_cashier_tpl.php Line: 71
[2015-02-10 14:01:38.759036][NOTICE] "Undefined variable: totalDeposit" File: C:\xampp\htdocs\Kronus_ForceT\cashier.forcet\app\frontend\views\reports\reports_ewallet_transaction_history_cashier_tpl.php Line: 67
[2015-02-10 14:01:38.759536][NOTICE] "Undefined variable: totalWithdrawal" File: C:\xampp\htdocs\Kronus_ForceT\cashier.forcet\app\frontend\views\reports\reports_ewallet_transaction_history_cashier_tpl.php Line: 71
[2015-02-10 17:52:54.351325][NOTICE] "Undefined index: last_code" File: C:\xampp\htdocs\Kronus_ForceT\cashier.forcet\app\frontend\views\startsession\startsession_overview_tpl.php Line: 77
[2015-02-10 17:52:55.667457][NOTICE] "Undefined index: last_code" File: C:\xampp\htdocs\Kronus_ForceT\cashier.forcet\app\frontend\views\redeem\redeemsession_overview_tpl.php Line: 87
[2015-02-10 17:52:57.952685][NOTICE] "Undefined index: last_code" File: C:\xampp\htdocs\Kronus_ForceT\cashier.forcet\app\frontend\views\startsession\startsession_overview_tpl.php Line: 77
[2015-02-10 17:53:06.644554][NOTICE] "Undefined index: last_code" File: C:\xampp\htdocs\Kronus_ForceT\cashier.forcet\app\frontend\views\startsession\startsession_overview_tpl.php Line: 77
[2015-02-10 17:53:28.688758][NOTICE] "Undefined index: last_code" File: C:\xampp\htdocs\Kronus_ForceT\cashier.forcet\app\frontend\views\startsession\startsession_overview_tpl.php Line: 77
[2015-02-10 17:53:35.241414][NOTICE] "Undefined index: StartSessionFormModel" File: C:\xampp\htdocs\Kronus_ForceT\cashier.forcet\app\frontend\components\FrontendController.php Line: 177
