[20-Nov-2013 10:35:44] PHP Notice:  Undefined index: userinfo in /var/www/membership/membership.rewards/admin/index.php on line 58
[20-Nov-2013 10:35:44] PHP Stack trace:
[20-Nov-2013 10:35:44] PHP   1. {main}() /var/www/membership/membership.rewards/admin/index.php:0
[20-Nov-2013 10:35:44] PHP Warning:  Cannot modify header information - headers already sent by (output started at /var/www/membership/membership.rewards/admin/header.php:108) in /var/www/membership/membership.rewards/rsframework/include/core/URL.class.php on line 16
[20-Nov-2013 10:35:44] PHP Stack trace:
[20-Nov-2013 10:35:44] PHP   1. {main}() /var/www/membership/membership.rewards/admin/index.php:0
[20-Nov-2013 10:35:44] PHP   2. include() /var/www/membership/membership.rewards/admin/index.php:509
[20-Nov-2013 10:35:44] PHP   3. include() /var/www/membership/membership.rewards/admin/menu.php:7
[20-Nov-2013 10:35:44] PHP   4. URL::Redirect() /var/www/membership/membership.rewards/admin/sessionmanager.php:90
[20-Nov-2013 10:35:44] PHP   5. header() /var/www/membership/membership.rewards/rsframework/include/core/URL.class.php:16
[20-Nov-2013 10:35:44] PHP Notice:  Undefined variable: usermenu in /var/www/membership/membership.rewards/admin/menu.php on line 16
[20-Nov-2013 10:35:44] PHP Stack trace:
[20-Nov-2013 10:35:44] PHP   1. {main}() /var/www/membership/membership.rewards/admin/index.php:0
[20-Nov-2013 10:35:44] PHP   2. include() /var/www/membership/membership.rewards/admin/index.php:509
[20-Nov-2013 10:35:44] PHP Warning:  Invalid argument supplied for foreach() in /var/www/membership/membership.rewards/admin/menu.php on line 16
[20-Nov-2013 10:35:44] PHP Stack trace:
[20-Nov-2013 10:35:44] PHP   1. {main}() /var/www/membership/membership.rewards/admin/index.php:0
[20-Nov-2013 10:35:44] PHP   2. include() /var/www/membership/membership.rewards/admin/index.php:509
[20-Nov-2013 10:35:44] PHP Notice:  Undefined index: aID in /var/www/membership/membership.rewards/admin/menu.php on line 38
[20-Nov-2013 10:35:44] PHP Stack trace:
[20-Nov-2013 10:35:44] PHP   1. {main}() /var/www/membership/membership.rewards/admin/index.php:0
[20-Nov-2013 10:35:44] PHP   2. include() /var/www/membership/membership.rewards/admin/index.php:509
[20-Nov-2013 10:35:44] MySQL Error "You have an error in your SQL syntax; check the manual that corresponds to your MySQL server version for the right syntax to use near '' at line 1" File: /var/www/membership/membership.rewards/rsframework/include/datalayer/MySQLDatabase.php LINE: 147
[20-Nov-2013 10:35:44] PHP Warning:  Invalid argument supplied for foreach() in /var/www/membership/membership.rewards/admin/menu.php on line 40
[20-Nov-2013 10:35:44] PHP Stack trace:
[20-Nov-2013 10:35:44] PHP   1. {main}() /var/www/membership/membership.rewards/admin/index.php:0
[20-Nov-2013 10:35:44] PHP   2. include() /var/www/membership/membership.rewards/admin/index.php:509
[20-Nov-2013 10:35:44] PHP Notice:  Undefined variable: username in /var/www/membership/membership.rewards/admin/menu.php on line 43
[20-Nov-2013 10:35:44] PHP Stack trace:
[20-Nov-2013 10:35:44] PHP   1. {main}() /var/www/membership/membership.rewards/admin/index.php:0
[20-Nov-2013 10:35:44] PHP   2. include() /var/www/membership/membership.rewards/admin/index.php:509
[20-Nov-2013 10:35:44] PHP Notice:  Undefined variable: usermenu in /var/www/membership/membership.rewards/admin/menu.php on line 51
[20-Nov-2013 10:35:44] PHP Stack trace:
[20-Nov-2013 10:35:44] PHP   1. {main}() /var/www/membership/membership.rewards/admin/index.php:0
[20-Nov-2013 10:35:44] PHP   2. include() /var/www/membership/membership.rewards/admin/index.php:509
[20-Nov-2013 10:35:44] PHP Warning:  Invalid argument supplied for foreach() in /var/www/membership/membership.rewards/admin/menu.php on line 51
[20-Nov-2013 10:35:44] PHP Stack trace:
[20-Nov-2013 10:35:44] PHP   1. {main}() /var/www/membership/membership.rewards/admin/index.php:0
[20-Nov-2013 10:35:44] PHP   2. include() /var/www/membership/membership.rewards/admin/index.php:509
[20-Nov-2013 10:36:54] PHP Warning:  session_destroy() [<a href='0function.session-destroy0'>function.session-destroy0</a>]: Trying to destroy uninitialized session in /var/www/membership/membership.rewards/admin/sessionmanager.php on line 83
[20-Nov-2013 10:36:54] PHP Stack trace:
[20-Nov-2013 10:36:54] PHP   1. {main}() /var/www/membership/membership.rewards/admin/blacklists.php:0
[20-Nov-2013 10:36:54] PHP   2. include() /var/www/membership/membership.rewards/admin/blacklists.php:505
[20-Nov-2013 10:36:54] PHP   3. include() /var/www/membership/membership.rewards/admin/menu.php:7
[20-Nov-2013 10:36:54] PHP   4. session_destroy() /var/www/membership/membership.rewards/admin/sessionmanager.php:83
[20-Nov-2013 10:36:54] PHP Warning:  Cannot modify header information - headers already sent by (output started at /var/www/membership/membership.rewards/admin/header.php:115) in /var/www/membership/membership.rewards/rsframework/include/core/URL.class.php on line 16
[20-Nov-2013 10:36:54] PHP Stack trace:
[20-Nov-2013 10:36:54] PHP   1. {main}() /var/www/membership/membership.rewards/admin/blacklists.php:0
[20-Nov-2013 10:36:54] PHP   2. include() /var/www/membership/membership.rewards/admin/blacklists.php:505
[20-Nov-2013 10:36:54] PHP   3. include() /var/www/membership/membership.rewards/admin/menu.php:7
[20-Nov-2013 10:36:54] PHP   4. URL::Redirect() /var/www/membership/membership.rewards/admin/sessionmanager.php:84
[20-Nov-2013 10:36:54] PHP   5. header() /var/www/membership/membership.rewards/rsframework/include/core/URL.class.php:16
[20-Nov-2013 10:36:54] PHP Notice:  Undefined variable: usermenu in /var/www/membership/membership.rewards/admin/menu.php on line 16
[20-Nov-2013 10:36:54] PHP Stack trace:
[20-Nov-2013 10:36:54] PHP   1. {main}() /var/www/membership/membership.rewards/admin/blacklists.php:0
[20-Nov-2013 10:36:54] PHP   2. include() /var/www/membership/membership.rewards/admin/blacklists.php:505
[20-Nov-2013 10:36:54] PHP Warning:  Invalid argument supplied for foreach() in /var/www/membership/membership.rewards/admin/menu.php on line 16
[20-Nov-2013 10:36:54] PHP Stack trace:
[20-Nov-2013 10:36:54] PHP   1. {main}() /var/www/membership/membership.rewards/admin/blacklists.php:0
[20-Nov-2013 10:36:54] PHP   2. include() /var/www/membership/membership.rewards/admin/blacklists.php:505
[20-Nov-2013 10:36:54] PHP Notice:  Undefined variable: usermenu in /var/www/membership/membership.rewards/admin/menu.php on line 51
[20-Nov-2013 10:36:54] PHP Stack trace:
[20-Nov-2013 10:36:54] PHP   1. {main}() /var/www/membership/membership.rewards/admin/blacklists.php:0
[20-Nov-2013 10:36:54] PHP   2. include() /var/www/membership/membership.rewards/admin/blacklists.php:505
[20-Nov-2013 10:36:54] PHP Warning:  Invalid argument supplied for foreach() in /var/www/membership/membership.rewards/admin/menu.php on line 51
[20-Nov-2013 10:36:54] PHP Stack trace:
[20-Nov-2013 10:36:54] PHP   1. {main}() /var/www/membership/membership.rewards/admin/blacklists.php:0
[20-Nov-2013 10:36:54] PHP   2. include() /var/www/membership/membership.rewards/admin/blacklists.php:505
