[22-Jan-2014 09:59:02] PHP Notice:  Undefined index: MemberInfo in /var/www/membership/membership.rewards/controller/profilecontroller.php on line 54
[22-Jan-2014 09:59:02] PHP Stack trace:
[22-Jan-2014 09:59:02] PHP   1. {main}() /var/www/membership/membership.rewards/profile.php:0
[22-Jan-2014 09:59:02] PHP   2. include_once() /var/www/membership/membership.rewards/profile.php:10
[22-Jan-2014 09:59:02] MySQL Error "SQLSTATE[42000]: Syntax error or access violation: 1064 You have an error in your SQL syntax; check the manual that corresponds to your MySQL server version for the right syntax to use near '' at line 6" File: /var/www/membership/membership.rewards/rsframework/include/core/BaseEntity.class.php LINE: 352
[22-Jan-2014 09:59:02] MySQL Error "SQLSTATE[42000]: Syntax error or access violation: 1064 You have an error in your SQL syntax; check the manual that corresponds to your MySQL server version for the right syntax to use near 'AND m.Status IN(1,5)' at line 9" File: /var/www/membership/membership.rewards/rsframework/include/core/BaseEntity.class.php LINE: 352
[22-Jan-2014 09:59:02] MySQL Error "SQLSTATE[42000]: Syntax error or access violation: 1064 You have an error in your SQL syntax; check the manual that corresponds to your MySQL server version for the right syntax to use near 'AND m.Status IN(1,5)' at line 9" File: /var/www/membership/membership.rewards/rsframework/include/core/BaseEntity.class.php LINE: 352
[22-Jan-2014 09:59:02] PHP Notice:  Undefined offset: 0 in /var/www/membership/membership.rewards/rsframework/include/Modules/Loyalty/classes/MemberCards.class.php on line 71
[22-Jan-2014 09:59:02] PHP Stack trace:
[22-Jan-2014 09:59:02] PHP   1. {main}() /var/www/membership/membership.rewards/profile.php:0
[22-Jan-2014 09:59:02] PHP   2. include_once() /var/www/membership/membership.rewards/profile.php:10
[22-Jan-2014 09:59:02] PHP   3. MemberCards->getMemberPoints() /var/www/membership/membership.rewards/controller/profilecontroller.php:96
[22-Jan-2014 09:59:02] MySQL Error "SQLSTATE[42000]: Syntax error or access violation: 1064 You have an error in your SQL syntax; check the manual that corresponds to your MySQL server version for the right syntax to use near 'AND `Status` IN (1,5)
                  GROUP BY MID' at line 10" File: /var/www/membership/membership.rewards/rsframework/include/core/BaseEntity.class.php LINE: 352
[22-Jan-2014 09:59:03] PHP Notice:  Undefined index: MemberInfo in /var/www/membership/membership.rewards/controller/profilecontroller.php on line 326
[22-Jan-2014 09:59:03] PHP Stack trace:
[22-Jan-2014 09:59:03] PHP   1. {main}() /var/www/membership/membership.rewards/profile.php:0
[22-Jan-2014 09:59:03] PHP   2. include_once() /var/www/membership/membership.rewards/profile.php:10
[22-Jan-2014 09:59:03] PHP Notice:  Undefined index: MemberInfo in /var/www/membership/membership.rewards/profile.php on line 169
[22-Jan-2014 09:59:03] PHP Stack trace:
[22-Jan-2014 09:59:03] PHP   1. {main}() /var/www/membership/membership.rewards/profile.php:0
[22-Jan-2014 10:12:13] [ITEM REDEMPTION ERROR] Failed to send SMS [ItemRedemptionLogID:  360].
[22-Jan-2014 10:32:44] Error "Card Not Found[003]: 7225" File: /var/www/membership/membership.rewards/API/cardinquiry.php LINE: 205
[22-Jan-2014 10:32:44] Error "Card Not Found[004]: 7225" File: /var/www/membership/membership.rewards/rsframework/include/Modules/Loyalty/classes/GetCardInfoAPI.class.php LINE: 602
[22-Jan-2014 16:01:52] PHP Notice:  Undefined index: userinfo in /var/www/membership/membership.rewards/admin/index.php on line 58
[22-Jan-2014 16:01:52] PHP Stack trace:
[22-Jan-2014 16:01:52] PHP   1. {main}() /var/www/membership/membership.rewards/admin/index.php:0
[22-Jan-2014 16:01:52] PHP Warning:  Cannot modify header information - headers already sent by (output started at /var/www/membership/membership.rewards/admin/header.php:108) in /var/www/membership/membership.rewards/rsframework/include/core/URL.class.php on line 16
[22-Jan-2014 16:01:52] PHP Stack trace:
[22-Jan-2014 16:01:52] PHP   1. {main}() /var/www/membership/membership.rewards/admin/index.php:0
[22-Jan-2014 16:01:52] PHP   2. include() /var/www/membership/membership.rewards/admin/index.php:509
[22-Jan-2014 16:01:52] PHP   3. include() /var/www/membership/membership.rewards/admin/menu.php:7
[22-Jan-2014 16:01:52] PHP   4. URL::Redirect() /var/www/membership/membership.rewards/admin/sessionmanager.php:90
[22-Jan-2014 16:01:52] PHP   5. header() /var/www/membership/membership.rewards/rsframework/include/core/URL.class.php:16
[22-Jan-2014 16:01:52] PHP Notice:  Undefined variable: usermenu in /var/www/membership/membership.rewards/admin/menu.php on line 16
[22-Jan-2014 16:01:52] PHP Stack trace:
[22-Jan-2014 16:01:52] PHP   1. {main}() /var/www/membership/membership.rewards/admin/index.php:0
[22-Jan-2014 16:01:52] PHP   2. include() /var/www/membership/membership.rewards/admin/index.php:509
[22-Jan-2014 16:01:52] PHP Warning:  Invalid argument supplied for foreach() in /var/www/membership/membership.rewards/admin/menu.php on line 16
[22-Jan-2014 16:01:52] PHP Stack trace:
[22-Jan-2014 16:01:52] PHP   1. {main}() /var/www/membership/membership.rewards/admin/index.php:0
[22-Jan-2014 16:01:52] PHP   2. include() /var/www/membership/membership.rewards/admin/index.php:509
[22-Jan-2014 16:01:52] PHP Notice:  Undefined index: aID in /var/www/membership/membership.rewards/admin/menu.php on line 38
[22-Jan-2014 16:01:52] PHP Stack trace:
[22-Jan-2014 16:01:52] PHP   1. {main}() /var/www/membership/membership.rewards/admin/index.php:0
[22-Jan-2014 16:01:52] PHP   2. include() /var/www/membership/membership.rewards/admin/index.php:509
[22-Jan-2014 16:01:52] MySQL Error "You have an error in your SQL syntax; check the manual that corresponds to your MySQL server version for the right syntax to use near '' at line 1" File: /var/www/membership/membership.rewards/rsframework/include/datalayer/MySQLDatabase.php LINE: 147
[22-Jan-2014 16:01:52] PHP Warning:  Invalid argument supplied for foreach() in /var/www/membership/membership.rewards/admin/menu.php on line 40
[22-Jan-2014 16:01:52] PHP Stack trace:
[22-Jan-2014 16:01:52] PHP   1. {main}() /var/www/membership/membership.rewards/admin/index.php:0
[22-Jan-2014 16:01:52] PHP   2. include() /var/www/membership/membership.rewards/admin/index.php:509
[22-Jan-2014 16:01:52] PHP Notice:  Undefined variable: username in /var/www/membership/membership.rewards/admin/menu.php on line 43
[22-Jan-2014 16:01:52] PHP Stack trace:
[22-Jan-2014 16:01:52] PHP   1. {main}() /var/www/membership/membership.rewards/admin/index.php:0
[22-Jan-2014 16:01:52] PHP   2. include() /var/www/membership/membership.rewards/admin/index.php:509
[22-Jan-2014 16:01:52] PHP Notice:  Undefined variable: usermenu in /var/www/membership/membership.rewards/admin/menu.php on line 51
[22-Jan-2014 16:01:52] PHP Stack trace:
[22-Jan-2014 16:01:52] PHP   1. {main}() /var/www/membership/membership.rewards/admin/index.php:0
[22-Jan-2014 16:01:52] PHP   2. include() /var/www/membership/membership.rewards/admin/index.php:509
[22-Jan-2014 16:01:53] PHP Warning:  Invalid argument supplied for foreach() in /var/www/membership/membership.rewards/admin/menu.php on line 51
[22-Jan-2014 16:01:53] PHP Stack trace:
[22-Jan-2014 16:01:53] PHP   1. {main}() /var/www/membership/membership.rewards/admin/index.php:0
[22-Jan-2014 16:01:53] PHP   2. include() /var/www/membership/membership.rewards/admin/index.php:509
[22-Jan-2014 18:46:29] PHP Notice:  Undefined index: userinfo in /var/www/membership/membership.rewards/admin/index.php on line 58
[22-Jan-2014 18:46:29] PHP Stack trace:
[22-Jan-2014 18:46:29] PHP   1. {main}() /var/www/membership/membership.rewards/admin/index.php:0
[22-Jan-2014 18:46:29] PHP Warning:  Cannot modify header information - headers already sent by (output started at /var/www/membership/membership.rewards/admin/header.php:108) in /var/www/membership/membership.rewards/rsframework/include/core/URL.class.php on line 16
[22-Jan-2014 18:46:29] PHP Stack trace:
[22-Jan-2014 18:46:29] PHP   1. {main}() /var/www/membership/membership.rewards/admin/index.php:0
[22-Jan-2014 18:46:29] PHP   2. include() /var/www/membership/membership.rewards/admin/index.php:509
[22-Jan-2014 18:46:29] PHP   3. include() /var/www/membership/membership.rewards/admin/menu.php:7
[22-Jan-2014 18:46:29] PHP   4. URL::Redirect() /var/www/membership/membership.rewards/admin/sessionmanager.php:90
[22-Jan-2014 18:46:29] PHP   5. header() /var/www/membership/membership.rewards/rsframework/include/core/URL.class.php:16
[22-Jan-2014 18:46:29] PHP Notice:  Undefined variable: usermenu in /var/www/membership/membership.rewards/admin/menu.php on line 16
[22-Jan-2014 18:46:29] PHP Stack trace:
[22-Jan-2014 18:46:29] PHP   1. {main}() /var/www/membership/membership.rewards/admin/index.php:0
[22-Jan-2014 18:46:29] PHP   2. include() /var/www/membership/membership.rewards/admin/index.php:509
[22-Jan-2014 18:46:29] PHP Warning:  Invalid argument supplied for foreach() in /var/www/membership/membership.rewards/admin/menu.php on line 16
[22-Jan-2014 18:46:29] PHP Stack trace:
[22-Jan-2014 18:46:29] PHP   1. {main}() /var/www/membership/membership.rewards/admin/index.php:0
[22-Jan-2014 18:46:29] PHP   2. include() /var/www/membership/membership.rewards/admin/index.php:509
[22-Jan-2014 18:46:29] PHP Notice:  Undefined index: aID in /var/www/membership/membership.rewards/admin/menu.php on line 38
[22-Jan-2014 18:46:29] PHP Stack trace:
[22-Jan-2014 18:46:29] PHP   1. {main}() /var/www/membership/membership.rewards/admin/index.php:0
[22-Jan-2014 18:46:29] PHP   2. include() /var/www/membership/membership.rewards/admin/index.php:509
[22-Jan-2014 18:46:29] MySQL Error "You have an error in your SQL syntax; check the manual that corresponds to your MySQL server version for the right syntax to use near '' at line 1" File: /var/www/membership/membership.rewards/rsframework/include/datalayer/MySQLDatabase.php LINE: 147
[22-Jan-2014 18:46:29] PHP Warning:  Invalid argument supplied for foreach() in /var/www/membership/membership.rewards/admin/menu.php on line 40
[22-Jan-2014 18:46:29] PHP Stack trace:
[22-Jan-2014 18:46:29] PHP   1. {main}() /var/www/membership/membership.rewards/admin/index.php:0
[22-Jan-2014 18:46:29] PHP   2. include() /var/www/membership/membership.rewards/admin/index.php:509
[22-Jan-2014 18:46:29] PHP Notice:  Undefined variable: username in /var/www/membership/membership.rewards/admin/menu.php on line 43
[22-Jan-2014 18:46:29] PHP Stack trace:
[22-Jan-2014 18:46:29] PHP   1. {main}() /var/www/membership/membership.rewards/admin/index.php:0
[22-Jan-2014 18:46:29] PHP   2. include() /var/www/membership/membership.rewards/admin/index.php:509
[22-Jan-2014 18:46:29] PHP Notice:  Undefined variable: usermenu in /var/www/membership/membership.rewards/admin/menu.php on line 51
[22-Jan-2014 18:46:29] PHP Stack trace:
[22-Jan-2014 18:46:29] PHP   1. {main}() /var/www/membership/membership.rewards/admin/index.php:0
[22-Jan-2014 18:46:29] PHP   2. include() /var/www/membership/membership.rewards/admin/index.php:509
[22-Jan-2014 18:46:29] PHP Warning:  Invalid argument supplied for foreach() in /var/www/membership/membership.rewards/admin/menu.php on line 51
[22-Jan-2014 18:46:29] PHP Stack trace:
[22-Jan-2014 18:46:29] PHP   1. {main}() /var/www/membership/membership.rewards/admin/index.php:0
[22-Jan-2014 18:46:29] PHP   2. include() /var/www/membership/membership.rewards/admin/index.php:509
[22-Jan-2014 19:16:24] PHP Notice:  Undefined variable: limit in /var/www/membership/membership.rewards/admin/Helper/helper.playeractivatedeactivate.php on line 353
[22-Jan-2014 19:16:24] PHP Stack trace:
[22-Jan-2014 19:16:24] PHP   1. {main}() /var/www/membership/membership.rewards/admin/Helper/helper.playeractivatedeactivate.php:0
[22-Jan-2014 19:16:24] PHP Warning:  Division by zero in /var/www/membership/membership.rewards/admin/Helper/helper.playeractivatedeactivate.php on line 353
[22-Jan-2014 19:16:24] PHP Stack trace:
[22-Jan-2014 19:16:24] PHP   1. {main}() /var/www/membership/membership.rewards/admin/Helper/helper.playeractivatedeactivate.php:0
[22-Jan-2014 19:16:24] PHP Notice:  Undefined variable: page in /var/www/membership/membership.rewards/admin/Helper/helper.playeractivatedeactivate.php on line 354
[22-Jan-2014 19:16:24] PHP Stack trace:
[22-Jan-2014 19:16:24] PHP   1. {main}() /var/www/membership/membership.rewards/admin/Helper/helper.playeractivatedeactivate.php:0
[22-Jan-2014 19:16:24] PHP Notice:  Undefined variable: page in /var/www/membership/membership.rewards/admin/Helper/helper.playeractivatedeactivate.php on line 358
[22-Jan-2014 19:16:24] PHP Stack trace:
[22-Jan-2014 19:16:24] PHP   1. {main}() /var/www/membership/membership.rewards/admin/Helper/helper.playeractivatedeactivate.php:0
[22-Jan-2014 19:16:47] PHP Notice:  Undefined variable: limit in /var/www/membership/membership.rewards/admin/Helper/helper.playeractivatedeactivate.php on line 353
[22-Jan-2014 19:16:47] PHP Stack trace:
[22-Jan-2014 19:16:47] PHP   1. {main}() /var/www/membership/membership.rewards/admin/Helper/helper.playeractivatedeactivate.php:0
[22-Jan-2014 19:16:47] PHP Warning:  Division by zero in /var/www/membership/membership.rewards/admin/Helper/helper.playeractivatedeactivate.php on line 353
[22-Jan-2014 19:16:47] PHP Stack trace:
[22-Jan-2014 19:16:47] PHP   1. {main}() /var/www/membership/membership.rewards/admin/Helper/helper.playeractivatedeactivate.php:0
[22-Jan-2014 19:16:47] PHP Notice:  Undefined variable: page in /var/www/membership/membership.rewards/admin/Helper/helper.playeractivatedeactivate.php on line 354
[22-Jan-2014 19:16:47] PHP Stack trace:
[22-Jan-2014 19:16:47] PHP   1. {main}() /var/www/membership/membership.rewards/admin/Helper/helper.playeractivatedeactivate.php:0
[22-Jan-2014 19:16:47] PHP Notice:  Undefined variable: page in /var/www/membership/membership.rewards/admin/Helper/helper.playeractivatedeactivate.php on line 358
[22-Jan-2014 19:16:47] PHP Stack trace:
[22-Jan-2014 19:16:47] PHP   1. {main}() /var/www/membership/membership.rewards/admin/Helper/helper.playeractivatedeactivate.php:0
[22-Jan-2014 19:17:44] PHP Notice:  Undefined index: page in /var/www/membership/membership.rewards/admin/Helper/helper.playeractivatedeactivate.php on line 38
[22-Jan-2014 19:17:44] PHP Stack trace:
[22-Jan-2014 19:17:44] PHP   1. {main}() /var/www/membership/membership.rewards/admin/Helper/helper.playeractivatedeactivate.php:0
[22-Jan-2014 19:17:44] PHP Notice:  Undefined index: rows in /var/www/membership/membership.rewards/admin/Helper/helper.playeractivatedeactivate.php on line 39
[22-Jan-2014 19:17:44] PHP Stack trace:
[22-Jan-2014 19:17:44] PHP   1. {main}() /var/www/membership/membership.rewards/admin/Helper/helper.playeractivatedeactivate.php:0
[22-Jan-2014 19:17:44] PHP Warning:  Division by zero in /var/www/membership/membership.rewards/admin/Helper/helper.playeractivatedeactivate.php on line 355
[22-Jan-2014 19:17:44] PHP Stack trace:
[22-Jan-2014 19:17:44] PHP   1. {main}() /var/www/membership/membership.rewards/admin/Helper/helper.playeractivatedeactivate.php:0
