[11-Feb-2014 10:26:50] PHP Warning:  Missing argument 14 for CasinoAPI::createAccount(), called in /var/www/membership/membership.rewards/admin/Helper/helper.manualptcreation.php on line 158 and defined in /var/www/membership/membership.rewards/rsframework/include/Modules/CasinoProvider/classes/CasinoAPI.class.php on line 237
[11-Feb-2014 10:26:50] PHP Stack trace:
[11-Feb-2014 10:26:50] PHP   1. {main}() /var/www/membership/membership.rewards/admin/Helper/helper.manualptcreation.php:0
[11-Feb-2014 10:26:50] PHP   2. CasinoAPI->createAccount() /var/www/membership/membership.rewards/admin/Helper/helper.manualptcreation.php:158
[11-Feb-2014 10:26:50] PHP Notice:  Undefined variable: zipcode in /var/www/membership/membership.rewards/rsframework/include/Modules/CasinoProvider/classes/CasinoAPI.class.php on line 269
[11-Feb-2014 10:26:50] PHP Stack trace:
[11-Feb-2014 10:26:50] PHP   1. {main}() /var/www/membership/membership.rewards/admin/Helper/helper.manualptcreation.php:0
[11-Feb-2014 10:26:50] PHP   2. CasinoAPI->createAccount() /var/www/membership/membership.rewards/admin/Helper/helper.manualptcreation.php:158
[11-Feb-2014 10:35:50] PHP Notice:  Undefined variable: apisuccess in /var/www/membership/membership.rewards/admin/Helper/helper.manualptcreation.php on line 205
[11-Feb-2014 10:35:50] PHP Stack trace:
[11-Feb-2014 10:35:50] PHP   1. {main}() /var/www/membership/membership.rewards/admin/Helper/helper.manualptcreation.php:0
[11-Feb-2014 10:48:57] PHP Notice:  Undefined variable: apisuccess in /var/www/membership/membership.rewards/admin/Helper/helper.manualptcreation.php on line 205
[11-Feb-2014 10:48:57] PHP Stack trace:
[11-Feb-2014 10:48:57] PHP   1. {main}() /var/www/membership/membership.rewards/admin/Helper/helper.manualptcreation.php:0
[11-Feb-2014 13:56:17] PHP Notice:  Undefined index: ServiceUsername in /var/www/membership/membership.rewards/rsframework/include/Modules/Membership/classes/ActivateMember.class.php on line 177
[11-Feb-2014 13:56:17] PHP Stack trace:
[11-Feb-2014 13:56:17] PHP   1. {main}() /var/www/membership/membership.rewards/API/cardinquiry.php:0
[11-Feb-2014 13:56:17] PHP   2. GetCardInfoAPI->GetCardInfo() /var/www/membership/membership.rewards/API/cardinquiry.php:210
[11-Feb-2014 13:56:17] PHP   3. ActivateMember->Migrate() /var/www/membership/membership.rewards/rsframework/include/Modules/Loyalty/classes/GetCardInfoAPI.class.php:263
[11-Feb-2014 14:00:38] PHP Warning:  Cannot modify header information - headers already sent by (output started at /var/www/membership/membership.rewards/admin/header.php:115) in /var/www/membership/membership.rewards/rsframework/include/core/URL.class.php on line 16
[11-Feb-2014 14:00:38] PHP Stack trace:
[11-Feb-2014 14:00:38] PHP   1. {main}() /var/www/membership/membership.rewards/admin/manualptcreation.php:0
[11-Feb-2014 14:00:38] PHP   2. include() /var/www/membership/membership.rewards/admin/manualptcreation.php:266
[11-Feb-2014 14:00:38] PHP   3. include() /var/www/membership/membership.rewards/admin/menu.php:7
[11-Feb-2014 14:00:38] PHP   4. URL::Redirect() /var/www/membership/membership.rewards/admin/sessionmanager.php:90
[11-Feb-2014 14:00:38] PHP   5. header() /var/www/membership/membership.rewards/rsframework/include/core/URL.class.php:16
[11-Feb-2014 14:00:38] PHP Notice:  Undefined variable: usermenu in /var/www/membership/membership.rewards/admin/menu.php on line 16
[11-Feb-2014 14:00:38] PHP Stack trace:
[11-Feb-2014 14:00:38] PHP   1. {main}() /var/www/membership/membership.rewards/admin/manualptcreation.php:0
[11-Feb-2014 14:00:38] PHP   2. include() /var/www/membership/membership.rewards/admin/manualptcreation.php:266
[11-Feb-2014 14:00:38] PHP Warning:  Invalid argument supplied for foreach() in /var/www/membership/membership.rewards/admin/menu.php on line 16
[11-Feb-2014 14:00:38] PHP Stack trace:
[11-Feb-2014 14:00:38] PHP   1. {main}() /var/www/membership/membership.rewards/admin/manualptcreation.php:0
[11-Feb-2014 14:00:38] PHP   2. include() /var/www/membership/membership.rewards/admin/manualptcreation.php:266
[11-Feb-2014 14:00:38] PHP Notice:  Undefined index: aID in /var/www/membership/membership.rewards/admin/menu.php on line 38
[11-Feb-2014 14:00:38] PHP Stack trace:
[11-Feb-2014 14:00:38] PHP   1. {main}() /var/www/membership/membership.rewards/admin/manualptcreation.php:0
[11-Feb-2014 14:00:38] PHP   2. include() /var/www/membership/membership.rewards/admin/manualptcreation.php:266
[11-Feb-2014 14:00:38] MySQL Error "You have an error in your SQL syntax; check the manual that corresponds to your MySQL server version for the right syntax to use near '' at line 1" File: /var/www/membership/membership.rewards/rsframework/include/datalayer/MySQLDatabase.php LINE: 147
[11-Feb-2014 14:00:38] PHP Warning:  Invalid argument supplied for foreach() in /var/www/membership/membership.rewards/admin/menu.php on line 40
[11-Feb-2014 14:00:38] PHP Stack trace:
[11-Feb-2014 14:00:38] PHP   1. {main}() /var/www/membership/membership.rewards/admin/manualptcreation.php:0
[11-Feb-2014 14:00:38] PHP   2. include() /var/www/membership/membership.rewards/admin/manualptcreation.php:266
[11-Feb-2014 14:00:38] PHP Notice:  Undefined variable: username in /var/www/membership/membership.rewards/admin/menu.php on line 43
[11-Feb-2014 14:00:38] PHP Stack trace:
[11-Feb-2014 14:00:38] PHP   1. {main}() /var/www/membership/membership.rewards/admin/manualptcreation.php:0
[11-Feb-2014 14:00:38] PHP   2. include() /var/www/membership/membership.rewards/admin/manualptcreation.php:266
[11-Feb-2014 14:00:38] PHP Notice:  Undefined variable: usermenu in /var/www/membership/membership.rewards/admin/menu.php on line 51
[11-Feb-2014 14:00:38] PHP Stack trace:
[11-Feb-2014 14:00:38] PHP   1. {main}() /var/www/membership/membership.rewards/admin/manualptcreation.php:0
[11-Feb-2014 14:00:38] PHP   2. include() /var/www/membership/membership.rewards/admin/manualptcreation.php:266
[11-Feb-2014 14:00:38] PHP Warning:  Invalid argument supplied for foreach() in /var/www/membership/membership.rewards/admin/menu.php on line 51
[11-Feb-2014 14:00:38] PHP Stack trace:
[11-Feb-2014 14:00:38] PHP   1. {main}() /var/www/membership/membership.rewards/admin/manualptcreation.php:0
[11-Feb-2014 14:00:38] PHP   2. include() /var/www/membership/membership.rewards/admin/manualptcreation.php:266
[11-Feb-2014 14:30:18] PHP Warning:  Cannot modify header information - headers already sent by (output started at /var/www/membership/membership.rewards/admin/header.php:115) in /var/www/membership/membership.rewards/rsframework/include/core/URL.class.php on line 16
[11-Feb-2014 14:30:18] PHP Stack trace:
[11-Feb-2014 14:30:18] PHP   1. {main}() /var/www/membership/membership.rewards/admin/manualptcreation.php:0
[11-Feb-2014 14:30:18] PHP   2. include() /var/www/membership/membership.rewards/admin/manualptcreation.php:266
[11-Feb-2014 14:30:18] PHP   3. include() /var/www/membership/membership.rewards/admin/menu.php:7
[11-Feb-2014 14:30:18] PHP   4. URL::Redirect() /var/www/membership/membership.rewards/admin/sessionmanager.php:90
[11-Feb-2014 14:30:18] PHP   5. header() /var/www/membership/membership.rewards/rsframework/include/core/URL.class.php:16
[11-Feb-2014 14:30:18] PHP Notice:  Undefined variable: usermenu in /var/www/membership/membership.rewards/admin/menu.php on line 16
[11-Feb-2014 14:30:18] PHP Stack trace:
[11-Feb-2014 14:30:18] PHP   1. {main}() /var/www/membership/membership.rewards/admin/manualptcreation.php:0
[11-Feb-2014 14:30:18] PHP   2. include() /var/www/membership/membership.rewards/admin/manualptcreation.php:266
[11-Feb-2014 14:30:18] PHP Warning:  Invalid argument supplied for foreach() in /var/www/membership/membership.rewards/admin/menu.php on line 16
[11-Feb-2014 14:30:18] PHP Stack trace:
[11-Feb-2014 14:30:18] PHP   1. {main}() /var/www/membership/membership.rewards/admin/manualptcreation.php:0
[11-Feb-2014 14:30:18] PHP   2. include() /var/www/membership/membership.rewards/admin/manualptcreation.php:266
[11-Feb-2014 14:30:18] PHP Notice:  Undefined index: aID in /var/www/membership/membership.rewards/admin/menu.php on line 38
[11-Feb-2014 14:30:18] PHP Stack trace:
[11-Feb-2014 14:30:18] PHP   1. {main}() /var/www/membership/membership.rewards/admin/manualptcreation.php:0
[11-Feb-2014 14:30:18] PHP   2. include() /var/www/membership/membership.rewards/admin/manualptcreation.php:266
[11-Feb-2014 14:30:18] MySQL Error "You have an error in your SQL syntax; check the manual that corresponds to your MySQL server version for the right syntax to use near '' at line 1" File: /var/www/membership/membership.rewards/rsframework/include/datalayer/MySQLDatabase.php LINE: 147
[11-Feb-2014 14:30:18] PHP Warning:  Invalid argument supplied for foreach() in /var/www/membership/membership.rewards/admin/menu.php on line 40
[11-Feb-2014 14:30:18] PHP Stack trace:
[11-Feb-2014 14:30:18] PHP   1. {main}() /var/www/membership/membership.rewards/admin/manualptcreation.php:0
[11-Feb-2014 14:30:18] PHP   2. include() /var/www/membership/membership.rewards/admin/manualptcreation.php:266
[11-Feb-2014 14:30:18] PHP Notice:  Undefined variable: username in /var/www/membership/membership.rewards/admin/menu.php on line 43
[11-Feb-2014 14:30:18] PHP Stack trace:
[11-Feb-2014 14:30:18] PHP   1. {main}() /var/www/membership/membership.rewards/admin/manualptcreation.php:0
[11-Feb-2014 14:30:18] PHP   2. include() /var/www/membership/membership.rewards/admin/manualptcreation.php:266
[11-Feb-2014 14:30:18] PHP Notice:  Undefined variable: usermenu in /var/www/membership/membership.rewards/admin/menu.php on line 51
[11-Feb-2014 14:30:18] PHP Stack trace:
[11-Feb-2014 14:30:18] PHP   1. {main}() /var/www/membership/membership.rewards/admin/manualptcreation.php:0
[11-Feb-2014 14:30:18] PHP   2. include() /var/www/membership/membership.rewards/admin/manualptcreation.php:266
[11-Feb-2014 14:30:18] PHP Warning:  Invalid argument supplied for foreach() in /var/www/membership/membership.rewards/admin/menu.php on line 51
[11-Feb-2014 14:30:18] PHP Stack trace:
[11-Feb-2014 14:30:18] PHP   1. {main}() /var/www/membership/membership.rewards/admin/manualptcreation.php:0
[11-Feb-2014 14:30:18] PHP   2. include() /var/www/membership/membership.rewards/admin/manualptcreation.php:266
[11-Feb-2014 14:31:09] PHP Notice:  Undefined variable: casinoAPI in /var/www/membership/membership.rewards/admin/Helper/helper.manualptcreation.php on line 249
[11-Feb-2014 14:31:09] PHP Stack trace:
[11-Feb-2014 14:31:09] PHP   1. {main}() /var/www/membership/membership.rewards/admin/Helper/helper.manualptcreation.php:0
[11-Feb-2014 14:31:09] PHP Fatal error:  Call to a member function ChangePassword() on a non-object in /var/www/membership/membership.rewards/admin/Helper/helper.manualptcreation.php on line 249
[11-Feb-2014 14:31:09] PHP Stack trace:
[11-Feb-2014 14:31:09] PHP   1. {main}() /var/www/membership/membership.rewards/admin/Helper/helper.manualptcreation.php:0
[11-Feb-2014 14:32:01] PHP Notice:  Undefined variable: userName in /var/www/membership/membership.rewards/admin/Helper/helper.manualptcreation.php on line 250
[11-Feb-2014 14:32:01] PHP Stack trace:
[11-Feb-2014 14:32:01] PHP   1. {main}() /var/www/membership/membership.rewards/admin/Helper/helper.manualptcreation.php:0
[11-Feb-2014 15:10:08] PHP Warning:  Cannot modify header information - headers already sent by (output started at /var/www/membership/membership.rewards/admin/header.php:115) in /var/www/membership/membership.rewards/rsframework/include/core/URL.class.php on line 16
[11-Feb-2014 15:10:08] PHP Stack trace:
[11-Feb-2014 15:10:08] PHP   1. {main}() /var/www/membership/membership.rewards/admin/manualptcreation.php:0
[11-Feb-2014 15:10:08] PHP   2. include() /var/www/membership/membership.rewards/admin/manualptcreation.php:266
[11-Feb-2014 15:10:08] PHP   3. include() /var/www/membership/membership.rewards/admin/menu.php:7
[11-Feb-2014 15:10:08] PHP   4. URL::Redirect() /var/www/membership/membership.rewards/admin/sessionmanager.php:90
[11-Feb-2014 15:10:08] PHP   5. header() /var/www/membership/membership.rewards/rsframework/include/core/URL.class.php:16
[11-Feb-2014 15:10:08] PHP Notice:  Undefined variable: usermenu in /var/www/membership/membership.rewards/admin/menu.php on line 16
[11-Feb-2014 15:10:08] PHP Stack trace:
[11-Feb-2014 15:10:08] PHP   1. {main}() /var/www/membership/membership.rewards/admin/manualptcreation.php:0
[11-Feb-2014 15:10:08] PHP   2. include() /var/www/membership/membership.rewards/admin/manualptcreation.php:266
[11-Feb-2014 15:10:08] PHP Warning:  Invalid argument supplied for foreach() in /var/www/membership/membership.rewards/admin/menu.php on line 16
[11-Feb-2014 15:10:08] PHP Stack trace:
[11-Feb-2014 15:10:08] PHP   1. {main}() /var/www/membership/membership.rewards/admin/manualptcreation.php:0
[11-Feb-2014 15:10:08] PHP   2. include() /var/www/membership/membership.rewards/admin/manualptcreation.php:266
[11-Feb-2014 15:10:08] PHP Notice:  Undefined index: aID in /var/www/membership/membership.rewards/admin/menu.php on line 38
[11-Feb-2014 15:10:08] PHP Stack trace:
[11-Feb-2014 15:10:08] PHP   1. {main}() /var/www/membership/membership.rewards/admin/manualptcreation.php:0
[11-Feb-2014 15:10:08] PHP   2. include() /var/www/membership/membership.rewards/admin/manualptcreation.php:266
[11-Feb-2014 15:10:08] MySQL Error "You have an error in your SQL syntax; check the manual that corresponds to your MySQL server version for the right syntax to use near '' at line 1" File: /var/www/membership/membership.rewards/rsframework/include/datalayer/MySQLDatabase.php LINE: 147
[11-Feb-2014 15:10:08] PHP Warning:  Invalid argument supplied for foreach() in /var/www/membership/membership.rewards/admin/menu.php on line 40
[11-Feb-2014 15:10:08] PHP Stack trace:
[11-Feb-2014 15:10:08] PHP   1. {main}() /var/www/membership/membership.rewards/admin/manualptcreation.php:0
[11-Feb-2014 15:10:08] PHP   2. include() /var/www/membership/membership.rewards/admin/manualptcreation.php:266
[11-Feb-2014 15:10:08] PHP Notice:  Undefined variable: username in /var/www/membership/membership.rewards/admin/menu.php on line 43
[11-Feb-2014 15:10:08] PHP Stack trace:
[11-Feb-2014 15:10:08] PHP   1. {main}() /var/www/membership/membership.rewards/admin/manualptcreation.php:0
[11-Feb-2014 15:10:08] PHP   2. include() /var/www/membership/membership.rewards/admin/manualptcreation.php:266
[11-Feb-2014 15:10:08] PHP Notice:  Undefined variable: usermenu in /var/www/membership/membership.rewards/admin/menu.php on line 51
[11-Feb-2014 15:10:08] PHP Stack trace:
[11-Feb-2014 15:10:08] PHP   1. {main}() /var/www/membership/membership.rewards/admin/manualptcreation.php:0
[11-Feb-2014 15:10:08] PHP   2. include() /var/www/membership/membership.rewards/admin/manualptcreation.php:266
[11-Feb-2014 15:10:08] PHP Warning:  Invalid argument supplied for foreach() in /var/www/membership/membership.rewards/admin/menu.php on line 51
[11-Feb-2014 15:10:08] PHP Stack trace:
[11-Feb-2014 15:10:08] PHP   1. {main}() /var/www/membership/membership.rewards/admin/manualptcreation.php:0
[11-Feb-2014 15:10:08] PHP   2. include() /var/www/membership/membership.rewards/admin/manualptcreation.php:266
[11-Feb-2014 18:11:07] PHP Notice:  Undefined index: aID in /var/www/membership/membership.rewards/admin/Helper/helper.manualptcreation.php on line 56
[11-Feb-2014 18:11:07] PHP Stack trace:
[11-Feb-2014 18:11:07] PHP   1. {main}() /var/www/membership/membership.rewards/admin/Helper/helper.manualptcreation.php:0
[11-Feb-2014 18:11:07] MySQL Error "You have an error in your SQL syntax; check the manual that corresponds to your MySQL server version for the right syntax to use near 'AND SessionID = 'c82ifh3bijrcccn5q7088nlbg2'' at line 1" File: /var/www/membership/membership.rewards/rsframework/include/datalayer/MySQLDatabase.php LINE: 147
[11-Feb-2014 18:11:07] PHP Warning:  Invalid argument supplied for foreach() in /var/www/membership/membership.rewards/admin/Helper/helper.manualptcreation.php on line 64
[11-Feb-2014 18:11:07] PHP Stack trace:
[11-Feb-2014 18:11:07] PHP   1. {main}() /var/www/membership/membership.rewards/admin/Helper/helper.manualptcreation.php:0
[11-Feb-2014 18:11:58] PHP Warning:  Cannot modify header information - headers already sent by (output started at /var/www/membership/membership.rewards/admin/header.php:115) in /var/www/membership/membership.rewards/rsframework/include/core/URL.class.php on line 16
[11-Feb-2014 18:11:58] PHP Stack trace:
[11-Feb-2014 18:11:58] PHP   1. {main}() /var/www/membership/membership.rewards/admin/manualptcreation.php:0
[11-Feb-2014 18:11:58] PHP   2. include() /var/www/membership/membership.rewards/admin/manualptcreation.php:266
[11-Feb-2014 18:11:58] PHP   3. include() /var/www/membership/membership.rewards/admin/menu.php:7
[11-Feb-2014 18:11:58] PHP   4. URL::Redirect() /var/www/membership/membership.rewards/admin/sessionmanager.php:90
[11-Feb-2014 18:11:58] PHP   5. header() /var/www/membership/membership.rewards/rsframework/include/core/URL.class.php:16
[11-Feb-2014 18:11:58] PHP Notice:  Undefined variable: usermenu in /var/www/membership/membership.rewards/admin/menu.php on line 16
[11-Feb-2014 18:11:58] PHP Stack trace:
[11-Feb-2014 18:11:58] PHP   1. {main}() /var/www/membership/membership.rewards/admin/manualptcreation.php:0
[11-Feb-2014 18:11:58] PHP   2. include() /var/www/membership/membership.rewards/admin/manualptcreation.php:266
[11-Feb-2014 18:11:58] PHP Warning:  Invalid argument supplied for foreach() in /var/www/membership/membership.rewards/admin/menu.php on line 16
[11-Feb-2014 18:11:58] PHP Stack trace:
[11-Feb-2014 18:11:58] PHP   1. {main}() /var/www/membership/membership.rewards/admin/manualptcreation.php:0
[11-Feb-2014 18:11:58] PHP   2. include() /var/www/membership/membership.rewards/admin/manualptcreation.php:266
[11-Feb-2014 18:11:58] PHP Notice:  Undefined index: aID in /var/www/membership/membership.rewards/admin/menu.php on line 38
[11-Feb-2014 18:11:58] PHP Stack trace:
[11-Feb-2014 18:11:58] PHP   1. {main}() /var/www/membership/membership.rewards/admin/manualptcreation.php:0
[11-Feb-2014 18:11:58] PHP   2. include() /var/www/membership/membership.rewards/admin/manualptcreation.php:266
[11-Feb-2014 18:11:58] MySQL Error "You have an error in your SQL syntax; check the manual that corresponds to your MySQL server version for the right syntax to use near '' at line 1" File: /var/www/membership/membership.rewards/rsframework/include/datalayer/MySQLDatabase.php LINE: 147
[11-Feb-2014 18:11:58] PHP Warning:  Invalid argument supplied for foreach() in /var/www/membership/membership.rewards/admin/menu.php on line 40
[11-Feb-2014 18:11:58] PHP Stack trace:
[11-Feb-2014 18:11:58] PHP   1. {main}() /var/www/membership/membership.rewards/admin/manualptcreation.php:0
[11-Feb-2014 18:11:58] PHP   2. include() /var/www/membership/membership.rewards/admin/manualptcreation.php:266
[11-Feb-2014 18:11:58] PHP Notice:  Undefined variable: username in /var/www/membership/membership.rewards/admin/menu.php on line 43
[11-Feb-2014 18:11:58] PHP Stack trace:
[11-Feb-2014 18:11:58] PHP   1. {main}() /var/www/membership/membership.rewards/admin/manualptcreation.php:0
[11-Feb-2014 18:11:58] PHP   2. include() /var/www/membership/membership.rewards/admin/manualptcreation.php:266
[11-Feb-2014 18:11:58] PHP Notice:  Undefined variable: usermenu in /var/www/membership/membership.rewards/admin/menu.php on line 51
[11-Feb-2014 18:11:58] PHP Stack trace:
[11-Feb-2014 18:11:58] PHP   1. {main}() /var/www/membership/membership.rewards/admin/manualptcreation.php:0
[11-Feb-2014 18:11:58] PHP   2. include() /var/www/membership/membership.rewards/admin/manualptcreation.php:266
[11-Feb-2014 18:11:58] PHP Warning:  Invalid argument supplied for foreach() in /var/www/membership/membership.rewards/admin/menu.php on line 51
[11-Feb-2014 18:11:58] PHP Stack trace:
[11-Feb-2014 18:11:58] PHP   1. {main}() /var/www/membership/membership.rewards/admin/manualptcreation.php:0
[11-Feb-2014 18:11:58] PHP   2. include() /var/www/membership/membership.rewards/admin/manualptcreation.php:266
[11-Feb-2014 18:34:04] PHP Notice:  Undefined variable: msresult in /var/www/membership/membership.rewards/admin/Helper/helper.manualptcreation.php on line 395
[11-Feb-2014 18:34:04] PHP Stack trace:
[11-Feb-2014 18:34:04] PHP   1. {main}() /var/www/membership/membership.rewards/admin/Helper/helper.manualptcreation.php:0
[11-Feb-2014 19:19:39] PHP Warning:  Invalid argument supplied for foreach() in /var/www/membership/membership.rewards/rsframework/include/Modules/Membership/classes/ActivateMember.class.php on line 153
[11-Feb-2014 19:19:39] PHP Stack trace:
[11-Feb-2014 19:19:39] PHP   1. {main}() /var/www/membership/membership.rewards/API/cardinquiry.php:0
[11-Feb-2014 19:19:39] PHP   2. GetCardInfoAPI->GetCardInfo() /var/www/membership/membership.rewards/API/cardinquiry.php:210
[11-Feb-2014 19:19:39] PHP   3. ActivateMember->Migrate() /var/www/membership/membership.rewards/rsframework/include/Modules/Loyalty/classes/GetCardInfoAPI.class.php:263
[11-Feb-2014 19:19:39] PHP Fatal error:  Uncaught exception 'PDOException' with message 'There is no active transaction' in /var/www/membership/membership.rewards/rsframework/include/datalayer/PDOHandler.php:376
Stack trace:
#0 /var/www/membership/membership.rewards/rsframework/include/datalayer/PDOHandler.php(376): PDO->rollBack()
#1 /var/www/membership/membership.rewards/rsframework/include/core/BaseEntity.class.php(544): PDOHandler->rollBack()
#2 /var/www/membership/membership.rewards/rsframework/include/Modules/Membership/classes/ActivateMember.class.php(449): BaseEntity->RollBackTransaction()
#3 /var/www/membership/membership.rewards/rsframework/include/Modules/Loyalty/classes/GetCardInfoAPI.class.php(263): ActivateMember->Migrate('eGamesGZHJ5', 1)
#4 /var/www/membership/membership.rewards/API/cardinquiry.php(210): GetCardInfoAPI->GetCardInfo('eGamesGZHJ5', 5, '0', 1)
#5 {main}
  thrown in /var/www/membership/membership.rewards/rsframework/include/datalayer/PDOHandler.php on line 376
