[17-Feb-2014 10:51:51] PHP Notice:  Undefined index: userinfo in /var/www/membership/membership.rewards/admin/index.php on line 58
[17-Feb-2014 10:51:51] PHP Stack trace:
[17-Feb-2014 10:51:51] PHP   1. {main}() /var/www/membership/membership.rewards/admin/index.php:0
[17-Feb-2014 10:51:51] PHP Warning:  Cannot modify header information - headers already sent by (output started at /var/www/membership/membership.rewards/admin/header.php:108) in /var/www/membership/membership.rewards/rsframework/include/core/URL.class.php on line 16
[17-Feb-2014 10:51:51] PHP Stack trace:
[17-Feb-2014 10:51:51] PHP   1. {main}() /var/www/membership/membership.rewards/admin/index.php:0
[17-Feb-2014 10:51:51] PHP   2. include() /var/www/membership/membership.rewards/admin/index.php:509
[17-Feb-2014 10:51:51] PHP   3. include() /var/www/membership/membership.rewards/admin/menu.php:7
[17-Feb-2014 10:51:51] PHP   4. URL::Redirect() /var/www/membership/membership.rewards/admin/sessionmanager.php:90
[17-Feb-2014 10:51:51] PHP   5. header() /var/www/membership/membership.rewards/rsframework/include/core/URL.class.php:16
[17-Feb-2014 10:51:51] PHP Notice:  Undefined variable: usermenu in /var/www/membership/membership.rewards/admin/menu.php on line 16
[17-Feb-2014 10:51:51] PHP Stack trace:
[17-Feb-2014 10:51:51] PHP   1. {main}() /var/www/membership/membership.rewards/admin/index.php:0
[17-Feb-2014 10:51:51] PHP   2. include() /var/www/membership/membership.rewards/admin/index.php:509
[17-Feb-2014 10:51:51] PHP Warning:  Invalid argument supplied for foreach() in /var/www/membership/membership.rewards/admin/menu.php on line 16
[17-Feb-2014 10:51:51] PHP Stack trace:
[17-Feb-2014 10:51:51] PHP   1. {main}() /var/www/membership/membership.rewards/admin/index.php:0
[17-Feb-2014 10:51:51] PHP   2. include() /var/www/membership/membership.rewards/admin/index.php:509
[17-Feb-2014 10:51:51] PHP Notice:  Undefined index: aID in /var/www/membership/membership.rewards/admin/menu.php on line 38
[17-Feb-2014 10:51:51] PHP Stack trace:
[17-Feb-2014 10:51:51] PHP   1. {main}() /var/www/membership/membership.rewards/admin/index.php:0
[17-Feb-2014 10:51:51] PHP   2. include() /var/www/membership/membership.rewards/admin/index.php:509
[17-Feb-2014 10:51:51] MySQL Error "You have an error in your SQL syntax; check the manual that corresponds to your MySQL server version for the right syntax to use near '' at line 1" File: /var/www/membership/membership.rewards/rsframework/include/datalayer/MySQLDatabase.php LINE: 147
[17-Feb-2014 10:51:51] PHP Warning:  Invalid argument supplied for foreach() in /var/www/membership/membership.rewards/admin/menu.php on line 40
[17-Feb-2014 10:51:51] PHP Stack trace:
[17-Feb-2014 10:51:51] PHP   1. {main}() /var/www/membership/membership.rewards/admin/index.php:0
[17-Feb-2014 10:51:51] PHP   2. include() /var/www/membership/membership.rewards/admin/index.php:509
[17-Feb-2014 10:51:51] PHP Notice:  Undefined variable: username in /var/www/membership/membership.rewards/admin/menu.php on line 43
[17-Feb-2014 10:51:51] PHP Stack trace:
[17-Feb-2014 10:51:51] PHP   1. {main}() /var/www/membership/membership.rewards/admin/index.php:0
[17-Feb-2014 10:51:51] PHP   2. include() /var/www/membership/membership.rewards/admin/index.php:509
[17-Feb-2014 10:51:51] PHP Notice:  Undefined variable: usermenu in /var/www/membership/membership.rewards/admin/menu.php on line 51
[17-Feb-2014 10:51:51] PHP Stack trace:
[17-Feb-2014 10:51:51] PHP   1. {main}() /var/www/membership/membership.rewards/admin/index.php:0
[17-Feb-2014 10:51:51] PHP   2. include() /var/www/membership/membership.rewards/admin/index.php:509
[17-Feb-2014 10:51:51] PHP Warning:  Invalid argument supplied for foreach() in /var/www/membership/membership.rewards/admin/menu.php on line 51
[17-Feb-2014 10:51:51] PHP Stack trace:
[17-Feb-2014 10:51:51] PHP   1. {main}() /var/www/membership/membership.rewards/admin/index.php:0
[17-Feb-2014 10:51:51] PHP   2. include() /var/www/membership/membership.rewards/admin/index.php:509
[17-Feb-2014 13:58:05] Error "Inactive Card: UBXQNPT3" File: /var/www/membership/membership.rewards/rsframework/include/Modules/Loyalty/classes/GetCardInfoAPI.class.php LINE: 78
[17-Feb-2014 14:49:16] Error "Inactive Card: UBXQNPT3" File: /var/www/membership/membership.rewards/rsframework/include/Modules/Loyalty/classes/GetCardInfoAPI.class.php LINE: 78
[17-Feb-2014 14:58:25] Error "Card Not Found[000]: 000000021117" File: /var/www/membership/membership.rewards/API/cardinquiry.php LINE: 116
[17-Feb-2014 14:58:25] Error "Card Not Found[004]: 000000021117" File: /var/www/membership/membership.rewards/rsframework/include/Modules/Loyalty/classes/GetCardInfoAPI.class.php LINE: 602
[17-Feb-2014 17:09:25] MySQL Error "SQLSTATE[28000] [1045] Access denied for user 'root'@'192.168.30.154' (using password: YES)" File: /var/www/membership/membership.rewards/rsframework/include/core/BaseEntity.class.php LINE: 352
[17-Feb-2014 17:09:25] MySQL Error "SQLSTATE[28000] [1045] Access denied for user 'root'@'192.168.30.154' (using password: YES)" File: /var/www/membership/membership.rewards/rsframework/include/core/BaseEntity.class.php LINE: 352
[17-Feb-2014 17:09:25] PHP Fatal error:  Call to a member function beginTransaction() on a non-object in /var/www/membership/membership.rewards/rsframework/include/datalayer/PDOHandler.php on line 76
[17-Feb-2014 17:09:25] PHP Stack trace:
[17-Feb-2014 17:09:25] PHP   1. {main}() /var/www/membership/membership.rewards/API/addpoints.php:0
[17-Feb-2014 17:09:25] PHP   2. ProcessPointsAPI->AddPoints() /var/www/membership/membership.rewards/API/addpoints.php:52
[17-Feb-2014 17:09:25] PHP   3. BaseEntity->Insert() /var/www/membership/membership.rewards/rsframework/include/Modules/Loyalty/classes/ProcessPointsAPI.class.php:68
[17-Feb-2014 17:09:25] PHP   4. PDOHandler->Open() /var/www/membership/membership.rewards/rsframework/include/core/BaseEntity.class.php:82
[17-Feb-2014 17:56:40] MySQL Error "SQLSTATE[28000] [1045] Access denied for user 'root'@'192.168.30.154' (using password: YES)" File: /var/www/membership/membership.rewards/rsframework/include/core/BaseEntity.class.php LINE: 352
[17-Feb-2014 17:56:40] Error "Inactive Card: UBWWGEZG" File: /var/www/membership/membership.rewards/rsframework/include/Modules/Loyalty/classes/GetCardInfoAPI.class.php LINE: 78
[17-Feb-2014 18:02:50] MySQL Error "SQLSTATE[42000]: Syntax error or access violation: 1142 SELECT command denied to user 'pegsconn'@'192.168.30.154' for table 'cards'" File: /var/www/membership/membership.rewards/rsframework/include/core/BaseEntity.class.php LINE: 352
[17-Feb-2014 18:02:50] Error "Card Not Found[002]: UBWWGEZG" File: /var/www/membership/membership.rewards/API/cardinquiry.php LINE: 199
[17-Feb-2014 18:02:50] Error "Card Not Found[004]: UBWWGEZG" File: /var/www/membership/membership.rewards/rsframework/include/Modules/Loyalty/classes/GetCardInfoAPI.class.php LINE: 602
[17-Feb-2014 18:02:56] MySQL Error "SQLSTATE[42000]: Syntax error or access violation: 1142 SELECT command denied to user 'pegsconn'@'192.168.30.154' for table 'cards'" File: /var/www/membership/membership.rewards/rsframework/include/core/BaseEntity.class.php LINE: 352
[17-Feb-2014 18:02:56] Error "Card Not Found[002]: UBWWGEZG" File: /var/www/membership/membership.rewards/API/cardinquiry.php LINE: 199
[17-Feb-2014 18:02:56] Error "Card Not Found[004]: UBWWGEZG" File: /var/www/membership/membership.rewards/rsframework/include/Modules/Loyalty/classes/GetCardInfoAPI.class.php LINE: 602
[17-Feb-2014 18:03:00] MySQL Error "SQLSTATE[42000]: Syntax error or access violation: 1142 SELECT command denied to user 'pegsconn'@'192.168.30.154' for table 'cards'" File: /var/www/membership/membership.rewards/rsframework/include/core/BaseEntity.class.php LINE: 352
[17-Feb-2014 18:03:00] Error "Card Not Found[002]: UBWWGEZG" File: /var/www/membership/membership.rewards/API/cardinquiry.php LINE: 199
[17-Feb-2014 18:03:00] Error "Card Not Found[004]: UBWWGEZG" File: /var/www/membership/membership.rewards/rsframework/include/Modules/Loyalty/classes/GetCardInfoAPI.class.php LINE: 602
[17-Feb-2014 18:03:30] MySQL Error "SQLSTATE[42000]: Syntax error or access violation: 1142 SELECT command denied to user 'pegsconn'@'192.168.30.154' for table 'cards'" File: /var/www/membership/membership.rewards/rsframework/include/core/BaseEntity.class.php LINE: 352
[17-Feb-2014 18:03:30] Error "Card Not Found[002]: UBWWGEZG" File: /var/www/membership/membership.rewards/API/cardinquiry.php LINE: 199
[17-Feb-2014 18:03:30] Error "Card Not Found[004]: UBWWGEZG" File: /var/www/membership/membership.rewards/rsframework/include/Modules/Loyalty/classes/GetCardInfoAPI.class.php LINE: 602
[17-Feb-2014 18:04:31] MySQL Error "SQLSTATE[42000]: Syntax error or access violation: 1142 SELECT command denied to user 'pegsconn'@'192.168.30.154' for table 'cards'" File: /var/www/membership/membership.rewards/rsframework/include/core/BaseEntity.class.php LINE: 352
[17-Feb-2014 18:04:31] Error "Card Not Found[002]: UBWWGEZG" File: /var/www/membership/membership.rewards/API/cardinquiry.php LINE: 199
[17-Feb-2014 18:04:31] Error "Card Not Found[004]: UBWWGEZG" File: /var/www/membership/membership.rewards/rsframework/include/Modules/Loyalty/classes/GetCardInfoAPI.class.php LINE: 602
[17-Feb-2014 18:04:36] MySQL Error "SQLSTATE[42000]: Syntax error or access violation: 1142 SELECT command denied to user 'pegsconn'@'192.168.30.154' for table 'cards'" File: /var/www/membership/membership.rewards/rsframework/include/core/BaseEntity.class.php LINE: 352
[17-Feb-2014 18:04:36] Error "Card Not Found[002]: UBWWGEZG" File: /var/www/membership/membership.rewards/API/cardinquiry.php LINE: 199
[17-Feb-2014 18:04:36] Error "Card Not Found[004]: UBWWGEZG" File: /var/www/membership/membership.rewards/rsframework/include/Modules/Loyalty/classes/GetCardInfoAPI.class.php LINE: 602
[17-Feb-2014 18:04:38] MySQL Error "SQLSTATE[42000]: Syntax error or access violation: 1142 SELECT command denied to user 'pegsconn'@'192.168.30.154' for table 'cards'" File: /var/www/membership/membership.rewards/rsframework/include/core/BaseEntity.class.php LINE: 352
[17-Feb-2014 18:04:38] Error "Card Not Found[002]: UBWWGEZG" File: /var/www/membership/membership.rewards/API/cardinquiry.php LINE: 199
[17-Feb-2014 18:04:38] Error "Card Not Found[004]: UBWWGEZG" File: /var/www/membership/membership.rewards/rsframework/include/Modules/Loyalty/classes/GetCardInfoAPI.class.php LINE: 602
[17-Feb-2014 18:04:52] MySQL Error "SQLSTATE[42000]: Syntax error or access violation: 1142 SELECT command denied to user 'pegsconn'@'192.168.30.154' for table 'cards'" File: /var/www/membership/membership.rewards/rsframework/include/core/BaseEntity.class.php LINE: 352
[17-Feb-2014 18:04:52] Error "Card Not Found[002]: UBWWGEZG" File: /var/www/membership/membership.rewards/API/cardinquiry.php LINE: 199
[17-Feb-2014 18:04:52] Error "Card Not Found[004]: UBWWGEZG" File: /var/www/membership/membership.rewards/rsframework/include/Modules/Loyalty/classes/GetCardInfoAPI.class.php LINE: 602
[17-Feb-2014 18:12:33] MySQL Error "SQLSTATE[42000]: Syntax error or access violation: 1142 SELECT command denied to user 'pegsconn'@'192.168.30.154' for table 'membercards'" File: /var/www/membership/membership.rewards/rsframework/include/core/BaseEntity.class.php LINE: 352
[17-Feb-2014 18:12:33] MySQL Error "SQLSTATE[42000]: Syntax error or access violation: 1142 SELECT command denied to user 'pegsconn'@'192.168.30.154' for table 'membercards'" File: /var/www/membership/membership.rewards/rsframework/include/core/BaseEntity.class.php LINE: 352
