[27-Jan-2014 15:37:02] [REGISTRATION ERROR] Failed to send SMS: Invalid Mobile Number [MID: 255].
[27-Jan-2014 15:41:29] Error "Inactive Card: UBQGUMX4" File: /var/www/membership/membership.rewards/rsframework/include/Modules/Loyalty/classes/GetCardInfoAPI.class.php LINE: 78
[27-Jan-2014 15:42:16] Error "Inactive Card: UBQGUMX4" File: /var/www/membership/membership.rewards/rsframework/include/Modules/Loyalty/classes/GetCardInfoAPI.class.php LINE: 78
[27-Jan-2014 15:42:16] Error "Inactive Card: UBQGUMX4" File: /var/www/membership/membership.rewards/rsframework/include/Modules/Loyalty/classes/GetCardInfoAPI.class.php LINE: 78
[27-Jan-2014 15:42:16] Error "Inactive Card: UBQGUMX4" File: /var/www/membership/membership.rewards/rsframework/include/Modules/Loyalty/classes/GetCardInfoAPI.class.php LINE: 78
[27-Jan-2014 15:42:16] Error "Inactive Card: UBQGUMX4" File: /var/www/membership/membership.rewards/rsframework/include/Modules/Loyalty/classes/GetCardInfoAPI.class.php LINE: 78
[27-Jan-2014 15:42:16] Error "Inactive Card: UBQGUMX4" File: /var/www/membership/membership.rewards/rsframework/include/Modules/Loyalty/classes/GetCardInfoAPI.class.php LINE: 78
[27-Jan-2014 15:56:07] PHP Notice:  Undefined variable: status in /var/www/membership/membership.rewards/API/cardinquiry.php on line 125
[27-Jan-2014 15:56:07] PHP Stack trace:
[27-Jan-2014 15:56:07] PHP   1. {main}() /var/www/membership/membership.rewards/API/cardinquiry.php:0
[27-Jan-2014 16:19:14] PHP Fatal error:  Can't use function return value in write context in /var/www/membership/membership.rewards/rsframework/include/Modules/CasinoProvider/classes/CasinoAPI.class.php on line 35
[27-Jan-2014 16:19:14] PHP Stack trace:
[27-Jan-2014 16:19:14] PHP   1. {main}() /var/www/membership/membership.rewards/API/cardinquiry.php:0
[27-Jan-2014 16:19:14] PHP   2. GetCardInfoAPI->GetCardInfo() /var/www/membership/membership.rewards/API/cardinquiry.php:210
[27-Jan-2014 16:19:14] PHP   3. ActivateMember->Migrate() /var/www/membership/membership.rewards/rsframework/include/Modules/Loyalty/classes/GetCardInfoAPI.class.php:263
[27-Jan-2014 16:19:14] PHP   4. App->LoadModuleClass() /var/www/membership/membership.rewards/rsframework/include/Modules/Membership/classes/ActivateMember.class.php:138
[27-Jan-2014 16:22:27] PHP Fatal error:  Can't use function return value in write context in /var/www/membership/membership.rewards/rsframework/include/Modules/CasinoProvider/classes/CasinoAPI.class.php on line 35
[27-Jan-2014 16:22:27] PHP Stack trace:
[27-Jan-2014 16:22:27] PHP   1. {main}() /var/www/membership/membership.rewards/API/cardinquiry.php:0
[27-Jan-2014 16:22:27] PHP   2. GetCardInfoAPI->GetCardInfo() /var/www/membership/membership.rewards/API/cardinquiry.php:210
[27-Jan-2014 16:22:27] PHP   3. ActivateMember->Migrate() /var/www/membership/membership.rewards/rsframework/include/Modules/Loyalty/classes/GetCardInfoAPI.class.php:263
[27-Jan-2014 16:22:27] PHP   4. App->LoadModuleClass() /var/www/membership/membership.rewards/rsframework/include/Modules/Membership/classes/ActivateMember.class.php:138
[27-Jan-2014 16:26:45] PHP Warning:  require_once(../../../init.inc.php) [<a href='0function.require-once0'>function.require-once0</a>]: failed to open stream: No such file or directory in /var/www/membership/membership.rewards/rsframework/include/Modules/CasinoProvider/classes/CasinoAPI.class.php on line 8
[27-Jan-2014 16:26:45] PHP Stack trace:
[27-Jan-2014 16:26:45] PHP   1. {main}() /var/www/membership/membership.rewards/API/cardinquiry.php:0
[27-Jan-2014 16:26:45] PHP   2. GetCardInfoAPI->GetCardInfo() /var/www/membership/membership.rewards/API/cardinquiry.php:210
[27-Jan-2014 16:26:45] PHP   3. ActivateMember->Migrate() /var/www/membership/membership.rewards/rsframework/include/Modules/Loyalty/classes/GetCardInfoAPI.class.php:263
[27-Jan-2014 16:26:45] PHP   4. App->LoadModuleClass() /var/www/membership/membership.rewards/rsframework/include/Modules/Membership/classes/ActivateMember.class.php:138
[27-Jan-2014 16:26:45] PHP   5. require_once() /var/www/membership/membership.rewards/rsframework/include/core/App.class.php:125
[27-Jan-2014 16:26:45] PHP Fatal error:  require_once() [<a href='0function.require0'>function.require0</a>]: Failed opening required '../../../init.inc.php' (include_path='/var/www/rsframework') in /var/www/membership/membership.rewards/rsframework/include/Modules/CasinoProvider/classes/CasinoAPI.class.php on line 8
[27-Jan-2014 16:26:45] PHP Stack trace:
[27-Jan-2014 16:26:45] PHP   1. {main}() /var/www/membership/membership.rewards/API/cardinquiry.php:0
[27-Jan-2014 16:26:45] PHP   2. GetCardInfoAPI->GetCardInfo() /var/www/membership/membership.rewards/API/cardinquiry.php:210
[27-Jan-2014 16:26:45] PHP   3. ActivateMember->Migrate() /var/www/membership/membership.rewards/rsframework/include/Modules/Loyalty/classes/GetCardInfoAPI.class.php:263
[27-Jan-2014 16:26:45] PHP   4. App->LoadModuleClass() /var/www/membership/membership.rewards/rsframework/include/Modules/Membership/classes/ActivateMember.class.php:138
[27-Jan-2014 16:26:45] PHP   5. require_once() /var/www/membership/membership.rewards/rsframework/include/core/App.class.php:125
[27-Jan-2014 16:27:51] PHP Warning:  require_once(../../../../../init.inc.php) [<a href='0function.require-once0'>function.require-once0</a>]: failed to open stream: No such file or directory in /var/www/membership/membership.rewards/rsframework/include/Modules/CasinoProvider/classes/CasinoAPI.class.php on line 8
[27-Jan-2014 16:27:51] PHP Stack trace:
[27-Jan-2014 16:27:51] PHP   1. {main}() /var/www/membership/membership.rewards/API/cardinquiry.php:0
[27-Jan-2014 16:27:51] PHP   2. GetCardInfoAPI->GetCardInfo() /var/www/membership/membership.rewards/API/cardinquiry.php:210
[27-Jan-2014 16:27:51] PHP   3. ActivateMember->Migrate() /var/www/membership/membership.rewards/rsframework/include/Modules/Loyalty/classes/GetCardInfoAPI.class.php:263
[27-Jan-2014 16:27:51] PHP   4. App->LoadModuleClass() /var/www/membership/membership.rewards/rsframework/include/Modules/Membership/classes/ActivateMember.class.php:138
[27-Jan-2014 16:27:51] PHP   5. require_once() /var/www/membership/membership.rewards/rsframework/include/core/App.class.php:125
[27-Jan-2014 16:27:51] PHP Fatal error:  require_once() [<a href='0function.require0'>function.require0</a>]: Failed opening required '../../../../../init.inc.php' (include_path='/var/www/rsframework') in /var/www/membership/membership.rewards/rsframework/include/Modules/CasinoProvider/classes/CasinoAPI.class.php on line 8
[27-Jan-2014 16:27:51] PHP Stack trace:
[27-Jan-2014 16:27:51] PHP   1. {main}() /var/www/membership/membership.rewards/API/cardinquiry.php:0
[27-Jan-2014 16:27:51] PHP   2. GetCardInfoAPI->GetCardInfo() /var/www/membership/membership.rewards/API/cardinquiry.php:210
[27-Jan-2014 16:27:51] PHP   3. ActivateMember->Migrate() /var/www/membership/membership.rewards/rsframework/include/Modules/Loyalty/classes/GetCardInfoAPI.class.php:263
[27-Jan-2014 16:27:51] PHP   4. App->LoadModuleClass() /var/www/membership/membership.rewards/rsframework/include/Modules/Membership/classes/ActivateMember.class.php:138
[27-Jan-2014 16:27:51] PHP   5. require_once() /var/www/membership/membership.rewards/rsframework/include/core/App.class.php:125
[27-Jan-2014 16:28:08] PHP Warning:  require_once(PlayTechRevertBrokenGamesAPI.class.php) [<a href='0function.require-once0'>function.require-once0</a>]: failed to open stream: No such file or directory in /var/www/membership/membership.rewards/rsframework/include/Modules/CasinoProvider/classes/PlayTechAPIWrapper.class.php on line 3
[27-Jan-2014 16:28:08] PHP Stack trace:
[27-Jan-2014 16:28:08] PHP   1. {main}() /var/www/membership/membership.rewards/API/cardinquiry.php:0
[27-Jan-2014 16:28:08] PHP   2. GetCardInfoAPI->GetCardInfo() /var/www/membership/membership.rewards/API/cardinquiry.php:210
[27-Jan-2014 16:28:08] PHP   3. ActivateMember->Migrate() /var/www/membership/membership.rewards/rsframework/include/Modules/Loyalty/classes/GetCardInfoAPI.class.php:263
[27-Jan-2014 16:28:08] PHP   4. App->LoadModuleClass() /var/www/membership/membership.rewards/rsframework/include/Modules/Membership/classes/ActivateMember.class.php:138
[27-Jan-2014 16:28:08] PHP   5. require_once() /var/www/membership/membership.rewards/rsframework/include/core/App.class.php:125
[27-Jan-2014 16:28:08] PHP   6. App->LoadModuleClass() /var/www/membership/membership.rewards/rsframework/include/Modules/CasinoProvider/classes/CasinoAPI.class.php:10
[27-Jan-2014 16:28:08] PHP   7. require_once() /var/www/membership/membership.rewards/rsframework/include/core/App.class.php:125
[27-Jan-2014 16:28:08] PHP Fatal error:  require_once() [<a href='0function.require0'>function.require0</a>]: Failed opening required 'PlayTechRevertBrokenGamesAPI.class.php' (include_path='/var/www/rsframework') in /var/www/membership/membership.rewards/rsframework/include/Modules/CasinoProvider/classes/PlayTechAPIWrapper.class.php on line 3
[27-Jan-2014 16:28:08] PHP Stack trace:
[27-Jan-2014 16:28:08] PHP   1. {main}() /var/www/membership/membership.rewards/API/cardinquiry.php:0
[27-Jan-2014 16:28:08] PHP   2. GetCardInfoAPI->GetCardInfo() /var/www/membership/membership.rewards/API/cardinquiry.php:210
[27-Jan-2014 16:28:08] PHP   3. ActivateMember->Migrate() /var/www/membership/membership.rewards/rsframework/include/Modules/Loyalty/classes/GetCardInfoAPI.class.php:263
[27-Jan-2014 16:28:08] PHP   4. App->LoadModuleClass() /var/www/membership/membership.rewards/rsframework/include/Modules/Membership/classes/ActivateMember.class.php:138
[27-Jan-2014 16:28:08] PHP   5. require_once() /var/www/membership/membership.rewards/rsframework/include/core/App.class.php:125
[27-Jan-2014 16:28:08] PHP   6. App->LoadModuleClass() /var/www/membership/membership.rewards/rsframework/include/Modules/CasinoProvider/classes/CasinoAPI.class.php:10
[27-Jan-2014 16:28:08] PHP   7. require_once() /var/www/membership/membership.rewards/rsframework/include/core/App.class.php:125
[27-Jan-2014 16:45:13] PHP Warning:  require_once(CasinoAPI/MicrogamingCAPI.class.php) [<a href='0function.require-once0'>function.require-once0</a>]: failed to open stream: No such file or directory in /var/www/membership/membership.rewards/rsframework/include/Modules/CasinoProvider/classes/MicrogamingCAPIWrapper.class.php on line 3
[27-Jan-2014 16:45:13] PHP Stack trace:
[27-Jan-2014 16:45:13] PHP   1. {main}() /var/www/membership/membership.rewards/API/cardinquiry.php:0
[27-Jan-2014 16:45:13] PHP   2. GetCardInfoAPI->GetCardInfo() /var/www/membership/membership.rewards/API/cardinquiry.php:210
[27-Jan-2014 16:45:13] PHP   3. ActivateMember->Migrate() /var/www/membership/membership.rewards/rsframework/include/Modules/Loyalty/classes/GetCardInfoAPI.class.php:263
[27-Jan-2014 16:45:13] PHP   4. App->LoadModuleClass() /var/www/membership/membership.rewards/rsframework/include/Modules/Membership/classes/ActivateMember.class.php:138
[27-Jan-2014 16:45:13] PHP   5. require_once() /var/www/membership/membership.rewards/rsframework/include/core/App.class.php:125
[27-Jan-2014 16:45:13] PHP   6. App->LoadModuleClass() /var/www/membership/membership.rewards/rsframework/include/Modules/CasinoProvider/classes/CasinoAPI.class.php:11
[27-Jan-2014 16:45:13] PHP   7. require_once() /var/www/membership/membership.rewards/rsframework/include/core/App.class.php:125
[27-Jan-2014 16:45:13] PHP Fatal error:  require_once() [<a href='0function.require0'>function.require0</a>]: Failed opening required 'CasinoAPI/MicrogamingCAPI.class.php' (include_path='/var/www/rsframework') in /var/www/membership/membership.rewards/rsframework/include/Modules/CasinoProvider/classes/MicrogamingCAPIWrapper.class.php on line 3
[27-Jan-2014 16:45:13] PHP Stack trace:
[27-Jan-2014 16:45:13] PHP   1. {main}() /var/www/membership/membership.rewards/API/cardinquiry.php:0
[27-Jan-2014 16:45:13] PHP   2. GetCardInfoAPI->GetCardInfo() /var/www/membership/membership.rewards/API/cardinquiry.php:210
[27-Jan-2014 16:45:13] PHP   3. ActivateMember->Migrate() /var/www/membership/membership.rewards/rsframework/include/Modules/Loyalty/classes/GetCardInfoAPI.class.php:263
[27-Jan-2014 16:45:13] PHP   4. App->LoadModuleClass() /var/www/membership/membership.rewards/rsframework/include/Modules/Membership/classes/ActivateMember.class.php:138
[27-Jan-2014 16:45:13] PHP   5. require_once() /var/www/membership/membership.rewards/rsframework/include/core/App.class.php:125
[27-Jan-2014 16:45:13] PHP   6. App->LoadModuleClass() /var/www/membership/membership.rewards/rsframework/include/Modules/CasinoProvider/classes/CasinoAPI.class.php:11
[27-Jan-2014 16:45:13] PHP   7. require_once() /var/www/membership/membership.rewards/rsframework/include/core/App.class.php:125
[27-Jan-2014 16:45:40] PHP Warning:  require_once(MicrogamingCAPI.class.php) [<a href='0function.require-once0'>function.require-once0</a>]: failed to open stream: No such file or directory in /var/www/membership/membership.rewards/rsframework/include/Modules/CasinoProvider/classes/MicrogamingCAPIWrapper.class.php on line 3
[27-Jan-2014 16:45:40] PHP Stack trace:
[27-Jan-2014 16:45:40] PHP   1. {main}() /var/www/membership/membership.rewards/API/cardinquiry.php:0
[27-Jan-2014 16:45:40] PHP   2. GetCardInfoAPI->GetCardInfo() /var/www/membership/membership.rewards/API/cardinquiry.php:210
[27-Jan-2014 16:45:40] PHP   3. ActivateMember->Migrate() /var/www/membership/membership.rewards/rsframework/include/Modules/Loyalty/classes/GetCardInfoAPI.class.php:263
[27-Jan-2014 16:45:40] PHP   4. App->LoadModuleClass() /var/www/membership/membership.rewards/rsframework/include/Modules/Membership/classes/ActivateMember.class.php:138
[27-Jan-2014 16:45:40] PHP   5. require_once() /var/www/membership/membership.rewards/rsframework/include/core/App.class.php:125
[27-Jan-2014 16:45:40] PHP   6. App->LoadModuleClass() /var/www/membership/membership.rewards/rsframework/include/Modules/CasinoProvider/classes/CasinoAPI.class.php:11
[27-Jan-2014 16:45:40] PHP   7. require_once() /var/www/membership/membership.rewards/rsframework/include/core/App.class.php:125
[27-Jan-2014 16:45:40] PHP Fatal error:  require_once() [<a href='0function.require0'>function.require0</a>]: Failed opening required 'MicrogamingCAPI.class.php' (include_path='/var/www/rsframework') in /var/www/membership/membership.rewards/rsframework/include/Modules/CasinoProvider/classes/MicrogamingCAPIWrapper.class.php on line 3
[27-Jan-2014 16:45:40] PHP Stack trace:
[27-Jan-2014 16:45:40] PHP   1. {main}() /var/www/membership/membership.rewards/API/cardinquiry.php:0
[27-Jan-2014 16:45:40] PHP   2. GetCardInfoAPI->GetCardInfo() /var/www/membership/membership.rewards/API/cardinquiry.php:210
[27-Jan-2014 16:45:40] PHP   3. ActivateMember->Migrate() /var/www/membership/membership.rewards/rsframework/include/Modules/Loyalty/classes/GetCardInfoAPI.class.php:263
[27-Jan-2014 16:45:40] PHP   4. App->LoadModuleClass() /var/www/membership/membership.rewards/rsframework/include/Modules/Membership/classes/ActivateMember.class.php:138
[27-Jan-2014 16:45:40] PHP   5. require_once() /var/www/membership/membership.rewards/rsframework/include/core/App.class.php:125
[27-Jan-2014 16:45:40] PHP   6. App->LoadModuleClass() /var/www/membership/membership.rewards/rsframework/include/Modules/CasinoProvider/classes/CasinoAPI.class.php:11
[27-Jan-2014 16:45:40] PHP   7. require_once() /var/www/membership/membership.rewards/rsframework/include/core/App.class.php:125
[27-Jan-2014 16:46:08] PHP Warning:  require_once(RealtimeGamingCasinoGamesAPI.class.php) [<a href='0function.require-once0'>function.require-once0</a>]: failed to open stream: No such file or directory in /var/www/membership/membership.rewards/rsframework/include/Modules/CasinoProvider/classes/RealtimeGamingAPIWrapper.class.php on line 13
[27-Jan-2014 16:46:08] PHP Stack trace:
[27-Jan-2014 16:46:08] PHP   1. {main}() /var/www/membership/membership.rewards/API/cardinquiry.php:0
[27-Jan-2014 16:46:08] PHP   2. GetCardInfoAPI->GetCardInfo() /var/www/membership/membership.rewards/API/cardinquiry.php:210
[27-Jan-2014 16:46:08] PHP   3. ActivateMember->Migrate() /var/www/membership/membership.rewards/rsframework/include/Modules/Loyalty/classes/GetCardInfoAPI.class.php:263
[27-Jan-2014 16:46:08] PHP   4. App->LoadModuleClass() /var/www/membership/membership.rewards/rsframework/include/Modules/Membership/classes/ActivateMember.class.php:138
[27-Jan-2014 16:46:08] PHP   5. require_once() /var/www/membership/membership.rewards/rsframework/include/core/App.class.php:125
[27-Jan-2014 16:46:08] PHP   6. App->LoadModuleClass() /var/www/membership/membership.rewards/rsframework/include/Modules/CasinoProvider/classes/CasinoAPI.class.php:12
[27-Jan-2014 16:46:08] PHP   7. require_once() /var/www/membership/membership.rewards/rsframework/include/core/App.class.php:125
[27-Jan-2014 16:46:08] PHP Fatal error:  require_once() [<a href='0function.require0'>function.require0</a>]: Failed opening required 'RealtimeGamingCasinoGamesAPI.class.php' (include_path='/var/www/rsframework') in /var/www/membership/membership.rewards/rsframework/include/Modules/CasinoProvider/classes/RealtimeGamingAPIWrapper.class.php on line 13
[27-Jan-2014 16:46:08] PHP Stack trace:
[27-Jan-2014 16:46:08] PHP   1. {main}() /var/www/membership/membership.rewards/API/cardinquiry.php:0
[27-Jan-2014 16:46:08] PHP   2. GetCardInfoAPI->GetCardInfo() /var/www/membership/membership.rewards/API/cardinquiry.php:210
[27-Jan-2014 16:46:08] PHP   3. ActivateMember->Migrate() /var/www/membership/membership.rewards/rsframework/include/Modules/Loyalty/classes/GetCardInfoAPI.class.php:263
[27-Jan-2014 16:46:08] PHP   4. App->LoadModuleClass() /var/www/membership/membership.rewards/rsframework/include/Modules/Membership/classes/ActivateMember.class.php:138
[27-Jan-2014 16:46:08] PHP   5. require_once() /var/www/membership/membership.rewards/rsframework/include/core/App.class.php:125
[27-Jan-2014 16:46:08] PHP   6. App->LoadModuleClass() /var/www/membership/membership.rewards/rsframework/include/Modules/CasinoProvider/classes/CasinoAPI.class.php:12
[27-Jan-2014 16:46:08] PHP   7. require_once() /var/www/membership/membership.rewards/rsframework/include/core/App.class.php:125
[27-Jan-2014 16:46:58] PHP Notice:  Undefined variable: apiResult in /var/www/membership/membership.rewards/rsframework/include/Modules/Membership/classes/ActivateMember.class.php on line 256
[27-Jan-2014 16:46:58] PHP Stack trace:
[27-Jan-2014 16:46:58] PHP   1. {main}() /var/www/membership/membership.rewards/API/cardinquiry.php:0
[27-Jan-2014 16:46:58] PHP   2. GetCardInfoAPI->GetCardInfo() /var/www/membership/membership.rewards/API/cardinquiry.php:210
[27-Jan-2014 16:46:58] PHP   3. ActivateMember->Migrate() /var/www/membership/membership.rewards/rsframework/include/Modules/Loyalty/classes/GetCardInfoAPI.class.php:263
[27-Jan-2014 16:54:19] PHP Notice:  Undefined variable: apiResult in /var/www/membership/membership.rewards/rsframework/include/Modules/Membership/classes/ActivateMember.class.php on line 256
[27-Jan-2014 16:54:19] PHP Stack trace:
[27-Jan-2014 16:54:19] PHP   1. {main}() /var/www/membership/membership.rewards/API/cardinquiry.php:0
[27-Jan-2014 16:54:19] PHP   2. GetCardInfoAPI->GetCardInfo() /var/www/membership/membership.rewards/API/cardinquiry.php:210
[27-Jan-2014 16:54:19] PHP   3. ActivateMember->Migrate() /var/www/membership/membership.rewards/rsframework/include/Modules/Loyalty/classes/GetCardInfoAPI.class.php:263
[27-Jan-2014 16:54:33] PHP Notice:  Undefined variable: apiResult in /var/www/membership/membership.rewards/rsframework/include/Modules/Membership/classes/ActivateMember.class.php on line 256
[27-Jan-2014 16:54:33] PHP Stack trace:
[27-Jan-2014 16:54:33] PHP   1. {main}() /var/www/membership/membership.rewards/API/cardinquiry.php:0
[27-Jan-2014 16:54:33] PHP   2. GetCardInfoAPI->GetCardInfo() /var/www/membership/membership.rewards/API/cardinquiry.php:210
[27-Jan-2014 16:54:33] PHP   3. ActivateMember->Migrate() /var/www/membership/membership.rewards/rsframework/include/Modules/Loyalty/classes/GetCardInfoAPI.class.php:263
[27-Jan-2014 16:54:49] PHP Notice:  Undefined variable: apiResult in /var/www/membership/membership.rewards/rsframework/include/Modules/Membership/classes/ActivateMember.class.php on line 256
[27-Jan-2014 16:54:49] PHP Stack trace:
[27-Jan-2014 16:54:49] PHP   1. {main}() /var/www/membership/membership.rewards/API/cardinquiry.php:0
[27-Jan-2014 16:54:49] PHP   2. GetCardInfoAPI->GetCardInfo() /var/www/membership/membership.rewards/API/cardinquiry.php:210
[27-Jan-2014 16:54:49] PHP   3. ActivateMember->Migrate() /var/www/membership/membership.rewards/rsframework/include/Modules/Loyalty/classes/GetCardInfoAPI.class.php:263
[27-Jan-2014 16:54:56] PHP Notice:  Undefined variable: apiResult in /var/www/membership/membership.rewards/rsframework/include/Modules/Membership/classes/ActivateMember.class.php on line 256
[27-Jan-2014 16:54:56] PHP Stack trace:
[27-Jan-2014 16:54:56] PHP   1. {main}() /var/www/membership/membership.rewards/API/cardinquiry.php:0
[27-Jan-2014 16:54:56] PHP   2. GetCardInfoAPI->GetCardInfo() /var/www/membership/membership.rewards/API/cardinquiry.php:210
[27-Jan-2014 16:54:56] PHP   3. ActivateMember->Migrate() /var/www/membership/membership.rewards/rsframework/include/Modules/Loyalty/classes/GetCardInfoAPI.class.php:263
[27-Jan-2014 16:54:56] PHP Notice:  Undefined variable: apiResult in /var/www/membership/membership.rewards/rsframework/include/Modules/Membership/classes/ActivateMember.class.php on line 283
[27-Jan-2014 16:54:56] PHP Stack trace:
[27-Jan-2014 16:54:56] PHP   1. {main}() /var/www/membership/membership.rewards/API/cardinquiry.php:0
[27-Jan-2014 16:54:56] PHP   2. GetCardInfoAPI->GetCardInfo() /var/www/membership/membership.rewards/API/cardinquiry.php:210
[27-Jan-2014 16:54:56] PHP   3. ActivateMember->Migrate() /var/www/membership/membership.rewards/rsframework/include/Modules/Loyalty/classes/GetCardInfoAPI.class.php:263
[27-Jan-2014 18:37:02] PHP Notice:  Undefined variable: isVIP in /var/www/membership/membership.rewards/rsframework/include/Modules/Membership/classes/ActivateMember.class.php on line 225
[27-Jan-2014 18:37:02] PHP Stack trace:
[27-Jan-2014 18:37:02] PHP   1. {main}() /var/www/membership/membership.rewards/API/cardinquiry.php:0
[27-Jan-2014 18:37:02] PHP   2. GetCardInfoAPI->GetCardInfo() /var/www/membership/membership.rewards/API/cardinquiry.php:210
[27-Jan-2014 18:37:02] PHP   3. ActivateMember->Migrate() /var/www/membership/membership.rewards/rsframework/include/Modules/Loyalty/classes/GetCardInfoAPI.class.php:263
[27-Jan-2014 18:37:02] PHP Warning:  Missing argument 13 for CasinoAPI::createAccount(), called in /var/www/membership/membership.rewards/rsframework/include/Modules/Membership/classes/ActivateMember.class.php on line 252 and defined in /var/www/membership/membership.rewards/rsframework/include/Modules/CasinoProvider/classes/CasinoAPI.class.php on line 210
[27-Jan-2014 18:37:02] PHP Stack trace:
[27-Jan-2014 18:37:02] PHP   1. {main}() /var/www/membership/membership.rewards/API/cardinquiry.php:0
[27-Jan-2014 18:37:02] PHP   2. GetCardInfoAPI->GetCardInfo() /var/www/membership/membership.rewards/API/cardinquiry.php:210
[27-Jan-2014 18:37:02] PHP   3. ActivateMember->Migrate() /var/www/membership/membership.rewards/rsframework/include/Modules/Loyalty/classes/GetCardInfoAPI.class.php:263
[27-Jan-2014 18:37:02] PHP   4. CasinoAPI->createAccount() /var/www/membership/membership.rewards/rsframework/include/Modules/Membership/classes/ActivateMember.class.php:252
[27-Jan-2014 18:37:02] PHP Notice:  Undefined variable: casinoAPIHandler in /var/www/membership/membership.rewards/rsframework/include/Modules/CasinoProvider/classes/CasinoAPI.class.php on line 238
[27-Jan-2014 18:37:02] PHP Stack trace:
[27-Jan-2014 18:37:02] PHP   1. {main}() /var/www/membership/membership.rewards/API/cardinquiry.php:0
[27-Jan-2014 18:37:02] PHP   2. GetCardInfoAPI->GetCardInfo() /var/www/membership/membership.rewards/API/cardinquiry.php:210
[27-Jan-2014 18:37:02] PHP   3. ActivateMember->Migrate() /var/www/membership/membership.rewards/rsframework/include/Modules/Loyalty/classes/GetCardInfoAPI.class.php:263
[27-Jan-2014 18:37:02] PHP   4. CasinoAPI->createAccount() /var/www/membership/membership.rewards/rsframework/include/Modules/Membership/classes/ActivateMember.class.php:252
[27-Jan-2014 18:37:02] PHP Fatal error:  Call to a member function CreateNewAccount() on a non-object in /var/www/membership/membership.rewards/rsframework/include/Modules/CasinoProvider/classes/CasinoAPI.class.php on line 238
[27-Jan-2014 18:37:02] PHP Stack trace:
[27-Jan-2014 18:37:02] PHP   1. {main}() /var/www/membership/membership.rewards/API/cardinquiry.php:0
[27-Jan-2014 18:37:02] PHP   2. GetCardInfoAPI->GetCardInfo() /var/www/membership/membership.rewards/API/cardinquiry.php:210
[27-Jan-2014 18:37:02] PHP   3. ActivateMember->Migrate() /var/www/membership/membership.rewards/rsframework/include/Modules/Loyalty/classes/GetCardInfoAPI.class.php:263
[27-Jan-2014 18:37:02] PHP   4. CasinoAPI->createAccount() /var/www/membership/membership.rewards/rsframework/include/Modules/Membership/classes/ActivateMember.class.php:252
[27-Jan-2014 19:12:33] [REGISTRATION ERROR] Failed to send SMS: Invalid Mobile Number [MID: 256].
[27-Jan-2014 19:14:11] PHP Notice:  Undefined variable: casinoAPIHandler in /var/www/membership/membership.rewards/rsframework/include/Modules/CasinoProvider/classes/CasinoAPI.class.php on line 238
[27-Jan-2014 19:14:11] PHP Stack trace:
[27-Jan-2014 19:14:11] PHP   1. {main}() /var/www/membership/membership.rewards/API/cardinquiry.php:0
[27-Jan-2014 19:14:11] PHP   2. GetCardInfoAPI->GetCardInfo() /var/www/membership/membership.rewards/API/cardinquiry.php:210
[27-Jan-2014 19:14:11] PHP   3. ActivateMember->Migrate() /var/www/membership/membership.rewards/rsframework/include/Modules/Loyalty/classes/GetCardInfoAPI.class.php:263
[27-Jan-2014 19:14:11] PHP   4. CasinoAPI->createAccount() /var/www/membership/membership.rewards/rsframework/include/Modules/Membership/classes/ActivateMember.class.php:249
[27-Jan-2014 19:14:11] PHP Fatal error:  Call to a member function CreateNewAccount() on a non-object in /var/www/membership/membership.rewards/rsframework/include/Modules/CasinoProvider/classes/CasinoAPI.class.php on line 238
[27-Jan-2014 19:14:11] PHP Stack trace:
[27-Jan-2014 19:14:11] PHP   1. {main}() /var/www/membership/membership.rewards/API/cardinquiry.php:0
[27-Jan-2014 19:14:11] PHP   2. GetCardInfoAPI->GetCardInfo() /var/www/membership/membership.rewards/API/cardinquiry.php:210
[27-Jan-2014 19:14:11] PHP   3. ActivateMember->Migrate() /var/www/membership/membership.rewards/rsframework/include/Modules/Loyalty/classes/GetCardInfoAPI.class.php:263
[27-Jan-2014 19:14:11] PHP   4. CasinoAPI->createAccount() /var/www/membership/membership.rewards/rsframework/include/Modules/Membership/classes/ActivateMember.class.php:249
[27-Jan-2014 19:19:47] [REGISTRATION ERROR] Failed to send SMS: Invalid Mobile Number [MID: 257].
[27-Jan-2014 19:21:05] PHP Notice:  Undefined index: aid in /var/www/membership/membership.rewards/rsframework/include/Modules/CasinoProvider/classes/CasinoAPI.class.php on line 236
[27-Jan-2014 19:21:05] PHP Stack trace:
[27-Jan-2014 19:21:05] PHP   1. {main}() /var/www/membership/membership.rewards/API/cardinquiry.php:0
[27-Jan-2014 19:21:05] PHP   2. GetCardInfoAPI->GetCardInfo() /var/www/membership/membership.rewards/API/cardinquiry.php:210
[27-Jan-2014 19:21:05] PHP   3. ActivateMember->Migrate() /var/www/membership/membership.rewards/rsframework/include/Modules/Loyalty/classes/GetCardInfoAPI.class.php:263
[27-Jan-2014 19:21:05] PHP   4. CasinoAPI->createAccount() /var/www/membership/membership.rewards/rsframework/include/Modules/Membership/classes/ActivateMember.class.php:249
[27-Jan-2014 19:21:05] PHP Notice:  Undefined index: userID in /var/www/membership/membership.rewards/rsframework/include/Modules/CasinoProvider/classes/CasinoAPI.class.php on line 238
[27-Jan-2014 19:21:05] PHP Stack trace:
[27-Jan-2014 19:21:05] PHP   1. {main}() /var/www/membership/membership.rewards/API/cardinquiry.php:0
[27-Jan-2014 19:21:05] PHP   2. GetCardInfoAPI->GetCardInfo() /var/www/membership/membership.rewards/API/cardinquiry.php:210
[27-Jan-2014 19:21:05] PHP   3. ActivateMember->Migrate() /var/www/membership/membership.rewards/rsframework/include/Modules/Loyalty/classes/GetCardInfoAPI.class.php:263
[27-Jan-2014 19:21:05] PHP   4. CasinoAPI->createAccount() /var/www/membership/membership.rewards/rsframework/include/Modules/Membership/classes/ActivateMember.class.php:249
[27-Jan-2014 19:21:05] PHP Notice:  Undefined index: casinoID in /var/www/membership/membership.rewards/rsframework/include/Modules/CasinoProvider/classes/CasinoAPI.class.php on line 239
[27-Jan-2014 19:21:05] PHP Stack trace:
[27-Jan-2014 19:21:05] PHP   1. {main}() /var/www/membership/membership.rewards/API/cardinquiry.php:0
[27-Jan-2014 19:21:05] PHP   2. GetCardInfoAPI->GetCardInfo() /var/www/membership/membership.rewards/API/cardinquiry.php:210
[27-Jan-2014 19:21:05] PHP   3. ActivateMember->Migrate() /var/www/membership/membership.rewards/rsframework/include/Modules/Loyalty/classes/GetCardInfoAPI.class.php:263
[27-Jan-2014 19:21:05] PHP   4. CasinoAPI->createAccount() /var/www/membership/membership.rewards/rsframework/include/Modules/Membership/classes/ActivateMember.class.php:249
[27-Jan-2014 19:21:05] PHP Notice:  Undefined index: downloadID in /var/www/membership/membership.rewards/rsframework/include/Modules/CasinoProvider/classes/CasinoAPI.class.php on line 239
[27-Jan-2014 19:21:05] PHP Stack trace:
[27-Jan-2014 19:21:05] PHP   1. {main}() /var/www/membership/membership.rewards/API/cardinquiry.php:0
[27-Jan-2014 19:21:05] PHP   2. GetCardInfoAPI->GetCardInfo() /var/www/membership/membership.rewards/API/cardinquiry.php:210
[27-Jan-2014 19:21:05] PHP   3. ActivateMember->Migrate() /var/www/membership/membership.rewards/rsframework/include/Modules/Loyalty/classes/GetCardInfoAPI.class.php:263
[27-Jan-2014 19:21:05] PHP   4. CasinoAPI->createAccount() /var/www/membership/membership.rewards/rsframework/include/Modules/Membership/classes/ActivateMember.class.php:249
[27-Jan-2014 19:21:05] PHP Notice:  Undefined index: clientID in /var/www/membership/membership.rewards/rsframework/include/Modules/CasinoProvider/classes/CasinoAPI.class.php on line 239
[27-Jan-2014 19:21:05] PHP Stack trace:
[27-Jan-2014 19:21:05] PHP   1. {main}() /var/www/membership/membership.rewards/API/cardinquiry.php:0
[27-Jan-2014 19:21:05] PHP   2. GetCardInfoAPI->GetCardInfo() /var/www/membership/membership.rewards/API/cardinquiry.php:210
[27-Jan-2014 19:21:05] PHP   3. ActivateMember->Migrate() /var/www/membership/membership.rewards/rsframework/include/Modules/Loyalty/classes/GetCardInfoAPI.class.php:263
[27-Jan-2014 19:21:05] PHP   4. CasinoAPI->createAccount() /var/www/membership/membership.rewards/rsframework/include/Modules/Membership/classes/ActivateMember.class.php:249
[27-Jan-2014 19:21:05] PHP Notice:  Undefined index: putInAffPID in /var/www/membership/membership.rewards/rsframework/include/Modules/CasinoProvider/classes/CasinoAPI.class.php on line 240
[27-Jan-2014 19:21:05] PHP Stack trace:
[27-Jan-2014 19:21:05] PHP   1. {main}() /var/www/membership/membership.rewards/API/cardinquiry.php:0
[27-Jan-2014 19:21:05] PHP   2. GetCardInfoAPI->GetCardInfo() /var/www/membership/membership.rewards/API/cardinquiry.php:210
[27-Jan-2014 19:21:05] PHP   3. ActivateMember->Migrate() /var/www/membership/membership.rewards/rsframework/include/Modules/Loyalty/classes/GetCardInfoAPI.class.php:263
[27-Jan-2014 19:21:05] PHP   4. CasinoAPI->createAccount() /var/www/membership/membership.rewards/rsframework/include/Modules/Membership/classes/ActivateMember.class.php:249
[27-Jan-2014 19:21:05] PHP Notice:  Undefined index: calledFromCasino in /var/www/membership/membership.rewards/rsframework/include/Modules/CasinoProvider/classes/CasinoAPI.class.php on line 240
[27-Jan-2014 19:21:05] PHP Stack trace:
[27-Jan-2014 19:21:05] PHP   1. {main}() /var/www/membership/membership.rewards/API/cardinquiry.php:0
[27-Jan-2014 19:21:05] PHP   2. GetCardInfoAPI->GetCardInfo() /var/www/membership/membership.rewards/API/cardinquiry.php:210
[27-Jan-2014 19:21:05] PHP   3. ActivateMember->Migrate() /var/www/membership/membership.rewards/rsframework/include/Modules/Loyalty/classes/GetCardInfoAPI.class.php:263
[27-Jan-2014 19:21:05] PHP   4. CasinoAPI->createAccount() /var/www/membership/membership.rewards/rsframework/include/Modules/Membership/classes/ActivateMember.class.php:249
[27-Jan-2014 19:21:05] PHP Notice:  Undefined index: currentPosition in /var/www/membership/membership.rewards/rsframework/include/Modules/CasinoProvider/classes/CasinoAPI.class.php on line 241
[27-Jan-2014 19:21:05] PHP Stack trace:
[27-Jan-2014 19:21:05] PHP   1. {main}() /var/www/membership/membership.rewards/API/cardinquiry.php:0
[27-Jan-2014 19:21:05] PHP   2. GetCardInfoAPI->GetCardInfo() /var/www/membership/membership.rewards/API/cardinquiry.php:210
[27-Jan-2014 19:21:05] PHP   3. ActivateMember->Migrate() /var/www/membership/membership.rewards/rsframework/include/Modules/Loyalty/classes/GetCardInfoAPI.class.php:263
[27-Jan-2014 19:21:05] PHP   4. CasinoAPI->createAccount() /var/www/membership/membership.rewards/rsframework/include/Modules/Membership/classes/ActivateMember.class.php:249
[27-Jan-2014 19:21:15] PHP Notice:  Undefined index: URI_PID in /var/www/membership/membership.rewards/rsframework/include/Modules/CasinoProvider/classes/CasinoAPIHandler.class.php on line 52
[27-Jan-2014 19:21:15] PHP Stack trace:
[27-Jan-2014 19:21:15] PHP   1. {main}() /var/www/membership/membership.rewards/API/cardinquiry.php:0
[27-Jan-2014 19:21:15] PHP   2. GetCardInfoAPI->GetCardInfo() /var/www/membership/membership.rewards/API/cardinquiry.php:210
[27-Jan-2014 19:21:15] PHP   3. ActivateMember->Migrate() /var/www/membership/membership.rewards/rsframework/include/Modules/Loyalty/classes/GetCardInfoAPI.class.php:263
[27-Jan-2014 19:21:15] PHP   4. CasinoAPI->createAccount() /var/www/membership/membership.rewards/rsframework/include/Modules/Membership/classes/ActivateMember.class.php:181
[27-Jan-2014 19:21:15] PHP   5. CasinoAPI->configureRTG() /var/www/membership/membership.rewards/rsframework/include/Modules/CasinoProvider/classes/CasinoAPI.class.php:226
[27-Jan-2014 19:21:15] PHP   6. CasinoAPIHandler->__construct() /var/www/membership/membership.rewards/rsframework/include/Modules/CasinoProvider/classes/CasinoAPI.class.php:70
[27-Jan-2014 19:21:15] PHP Notice:  Undefined index: APIType in /var/www/membership/membership.rewards/rsframework/include/Modules/CasinoProvider/classes/CasinoAPIHandler.class.php on line 54
[27-Jan-2014 19:21:15] PHP Stack trace:
[27-Jan-2014 19:21:15] PHP   1. {main}() /var/www/membership/membership.rewards/API/cardinquiry.php:0
[27-Jan-2014 19:21:15] PHP   2. GetCardInfoAPI->GetCardInfo() /var/www/membership/membership.rewards/API/cardinquiry.php:210
[27-Jan-2014 19:21:15] PHP   3. ActivateMember->Migrate() /var/www/membership/membership.rewards/rsframework/include/Modules/Loyalty/classes/GetCardInfoAPI.class.php:263
[27-Jan-2014 19:21:15] PHP   4. CasinoAPI->createAccount() /var/www/membership/membership.rewards/rsframework/include/Modules/Membership/classes/ActivateMember.class.php:181
[27-Jan-2014 19:21:15] PHP   5. CasinoAPI->configureRTG() /var/www/membership/membership.rewards/rsframework/include/Modules/CasinoProvider/classes/CasinoAPI.class.php:226
[27-Jan-2014 19:21:15] PHP   6. CasinoAPIHandler->__construct() /var/www/membership/membership.rewards/rsframework/include/Modules/CasinoProvider/classes/CasinoAPI.class.php:70
[27-Jan-2014 19:21:15] PHP Notice:  Undefined index: currency in /var/www/membership/membership.rewards/rsframework/include/Modules/CasinoProvider/classes/CasinoAPI.class.php on line 236
[27-Jan-2014 19:21:15] PHP Stack trace:
[27-Jan-2014 19:21:15] PHP   1. {main}() /var/www/membership/membership.rewards/API/cardinquiry.php:0
[27-Jan-2014 19:21:15] PHP   2. GetCardInfoAPI->GetCardInfo() /var/www/membership/membership.rewards/API/cardinquiry.php:210
[27-Jan-2014 19:21:15] PHP   3. ActivateMember->Migrate() /var/www/membership/membership.rewards/rsframework/include/Modules/Loyalty/classes/GetCardInfoAPI.class.php:263
[27-Jan-2014 19:21:15] PHP   4. CasinoAPI->createAccount() /var/www/membership/membership.rewards/rsframework/include/Modules/Membership/classes/ActivateMember.class.php:181
[27-Jan-2014 19:21:15] PHP Warning:  Cannot modify header information - headers already sent by (output started at /var/www/membership/membership.rewards/rsframework/include/Modules/CasinoProvider/classes/CasinoAPI.class.php:238) in /var/www/membership/membership.rewards/rsframework/include/core/JSONAPIResponse.class.php on line 21
[27-Jan-2014 19:21:15] PHP Stack trace:
[27-Jan-2014 19:21:15] PHP   1. {main}() /var/www/membership/membership.rewards/API/cardinquiry.php:0
[27-Jan-2014 19:21:15] PHP   2. JSONAPIResponse->_sendResponse() /var/www/membership/membership.rewards/API/cardinquiry.php:211
[27-Jan-2014 19:21:15] PHP   3. header() /var/www/membership/membership.rewards/rsframework/include/core/JSONAPIResponse.class.php:21
[27-Jan-2014 19:21:15] PHP Warning:  Cannot modify header information - headers already sent by (output started at /var/www/membership/membership.rewards/rsframework/include/Modules/CasinoProvider/classes/CasinoAPI.class.php:238) in /var/www/membership/membership.rewards/rsframework/include/core/JSONAPIResponse.class.php on line 23
[27-Jan-2014 19:21:15] PHP Stack trace:
[27-Jan-2014 19:21:15] PHP   1. {main}() /var/www/membership/membership.rewards/API/cardinquiry.php:0
[27-Jan-2014 19:21:15] PHP   2. JSONAPIResponse->_sendResponse() /var/www/membership/membership.rewards/API/cardinquiry.php:211
[27-Jan-2014 19:21:15] PHP   3. header() /var/www/membership/membership.rewards/rsframework/include/core/JSONAPIResponse.class.php:23
