[03-Feb-2014 10:22:48] PHP Warning:  Cannot modify header information - headers already sent by (output started at /var/www/membership/membership.rewards/admin/header.php:115) in /var/www/membership/membership.rewards/rsframework/include/core/URL.class.php on line 16
[03-Feb-2014 10:22:48] PHP Stack trace:
[03-Feb-2014 10:22:48] PHP   1. {main}() /var/www/membership/membership.rewards/admin/manualptcreation.php:0
[03-Feb-2014 10:22:48] PHP   2. include() /var/www/membership/membership.rewards/admin/manualptcreation.php:265
[03-Feb-2014 10:22:48] PHP   3. include() /var/www/membership/membership.rewards/admin/menu.php:7
[03-Feb-2014 10:22:48] PHP   4. URL::Redirect() /var/www/membership/membership.rewards/admin/sessionmanager.php:90
[03-Feb-2014 10:22:48] PHP   5. header() /var/www/membership/membership.rewards/rsframework/include/core/URL.class.php:16
[03-Feb-2014 10:22:48] PHP Notice:  Undefined variable: usermenu in /var/www/membership/membership.rewards/admin/menu.php on line 16
[03-Feb-2014 10:22:48] PHP Stack trace:
[03-Feb-2014 10:22:48] PHP   1. {main}() /var/www/membership/membership.rewards/admin/manualptcreation.php:0
[03-Feb-2014 10:22:48] PHP   2. include() /var/www/membership/membership.rewards/admin/manualptcreation.php:265
[03-Feb-2014 10:22:48] PHP Warning:  Invalid argument supplied for foreach() in /var/www/membership/membership.rewards/admin/menu.php on line 16
[03-Feb-2014 10:22:48] PHP Stack trace:
[03-Feb-2014 10:22:48] PHP   1. {main}() /var/www/membership/membership.rewards/admin/manualptcreation.php:0
[03-Feb-2014 10:22:48] PHP   2. include() /var/www/membership/membership.rewards/admin/manualptcreation.php:265
[03-Feb-2014 10:22:48] PHP Notice:  Undefined index: aID in /var/www/membership/membership.rewards/admin/menu.php on line 38
[03-Feb-2014 10:22:48] PHP Stack trace:
[03-Feb-2014 10:22:48] PHP   1. {main}() /var/www/membership/membership.rewards/admin/manualptcreation.php:0
[03-Feb-2014 10:22:48] PHP   2. include() /var/www/membership/membership.rewards/admin/manualptcreation.php:265
[03-Feb-2014 10:22:48] MySQL Error "You have an error in your SQL syntax; check the manual that corresponds to your MySQL server version for the right syntax to use near '' at line 1" File: /var/www/membership/membership.rewards/rsframework/include/datalayer/MySQLDatabase.php LINE: 147
[03-Feb-2014 10:22:48] PHP Warning:  Invalid argument supplied for foreach() in /var/www/membership/membership.rewards/admin/menu.php on line 40
[03-Feb-2014 10:22:48] PHP Stack trace:
[03-Feb-2014 10:22:48] PHP   1. {main}() /var/www/membership/membership.rewards/admin/manualptcreation.php:0
[03-Feb-2014 10:22:48] PHP   2. include() /var/www/membership/membership.rewards/admin/manualptcreation.php:265
[03-Feb-2014 10:22:48] PHP Notice:  Undefined variable: username in /var/www/membership/membership.rewards/admin/menu.php on line 43
[03-Feb-2014 10:22:48] PHP Stack trace:
[03-Feb-2014 10:22:48] PHP   1. {main}() /var/www/membership/membership.rewards/admin/manualptcreation.php:0
[03-Feb-2014 10:22:48] PHP   2. include() /var/www/membership/membership.rewards/admin/manualptcreation.php:265
[03-Feb-2014 10:22:48] PHP Notice:  Undefined variable: usermenu in /var/www/membership/membership.rewards/admin/menu.php on line 51
[03-Feb-2014 10:22:48] PHP Stack trace:
[03-Feb-2014 10:22:48] PHP   1. {main}() /var/www/membership/membership.rewards/admin/manualptcreation.php:0
[03-Feb-2014 10:22:48] PHP   2. include() /var/www/membership/membership.rewards/admin/manualptcreation.php:265
[03-Feb-2014 10:22:48] PHP Warning:  Invalid argument supplied for foreach() in /var/www/membership/membership.rewards/admin/menu.php on line 51
[03-Feb-2014 10:22:48] PHP Stack trace:
[03-Feb-2014 10:22:48] PHP   1. {main}() /var/www/membership/membership.rewards/admin/manualptcreation.php:0
[03-Feb-2014 10:22:48] PHP   2. include() /var/www/membership/membership.rewards/admin/manualptcreation.php:265
[03-Feb-2014 10:53:01] PHP Fatal error:  Class 'RealtimeGamingAPIWrapper' not found in /var/www/membership/membership.rewards/rsframework/include/Modules/CasinoProvider/classes/CasinoAPIHandler.class.php on line 72
[03-Feb-2014 10:53:01] PHP Stack trace:
[03-Feb-2014 10:53:01] PHP   1. {main}() /var/www/membership/membership.rewards/API/cardinquiry.php:0
[03-Feb-2014 10:53:01] PHP   2. GetCardInfoAPI->GetCardInfo() /var/www/membership/membership.rewards/API/cardinquiry.php:210
[03-Feb-2014 10:53:01] PHP   3. ActivateMember->Migrate() /var/www/membership/membership.rewards/rsframework/include/Modules/Loyalty/classes/GetCardInfoAPI.class.php:263
[03-Feb-2014 10:53:01] PHP   4. CasinoAPI->createAccount() /var/www/membership/membership.rewards/rsframework/include/Modules/Membership/classes/ActivateMember.class.php:189
[03-Feb-2014 10:53:01] PHP   5. CasinoAPI->configureRTG() /var/www/membership/membership.rewards/rsframework/include/Modules/CasinoProvider/classes/CasinoAPI.class.php:266
[03-Feb-2014 10:53:01] PHP   6. CasinoAPIHandler->__construct() /var/www/membership/membership.rewards/rsframework/include/Modules/CasinoProvider/classes/CasinoAPI.class.php:74
[03-Feb-2014 11:04:22] PHP Notice:  Undefined variable: passwordPTacct in /var/www/membership/membership.rewards/admin/Helper/helper.manualptcreation.php on line 241
[03-Feb-2014 11:04:22] PHP Stack trace:
[03-Feb-2014 11:04:22] PHP   1. {main}() /var/www/membership/membership.rewards/admin/Helper/helper.manualptcreation.php:0
[03-Feb-2014 11:04:24] PHP Notice:  Undefined index: ErrorID in /var/www/membership/membership.rewards/admin/Helper/helper.manualptcreation.php on line 276
[03-Feb-2014 11:04:24] PHP Stack trace:
[03-Feb-2014 11:04:24] PHP   1. {main}() /var/www/membership/membership.rewards/admin/Helper/helper.manualptcreation.php:0
[03-Feb-2014 11:04:24] PHP Notice:  Undefined index: ErrorID in /var/www/membership/membership.rewards/admin/Helper/helper.manualptcreation.php on line 276
[03-Feb-2014 11:04:24] PHP Stack trace:
[03-Feb-2014 11:04:24] PHP   1. {main}() /var/www/membership/membership.rewards/admin/Helper/helper.manualptcreation.php:0
[03-Feb-2014 11:04:24] PHP Notice:  Undefined index: ErrorID in /var/www/membership/membership.rewards/admin/Helper/helper.manualptcreation.php on line 276
[03-Feb-2014 11:04:24] PHP Stack trace:
[03-Feb-2014 11:04:24] PHP   1. {main}() /var/www/membership/membership.rewards/admin/Helper/helper.manualptcreation.php:0
[03-Feb-2014 11:04:24] PHP Notice:  Undefined variable: msresult in /var/www/membership/membership.rewards/admin/Helper/helper.manualptcreation.php on line 353
[03-Feb-2014 11:04:24] PHP Stack trace:
[03-Feb-2014 11:04:24] PHP   1. {main}() /var/www/membership/membership.rewards/admin/Helper/helper.manualptcreation.php:0
[03-Feb-2014 11:04:50] PHP Notice:  Undefined variable: passwordPTacct in /var/www/membership/membership.rewards/admin/Helper/helper.manualptcreation.php on line 241
[03-Feb-2014 11:04:50] PHP Stack trace:
[03-Feb-2014 11:04:50] PHP   1. {main}() /var/www/membership/membership.rewards/admin/Helper/helper.manualptcreation.php:0
[03-Feb-2014 11:04:51] PHP Notice:  Undefined index: ErrorID in /var/www/membership/membership.rewards/admin/Helper/helper.manualptcreation.php on line 276
[03-Feb-2014 11:04:51] PHP Stack trace:
[03-Feb-2014 11:04:51] PHP   1. {main}() /var/www/membership/membership.rewards/admin/Helper/helper.manualptcreation.php:0
[03-Feb-2014 11:04:51] PHP Notice:  Undefined index: ErrorID in /var/www/membership/membership.rewards/admin/Helper/helper.manualptcreation.php on line 276
[03-Feb-2014 11:04:51] PHP Stack trace:
[03-Feb-2014 11:04:51] PHP   1. {main}() /var/www/membership/membership.rewards/admin/Helper/helper.manualptcreation.php:0
[03-Feb-2014 11:04:51] PHP Notice:  Undefined index: ErrorID in /var/www/membership/membership.rewards/admin/Helper/helper.manualptcreation.php on line 276
[03-Feb-2014 11:04:51] PHP Stack trace:
[03-Feb-2014 11:04:51] PHP   1. {main}() /var/www/membership/membership.rewards/admin/Helper/helper.manualptcreation.php:0
[03-Feb-2014 11:04:51] PHP Notice:  Undefined variable: msresult in /var/www/membership/membership.rewards/admin/Helper/helper.manualptcreation.php on line 353
[03-Feb-2014 11:04:51] PHP Stack trace:
[03-Feb-2014 11:04:51] PHP   1. {main}() /var/www/membership/membership.rewards/admin/Helper/helper.manualptcreation.php:0
[03-Feb-2014 11:06:05] PHP Notice:  Undefined index: ErrorID in /var/www/membership/membership.rewards/admin/Helper/helper.manualptcreation.php on line 276
[03-Feb-2014 11:06:05] PHP Stack trace:
[03-Feb-2014 11:06:05] PHP   1. {main}() /var/www/membership/membership.rewards/admin/Helper/helper.manualptcreation.php:0
[03-Feb-2014 11:06:05] PHP Notice:  Undefined index: ErrorID in /var/www/membership/membership.rewards/admin/Helper/helper.manualptcreation.php on line 276
[03-Feb-2014 11:06:05] PHP Stack trace:
[03-Feb-2014 11:06:05] PHP   1. {main}() /var/www/membership/membership.rewards/admin/Helper/helper.manualptcreation.php:0
[03-Feb-2014 11:06:05] PHP Notice:  Undefined index: ErrorID in /var/www/membership/membership.rewards/admin/Helper/helper.manualptcreation.php on line 276
[03-Feb-2014 11:06:05] PHP Stack trace:
[03-Feb-2014 11:06:05] PHP   1. {main}() /var/www/membership/membership.rewards/admin/Helper/helper.manualptcreation.php:0
[03-Feb-2014 11:06:05] PHP Notice:  Undefined variable: msresult in /var/www/membership/membership.rewards/admin/Helper/helper.manualptcreation.php on line 353
[03-Feb-2014 11:06:05] PHP Stack trace:
[03-Feb-2014 11:06:05] PHP   1. {main}() /var/www/membership/membership.rewards/admin/Helper/helper.manualptcreation.php:0
[03-Feb-2014 11:31:29] PHP Notice:  Use of undefined constant login - assumed 'login' in /var/www/membership/membership.rewards/rsframework/include/Modules/CasinoProvider/classes/CasinoAPIHandler.class.php on line 142
[03-Feb-2014 11:31:29] PHP Stack trace:
[03-Feb-2014 11:31:29] PHP   1. {main}() /var/www/membership/membership.rewards/admin/Helper/helper.manualptcreation.php:0
[03-Feb-2014 11:31:29] PHP   2. CasinoAPI->createAccount() /var/www/membership/membership.rewards/admin/Helper/helper.manualptcreation.php:242
[03-Feb-2014 11:31:29] PHP   3. CasinoAPIHandler->CreateNewAccount() /var/www/membership/membership.rewards/rsframework/include/Modules/CasinoProvider/classes/CasinoAPI.class.php:285
[03-Feb-2014 11:34:32] PHP Notice:  Use of undefined constant login - assumed 'login' in /var/www/membership/membership.rewards/rsframework/include/Modules/CasinoProvider/classes/CasinoAPIHandler.class.php on line 156
[03-Feb-2014 11:34:32] PHP Stack trace:
[03-Feb-2014 11:34:32] PHP   1. {main}() /var/www/membership/membership.rewards/admin/Helper/helper.manualptcreation.php:0
[03-Feb-2014 11:34:32] PHP   2. CasinoAPI->createAccount() /var/www/membership/membership.rewards/admin/Helper/helper.manualptcreation.php:242
[03-Feb-2014 11:34:32] PHP   3. CasinoAPIHandler->CreateNewAccount() /var/www/membership/membership.rewards/rsframework/include/Modules/CasinoProvider/classes/CasinoAPI.class.php:285
[03-Feb-2014 11:51:04] PHP Notice:  Undefined variable: userName in /var/www/membership/membership.rewards/admin/Helper/helper.manualptcreation.php on line 280
[03-Feb-2014 11:51:04] PHP Stack trace:
[03-Feb-2014 11:51:04] PHP   1. {main}() /var/www/membership/membership.rewards/admin/Helper/helper.manualptcreation.php:0
[03-Feb-2014 13:07:01] PHP Warning:  Cannot modify header information - headers already sent by (output started at /var/www/membership/membership.rewards/admin/header.php:115) in /var/www/membership/membership.rewards/rsframework/include/core/URL.class.php on line 16
[03-Feb-2014 13:07:01] PHP Stack trace:
[03-Feb-2014 13:07:01] PHP   1. {main}() /var/www/membership/membership.rewards/admin/manualptcreation.php:0
[03-Feb-2014 13:07:01] PHP   2. include() /var/www/membership/membership.rewards/admin/manualptcreation.php:265
[03-Feb-2014 13:07:01] PHP   3. include() /var/www/membership/membership.rewards/admin/menu.php:7
[03-Feb-2014 13:07:01] PHP   4. URL::Redirect() /var/www/membership/membership.rewards/admin/sessionmanager.php:90
[03-Feb-2014 13:07:01] PHP   5. header() /var/www/membership/membership.rewards/rsframework/include/core/URL.class.php:16
[03-Feb-2014 13:07:01] PHP Notice:  Undefined variable: usermenu in /var/www/membership/membership.rewards/admin/menu.php on line 16
[03-Feb-2014 13:07:01] PHP Stack trace:
[03-Feb-2014 13:07:01] PHP   1. {main}() /var/www/membership/membership.rewards/admin/manualptcreation.php:0
[03-Feb-2014 13:07:01] PHP   2. include() /var/www/membership/membership.rewards/admin/manualptcreation.php:265
[03-Feb-2014 13:07:01] PHP Warning:  Invalid argument supplied for foreach() in /var/www/membership/membership.rewards/admin/menu.php on line 16
[03-Feb-2014 13:07:01] PHP Stack trace:
[03-Feb-2014 13:07:01] PHP   1. {main}() /var/www/membership/membership.rewards/admin/manualptcreation.php:0
[03-Feb-2014 13:07:01] PHP   2. include() /var/www/membership/membership.rewards/admin/manualptcreation.php:265
[03-Feb-2014 13:07:01] PHP Notice:  Undefined index: aID in /var/www/membership/membership.rewards/admin/menu.php on line 38
[03-Feb-2014 13:07:01] PHP Stack trace:
[03-Feb-2014 13:07:01] PHP   1. {main}() /var/www/membership/membership.rewards/admin/manualptcreation.php:0
[03-Feb-2014 13:07:01] PHP   2. include() /var/www/membership/membership.rewards/admin/manualptcreation.php:265
[03-Feb-2014 13:07:01] MySQL Error "You have an error in your SQL syntax; check the manual that corresponds to your MySQL server version for the right syntax to use near '' at line 1" File: /var/www/membership/membership.rewards/rsframework/include/datalayer/MySQLDatabase.php LINE: 147
[03-Feb-2014 13:07:01] PHP Warning:  Invalid argument supplied for foreach() in /var/www/membership/membership.rewards/admin/menu.php on line 40
[03-Feb-2014 13:07:01] PHP Stack trace:
[03-Feb-2014 13:07:01] PHP   1. {main}() /var/www/membership/membership.rewards/admin/manualptcreation.php:0
[03-Feb-2014 13:07:01] PHP   2. include() /var/www/membership/membership.rewards/admin/manualptcreation.php:265
[03-Feb-2014 13:07:01] PHP Notice:  Undefined variable: username in /var/www/membership/membership.rewards/admin/menu.php on line 43
[03-Feb-2014 13:07:01] PHP Stack trace:
[03-Feb-2014 13:07:01] PHP   1. {main}() /var/www/membership/membership.rewards/admin/manualptcreation.php:0
[03-Feb-2014 13:07:01] PHP   2. include() /var/www/membership/membership.rewards/admin/manualptcreation.php:265
[03-Feb-2014 13:07:01] PHP Notice:  Undefined variable: usermenu in /var/www/membership/membership.rewards/admin/menu.php on line 51
[03-Feb-2014 13:07:01] PHP Stack trace:
[03-Feb-2014 13:07:01] PHP   1. {main}() /var/www/membership/membership.rewards/admin/manualptcreation.php:0
[03-Feb-2014 13:07:01] PHP   2. include() /var/www/membership/membership.rewards/admin/manualptcreation.php:265
[03-Feb-2014 13:07:01] PHP Warning:  Invalid argument supplied for foreach() in /var/www/membership/membership.rewards/admin/menu.php on line 51
[03-Feb-2014 13:07:01] PHP Stack trace:
[03-Feb-2014 13:07:01] PHP   1. {main}() /var/www/membership/membership.rewards/admin/manualptcreation.php:0
[03-Feb-2014 13:07:01] PHP   2. include() /var/www/membership/membership.rewards/admin/manualptcreation.php:265
[03-Feb-2014 13:11:03] PHP Notice:  Undefined variable: userName in /var/www/membership/membership.rewards/admin/Helper/helper.manualptcreation.php on line 316
[03-Feb-2014 13:11:03] PHP Stack trace:
[03-Feb-2014 13:11:03] PHP   1. {main}() /var/www/membership/membership.rewards/admin/Helper/helper.manualptcreation.php:0
[03-Feb-2014 13:11:03] PHP Notice:  Undefined variable: servpassword in /var/www/membership/membership.rewards/admin/Helper/helper.manualptcreation.php on line 316
[03-Feb-2014 13:11:03] PHP Stack trace:
[03-Feb-2014 13:11:03] PHP   1. {main}() /var/www/membership/membership.rewards/admin/Helper/helper.manualptcreation.php:0
[03-Feb-2014 13:11:03] PHP Notice:  Undefined variable: servpassword in /var/www/membership/membership.rewards/admin/Helper/helper.manualptcreation.php on line 317
[03-Feb-2014 13:11:03] PHP Stack trace:
[03-Feb-2014 13:11:03] PHP   1. {main}() /var/www/membership/membership.rewards/admin/Helper/helper.manualptcreation.php:0
[03-Feb-2014 14:25:45] PHP Fatal error:  Using $this when not in object context in /var/www/membership/membership.rewards/admin/Helper/helper.manualptcreation.php on line 170
[03-Feb-2014 14:25:45] PHP Stack trace:
[03-Feb-2014 14:25:45] PHP   1. {main}() /var/www/membership/membership.rewards/admin/Helper/helper.manualptcreation.php:0
[03-Feb-2014 14:26:42] PHP Fatal error:  Using $this when not in object context in /var/www/membership/membership.rewards/admin/Helper/helper.manualptcreation.php on line 170
[03-Feb-2014 14:26:42] PHP Stack trace:
[03-Feb-2014 14:26:42] PHP   1. {main}() /var/www/membership/membership.rewards/admin/Helper/helper.manualptcreation.php:0
[03-Feb-2014 14:27:41] PHP Notice:  Undefined variable: servpassword in /var/www/membership/membership.rewards/admin/Helper/helper.manualptcreation.php on line 177
[03-Feb-2014 14:27:41] PHP Stack trace:
[03-Feb-2014 14:27:41] PHP   1. {main}() /var/www/membership/membership.rewards/admin/Helper/helper.manualptcreation.php:0
[03-Feb-2014 14:27:42] PHP Notice:  Undefined variable: apisuccess in /var/www/membership/membership.rewards/admin/Helper/helper.manualptcreation.php on line 185
[03-Feb-2014 14:27:42] PHP Stack trace:
[03-Feb-2014 14:27:42] PHP   1. {main}() /var/www/membership/membership.rewards/admin/Helper/helper.manualptcreation.php:0
[03-Feb-2014 14:55:19] PHP Notice:  Undefined variable: apisuccess in /var/www/membership/membership.rewards/admin/Helper/helper.manualptcreation.php on line 195
[03-Feb-2014 14:55:19] PHP Stack trace:
[03-Feb-2014 14:55:19] PHP   1. {main}() /var/www/membership/membership.rewards/admin/Helper/helper.manualptcreation.php:0
[03-Feb-2014 14:55:19] PHP Notice:  Undefined variable: msupdate in /var/www/membership/membership.rewards/admin/Helper/helper.manualptcreation.php on line 408
[03-Feb-2014 14:55:19] PHP Stack trace:
[03-Feb-2014 14:55:19] PHP   1. {main}() /var/www/membership/membership.rewards/admin/Helper/helper.manualptcreation.php:0
[03-Feb-2014 14:55:19] PHP Notice:  Undefined variable: msresult in /var/www/membership/membership.rewards/admin/Helper/helper.manualptcreation.php on line 408
[03-Feb-2014 14:55:19] PHP Stack trace:
[03-Feb-2014 14:55:19] PHP   1. {main}() /var/www/membership/membership.rewards/admin/Helper/helper.manualptcreation.php:0
[03-Feb-2014 14:57:20] PHP Notice:  Undefined variable: apisuccess in /var/www/membership/membership.rewards/admin/Helper/helper.manualptcreation.php on line 195
[03-Feb-2014 14:57:20] PHP Stack trace:
[03-Feb-2014 14:57:20] PHP   1. {main}() /var/www/membership/membership.rewards/admin/Helper/helper.manualptcreation.php:0
[03-Feb-2014 14:57:20] PHP Notice:  Undefined variable: msupdate in /var/www/membership/membership.rewards/admin/Helper/helper.manualptcreation.php on line 408
[03-Feb-2014 14:57:20] PHP Stack trace:
[03-Feb-2014 14:57:20] PHP   1. {main}() /var/www/membership/membership.rewards/admin/Helper/helper.manualptcreation.php:0
[03-Feb-2014 14:57:20] PHP Notice:  Undefined variable: msresult in /var/www/membership/membership.rewards/admin/Helper/helper.manualptcreation.php on line 408
[03-Feb-2014 14:57:20] PHP Stack trace:
[03-Feb-2014 14:57:20] PHP   1. {main}() /var/www/membership/membership.rewards/admin/Helper/helper.manualptcreation.php:0
[03-Feb-2014 14:58:46] PHP Notice:  Undefined variable: apisuccess in /var/www/membership/membership.rewards/admin/Helper/helper.manualptcreation.php on line 196
[03-Feb-2014 14:58:46] PHP Stack trace:
[03-Feb-2014 14:58:46] PHP   1. {main}() /var/www/membership/membership.rewards/admin/Helper/helper.manualptcreation.php:0
[03-Feb-2014 14:58:46] PHP Notice:  Undefined variable: msupdate in /var/www/membership/membership.rewards/admin/Helper/helper.manualptcreation.php on line 409
[03-Feb-2014 14:58:46] PHP Stack trace:
[03-Feb-2014 14:58:46] PHP   1. {main}() /var/www/membership/membership.rewards/admin/Helper/helper.manualptcreation.php:0
[03-Feb-2014 14:58:46] PHP Notice:  Undefined variable: msresult in /var/www/membership/membership.rewards/admin/Helper/helper.manualptcreation.php on line 409
[03-Feb-2014 14:58:46] PHP Stack trace:
[03-Feb-2014 14:58:46] PHP   1. {main}() /var/www/membership/membership.rewards/admin/Helper/helper.manualptcreation.php:0
[03-Feb-2014 15:09:54] PHP Notice:  Undefined variable: apisuccess in /var/www/membership/membership.rewards/admin/Helper/helper.manualptcreation.php on line 196
[03-Feb-2014 15:09:54] PHP Stack trace:
[03-Feb-2014 15:09:54] PHP   1. {main}() /var/www/membership/membership.rewards/admin/Helper/helper.manualptcreation.php:0
[03-Feb-2014 15:09:54] PHP Notice:  Undefined variable: msupdate in /var/www/membership/membership.rewards/admin/Helper/helper.manualptcreation.php on line 409
[03-Feb-2014 15:09:54] PHP Stack trace:
[03-Feb-2014 15:09:54] PHP   1. {main}() /var/www/membership/membership.rewards/admin/Helper/helper.manualptcreation.php:0
[03-Feb-2014 15:09:54] PHP Notice:  Undefined variable: msresult in /var/www/membership/membership.rewards/admin/Helper/helper.manualptcreation.php on line 409
[03-Feb-2014 15:09:54] PHP Stack trace:
[03-Feb-2014 15:09:54] PHP   1. {main}() /var/www/membership/membership.rewards/admin/Helper/helper.manualptcreation.php:0
[03-Feb-2014 18:10:58] PHP Warning:  Cannot modify header information - headers already sent by (output started at /var/www/membership/membership.rewards/admin/header.php:115) in /var/www/membership/membership.rewards/rsframework/include/core/URL.class.php on line 16
[03-Feb-2014 18:10:58] PHP Stack trace:
[03-Feb-2014 18:10:58] PHP   1. {main}() /var/www/membership/membership.rewards/admin/manualptcreation.php:0
[03-Feb-2014 18:10:58] PHP   2. include() /var/www/membership/membership.rewards/admin/manualptcreation.php:265
[03-Feb-2014 18:10:58] PHP   3. include() /var/www/membership/membership.rewards/admin/menu.php:7
[03-Feb-2014 18:10:58] PHP   4. URL::Redirect() /var/www/membership/membership.rewards/admin/sessionmanager.php:90
[03-Feb-2014 18:10:58] PHP   5. header() /var/www/membership/membership.rewards/rsframework/include/core/URL.class.php:16
[03-Feb-2014 18:10:58] PHP Notice:  Undefined variable: usermenu in /var/www/membership/membership.rewards/admin/menu.php on line 16
[03-Feb-2014 18:10:58] PHP Stack trace:
[03-Feb-2014 18:10:58] PHP   1. {main}() /var/www/membership/membership.rewards/admin/manualptcreation.php:0
[03-Feb-2014 18:10:58] PHP   2. include() /var/www/membership/membership.rewards/admin/manualptcreation.php:265
[03-Feb-2014 18:10:58] PHP Warning:  Invalid argument supplied for foreach() in /var/www/membership/membership.rewards/admin/menu.php on line 16
[03-Feb-2014 18:10:58] PHP Stack trace:
[03-Feb-2014 18:10:58] PHP   1. {main}() /var/www/membership/membership.rewards/admin/manualptcreation.php:0
[03-Feb-2014 18:10:58] PHP   2. include() /var/www/membership/membership.rewards/admin/manualptcreation.php:265
[03-Feb-2014 18:10:58] PHP Notice:  Undefined index: aID in /var/www/membership/membership.rewards/admin/menu.php on line 38
[03-Feb-2014 18:10:58] PHP Stack trace:
[03-Feb-2014 18:10:58] PHP   1. {main}() /var/www/membership/membership.rewards/admin/manualptcreation.php:0
[03-Feb-2014 18:10:58] PHP   2. include() /var/www/membership/membership.rewards/admin/manualptcreation.php:265
[03-Feb-2014 18:10:58] MySQL Error "You have an error in your SQL syntax; check the manual that corresponds to your MySQL server version for the right syntax to use near '' at line 1" File: /var/www/membership/membership.rewards/rsframework/include/datalayer/MySQLDatabase.php LINE: 147
[03-Feb-2014 18:10:58] PHP Warning:  Invalid argument supplied for foreach() in /var/www/membership/membership.rewards/admin/menu.php on line 40
[03-Feb-2014 18:10:58] PHP Stack trace:
[03-Feb-2014 18:10:58] PHP   1. {main}() /var/www/membership/membership.rewards/admin/manualptcreation.php:0
[03-Feb-2014 18:10:58] PHP   2. include() /var/www/membership/membership.rewards/admin/manualptcreation.php:265
[03-Feb-2014 18:10:58] PHP Notice:  Undefined variable: username in /var/www/membership/membership.rewards/admin/menu.php on line 43
[03-Feb-2014 18:10:58] PHP Stack trace:
[03-Feb-2014 18:10:58] PHP   1. {main}() /var/www/membership/membership.rewards/admin/manualptcreation.php:0
[03-Feb-2014 18:10:58] PHP   2. include() /var/www/membership/membership.rewards/admin/manualptcreation.php:265
[03-Feb-2014 18:10:58] PHP Notice:  Undefined variable: usermenu in /var/www/membership/membership.rewards/admin/menu.php on line 51
[03-Feb-2014 18:10:58] PHP Stack trace:
[03-Feb-2014 18:10:58] PHP   1. {main}() /var/www/membership/membership.rewards/admin/manualptcreation.php:0
[03-Feb-2014 18:10:58] PHP   2. include() /var/www/membership/membership.rewards/admin/manualptcreation.php:265
[03-Feb-2014 18:10:58] PHP Warning:  Invalid argument supplied for foreach() in /var/www/membership/membership.rewards/admin/menu.php on line 51
[03-Feb-2014 18:10:58] PHP Stack trace:
[03-Feb-2014 18:10:58] PHP   1. {main}() /var/www/membership/membership.rewards/admin/manualptcreation.php:0
[03-Feb-2014 18:10:58] PHP   2. include() /var/www/membership/membership.rewards/admin/manualptcreation.php:265
[03-Feb-2014 18:20:49] PHP Notice:  Undefined variable: servpassword in /var/www/membership/membership.rewards/admin/Helper/helper.manualptcreation.php on line 344
[03-Feb-2014 18:20:49] PHP Stack trace:
[03-Feb-2014 18:20:49] PHP   1. {main}() /var/www/membership/membership.rewards/admin/Helper/helper.manualptcreation.php:0
[03-Feb-2014 18:20:49] PHP Notice:  Undefined variable: servpassword in /var/www/membership/membership.rewards/admin/Helper/helper.manualptcreation.php on line 345
[03-Feb-2014 18:20:49] PHP Stack trace:
[03-Feb-2014 18:20:49] PHP   1. {main}() /var/www/membership/membership.rewards/admin/Helper/helper.manualptcreation.php:0
[03-Feb-2014 18:43:18] PHP Notice:  Undefined variable: MID in /var/www/membership/membership.rewards/rsframework/include/Modules/Membership/classes/ActivateMember.class.php on line 313
[03-Feb-2014 18:43:18] PHP Stack trace:
[03-Feb-2014 18:43:18] PHP   1. {main}() /var/www/membership/membership.rewards/API/cardinquiry.php:0
[03-Feb-2014 18:43:18] PHP   2. GetCardInfoAPI->GetCardInfo() /var/www/membership/membership.rewards/API/cardinquiry.php:210
[03-Feb-2014 18:43:18] PHP   3. ActivateMember->Migrate() /var/www/membership/membership.rewards/rsframework/include/Modules/Loyalty/classes/GetCardInfoAPI.class.php:263
[03-Feb-2014 18:43:18] MySQL Error "You have an error in your SQL syntax; check the manual that corresponds to your MySQL server version for the right syntax to use near '' at line 3" File: /var/www/membership/membership.rewards/rsframework/include/datalayer/MySQLDatabase.php LINE: 147
[03-Feb-2014 18:43:18] PHP Fatal error:  Cannot use string offset as an array in /var/www/membership/membership.rewards/rsframework/include/Modules/Membership/classes/ActivateMember.class.php on line 321
[03-Feb-2014 18:43:18] PHP Stack trace:
[03-Feb-2014 18:43:18] PHP   1. {main}() /var/www/membership/membership.rewards/API/cardinquiry.php:0
[03-Feb-2014 18:43:18] PHP   2. GetCardInfoAPI->GetCardInfo() /var/www/membership/membership.rewards/API/cardinquiry.php:210
[03-Feb-2014 18:43:18] PHP   3. ActivateMember->Migrate() /var/www/membership/membership.rewards/rsframework/include/Modules/Loyalty/classes/GetCardInfoAPI.class.php:263
[03-Feb-2014 18:47:42] PHP Notice:  Undefined variable: config in /var/www/membership/membership.rewards/rsframework/include/Modules/CasinoProvider/classes/CasinoAPI.class.php on line 213
[03-Feb-2014 18:47:42] PHP Stack trace:
[03-Feb-2014 18:47:42] PHP   1. {main}() /var/www/membership/membership.rewards/API/cardinquiry.php:0
[03-Feb-2014 18:47:42] PHP   2. GetCardInfoAPI->GetCardInfo() /var/www/membership/membership.rewards/API/cardinquiry.php:210
[03-Feb-2014 18:47:42] PHP   3. ActivateMember->Migrate() /var/www/membership/membership.rewards/rsframework/include/Modules/Loyalty/classes/GetCardInfoAPI.class.php:263
[03-Feb-2014 18:47:42] PHP   4. CasinoAPI->createAccount() /var/www/membership/membership.rewards/rsframework/include/Modules/Membership/classes/ActivateMember.class.php:196
[03-Feb-2014 18:47:42] PHP   5. CasinoAPI->getAllData() /var/www/membership/membership.rewards/rsframework/include/Modules/CasinoProvider/classes/CasinoAPI.class.php:252
[03-Feb-2014 18:47:42] PHP Notice:  Undefined offset: 18 in /var/www/membership/membership.rewards/rsframework/include/Modules/CasinoProvider/classes/CasinoAPI.class.php on line 28
[03-Feb-2014 18:47:42] PHP Stack trace:
[03-Feb-2014 18:47:42] PHP   1. {main}() /var/www/membership/membership.rewards/API/cardinquiry.php:0
[03-Feb-2014 18:47:42] PHP   2. GetCardInfoAPI->GetCardInfo() /var/www/membership/membership.rewards/API/cardinquiry.php:210
[03-Feb-2014 18:47:42] PHP   3. ActivateMember->Migrate() /var/www/membership/membership.rewards/rsframework/include/Modules/Loyalty/classes/GetCardInfoAPI.class.php:263
[03-Feb-2014 18:47:42] PHP   4. CasinoAPI->createAccount() /var/www/membership/membership.rewards/rsframework/include/Modules/Membership/classes/ActivateMember.class.php:196
[03-Feb-2014 18:47:42] PHP   5. CasinoAPI->configureRTG() /var/www/membership/membership.rewards/rsframework/include/Modules/CasinoProvider/classes/CasinoAPI.class.php:266
[03-Feb-2014 18:47:42] PHP Notice:  Undefined offset: 18 in /var/www/membership/membership.rewards/rsframework/include/Modules/CasinoProvider/classes/CasinoAPI.class.php on line 29
[03-Feb-2014 18:47:42] PHP Stack trace:
[03-Feb-2014 18:47:42] PHP   1. {main}() /var/www/membership/membership.rewards/API/cardinquiry.php:0
[03-Feb-2014 18:47:42] PHP   2. GetCardInfoAPI->GetCardInfo() /var/www/membership/membership.rewards/API/cardinquiry.php:210
[03-Feb-2014 18:47:42] PHP   3. ActivateMember->Migrate() /var/www/membership/membership.rewards/rsframework/include/Modules/Loyalty/classes/GetCardInfoAPI.class.php:263
[03-Feb-2014 18:47:42] PHP   4. CasinoAPI->createAccount() /var/www/membership/membership.rewards/rsframework/include/Modules/Membership/classes/ActivateMember.class.php:196
[03-Feb-2014 18:47:42] PHP   5. CasinoAPI->configureRTG() /var/www/membership/membership.rewards/rsframework/include/Modules/CasinoProvider/classes/CasinoAPI.class.php:266
[03-Feb-2014 18:47:42] PHP Warning:  Cannot modify header information - headers already sent by (output started at /var/www/membership/membership.rewards/rsframework/include/Modules/CasinoProvider/classes/CasinoAPI.class.php:28) in /var/www/membership/membership.rewards/rsframework/include/core/JSONAPIResponse.class.php on line 21
[03-Feb-2014 18:47:42] PHP Stack trace:
[03-Feb-2014 18:47:42] PHP   1. {main}() /var/www/membership/membership.rewards/API/cardinquiry.php:0
[03-Feb-2014 18:47:42] PHP   2. JSONAPIResponse->_sendResponse() /var/www/membership/membership.rewards/API/cardinquiry.php:211
[03-Feb-2014 18:47:42] PHP   3. header() /var/www/membership/membership.rewards/rsframework/include/core/JSONAPIResponse.class.php:21
[03-Feb-2014 18:47:42] PHP Warning:  Cannot modify header information - headers already sent by (output started at /var/www/membership/membership.rewards/rsframework/include/Modules/CasinoProvider/classes/CasinoAPI.class.php:28) in /var/www/membership/membership.rewards/rsframework/include/core/JSONAPIResponse.class.php on line 23
[03-Feb-2014 18:47:42] PHP Stack trace:
[03-Feb-2014 18:47:42] PHP   1. {main}() /var/www/membership/membership.rewards/API/cardinquiry.php:0
[03-Feb-2014 18:47:42] PHP   2. JSONAPIResponse->_sendResponse() /var/www/membership/membership.rewards/API/cardinquiry.php:211
[03-Feb-2014 18:47:42] PHP   3. header() /var/www/membership/membership.rewards/rsframework/include/core/JSONAPIResponse.class.php:23
[03-Feb-2014 18:55:01] PHP Notice:  Undefined offset: 18 in /var/www/membership/membership.rewards/rsframework/include/Modules/CasinoProvider/classes/CasinoAPI.class.php on line 29
[03-Feb-2014 18:55:01] PHP Stack trace:
[03-Feb-2014 18:55:01] PHP   1. {main}() /var/www/membership/membership.rewards/API/cardinquiry.php:0
[03-Feb-2014 18:55:01] PHP   2. GetCardInfoAPI->GetCardInfo() /var/www/membership/membership.rewards/API/cardinquiry.php:210
[03-Feb-2014 18:55:01] PHP   3. ActivateMember->Migrate() /var/www/membership/membership.rewards/rsframework/include/Modules/Loyalty/classes/GetCardInfoAPI.class.php:263
[03-Feb-2014 18:55:01] PHP   4. CasinoAPI->createAccount() /var/www/membership/membership.rewards/rsframework/include/Modules/Membership/classes/ActivateMember.class.php:196
[03-Feb-2014 18:55:01] PHP   5. CasinoAPI->configureRTG() /var/www/membership/membership.rewards/rsframework/include/Modules/CasinoProvider/classes/CasinoAPI.class.php:253
[03-Feb-2014 19:18:15] MySQL Error "SQLSTATE[42S22]: Column not found: 1054 Unknown column 'Password' in 'field list'" File: /var/www/membership/membership.rewards/rsframework/include/core/BaseEntity.class.php LINE: 109
[03-Feb-2014 19:18:15] MySQL Error "SQLSTATE[42S22]: Column not found: 1054 Unknown column 'Password' in 'field list'" File: /var/www/membership/membership.rewards/rsframework/include/core/BaseEntity.class.php LINE: 109
[03-Feb-2014 19:48:50] Error "Inactive Card: UBWVXHB4" File: /var/www/membership/membership.rewards/rsframework/include/Modules/Loyalty/classes/GetCardInfoAPI.class.php LINE: 78
