[06-Jan-2014 10:41:40] PHP Notice:  Undefined index: userinfo in /var/www/membership/membership.rewards/admin/index.php on line 58
[06-Jan-2014 10:41:40] PHP Stack trace:
[06-Jan-2014 10:41:40] PHP   1. {main}() /var/www/membership/membership.rewards/admin/index.php:0
[06-Jan-2014 10:41:40] PHP Warning:  Cannot modify header information - headers already sent by (output started at /var/www/membership/membership.rewards/admin/header.php:108) in /var/www/membership/membership.rewards/rsframework/include/core/URL.class.php on line 16
[06-Jan-2014 10:41:40] PHP Stack trace:
[06-Jan-2014 10:41:40] PHP   1. {main}() /var/www/membership/membership.rewards/admin/index.php:0
[06-Jan-2014 10:41:40] PHP   2. include() /var/www/membership/membership.rewards/admin/index.php:509
[06-Jan-2014 10:41:40] PHP   3. include() /var/www/membership/membership.rewards/admin/menu.php:7
[06-Jan-2014 10:41:40] PHP   4. URL::Redirect() /var/www/membership/membership.rewards/admin/sessionmanager.php:90
[06-Jan-2014 10:41:40] PHP   5. header() /var/www/membership/membership.rewards/rsframework/include/core/URL.class.php:16
[06-Jan-2014 10:41:40] PHP Notice:  Undefined variable: usermenu in /var/www/membership/membership.rewards/admin/menu.php on line 16
[06-Jan-2014 10:41:40] PHP Stack trace:
[06-Jan-2014 10:41:40] PHP   1. {main}() /var/www/membership/membership.rewards/admin/index.php:0
[06-Jan-2014 10:41:40] PHP   2. include() /var/www/membership/membership.rewards/admin/index.php:509
[06-Jan-2014 10:41:40] PHP Warning:  Invalid argument supplied for foreach() in /var/www/membership/membership.rewards/admin/menu.php on line 16
[06-Jan-2014 10:41:40] PHP Stack trace:
[06-Jan-2014 10:41:40] PHP   1. {main}() /var/www/membership/membership.rewards/admin/index.php:0
[06-Jan-2014 10:41:40] PHP   2. include() /var/www/membership/membership.rewards/admin/index.php:509
[06-Jan-2014 10:41:40] PHP Notice:  Undefined index: aID in /var/www/membership/membership.rewards/admin/menu.php on line 38
[06-Jan-2014 10:41:40] PHP Stack trace:
[06-Jan-2014 10:41:40] PHP   1. {main}() /var/www/membership/membership.rewards/admin/index.php:0
[06-Jan-2014 10:41:40] PHP   2. include() /var/www/membership/membership.rewards/admin/index.php:509
[06-Jan-2014 10:41:40] MySQL Error "You have an error in your SQL syntax; check the manual that corresponds to your MySQL server version for the right syntax to use near '' at line 1" File: /var/www/membership/membership.rewards/rsframework/include/datalayer/MySQLDatabase.php LINE: 147
[06-Jan-2014 10:41:40] PHP Warning:  Invalid argument supplied for foreach() in /var/www/membership/membership.rewards/admin/menu.php on line 40
[06-Jan-2014 10:41:40] PHP Stack trace:
[06-Jan-2014 10:41:40] PHP   1. {main}() /var/www/membership/membership.rewards/admin/index.php:0
[06-Jan-2014 10:41:40] PHP   2. include() /var/www/membership/membership.rewards/admin/index.php:509
[06-Jan-2014 10:41:40] PHP Notice:  Undefined variable: username in /var/www/membership/membership.rewards/admin/menu.php on line 43
[06-Jan-2014 10:41:40] PHP Stack trace:
[06-Jan-2014 10:41:40] PHP   1. {main}() /var/www/membership/membership.rewards/admin/index.php:0
[06-Jan-2014 10:41:40] PHP   2. include() /var/www/membership/membership.rewards/admin/index.php:509
[06-Jan-2014 10:41:40] PHP Notice:  Undefined variable: usermenu in /var/www/membership/membership.rewards/admin/menu.php on line 51
[06-Jan-2014 10:41:40] PHP Stack trace:
[06-Jan-2014 10:41:40] PHP   1. {main}() /var/www/membership/membership.rewards/admin/index.php:0
[06-Jan-2014 10:41:40] PHP   2. include() /var/www/membership/membership.rewards/admin/index.php:509
[06-Jan-2014 10:41:40] PHP Warning:  Invalid argument supplied for foreach() in /var/www/membership/membership.rewards/admin/menu.php on line 51
[06-Jan-2014 10:41:40] PHP Stack trace:
[06-Jan-2014 10:41:40] PHP   1. {main}() /var/www/membership/membership.rewards/admin/index.php:0
[06-Jan-2014 10:41:40] PHP   2. include() /var/www/membership/membership.rewards/admin/index.php:509
[06-Jan-2014 10:48:47] PHP Warning:  session_destroy() [<a href='0function.session-destroy0'>function.session-destroy0</a>]: Trying to destroy uninitialized session in /var/www/membership/membership.rewards/admin/sessionmanager.php on line 83
[06-Jan-2014 10:48:47] PHP Stack trace:
[06-Jan-2014 10:48:47] PHP   1. {main}() /var/www/membership/membership.rewards/admin/manualptcreation.php:0
[06-Jan-2014 10:48:47] PHP   2. include() /var/www/membership/membership.rewards/admin/manualptcreation.php:213
[06-Jan-2014 10:48:47] PHP   3. include() /var/www/membership/membership.rewards/admin/menu.php:7
[06-Jan-2014 10:48:47] PHP   4. session_destroy() /var/www/membership/membership.rewards/admin/sessionmanager.php:83
[06-Jan-2014 10:48:47] PHP Warning:  Cannot modify header information - headers already sent by (output started at /var/www/membership/membership.rewards/admin/header.php:115) in /var/www/membership/membership.rewards/rsframework/include/core/URL.class.php on line 16
[06-Jan-2014 10:48:47] PHP Stack trace:
[06-Jan-2014 10:48:47] PHP   1. {main}() /var/www/membership/membership.rewards/admin/manualptcreation.php:0
[06-Jan-2014 10:48:47] PHP   2. include() /var/www/membership/membership.rewards/admin/manualptcreation.php:213
[06-Jan-2014 10:48:47] PHP   3. include() /var/www/membership/membership.rewards/admin/menu.php:7
[06-Jan-2014 10:48:47] PHP   4. URL::Redirect() /var/www/membership/membership.rewards/admin/sessionmanager.php:84
[06-Jan-2014 10:48:47] PHP   5. header() /var/www/membership/membership.rewards/rsframework/include/core/URL.class.php:16
[06-Jan-2014 10:48:47] PHP Notice:  Undefined variable: usermenu in /var/www/membership/membership.rewards/admin/menu.php on line 16
[06-Jan-2014 10:48:47] PHP Stack trace:
[06-Jan-2014 10:48:47] PHP   1. {main}() /var/www/membership/membership.rewards/admin/manualptcreation.php:0
[06-Jan-2014 10:48:47] PHP   2. include() /var/www/membership/membership.rewards/admin/manualptcreation.php:213
[06-Jan-2014 10:48:47] PHP Warning:  Invalid argument supplied for foreach() in /var/www/membership/membership.rewards/admin/menu.php on line 16
[06-Jan-2014 10:48:47] PHP Stack trace:
[06-Jan-2014 10:48:47] PHP   1. {main}() /var/www/membership/membership.rewards/admin/manualptcreation.php:0
[06-Jan-2014 10:48:47] PHP   2. include() /var/www/membership/membership.rewards/admin/manualptcreation.php:213
[06-Jan-2014 10:48:47] PHP Notice:  Undefined variable: usermenu in /var/www/membership/membership.rewards/admin/menu.php on line 51
[06-Jan-2014 10:48:47] PHP Stack trace:
[06-Jan-2014 10:48:47] PHP   1. {main}() /var/www/membership/membership.rewards/admin/manualptcreation.php:0
[06-Jan-2014 10:48:47] PHP   2. include() /var/www/membership/membership.rewards/admin/manualptcreation.php:213
[06-Jan-2014 10:48:47] PHP Warning:  Invalid argument supplied for foreach() in /var/www/membership/membership.rewards/admin/menu.php on line 51
[06-Jan-2014 10:48:47] PHP Stack trace:
[06-Jan-2014 10:48:47] PHP   1. {main}() /var/www/membership/membership.rewards/admin/manualptcreation.php:0
[06-Jan-2014 10:48:47] PHP   2. include() /var/www/membership/membership.rewards/admin/manualptcreation.php:213
[06-Jan-2014 10:59:39] PHP Warning:  Cannot modify header information - headers already sent by (output started at /var/www/membership/membership.rewards/admin/header.php:115) in /var/www/membership/membership.rewards/rsframework/include/core/URL.class.php on line 16
[06-Jan-2014 10:59:39] PHP Stack trace:
[06-Jan-2014 10:59:39] PHP   1. {main}() /var/www/membership/membership.rewards/admin/manualptcreation.php:0
[06-Jan-2014 10:59:39] PHP   2. include() /var/www/membership/membership.rewards/admin/manualptcreation.php:239
[06-Jan-2014 10:59:39] PHP   3. include() /var/www/membership/membership.rewards/admin/menu.php:7
[06-Jan-2014 10:59:39] PHP   4. URL::Redirect() /var/www/membership/membership.rewards/admin/sessionmanager.php:90
[06-Jan-2014 10:59:39] PHP   5. header() /var/www/membership/membership.rewards/rsframework/include/core/URL.class.php:16
[06-Jan-2014 10:59:39] PHP Notice:  Undefined variable: usermenu in /var/www/membership/membership.rewards/admin/menu.php on line 16
[06-Jan-2014 10:59:39] PHP Stack trace:
[06-Jan-2014 10:59:39] PHP   1. {main}() /var/www/membership/membership.rewards/admin/manualptcreation.php:0
[06-Jan-2014 10:59:39] PHP   2. include() /var/www/membership/membership.rewards/admin/manualptcreation.php:239
[06-Jan-2014 10:59:39] PHP Warning:  Invalid argument supplied for foreach() in /var/www/membership/membership.rewards/admin/menu.php on line 16
[06-Jan-2014 10:59:39] PHP Stack trace:
[06-Jan-2014 10:59:39] PHP   1. {main}() /var/www/membership/membership.rewards/admin/manualptcreation.php:0
[06-Jan-2014 10:59:39] PHP   2. include() /var/www/membership/membership.rewards/admin/manualptcreation.php:239
[06-Jan-2014 10:59:39] PHP Notice:  Undefined index: aID in /var/www/membership/membership.rewards/admin/menu.php on line 38
[06-Jan-2014 10:59:39] PHP Stack trace:
[06-Jan-2014 10:59:39] PHP   1. {main}() /var/www/membership/membership.rewards/admin/manualptcreation.php:0
[06-Jan-2014 10:59:39] PHP   2. include() /var/www/membership/membership.rewards/admin/manualptcreation.php:239
[06-Jan-2014 10:59:39] MySQL Error "You have an error in your SQL syntax; check the manual that corresponds to your MySQL server version for the right syntax to use near '' at line 1" File: /var/www/membership/membership.rewards/rsframework/include/datalayer/MySQLDatabase.php LINE: 147
[06-Jan-2014 10:59:39] PHP Warning:  Invalid argument supplied for foreach() in /var/www/membership/membership.rewards/admin/menu.php on line 40
[06-Jan-2014 10:59:39] PHP Stack trace:
[06-Jan-2014 10:59:39] PHP   1. {main}() /var/www/membership/membership.rewards/admin/manualptcreation.php:0
[06-Jan-2014 10:59:39] PHP   2. include() /var/www/membership/membership.rewards/admin/manualptcreation.php:239
[06-Jan-2014 10:59:39] PHP Notice:  Undefined variable: username in /var/www/membership/membership.rewards/admin/menu.php on line 43
[06-Jan-2014 10:59:39] PHP Stack trace:
[06-Jan-2014 10:59:39] PHP   1. {main}() /var/www/membership/membership.rewards/admin/manualptcreation.php:0
[06-Jan-2014 10:59:39] PHP   2. include() /var/www/membership/membership.rewards/admin/manualptcreation.php:239
[06-Jan-2014 10:59:39] PHP Notice:  Undefined variable: usermenu in /var/www/membership/membership.rewards/admin/menu.php on line 51
[06-Jan-2014 10:59:39] PHP Stack trace:
[06-Jan-2014 10:59:39] PHP   1. {main}() /var/www/membership/membership.rewards/admin/manualptcreation.php:0
[06-Jan-2014 10:59:39] PHP   2. include() /var/www/membership/membership.rewards/admin/manualptcreation.php:239
[06-Jan-2014 10:59:39] PHP Warning:  Invalid argument supplied for foreach() in /var/www/membership/membership.rewards/admin/menu.php on line 51
[06-Jan-2014 10:59:39] PHP Stack trace:
[06-Jan-2014 10:59:39] PHP   1. {main}() /var/www/membership/membership.rewards/admin/manualptcreation.php:0
[06-Jan-2014 10:59:39] PHP   2. include() /var/www/membership/membership.rewards/admin/manualptcreation.php:239
[06-Jan-2014 13:36:58] PHP Warning:  Cannot modify header information - headers already sent by (output started at /var/www/membership/membership.rewards/admin/header.php:115) in /var/www/membership/membership.rewards/rsframework/include/core/URL.class.php on line 16
[06-Jan-2014 13:36:58] PHP Stack trace:
[06-Jan-2014 13:36:58] PHP   1. {main}() /var/www/membership/membership.rewards/admin/manualptcreation.php:0
[06-Jan-2014 13:36:58] PHP   2. include() /var/www/membership/membership.rewards/admin/manualptcreation.php:242
[06-Jan-2014 13:36:58] PHP   3. include() /var/www/membership/membership.rewards/admin/menu.php:7
[06-Jan-2014 13:36:58] PHP   4. URL::Redirect() /var/www/membership/membership.rewards/admin/sessionmanager.php:90
[06-Jan-2014 13:36:58] PHP   5. header() /var/www/membership/membership.rewards/rsframework/include/core/URL.class.php:16
[06-Jan-2014 13:36:58] PHP Notice:  Undefined variable: usermenu in /var/www/membership/membership.rewards/admin/menu.php on line 16
[06-Jan-2014 13:36:58] PHP Stack trace:
[06-Jan-2014 13:36:58] PHP   1. {main}() /var/www/membership/membership.rewards/admin/manualptcreation.php:0
[06-Jan-2014 13:36:58] PHP   2. include() /var/www/membership/membership.rewards/admin/manualptcreation.php:242
[06-Jan-2014 13:36:58] PHP Warning:  Invalid argument supplied for foreach() in /var/www/membership/membership.rewards/admin/menu.php on line 16
[06-Jan-2014 13:36:58] PHP Stack trace:
[06-Jan-2014 13:36:58] PHP   1. {main}() /var/www/membership/membership.rewards/admin/manualptcreation.php:0
[06-Jan-2014 13:36:59] PHP   2. include() /var/www/membership/membership.rewards/admin/manualptcreation.php:242
[06-Jan-2014 13:36:59] PHP Notice:  Undefined index: aID in /var/www/membership/membership.rewards/admin/menu.php on line 38
[06-Jan-2014 13:36:59] PHP Stack trace:
[06-Jan-2014 13:36:59] PHP   1. {main}() /var/www/membership/membership.rewards/admin/manualptcreation.php:0
[06-Jan-2014 13:36:59] PHP   2. include() /var/www/membership/membership.rewards/admin/manualptcreation.php:242
[06-Jan-2014 13:36:59] MySQL Error "You have an error in your SQL syntax; check the manual that corresponds to your MySQL server version for the right syntax to use near '' at line 1" File: /var/www/membership/membership.rewards/rsframework/include/datalayer/MySQLDatabase.php LINE: 147
[06-Jan-2014 13:36:59] PHP Warning:  Invalid argument supplied for foreach() in /var/www/membership/membership.rewards/admin/menu.php on line 40
[06-Jan-2014 13:36:59] PHP Stack trace:
[06-Jan-2014 13:36:59] PHP   1. {main}() /var/www/membership/membership.rewards/admin/manualptcreation.php:0
[06-Jan-2014 13:36:59] PHP   2. include() /var/www/membership/membership.rewards/admin/manualptcreation.php:242
[06-Jan-2014 13:36:59] PHP Notice:  Undefined variable: username in /var/www/membership/membership.rewards/admin/menu.php on line 43
[06-Jan-2014 13:36:59] PHP Stack trace:
[06-Jan-2014 13:36:59] PHP   1. {main}() /var/www/membership/membership.rewards/admin/manualptcreation.php:0
[06-Jan-2014 13:36:59] PHP   2. include() /var/www/membership/membership.rewards/admin/manualptcreation.php:242
[06-Jan-2014 13:36:59] PHP Notice:  Undefined variable: usermenu in /var/www/membership/membership.rewards/admin/menu.php on line 51
[06-Jan-2014 13:36:59] PHP Stack trace:
[06-Jan-2014 13:36:59] PHP   1. {main}() /var/www/membership/membership.rewards/admin/manualptcreation.php:0
[06-Jan-2014 13:36:59] PHP   2. include() /var/www/membership/membership.rewards/admin/manualptcreation.php:242
[06-Jan-2014 13:36:59] PHP Warning:  Invalid argument supplied for foreach() in /var/www/membership/membership.rewards/admin/menu.php on line 51
[06-Jan-2014 13:36:59] PHP Stack trace:
[06-Jan-2014 13:36:59] PHP   1. {main}() /var/www/membership/membership.rewards/admin/manualptcreation.php:0
[06-Jan-2014 13:36:59] PHP   2. include() /var/www/membership/membership.rewards/admin/manualptcreation.php:242
[06-Jan-2014 18:02:44] Error "Card Not Found[002]: UB9D7B89" File: /var/www/membership/membership.rewards/API/cardinquiry.php LINE: 199
[06-Jan-2014 18:02:44] Error "Card Not Found[004]: UB9D7B89" File: /var/www/membership/membership.rewards/rsframework/include/Modules/Loyalty/classes/GetCardInfoAPI.class.php LINE: 602
