[23-Jan-2014 09:55:22] PHP Notice:  Undefined index: userinfo in /var/www/membership/membership.rewards/admin/playeractivatedeactivate.php on line 43
[23-Jan-2014 09:55:22] PHP Stack trace:
[23-Jan-2014 09:55:22] PHP   1. {main}() /var/www/membership/membership.rewards/admin/playeractivatedeactivate.php:0
[23-Jan-2014 09:55:22] PHP Warning:  Cannot modify header information - headers already sent by (output started at /var/www/membership/membership.rewards/admin/header.php:108) in /var/www/membership/membership.rewards/rsframework/include/core/URL.class.php on line 16
[23-Jan-2014 09:55:22] PHP Stack trace:
[23-Jan-2014 09:55:22] PHP   1. {main}() /var/www/membership/membership.rewards/admin/playeractivatedeactivate.php:0
[23-Jan-2014 09:55:22] PHP   2. include() /var/www/membership/membership.rewards/admin/playeractivatedeactivate.php:323
[23-Jan-2014 09:55:22] PHP   3. include() /var/www/membership/membership.rewards/admin/menu.php:7
[23-Jan-2014 09:55:22] PHP   4. URL::Redirect() /var/www/membership/membership.rewards/admin/sessionmanager.php:90
[23-Jan-2014 09:55:22] PHP   5. header() /var/www/membership/membership.rewards/rsframework/include/core/URL.class.php:16
[23-Jan-2014 09:55:22] PHP Notice:  Undefined variable: usermenu in /var/www/membership/membership.rewards/admin/menu.php on line 16
[23-Jan-2014 09:55:22] PHP Stack trace:
[23-Jan-2014 09:55:22] PHP   1. {main}() /var/www/membership/membership.rewards/admin/playeractivatedeactivate.php:0
[23-Jan-2014 09:55:22] PHP   2. include() /var/www/membership/membership.rewards/admin/playeractivatedeactivate.php:323
[23-Jan-2014 09:55:22] PHP Warning:  Invalid argument supplied for foreach() in /var/www/membership/membership.rewards/admin/menu.php on line 16
[23-Jan-2014 09:55:22] PHP Stack trace:
[23-Jan-2014 09:55:22] PHP   1. {main}() /var/www/membership/membership.rewards/admin/playeractivatedeactivate.php:0
[23-Jan-2014 09:55:22] PHP   2. include() /var/www/membership/membership.rewards/admin/playeractivatedeactivate.php:323
[23-Jan-2014 09:55:22] PHP Notice:  Undefined index: aID in /var/www/membership/membership.rewards/admin/menu.php on line 38
[23-Jan-2014 09:55:22] PHP Stack trace:
[23-Jan-2014 09:55:22] PHP   1. {main}() /var/www/membership/membership.rewards/admin/playeractivatedeactivate.php:0
[23-Jan-2014 09:55:22] PHP   2. include() /var/www/membership/membership.rewards/admin/playeractivatedeactivate.php:323
[23-Jan-2014 09:55:22] MySQL Error "You have an error in your SQL syntax; check the manual that corresponds to your MySQL server version for the right syntax to use near '' at line 1" File: /var/www/membership/membership.rewards/rsframework/include/datalayer/MySQLDatabase.php LINE: 147
[23-Jan-2014 09:55:22] PHP Warning:  Invalid argument supplied for foreach() in /var/www/membership/membership.rewards/admin/menu.php on line 40
[23-Jan-2014 09:55:22] PHP Stack trace:
[23-Jan-2014 09:55:22] PHP   1. {main}() /var/www/membership/membership.rewards/admin/playeractivatedeactivate.php:0
[23-Jan-2014 09:55:22] PHP   2. include() /var/www/membership/membership.rewards/admin/playeractivatedeactivate.php:323
[23-Jan-2014 09:55:22] PHP Notice:  Undefined variable: username in /var/www/membership/membership.rewards/admin/menu.php on line 43
[23-Jan-2014 09:55:22] PHP Stack trace:
[23-Jan-2014 09:55:22] PHP   1. {main}() /var/www/membership/membership.rewards/admin/playeractivatedeactivate.php:0
[23-Jan-2014 09:55:22] PHP   2. include() /var/www/membership/membership.rewards/admin/playeractivatedeactivate.php:323
[23-Jan-2014 09:55:22] PHP Notice:  Undefined variable: usermenu in /var/www/membership/membership.rewards/admin/menu.php on line 51
[23-Jan-2014 09:55:22] PHP Stack trace:
[23-Jan-2014 09:55:22] PHP   1. {main}() /var/www/membership/membership.rewards/admin/playeractivatedeactivate.php:0
[23-Jan-2014 09:55:22] PHP   2. include() /var/www/membership/membership.rewards/admin/playeractivatedeactivate.php:323
[23-Jan-2014 09:55:22] PHP Warning:  Invalid argument supplied for foreach() in /var/www/membership/membership.rewards/admin/menu.php on line 51
[23-Jan-2014 09:55:22] PHP Stack trace:
[23-Jan-2014 09:55:22] PHP   1. {main}() /var/www/membership/membership.rewards/admin/playeractivatedeactivate.php:0
[23-Jan-2014 09:55:22] PHP   2. include() /var/www/membership/membership.rewards/admin/playeractivatedeactivate.php:323
[23-Jan-2014 09:55:51] PHP Notice:  Undefined index: userinfo in /var/www/membership/membership.rewards/admin/playeractivatedeactivate.php on line 43
[23-Jan-2014 09:55:51] PHP Stack trace:
[23-Jan-2014 09:55:51] PHP   1. {main}() /var/www/membership/membership.rewards/admin/playeractivatedeactivate.php:0
[23-Jan-2014 09:55:51] PHP Warning:  Cannot modify header information - headers already sent by (output started at /var/www/membership/membership.rewards/admin/header.php:108) in /var/www/membership/membership.rewards/rsframework/include/core/URL.class.php on line 16
[23-Jan-2014 09:55:51] PHP Stack trace:
[23-Jan-2014 09:55:51] PHP   1. {main}() /var/www/membership/membership.rewards/admin/playeractivatedeactivate.php:0
[23-Jan-2014 09:55:51] PHP   2. include() /var/www/membership/membership.rewards/admin/playeractivatedeactivate.php:323
[23-Jan-2014 09:55:51] PHP   3. include() /var/www/membership/membership.rewards/admin/menu.php:7
[23-Jan-2014 09:55:51] PHP   4. URL::Redirect() /var/www/membership/membership.rewards/admin/sessionmanager.php:90
[23-Jan-2014 09:55:51] PHP   5. header() /var/www/membership/membership.rewards/rsframework/include/core/URL.class.php:16
[23-Jan-2014 09:55:51] PHP Notice:  Undefined variable: usermenu in /var/www/membership/membership.rewards/admin/menu.php on line 16
[23-Jan-2014 09:55:51] PHP Stack trace:
[23-Jan-2014 09:55:51] PHP   1. {main}() /var/www/membership/membership.rewards/admin/playeractivatedeactivate.php:0
[23-Jan-2014 09:55:51] PHP   2. include() /var/www/membership/membership.rewards/admin/playeractivatedeactivate.php:323
[23-Jan-2014 09:55:51] PHP Warning:  Invalid argument supplied for foreach() in /var/www/membership/membership.rewards/admin/menu.php on line 16
[23-Jan-2014 09:55:51] PHP Stack trace:
[23-Jan-2014 09:55:51] PHP   1. {main}() /var/www/membership/membership.rewards/admin/playeractivatedeactivate.php:0
[23-Jan-2014 09:55:51] PHP   2. include() /var/www/membership/membership.rewards/admin/playeractivatedeactivate.php:323
[23-Jan-2014 09:55:51] PHP Notice:  Undefined index: aID in /var/www/membership/membership.rewards/admin/menu.php on line 38
[23-Jan-2014 09:55:51] PHP Stack trace:
[23-Jan-2014 09:55:51] PHP   1. {main}() /var/www/membership/membership.rewards/admin/playeractivatedeactivate.php:0
[23-Jan-2014 09:55:51] PHP   2. include() /var/www/membership/membership.rewards/admin/playeractivatedeactivate.php:323
[23-Jan-2014 09:55:51] MySQL Error "You have an error in your SQL syntax; check the manual that corresponds to your MySQL server version for the right syntax to use near '' at line 1" File: /var/www/membership/membership.rewards/rsframework/include/datalayer/MySQLDatabase.php LINE: 147
[23-Jan-2014 09:55:51] PHP Warning:  Invalid argument supplied for foreach() in /var/www/membership/membership.rewards/admin/menu.php on line 40
[23-Jan-2014 09:55:51] PHP Stack trace:
[23-Jan-2014 09:55:51] PHP   1. {main}() /var/www/membership/membership.rewards/admin/playeractivatedeactivate.php:0
[23-Jan-2014 09:55:51] PHP   2. include() /var/www/membership/membership.rewards/admin/playeractivatedeactivate.php:323
[23-Jan-2014 09:55:51] PHP Notice:  Undefined variable: username in /var/www/membership/membership.rewards/admin/menu.php on line 43
[23-Jan-2014 09:55:51] PHP Stack trace:
[23-Jan-2014 09:55:51] PHP   1. {main}() /var/www/membership/membership.rewards/admin/playeractivatedeactivate.php:0
[23-Jan-2014 09:55:51] PHP   2. include() /var/www/membership/membership.rewards/admin/playeractivatedeactivate.php:323
[23-Jan-2014 09:55:51] PHP Notice:  Undefined variable: usermenu in /var/www/membership/membership.rewards/admin/menu.php on line 51
[23-Jan-2014 09:55:51] PHP Stack trace:
[23-Jan-2014 09:55:51] PHP   1. {main}() /var/www/membership/membership.rewards/admin/playeractivatedeactivate.php:0
[23-Jan-2014 09:55:51] PHP   2. include() /var/www/membership/membership.rewards/admin/playeractivatedeactivate.php:323
[23-Jan-2014 09:55:51] PHP Warning:  Invalid argument supplied for foreach() in /var/www/membership/membership.rewards/admin/menu.php on line 51
[23-Jan-2014 09:55:51] PHP Stack trace:
[23-Jan-2014 09:55:51] PHP   1. {main}() /var/www/membership/membership.rewards/admin/playeractivatedeactivate.php:0
[23-Jan-2014 09:55:51] PHP   2. include() /var/www/membership/membership.rewards/admin/playeractivatedeactivate.php:323
[23-Jan-2014 13:55:30] PHP Notice:  Undefined variable: cardInfo in /var/www/membership/membership.rewards/admin/Helper/helper.playerstatus.php on line 329
[23-Jan-2014 13:55:30] PHP Stack trace:
[23-Jan-2014 13:55:30] PHP   1. {main}() /var/www/membership/membership.rewards/admin/Helper/helper.playerstatus.php:0
