[13-Mar-2014 11:35:33] PHP Notice:  Undefined index: userinfo in /var/www/membership/membership.rewards/admin/index.php on line 58
[13-Mar-2014 11:35:33] PHP Warning:  Cannot modify header information - headers already sent by (output started at /var/www/membership/membership.rewards/admin/header.php:115) in /var/www/membership/membership.rewards/rsframework/include/core/URL.class.php on line 16
[13-Mar-2014 11:35:33] PHP Notice:  Undefined variable: usermenu in /var/www/membership/membership.rewards/admin/menu.php on line 16
[13-Mar-2014 11:35:33] PHP Warning:  Invalid argument supplied for foreach() in /var/www/membership/membership.rewards/admin/menu.php on line 16
[13-Mar-2014 11:35:33] PHP Notice:  Undefined index: aID in /var/www/membership/membership.rewards/admin/menu.php on line 38
[13-Mar-2014 11:35:33] MySQL Error "You have an error in your SQL syntax; check the manual that corresponds to your MySQL server version for the right syntax to use near '' at line 1" File: /var/www/membership/membership.rewards/rsframework/include/datalayer/MySQLDatabase.php LINE: 147
[13-Mar-2014 11:35:33] PHP Warning:  Invalid argument supplied for foreach() in /var/www/membership/membership.rewards/admin/menu.php on line 40
[13-Mar-2014 11:35:33] PHP Notice:  Undefined variable: username in /var/www/membership/membership.rewards/admin/menu.php on line 43
[13-Mar-2014 11:35:33] PHP Notice:  Undefined variable: usermenu in /var/www/membership/membership.rewards/admin/menu.php on line 51
[13-Mar-2014 11:35:33] PHP Warning:  Invalid argument supplied for foreach() in /var/www/membership/membership.rewards/admin/menu.php on line 51
[13-Mar-2014 14:47:57] PHP Notice:  Undefined offset: 18 in /var/www/membership/membership.rewards/rsframework/include/Modules/CasinoProvider/classes/CasinoAPI.class.php on line 65
[13-Mar-2014 14:47:57] PHP Fatal error:  Call to undefined method RealtimeGamingWCFPlayerAPI::GetPIDFromLogin() in /var/www/membership/membership.rewards/rsframework/include/Modules/CasinoProvider/classes/RealtimeGamingUBAPIWrapper.class.php on line 407
[13-Mar-2014 14:48:14] PHP Notice:  Undefined offset: 18 in /var/www/membership/membership.rewards/rsframework/include/Modules/CasinoProvider/classes/CasinoAPI.class.php on line 65
[13-Mar-2014 14:48:14] PHP Fatal error:  Call to undefined method RealtimeGamingWCFPlayerAPI::GetPIDFromLogin() in /var/www/membership/membership.rewards/rsframework/include/Modules/CasinoProvider/classes/RealtimeGamingUBAPIWrapper.class.php on line 407
[13-Mar-2014 14:50:54] PHP Notice:  Undefined offset: 18 in /var/www/membership/membership.rewards/rsframework/include/Modules/CasinoProvider/classes/CasinoAPI.class.php on line 65
[13-Mar-2014 14:50:54] PHP Fatal error:  Call to undefined method RealtimeGamingWCFPlayerAPI::GetPIDFromLogin() in /var/www/membership/membership.rewards/rsframework/include/Modules/CasinoProvider/classes/RealtimeGamingUBAPIWrapper.class.php on line 407
[13-Mar-2014 15:01:29] PHP Fatal error:  Call to undefined method RealtimeGamingWCFPlayerAPI::GetPIDFromLogin() in /var/www/membership/membership.rewards/rsframework/include/Modules/CasinoProvider/classes/RealtimeGamingUBAPIWrapper.class.php on line 407
[13-Mar-2014 15:10:10] PHP Fatal error:  Call to undefined method RealtimeGamingWCFPlayerAPI::GetPIDFromLogin() in /var/www/membership/membership.rewards/rsframework/include/Modules/CasinoProvider/classes/RealtimeGamingUBAPIWrapper.class.php on line 407
[13-Mar-2014 15:12:03] PHP Fatal error:  Call to undefined method RealtimeGamingWCFPlayerAPI::GetPIDFromLogin() in /var/www/membership/membership.rewards/rsframework/include/Modules/CasinoProvider/classes/RealtimeGamingUBAPIWrapper.class.php on line 407
[13-Mar-2014 15:14:04] PHP Fatal error:  Class 'RealtimeGamingAPIWrapper' not found in /var/www/membership/membership.rewards/rsframework/include/Modules/CasinoProvider/classes/CasinoAPIHandler.class.php on line 58
[13-Mar-2014 15:14:38] PHP Fatal error:  Class 'RealtimeGamingCashierAPI' not found in /var/www/membership/membership.rewards/rsframework/include/Modules/CasinoProvider/classes/RealtimeGamingAPIWrapper.class.php on line 33
[13-Mar-2014 15:15:12] PHP Warning:  mysql_connect() [<a href='0function.mysql-connect0'>function.mysql-connect0</a>]: Lost connection to MySQL server at 'reading initial communication packet', system error: 113 in /var/www/membership/membership.rewards/rsframework/include/datalayer/MySQLDatabase.php on line 55
[13-Mar-2014 15:15:12] MySQL Error "Lost connection to MySQL server at 'reading initial communication packet', system error: 113" File: /var/www/membership/membership.rewards/rsframework/include/datalayer/MySQLDatabase.php LINE: 58
[13-Mar-2014 15:15:23] PHP Fatal error:  Call to undefined method RealtimeGamingAPIWrapper::GetAccountInfoByLogin() in /var/www/membership/membership.rewards/rsframework/include/Modules/CasinoProvider/classes/CasinoAPIHandler.class.php on line 150
[13-Mar-2014 15:44:43] PHP Warning:  Cannot modify header information - headers already sent by (output started at /var/www/membership/membership.rewards/admin/header.php:115) in /var/www/membership/membership.rewards/rsframework/include/core/URL.class.php on line 16
[13-Mar-2014 15:44:43] PHP Notice:  Undefined variable: usermenu in /var/www/membership/membership.rewards/admin/menu.php on line 16
[13-Mar-2014 15:44:43] PHP Warning:  Invalid argument supplied for foreach() in /var/www/membership/membership.rewards/admin/menu.php on line 16
[13-Mar-2014 15:44:43] PHP Notice:  Undefined index: aID in /var/www/membership/membership.rewards/admin/menu.php on line 38
[13-Mar-2014 15:44:43] MySQL Error "You have an error in your SQL syntax; check the manual that corresponds to your MySQL server version for the right syntax to use near '' at line 1" File: /var/www/membership/membership.rewards/rsframework/include/datalayer/MySQLDatabase.php LINE: 147
[13-Mar-2014 15:44:43] PHP Warning:  Invalid argument supplied for foreach() in /var/www/membership/membership.rewards/admin/menu.php on line 40
[13-Mar-2014 15:44:43] PHP Notice:  Undefined variable: username in /var/www/membership/membership.rewards/admin/menu.php on line 43
[13-Mar-2014 15:44:43] PHP Notice:  Undefined variable: usermenu in /var/www/membership/membership.rewards/admin/menu.php on line 51
[13-Mar-2014 15:44:43] PHP Warning:  Invalid argument supplied for foreach() in /var/www/membership/membership.rewards/admin/menu.php on line 51
[13-Mar-2014 15:46:22] PHP Notice:  Undefined index: UserExists in /var/www/membership/membership.rewards/admin/Helper/helper.ubplayerchangepassword.php on line 119
[13-Mar-2014 15:57:16] PHP Warning:  session_destroy() [<a href='0function.session-destroy0'>function.session-destroy0</a>]: Trying to destroy uninitialized session in /var/www/membership/membership.rewards/admin/sessionmanager.php on line 83
[13-Mar-2014 15:57:16] PHP Warning:  Cannot modify header information - headers already sent by (output started at /var/www/membership/membership.rewards/admin/header.php:115) in /var/www/membership/membership.rewards/rsframework/include/core/URL.class.php on line 16
[13-Mar-2014 15:57:16] PHP Notice:  Undefined variable: usermenu in /var/www/membership/membership.rewards/admin/menu.php on line 16
[13-Mar-2014 15:57:16] PHP Warning:  Invalid argument supplied for foreach() in /var/www/membership/membership.rewards/admin/menu.php on line 16
[13-Mar-2014 15:57:16] PHP Notice:  Undefined variable: usermenu in /var/www/membership/membership.rewards/admin/menu.php on line 51
[13-Mar-2014 15:57:16] PHP Warning:  Invalid argument supplied for foreach() in /var/www/membership/membership.rewards/admin/menu.php on line 51
[13-Mar-2014 15:57:39] PHP Fatal error:  Using $this when not in object context in /var/www/membership/membership.rewards/admin/Helper/helper.ubplayerchangepassword.php on line 129
[13-Mar-2014 16:00:29] MySQL Error "Cannot add or update a child row: a foreign key constraint fails (`membership`.`audittrail`, CONSTRAINT `FK_ref_auditfunctions_AuditFunctionID` FOREIGN KEY (`AuditFunctionID`) REFERENCES `ref_auditfunctions` (`AuditFunctionID`))" File: /var/www/membership/membership.rewards/rsframework/include/datalayer/MySQLDatabase.php LINE: 113
[13-Mar-2014 16:18:19] PHP Warning:  Cannot modify header information - headers already sent by (output started at /var/www/membership/membership.rewards/admin/header.php:115) in /var/www/membership/membership.rewards/rsframework/include/core/URL.class.php on line 16
[13-Mar-2014 16:18:19] PHP Notice:  Undefined variable: usermenu in /var/www/membership/membership.rewards/admin/menu.php on line 16
[13-Mar-2014 16:18:19] PHP Warning:  Invalid argument supplied for foreach() in /var/www/membership/membership.rewards/admin/menu.php on line 16
[13-Mar-2014 16:18:19] PHP Notice:  Undefined index: aID in /var/www/membership/membership.rewards/admin/menu.php on line 38
[13-Mar-2014 16:18:19] MySQL Error "You have an error in your SQL syntax; check the manual that corresponds to your MySQL server version for the right syntax to use near '' at line 1" File: /var/www/membership/membership.rewards/rsframework/include/datalayer/MySQLDatabase.php LINE: 147
[13-Mar-2014 16:18:19] PHP Warning:  Invalid argument supplied for foreach() in /var/www/membership/membership.rewards/admin/menu.php on line 40
[13-Mar-2014 16:18:19] PHP Notice:  Undefined variable: username in /var/www/membership/membership.rewards/admin/menu.php on line 43
[13-Mar-2014 16:18:19] PHP Notice:  Undefined variable: usermenu in /var/www/membership/membership.rewards/admin/menu.php on line 51
[13-Mar-2014 16:18:19] PHP Warning:  Invalid argument supplied for foreach() in /var/www/membership/membership.rewards/admin/menu.php on line 51
[13-Mar-2014 16:18:31] MySQL Error "Cannot add or update a child row: a foreign key constraint fails (`membership`.`audittrail`, CONSTRAINT `FK_ref_auditfunctions_AuditFunctionID` FOREIGN KEY (`AuditFunctionID`) REFERENCES `ref_auditfunctions` (`AuditFunctionID`))" File: /var/www/membership/membership.rewards/rsframework/include/datalayer/MySQLDatabase.php LINE: 113
[13-Mar-2014 16:26:49] PHP Warning:  Cannot modify header information - headers already sent by (output started at /var/www/membership/membership.rewards/admin/header.php:115) in /var/www/membership/membership.rewards/rsframework/include/core/URL.class.php on line 16
[13-Mar-2014 16:26:49] PHP Notice:  Undefined variable: usermenu in /var/www/membership/membership.rewards/admin/menu.php on line 16
[13-Mar-2014 16:26:49] PHP Warning:  Invalid argument supplied for foreach() in /var/www/membership/membership.rewards/admin/menu.php on line 16
[13-Mar-2014 16:26:49] PHP Notice:  Undefined index: aID in /var/www/membership/membership.rewards/admin/menu.php on line 38
[13-Mar-2014 16:26:49] MySQL Error "You have an error in your SQL syntax; check the manual that corresponds to your MySQL server version for the right syntax to use near '' at line 1" File: /var/www/membership/membership.rewards/rsframework/include/datalayer/MySQLDatabase.php LINE: 147
[13-Mar-2014 16:26:49] PHP Warning:  Invalid argument supplied for foreach() in /var/www/membership/membership.rewards/admin/menu.php on line 40
[13-Mar-2014 16:26:49] PHP Notice:  Undefined variable: username in /var/www/membership/membership.rewards/admin/menu.php on line 43
[13-Mar-2014 16:26:49] PHP Notice:  Undefined variable: usermenu in /var/www/membership/membership.rewards/admin/menu.php on line 51
[13-Mar-2014 16:26:49] PHP Warning:  Invalid argument supplied for foreach() in /var/www/membership/membership.rewards/admin/menu.php on line 51
[13-Mar-2014 16:30:37] MySQL Error "Cannot add or update a child row: a foreign key constraint fails (`membership`.`audittrail`, CONSTRAINT `FK_ref_auditfunctions_AuditFunctionID` FOREIGN KEY (`AuditFunctionID`) REFERENCES `ref_auditfunctions` (`AuditFunctionID`))" File: /var/www/membership/membership.rewards/rsframework/include/datalayer/MySQLDatabase.php LINE: 113
