[04-Feb-2014 11:26:51] PHP Warning:  Invalid argument supplied for foreach() in /var/www/membership/membership.rewards/admin/Helper/helper.manualptcreation.php on line 186
[04-Feb-2014 11:26:51] PHP Stack trace:
[04-Feb-2014 11:26:51] PHP   1. {main}() /var/www/membership/membership.rewards/admin/Helper/helper.manualptcreation.php:0
[04-Feb-2014 11:26:51] PHP Notice:  Undefined variable: servpassword in /var/www/membership/membership.rewards/admin/Helper/helper.manualptcreation.php on line 191
[04-Feb-2014 11:26:51] PHP Stack trace:
[04-Feb-2014 11:26:51] PHP   1. {main}() /var/www/membership/membership.rewards/admin/Helper/helper.manualptcreation.php:0
[04-Feb-2014 11:26:51] PHP Notice:  Undefined variable: servpassword in /var/www/membership/membership.rewards/admin/Helper/helper.manualptcreation.php on line 194
[04-Feb-2014 11:26:51] PHP Stack trace:
[04-Feb-2014 11:26:51] PHP   1. {main}() /var/www/membership/membership.rewards/admin/Helper/helper.manualptcreation.php:0
[04-Feb-2014 11:26:51] PHP Notice:  Undefined variable: apisuccess in /var/www/membership/membership.rewards/admin/Helper/helper.manualptcreation.php on line 203
[04-Feb-2014 11:26:51] PHP Stack trace:
[04-Feb-2014 11:26:51] PHP   1. {main}() /var/www/membership/membership.rewards/admin/Helper/helper.manualptcreation.php:0
[04-Feb-2014 14:24:00] Error "Card Number is blank" File: /var/www/membership/membership.rewards/API/cardinquiry.php LINE: 70
[04-Feb-2014 14:50:52] PHP Notice:  Undefined offset: 0 in /var/www/membership/membership.rewards/rsframework/include/Modules/Loyalty/classes/GetCardInfoAPI.class.php on line 86
[04-Feb-2014 14:50:52] PHP Stack trace:
[04-Feb-2014 14:50:52] PHP   1. {main}() /var/www/membership/membership.rewards/API/cardinquiry.php:0
[04-Feb-2014 14:50:52] PHP   2. GetCardInfoAPI->GetCardInfo() /var/www/membership/membership.rewards/API/cardinquiry.php:210
[04-Feb-2014 14:50:53] MySQL Error "SQLSTATE[42000]: Syntax error or access violation: 1064 You have an error in your SQL syntax; check the manual that corresponds to your MySQL server version for the right syntax to use near '' at line 6" File: /var/www/membership/membership.rewards/rsframework/include/core/BaseEntity.class.php LINE: 352
[04-Feb-2014 14:50:53] PHP Notice:  Undefined offset: 0 in /var/www/membership/membership.rewards/rsframework/include/Modules/Loyalty/classes/GetCardInfoAPI.class.php on line 87
[04-Feb-2014 14:50:53] PHP Stack trace:
[04-Feb-2014 14:50:53] PHP   1. {main}() /var/www/membership/membership.rewards/API/cardinquiry.php:0
[04-Feb-2014 14:50:53] PHP   2. GetCardInfoAPI->GetCardInfo() /var/www/membership/membership.rewards/API/cardinquiry.php:210
[04-Feb-2014 14:50:53] PHP Warning:  array_merge() [<a href='0function.array-merge0'>function.array-merge0</a>]: Argument #1 is not an array in /var/www/membership/membership.rewards/rsframework/include/Modules/Loyalty/classes/GetCardInfoAPI.class.php on line 87
[04-Feb-2014 14:50:53] PHP Stack trace:
[04-Feb-2014 14:50:53] PHP   1. {main}() /var/www/membership/membership.rewards/API/cardinquiry.php:0
[04-Feb-2014 14:50:53] PHP   2. GetCardInfoAPI->GetCardInfo() /var/www/membership/membership.rewards/API/cardinquiry.php:210
[04-Feb-2014 14:50:53] PHP   3. array_merge() /var/www/membership/membership.rewards/rsframework/include/Modules/Loyalty/classes/GetCardInfoAPI.class.php:87
[04-Feb-2014 14:50:53] PHP Notice:  Undefined offset: 0 in /var/www/membership/membership.rewards/rsframework/include/Modules/Loyalty/classes/GetCardInfoAPI.class.php on line 89
[04-Feb-2014 14:50:53] PHP Stack trace:
[04-Feb-2014 14:50:53] PHP   1. {main}() /var/www/membership/membership.rewards/API/cardinquiry.php:0
[04-Feb-2014 14:50:53] PHP   2. GetCardInfoAPI->GetCardInfo() /var/www/membership/membership.rewards/API/cardinquiry.php:210
[04-Feb-2014 14:50:53] MySQL Error "SQLSTATE[42000]: Syntax error or access violation: 1064 You have an error in your SQL syntax; check the manual that corresponds to your MySQL server version for the right syntax to use near '' at line 10" File: /var/www/membership/membership.rewards/rsframework/include/core/BaseEntity.class.php LINE: 352
[04-Feb-2014 14:50:53] PHP Notice:  Undefined offset: 0 in /var/www/membership/membership.rewards/rsframework/include/Modules/Loyalty/classes/GetCardInfoAPI.class.php on line 110
[04-Feb-2014 14:50:53] PHP Stack trace:
[04-Feb-2014 14:50:53] PHP   1. {main}() /var/www/membership/membership.rewards/API/cardinquiry.php:0
[04-Feb-2014 14:50:53] PHP   2. GetCardInfoAPI->GetCardInfo() /var/www/membership/membership.rewards/API/cardinquiry.php:210
[04-Feb-2014 14:50:53] PHP Warning:  Cannot modify header information - headers already sent by (output started at /var/www/membership/membership.rewards/rsframework/include/Modules/Loyalty/classes/GetCardInfoAPI.class.php:87) in /var/www/membership/membership.rewards/rsframework/include/core/JSONAPIResponse.class.php on line 21
[04-Feb-2014 14:50:53] PHP Stack trace:
[04-Feb-2014 14:50:53] PHP   1. {main}() /var/www/membership/membership.rewards/API/cardinquiry.php:0
[04-Feb-2014 14:50:53] PHP   2. JSONAPIResponse->_sendResponse() /var/www/membership/membership.rewards/API/cardinquiry.php:211
[04-Feb-2014 14:50:53] PHP   3. header() /var/www/membership/membership.rewards/rsframework/include/core/JSONAPIResponse.class.php:21
[04-Feb-2014 14:50:53] PHP Warning:  Cannot modify header information - headers already sent by (output started at /var/www/membership/membership.rewards/rsframework/include/Modules/Loyalty/classes/GetCardInfoAPI.class.php:87) in /var/www/membership/membership.rewards/rsframework/include/core/JSONAPIResponse.class.php on line 23
[04-Feb-2014 14:50:53] PHP Stack trace:
[04-Feb-2014 14:50:53] PHP   1. {main}() /var/www/membership/membership.rewards/API/cardinquiry.php:0
[04-Feb-2014 14:50:53] PHP   2. JSONAPIResponse->_sendResponse() /var/www/membership/membership.rewards/API/cardinquiry.php:211
[04-Feb-2014 14:50:53] PHP   3. header() /var/www/membership/membership.rewards/rsframework/include/core/JSONAPIResponse.class.php:23
[04-Feb-2014 14:51:16] PHP Notice:  Undefined offset: 0 in /var/www/membership/membership.rewards/rsframework/include/Modules/Loyalty/classes/GetCardInfoAPI.class.php on line 86
[04-Feb-2014 14:51:16] PHP Stack trace:
[04-Feb-2014 14:51:16] PHP   1. {main}() /var/www/membership/membership.rewards/API/cardinquiry.php:0
[04-Feb-2014 14:51:16] PHP   2. GetCardInfoAPI->GetCardInfo() /var/www/membership/membership.rewards/API/cardinquiry.php:210
[04-Feb-2014 14:51:16] MySQL Error "SQLSTATE[42000]: Syntax error or access violation: 1064 You have an error in your SQL syntax; check the manual that corresponds to your MySQL server version for the right syntax to use near '' at line 6" File: /var/www/membership/membership.rewards/rsframework/include/core/BaseEntity.class.php LINE: 352
[04-Feb-2014 14:51:16] PHP Notice:  Undefined offset: 0 in /var/www/membership/membership.rewards/rsframework/include/Modules/Loyalty/classes/GetCardInfoAPI.class.php on line 87
[04-Feb-2014 14:51:16] PHP Stack trace:
[04-Feb-2014 14:51:16] PHP   1. {main}() /var/www/membership/membership.rewards/API/cardinquiry.php:0
[04-Feb-2014 14:51:16] PHP   2. GetCardInfoAPI->GetCardInfo() /var/www/membership/membership.rewards/API/cardinquiry.php:210
[04-Feb-2014 14:51:16] PHP Warning:  array_merge() [<a href='0function.array-merge0'>function.array-merge0</a>]: Argument #1 is not an array in /var/www/membership/membership.rewards/rsframework/include/Modules/Loyalty/classes/GetCardInfoAPI.class.php on line 87
[04-Feb-2014 14:51:16] PHP Stack trace:
[04-Feb-2014 14:51:16] PHP   1. {main}() /var/www/membership/membership.rewards/API/cardinquiry.php:0
[04-Feb-2014 14:51:16] PHP   2. GetCardInfoAPI->GetCardInfo() /var/www/membership/membership.rewards/API/cardinquiry.php:210
[04-Feb-2014 14:51:16] PHP   3. array_merge() /var/www/membership/membership.rewards/rsframework/include/Modules/Loyalty/classes/GetCardInfoAPI.class.php:87
[04-Feb-2014 14:51:16] PHP Notice:  Undefined offset: 0 in /var/www/membership/membership.rewards/rsframework/include/Modules/Loyalty/classes/GetCardInfoAPI.class.php on line 89
[04-Feb-2014 14:51:16] PHP Stack trace:
[04-Feb-2014 14:51:16] PHP   1. {main}() /var/www/membership/membership.rewards/API/cardinquiry.php:0
[04-Feb-2014 14:51:16] PHP   2. GetCardInfoAPI->GetCardInfo() /var/www/membership/membership.rewards/API/cardinquiry.php:210
[04-Feb-2014 14:51:16] MySQL Error "SQLSTATE[42000]: Syntax error or access violation: 1064 You have an error in your SQL syntax; check the manual that corresponds to your MySQL server version for the right syntax to use near '' at line 10" File: /var/www/membership/membership.rewards/rsframework/include/core/BaseEntity.class.php LINE: 352
[04-Feb-2014 14:51:16] PHP Notice:  Undefined offset: 0 in /var/www/membership/membership.rewards/rsframework/include/Modules/Loyalty/classes/GetCardInfoAPI.class.php on line 110
[04-Feb-2014 14:51:16] PHP Stack trace:
[04-Feb-2014 14:51:16] PHP   1. {main}() /var/www/membership/membership.rewards/API/cardinquiry.php:0
[04-Feb-2014 14:51:16] PHP   2. GetCardInfoAPI->GetCardInfo() /var/www/membership/membership.rewards/API/cardinquiry.php:210
[04-Feb-2014 14:51:16] PHP Warning:  Cannot modify header information - headers already sent by (output started at /var/www/membership/membership.rewards/rsframework/include/Modules/Loyalty/classes/GetCardInfoAPI.class.php:87) in /var/www/membership/membership.rewards/rsframework/include/core/JSONAPIResponse.class.php on line 21
[04-Feb-2014 14:51:16] PHP Stack trace:
[04-Feb-2014 14:51:16] PHP   1. {main}() /var/www/membership/membership.rewards/API/cardinquiry.php:0
[04-Feb-2014 14:51:16] PHP   2. JSONAPIResponse->_sendResponse() /var/www/membership/membership.rewards/API/cardinquiry.php:211
[04-Feb-2014 14:51:16] PHP   3. header() /var/www/membership/membership.rewards/rsframework/include/core/JSONAPIResponse.class.php:21
[04-Feb-2014 14:51:16] PHP Warning:  Cannot modify header information - headers already sent by (output started at /var/www/membership/membership.rewards/rsframework/include/Modules/Loyalty/classes/GetCardInfoAPI.class.php:87) in /var/www/membership/membership.rewards/rsframework/include/core/JSONAPIResponse.class.php on line 23
[04-Feb-2014 14:51:16] PHP Stack trace:
[04-Feb-2014 14:51:16] PHP   1. {main}() /var/www/membership/membership.rewards/API/cardinquiry.php:0
[04-Feb-2014 14:51:16] PHP   2. JSONAPIResponse->_sendResponse() /var/www/membership/membership.rewards/API/cardinquiry.php:211
[04-Feb-2014 14:51:16] PHP   3. header() /var/www/membership/membership.rewards/rsframework/include/core/JSONAPIResponse.class.php:23
[04-Feb-2014 14:51:20] PHP Notice:  Undefined offset: 0 in /var/www/membership/membership.rewards/rsframework/include/Modules/Loyalty/classes/GetCardInfoAPI.class.php on line 86
[04-Feb-2014 14:51:20] PHP Stack trace:
[04-Feb-2014 14:51:20] PHP   1. {main}() /var/www/membership/membership.rewards/API/cardinquiry.php:0
[04-Feb-2014 14:51:20] PHP   2. GetCardInfoAPI->GetCardInfo() /var/www/membership/membership.rewards/API/cardinquiry.php:210
[04-Feb-2014 14:51:20] MySQL Error "SQLSTATE[42000]: Syntax error or access violation: 1064 You have an error in your SQL syntax; check the manual that corresponds to your MySQL server version for the right syntax to use near '' at line 6" File: /var/www/membership/membership.rewards/rsframework/include/core/BaseEntity.class.php LINE: 352
[04-Feb-2014 14:51:20] PHP Notice:  Undefined offset: 0 in /var/www/membership/membership.rewards/rsframework/include/Modules/Loyalty/classes/GetCardInfoAPI.class.php on line 87
[04-Feb-2014 14:51:20] PHP Stack trace:
[04-Feb-2014 14:51:20] PHP   1. {main}() /var/www/membership/membership.rewards/API/cardinquiry.php:0
[04-Feb-2014 14:51:20] PHP   2. GetCardInfoAPI->GetCardInfo() /var/www/membership/membership.rewards/API/cardinquiry.php:210
[04-Feb-2014 14:51:20] PHP Warning:  array_merge() [<a href='0function.array-merge0'>function.array-merge0</a>]: Argument #1 is not an array in /var/www/membership/membership.rewards/rsframework/include/Modules/Loyalty/classes/GetCardInfoAPI.class.php on line 87
[04-Feb-2014 14:51:20] PHP Stack trace:
[04-Feb-2014 14:51:20] PHP   1. {main}() /var/www/membership/membership.rewards/API/cardinquiry.php:0
[04-Feb-2014 14:51:20] PHP   2. GetCardInfoAPI->GetCardInfo() /var/www/membership/membership.rewards/API/cardinquiry.php:210
[04-Feb-2014 14:51:20] PHP   3. array_merge() /var/www/membership/membership.rewards/rsframework/include/Modules/Loyalty/classes/GetCardInfoAPI.class.php:87
[04-Feb-2014 14:51:20] PHP Notice:  Undefined offset: 0 in /var/www/membership/membership.rewards/rsframework/include/Modules/Loyalty/classes/GetCardInfoAPI.class.php on line 89
[04-Feb-2014 14:51:20] PHP Stack trace:
[04-Feb-2014 14:51:20] PHP   1. {main}() /var/www/membership/membership.rewards/API/cardinquiry.php:0
[04-Feb-2014 14:51:20] PHP   2. GetCardInfoAPI->GetCardInfo() /var/www/membership/membership.rewards/API/cardinquiry.php:210
[04-Feb-2014 14:51:20] MySQL Error "SQLSTATE[42000]: Syntax error or access violation: 1064 You have an error in your SQL syntax; check the manual that corresponds to your MySQL server version for the right syntax to use near '' at line 10" File: /var/www/membership/membership.rewards/rsframework/include/core/BaseEntity.class.php LINE: 352
[04-Feb-2014 14:51:20] PHP Notice:  Undefined offset: 0 in /var/www/membership/membership.rewards/rsframework/include/Modules/Loyalty/classes/GetCardInfoAPI.class.php on line 110
[04-Feb-2014 14:51:20] PHP Stack trace:
[04-Feb-2014 14:51:20] PHP   1. {main}() /var/www/membership/membership.rewards/API/cardinquiry.php:0
[04-Feb-2014 14:51:20] PHP   2. GetCardInfoAPI->GetCardInfo() /var/www/membership/membership.rewards/API/cardinquiry.php:210
[04-Feb-2014 14:51:20] PHP Warning:  Cannot modify header information - headers already sent by (output started at /var/www/membership/membership.rewards/rsframework/include/Modules/Loyalty/classes/GetCardInfoAPI.class.php:87) in /var/www/membership/membership.rewards/rsframework/include/core/JSONAPIResponse.class.php on line 21
[04-Feb-2014 14:51:20] PHP Stack trace:
[04-Feb-2014 14:51:20] PHP   1. {main}() /var/www/membership/membership.rewards/API/cardinquiry.php:0
[04-Feb-2014 14:51:20] PHP   2. JSONAPIResponse->_sendResponse() /var/www/membership/membership.rewards/API/cardinquiry.php:211
[04-Feb-2014 14:51:20] PHP   3. header() /var/www/membership/membership.rewards/rsframework/include/core/JSONAPIResponse.class.php:21
[04-Feb-2014 14:51:20] PHP Warning:  Cannot modify header information - headers already sent by (output started at /var/www/membership/membership.rewards/rsframework/include/Modules/Loyalty/classes/GetCardInfoAPI.class.php:87) in /var/www/membership/membership.rewards/rsframework/include/core/JSONAPIResponse.class.php on line 23
[04-Feb-2014 14:51:20] PHP Stack trace:
[04-Feb-2014 14:51:20] PHP   1. {main}() /var/www/membership/membership.rewards/API/cardinquiry.php:0
[04-Feb-2014 14:51:20] PHP   2. JSONAPIResponse->_sendResponse() /var/www/membership/membership.rewards/API/cardinquiry.php:211
[04-Feb-2014 14:51:20] PHP   3. header() /var/www/membership/membership.rewards/rsframework/include/core/JSONAPIResponse.class.php:23
[04-Feb-2014 14:51:29] PHP Notice:  Undefined offset: 0 in /var/www/membership/membership.rewards/rsframework/include/Modules/Loyalty/classes/GetCardInfoAPI.class.php on line 86
[04-Feb-2014 14:51:29] PHP Stack trace:
[04-Feb-2014 14:51:29] PHP   1. {main}() /var/www/membership/membership.rewards/API/cardinquiry.php:0
[04-Feb-2014 14:51:29] PHP   2. GetCardInfoAPI->GetCardInfo() /var/www/membership/membership.rewards/API/cardinquiry.php:210
[04-Feb-2014 14:51:29] MySQL Error "SQLSTATE[42000]: Syntax error or access violation: 1064 You have an error in your SQL syntax; check the manual that corresponds to your MySQL server version for the right syntax to use near '' at line 6" File: /var/www/membership/membership.rewards/rsframework/include/core/BaseEntity.class.php LINE: 352
[04-Feb-2014 14:51:29] PHP Notice:  Undefined offset: 0 in /var/www/membership/membership.rewards/rsframework/include/Modules/Loyalty/classes/GetCardInfoAPI.class.php on line 87
[04-Feb-2014 14:51:29] PHP Stack trace:
[04-Feb-2014 14:51:29] PHP   1. {main}() /var/www/membership/membership.rewards/API/cardinquiry.php:0
[04-Feb-2014 14:51:29] PHP   2. GetCardInfoAPI->GetCardInfo() /var/www/membership/membership.rewards/API/cardinquiry.php:210
[04-Feb-2014 14:51:29] PHP Warning:  array_merge() [<a href='0function.array-merge0'>function.array-merge0</a>]: Argument #1 is not an array in /var/www/membership/membership.rewards/rsframework/include/Modules/Loyalty/classes/GetCardInfoAPI.class.php on line 87
[04-Feb-2014 14:51:29] PHP Stack trace:
[04-Feb-2014 14:51:29] PHP   1. {main}() /var/www/membership/membership.rewards/API/cardinquiry.php:0
[04-Feb-2014 14:51:29] PHP   2. GetCardInfoAPI->GetCardInfo() /var/www/membership/membership.rewards/API/cardinquiry.php:210
[04-Feb-2014 14:51:29] PHP   3. array_merge() /var/www/membership/membership.rewards/rsframework/include/Modules/Loyalty/classes/GetCardInfoAPI.class.php:87
[04-Feb-2014 14:51:29] PHP Notice:  Undefined offset: 0 in /var/www/membership/membership.rewards/rsframework/include/Modules/Loyalty/classes/GetCardInfoAPI.class.php on line 89
[04-Feb-2014 14:51:29] PHP Stack trace:
[04-Feb-2014 14:51:29] PHP   1. {main}() /var/www/membership/membership.rewards/API/cardinquiry.php:0
[04-Feb-2014 14:51:29] PHP   2. GetCardInfoAPI->GetCardInfo() /var/www/membership/membership.rewards/API/cardinquiry.php:210
[04-Feb-2014 14:51:29] MySQL Error "SQLSTATE[42000]: Syntax error or access violation: 1064 You have an error in your SQL syntax; check the manual that corresponds to your MySQL server version for the right syntax to use near '' at line 10" File: /var/www/membership/membership.rewards/rsframework/include/core/BaseEntity.class.php LINE: 352
[04-Feb-2014 14:51:29] PHP Notice:  Undefined offset: 0 in /var/www/membership/membership.rewards/rsframework/include/Modules/Loyalty/classes/GetCardInfoAPI.class.php on line 110
[04-Feb-2014 14:51:29] PHP Stack trace:
[04-Feb-2014 14:51:29] PHP   1. {main}() /var/www/membership/membership.rewards/API/cardinquiry.php:0
[04-Feb-2014 14:51:29] PHP   2. GetCardInfoAPI->GetCardInfo() /var/www/membership/membership.rewards/API/cardinquiry.php:210
[04-Feb-2014 14:51:29] PHP Warning:  Cannot modify header information - headers already sent by (output started at /var/www/membership/membership.rewards/rsframework/include/Modules/Loyalty/classes/GetCardInfoAPI.class.php:87) in /var/www/membership/membership.rewards/rsframework/include/core/JSONAPIResponse.class.php on line 21
[04-Feb-2014 14:51:29] PHP Stack trace:
[04-Feb-2014 14:51:29] PHP   1. {main}() /var/www/membership/membership.rewards/API/cardinquiry.php:0
[04-Feb-2014 14:51:29] PHP   2. JSONAPIResponse->_sendResponse() /var/www/membership/membership.rewards/API/cardinquiry.php:211
[04-Feb-2014 14:51:29] PHP   3. header() /var/www/membership/membership.rewards/rsframework/include/core/JSONAPIResponse.class.php:21
[04-Feb-2014 14:51:29] PHP Warning:  Cannot modify header information - headers already sent by (output started at /var/www/membership/membership.rewards/rsframework/include/Modules/Loyalty/classes/GetCardInfoAPI.class.php:87) in /var/www/membership/membership.rewards/rsframework/include/core/JSONAPIResponse.class.php on line 23
[04-Feb-2014 14:51:29] PHP Stack trace:
[04-Feb-2014 14:51:29] PHP   1. {main}() /var/www/membership/membership.rewards/API/cardinquiry.php:0
[04-Feb-2014 14:51:29] PHP   2. JSONAPIResponse->_sendResponse() /var/www/membership/membership.rewards/API/cardinquiry.php:211
[04-Feb-2014 14:51:29] PHP   3. header() /var/www/membership/membership.rewards/rsframework/include/core/JSONAPIResponse.class.php:23
[04-Feb-2014 14:52:32] PHP Notice:  Undefined offset: 0 in /var/www/membership/membership.rewards/rsframework/include/Modules/Loyalty/classes/GetCardInfoAPI.class.php on line 86
[04-Feb-2014 14:52:32] PHP Stack trace:
[04-Feb-2014 14:52:32] PHP   1. {main}() /var/www/membership/membership.rewards/API/cardinquiry.php:0
[04-Feb-2014 14:52:32] PHP   2. GetCardInfoAPI->GetCardInfo() /var/www/membership/membership.rewards/API/cardinquiry.php:210
[04-Feb-2014 14:52:32] MySQL Error "SQLSTATE[42000]: Syntax error or access violation: 1064 You have an error in your SQL syntax; check the manual that corresponds to your MySQL server version for the right syntax to use near '' at line 6" File: /var/www/membership/membership.rewards/rsframework/include/core/BaseEntity.class.php LINE: 352
[04-Feb-2014 14:52:32] PHP Notice:  Undefined offset: 0 in /var/www/membership/membership.rewards/rsframework/include/Modules/Loyalty/classes/GetCardInfoAPI.class.php on line 87
[04-Feb-2014 14:52:32] PHP Stack trace:
[04-Feb-2014 14:52:32] PHP   1. {main}() /var/www/membership/membership.rewards/API/cardinquiry.php:0
[04-Feb-2014 14:52:32] PHP   2. GetCardInfoAPI->GetCardInfo() /var/www/membership/membership.rewards/API/cardinquiry.php:210
[04-Feb-2014 14:52:32] PHP Warning:  array_merge() [<a href='0function.array-merge0'>function.array-merge0</a>]: Argument #1 is not an array in /var/www/membership/membership.rewards/rsframework/include/Modules/Loyalty/classes/GetCardInfoAPI.class.php on line 87
[04-Feb-2014 14:52:32] PHP Stack trace:
[04-Feb-2014 14:52:32] PHP   1. {main}() /var/www/membership/membership.rewards/API/cardinquiry.php:0
[04-Feb-2014 14:52:32] PHP   2. GetCardInfoAPI->GetCardInfo() /var/www/membership/membership.rewards/API/cardinquiry.php:210
[04-Feb-2014 14:52:32] PHP   3. array_merge() /var/www/membership/membership.rewards/rsframework/include/Modules/Loyalty/classes/GetCardInfoAPI.class.php:87
[04-Feb-2014 14:52:32] PHP Notice:  Undefined offset: 0 in /var/www/membership/membership.rewards/rsframework/include/Modules/Loyalty/classes/GetCardInfoAPI.class.php on line 89
[04-Feb-2014 14:52:32] PHP Stack trace:
[04-Feb-2014 14:52:32] PHP   1. {main}() /var/www/membership/membership.rewards/API/cardinquiry.php:0
[04-Feb-2014 14:52:32] PHP   2. GetCardInfoAPI->GetCardInfo() /var/www/membership/membership.rewards/API/cardinquiry.php:210
[04-Feb-2014 14:52:32] MySQL Error "SQLSTATE[42000]: Syntax error or access violation: 1064 You have an error in your SQL syntax; check the manual that corresponds to your MySQL server version for the right syntax to use near '' at line 10" File: /var/www/membership/membership.rewards/rsframework/include/core/BaseEntity.class.php LINE: 352
[04-Feb-2014 14:52:32] PHP Notice:  Undefined offset: 0 in /var/www/membership/membership.rewards/rsframework/include/Modules/Loyalty/classes/GetCardInfoAPI.class.php on line 110
[04-Feb-2014 14:52:32] PHP Stack trace:
[04-Feb-2014 14:52:32] PHP   1. {main}() /var/www/membership/membership.rewards/API/cardinquiry.php:0
[04-Feb-2014 14:52:32] PHP   2. GetCardInfoAPI->GetCardInfo() /var/www/membership/membership.rewards/API/cardinquiry.php:210
[04-Feb-2014 14:52:32] PHP Warning:  Cannot modify header information - headers already sent by (output started at /var/www/membership/membership.rewards/rsframework/include/Modules/Loyalty/classes/GetCardInfoAPI.class.php:87) in /var/www/membership/membership.rewards/rsframework/include/core/JSONAPIResponse.class.php on line 21
[04-Feb-2014 14:52:32] PHP Stack trace:
[04-Feb-2014 14:52:32] PHP   1. {main}() /var/www/membership/membership.rewards/API/cardinquiry.php:0
[04-Feb-2014 14:52:32] PHP   2. JSONAPIResponse->_sendResponse() /var/www/membership/membership.rewards/API/cardinquiry.php:211
[04-Feb-2014 14:52:32] PHP   3. header() /var/www/membership/membership.rewards/rsframework/include/core/JSONAPIResponse.class.php:21
[04-Feb-2014 14:52:32] PHP Warning:  Cannot modify header information - headers already sent by (output started at /var/www/membership/membership.rewards/rsframework/include/Modules/Loyalty/classes/GetCardInfoAPI.class.php:87) in /var/www/membership/membership.rewards/rsframework/include/core/JSONAPIResponse.class.php on line 23
[04-Feb-2014 14:52:32] PHP Stack trace:
[04-Feb-2014 14:52:32] PHP   1. {main}() /var/www/membership/membership.rewards/API/cardinquiry.php:0
[04-Feb-2014 14:52:32] PHP   2. JSONAPIResponse->_sendResponse() /var/www/membership/membership.rewards/API/cardinquiry.php:211
[04-Feb-2014 14:52:32] PHP   3. header() /var/www/membership/membership.rewards/rsframework/include/core/JSONAPIResponse.class.php:23
[04-Feb-2014 19:02:02] PHP Notice:  Undefined offset: 0 in /var/www/membership/membership.rewards/rsframework/include/Modules/Loyalty/classes/GetCardInfoAPI.class.php on line 86
[04-Feb-2014 19:02:02] PHP Stack trace:
[04-Feb-2014 19:02:02] PHP   1. {main}() /var/www/membership/membership.rewards/API/cardinquiry.php:0
[04-Feb-2014 19:02:02] PHP   2. GetCardInfoAPI->GetCardInfo() /var/www/membership/membership.rewards/API/cardinquiry.php:210
[04-Feb-2014 19:02:02] MySQL Error "SQLSTATE[42000]: Syntax error or access violation: 1064 You have an error in your SQL syntax; check the manual that corresponds to your MySQL server version for the right syntax to use near '' at line 6" File: /var/www/membership/membership.rewards/rsframework/include/core/BaseEntity.class.php LINE: 352
[04-Feb-2014 19:02:02] PHP Notice:  Undefined offset: 0 in /var/www/membership/membership.rewards/rsframework/include/Modules/Loyalty/classes/GetCardInfoAPI.class.php on line 87
[04-Feb-2014 19:02:02] PHP Stack trace:
[04-Feb-2014 19:02:02] PHP   1. {main}() /var/www/membership/membership.rewards/API/cardinquiry.php:0
[04-Feb-2014 19:02:02] PHP   2. GetCardInfoAPI->GetCardInfo() /var/www/membership/membership.rewards/API/cardinquiry.php:210
[04-Feb-2014 19:02:02] PHP Warning:  array_merge() [<a href='0function.array-merge0'>function.array-merge0</a>]: Argument #1 is not an array in /var/www/membership/membership.rewards/rsframework/include/Modules/Loyalty/classes/GetCardInfoAPI.class.php on line 87
[04-Feb-2014 19:02:02] PHP Stack trace:
[04-Feb-2014 19:02:02] PHP   1. {main}() /var/www/membership/membership.rewards/API/cardinquiry.php:0
[04-Feb-2014 19:02:02] PHP   2. GetCardInfoAPI->GetCardInfo() /var/www/membership/membership.rewards/API/cardinquiry.php:210
[04-Feb-2014 19:02:02] PHP   3. array_merge() /var/www/membership/membership.rewards/rsframework/include/Modules/Loyalty/classes/GetCardInfoAPI.class.php:87
[04-Feb-2014 19:02:02] PHP Notice:  Undefined offset: 0 in /var/www/membership/membership.rewards/rsframework/include/Modules/Loyalty/classes/GetCardInfoAPI.class.php on line 89
[04-Feb-2014 19:02:02] PHP Stack trace:
[04-Feb-2014 19:02:02] PHP   1. {main}() /var/www/membership/membership.rewards/API/cardinquiry.php:0
[04-Feb-2014 19:02:02] PHP   2. GetCardInfoAPI->GetCardInfo() /var/www/membership/membership.rewards/API/cardinquiry.php:210
[04-Feb-2014 19:02:02] MySQL Error "SQLSTATE[42000]: Syntax error or access violation: 1064 You have an error in your SQL syntax; check the manual that corresponds to your MySQL server version for the right syntax to use near '' at line 10" File: /var/www/membership/membership.rewards/rsframework/include/core/BaseEntity.class.php LINE: 352
[04-Feb-2014 19:02:02] PHP Notice:  Undefined offset: 0 in /var/www/membership/membership.rewards/rsframework/include/Modules/Loyalty/classes/GetCardInfoAPI.class.php on line 110
[04-Feb-2014 19:02:02] PHP Stack trace:
[04-Feb-2014 19:02:02] PHP   1. {main}() /var/www/membership/membership.rewards/API/cardinquiry.php:0
[04-Feb-2014 19:02:02] PHP   2. GetCardInfoAPI->GetCardInfo() /var/www/membership/membership.rewards/API/cardinquiry.php:210
[04-Feb-2014 19:02:02] PHP Warning:  Cannot modify header information - headers already sent by (output started at /var/www/membership/membership.rewards/rsframework/include/Modules/Loyalty/classes/GetCardInfoAPI.class.php:87) in /var/www/membership/membership.rewards/rsframework/include/core/JSONAPIResponse.class.php on line 21
[04-Feb-2014 19:02:02] PHP Stack trace:
[04-Feb-2014 19:02:02] PHP   1. {main}() /var/www/membership/membership.rewards/API/cardinquiry.php:0
[04-Feb-2014 19:02:02] PHP   2. JSONAPIResponse->_sendResponse() /var/www/membership/membership.rewards/API/cardinquiry.php:211
[04-Feb-2014 19:02:02] PHP   3. header() /var/www/membership/membership.rewards/rsframework/include/core/JSONAPIResponse.class.php:21
[04-Feb-2014 19:02:02] PHP Warning:  Cannot modify header information - headers already sent by (output started at /var/www/membership/membership.rewards/rsframework/include/Modules/Loyalty/classes/GetCardInfoAPI.class.php:87) in /var/www/membership/membership.rewards/rsframework/include/core/JSONAPIResponse.class.php on line 23
[04-Feb-2014 19:02:02] PHP Stack trace:
[04-Feb-2014 19:02:02] PHP   1. {main}() /var/www/membership/membership.rewards/API/cardinquiry.php:0
[04-Feb-2014 19:02:02] PHP   2. JSONAPIResponse->_sendResponse() /var/www/membership/membership.rewards/API/cardinquiry.php:211
[04-Feb-2014 19:02:02] PHP   3. header() /var/www/membership/membership.rewards/rsframework/include/core/JSONAPIResponse.class.php:23
[04-Feb-2014 19:02:27] PHP Notice:  Undefined offset: 0 in /var/www/membership/membership.rewards/rsframework/include/Modules/Loyalty/classes/GetCardInfoAPI.class.php on line 86
[04-Feb-2014 19:02:27] PHP Stack trace:
[04-Feb-2014 19:02:27] PHP   1. {main}() /var/www/membership/membership.rewards/API/cardinquiry.php:0
[04-Feb-2014 19:02:27] PHP   2. GetCardInfoAPI->GetCardInfo() /var/www/membership/membership.rewards/API/cardinquiry.php:210
[04-Feb-2014 19:02:27] MySQL Error "SQLSTATE[42000]: Syntax error or access violation: 1064 You have an error in your SQL syntax; check the manual that corresponds to your MySQL server version for the right syntax to use near '' at line 6" File: /var/www/membership/membership.rewards/rsframework/include/core/BaseEntity.class.php LINE: 352
[04-Feb-2014 19:02:27] PHP Notice:  Undefined offset: 0 in /var/www/membership/membership.rewards/rsframework/include/Modules/Loyalty/classes/GetCardInfoAPI.class.php on line 87
[04-Feb-2014 19:02:27] PHP Stack trace:
[04-Feb-2014 19:02:27] PHP   1. {main}() /var/www/membership/membership.rewards/API/cardinquiry.php:0
[04-Feb-2014 19:02:27] PHP   2. GetCardInfoAPI->GetCardInfo() /var/www/membership/membership.rewards/API/cardinquiry.php:210
[04-Feb-2014 19:02:27] PHP Warning:  array_merge() [<a href='0function.array-merge0'>function.array-merge0</a>]: Argument #1 is not an array in /var/www/membership/membership.rewards/rsframework/include/Modules/Loyalty/classes/GetCardInfoAPI.class.php on line 87
[04-Feb-2014 19:02:27] PHP Stack trace:
[04-Feb-2014 19:02:27] PHP   1. {main}() /var/www/membership/membership.rewards/API/cardinquiry.php:0
[04-Feb-2014 19:02:27] PHP   2. GetCardInfoAPI->GetCardInfo() /var/www/membership/membership.rewards/API/cardinquiry.php:210
[04-Feb-2014 19:02:27] PHP   3. array_merge() /var/www/membership/membership.rewards/rsframework/include/Modules/Loyalty/classes/GetCardInfoAPI.class.php:87
[04-Feb-2014 19:02:27] PHP Notice:  Undefined offset: 0 in /var/www/membership/membership.rewards/rsframework/include/Modules/Loyalty/classes/GetCardInfoAPI.class.php on line 89
[04-Feb-2014 19:02:27] PHP Stack trace:
[04-Feb-2014 19:02:27] PHP   1. {main}() /var/www/membership/membership.rewards/API/cardinquiry.php:0
[04-Feb-2014 19:02:27] PHP   2. GetCardInfoAPI->GetCardInfo() /var/www/membership/membership.rewards/API/cardinquiry.php:210
[04-Feb-2014 19:02:27] MySQL Error "SQLSTATE[42000]: Syntax error or access violation: 1064 You have an error in your SQL syntax; check the manual that corresponds to your MySQL server version for the right syntax to use near '' at line 10" File: /var/www/membership/membership.rewards/rsframework/include/core/BaseEntity.class.php LINE: 352
[04-Feb-2014 19:02:27] PHP Notice:  Undefined offset: 0 in /var/www/membership/membership.rewards/rsframework/include/Modules/Loyalty/classes/GetCardInfoAPI.class.php on line 110
[04-Feb-2014 19:02:27] PHP Stack trace:
[04-Feb-2014 19:02:27] PHP   1. {main}() /var/www/membership/membership.rewards/API/cardinquiry.php:0
[04-Feb-2014 19:02:27] PHP   2. GetCardInfoAPI->GetCardInfo() /var/www/membership/membership.rewards/API/cardinquiry.php:210
[04-Feb-2014 19:02:27] PHP Warning:  Cannot modify header information - headers already sent by (output started at /var/www/membership/membership.rewards/rsframework/include/Modules/Loyalty/classes/GetCardInfoAPI.class.php:87) in /var/www/membership/membership.rewards/rsframework/include/core/JSONAPIResponse.class.php on line 21
[04-Feb-2014 19:02:27] PHP Stack trace:
[04-Feb-2014 19:02:27] PHP   1. {main}() /var/www/membership/membership.rewards/API/cardinquiry.php:0
[04-Feb-2014 19:02:27] PHP   2. JSONAPIResponse->_sendResponse() /var/www/membership/membership.rewards/API/cardinquiry.php:211
[04-Feb-2014 19:02:27] PHP   3. header() /var/www/membership/membership.rewards/rsframework/include/core/JSONAPIResponse.class.php:21
[04-Feb-2014 19:02:27] PHP Warning:  Cannot modify header information - headers already sent by (output started at /var/www/membership/membership.rewards/rsframework/include/Modules/Loyalty/classes/GetCardInfoAPI.class.php:87) in /var/www/membership/membership.rewards/rsframework/include/core/JSONAPIResponse.class.php on line 23
[04-Feb-2014 19:02:27] PHP Stack trace:
[04-Feb-2014 19:02:27] PHP   1. {main}() /var/www/membership/membership.rewards/API/cardinquiry.php:0
[04-Feb-2014 19:02:27] PHP   2. JSONAPIResponse->_sendResponse() /var/www/membership/membership.rewards/API/cardinquiry.php:211
[04-Feb-2014 19:02:27] PHP   3. header() /var/www/membership/membership.rewards/rsframework/include/core/JSONAPIResponse.class.php:23
[04-Feb-2014 19:44:33] Error "Card Not Found[003]: BWVXHB4" File: /var/www/membership/membership.rewards/API/cardinquiry.php LINE: 205
[04-Feb-2014 19:44:33] Error "Card Not Found[004]: BWVXHB4" File: /var/www/membership/membership.rewards/rsframework/include/Modules/Loyalty/classes/GetCardInfoAPI.class.php LINE: 602
