2015/10/02 05:15:22 [error] [php] Use of undefined constant ROOT_DIR - assumed 'ROOT_DIR' (C:\xampp\htdocs\kronus-egm\kapi-v15.p2\protected\components\CasinoLogger.php:124)
Stack trace:
#0 C:\xampp\htdocs\kronus-egm\kapi-v15.p2\protected\controllers\WsKapiController.php(3657): PcwsWrapper->getBalance()
#1 C:\xampp\htdocs\yii\framework\web\actions\CInlineAction.php(49): WsKapiController->actionEsafegenesisredemption()
#2 C:\xampp\htdocs\yii\framework\web\CController.php(308): CInlineAction->runWithParams()
#3 C:\xampp\htdocs\yii\framework\web\CController.php(286): WsKapiController->runAction()
#4 C:\xampp\htdocs\yii\framework\web\CController.php(265): WsKapiController->runActionWithFilters()
#5 C:\xampp\htdocs\yii\framework\web\CWebApplication.php(282): WsKapiController->run()
#6 C:\xampp\htdocs\yii\framework\web\CWebApplication.php(141): CWebApplication->runController()
#7 C:\xampp\htdocs\yii\framework\base\CApplication.php(169): CWebApplication->processRequest()
#8 C:\xampp\htdocs\kronus-egm\kapi-v15.p2\index.php(13): CWebApplication->run()
REQUEST_URI=/kronus-egm/kapi-v15.p2/index.php/wsKapi/esafegenesisredemption
in C:\xampp\htdocs\kronus-egm\kapi-v15.p2\protected\components\CasinoLogger.php (124)
in C:\xampp\htdocs\kronus-egm\kapi-v15.p2\protected\components\CasinoLogger.php (175)
in C:\xampp\htdocs\kronus-egm\kapi-v15.p2\protected\components\PcwsWrapper.php (168)
2015/10/02 05:16:00 [error] [php] Use of undefined constant ROOT_DIR - assumed 'ROOT_DIR' (C:\xampp\htdocs\kronus-egm\kapi-v15.p2\protected\components\CasinoLogger.php:123)
Stack trace:
#0 C:\xampp\htdocs\kronus-egm\kapi-v15.p2\protected\controllers\WsKapiController.php(3657): PcwsWrapper->getBalance()
#1 C:\xampp\htdocs\yii\framework\web\actions\CInlineAction.php(49): WsKapiController->actionEsafegenesisredemption()
#2 C:\xampp\htdocs\yii\framework\web\CController.php(308): CInlineAction->runWithParams()
#3 C:\xampp\htdocs\yii\framework\web\CController.php(286): WsKapiController->runAction()
#4 C:\xampp\htdocs\yii\framework\web\CController.php(265): WsKapiController->runActionWithFilters()
#5 C:\xampp\htdocs\yii\framework\web\CWebApplication.php(282): WsKapiController->run()
#6 C:\xampp\htdocs\yii\framework\web\CWebApplication.php(141): CWebApplication->runController()
#7 C:\xampp\htdocs\yii\framework\base\CApplication.php(169): CWebApplication->processRequest()
#8 C:\xampp\htdocs\kronus-egm\kapi-v15.p2\index.php(13): CWebApplication->run()
REQUEST_URI=/kronus-egm/kapi-v15.p2/index.php/wsKapi/esafegenesisredemption
in C:\xampp\htdocs\kronus-egm\kapi-v15.p2\protected\components\CasinoLogger.php (123)
in C:\xampp\htdocs\kronus-egm\kapi-v15.p2\protected\components\CasinoLogger.php (175)
in C:\xampp\htdocs\kronus-egm\kapi-v15.p2\protected\components\PcwsWrapper.php (168)
2015/10/02 05:30:44 [error] [php] fopen(/kronus-egm/kapi-v15.p2/protected/runtime/\Pcws_2015_10_02.log) [<a href='function.fopen'>function.fopen</a>]: failed to open stream: No such file or directory (C:\xampp\htdocs\kronus-egm\kapi-v15.p2\protected\components\CasinoLogger.php:126)
Stack trace:
#0 C:\xampp\htdocs\kronus-egm\kapi-v15.p2\protected\components\PcwsWrapper.php(168): CasinoLogger->logger()
#1 C:\xampp\htdocs\kronus-egm\kapi-v15.p2\protected\controllers\WsKapiController.php(3657): PcwsWrapper->getBalance()
#2 C:\xampp\htdocs\yii\framework\web\actions\CInlineAction.php(49): WsKapiController->actionEsafegenesisredemption()
#3 C:\xampp\htdocs\yii\framework\web\CController.php(308): CInlineAction->runWithParams()
#4 C:\xampp\htdocs\yii\framework\web\CController.php(286): WsKapiController->runAction()
#5 C:\xampp\htdocs\yii\framework\web\CController.php(265): WsKapiController->runActionWithFilters()
#6 C:\xampp\htdocs\yii\framework\web\CWebApplication.php(282): WsKapiController->run()
#7 C:\xampp\htdocs\yii\framework\web\CWebApplication.php(141): CWebApplication->runController()
#8 C:\xampp\htdocs\yii\framework\base\CApplication.php(169): CWebApplication->processRequest()
#9 C:\xampp\htdocs\kronus-egm\kapi-v15.p2\index.php(13): CWebApplication->run()
REQUEST_URI=/kronus-egm/kapi-v15.p2/index.php/wsKapi/esafegenesisredemption
in C:\xampp\htdocs\kronus-egm\kapi-v15.p2\protected\components\CasinoLogger.php (126)
in C:\xampp\htdocs\kronus-egm\kapi-v15.p2\protected\components\CasinoLogger.php (175)
in C:\xampp\htdocs\kronus-egm\kapi-v15.p2\protected\components\PcwsWrapper.php (168)
2015/10/02 05:30:55 [error] [php] fopen(/kronus-egm/kapi-v15.p2/protected/runtime\Pcws_2015_10_02.log) [<a href='function.fopen'>function.fopen</a>]: failed to open stream: No such file or directory (C:\xampp\htdocs\kronus-egm\kapi-v15.p2\protected\components\CasinoLogger.php:126)
Stack trace:
#0 C:\xampp\htdocs\kronus-egm\kapi-v15.p2\protected\components\PcwsWrapper.php(168): CasinoLogger->logger()
#1 C:\xampp\htdocs\kronus-egm\kapi-v15.p2\protected\controllers\WsKapiController.php(3657): PcwsWrapper->getBalance()
#2 C:\xampp\htdocs\yii\framework\web\actions\CInlineAction.php(49): WsKapiController->actionEsafegenesisredemption()
#3 C:\xampp\htdocs\yii\framework\web\CController.php(308): CInlineAction->runWithParams()
#4 C:\xampp\htdocs\yii\framework\web\CController.php(286): WsKapiController->runAction()
#5 C:\xampp\htdocs\yii\framework\web\CController.php(265): WsKapiController->runActionWithFilters()
#6 C:\xampp\htdocs\yii\framework\web\CWebApplication.php(282): WsKapiController->run()
#7 C:\xampp\htdocs\yii\framework\web\CWebApplication.php(141): CWebApplication->runController()
#8 C:\xampp\htdocs\yii\framework\base\CApplication.php(169): CWebApplication->processRequest()
#9 C:\xampp\htdocs\kronus-egm\kapi-v15.p2\index.php(13): CWebApplication->run()
REQUEST_URI=/kronus-egm/kapi-v15.p2/index.php/wsKapi/esafegenesisredemption
in C:\xampp\htdocs\kronus-egm\kapi-v15.p2\protected\components\CasinoLogger.php (126)
in C:\xampp\htdocs\kronus-egm\kapi-v15.p2\protected\components\CasinoLogger.php (175)
in C:\xampp\htdocs\kronus-egm\kapi-v15.p2\protected\components\PcwsWrapper.php (168)
2015/10/02 05:34:05 [error] [php] fopen(/kronus-egm/kapi-v15.p2/logs\Pcws_2015_10_02.log) [<a href='function.fopen'>function.fopen</a>]: failed to open stream: No such file or directory (C:\xampp\htdocs\kronus-egm\kapi-v15.p2\protected\components\CasinoLogger.php:126)
Stack trace:
#0 C:\xampp\htdocs\kronus-egm\kapi-v15.p2\protected\components\PcwsWrapper.php(168): CasinoLogger->logger()
#1 C:\xampp\htdocs\kronus-egm\kapi-v15.p2\protected\controllers\WsKapiController.php(3657): PcwsWrapper->getBalance()
#2 C:\xampp\htdocs\yii\framework\web\actions\CInlineAction.php(49): WsKapiController->actionEsafegenesisredemption()
#3 C:\xampp\htdocs\yii\framework\web\CController.php(308): CInlineAction->runWithParams()
#4 C:\xampp\htdocs\yii\framework\web\CController.php(286): WsKapiController->runAction()
#5 C:\xampp\htdocs\yii\framework\web\CController.php(265): WsKapiController->runActionWithFilters()
#6 C:\xampp\htdocs\yii\framework\web\CWebApplication.php(282): WsKapiController->run()
#7 C:\xampp\htdocs\yii\framework\web\CWebApplication.php(141): CWebApplication->runController()
#8 C:\xampp\htdocs\yii\framework\base\CApplication.php(169): CWebApplication->processRequest()
#9 C:\xampp\htdocs\kronus-egm\kapi-v15.p2\index.php(13): CWebApplication->run()
REQUEST_URI=/kronus-egm/kapi-v15.p2/index.php/wsKapi/esafegenesisredemption
in C:\xampp\htdocs\kronus-egm\kapi-v15.p2\protected\components\CasinoLogger.php (126)
in C:\xampp\htdocs\kronus-egm\kapi-v15.p2\protected\components\CasinoLogger.php (175)
in C:\xampp\htdocs\kronus-egm\kapi-v15.p2\protected\components\PcwsWrapper.php (168)
2015/10/02 05:37:51 [error] [php] fopen(/logs\Pcws_2015_10_02.log) [<a href='function.fopen'>function.fopen</a>]: failed to open stream: No such file or directory (C:\xampp\htdocs\kronus-egm\kapi-v15.p2\protected\components\CasinoLogger.php:126)
Stack trace:
#0 C:\xampp\htdocs\kronus-egm\kapi-v15.p2\protected\components\PcwsWrapper.php(168): CasinoLogger->logger()
#1 C:\xampp\htdocs\kronus-egm\kapi-v15.p2\protected\controllers\WsKapiController.php(3657): PcwsWrapper->getBalance()
#2 C:\xampp\htdocs\yii\framework\web\actions\CInlineAction.php(49): WsKapiController->actionEsafegenesisredemption()
#3 C:\xampp\htdocs\yii\framework\web\CController.php(308): CInlineAction->runWithParams()
#4 C:\xampp\htdocs\yii\framework\web\CController.php(286): WsKapiController->runAction()
#5 C:\xampp\htdocs\yii\framework\web\CController.php(265): WsKapiController->runActionWithFilters()
#6 C:\xampp\htdocs\yii\framework\web\CWebApplication.php(282): WsKapiController->run()
#7 C:\xampp\htdocs\yii\framework\web\CWebApplication.php(141): CWebApplication->runController()
#8 C:\xampp\htdocs\yii\framework\base\CApplication.php(169): CWebApplication->processRequest()
#9 C:\xampp\htdocs\kronus-egm\kapi-v15.p2\index.php(13): CWebApplication->run()
REQUEST_URI=/kronus-egm/kapi-v15.p2/index.php/wsKapi/esafegenesisredemption
in C:\xampp\htdocs\kronus-egm\kapi-v15.p2\protected\components\CasinoLogger.php (126)
in C:\xampp\htdocs\kronus-egm\kapi-v15.p2\protected\components\CasinoLogger.php (175)
in C:\xampp\htdocs\kronus-egm\kapi-v15.p2\protected\components\PcwsWrapper.php (168)
2015/10/02 05:46:38 [error] [php] fopen(/logs\Pcws_2015_10_02.log) [<a href='function.fopen'>function.fopen</a>]: failed to open stream: No such file or directory (C:\xampp\htdocs\kronus-egm\kapi-v15.p2\protected\components\CasinoLogger.php:126)
Stack trace:
#0 C:\xampp\htdocs\kronus-egm\kapi-v15.p2\protected\components\PcwsWrapper.php(168): CasinoLogger->logger()
#1 C:\xampp\htdocs\kronus-egm\kapi-v15.p2\protected\controllers\WsKapiController.php(3657): PcwsWrapper->getBalance()
#2 C:\xampp\htdocs\yii\framework\web\actions\CInlineAction.php(49): WsKapiController->actionEsafegenesisredemption()
#3 C:\xampp\htdocs\yii\framework\web\CController.php(308): CInlineAction->runWithParams()
#4 C:\xampp\htdocs\yii\framework\web\CController.php(286): WsKapiController->runAction()
#5 C:\xampp\htdocs\yii\framework\web\CController.php(265): WsKapiController->runActionWithFilters()
#6 C:\xampp\htdocs\yii\framework\web\CWebApplication.php(282): WsKapiController->run()
#7 C:\xampp\htdocs\yii\framework\web\CWebApplication.php(141): CWebApplication->runController()
#8 C:\xampp\htdocs\yii\framework\base\CApplication.php(169): CWebApplication->processRequest()
#9 C:\xampp\htdocs\kronus-egm\kapi-v15.p2\index.php(13): CWebApplication->run()
REQUEST_URI=/kronus-egm/kapi-v15.p2/index.php/wsKapi/esafegenesisredemption
in C:\xampp\htdocs\kronus-egm\kapi-v15.p2\protected\components\CasinoLogger.php (126)
in C:\xampp\htdocs\kronus-egm\kapi-v15.p2\protected\components\CasinoLogger.php (175)
in C:\xampp\htdocs\kronus-egm\kapi-v15.p2\protected\components\PcwsWrapper.php (168)
2015/10/02 05:53:42 [error] [php] fopen(/kronus-egm/kapi-v15.p2/logs/Pcws_2015_10_02.log) [<a href='function.fopen'>function.fopen</a>]: failed to open stream: No such file or directory (C:\xampp\htdocs\kronus-egm\kapi-v15.p2\protected\components\CasinoLogger.php:125)
Stack trace:
#0 C:\xampp\htdocs\kronus-egm\kapi-v15.p2\protected\components\PcwsWrapper.php(168): CasinoLogger->logger()
#1 C:\xampp\htdocs\kronus-egm\kapi-v15.p2\protected\controllers\WsKapiController.php(3657): PcwsWrapper->getBalance()
#2 C:\xampp\htdocs\yii\framework\web\actions\CInlineAction.php(49): WsKapiController->actionEsafegenesisredemption()
#3 C:\xampp\htdocs\yii\framework\web\CController.php(308): CInlineAction->runWithParams()
#4 C:\xampp\htdocs\yii\framework\web\CController.php(286): WsKapiController->runAction()
#5 C:\xampp\htdocs\yii\framework\web\CController.php(265): WsKapiController->runActionWithFilters()
#6 C:\xampp\htdocs\yii\framework\web\CWebApplication.php(282): WsKapiController->run()
#7 C:\xampp\htdocs\yii\framework\web\CWebApplication.php(141): CWebApplication->runController()
#8 C:\xampp\htdocs\yii\framework\base\CApplication.php(169): CWebApplication->processRequest()
#9 C:\xampp\htdocs\kronus-egm\kapi-v15.p2\index.php(13): CWebApplication->run()
REQUEST_URI=/kronus-egm/kapi-v15.p2/index.php/wsKapi/esafegenesisredemption
in C:\xampp\htdocs\kronus-egm\kapi-v15.p2\protected\components\CasinoLogger.php (125)
in C:\xampp\htdocs\kronus-egm\kapi-v15.p2\protected\components\CasinoLogger.php (174)
in C:\xampp\htdocs\kronus-egm\kapi-v15.p2\protected\components\PcwsWrapper.php (168)
