2015/03/31 10:23:04 [error] [php] Undefined variable: siteID (C:\xampp\htdocs\kronus-egm-ws-abbott\protected\controllers\WsKapiController.php:267)
Stack trace:
#0 C:\xampp\htdocs\yii\framework\web\CController.php(286): WsKapiController->runAction()
#1 C:\xampp\htdocs\yii\framework\web\CController.php(265): WsKapiController->runActionWithFilters()
#2 C:\xampp\htdocs\yii\framework\web\CWebApplication.php(282): WsKapiController->run()
#3 C:\xampp\htdocs\yii\framework\web\CWebApplication.php(141): CWebApplication->runController()
#4 C:\xampp\htdocs\yii\framework\base\CApplication.php(169): CWebApplication->processRequest()
#5 C:\xampp\htdocs\kronus-egm-ws-abbott\index.php(13): CWebApplication->run()
REQUEST_URI=/kronus-egm-ws-abbott/index.php/wsKapi/getterminalinfo
in C:\xampp\htdocs\kronus-egm-ws-abbott\protected\controllers\WsKapiController.php (267)
in C:\xampp\htdocs\kronus-egm-ws-abbott\index.php (13)
2015/03/31 10:24:35 [error] [php] Undefined offset: 18 (C:\xampp\htdocs\kronus-egm-ws-abbott\protected\components\CasinoApiUB.php:58)
Stack trace:
#0 C:\xampp\htdocs\kronus-egm-ws-abbott\protected\controllers\WsKapiController.php(285): CommonController->getPlayingBalanceUserBased()
#1 C:\xampp\htdocs\yii\framework\web\actions\CInlineAction.php(49): WsKapiController->actionGetTerminalInfo()
#2 C:\xampp\htdocs\yii\framework\web\CController.php(308): CInlineAction->runWithParams()
#3 C:\xampp\htdocs\yii\framework\web\CController.php(286): WsKapiController->runAction()
#4 C:\xampp\htdocs\yii\framework\web\CController.php(265): WsKapiController->runActionWithFilters()
#5 C:\xampp\htdocs\yii\framework\web\CWebApplication.php(282): WsKapiController->run()
#6 C:\xampp\htdocs\yii\framework\web\CWebApplication.php(141): CWebApplication->runController()
#7 C:\xampp\htdocs\yii\framework\base\CApplication.php(169): CWebApplication->processRequest()
#8 C:\xampp\htdocs\kronus-egm-ws-abbott\index.php(13): CWebApplication->run()
REQUEST_URI=/kronus-egm-ws-abbott/index.php/wsKapi/getterminalinfo
in C:\xampp\htdocs\kronus-egm-ws-abbott\protected\components\CasinoApiUB.php (58)
in C:\xampp\htdocs\kronus-egm-ws-abbott\protected\components\CasinoApiUB.php (542)
in C:\xampp\htdocs\kronus-egm-ws-abbott\protected\controllers\CommonController.php (297)
2015/03/31 10:46:08 [error] [php] Undefined offset: 18 (C:\xampp\htdocs\kronus-egm-ws-abbott\protected\components\CasinoApiUB.php:58)
Stack trace:
#0 C:\xampp\htdocs\kronus-egm-ws-abbott\protected\controllers\WsKapiController.php(291): CommonController->getPlayingBalanceUserBased()
#1 C:\xampp\htdocs\yii\framework\web\actions\CInlineAction.php(49): WsKapiController->actionGetTerminalInfo()
#2 C:\xampp\htdocs\yii\framework\web\CController.php(308): CInlineAction->runWithParams()
#3 C:\xampp\htdocs\yii\framework\web\CController.php(286): WsKapiController->runAction()
#4 C:\xampp\htdocs\yii\framework\web\CController.php(265): WsKapiController->runActionWithFilters()
#5 C:\xampp\htdocs\yii\framework\web\CWebApplication.php(282): WsKapiController->run()
#6 C:\xampp\htdocs\yii\framework\web\CWebApplication.php(141): CWebApplication->runController()
#7 C:\xampp\htdocs\yii\framework\base\CApplication.php(169): CWebApplication->processRequest()
#8 C:\xampp\htdocs\kronus-egm-ws-abbott\index.php(13): CWebApplication->run()
REQUEST_URI=/kronus-egm-ws-abbott/index.php/wsKapi/getterminalinfo
in C:\xampp\htdocs\kronus-egm-ws-abbott\protected\components\CasinoApiUB.php (58)
in C:\xampp\htdocs\kronus-egm-ws-abbott\protected\components\CasinoApiUB.php (542)
in C:\xampp\htdocs\kronus-egm-ws-abbott\protected\controllers\CommonController.php (297)
2015/03/31 10:47:05 [error] [php] Undefined variable: serviceID (C:\xampp\htdocs\kronus-egm-ws-abbott\protected\controllers\WsKapiController.php:271)
Stack trace:
#0 C:\xampp\htdocs\yii\framework\web\CController.php(286): WsKapiController->runAction()
#1 C:\xampp\htdocs\yii\framework\web\CController.php(265): WsKapiController->runActionWithFilters()
#2 C:\xampp\htdocs\yii\framework\web\CWebApplication.php(282): WsKapiController->run()
#3 C:\xampp\htdocs\yii\framework\web\CWebApplication.php(141): CWebApplication->runController()
#4 C:\xampp\htdocs\yii\framework\base\CApplication.php(169): CWebApplication->processRequest()
#5 C:\xampp\htdocs\kronus-egm-ws-abbott\index.php(13): CWebApplication->run()
REQUEST_URI=/kronus-egm-ws-abbott/index.php/wsKapi/getterminalinfo
in C:\xampp\htdocs\kronus-egm-ws-abbott\protected\controllers\WsKapiController.php (271)
in C:\xampp\htdocs\kronus-egm-ws-abbott\index.php (13)
