[2014-09-03 11:44:21.756528][NOTICE] "Undefined index: startlimit" File: /var/www/Kronus_GenesisAbbott/cashier.genesis.abbott/app/frontend/controllers/ReportsController.php Line: 56
[2014-09-03 15:51:17.384695][NOTICE] "A session had already been started - ignoring session_start()" File: /var/www/Kronus_GenesisAbbott/cashier.genesis.abbott/app/frontend/models/LoginFormModel.php Line: 527
[2014-09-03 15:51:33.783808][NOTICE] "Undefined variable: depositcash" File: /var/www/Kronus_GenesisAbbott/cashier.genesis.abbott/app/frontend/views/reports/reports_transaction_history_tpl.php Line: 76
[2014-09-03 15:51:33.784068][NOTICE] "Undefined variable: depositticket" File: /var/www/Kronus_GenesisAbbott/cashier.genesis.abbott/app/frontend/views/reports/reports_transaction_history_tpl.php Line: 77
[2014-09-03 15:51:33.785308][NOTICE] "Undefined variable: depositcoupon" File: /var/www/Kronus_GenesisAbbott/cashier.genesis.abbott/app/frontend/views/reports/reports_transaction_history_tpl.php Line: 78
[2014-09-03 15:51:33.785658][NOTICE] "Undefined variable: reloadcash" File: /var/www/Kronus_GenesisAbbott/cashier.genesis.abbott/app/frontend/views/reports/reports_transaction_history_tpl.php Line: 80
[2014-09-03 15:51:33.786042][NOTICE] "Undefined variable: reloadticket" File: /var/www/Kronus_GenesisAbbott/cashier.genesis.abbott/app/frontend/views/reports/reports_transaction_history_tpl.php Line: 81
[2014-09-03 15:51:33.786405][NOTICE] "Undefined variable: reloadcoupon" File: /var/www/Kronus_GenesisAbbott/cashier.genesis.abbott/app/frontend/views/reports/reports_transaction_history_tpl.php Line: 82
[2014-09-03 15:51:33.786776][NOTICE] "Undefined variable: withdrawalcashier" File: /var/www/Kronus_GenesisAbbott/cashier.genesis.abbott/app/frontend/views/reports/reports_transaction_history_tpl.php Line: 85
[2014-09-03 15:51:33.787111][NOTICE] "Undefined variable: withdrawalgenesis" File: /var/www/Kronus_GenesisAbbott/cashier.genesis.abbott/app/frontend/views/reports/reports_transaction_history_tpl.php Line: 86
[2014-09-03 15:51:33.809412][NOTICE] "Undefined variable: regdepositcash" File: /var/www/Kronus_GenesisAbbott/cashier.genesis.abbott/app/frontend/views/reports/reports_transaction_history_tpl.php Line: 108
[2014-09-03 15:51:33.809735][NOTICE] "Undefined variable: regdepositticket" File: /var/www/Kronus_GenesisAbbott/cashier.genesis.abbott/app/frontend/views/reports/reports_transaction_history_tpl.php Line: 109
[2014-09-03 15:51:33.809972][NOTICE] "Undefined variable: regdepositcoupon" File: /var/www/Kronus_GenesisAbbott/cashier.genesis.abbott/app/frontend/views/reports/reports_transaction_history_tpl.php Line: 110
[2014-09-03 15:51:33.810225][NOTICE] "Undefined variable: regreloadcash" File: /var/www/Kronus_GenesisAbbott/cashier.genesis.abbott/app/frontend/views/reports/reports_transaction_history_tpl.php Line: 112
[2014-09-03 15:51:33.810454][NOTICE] "Undefined variable: regreloadticket" File: /var/www/Kronus_GenesisAbbott/cashier.genesis.abbott/app/frontend/views/reports/reports_transaction_history_tpl.php Line: 113
[2014-09-03 15:51:33.810647][NOTICE] "Undefined variable: regreloadcoupon" File: /var/www/Kronus_GenesisAbbott/cashier.genesis.abbott/app/frontend/views/reports/reports_transaction_history_tpl.php Line: 114
[2014-09-03 15:51:33.810881][NOTICE] "Undefined variable: gendepositcash" File: /var/www/Kronus_GenesisAbbott/cashier.genesis.abbott/app/frontend/views/reports/reports_transaction_history_tpl.php Line: 116
[2014-09-03 15:51:33.811083][NOTICE] "Undefined variable: gendepositticket" File: /var/www/Kronus_GenesisAbbott/cashier.genesis.abbott/app/frontend/views/reports/reports_transaction_history_tpl.php Line: 117
[2014-09-03 15:51:33.811328][NOTICE] "Undefined variable: gendepositcoupon" File: /var/www/Kronus_GenesisAbbott/cashier.genesis.abbott/app/frontend/views/reports/reports_transaction_history_tpl.php Line: 118
[2014-09-03 15:51:33.811583][NOTICE] "Undefined variable: genreloadcash" File: /var/www/Kronus_GenesisAbbott/cashier.genesis.abbott/app/frontend/views/reports/reports_transaction_history_tpl.php Line: 120
[2014-09-03 15:51:33.811811][NOTICE] "Undefined variable: genreloadticket" File: /var/www/Kronus_GenesisAbbott/cashier.genesis.abbott/app/frontend/views/reports/reports_transaction_history_tpl.php Line: 121
[2014-09-03 15:51:33.812089][NOTICE] "Undefined variable: genreloadcoupon" File: /var/www/Kronus_GenesisAbbott/cashier.genesis.abbott/app/frontend/views/reports/reports_transaction_history_tpl.php Line: 122
[2014-09-03 15:51:33.812317][NOTICE] "Undefined variable: withdrawalcashier2" File: /var/www/Kronus_GenesisAbbott/cashier.genesis.abbott/app/frontend/views/reports/reports_transaction_history_tpl.php Line: 125
[2014-09-03 15:51:33.812570][NOTICE] "Undefined variable: withdrawalgenesis2" File: /var/www/Kronus_GenesisAbbott/cashier.genesis.abbott/app/frontend/views/reports/reports_transaction_history_tpl.php Line: 126
[2014-09-03 15:52:58.372949][NOTICE] "Undefined index: startlimit" File: /var/www/Kronus_GenesisAbbott/cashier.genesis.abbott/app/frontend/controllers/ReportsController.php Line: 56
