[2014-06-02 10:57:23.323475][NOTICE] "Undefined variable: terminalCode" File: /var/www/Kronus_GenesisAbbott/cashier.genesis.abbott/app/frontend/models/TransactionSummaryModel.php Line: 359
[2014-06-02 10:57:23.324234][NOTICE] "Undefined variable: terminalCode" File: /var/www/Kronus_GenesisAbbott/cashier.genesis.abbott/app/frontend/models/TransactionSummaryModel.php Line: 359
[2014-06-02 10:57:23.324383][NOTICE] "Undefined variable: terminalCode" File: /var/www/Kronus_GenesisAbbott/cashier.genesis.abbott/app/frontend/models/TransactionSummaryModel.php Line: 359
[2014-06-02 10:57:23.324841][NOTICE] "Undefined variable: terminalCode" File: /var/www/Kronus_GenesisAbbott/cashier.genesis.abbott/app/frontend/models/TransactionSummaryModel.php Line: 359
[2014-06-02 10:57:23.325298][NOTICE] "Undefined variable: terminalCode" File: /var/www/Kronus_GenesisAbbott/cashier.genesis.abbott/app/frontend/models/TransactionSummaryModel.php Line: 359
[2014-06-02 10:57:23.325770][NOTICE] "Undefined variable: terminalCode" File: /var/www/Kronus_GenesisAbbott/cashier.genesis.abbott/app/frontend/models/TransactionSummaryModel.php Line: 359
[2014-06-02 10:57:23.326219][NOTICE] "Undefined variable: terminalCode" File: /var/www/Kronus_GenesisAbbott/cashier.genesis.abbott/app/frontend/models/TransactionSummaryModel.php Line: 359
[2014-06-02 10:57:23.326723][NOTICE] "Undefined variable: terminalCode" File: /var/www/Kronus_GenesisAbbott/cashier.genesis.abbott/app/frontend/models/TransactionSummaryModel.php Line: 359
[2014-06-02 10:57:23.327096][NOTICE] "Undefined variable: terminalCode" File: /var/www/Kronus_GenesisAbbott/cashier.genesis.abbott/app/frontend/models/TransactionSummaryModel.php Line: 359
[2014-06-02 10:57:23.327595][NOTICE] "Undefined variable: terminalCode" File: /var/www/Kronus_GenesisAbbott/cashier.genesis.abbott/app/frontend/models/TransactionSummaryModel.php Line: 359
[2014-06-02 10:57:23.328052][NOTICE] "Undefined variable: terminalCode" File: /var/www/Kronus_GenesisAbbott/cashier.genesis.abbott/app/frontend/models/TransactionSummaryModel.php Line: 359
[2014-06-02 10:57:23.328501][NOTICE] "Undefined variable: terminalCode" File: /var/www/Kronus_GenesisAbbott/cashier.genesis.abbott/app/frontend/models/TransactionSummaryModel.php Line: 359
[2014-06-02 10:57:23.328953][NOTICE] "Undefined variable: terminalCode" File: /var/www/Kronus_GenesisAbbott/cashier.genesis.abbott/app/frontend/models/TransactionSummaryModel.php Line: 359
[2014-06-02 10:57:23.329371][NOTICE] "Undefined variable: terminalCode" File: /var/www/Kronus_GenesisAbbott/cashier.genesis.abbott/app/frontend/models/TransactionSummaryModel.php Line: 359
[2014-06-02 10:57:23.329823][NOTICE] "Undefined variable: terminalCode" File: /var/www/Kronus_GenesisAbbott/cashier.genesis.abbott/app/frontend/models/TransactionSummaryModel.php Line: 359
[2014-06-02 10:57:23.330268][NOTICE] "Undefined variable: terminalCode" File: /var/www/Kronus_GenesisAbbott/cashier.genesis.abbott/app/frontend/models/TransactionSummaryModel.php Line: 359
[2014-06-02 10:57:23.330736][NOTICE] "Undefined variable: terminalCode" File: /var/www/Kronus_GenesisAbbott/cashier.genesis.abbott/app/frontend/models/TransactionSummaryModel.php Line: 359
[2014-06-02 10:57:23.332044][NOTICE] "Undefined variable: terminalCode" File: /var/www/Kronus_GenesisAbbott/cashier.genesis.abbott/app/frontend/models/TransactionSummaryModel.php Line: 359
[2014-06-02 10:57:23.332585][NOTICE] "Undefined variable: terminalCode" File: /var/www/Kronus_GenesisAbbott/cashier.genesis.abbott/app/frontend/models/TransactionSummaryModel.php Line: 359
[2014-06-02 10:57:23.333094][NOTICE] "Undefined variable: terminalCode" File: /var/www/Kronus_GenesisAbbott/cashier.genesis.abbott/app/frontend/models/TransactionSummaryModel.php Line: 359
[2014-06-02 10:57:23.399811][NOTICE] "Undefined variable: depositcash" File: /var/www/Kronus_GenesisAbbott/cashier.genesis.abbott/app/frontend/views/reports/reports_transaction_history_tpl.php Line: 76
[2014-06-02 10:57:23.401488][NOTICE] "Undefined variable: depositticket" File: /var/www/Kronus_GenesisAbbott/cashier.genesis.abbott/app/frontend/views/reports/reports_transaction_history_tpl.php Line: 77
[2014-06-02 10:57:23.401922][NOTICE] "Undefined variable: depositcoupon" File: /var/www/Kronus_GenesisAbbott/cashier.genesis.abbott/app/frontend/views/reports/reports_transaction_history_tpl.php Line: 78
[2014-06-02 10:57:23.402350][NOTICE] "Undefined variable: reloadcash" File: /var/www/Kronus_GenesisAbbott/cashier.genesis.abbott/app/frontend/views/reports/reports_transaction_history_tpl.php Line: 80
[2014-06-02 10:57:23.402759][NOTICE] "Undefined variable: reloadticket" File: /var/www/Kronus_GenesisAbbott/cashier.genesis.abbott/app/frontend/views/reports/reports_transaction_history_tpl.php Line: 81
[2014-06-02 10:57:23.403049][NOTICE] "Undefined variable: reloadcoupon" File: /var/www/Kronus_GenesisAbbott/cashier.genesis.abbott/app/frontend/views/reports/reports_transaction_history_tpl.php Line: 82
[2014-06-02 10:57:23.403284][NOTICE] "Undefined variable: withdrawalcashier" File: /var/www/Kronus_GenesisAbbott/cashier.genesis.abbott/app/frontend/views/reports/reports_transaction_history_tpl.php Line: 85
[2014-06-02 10:57:23.403560][NOTICE] "Undefined variable: withdrawalgenesis" File: /var/www/Kronus_GenesisAbbott/cashier.genesis.abbott/app/frontend/views/reports/reports_transaction_history_tpl.php Line: 86
[2014-06-02 10:57:23.414372][NOTICE] "Undefined variable: regdepositcash" File: /var/www/Kronus_GenesisAbbott/cashier.genesis.abbott/app/frontend/views/reports/reports_transaction_history_tpl.php Line: 108
[2014-06-02 10:57:23.414372][NOTICE] "Undefined variable: regdepositticket" File: /var/www/Kronus_GenesisAbbott/cashier.genesis.abbott/app/frontend/views/reports/reports_transaction_history_tpl.php Line: 109
[2014-06-02 10:57:23.414694][NOTICE] "Undefined variable: regdepositcoupon" File: /var/www/Kronus_GenesisAbbott/cashier.genesis.abbott/app/frontend/views/reports/reports_transaction_history_tpl.php Line: 110
[2014-06-02 10:57:23.414956][NOTICE] "Undefined variable: regreloadcash" File: /var/www/Kronus_GenesisAbbott/cashier.genesis.abbott/app/frontend/views/reports/reports_transaction_history_tpl.php Line: 112
[2014-06-02 10:57:23.415136][NOTICE] "Undefined variable: regreloadticket" File: /var/www/Kronus_GenesisAbbott/cashier.genesis.abbott/app/frontend/views/reports/reports_transaction_history_tpl.php Line: 113
[2014-06-02 10:57:23.415442][NOTICE] "Undefined variable: regreloadcoupon" File: /var/www/Kronus_GenesisAbbott/cashier.genesis.abbott/app/frontend/views/reports/reports_transaction_history_tpl.php Line: 114
[2014-06-02 10:57:23.415685][NOTICE] "Undefined variable: gendepositcash" File: /var/www/Kronus_GenesisAbbott/cashier.genesis.abbott/app/frontend/views/reports/reports_transaction_history_tpl.php Line: 116
[2014-06-02 10:57:23.415940][NOTICE] "Undefined variable: gendepositticket" File: /var/www/Kronus_GenesisAbbott/cashier.genesis.abbott/app/frontend/views/reports/reports_transaction_history_tpl.php Line: 117
[2014-06-02 10:57:23.416198][NOTICE] "Undefined variable: gendepositcoupon" File: /var/www/Kronus_GenesisAbbott/cashier.genesis.abbott/app/frontend/views/reports/reports_transaction_history_tpl.php Line: 118
[2014-06-02 10:57:23.416458][NOTICE] "Undefined variable: genreloadcash" File: /var/www/Kronus_GenesisAbbott/cashier.genesis.abbott/app/frontend/views/reports/reports_transaction_history_tpl.php Line: 120
[2014-06-02 10:57:23.416702][NOTICE] "Undefined variable: genreloadticket" File: /var/www/Kronus_GenesisAbbott/cashier.genesis.abbott/app/frontend/views/reports/reports_transaction_history_tpl.php Line: 121
[2014-06-02 10:57:23.416962][NOTICE] "Undefined variable: genreloadcoupon" File: /var/www/Kronus_GenesisAbbott/cashier.genesis.abbott/app/frontend/views/reports/reports_transaction_history_tpl.php Line: 122
[2014-06-02 10:57:23.417204][NOTICE] "Undefined variable: withdrawalcashier2" File: /var/www/Kronus_GenesisAbbott/cashier.genesis.abbott/app/frontend/views/reports/reports_transaction_history_tpl.php Line: 125
[2014-06-02 10:57:23.417462][NOTICE] "Undefined variable: withdrawalgenesis2" File: /var/www/Kronus_GenesisAbbott/cashier.genesis.abbott/app/frontend/views/reports/reports_transaction_history_tpl.php Line: 126
[2014-06-02 15:06:54.609951][NOTICE] "A session had already been started - ignoring session_start()" File: /var/www/Kronus_GenesisAbbott/cashier.genesis.abbott/app/frontend/models/LoginFormModel.php Line: 527
[2014-06-02 15:42:49.801230][NOTICE] "A session had already been started - ignoring session_start()" File: /var/www/Kronus_GenesisAbbott/cashier.genesis.abbott/app/frontend/models/LoginFormModel.php Line: 527
[2014-06-02 17:52:42.311989][NOTICE] "Undefined variable: terminalCode" File: /var/www/Kronus_GenesisAbbott/cashier.genesis.abbott/app/frontend/models/TransactionSummaryModel.php Line: 359
[2014-06-02 17:52:42.312877][NOTICE] "Undefined variable: terminalCode" File: /var/www/Kronus_GenesisAbbott/cashier.genesis.abbott/app/frontend/models/TransactionSummaryModel.php Line: 359
[2014-06-02 17:52:42.313152][NOTICE] "Undefined variable: terminalCode" File: /var/www/Kronus_GenesisAbbott/cashier.genesis.abbott/app/frontend/models/TransactionSummaryModel.php Line: 359
[2014-06-02 17:52:42.313369][NOTICE] "Undefined variable: terminalCode" File: /var/www/Kronus_GenesisAbbott/cashier.genesis.abbott/app/frontend/models/TransactionSummaryModel.php Line: 359
[2014-06-02 17:52:42.313607][NOTICE] "Undefined variable: terminalCode" File: /var/www/Kronus_GenesisAbbott/cashier.genesis.abbott/app/frontend/models/TransactionSummaryModel.php Line: 359
[2014-06-02 17:52:42.313803][NOTICE] "Undefined variable: terminalCode" File: /var/www/Kronus_GenesisAbbott/cashier.genesis.abbott/app/frontend/models/TransactionSummaryModel.php Line: 359
[2014-06-02 17:52:42.313981][NOTICE] "Undefined variable: terminalCode" File: /var/www/Kronus_GenesisAbbott/cashier.genesis.abbott/app/frontend/models/TransactionSummaryModel.php Line: 359
[2014-06-02 17:52:42.314201][NOTICE] "Undefined variable: terminalCode" File: /var/www/Kronus_GenesisAbbott/cashier.genesis.abbott/app/frontend/models/TransactionSummaryModel.php Line: 359
[2014-06-02 17:52:42.314385][NOTICE] "Undefined variable: terminalCode" File: /var/www/Kronus_GenesisAbbott/cashier.genesis.abbott/app/frontend/models/TransactionSummaryModel.php Line: 359
[2014-06-02 17:52:42.314570][NOTICE] "Undefined variable: terminalCode" File: /var/www/Kronus_GenesisAbbott/cashier.genesis.abbott/app/frontend/models/TransactionSummaryModel.php Line: 359
[2014-06-02 17:52:42.314779][NOTICE] "Undefined variable: terminalCode" File: /var/www/Kronus_GenesisAbbott/cashier.genesis.abbott/app/frontend/models/TransactionSummaryModel.php Line: 359
[2014-06-02 17:52:42.314957][NOTICE] "Undefined variable: terminalCode" File: /var/www/Kronus_GenesisAbbott/cashier.genesis.abbott/app/frontend/models/TransactionSummaryModel.php Line: 359
[2014-06-02 17:52:42.315087][NOTICE] "Undefined variable: terminalCode" File: /var/www/Kronus_GenesisAbbott/cashier.genesis.abbott/app/frontend/models/TransactionSummaryModel.php Line: 359
[2014-06-02 17:52:42.315215][NOTICE] "Undefined variable: terminalCode" File: /var/www/Kronus_GenesisAbbott/cashier.genesis.abbott/app/frontend/models/TransactionSummaryModel.php Line: 359
[2014-06-02 17:52:42.315455][NOTICE] "Undefined variable: terminalCode" File: /var/www/Kronus_GenesisAbbott/cashier.genesis.abbott/app/frontend/models/TransactionSummaryModel.php Line: 359
[2014-06-02 17:52:42.315644][NOTICE] "Undefined variable: terminalCode" File: /var/www/Kronus_GenesisAbbott/cashier.genesis.abbott/app/frontend/models/TransactionSummaryModel.php Line: 359
[2014-06-02 17:52:42.315829][NOTICE] "Undefined variable: terminalCode" File: /var/www/Kronus_GenesisAbbott/cashier.genesis.abbott/app/frontend/models/TransactionSummaryModel.php Line: 359
[2014-06-02 17:52:42.316027][NOTICE] "Undefined variable: terminalCode" File: /var/www/Kronus_GenesisAbbott/cashier.genesis.abbott/app/frontend/models/TransactionSummaryModel.php Line: 359
[2014-06-02 17:52:42.316218][NOTICE] "Undefined variable: terminalCode" File: /var/www/Kronus_GenesisAbbott/cashier.genesis.abbott/app/frontend/models/TransactionSummaryModel.php Line: 359
[2014-06-02 17:52:42.316410][NOTICE] "Undefined variable: terminalCode" File: /var/www/Kronus_GenesisAbbott/cashier.genesis.abbott/app/frontend/models/TransactionSummaryModel.php Line: 359
[2014-06-02 17:52:42.316608][NOTICE] "Undefined variable: terminalCode" File: /var/www/Kronus_GenesisAbbott/cashier.genesis.abbott/app/frontend/models/TransactionSummaryModel.php Line: 359
[2014-06-02 17:52:42.316797][NOTICE] "Undefined variable: terminalCode" File: /var/www/Kronus_GenesisAbbott/cashier.genesis.abbott/app/frontend/models/TransactionSummaryModel.php Line: 359
[2014-06-02 17:52:42.317012][NOTICE] "Undefined variable: terminalCode" File: /var/www/Kronus_GenesisAbbott/cashier.genesis.abbott/app/frontend/models/TransactionSummaryModel.php Line: 359
[2014-06-02 17:52:42.317203][NOTICE] "Undefined variable: terminalCode" File: /var/www/Kronus_GenesisAbbott/cashier.genesis.abbott/app/frontend/models/TransactionSummaryModel.php Line: 359
[2014-06-02 17:52:42.317388][NOTICE] "Undefined variable: terminalCode" File: /var/www/Kronus_GenesisAbbott/cashier.genesis.abbott/app/frontend/models/TransactionSummaryModel.php Line: 359
[2014-06-02 17:52:42.317592][NOTICE] "Undefined variable: terminalCode" File: /var/www/Kronus_GenesisAbbott/cashier.genesis.abbott/app/frontend/models/TransactionSummaryModel.php Line: 359
[2014-06-02 17:52:42.317779][NOTICE] "Undefined variable: terminalCode" File: /var/www/Kronus_GenesisAbbott/cashier.genesis.abbott/app/frontend/models/TransactionSummaryModel.php Line: 359
[2014-06-02 17:52:42.317970][NOTICE] "Undefined variable: terminalCode" File: /var/www/Kronus_GenesisAbbott/cashier.genesis.abbott/app/frontend/models/TransactionSummaryModel.php Line: 359
[2014-06-02 17:52:42.318167][NOTICE] "Undefined variable: terminalCode" File: /var/www/Kronus_GenesisAbbott/cashier.genesis.abbott/app/frontend/models/TransactionSummaryModel.php Line: 359
[2014-06-02 17:52:42.318357][NOTICE] "Undefined variable: terminalCode" File: /var/www/Kronus_GenesisAbbott/cashier.genesis.abbott/app/frontend/models/TransactionSummaryModel.php Line: 359
[2014-06-02 17:52:42.318484][NOTICE] "Undefined variable: terminalCode" File: /var/www/Kronus_GenesisAbbott/cashier.genesis.abbott/app/frontend/models/TransactionSummaryModel.php Line: 359
[2014-06-02 17:52:42.318680][NOTICE] "Undefined variable: terminalCode" File: /var/www/Kronus_GenesisAbbott/cashier.genesis.abbott/app/frontend/models/TransactionSummaryModel.php Line: 359
[2014-06-02 17:52:42.318882][NOTICE] "Undefined variable: terminalCode" File: /var/www/Kronus_GenesisAbbott/cashier.genesis.abbott/app/frontend/models/TransactionSummaryModel.php Line: 359
[2014-06-02 17:52:42.318980][NOTICE] "Undefined variable: terminalCode" File: /var/www/Kronus_GenesisAbbott/cashier.genesis.abbott/app/frontend/models/TransactionSummaryModel.php Line: 359
[2014-06-02 17:52:42.319000][NOTICE] "Undefined variable: terminalCode" File: /var/www/Kronus_GenesisAbbott/cashier.genesis.abbott/app/frontend/models/TransactionSummaryModel.php Line: 359
[2014-06-02 17:52:42.319214][NOTICE] "Undefined variable: terminalCode" File: /var/www/Kronus_GenesisAbbott/cashier.genesis.abbott/app/frontend/models/TransactionSummaryModel.php Line: 359
[2014-06-02 17:52:42.319404][NOTICE] "Undefined variable: terminalCode" File: /var/www/Kronus_GenesisAbbott/cashier.genesis.abbott/app/frontend/models/TransactionSummaryModel.php Line: 359
[2014-06-02 17:52:42.319594][NOTICE] "Undefined variable: terminalCode" File: /var/www/Kronus_GenesisAbbott/cashier.genesis.abbott/app/frontend/models/TransactionSummaryModel.php Line: 359
[2014-06-02 17:52:42.319829][NOTICE] "Undefined variable: terminalCode" File: /var/www/Kronus_GenesisAbbott/cashier.genesis.abbott/app/frontend/models/TransactionSummaryModel.php Line: 359
[2014-06-02 17:52:42.320027][NOTICE] "Undefined variable: terminalCode" File: /var/www/Kronus_GenesisAbbott/cashier.genesis.abbott/app/frontend/models/TransactionSummaryModel.php Line: 359
[2014-06-02 17:52:42.320239][NOTICE] "Undefined variable: terminalCode" File: /var/www/Kronus_GenesisAbbott/cashier.genesis.abbott/app/frontend/models/TransactionSummaryModel.php Line: 359
[2014-06-02 17:52:42.320436][NOTICE] "Undefined variable: terminalCode" File: /var/www/Kronus_GenesisAbbott/cashier.genesis.abbott/app/frontend/models/TransactionSummaryModel.php Line: 359
[2014-06-02 17:52:42.320627][NOTICE] "Undefined variable: terminalCode" File: /var/www/Kronus_GenesisAbbott/cashier.genesis.abbott/app/frontend/models/TransactionSummaryModel.php Line: 359
[2014-06-02 17:53:22.236193][NOTICE] "Undefined variable: terminalCode" File: /var/www/Kronus_GenesisAbbott/cashier.genesis.abbott/app/frontend/models/TransactionSummaryModel.php Line: 359
[2014-06-02 17:53:22.236582][NOTICE] "Undefined variable: terminalCode" File: /var/www/Kronus_GenesisAbbott/cashier.genesis.abbott/app/frontend/models/TransactionSummaryModel.php Line: 359
[2014-06-02 17:53:22.236793][NOTICE] "Undefined variable: terminalCode" File: /var/www/Kronus_GenesisAbbott/cashier.genesis.abbott/app/frontend/models/TransactionSummaryModel.php Line: 359
[2014-06-02 17:53:22.236999][NOTICE] "Undefined variable: terminalCode" File: /var/www/Kronus_GenesisAbbott/cashier.genesis.abbott/app/frontend/models/TransactionSummaryModel.php Line: 359
[2014-06-02 17:53:22.237216][NOTICE] "Undefined variable: terminalCode" File: /var/www/Kronus_GenesisAbbott/cashier.genesis.abbott/app/frontend/models/TransactionSummaryModel.php Line: 359
[2014-06-02 17:53:22.237422][NOTICE] "Undefined variable: terminalCode" File: /var/www/Kronus_GenesisAbbott/cashier.genesis.abbott/app/frontend/models/TransactionSummaryModel.php Line: 359
[2014-06-02 17:53:22.237633][NOTICE] "Undefined variable: terminalCode" File: /var/www/Kronus_GenesisAbbott/cashier.genesis.abbott/app/frontend/models/TransactionSummaryModel.php Line: 359
[2014-06-02 17:53:22.237843][NOTICE] "Undefined variable: terminalCode" File: /var/www/Kronus_GenesisAbbott/cashier.genesis.abbott/app/frontend/models/TransactionSummaryModel.php Line: 359
[2014-06-02 17:53:22.238058][NOTICE] "Undefined variable: terminalCode" File: /var/www/Kronus_GenesisAbbott/cashier.genesis.abbott/app/frontend/models/TransactionSummaryModel.php Line: 359
[2014-06-02 17:53:22.238101][NOTICE] "Undefined variable: terminalCode" File: /var/www/Kronus_GenesisAbbott/cashier.genesis.abbott/app/frontend/models/TransactionSummaryModel.php Line: 359
[2014-06-02 17:53:22.238101][NOTICE] "Undefined variable: terminalCode" File: /var/www/Kronus_GenesisAbbott/cashier.genesis.abbott/app/frontend/models/TransactionSummaryModel.php Line: 359
[2014-06-02 17:53:22.238335][NOTICE] "Undefined variable: terminalCode" File: /var/www/Kronus_GenesisAbbott/cashier.genesis.abbott/app/frontend/models/TransactionSummaryModel.php Line: 359
[2014-06-02 17:53:22.238535][NOTICE] "Undefined variable: terminalCode" File: /var/www/Kronus_GenesisAbbott/cashier.genesis.abbott/app/frontend/models/TransactionSummaryModel.php Line: 359
[2014-06-02 17:53:22.240060][NOTICE] "Undefined variable: terminalCode" File: /var/www/Kronus_GenesisAbbott/cashier.genesis.abbott/app/frontend/models/TransactionSummaryModel.php Line: 359
[2014-06-02 17:53:22.240285][NOTICE] "Undefined variable: terminalCode" File: /var/www/Kronus_GenesisAbbott/cashier.genesis.abbott/app/frontend/models/TransactionSummaryModel.php Line: 359
[2014-06-02 17:53:22.240500][NOTICE] "Undefined variable: terminalCode" File: /var/www/Kronus_GenesisAbbott/cashier.genesis.abbott/app/frontend/models/TransactionSummaryModel.php Line: 359
[2014-06-02 17:53:22.240708][NOTICE] "Undefined variable: terminalCode" File: /var/www/Kronus_GenesisAbbott/cashier.genesis.abbott/app/frontend/models/TransactionSummaryModel.php Line: 359
[2014-06-02 17:53:22.240924][NOTICE] "Undefined variable: terminalCode" File: /var/www/Kronus_GenesisAbbott/cashier.genesis.abbott/app/frontend/models/TransactionSummaryModel.php Line: 359
[2014-06-02 17:53:22.241125][NOTICE] "Undefined variable: terminalCode" File: /var/www/Kronus_GenesisAbbott/cashier.genesis.abbott/app/frontend/models/TransactionSummaryModel.php Line: 359
[2014-06-02 17:53:22.241334][NOTICE] "Undefined variable: terminalCode" File: /var/www/Kronus_GenesisAbbott/cashier.genesis.abbott/app/frontend/models/TransactionSummaryModel.php Line: 359
[2014-06-02 17:53:22.241556][NOTICE] "Undefined variable: terminalCode" File: /var/www/Kronus_GenesisAbbott/cashier.genesis.abbott/app/frontend/models/TransactionSummaryModel.php Line: 359
[2014-06-02 17:53:22.241757][NOTICE] "Undefined variable: terminalCode" File: /var/www/Kronus_GenesisAbbott/cashier.genesis.abbott/app/frontend/models/TransactionSummaryModel.php Line: 359
[2014-06-02 17:53:22.241970][NOTICE] "Undefined variable: terminalCode" File: /var/www/Kronus_GenesisAbbott/cashier.genesis.abbott/app/frontend/models/TransactionSummaryModel.php Line: 359
[2014-06-02 17:53:22.242174][NOTICE] "Undefined variable: terminalCode" File: /var/www/Kronus_GenesisAbbott/cashier.genesis.abbott/app/frontend/models/TransactionSummaryModel.php Line: 359
[2014-06-02 17:53:22.242384][NOTICE] "Undefined variable: terminalCode" File: /var/www/Kronus_GenesisAbbott/cashier.genesis.abbott/app/frontend/models/TransactionSummaryModel.php Line: 359
[2014-06-02 17:53:22.242589][NOTICE] "Undefined variable: terminalCode" File: /var/www/Kronus_GenesisAbbott/cashier.genesis.abbott/app/frontend/models/TransactionSummaryModel.php Line: 359
[2014-06-02 17:53:22.242792][NOTICE] "Undefined variable: terminalCode" File: /var/www/Kronus_GenesisAbbott/cashier.genesis.abbott/app/frontend/models/TransactionSummaryModel.php Line: 359
[2014-06-02 17:53:22.243045][NOTICE] "Undefined variable: terminalCode" File: /var/www/Kronus_GenesisAbbott/cashier.genesis.abbott/app/frontend/models/TransactionSummaryModel.php Line: 359
[2014-06-02 17:53:22.243251][NOTICE] "Undefined variable: terminalCode" File: /var/www/Kronus_GenesisAbbott/cashier.genesis.abbott/app/frontend/models/TransactionSummaryModel.php Line: 359
[2014-06-02 17:53:22.243477][NOTICE] "Undefined variable: terminalCode" File: /var/www/Kronus_GenesisAbbott/cashier.genesis.abbott/app/frontend/models/TransactionSummaryModel.php Line: 359
[2014-06-02 17:53:22.243681][NOTICE] "Undefined variable: terminalCode" File: /var/www/Kronus_GenesisAbbott/cashier.genesis.abbott/app/frontend/models/TransactionSummaryModel.php Line: 359
[2014-06-02 17:53:22.243886][NOTICE] "Undefined variable: terminalCode" File: /var/www/Kronus_GenesisAbbott/cashier.genesis.abbott/app/frontend/models/TransactionSummaryModel.php Line: 359
[2014-06-02 17:53:22.244105][NOTICE] "Undefined variable: terminalCode" File: /var/www/Kronus_GenesisAbbott/cashier.genesis.abbott/app/frontend/models/TransactionSummaryModel.php Line: 359
[2014-06-02 17:53:22.244310][NOTICE] "Undefined variable: terminalCode" File: /var/www/Kronus_GenesisAbbott/cashier.genesis.abbott/app/frontend/models/TransactionSummaryModel.php Line: 359
[2014-06-02 17:53:22.244555][NOTICE] "Undefined variable: terminalCode" File: /var/www/Kronus_GenesisAbbott/cashier.genesis.abbott/app/frontend/models/TransactionSummaryModel.php Line: 359
[2014-06-02 17:53:22.244759][NOTICE] "Undefined variable: terminalCode" File: /var/www/Kronus_GenesisAbbott/cashier.genesis.abbott/app/frontend/models/TransactionSummaryModel.php Line: 359
[2014-06-02 17:53:22.244977][NOTICE] "Undefined variable: terminalCode" File: /var/www/Kronus_GenesisAbbott/cashier.genesis.abbott/app/frontend/models/TransactionSummaryModel.php Line: 359
[2014-06-02 17:53:22.245185][NOTICE] "Undefined variable: terminalCode" File: /var/www/Kronus_GenesisAbbott/cashier.genesis.abbott/app/frontend/models/TransactionSummaryModel.php Line: 359
[2014-06-02 17:53:22.245391][NOTICE] "Undefined variable: terminalCode" File: /var/www/Kronus_GenesisAbbott/cashier.genesis.abbott/app/frontend/models/TransactionSummaryModel.php Line: 359
[2014-06-02 17:53:22.245608][NOTICE] "Undefined variable: terminalCode" File: /var/www/Kronus_GenesisAbbott/cashier.genesis.abbott/app/frontend/models/TransactionSummaryModel.php Line: 359
[2014-06-02 17:53:22.245815][NOTICE] "Undefined variable: terminalCode" File: /var/www/Kronus_GenesisAbbott/cashier.genesis.abbott/app/frontend/models/TransactionSummaryModel.php Line: 359
[2014-06-02 17:53:22.246047][NOTICE] "Undefined variable: terminalCode" File: /var/www/Kronus_GenesisAbbott/cashier.genesis.abbott/app/frontend/models/TransactionSummaryModel.php Line: 359
[2014-06-02 17:53:22.246261][NOTICE] "Undefined variable: terminalCode" File: /var/www/Kronus_GenesisAbbott/cashier.genesis.abbott/app/frontend/models/TransactionSummaryModel.php Line: 359
[2014-06-02 17:53:22.261224][NOTICE] "Undefined variable: depositcash" File: /var/www/Kronus_GenesisAbbott/cashier.genesis.abbott/app/frontend/views/reports/reports_transaction_history_tpl.php Line: 76
[2014-06-02 17:53:22.261436][NOTICE] "Undefined variable: depositticket" File: /var/www/Kronus_GenesisAbbott/cashier.genesis.abbott/app/frontend/views/reports/reports_transaction_history_tpl.php Line: 77
[2014-06-02 17:53:22.261651][NOTICE] "Undefined variable: depositcoupon" File: /var/www/Kronus_GenesisAbbott/cashier.genesis.abbott/app/frontend/views/reports/reports_transaction_history_tpl.php Line: 78
[2014-06-02 17:53:22.261850][NOTICE] "Undefined variable: reloadcash" File: /var/www/Kronus_GenesisAbbott/cashier.genesis.abbott/app/frontend/views/reports/reports_transaction_history_tpl.php Line: 80
[2014-06-02 17:53:22.262058][NOTICE] "Undefined variable: reloadticket" File: /var/www/Kronus_GenesisAbbott/cashier.genesis.abbott/app/frontend/views/reports/reports_transaction_history_tpl.php Line: 81
[2014-06-02 17:53:22.262255][NOTICE] "Undefined variable: reloadcoupon" File: /var/www/Kronus_GenesisAbbott/cashier.genesis.abbott/app/frontend/views/reports/reports_transaction_history_tpl.php Line: 82
[2014-06-02 17:53:22.262451][NOTICE] "Undefined variable: withdrawalcashier" File: /var/www/Kronus_GenesisAbbott/cashier.genesis.abbott/app/frontend/views/reports/reports_transaction_history_tpl.php Line: 85
[2014-06-02 17:53:22.262656][NOTICE] "Undefined variable: withdrawalgenesis" File: /var/www/Kronus_GenesisAbbott/cashier.genesis.abbott/app/frontend/views/reports/reports_transaction_history_tpl.php Line: 86
[2014-06-02 17:53:22.264339][NOTICE] "Undefined variable: regdepositcash" File: /var/www/Kronus_GenesisAbbott/cashier.genesis.abbott/app/frontend/views/reports/reports_transaction_history_tpl.php Line: 108
[2014-06-02 17:53:22.264563][NOTICE] "Undefined variable: regdepositticket" File: /var/www/Kronus_GenesisAbbott/cashier.genesis.abbott/app/frontend/views/reports/reports_transaction_history_tpl.php Line: 109
[2014-06-02 17:53:22.264766][NOTICE] "Undefined variable: regdepositcoupon" File: /var/www/Kronus_GenesisAbbott/cashier.genesis.abbott/app/frontend/views/reports/reports_transaction_history_tpl.php Line: 110
[2014-06-02 17:53:22.264977][NOTICE] "Undefined variable: regreloadcash" File: /var/www/Kronus_GenesisAbbott/cashier.genesis.abbott/app/frontend/views/reports/reports_transaction_history_tpl.php Line: 112
[2014-06-02 17:53:22.265256][NOTICE] "Undefined variable: regreloadticket" File: /var/www/Kronus_GenesisAbbott/cashier.genesis.abbott/app/frontend/views/reports/reports_transaction_history_tpl.php Line: 113
[2014-06-02 17:53:22.265474][NOTICE] "Undefined variable: regreloadcoupon" File: /var/www/Kronus_GenesisAbbott/cashier.genesis.abbott/app/frontend/views/reports/reports_transaction_history_tpl.php Line: 114
[2014-06-02 17:53:22.265679][NOTICE] "Undefined variable: gendepositcash" File: /var/www/Kronus_GenesisAbbott/cashier.genesis.abbott/app/frontend/views/reports/reports_transaction_history_tpl.php Line: 116
[2014-06-02 17:53:22.265879][NOTICE] "Undefined variable: gendepositticket" File: /var/www/Kronus_GenesisAbbott/cashier.genesis.abbott/app/frontend/views/reports/reports_transaction_history_tpl.php Line: 117
[2014-06-02 17:53:22.266097][NOTICE] "Undefined variable: gendepositcoupon" File: /var/www/Kronus_GenesisAbbott/cashier.genesis.abbott/app/frontend/views/reports/reports_transaction_history_tpl.php Line: 118
[2014-06-02 17:53:22.266300][NOTICE] "Undefined variable: genreloadcash" File: /var/www/Kronus_GenesisAbbott/cashier.genesis.abbott/app/frontend/views/reports/reports_transaction_history_tpl.php Line: 120
[2014-06-02 17:53:22.266519][NOTICE] "Undefined variable: genreloadticket" File: /var/www/Kronus_GenesisAbbott/cashier.genesis.abbott/app/frontend/views/reports/reports_transaction_history_tpl.php Line: 121
[2014-06-02 17:53:22.266723][NOTICE] "Undefined variable: genreloadcoupon" File: /var/www/Kronus_GenesisAbbott/cashier.genesis.abbott/app/frontend/views/reports/reports_transaction_history_tpl.php Line: 122
[2014-06-02 17:53:22.266924][NOTICE] "Undefined variable: withdrawalcashier2" File: /var/www/Kronus_GenesisAbbott/cashier.genesis.abbott/app/frontend/views/reports/reports_transaction_history_tpl.php Line: 125
[2014-06-02 17:53:22.267838][NOTICE] "Undefined variable: withdrawalgenesis2" File: /var/www/Kronus_GenesisAbbott/cashier.genesis.abbott/app/frontend/views/reports/reports_transaction_history_tpl.php Line: 126
[2014-06-02 17:53:34.843992][NOTICE] "Undefined index: startlimit" File: /var/www/Kronus_GenesisAbbott/cashier.genesis.abbott/app/frontend/controllers/ReportsController.php Line: 56
[2014-06-02 17:53:40.22292][NOTICE] "Undefined index: startlimit" File: /var/www/Kronus_GenesisAbbott/cashier.genesis.abbott/app/frontend/controllers/ReportsController.php Line: 56
