[2014-06-04 13:54:26.752293][NOTICE] "Undefined variable: terminalCode" File: /var/www/Kronus_GenesisAbbott/cashier.genesis.abbott/app/frontend/models/TransactionSummaryModel.php Line: 359
[2014-06-04 13:54:26.753149][NOTICE] "Undefined variable: terminalCode" File: /var/www/Kronus_GenesisAbbott/cashier.genesis.abbott/app/frontend/models/TransactionSummaryModel.php Line: 359
[2014-06-04 13:54:26.753640][NOTICE] "Undefined variable: terminalCode" File: /var/www/Kronus_GenesisAbbott/cashier.genesis.abbott/app/frontend/models/TransactionSummaryModel.php Line: 359
[2014-06-04 13:54:26.754119][NOTICE] "Undefined variable: terminalCode" File: /var/www/Kronus_GenesisAbbott/cashier.genesis.abbott/app/frontend/models/TransactionSummaryModel.php Line: 359
[2014-06-04 13:54:26.754562][NOTICE] "Undefined variable: terminalCode" File: /var/www/Kronus_GenesisAbbott/cashier.genesis.abbott/app/frontend/models/TransactionSummaryModel.php Line: 359
[2014-06-04 13:54:26.755028][NOTICE] "Undefined variable: terminalCode" File: /var/www/Kronus_GenesisAbbott/cashier.genesis.abbott/app/frontend/models/TransactionSummaryModel.php Line: 359
[2014-06-04 13:54:26.755488][NOTICE] "Undefined variable: terminalCode" File: /var/www/Kronus_GenesisAbbott/cashier.genesis.abbott/app/frontend/models/TransactionSummaryModel.php Line: 359
[2014-06-04 13:54:26.755935][NOTICE] "Undefined variable: terminalCode" File: /var/www/Kronus_GenesisAbbott/cashier.genesis.abbott/app/frontend/models/TransactionSummaryModel.php Line: 359
[2014-06-04 13:54:26.756416][NOTICE] "Undefined variable: terminalCode" File: /var/www/Kronus_GenesisAbbott/cashier.genesis.abbott/app/frontend/models/TransactionSummaryModel.php Line: 359
[2014-06-04 13:54:26.756888][NOTICE] "Undefined variable: terminalCode" File: /var/www/Kronus_GenesisAbbott/cashier.genesis.abbott/app/frontend/models/TransactionSummaryModel.php Line: 359
[2014-06-04 13:54:26.757364][NOTICE] "Undefined variable: terminalCode" File: /var/www/Kronus_GenesisAbbott/cashier.genesis.abbott/app/frontend/models/TransactionSummaryModel.php Line: 359
[2014-06-04 13:54:26.757877][NOTICE] "Undefined variable: terminalCode" File: /var/www/Kronus_GenesisAbbott/cashier.genesis.abbott/app/frontend/models/TransactionSummaryModel.php Line: 359
[2014-06-04 13:54:26.758340][NOTICE] "Undefined variable: terminalCode" File: /var/www/Kronus_GenesisAbbott/cashier.genesis.abbott/app/frontend/models/TransactionSummaryModel.php Line: 359
[2014-06-04 13:54:26.758802][NOTICE] "Undefined variable: terminalCode" File: /var/www/Kronus_GenesisAbbott/cashier.genesis.abbott/app/frontend/models/TransactionSummaryModel.php Line: 359
[2014-06-04 13:54:26.759271][NOTICE] "Undefined variable: terminalCode" File: /var/www/Kronus_GenesisAbbott/cashier.genesis.abbott/app/frontend/models/TransactionSummaryModel.php Line: 359
[2014-06-04 13:54:26.759744][NOTICE] "Undefined variable: terminalCode" File: /var/www/Kronus_GenesisAbbott/cashier.genesis.abbott/app/frontend/models/TransactionSummaryModel.php Line: 359
[2014-06-04 13:54:26.760205][NOTICE] "Undefined variable: terminalCode" File: /var/www/Kronus_GenesisAbbott/cashier.genesis.abbott/app/frontend/models/TransactionSummaryModel.php Line: 359
[2014-06-04 13:54:26.760718][NOTICE] "Undefined variable: terminalCode" File: /var/www/Kronus_GenesisAbbott/cashier.genesis.abbott/app/frontend/models/TransactionSummaryModel.php Line: 359
[2014-06-04 13:54:26.761013][NOTICE] "Undefined variable: terminalCode" File: /var/www/Kronus_GenesisAbbott/cashier.genesis.abbott/app/frontend/models/TransactionSummaryModel.php Line: 359
[2014-06-04 13:54:26.761345][NOTICE] "Undefined variable: terminalCode" File: /var/www/Kronus_GenesisAbbott/cashier.genesis.abbott/app/frontend/models/TransactionSummaryModel.php Line: 359
[2014-06-04 13:54:26.761844][NOTICE] "Undefined variable: terminalCode" File: /var/www/Kronus_GenesisAbbott/cashier.genesis.abbott/app/frontend/models/TransactionSummaryModel.php Line: 359
[2014-06-04 13:54:26.762290][NOTICE] "Undefined variable: terminalCode" File: /var/www/Kronus_GenesisAbbott/cashier.genesis.abbott/app/frontend/models/TransactionSummaryModel.php Line: 359
[2014-06-04 13:54:26.762764][NOTICE] "Undefined variable: terminalCode" File: /var/www/Kronus_GenesisAbbott/cashier.genesis.abbott/app/frontend/models/TransactionSummaryModel.php Line: 359
[2014-06-04 13:54:26.763240][NOTICE] "Undefined variable: terminalCode" File: /var/www/Kronus_GenesisAbbott/cashier.genesis.abbott/app/frontend/models/TransactionSummaryModel.php Line: 359
[2014-06-04 13:54:26.763665][NOTICE] "Undefined variable: terminalCode" File: /var/www/Kronus_GenesisAbbott/cashier.genesis.abbott/app/frontend/models/TransactionSummaryModel.php Line: 359
[2014-06-04 13:54:26.764131][NOTICE] "Undefined variable: terminalCode" File: /var/www/Kronus_GenesisAbbott/cashier.genesis.abbott/app/frontend/models/TransactionSummaryModel.php Line: 359
[2014-06-04 13:54:26.764584][NOTICE] "Undefined variable: terminalCode" File: /var/www/Kronus_GenesisAbbott/cashier.genesis.abbott/app/frontend/models/TransactionSummaryModel.php Line: 359
[2014-06-04 13:54:26.765017][NOTICE] "Undefined variable: terminalCode" File: /var/www/Kronus_GenesisAbbott/cashier.genesis.abbott/app/frontend/models/TransactionSummaryModel.php Line: 359
[2014-06-04 13:54:26.765604][NOTICE] "Undefined variable: terminalCode" File: /var/www/Kronus_GenesisAbbott/cashier.genesis.abbott/app/frontend/models/TransactionSummaryModel.php Line: 359
[2014-06-04 13:54:26.766057][NOTICE] "Undefined variable: terminalCode" File: /var/www/Kronus_GenesisAbbott/cashier.genesis.abbott/app/frontend/models/TransactionSummaryModel.php Line: 359
[2014-06-04 13:54:26.766544][NOTICE] "Undefined variable: terminalCode" File: /var/www/Kronus_GenesisAbbott/cashier.genesis.abbott/app/frontend/models/TransactionSummaryModel.php Line: 359
[2014-06-04 13:54:26.827176][NOTICE] "Undefined variable: depositcash" File: /var/www/Kronus_GenesisAbbott/cashier.genesis.abbott/app/frontend/views/reports/reports_transaction_history_tpl.php Line: 76
[2014-06-04 13:54:26.828069][NOTICE] "Undefined variable: depositticket" File: /var/www/Kronus_GenesisAbbott/cashier.genesis.abbott/app/frontend/views/reports/reports_transaction_history_tpl.php Line: 77
[2014-06-04 13:54:26.828511][NOTICE] "Undefined variable: depositcoupon" File: /var/www/Kronus_GenesisAbbott/cashier.genesis.abbott/app/frontend/views/reports/reports_transaction_history_tpl.php Line: 78
[2014-06-04 13:54:26.828815][NOTICE] "Undefined variable: reloadcash" File: /var/www/Kronus_GenesisAbbott/cashier.genesis.abbott/app/frontend/views/reports/reports_transaction_history_tpl.php Line: 80
[2014-06-04 13:54:26.829269][NOTICE] "Undefined variable: reloadticket" File: /var/www/Kronus_GenesisAbbott/cashier.genesis.abbott/app/frontend/views/reports/reports_transaction_history_tpl.php Line: 81
[2014-06-04 13:54:26.829684][NOTICE] "Undefined variable: reloadcoupon" File: /var/www/Kronus_GenesisAbbott/cashier.genesis.abbott/app/frontend/views/reports/reports_transaction_history_tpl.php Line: 82
[2014-06-04 13:54:26.830067][NOTICE] "Undefined variable: withdrawalcashier" File: /var/www/Kronus_GenesisAbbott/cashier.genesis.abbott/app/frontend/views/reports/reports_transaction_history_tpl.php Line: 85
[2014-06-04 13:54:26.830480][NOTICE] "Undefined variable: withdrawalgenesis" File: /var/www/Kronus_GenesisAbbott/cashier.genesis.abbott/app/frontend/views/reports/reports_transaction_history_tpl.php Line: 86
[2014-06-04 13:54:26.834284][NOTICE] "Undefined variable: regdepositcash" File: /var/www/Kronus_GenesisAbbott/cashier.genesis.abbott/app/frontend/views/reports/reports_transaction_history_tpl.php Line: 108
[2014-06-04 13:54:26.834723][NOTICE] "Undefined variable: regdepositticket" File: /var/www/Kronus_GenesisAbbott/cashier.genesis.abbott/app/frontend/views/reports/reports_transaction_history_tpl.php Line: 109
[2014-06-04 13:54:26.835114][NOTICE] "Undefined variable: regdepositcoupon" File: /var/www/Kronus_GenesisAbbott/cashier.genesis.abbott/app/frontend/views/reports/reports_transaction_history_tpl.php Line: 110
[2014-06-04 13:54:26.835540][NOTICE] "Undefined variable: regreloadcash" File: /var/www/Kronus_GenesisAbbott/cashier.genesis.abbott/app/frontend/views/reports/reports_transaction_history_tpl.php Line: 112
[2014-06-04 13:54:26.835975][NOTICE] "Undefined variable: regreloadticket" File: /var/www/Kronus_GenesisAbbott/cashier.genesis.abbott/app/frontend/views/reports/reports_transaction_history_tpl.php Line: 113
[2014-06-04 13:54:26.836146][NOTICE] "Undefined variable: regreloadcoupon" File: /var/www/Kronus_GenesisAbbott/cashier.genesis.abbott/app/frontend/views/reports/reports_transaction_history_tpl.php Line: 114
[2014-06-04 13:54:26.836486][NOTICE] "Undefined variable: gendepositcash" File: /var/www/Kronus_GenesisAbbott/cashier.genesis.abbott/app/frontend/views/reports/reports_transaction_history_tpl.php Line: 116
[2014-06-04 13:54:26.836788][NOTICE] "Undefined variable: gendepositticket" File: /var/www/Kronus_GenesisAbbott/cashier.genesis.abbott/app/frontend/views/reports/reports_transaction_history_tpl.php Line: 117
[2014-06-04 13:54:26.837266][NOTICE] "Undefined variable: gendepositcoupon" File: /var/www/Kronus_GenesisAbbott/cashier.genesis.abbott/app/frontend/views/reports/reports_transaction_history_tpl.php Line: 118
[2014-06-04 13:54:26.837694][NOTICE] "Undefined variable: genreloadcash" File: /var/www/Kronus_GenesisAbbott/cashier.genesis.abbott/app/frontend/views/reports/reports_transaction_history_tpl.php Line: 120
[2014-06-04 13:54:26.838116][NOTICE] "Undefined variable: genreloadticket" File: /var/www/Kronus_GenesisAbbott/cashier.genesis.abbott/app/frontend/views/reports/reports_transaction_history_tpl.php Line: 121
[2014-06-04 13:54:26.838506][NOTICE] "Undefined variable: genreloadcoupon" File: /var/www/Kronus_GenesisAbbott/cashier.genesis.abbott/app/frontend/views/reports/reports_transaction_history_tpl.php Line: 122
[2014-06-04 13:54:26.839165][NOTICE] "Undefined variable: withdrawalcashier2" File: /var/www/Kronus_GenesisAbbott/cashier.genesis.abbott/app/frontend/views/reports/reports_transaction_history_tpl.php Line: 125
[2014-06-04 13:54:26.839615][NOTICE] "Undefined variable: withdrawalgenesis2" File: /var/www/Kronus_GenesisAbbott/cashier.genesis.abbott/app/frontend/views/reports/reports_transaction_history_tpl.php Line: 126
[2014-06-04 15:34:06.655583][NOTICE] "session_start(): ps_files_cleanup_dir: opendir(/var/lib/php5) failed: Permission denied (13)" File: /var/www/Kronus_GenesisAbbott/cashier.genesis.abbott/app/frontend/components/FrontendController.php Line: 6
[2014-06-04 16:31:58.907517][NOTICE] "Undefined variable: terminalCode" File: /var/www/Kronus_GenesisAbbott/cashier.genesis.abbott/app/frontend/models/TransactionSummaryModel.php Line: 359
[2014-06-04 16:31:58.908031][NOTICE] "Undefined variable: terminalCode" File: /var/www/Kronus_GenesisAbbott/cashier.genesis.abbott/app/frontend/models/TransactionSummaryModel.php Line: 359
[2014-06-04 16:31:58.908284][NOTICE] "Undefined variable: terminalCode" File: /var/www/Kronus_GenesisAbbott/cashier.genesis.abbott/app/frontend/models/TransactionSummaryModel.php Line: 359
[2014-06-04 16:31:58.908284][NOTICE] "Undefined variable: terminalCode" File: /var/www/Kronus_GenesisAbbott/cashier.genesis.abbott/app/frontend/models/TransactionSummaryModel.php Line: 359
[2014-06-04 16:31:58.908572][NOTICE] "Undefined variable: terminalCode" File: /var/www/Kronus_GenesisAbbott/cashier.genesis.abbott/app/frontend/models/TransactionSummaryModel.php Line: 359
[2014-06-04 16:31:58.908894][NOTICE] "Undefined variable: terminalCode" File: /var/www/Kronus_GenesisAbbott/cashier.genesis.abbott/app/frontend/models/TransactionSummaryModel.php Line: 359
[2014-06-04 16:31:58.909167][NOTICE] "Undefined variable: terminalCode" File: /var/www/Kronus_GenesisAbbott/cashier.genesis.abbott/app/frontend/models/TransactionSummaryModel.php Line: 359
[2014-06-04 16:31:58.909463][NOTICE] "Undefined variable: terminalCode" File: /var/www/Kronus_GenesisAbbott/cashier.genesis.abbott/app/frontend/models/TransactionSummaryModel.php Line: 359
[2014-06-04 16:31:58.909737][NOTICE] "Undefined variable: terminalCode" File: /var/www/Kronus_GenesisAbbott/cashier.genesis.abbott/app/frontend/models/TransactionSummaryModel.php Line: 359
[2014-06-04 16:31:58.910060][NOTICE] "Undefined variable: terminalCode" File: /var/www/Kronus_GenesisAbbott/cashier.genesis.abbott/app/frontend/models/TransactionSummaryModel.php Line: 359
[2014-06-04 16:31:58.910327][NOTICE] "Undefined variable: terminalCode" File: /var/www/Kronus_GenesisAbbott/cashier.genesis.abbott/app/frontend/models/TransactionSummaryModel.php Line: 359
[2014-06-04 16:31:58.910618][NOTICE] "Undefined variable: terminalCode" File: /var/www/Kronus_GenesisAbbott/cashier.genesis.abbott/app/frontend/models/TransactionSummaryModel.php Line: 359
[2014-06-04 16:31:58.910908][NOTICE] "Undefined variable: terminalCode" File: /var/www/Kronus_GenesisAbbott/cashier.genesis.abbott/app/frontend/models/TransactionSummaryModel.php Line: 359
[2014-06-04 16:31:58.911188][NOTICE] "Undefined variable: terminalCode" File: /var/www/Kronus_GenesisAbbott/cashier.genesis.abbott/app/frontend/models/TransactionSummaryModel.php Line: 359
[2014-06-04 16:31:58.911485][NOTICE] "Undefined variable: terminalCode" File: /var/www/Kronus_GenesisAbbott/cashier.genesis.abbott/app/frontend/models/TransactionSummaryModel.php Line: 359
[2014-06-04 16:31:58.911847][NOTICE] "Undefined variable: terminalCode" File: /var/www/Kronus_GenesisAbbott/cashier.genesis.abbott/app/frontend/models/TransactionSummaryModel.php Line: 359
[2014-06-04 16:31:58.912483][NOTICE] "Undefined variable: terminalCode" File: /var/www/Kronus_GenesisAbbott/cashier.genesis.abbott/app/frontend/models/TransactionSummaryModel.php Line: 359
[2014-06-04 16:31:58.912852][NOTICE] "Undefined variable: terminalCode" File: /var/www/Kronus_GenesisAbbott/cashier.genesis.abbott/app/frontend/models/TransactionSummaryModel.php Line: 359
[2014-06-04 16:31:58.913741][NOTICE] "Undefined variable: terminalCode" File: /var/www/Kronus_GenesisAbbott/cashier.genesis.abbott/app/frontend/models/TransactionSummaryModel.php Line: 359
[2014-06-04 16:31:58.914182][NOTICE] "Undefined variable: terminalCode" File: /var/www/Kronus_GenesisAbbott/cashier.genesis.abbott/app/frontend/models/TransactionSummaryModel.php Line: 359
[2014-06-04 16:31:58.914707][NOTICE] "Undefined variable: terminalCode" File: /var/www/Kronus_GenesisAbbott/cashier.genesis.abbott/app/frontend/models/TransactionSummaryModel.php Line: 359
[2014-06-04 16:31:58.915069][NOTICE] "Undefined variable: terminalCode" File: /var/www/Kronus_GenesisAbbott/cashier.genesis.abbott/app/frontend/models/TransactionSummaryModel.php Line: 359
[2014-06-04 16:31:58.915522][NOTICE] "Undefined variable: terminalCode" File: /var/www/Kronus_GenesisAbbott/cashier.genesis.abbott/app/frontend/models/TransactionSummaryModel.php Line: 359
[2014-06-04 16:31:58.915993][NOTICE] "Undefined variable: terminalCode" File: /var/www/Kronus_GenesisAbbott/cashier.genesis.abbott/app/frontend/models/TransactionSummaryModel.php Line: 359
[2014-06-04 16:31:58.916395][NOTICE] "Undefined variable: terminalCode" File: /var/www/Kronus_GenesisAbbott/cashier.genesis.abbott/app/frontend/models/TransactionSummaryModel.php Line: 359
[2014-06-04 16:31:58.916774][NOTICE] "Undefined variable: terminalCode" File: /var/www/Kronus_GenesisAbbott/cashier.genesis.abbott/app/frontend/models/TransactionSummaryModel.php Line: 359
[2014-06-04 16:31:58.916978][NOTICE] "Undefined variable: terminalCode" File: /var/www/Kronus_GenesisAbbott/cashier.genesis.abbott/app/frontend/models/TransactionSummaryModel.php Line: 359
[2014-06-04 16:31:58.917359][NOTICE] "Undefined variable: terminalCode" File: /var/www/Kronus_GenesisAbbott/cashier.genesis.abbott/app/frontend/models/TransactionSummaryModel.php Line: 359
[2014-06-04 16:31:58.917691][NOTICE] "Undefined variable: terminalCode" File: /var/www/Kronus_GenesisAbbott/cashier.genesis.abbott/app/frontend/models/TransactionSummaryModel.php Line: 359
[2014-06-04 16:31:58.918015][NOTICE] "Undefined variable: terminalCode" File: /var/www/Kronus_GenesisAbbott/cashier.genesis.abbott/app/frontend/models/TransactionSummaryModel.php Line: 359
[2014-06-04 16:31:58.918327][NOTICE] "Undefined variable: terminalCode" File: /var/www/Kronus_GenesisAbbott/cashier.genesis.abbott/app/frontend/models/TransactionSummaryModel.php Line: 359
[2014-06-04 16:31:58.918654][NOTICE] "Undefined variable: terminalCode" File: /var/www/Kronus_GenesisAbbott/cashier.genesis.abbott/app/frontend/models/TransactionSummaryModel.php Line: 359
[2014-06-04 16:31:58.918922][NOTICE] "Undefined variable: terminalCode" File: /var/www/Kronus_GenesisAbbott/cashier.genesis.abbott/app/frontend/models/TransactionSummaryModel.php Line: 359
[2014-06-04 16:31:58.919158][NOTICE] "Undefined variable: terminalCode" File: /var/www/Kronus_GenesisAbbott/cashier.genesis.abbott/app/frontend/models/TransactionSummaryModel.php Line: 359
[2014-06-04 16:31:58.919369][NOTICE] "Undefined variable: terminalCode" File: /var/www/Kronus_GenesisAbbott/cashier.genesis.abbott/app/frontend/models/TransactionSummaryModel.php Line: 359
[2014-06-04 16:31:58.919612][NOTICE] "Undefined variable: terminalCode" File: /var/www/Kronus_GenesisAbbott/cashier.genesis.abbott/app/frontend/models/TransactionSummaryModel.php Line: 359
[2014-06-04 16:31:58.919833][NOTICE] "Undefined variable: terminalCode" File: /var/www/Kronus_GenesisAbbott/cashier.genesis.abbott/app/frontend/models/TransactionSummaryModel.php Line: 359
[2014-06-04 16:31:58.920040][NOTICE] "Undefined variable: terminalCode" File: /var/www/Kronus_GenesisAbbott/cashier.genesis.abbott/app/frontend/models/TransactionSummaryModel.php Line: 359
[2014-06-04 16:31:58.920262][NOTICE] "Undefined variable: terminalCode" File: /var/www/Kronus_GenesisAbbott/cashier.genesis.abbott/app/frontend/models/TransactionSummaryModel.php Line: 359
[2014-06-04 16:31:58.920473][NOTICE] "Undefined variable: terminalCode" File: /var/www/Kronus_GenesisAbbott/cashier.genesis.abbott/app/frontend/models/TransactionSummaryModel.php Line: 359
[2014-06-04 16:31:58.920630][NOTICE] "Undefined variable: terminalCode" File: /var/www/Kronus_GenesisAbbott/cashier.genesis.abbott/app/frontend/models/TransactionSummaryModel.php Line: 359
[2014-06-04 16:31:58.920705][NOTICE] "Undefined variable: terminalCode" File: /var/www/Kronus_GenesisAbbott/cashier.genesis.abbott/app/frontend/models/TransactionSummaryModel.php Line: 359
[2014-06-04 16:31:58.920941][NOTICE] "Undefined variable: terminalCode" File: /var/www/Kronus_GenesisAbbott/cashier.genesis.abbott/app/frontend/models/TransactionSummaryModel.php Line: 359
[2014-06-04 16:31:58.921150][NOTICE] "Undefined variable: terminalCode" File: /var/www/Kronus_GenesisAbbott/cashier.genesis.abbott/app/frontend/models/TransactionSummaryModel.php Line: 359
[2014-06-04 16:31:58.921397][NOTICE] "Undefined variable: terminalCode" File: /var/www/Kronus_GenesisAbbott/cashier.genesis.abbott/app/frontend/models/TransactionSummaryModel.php Line: 359
[2014-06-04 16:31:58.921619][NOTICE] "Undefined variable: terminalCode" File: /var/www/Kronus_GenesisAbbott/cashier.genesis.abbott/app/frontend/models/TransactionSummaryModel.php Line: 359
[2014-06-04 16:31:58.921833][NOTICE] "Undefined variable: terminalCode" File: /var/www/Kronus_GenesisAbbott/cashier.genesis.abbott/app/frontend/models/TransactionSummaryModel.php Line: 359
[2014-06-04 16:31:58.922110][NOTICE] "Undefined variable: terminalCode" File: /var/www/Kronus_GenesisAbbott/cashier.genesis.abbott/app/frontend/models/TransactionSummaryModel.php Line: 359
[2014-06-04 16:31:58.922326][NOTICE] "Undefined variable: terminalCode" File: /var/www/Kronus_GenesisAbbott/cashier.genesis.abbott/app/frontend/models/TransactionSummaryModel.php Line: 359
[2014-06-04 16:31:58.922557][NOTICE] "Undefined variable: terminalCode" File: /var/www/Kronus_GenesisAbbott/cashier.genesis.abbott/app/frontend/models/TransactionSummaryModel.php Line: 359
[2014-06-04 16:31:58.922766][NOTICE] "Undefined variable: terminalCode" File: /var/www/Kronus_GenesisAbbott/cashier.genesis.abbott/app/frontend/models/TransactionSummaryModel.php Line: 359
[2014-06-04 16:31:58.952872][NOTICE] "Undefined variable: depositcash" File: /var/www/Kronus_GenesisAbbott/cashier.genesis.abbott/app/frontend/views/reports/reports_transaction_history_tpl.php Line: 76
[2014-06-04 16:31:58.952920][NOTICE] "Undefined variable: depositticket" File: /var/www/Kronus_GenesisAbbott/cashier.genesis.abbott/app/frontend/views/reports/reports_transaction_history_tpl.php Line: 77
[2014-06-04 16:31:58.953041][NOTICE] "Undefined variable: depositcoupon" File: /var/www/Kronus_GenesisAbbott/cashier.genesis.abbott/app/frontend/views/reports/reports_transaction_history_tpl.php Line: 78
[2014-06-04 16:31:58.953311][NOTICE] "Undefined variable: reloadcash" File: /var/www/Kronus_GenesisAbbott/cashier.genesis.abbott/app/frontend/views/reports/reports_transaction_history_tpl.php Line: 80
[2014-06-04 16:31:58.953508][NOTICE] "Undefined variable: reloadticket" File: /var/www/Kronus_GenesisAbbott/cashier.genesis.abbott/app/frontend/views/reports/reports_transaction_history_tpl.php Line: 81
[2014-06-04 16:31:58.953753][NOTICE] "Undefined variable: reloadcoupon" File: /var/www/Kronus_GenesisAbbott/cashier.genesis.abbott/app/frontend/views/reports/reports_transaction_history_tpl.php Line: 82
[2014-06-04 16:31:58.953946][NOTICE] "Undefined variable: withdrawalcashier" File: /var/www/Kronus_GenesisAbbott/cashier.genesis.abbott/app/frontend/views/reports/reports_transaction_history_tpl.php Line: 85
[2014-06-04 16:31:58.954135][NOTICE] "Undefined variable: withdrawalgenesis" File: /var/www/Kronus_GenesisAbbott/cashier.genesis.abbott/app/frontend/views/reports/reports_transaction_history_tpl.php Line: 86
[2014-06-04 16:31:58.956518][NOTICE] "Undefined variable: regdepositcash" File: /var/www/Kronus_GenesisAbbott/cashier.genesis.abbott/app/frontend/views/reports/reports_transaction_history_tpl.php Line: 108
[2014-06-04 16:31:58.956725][NOTICE] "Undefined variable: regdepositticket" File: /var/www/Kronus_GenesisAbbott/cashier.genesis.abbott/app/frontend/views/reports/reports_transaction_history_tpl.php Line: 109
[2014-06-04 16:31:58.956814][NOTICE] "Undefined variable: regdepositcoupon" File: /var/www/Kronus_GenesisAbbott/cashier.genesis.abbott/app/frontend/views/reports/reports_transaction_history_tpl.php Line: 110
[2014-06-04 16:31:58.956955][NOTICE] "Undefined variable: regreloadcash" File: /var/www/Kronus_GenesisAbbott/cashier.genesis.abbott/app/frontend/views/reports/reports_transaction_history_tpl.php Line: 112
[2014-06-04 16:31:58.957179][NOTICE] "Undefined variable: regreloadticket" File: /var/www/Kronus_GenesisAbbott/cashier.genesis.abbott/app/frontend/views/reports/reports_transaction_history_tpl.php Line: 113
[2014-06-04 16:31:58.957378][NOTICE] "Undefined variable: regreloadcoupon" File: /var/www/Kronus_GenesisAbbott/cashier.genesis.abbott/app/frontend/views/reports/reports_transaction_history_tpl.php Line: 114
[2014-06-04 16:31:58.957604][NOTICE] "Undefined variable: gendepositcash" File: /var/www/Kronus_GenesisAbbott/cashier.genesis.abbott/app/frontend/views/reports/reports_transaction_history_tpl.php Line: 116
[2014-06-04 16:31:58.957808][NOTICE] "Undefined variable: gendepositticket" File: /var/www/Kronus_GenesisAbbott/cashier.genesis.abbott/app/frontend/views/reports/reports_transaction_history_tpl.php Line: 117
[2014-06-04 16:31:58.958006][NOTICE] "Undefined variable: gendepositcoupon" File: /var/www/Kronus_GenesisAbbott/cashier.genesis.abbott/app/frontend/views/reports/reports_transaction_history_tpl.php Line: 118
[2014-06-04 16:31:58.958226][NOTICE] "Undefined variable: genreloadcash" File: /var/www/Kronus_GenesisAbbott/cashier.genesis.abbott/app/frontend/views/reports/reports_transaction_history_tpl.php Line: 120
[2014-06-04 16:31:58.958418][NOTICE] "Undefined variable: genreloadticket" File: /var/www/Kronus_GenesisAbbott/cashier.genesis.abbott/app/frontend/views/reports/reports_transaction_history_tpl.php Line: 121
[2014-06-04 16:31:58.958647][NOTICE] "Undefined variable: genreloadcoupon" File: /var/www/Kronus_GenesisAbbott/cashier.genesis.abbott/app/frontend/views/reports/reports_transaction_history_tpl.php Line: 122
[2014-06-04 16:31:58.958857][NOTICE] "Undefined variable: withdrawalcashier2" File: /var/www/Kronus_GenesisAbbott/cashier.genesis.abbott/app/frontend/views/reports/reports_transaction_history_tpl.php Line: 125
[2014-06-04 16:31:58.959069][NOTICE] "Undefined variable: withdrawalgenesis2" File: /var/www/Kronus_GenesisAbbott/cashier.genesis.abbott/app/frontend/views/reports/reports_transaction_history_tpl.php Line: 126
[2014-06-04 16:33:27.681946][NOTICE] "Undefined variable: terminalCode" File: /var/www/Kronus_GenesisAbbott/cashier.genesis.abbott/app/frontend/models/TransactionSummaryModel.php Line: 359
[2014-06-04 16:33:27.682450][NOTICE] "Undefined variable: terminalCode" File: /var/www/Kronus_GenesisAbbott/cashier.genesis.abbott/app/frontend/models/TransactionSummaryModel.php Line: 359
[2014-06-04 16:33:27.682742][NOTICE] "Undefined variable: terminalCode" File: /var/www/Kronus_GenesisAbbott/cashier.genesis.abbott/app/frontend/models/TransactionSummaryModel.php Line: 359
[2014-06-04 16:33:27.683031][NOTICE] "Undefined variable: terminalCode" File: /var/www/Kronus_GenesisAbbott/cashier.genesis.abbott/app/frontend/models/TransactionSummaryModel.php Line: 359
[2014-06-04 16:33:27.683322][NOTICE] "Undefined variable: terminalCode" File: /var/www/Kronus_GenesisAbbott/cashier.genesis.abbott/app/frontend/models/TransactionSummaryModel.php Line: 359
[2014-06-04 16:33:27.683612][NOTICE] "Undefined variable: terminalCode" File: /var/www/Kronus_GenesisAbbott/cashier.genesis.abbott/app/frontend/models/TransactionSummaryModel.php Line: 359
[2014-06-04 16:33:27.683896][NOTICE] "Undefined variable: terminalCode" File: /var/www/Kronus_GenesisAbbott/cashier.genesis.abbott/app/frontend/models/TransactionSummaryModel.php Line: 359
[2014-06-04 16:33:27.684159][NOTICE] "Undefined variable: terminalCode" File: /var/www/Kronus_GenesisAbbott/cashier.genesis.abbott/app/frontend/models/TransactionSummaryModel.php Line: 359
[2014-06-04 16:33:27.684442][NOTICE] "Undefined variable: terminalCode" File: /var/www/Kronus_GenesisAbbott/cashier.genesis.abbott/app/frontend/models/TransactionSummaryModel.php Line: 359
[2014-06-04 16:33:27.684705][NOTICE] "Undefined variable: terminalCode" File: /var/www/Kronus_GenesisAbbott/cashier.genesis.abbott/app/frontend/models/TransactionSummaryModel.php Line: 359
[2014-06-04 16:33:27.685719][NOTICE] "Undefined variable: terminalCode" File: /var/www/Kronus_GenesisAbbott/cashier.genesis.abbott/app/frontend/models/TransactionSummaryModel.php Line: 359
[2014-06-04 16:33:27.685984][NOTICE] "Undefined variable: terminalCode" File: /var/www/Kronus_GenesisAbbott/cashier.genesis.abbott/app/frontend/models/TransactionSummaryModel.php Line: 359
[2014-06-04 16:33:27.686266][NOTICE] "Undefined variable: terminalCode" File: /var/www/Kronus_GenesisAbbott/cashier.genesis.abbott/app/frontend/models/TransactionSummaryModel.php Line: 359
[2014-06-04 16:33:27.686553][NOTICE] "Undefined variable: terminalCode" File: /var/www/Kronus_GenesisAbbott/cashier.genesis.abbott/app/frontend/models/TransactionSummaryModel.php Line: 359
[2014-06-04 16:33:27.686827][NOTICE] "Undefined variable: terminalCode" File: /var/www/Kronus_GenesisAbbott/cashier.genesis.abbott/app/frontend/models/TransactionSummaryModel.php Line: 359
[2014-06-04 16:33:27.687109][NOTICE] "Undefined variable: terminalCode" File: /var/www/Kronus_GenesisAbbott/cashier.genesis.abbott/app/frontend/models/TransactionSummaryModel.php Line: 359
[2014-06-04 16:33:27.687376][NOTICE] "Undefined variable: terminalCode" File: /var/www/Kronus_GenesisAbbott/cashier.genesis.abbott/app/frontend/models/TransactionSummaryModel.php Line: 359
[2014-06-04 16:33:27.687668][NOTICE] "Undefined variable: terminalCode" File: /var/www/Kronus_GenesisAbbott/cashier.genesis.abbott/app/frontend/models/TransactionSummaryModel.php Line: 359
[2014-06-04 16:33:27.687938][NOTICE] "Undefined variable: terminalCode" File: /var/www/Kronus_GenesisAbbott/cashier.genesis.abbott/app/frontend/models/TransactionSummaryModel.php Line: 359
[2014-06-04 16:33:27.688225][NOTICE] "Undefined variable: terminalCode" File: /var/www/Kronus_GenesisAbbott/cashier.genesis.abbott/app/frontend/models/TransactionSummaryModel.php Line: 359
[2014-06-04 16:33:27.688492][NOTICE] "Undefined variable: terminalCode" File: /var/www/Kronus_GenesisAbbott/cashier.genesis.abbott/app/frontend/models/TransactionSummaryModel.php Line: 359
[2014-06-04 16:33:27.688823][NOTICE] "Undefined variable: terminalCode" File: /var/www/Kronus_GenesisAbbott/cashier.genesis.abbott/app/frontend/models/TransactionSummaryModel.php Line: 359
[2014-06-04 16:33:27.689100][NOTICE] "Undefined variable: terminalCode" File: /var/www/Kronus_GenesisAbbott/cashier.genesis.abbott/app/frontend/models/TransactionSummaryModel.php Line: 359
[2014-06-04 16:33:27.689405][NOTICE] "Undefined variable: terminalCode" File: /var/www/Kronus_GenesisAbbott/cashier.genesis.abbott/app/frontend/models/TransactionSummaryModel.php Line: 359
[2014-06-04 16:33:27.689671][NOTICE] "Undefined variable: terminalCode" File: /var/www/Kronus_GenesisAbbott/cashier.genesis.abbott/app/frontend/models/TransactionSummaryModel.php Line: 359
[2014-06-04 16:33:27.689960][NOTICE] "Undefined variable: terminalCode" File: /var/www/Kronus_GenesisAbbott/cashier.genesis.abbott/app/frontend/models/TransactionSummaryModel.php Line: 359
[2014-06-04 16:33:27.690243][NOTICE] "Undefined variable: terminalCode" File: /var/www/Kronus_GenesisAbbott/cashier.genesis.abbott/app/frontend/models/TransactionSummaryModel.php Line: 359
[2014-06-04 16:33:27.690575][NOTICE] "Undefined variable: terminalCode" File: /var/www/Kronus_GenesisAbbott/cashier.genesis.abbott/app/frontend/models/TransactionSummaryModel.php Line: 359
[2014-06-04 16:33:27.690877][NOTICE] "Undefined variable: terminalCode" File: /var/www/Kronus_GenesisAbbott/cashier.genesis.abbott/app/frontend/models/TransactionSummaryModel.php Line: 359
[2014-06-04 16:33:27.691156][NOTICE] "Undefined variable: terminalCode" File: /var/www/Kronus_GenesisAbbott/cashier.genesis.abbott/app/frontend/models/TransactionSummaryModel.php Line: 359
[2014-06-04 16:33:27.691477][NOTICE] "Undefined variable: terminalCode" File: /var/www/Kronus_GenesisAbbott/cashier.genesis.abbott/app/frontend/models/TransactionSummaryModel.php Line: 359
[2014-06-04 16:33:27.691759][NOTICE] "Undefined variable: terminalCode" File: /var/www/Kronus_GenesisAbbott/cashier.genesis.abbott/app/frontend/models/TransactionSummaryModel.php Line: 359
[2014-06-04 16:33:27.692056][NOTICE] "Undefined variable: terminalCode" File: /var/www/Kronus_GenesisAbbott/cashier.genesis.abbott/app/frontend/models/TransactionSummaryModel.php Line: 359
[2014-06-04 16:33:27.692341][NOTICE] "Undefined variable: terminalCode" File: /var/www/Kronus_GenesisAbbott/cashier.genesis.abbott/app/frontend/models/TransactionSummaryModel.php Line: 359
[2014-06-04 16:33:27.692633][NOTICE] "Undefined variable: terminalCode" File: /var/www/Kronus_GenesisAbbott/cashier.genesis.abbott/app/frontend/models/TransactionSummaryModel.php Line: 359
[2014-06-04 16:33:27.692787][NOTICE] "Undefined variable: terminalCode" File: /var/www/Kronus_GenesisAbbott/cashier.genesis.abbott/app/frontend/models/TransactionSummaryModel.php Line: 359
[2014-06-04 16:33:27.693101][NOTICE] "Undefined variable: terminalCode" File: /var/www/Kronus_GenesisAbbott/cashier.genesis.abbott/app/frontend/models/TransactionSummaryModel.php Line: 359
[2014-06-04 16:33:27.693383][NOTICE] "Undefined variable: terminalCode" File: /var/www/Kronus_GenesisAbbott/cashier.genesis.abbott/app/frontend/models/TransactionSummaryModel.php Line: 359
[2014-06-04 16:33:27.693678][NOTICE] "Undefined variable: terminalCode" File: /var/www/Kronus_GenesisAbbott/cashier.genesis.abbott/app/frontend/models/TransactionSummaryModel.php Line: 359
[2014-06-04 16:33:27.693963][NOTICE] "Undefined variable: terminalCode" File: /var/www/Kronus_GenesisAbbott/cashier.genesis.abbott/app/frontend/models/TransactionSummaryModel.php Line: 359
[2014-06-04 16:33:27.694264][NOTICE] "Undefined variable: terminalCode" File: /var/www/Kronus_GenesisAbbott/cashier.genesis.abbott/app/frontend/models/TransactionSummaryModel.php Line: 359
[2014-06-04 16:33:27.694539][NOTICE] "Undefined variable: terminalCode" File: /var/www/Kronus_GenesisAbbott/cashier.genesis.abbott/app/frontend/models/TransactionSummaryModel.php Line: 359
[2014-06-04 16:33:27.694873][NOTICE] "Undefined variable: terminalCode" File: /var/www/Kronus_GenesisAbbott/cashier.genesis.abbott/app/frontend/models/TransactionSummaryModel.php Line: 359
[2014-06-04 16:33:27.695187][NOTICE] "Undefined variable: terminalCode" File: /var/www/Kronus_GenesisAbbott/cashier.genesis.abbott/app/frontend/models/TransactionSummaryModel.php Line: 359
[2014-06-04 16:33:27.695478][NOTICE] "Undefined variable: terminalCode" File: /var/www/Kronus_GenesisAbbott/cashier.genesis.abbott/app/frontend/models/TransactionSummaryModel.php Line: 359
[2014-06-04 16:33:27.695783][NOTICE] "Undefined variable: terminalCode" File: /var/www/Kronus_GenesisAbbott/cashier.genesis.abbott/app/frontend/models/TransactionSummaryModel.php Line: 359
[2014-06-04 16:33:27.696070][NOTICE] "Undefined variable: terminalCode" File: /var/www/Kronus_GenesisAbbott/cashier.genesis.abbott/app/frontend/models/TransactionSummaryModel.php Line: 359
[2014-06-04 16:33:27.696125][NOTICE] "Undefined variable: terminalCode" File: /var/www/Kronus_GenesisAbbott/cashier.genesis.abbott/app/frontend/models/TransactionSummaryModel.php Line: 359
[2014-06-04 16:33:27.696311][NOTICE] "Undefined variable: terminalCode" File: /var/www/Kronus_GenesisAbbott/cashier.genesis.abbott/app/frontend/models/TransactionSummaryModel.php Line: 359
[2014-06-04 16:33:27.696605][NOTICE] "Undefined variable: terminalCode" File: /var/www/Kronus_GenesisAbbott/cashier.genesis.abbott/app/frontend/models/TransactionSummaryModel.php Line: 359
[2014-06-04 16:33:27.697537][NOTICE] "Undefined variable: terminalCode" File: /var/www/Kronus_GenesisAbbott/cashier.genesis.abbott/app/frontend/models/TransactionSummaryModel.php Line: 359
[2014-06-04 16:34:14.405122][NOTICE] "Undefined variable: terminalCode" File: /var/www/Kronus_GenesisAbbott/cashier.genesis.abbott/app/frontend/models/TransactionSummaryModel.php Line: 359
[2014-06-04 16:34:14.405721][NOTICE] "Undefined variable: terminalCode" File: /var/www/Kronus_GenesisAbbott/cashier.genesis.abbott/app/frontend/models/TransactionSummaryModel.php Line: 359
[2014-06-04 16:34:14.406065][NOTICE] "Undefined variable: terminalCode" File: /var/www/Kronus_GenesisAbbott/cashier.genesis.abbott/app/frontend/models/TransactionSummaryModel.php Line: 359
[2014-06-04 16:34:14.406186][NOTICE] "Undefined variable: terminalCode" File: /var/www/Kronus_GenesisAbbott/cashier.genesis.abbott/app/frontend/models/TransactionSummaryModel.php Line: 359
[2014-06-04 16:34:14.406527][NOTICE] "Undefined variable: terminalCode" File: /var/www/Kronus_GenesisAbbott/cashier.genesis.abbott/app/frontend/models/TransactionSummaryModel.php Line: 359
[2014-06-04 16:34:14.406836][NOTICE] "Undefined variable: terminalCode" File: /var/www/Kronus_GenesisAbbott/cashier.genesis.abbott/app/frontend/models/TransactionSummaryModel.php Line: 359
[2014-06-04 16:34:14.407146][NOTICE] "Undefined variable: terminalCode" File: /var/www/Kronus_GenesisAbbott/cashier.genesis.abbott/app/frontend/models/TransactionSummaryModel.php Line: 359
[2014-06-04 16:34:14.408372][NOTICE] "Undefined variable: terminalCode" File: /var/www/Kronus_GenesisAbbott/cashier.genesis.abbott/app/frontend/models/TransactionSummaryModel.php Line: 359
[2014-06-04 16:34:14.408685][NOTICE] "Undefined variable: terminalCode" File: /var/www/Kronus_GenesisAbbott/cashier.genesis.abbott/app/frontend/models/TransactionSummaryModel.php Line: 359
[2014-06-04 16:34:14.408963][NOTICE] "Undefined variable: terminalCode" File: /var/www/Kronus_GenesisAbbott/cashier.genesis.abbott/app/frontend/models/TransactionSummaryModel.php Line: 359
[2014-06-04 16:34:14.408989][NOTICE] "Undefined variable: terminalCode" File: /var/www/Kronus_GenesisAbbott/cashier.genesis.abbott/app/frontend/models/TransactionSummaryModel.php Line: 359
[2014-06-04 16:34:14.409315][NOTICE] "Undefined variable: terminalCode" File: /var/www/Kronus_GenesisAbbott/cashier.genesis.abbott/app/frontend/models/TransactionSummaryModel.php Line: 359
[2014-06-04 16:34:14.409662][NOTICE] "Undefined variable: terminalCode" File: /var/www/Kronus_GenesisAbbott/cashier.genesis.abbott/app/frontend/models/TransactionSummaryModel.php Line: 359
[2014-06-04 16:34:14.409914][NOTICE] "Undefined variable: terminalCode" File: /var/www/Kronus_GenesisAbbott/cashier.genesis.abbott/app/frontend/models/TransactionSummaryModel.php Line: 359
[2014-06-04 16:34:14.410157][NOTICE] "Undefined variable: terminalCode" File: /var/www/Kronus_GenesisAbbott/cashier.genesis.abbott/app/frontend/models/TransactionSummaryModel.php Line: 359
[2014-06-04 16:34:14.410397][NOTICE] "Undefined variable: terminalCode" File: /var/www/Kronus_GenesisAbbott/cashier.genesis.abbott/app/frontend/models/TransactionSummaryModel.php Line: 359
[2014-06-04 16:34:14.410641][NOTICE] "Undefined variable: terminalCode" File: /var/www/Kronus_GenesisAbbott/cashier.genesis.abbott/app/frontend/models/TransactionSummaryModel.php Line: 359
[2014-06-04 16:34:14.410879][NOTICE] "Undefined variable: terminalCode" File: /var/www/Kronus_GenesisAbbott/cashier.genesis.abbott/app/frontend/models/TransactionSummaryModel.php Line: 359
[2014-06-04 16:34:14.411110][NOTICE] "Undefined variable: terminalCode" File: /var/www/Kronus_GenesisAbbott/cashier.genesis.abbott/app/frontend/models/TransactionSummaryModel.php Line: 359
[2014-06-04 16:34:14.411388][NOTICE] "Undefined variable: terminalCode" File: /var/www/Kronus_GenesisAbbott/cashier.genesis.abbott/app/frontend/models/TransactionSummaryModel.php Line: 359
[2014-06-04 16:34:14.411624][NOTICE] "Undefined variable: terminalCode" File: /var/www/Kronus_GenesisAbbott/cashier.genesis.abbott/app/frontend/models/TransactionSummaryModel.php Line: 359
[2014-06-04 16:34:14.411899][NOTICE] "Undefined variable: terminalCode" File: /var/www/Kronus_GenesisAbbott/cashier.genesis.abbott/app/frontend/models/TransactionSummaryModel.php Line: 359
[2014-06-04 16:34:14.412134][NOTICE] "Undefined variable: terminalCode" File: /var/www/Kronus_GenesisAbbott/cashier.genesis.abbott/app/frontend/models/TransactionSummaryModel.php Line: 359
[2014-06-04 16:34:14.412380][NOTICE] "Undefined variable: terminalCode" File: /var/www/Kronus_GenesisAbbott/cashier.genesis.abbott/app/frontend/models/TransactionSummaryModel.php Line: 359
[2014-06-04 16:34:14.412613][NOTICE] "Undefined variable: terminalCode" File: /var/www/Kronus_GenesisAbbott/cashier.genesis.abbott/app/frontend/models/TransactionSummaryModel.php Line: 359
[2014-06-04 16:34:14.413229][NOTICE] "Undefined variable: terminalCode" File: /var/www/Kronus_GenesisAbbott/cashier.genesis.abbott/app/frontend/models/TransactionSummaryModel.php Line: 359
[2014-06-04 16:34:14.413562][NOTICE] "Undefined variable: terminalCode" File: /var/www/Kronus_GenesisAbbott/cashier.genesis.abbott/app/frontend/models/TransactionSummaryModel.php Line: 359
[2014-06-04 16:34:14.413851][NOTICE] "Undefined variable: terminalCode" File: /var/www/Kronus_GenesisAbbott/cashier.genesis.abbott/app/frontend/models/TransactionSummaryModel.php Line: 359
[2014-06-04 16:34:14.414151][NOTICE] "Undefined variable: terminalCode" File: /var/www/Kronus_GenesisAbbott/cashier.genesis.abbott/app/frontend/models/TransactionSummaryModel.php Line: 359
[2014-06-04 16:34:14.414413][NOTICE] "Undefined variable: terminalCode" File: /var/www/Kronus_GenesisAbbott/cashier.genesis.abbott/app/frontend/models/TransactionSummaryModel.php Line: 359
[2014-06-04 16:34:14.414692][NOTICE] "Undefined variable: terminalCode" File: /var/www/Kronus_GenesisAbbott/cashier.genesis.abbott/app/frontend/models/TransactionSummaryModel.php Line: 359
[2014-06-04 16:34:14.414928][NOTICE] "Undefined variable: terminalCode" File: /var/www/Kronus_GenesisAbbott/cashier.genesis.abbott/app/frontend/models/TransactionSummaryModel.php Line: 359
[2014-06-04 16:34:14.415191][NOTICE] "Undefined variable: terminalCode" File: /var/www/Kronus_GenesisAbbott/cashier.genesis.abbott/app/frontend/models/TransactionSummaryModel.php Line: 359
[2014-06-04 16:34:14.415438][NOTICE] "Undefined variable: terminalCode" File: /var/www/Kronus_GenesisAbbott/cashier.genesis.abbott/app/frontend/models/TransactionSummaryModel.php Line: 359
[2014-06-04 16:34:14.415692][NOTICE] "Undefined variable: terminalCode" File: /var/www/Kronus_GenesisAbbott/cashier.genesis.abbott/app/frontend/models/TransactionSummaryModel.php Line: 359
[2014-06-04 16:34:14.415943][NOTICE] "Undefined variable: terminalCode" File: /var/www/Kronus_GenesisAbbott/cashier.genesis.abbott/app/frontend/models/TransactionSummaryModel.php Line: 359
[2014-06-04 16:34:14.416136][NOTICE] "Undefined variable: terminalCode" File: /var/www/Kronus_GenesisAbbott/cashier.genesis.abbott/app/frontend/models/TransactionSummaryModel.php Line: 359
[2014-06-04 16:34:14.416136][NOTICE] "Undefined variable: terminalCode" File: /var/www/Kronus_GenesisAbbott/cashier.genesis.abbott/app/frontend/models/TransactionSummaryModel.php Line: 359
[2014-06-04 16:34:14.416376][NOTICE] "Undefined variable: terminalCode" File: /var/www/Kronus_GenesisAbbott/cashier.genesis.abbott/app/frontend/models/TransactionSummaryModel.php Line: 359
[2014-06-04 16:34:14.416623][NOTICE] "Undefined variable: terminalCode" File: /var/www/Kronus_GenesisAbbott/cashier.genesis.abbott/app/frontend/models/TransactionSummaryModel.php Line: 359
[2014-06-04 16:34:14.416780][NOTICE] "Undefined variable: terminalCode" File: /var/www/Kronus_GenesisAbbott/cashier.genesis.abbott/app/frontend/models/TransactionSummaryModel.php Line: 359
[2014-06-04 16:34:14.417057][NOTICE] "Undefined variable: terminalCode" File: /var/www/Kronus_GenesisAbbott/cashier.genesis.abbott/app/frontend/models/TransactionSummaryModel.php Line: 359
[2014-06-04 16:34:14.417307][NOTICE] "Undefined variable: terminalCode" File: /var/www/Kronus_GenesisAbbott/cashier.genesis.abbott/app/frontend/models/TransactionSummaryModel.php Line: 359
[2014-06-04 16:34:14.417564][NOTICE] "Undefined variable: terminalCode" File: /var/www/Kronus_GenesisAbbott/cashier.genesis.abbott/app/frontend/models/TransactionSummaryModel.php Line: 359
[2014-06-04 16:34:14.417816][NOTICE] "Undefined variable: terminalCode" File: /var/www/Kronus_GenesisAbbott/cashier.genesis.abbott/app/frontend/models/TransactionSummaryModel.php Line: 359
[2014-06-04 16:34:14.418091][NOTICE] "Undefined variable: terminalCode" File: /var/www/Kronus_GenesisAbbott/cashier.genesis.abbott/app/frontend/models/TransactionSummaryModel.php Line: 359
[2014-06-04 16:34:14.418337][NOTICE] "Undefined variable: terminalCode" File: /var/www/Kronus_GenesisAbbott/cashier.genesis.abbott/app/frontend/models/TransactionSummaryModel.php Line: 359
[2014-06-04 16:34:14.418614][NOTICE] "Undefined variable: terminalCode" File: /var/www/Kronus_GenesisAbbott/cashier.genesis.abbott/app/frontend/models/TransactionSummaryModel.php Line: 359
[2014-06-04 16:34:14.418861][NOTICE] "Undefined variable: terminalCode" File: /var/www/Kronus_GenesisAbbott/cashier.genesis.abbott/app/frontend/models/TransactionSummaryModel.php Line: 359
[2014-06-04 16:34:14.419118][NOTICE] "Undefined variable: terminalCode" File: /var/www/Kronus_GenesisAbbott/cashier.genesis.abbott/app/frontend/models/TransactionSummaryModel.php Line: 359
[2014-06-04 16:34:14.419365][NOTICE] "Undefined variable: terminalCode" File: /var/www/Kronus_GenesisAbbott/cashier.genesis.abbott/app/frontend/models/TransactionSummaryModel.php Line: 359
[2014-06-04 16:34:14.434080][NOTICE] "Undefined variable: depositcash" File: /var/www/Kronus_GenesisAbbott/cashier.genesis.abbott/app/frontend/views/reports/reports_transaction_history_tpl.php Line: 76
[2014-06-04 16:34:14.434366][NOTICE] "Undefined variable: depositticket" File: /var/www/Kronus_GenesisAbbott/cashier.genesis.abbott/app/frontend/views/reports/reports_transaction_history_tpl.php Line: 77
[2014-06-04 16:34:14.434620][NOTICE] "Undefined variable: depositcoupon" File: /var/www/Kronus_GenesisAbbott/cashier.genesis.abbott/app/frontend/views/reports/reports_transaction_history_tpl.php Line: 78
[2014-06-04 16:34:14.434882][NOTICE] "Undefined variable: reloadcash" File: /var/www/Kronus_GenesisAbbott/cashier.genesis.abbott/app/frontend/views/reports/reports_transaction_history_tpl.php Line: 80
[2014-06-04 16:34:14.435128][NOTICE] "Undefined variable: reloadticket" File: /var/www/Kronus_GenesisAbbott/cashier.genesis.abbott/app/frontend/views/reports/reports_transaction_history_tpl.php Line: 81
[2014-06-04 16:34:14.435389][NOTICE] "Undefined variable: reloadcoupon" File: /var/www/Kronus_GenesisAbbott/cashier.genesis.abbott/app/frontend/views/reports/reports_transaction_history_tpl.php Line: 82
[2014-06-04 16:34:14.435633][NOTICE] "Undefined variable: withdrawalcashier" File: /var/www/Kronus_GenesisAbbott/cashier.genesis.abbott/app/frontend/views/reports/reports_transaction_history_tpl.php Line: 85
[2014-06-04 16:34:14.435887][NOTICE] "Undefined variable: withdrawalgenesis" File: /var/www/Kronus_GenesisAbbott/cashier.genesis.abbott/app/frontend/views/reports/reports_transaction_history_tpl.php Line: 86
[2014-06-04 16:34:14.437762][NOTICE] "Undefined variable: regdepositcash" File: /var/www/Kronus_GenesisAbbott/cashier.genesis.abbott/app/frontend/views/reports/reports_transaction_history_tpl.php Line: 108
[2014-06-04 16:34:14.438016][NOTICE] "Undefined variable: regdepositticket" File: /var/www/Kronus_GenesisAbbott/cashier.genesis.abbott/app/frontend/views/reports/reports_transaction_history_tpl.php Line: 109
[2014-06-04 16:34:14.438288][NOTICE] "Undefined variable: regdepositcoupon" File: /var/www/Kronus_GenesisAbbott/cashier.genesis.abbott/app/frontend/views/reports/reports_transaction_history_tpl.php Line: 110
[2014-06-04 16:34:14.438523][NOTICE] "Undefined variable: regreloadcash" File: /var/www/Kronus_GenesisAbbott/cashier.genesis.abbott/app/frontend/views/reports/reports_transaction_history_tpl.php Line: 112
[2014-06-04 16:34:14.438813][NOTICE] "Undefined variable: regreloadticket" File: /var/www/Kronus_GenesisAbbott/cashier.genesis.abbott/app/frontend/views/reports/reports_transaction_history_tpl.php Line: 113
[2014-06-04 16:34:14.439056][NOTICE] "Undefined variable: regreloadcoupon" File: /var/www/Kronus_GenesisAbbott/cashier.genesis.abbott/app/frontend/views/reports/reports_transaction_history_tpl.php Line: 114
[2014-06-04 16:34:14.439311][NOTICE] "Undefined variable: gendepositcash" File: /var/www/Kronus_GenesisAbbott/cashier.genesis.abbott/app/frontend/views/reports/reports_transaction_history_tpl.php Line: 116
[2014-06-04 16:34:14.439557][NOTICE] "Undefined variable: gendepositticket" File: /var/www/Kronus_GenesisAbbott/cashier.genesis.abbott/app/frontend/views/reports/reports_transaction_history_tpl.php Line: 117
[2014-06-04 16:34:14.439840][NOTICE] "Undefined variable: gendepositcoupon" File: /var/www/Kronus_GenesisAbbott/cashier.genesis.abbott/app/frontend/views/reports/reports_transaction_history_tpl.php Line: 118
[2014-06-04 16:34:14.440088][NOTICE] "Undefined variable: genreloadcash" File: /var/www/Kronus_GenesisAbbott/cashier.genesis.abbott/app/frontend/views/reports/reports_transaction_history_tpl.php Line: 120
[2014-06-04 16:34:14.440460][NOTICE] "Undefined variable: genreloadticket" File: /var/www/Kronus_GenesisAbbott/cashier.genesis.abbott/app/frontend/views/reports/reports_transaction_history_tpl.php Line: 121
[2014-06-04 16:34:14.440755][NOTICE] "Undefined variable: genreloadcoupon" File: /var/www/Kronus_GenesisAbbott/cashier.genesis.abbott/app/frontend/views/reports/reports_transaction_history_tpl.php Line: 122
[2014-06-04 16:34:14.441026][NOTICE] "Undefined variable: withdrawalcashier2" File: /var/www/Kronus_GenesisAbbott/cashier.genesis.abbott/app/frontend/views/reports/reports_transaction_history_tpl.php Line: 125
[2014-06-04 16:34:14.441273][NOTICE] "Undefined variable: withdrawalgenesis2" File: /var/www/Kronus_GenesisAbbott/cashier.genesis.abbott/app/frontend/views/reports/reports_transaction_history_tpl.php Line: 126
[2014-06-04 17:47:06.86009][NOTICE] "Undefined index: startlimit" File: /var/www/Kronus_GenesisAbbott/cashier.genesis.abbott/app/frontend/controllers/ReportsController.php Line: 56
[2014-06-04 17:47:13.440744][NOTICE] "Undefined index: startlimit" File: /var/www/Kronus_GenesisAbbott/cashier.genesis.abbott/app/frontend/controllers/ReportsController.php Line: 56
[2014-06-04 17:48:28.940512][NOTICE] "Undefined variable: terminalCode" File: /var/www/Kronus_GenesisAbbott/cashier.genesis.abbott/app/frontend/models/TransactionSummaryModel.php Line: 359
[2014-06-04 17:48:28.941717][NOTICE] "Undefined variable: terminalCode" File: /var/www/Kronus_GenesisAbbott/cashier.genesis.abbott/app/frontend/models/TransactionSummaryModel.php Line: 359
[2014-06-04 17:48:28.942184][NOTICE] "Undefined variable: terminalCode" File: /var/www/Kronus_GenesisAbbott/cashier.genesis.abbott/app/frontend/models/TransactionSummaryModel.php Line: 359
[2014-06-04 17:48:28.942580][NOTICE] "Undefined variable: terminalCode" File: /var/www/Kronus_GenesisAbbott/cashier.genesis.abbott/app/frontend/models/TransactionSummaryModel.php Line: 359
[2014-06-04 17:48:28.942974][NOTICE] "Undefined variable: terminalCode" File: /var/www/Kronus_GenesisAbbott/cashier.genesis.abbott/app/frontend/models/TransactionSummaryModel.php Line: 359
[2014-06-04 17:48:28.943374][NOTICE] "Undefined variable: terminalCode" File: /var/www/Kronus_GenesisAbbott/cashier.genesis.abbott/app/frontend/models/TransactionSummaryModel.php Line: 359
[2014-06-04 17:48:28.943770][NOTICE] "Undefined variable: terminalCode" File: /var/www/Kronus_GenesisAbbott/cashier.genesis.abbott/app/frontend/models/TransactionSummaryModel.php Line: 359
[2014-06-04 17:48:28.944139][NOTICE] "Undefined variable: terminalCode" File: /var/www/Kronus_GenesisAbbott/cashier.genesis.abbott/app/frontend/models/TransactionSummaryModel.php Line: 359
[2014-06-04 17:48:28.944173][NOTICE] "Undefined variable: terminalCode" File: /var/www/Kronus_GenesisAbbott/cashier.genesis.abbott/app/frontend/models/TransactionSummaryModel.php Line: 359
[2014-06-04 17:48:28.944581][NOTICE] "Undefined variable: terminalCode" File: /var/www/Kronus_GenesisAbbott/cashier.genesis.abbott/app/frontend/models/TransactionSummaryModel.php Line: 359
[2014-06-04 17:48:28.944871][NOTICE] "Undefined variable: terminalCode" File: /var/www/Kronus_GenesisAbbott/cashier.genesis.abbott/app/frontend/models/TransactionSummaryModel.php Line: 359
[2014-06-04 17:48:28.945290][NOTICE] "Undefined variable: terminalCode" File: /var/www/Kronus_GenesisAbbott/cashier.genesis.abbott/app/frontend/models/TransactionSummaryModel.php Line: 359
[2014-06-04 17:48:28.945640][NOTICE] "Undefined variable: terminalCode" File: /var/www/Kronus_GenesisAbbott/cashier.genesis.abbott/app/frontend/models/TransactionSummaryModel.php Line: 359
[2014-06-04 17:48:28.946055][NOTICE] "Undefined variable: terminalCode" File: /var/www/Kronus_GenesisAbbott/cashier.genesis.abbott/app/frontend/models/TransactionSummaryModel.php Line: 359
[2014-06-04 17:48:28.946440][NOTICE] "Undefined variable: terminalCode" File: /var/www/Kronus_GenesisAbbott/cashier.genesis.abbott/app/frontend/models/TransactionSummaryModel.php Line: 359
[2014-06-04 17:48:28.946830][NOTICE] "Undefined variable: terminalCode" File: /var/www/Kronus_GenesisAbbott/cashier.genesis.abbott/app/frontend/models/TransactionSummaryModel.php Line: 359
[2014-06-04 17:48:28.947229][NOTICE] "Undefined variable: terminalCode" File: /var/www/Kronus_GenesisAbbott/cashier.genesis.abbott/app/frontend/models/TransactionSummaryModel.php Line: 359
[2014-06-04 17:48:29.12660][NOTICE] "Undefined variable: depositcash" File: /var/www/Kronus_GenesisAbbott/cashier.genesis.abbott/app/frontend/views/reports/reports_transaction_history_tpl.php Line: 76
[2014-06-04 17:48:29.13135][NOTICE] "Undefined variable: depositticket" File: /var/www/Kronus_GenesisAbbott/cashier.genesis.abbott/app/frontend/views/reports/reports_transaction_history_tpl.php Line: 77
[2014-06-04 17:48:29.13485][NOTICE] "Undefined variable: depositcoupon" File: /var/www/Kronus_GenesisAbbott/cashier.genesis.abbott/app/frontend/views/reports/reports_transaction_history_tpl.php Line: 78
[2014-06-04 17:48:29.13846][NOTICE] "Undefined variable: reloadcash" File: /var/www/Kronus_GenesisAbbott/cashier.genesis.abbott/app/frontend/views/reports/reports_transaction_history_tpl.php Line: 80
[2014-06-04 17:48:29.14210][NOTICE] "Undefined variable: reloadticket" File: /var/www/Kronus_GenesisAbbott/cashier.genesis.abbott/app/frontend/views/reports/reports_transaction_history_tpl.php Line: 81
[2014-06-04 17:48:29.14561][NOTICE] "Undefined variable: reloadcoupon" File: /var/www/Kronus_GenesisAbbott/cashier.genesis.abbott/app/frontend/views/reports/reports_transaction_history_tpl.php Line: 82
[2014-06-04 17:48:29.14935][NOTICE] "Undefined variable: withdrawalcashier" File: /var/www/Kronus_GenesisAbbott/cashier.genesis.abbott/app/frontend/views/reports/reports_transaction_history_tpl.php Line: 85
[2014-06-04 17:48:29.15304][NOTICE] "Undefined variable: withdrawalgenesis" File: /var/www/Kronus_GenesisAbbott/cashier.genesis.abbott/app/frontend/views/reports/reports_transaction_history_tpl.php Line: 86
[2014-06-04 17:48:29.16877][NOTICE] "Undefined variable: regdepositcash" File: /var/www/Kronus_GenesisAbbott/cashier.genesis.abbott/app/frontend/views/reports/reports_transaction_history_tpl.php Line: 108
[2014-06-04 17:48:29.17271][NOTICE] "Undefined variable: regdepositticket" File: /var/www/Kronus_GenesisAbbott/cashier.genesis.abbott/app/frontend/views/reports/reports_transaction_history_tpl.php Line: 109
[2014-06-04 17:48:29.17640][NOTICE] "Undefined variable: regdepositcoupon" File: /var/www/Kronus_GenesisAbbott/cashier.genesis.abbott/app/frontend/views/reports/reports_transaction_history_tpl.php Line: 110
[2014-06-04 17:48:29.17995][NOTICE] "Undefined variable: regreloadcash" File: /var/www/Kronus_GenesisAbbott/cashier.genesis.abbott/app/frontend/views/reports/reports_transaction_history_tpl.php Line: 112
[2014-06-04 17:48:29.18376][NOTICE] "Undefined variable: regreloadticket" File: /var/www/Kronus_GenesisAbbott/cashier.genesis.abbott/app/frontend/views/reports/reports_transaction_history_tpl.php Line: 113
[2014-06-04 17:48:29.18598][NOTICE] "Undefined variable: regreloadcoupon" File: /var/www/Kronus_GenesisAbbott/cashier.genesis.abbott/app/frontend/views/reports/reports_transaction_history_tpl.php Line: 114
[2014-06-04 17:48:29.18779][NOTICE] "Undefined variable: gendepositcash" File: /var/www/Kronus_GenesisAbbott/cashier.genesis.abbott/app/frontend/views/reports/reports_transaction_history_tpl.php Line: 116
[2014-06-04 17:48:29.19127][NOTICE] "Undefined variable: gendepositticket" File: /var/www/Kronus_GenesisAbbott/cashier.genesis.abbott/app/frontend/views/reports/reports_transaction_history_tpl.php Line: 117
[2014-06-04 17:48:29.19503][NOTICE] "Undefined variable: gendepositcoupon" File: /var/www/Kronus_GenesisAbbott/cashier.genesis.abbott/app/frontend/views/reports/reports_transaction_history_tpl.php Line: 118
[2014-06-04 17:48:29.19867][NOTICE] "Undefined variable: genreloadcash" File: /var/www/Kronus_GenesisAbbott/cashier.genesis.abbott/app/frontend/views/reports/reports_transaction_history_tpl.php Line: 120
[2014-06-04 17:48:29.20230][NOTICE] "Undefined variable: genreloadticket" File: /var/www/Kronus_GenesisAbbott/cashier.genesis.abbott/app/frontend/views/reports/reports_transaction_history_tpl.php Line: 121
[2014-06-04 17:48:29.20581][NOTICE] "Undefined variable: genreloadcoupon" File: /var/www/Kronus_GenesisAbbott/cashier.genesis.abbott/app/frontend/views/reports/reports_transaction_history_tpl.php Line: 122
[2014-06-04 17:48:29.20883][NOTICE] "Undefined variable: withdrawalcashier2" File: /var/www/Kronus_GenesisAbbott/cashier.genesis.abbott/app/frontend/views/reports/reports_transaction_history_tpl.php Line: 125
[2014-06-04 17:48:29.21265][NOTICE] "Undefined variable: withdrawalgenesis2" File: /var/www/Kronus_GenesisAbbott/cashier.genesis.abbott/app/frontend/views/reports/reports_transaction_history_tpl.php Line: 126
[2014-06-04 17:48:34.45809][NOTICE] "Undefined index: startlimit" File: /var/www/Kronus_GenesisAbbott/cashier.genesis.abbott/app/frontend/controllers/ReportsController.php Line: 56
[2014-06-04 17:48:34.59699][NOTICE] "Undefined variable: terminalCode" File: /var/www/Kronus_GenesisAbbott/cashier.genesis.abbott/app/frontend/models/TransactionSummaryModel.php Line: 359
[2014-06-04 17:48:34.60154][NOTICE] "Undefined variable: terminalCode" File: /var/www/Kronus_GenesisAbbott/cashier.genesis.abbott/app/frontend/models/TransactionSummaryModel.php Line: 359
[2014-06-04 17:48:34.60413][NOTICE] "Undefined variable: terminalCode" File: /var/www/Kronus_GenesisAbbott/cashier.genesis.abbott/app/frontend/models/TransactionSummaryModel.php Line: 359
[2014-06-04 17:48:34.60726][NOTICE] "Undefined variable: terminalCode" File: /var/www/Kronus_GenesisAbbott/cashier.genesis.abbott/app/frontend/models/TransactionSummaryModel.php Line: 359
[2014-06-04 17:48:34.60990][NOTICE] "Undefined variable: terminalCode" File: /var/www/Kronus_GenesisAbbott/cashier.genesis.abbott/app/frontend/models/TransactionSummaryModel.php Line: 359
[2014-06-04 17:48:34.61029][NOTICE] "Undefined variable: terminalCode" File: /var/www/Kronus_GenesisAbbott/cashier.genesis.abbott/app/frontend/models/TransactionSummaryModel.php Line: 359
[2014-06-04 17:50:46.318814][NOTICE] "Undefined variable: terminalCode" File: /var/www/Kronus_GenesisAbbott/cashier.genesis.abbott/app/frontend/models/TransactionSummaryModel.php Line: 359
[2014-06-04 17:50:46.319659][NOTICE] "Undefined variable: terminalCode" File: /var/www/Kronus_GenesisAbbott/cashier.genesis.abbott/app/frontend/models/TransactionSummaryModel.php Line: 359
[2014-06-04 17:50:46.319953][NOTICE] "Undefined variable: terminalCode" File: /var/www/Kronus_GenesisAbbott/cashier.genesis.abbott/app/frontend/models/TransactionSummaryModel.php Line: 359
[2014-06-04 17:50:46.320231][NOTICE] "Undefined variable: terminalCode" File: /var/www/Kronus_GenesisAbbott/cashier.genesis.abbott/app/frontend/models/TransactionSummaryModel.php Line: 359
[2014-06-04 17:50:46.320516][NOTICE] "Undefined variable: terminalCode" File: /var/www/Kronus_GenesisAbbott/cashier.genesis.abbott/app/frontend/models/TransactionSummaryModel.php Line: 359
[2014-06-04 17:50:46.320763][NOTICE] "Undefined variable: terminalCode" File: /var/www/Kronus_GenesisAbbott/cashier.genesis.abbott/app/frontend/models/TransactionSummaryModel.php Line: 359
[2014-06-04 17:50:46.320883][NOTICE] "Undefined variable: terminalCode" File: /var/www/Kronus_GenesisAbbott/cashier.genesis.abbott/app/frontend/models/TransactionSummaryModel.php Line: 359
[2014-06-04 17:50:46.321163][NOTICE] "Undefined variable: terminalCode" File: /var/www/Kronus_GenesisAbbott/cashier.genesis.abbott/app/frontend/models/TransactionSummaryModel.php Line: 359
[2014-06-04 17:50:46.321445][NOTICE] "Undefined variable: terminalCode" File: /var/www/Kronus_GenesisAbbott/cashier.genesis.abbott/app/frontend/models/TransactionSummaryModel.php Line: 359
[2014-06-04 17:50:46.321737][NOTICE] "Undefined variable: terminalCode" File: /var/www/Kronus_GenesisAbbott/cashier.genesis.abbott/app/frontend/models/TransactionSummaryModel.php Line: 359
[2014-06-04 17:50:46.322047][NOTICE] "Undefined variable: terminalCode" File: /var/www/Kronus_GenesisAbbott/cashier.genesis.abbott/app/frontend/models/TransactionSummaryModel.php Line: 359
[2014-06-04 17:50:46.322394][NOTICE] "Undefined variable: terminalCode" File: /var/www/Kronus_GenesisAbbott/cashier.genesis.abbott/app/frontend/models/TransactionSummaryModel.php Line: 359
[2014-06-04 17:50:46.322708][NOTICE] "Undefined variable: terminalCode" File: /var/www/Kronus_GenesisAbbott/cashier.genesis.abbott/app/frontend/models/TransactionSummaryModel.php Line: 359
[2014-06-04 17:50:46.323021][NOTICE] "Undefined variable: terminalCode" File: /var/www/Kronus_GenesisAbbott/cashier.genesis.abbott/app/frontend/models/TransactionSummaryModel.php Line: 359
[2014-06-04 17:50:46.323343][NOTICE] "Undefined variable: terminalCode" File: /var/www/Kronus_GenesisAbbott/cashier.genesis.abbott/app/frontend/models/TransactionSummaryModel.php Line: 359
[2014-06-04 17:50:46.323827][NOTICE] "Undefined variable: terminalCode" File: /var/www/Kronus_GenesisAbbott/cashier.genesis.abbott/app/frontend/models/TransactionSummaryModel.php Line: 359
[2014-06-04 17:50:46.324121][NOTICE] "Undefined variable: terminalCode" File: /var/www/Kronus_GenesisAbbott/cashier.genesis.abbott/app/frontend/models/TransactionSummaryModel.php Line: 359
[2014-06-04 17:50:46.369649][NOTICE] "Undefined variable: depositcash" File: /var/www/Kronus_GenesisAbbott/cashier.genesis.abbott/app/frontend/views/reports/reports_transaction_history_tpl.php Line: 76
[2014-06-04 17:50:46.369952][NOTICE] "Undefined variable: depositticket" File: /var/www/Kronus_GenesisAbbott/cashier.genesis.abbott/app/frontend/views/reports/reports_transaction_history_tpl.php Line: 77
[2014-06-04 17:50:46.370226][NOTICE] "Undefined variable: depositcoupon" File: /var/www/Kronus_GenesisAbbott/cashier.genesis.abbott/app/frontend/views/reports/reports_transaction_history_tpl.php Line: 78
[2014-06-04 17:50:46.370504][NOTICE] "Undefined variable: reloadcash" File: /var/www/Kronus_GenesisAbbott/cashier.genesis.abbott/app/frontend/views/reports/reports_transaction_history_tpl.php Line: 80
[2014-06-04 17:50:46.370757][NOTICE] "Undefined variable: reloadticket" File: /var/www/Kronus_GenesisAbbott/cashier.genesis.abbott/app/frontend/views/reports/reports_transaction_history_tpl.php Line: 81
[2014-06-04 17:50:46.371034][NOTICE] "Undefined variable: reloadcoupon" File: /var/www/Kronus_GenesisAbbott/cashier.genesis.abbott/app/frontend/views/reports/reports_transaction_history_tpl.php Line: 82
[2014-06-04 17:50:46.371279][NOTICE] "Undefined variable: withdrawalcashier" File: /var/www/Kronus_GenesisAbbott/cashier.genesis.abbott/app/frontend/views/reports/reports_transaction_history_tpl.php Line: 85
[2014-06-04 17:50:46.371575][NOTICE] "Undefined variable: withdrawalgenesis" File: /var/www/Kronus_GenesisAbbott/cashier.genesis.abbott/app/frontend/views/reports/reports_transaction_history_tpl.php Line: 86
[2014-06-04 17:50:46.372673][NOTICE] "Undefined variable: regdepositcash" File: /var/www/Kronus_GenesisAbbott/cashier.genesis.abbott/app/frontend/views/reports/reports_transaction_history_tpl.php Line: 108
[2014-06-04 17:50:46.372814][NOTICE] "Undefined variable: regdepositticket" File: /var/www/Kronus_GenesisAbbott/cashier.genesis.abbott/app/frontend/views/reports/reports_transaction_history_tpl.php Line: 109
[2014-06-04 17:50:46.373010][NOTICE] "Undefined variable: regdepositcoupon" File: /var/www/Kronus_GenesisAbbott/cashier.genesis.abbott/app/frontend/views/reports/reports_transaction_history_tpl.php Line: 110
[2014-06-04 17:50:46.373289][NOTICE] "Undefined variable: regreloadcash" File: /var/www/Kronus_GenesisAbbott/cashier.genesis.abbott/app/frontend/views/reports/reports_transaction_history_tpl.php Line: 112
[2014-06-04 17:50:46.373546][NOTICE] "Undefined variable: regreloadticket" File: /var/www/Kronus_GenesisAbbott/cashier.genesis.abbott/app/frontend/views/reports/reports_transaction_history_tpl.php Line: 113
[2014-06-04 17:50:46.373830][NOTICE] "Undefined variable: regreloadcoupon" File: /var/www/Kronus_GenesisAbbott/cashier.genesis.abbott/app/frontend/views/reports/reports_transaction_history_tpl.php Line: 114
[2014-06-04 17:50:46.374105][NOTICE] "Undefined variable: gendepositcash" File: /var/www/Kronus_GenesisAbbott/cashier.genesis.abbott/app/frontend/views/reports/reports_transaction_history_tpl.php Line: 116
[2014-06-04 17:50:46.374365][NOTICE] "Undefined variable: gendepositticket" File: /var/www/Kronus_GenesisAbbott/cashier.genesis.abbott/app/frontend/views/reports/reports_transaction_history_tpl.php Line: 117
[2014-06-04 17:50:46.374633][NOTICE] "Undefined variable: gendepositcoupon" File: /var/www/Kronus_GenesisAbbott/cashier.genesis.abbott/app/frontend/views/reports/reports_transaction_history_tpl.php Line: 118
[2014-06-04 17:50:46.374899][NOTICE] "Undefined variable: genreloadcash" File: /var/www/Kronus_GenesisAbbott/cashier.genesis.abbott/app/frontend/views/reports/reports_transaction_history_tpl.php Line: 120
[2014-06-04 17:50:46.375165][NOTICE] "Undefined variable: genreloadticket" File: /var/www/Kronus_GenesisAbbott/cashier.genesis.abbott/app/frontend/views/reports/reports_transaction_history_tpl.php Line: 121
[2014-06-04 17:50:46.375432][NOTICE] "Undefined variable: genreloadcoupon" File: /var/www/Kronus_GenesisAbbott/cashier.genesis.abbott/app/frontend/views/reports/reports_transaction_history_tpl.php Line: 122
[2014-06-04 17:50:46.375675][NOTICE] "Undefined variable: withdrawalcashier2" File: /var/www/Kronus_GenesisAbbott/cashier.genesis.abbott/app/frontend/views/reports/reports_transaction_history_tpl.php Line: 125
[2014-06-04 17:50:46.375953][NOTICE] "Undefined variable: withdrawalgenesis2" File: /var/www/Kronus_GenesisAbbott/cashier.genesis.abbott/app/frontend/views/reports/reports_transaction_history_tpl.php Line: 126
[2014-06-04 17:50:53.850294][NOTICE] "Undefined index: startlimit" File: /var/www/Kronus_GenesisAbbott/cashier.genesis.abbott/app/frontend/controllers/ReportsController.php Line: 56
[2014-06-04 17:50:53.863338][NOTICE] "Undefined variable: terminalCode" File: /var/www/Kronus_GenesisAbbott/cashier.genesis.abbott/app/frontend/models/TransactionSummaryModel.php Line: 359
[2014-06-04 17:50:53.863770][NOTICE] "Undefined variable: terminalCode" File: /var/www/Kronus_GenesisAbbott/cashier.genesis.abbott/app/frontend/models/TransactionSummaryModel.php Line: 359
[2014-06-04 17:50:53.864070][NOTICE] "Undefined variable: terminalCode" File: /var/www/Kronus_GenesisAbbott/cashier.genesis.abbott/app/frontend/models/TransactionSummaryModel.php Line: 359
[2014-06-04 17:50:53.864381][NOTICE] "Undefined variable: terminalCode" File: /var/www/Kronus_GenesisAbbott/cashier.genesis.abbott/app/frontend/models/TransactionSummaryModel.php Line: 359
[2014-06-04 17:50:53.864654][NOTICE] "Undefined variable: terminalCode" File: /var/www/Kronus_GenesisAbbott/cashier.genesis.abbott/app/frontend/models/TransactionSummaryModel.php Line: 359
[2014-06-04 17:50:53.865620][NOTICE] "Undefined variable: terminalCode" File: /var/www/Kronus_GenesisAbbott/cashier.genesis.abbott/app/frontend/models/TransactionSummaryModel.php Line: 359
[2014-06-04 17:51:18.726432][NOTICE] "Undefined index: startlimit" File: /var/www/Kronus_GenesisAbbott/cashier.genesis.abbott/app/frontend/controllers/ReportsController.php Line: 56
[2014-06-04 17:51:18.738870][NOTICE] "Undefined variable: terminalCode" File: /var/www/Kronus_GenesisAbbott/cashier.genesis.abbott/app/frontend/models/TransactionSummaryModel.php Line: 359
[2014-06-04 17:51:18.739310][NOTICE] "Undefined variable: terminalCode" File: /var/www/Kronus_GenesisAbbott/cashier.genesis.abbott/app/frontend/models/TransactionSummaryModel.php Line: 359
[2014-06-04 17:51:18.739600][NOTICE] "Undefined variable: terminalCode" File: /var/www/Kronus_GenesisAbbott/cashier.genesis.abbott/app/frontend/models/TransactionSummaryModel.php Line: 359
[2014-06-04 17:51:18.739891][NOTICE] "Undefined variable: terminalCode" File: /var/www/Kronus_GenesisAbbott/cashier.genesis.abbott/app/frontend/models/TransactionSummaryModel.php Line: 359
[2014-06-04 17:51:18.740191][NOTICE] "Undefined variable: terminalCode" File: /var/www/Kronus_GenesisAbbott/cashier.genesis.abbott/app/frontend/models/TransactionSummaryModel.php Line: 359
[2014-06-04 17:51:18.740481][NOTICE] "Undefined variable: terminalCode" File: /var/www/Kronus_GenesisAbbott/cashier.genesis.abbott/app/frontend/models/TransactionSummaryModel.php Line: 359
[2014-06-04 17:57:38.367192][NOTICE] "A session had already been started - ignoring session_start()" File: /var/www/Kronus_GenesisAbbott/cashier.genesis.abbott/app/frontend/models/LoginFormModel.php Line: 527
[2014-06-04 17:57:47.775988][NOTICE] "Undefined variable: terminalCode" File: /var/www/Kronus_GenesisAbbott/cashier.genesis.abbott/app/frontend/models/TransactionSummaryModel.php Line: 359
[2014-06-04 17:57:47.776575][NOTICE] "Undefined variable: terminalCode" File: /var/www/Kronus_GenesisAbbott/cashier.genesis.abbott/app/frontend/models/TransactionSummaryModel.php Line: 359
[2014-06-04 17:57:47.777531][NOTICE] "Undefined variable: terminalCode" File: /var/www/Kronus_GenesisAbbott/cashier.genesis.abbott/app/frontend/models/TransactionSummaryModel.php Line: 359
[2014-06-04 17:57:47.777916][NOTICE] "Undefined variable: terminalCode" File: /var/www/Kronus_GenesisAbbott/cashier.genesis.abbott/app/frontend/models/TransactionSummaryModel.php Line: 359
[2014-06-04 17:57:47.778264][NOTICE] "Undefined variable: terminalCode" File: /var/www/Kronus_GenesisAbbott/cashier.genesis.abbott/app/frontend/models/TransactionSummaryModel.php Line: 359
[2014-06-04 17:57:47.778641][NOTICE] "Undefined variable: terminalCode" File: /var/www/Kronus_GenesisAbbott/cashier.genesis.abbott/app/frontend/models/TransactionSummaryModel.php Line: 359
[2014-06-04 17:57:47.778892][NOTICE] "Undefined variable: terminalCode" File: /var/www/Kronus_GenesisAbbott/cashier.genesis.abbott/app/frontend/models/TransactionSummaryModel.php Line: 359
[2014-06-04 17:57:47.779280][NOTICE] "Undefined variable: terminalCode" File: /var/www/Kronus_GenesisAbbott/cashier.genesis.abbott/app/frontend/models/TransactionSummaryModel.php Line: 359
[2014-06-04 17:57:47.779646][NOTICE] "Undefined variable: terminalCode" File: /var/www/Kronus_GenesisAbbott/cashier.genesis.abbott/app/frontend/models/TransactionSummaryModel.php Line: 359
[2014-06-04 17:57:47.779999][NOTICE] "Undefined variable: terminalCode" File: /var/www/Kronus_GenesisAbbott/cashier.genesis.abbott/app/frontend/models/TransactionSummaryModel.php Line: 359
[2014-06-04 17:57:47.780357][NOTICE] "Undefined variable: terminalCode" File: /var/www/Kronus_GenesisAbbott/cashier.genesis.abbott/app/frontend/models/TransactionSummaryModel.php Line: 359
[2014-06-04 17:57:47.780564][NOTICE] "Undefined variable: terminalCode" File: /var/www/Kronus_GenesisAbbott/cashier.genesis.abbott/app/frontend/models/TransactionSummaryModel.php Line: 359
[2014-06-04 17:57:47.783622][NOTICE] "Undefined variable: terminalCode" File: /var/www/Kronus_GenesisAbbott/cashier.genesis.abbott/app/frontend/models/TransactionSummaryModel.php Line: 359
[2014-06-04 17:57:47.783996][NOTICE] "Undefined variable: terminalCode" File: /var/www/Kronus_GenesisAbbott/cashier.genesis.abbott/app/frontend/models/TransactionSummaryModel.php Line: 359
[2014-06-04 17:57:47.784364][NOTICE] "Undefined variable: terminalCode" File: /var/www/Kronus_GenesisAbbott/cashier.genesis.abbott/app/frontend/models/TransactionSummaryModel.php Line: 359
[2014-06-04 17:57:47.784812][NOTICE] "Undefined variable: terminalCode" File: /var/www/Kronus_GenesisAbbott/cashier.genesis.abbott/app/frontend/models/TransactionSummaryModel.php Line: 359
[2014-06-04 17:57:47.785190][NOTICE] "Undefined variable: terminalCode" File: /var/www/Kronus_GenesisAbbott/cashier.genesis.abbott/app/frontend/models/TransactionSummaryModel.php Line: 359
[2014-06-04 17:57:47.837755][NOTICE] "Undefined variable: depositcash" File: /var/www/Kronus_GenesisAbbott/cashier.genesis.abbott/app/frontend/views/reports/reports_transaction_history_tpl.php Line: 76
[2014-06-04 17:57:47.838125][NOTICE] "Undefined variable: depositticket" File: /var/www/Kronus_GenesisAbbott/cashier.genesis.abbott/app/frontend/views/reports/reports_transaction_history_tpl.php Line: 77
[2014-06-04 17:57:47.838401][NOTICE] "Undefined variable: depositcoupon" File: /var/www/Kronus_GenesisAbbott/cashier.genesis.abbott/app/frontend/views/reports/reports_transaction_history_tpl.php Line: 78
[2014-06-04 17:57:47.838702][NOTICE] "Undefined variable: reloadcash" File: /var/www/Kronus_GenesisAbbott/cashier.genesis.abbott/app/frontend/views/reports/reports_transaction_history_tpl.php Line: 80
[2014-06-04 17:57:47.838969][NOTICE] "Undefined variable: reloadticket" File: /var/www/Kronus_GenesisAbbott/cashier.genesis.abbott/app/frontend/views/reports/reports_transaction_history_tpl.php Line: 81
[2014-06-04 17:57:47.839265][NOTICE] "Undefined variable: reloadcoupon" File: /var/www/Kronus_GenesisAbbott/cashier.genesis.abbott/app/frontend/views/reports/reports_transaction_history_tpl.php Line: 82
[2014-06-04 17:57:47.839551][NOTICE] "Undefined variable: withdrawalcashier" File: /var/www/Kronus_GenesisAbbott/cashier.genesis.abbott/app/frontend/views/reports/reports_transaction_history_tpl.php Line: 85
[2014-06-04 17:57:47.839829][NOTICE] "Undefined variable: withdrawalgenesis" File: /var/www/Kronus_GenesisAbbott/cashier.genesis.abbott/app/frontend/views/reports/reports_transaction_history_tpl.php Line: 86
[2014-06-04 17:57:47.841007][NOTICE] "Undefined variable: regdepositcash" File: /var/www/Kronus_GenesisAbbott/cashier.genesis.abbott/app/frontend/views/reports/reports_transaction_history_tpl.php Line: 108
[2014-06-04 17:57:47.841314][NOTICE] "Undefined variable: regdepositticket" File: /var/www/Kronus_GenesisAbbott/cashier.genesis.abbott/app/frontend/views/reports/reports_transaction_history_tpl.php Line: 109
[2014-06-04 17:57:47.841608][NOTICE] "Undefined variable: regdepositcoupon" File: /var/www/Kronus_GenesisAbbott/cashier.genesis.abbott/app/frontend/views/reports/reports_transaction_history_tpl.php Line: 110
[2014-06-04 17:57:47.841883][NOTICE] "Undefined variable: regreloadcash" File: /var/www/Kronus_GenesisAbbott/cashier.genesis.abbott/app/frontend/views/reports/reports_transaction_history_tpl.php Line: 112
[2014-06-04 17:57:47.842165][NOTICE] "Undefined variable: regreloadticket" File: /var/www/Kronus_GenesisAbbott/cashier.genesis.abbott/app/frontend/views/reports/reports_transaction_history_tpl.php Line: 113
[2014-06-04 17:57:47.842434][NOTICE] "Undefined variable: regreloadcoupon" File: /var/www/Kronus_GenesisAbbott/cashier.genesis.abbott/app/frontend/views/reports/reports_transaction_history_tpl.php Line: 114
[2014-06-04 17:57:47.842582][NOTICE] "Undefined variable: gendepositcash" File: /var/www/Kronus_GenesisAbbott/cashier.genesis.abbott/app/frontend/views/reports/reports_transaction_history_tpl.php Line: 116
[2014-06-04 17:57:47.842677][NOTICE] "Undefined variable: gendepositticket" File: /var/www/Kronus_GenesisAbbott/cashier.genesis.abbott/app/frontend/views/reports/reports_transaction_history_tpl.php Line: 117
[2014-06-04 17:57:47.843008][NOTICE] "Undefined variable: gendepositcoupon" File: /var/www/Kronus_GenesisAbbott/cashier.genesis.abbott/app/frontend/views/reports/reports_transaction_history_tpl.php Line: 118
[2014-06-04 17:57:47.843284][NOTICE] "Undefined variable: genreloadcash" File: /var/www/Kronus_GenesisAbbott/cashier.genesis.abbott/app/frontend/views/reports/reports_transaction_history_tpl.php Line: 120
[2014-06-04 17:57:47.843581][NOTICE] "Undefined variable: genreloadticket" File: /var/www/Kronus_GenesisAbbott/cashier.genesis.abbott/app/frontend/views/reports/reports_transaction_history_tpl.php Line: 121
[2014-06-04 17:57:47.843880][NOTICE] "Undefined variable: genreloadcoupon" File: /var/www/Kronus_GenesisAbbott/cashier.genesis.abbott/app/frontend/views/reports/reports_transaction_history_tpl.php Line: 122
[2014-06-04 17:57:47.844151][NOTICE] "Undefined variable: withdrawalcashier2" File: /var/www/Kronus_GenesisAbbott/cashier.genesis.abbott/app/frontend/views/reports/reports_transaction_history_tpl.php Line: 125
[2014-06-04 17:57:47.844453][NOTICE] "Undefined variable: withdrawalgenesis2" File: /var/www/Kronus_GenesisAbbott/cashier.genesis.abbott/app/frontend/views/reports/reports_transaction_history_tpl.php Line: 126
[2014-06-04 18:12:49.251702][NOTICE] "Undefined variable: terminalCode" File: /var/www/Kronus_GenesisAbbott/cashier.genesis.abbott/app/frontend/models/TransactionSummaryModel.php Line: 359
[2014-06-04 18:12:49.252281][NOTICE] "Undefined variable: terminalCode" File: /var/www/Kronus_GenesisAbbott/cashier.genesis.abbott/app/frontend/models/TransactionSummaryModel.php Line: 359
[2014-06-04 18:12:49.252639][NOTICE] "Undefined variable: terminalCode" File: /var/www/Kronus_GenesisAbbott/cashier.genesis.abbott/app/frontend/models/TransactionSummaryModel.php Line: 359
[2014-06-04 18:12:49.253017][NOTICE] "Undefined variable: terminalCode" File: /var/www/Kronus_GenesisAbbott/cashier.genesis.abbott/app/frontend/models/TransactionSummaryModel.php Line: 359
[2014-06-04 18:12:49.253395][NOTICE] "Undefined variable: terminalCode" File: /var/www/Kronus_GenesisAbbott/cashier.genesis.abbott/app/frontend/models/TransactionSummaryModel.php Line: 359
[2014-06-04 18:12:49.253772][NOTICE] "Undefined variable: terminalCode" File: /var/www/Kronus_GenesisAbbott/cashier.genesis.abbott/app/frontend/models/TransactionSummaryModel.php Line: 359
[2014-06-04 18:12:49.254146][NOTICE] "Undefined variable: terminalCode" File: /var/www/Kronus_GenesisAbbott/cashier.genesis.abbott/app/frontend/models/TransactionSummaryModel.php Line: 359
[2014-06-04 18:12:49.254510][NOTICE] "Undefined variable: terminalCode" File: /var/www/Kronus_GenesisAbbott/cashier.genesis.abbott/app/frontend/models/TransactionSummaryModel.php Line: 359
[2014-06-04 18:12:49.254907][NOTICE] "Undefined variable: terminalCode" File: /var/www/Kronus_GenesisAbbott/cashier.genesis.abbott/app/frontend/models/TransactionSummaryModel.php Line: 359
[2014-06-04 18:12:49.255118][NOTICE] "Undefined variable: terminalCode" File: /var/www/Kronus_GenesisAbbott/cashier.genesis.abbott/app/frontend/models/TransactionSummaryModel.php Line: 359
[2014-06-04 18:12:49.255315][NOTICE] "Undefined variable: terminalCode" File: /var/www/Kronus_GenesisAbbott/cashier.genesis.abbott/app/frontend/models/TransactionSummaryModel.php Line: 359
[2014-06-04 18:12:49.255672][NOTICE] "Undefined variable: terminalCode" File: /var/www/Kronus_GenesisAbbott/cashier.genesis.abbott/app/frontend/models/TransactionSummaryModel.php Line: 359
[2014-06-04 18:12:49.256042][NOTICE] "Undefined variable: terminalCode" File: /var/www/Kronus_GenesisAbbott/cashier.genesis.abbott/app/frontend/models/TransactionSummaryModel.php Line: 359
[2014-06-04 18:12:49.256425][NOTICE] "Undefined variable: terminalCode" File: /var/www/Kronus_GenesisAbbott/cashier.genesis.abbott/app/frontend/models/TransactionSummaryModel.php Line: 359
[2014-06-04 18:12:49.257355][NOTICE] "Undefined variable: terminalCode" File: /var/www/Kronus_GenesisAbbott/cashier.genesis.abbott/app/frontend/models/TransactionSummaryModel.php Line: 359
[2014-06-04 18:12:49.257726][NOTICE] "Undefined variable: terminalCode" File: /var/www/Kronus_GenesisAbbott/cashier.genesis.abbott/app/frontend/models/TransactionSummaryModel.php Line: 359
[2014-06-04 18:12:49.258106][NOTICE] "Undefined variable: terminalCode" File: /var/www/Kronus_GenesisAbbott/cashier.genesis.abbott/app/frontend/models/TransactionSummaryModel.php Line: 359
[2014-06-04 18:12:49.308253][NOTICE] "Undefined variable: depositcash" File: /var/www/Kronus_GenesisAbbott/cashier.genesis.abbott/app/frontend/views/reports/reports_transaction_history_tpl.php Line: 76
[2014-06-04 18:12:49.308581][NOTICE] "Undefined variable: depositticket" File: /var/www/Kronus_GenesisAbbott/cashier.genesis.abbott/app/frontend/views/reports/reports_transaction_history_tpl.php Line: 77
[2014-06-04 18:12:49.308756][NOTICE] "Undefined variable: depositcoupon" File: /var/www/Kronus_GenesisAbbott/cashier.genesis.abbott/app/frontend/views/reports/reports_transaction_history_tpl.php Line: 78
[2014-06-04 18:12:49.309075][NOTICE] "Undefined variable: reloadcash" File: /var/www/Kronus_GenesisAbbott/cashier.genesis.abbott/app/frontend/views/reports/reports_transaction_history_tpl.php Line: 80
[2014-06-04 18:12:49.309364][NOTICE] "Undefined variable: reloadticket" File: /var/www/Kronus_GenesisAbbott/cashier.genesis.abbott/app/frontend/views/reports/reports_transaction_history_tpl.php Line: 81
[2014-06-04 18:12:49.309673][NOTICE] "Undefined variable: reloadcoupon" File: /var/www/Kronus_GenesisAbbott/cashier.genesis.abbott/app/frontend/views/reports/reports_transaction_history_tpl.php Line: 82
[2014-06-04 18:12:49.309957][NOTICE] "Undefined variable: withdrawalcashier" File: /var/www/Kronus_GenesisAbbott/cashier.genesis.abbott/app/frontend/views/reports/reports_transaction_history_tpl.php Line: 85
[2014-06-04 18:12:49.310267][NOTICE] "Undefined variable: withdrawalgenesis" File: /var/www/Kronus_GenesisAbbott/cashier.genesis.abbott/app/frontend/views/reports/reports_transaction_history_tpl.php Line: 86
[2014-06-04 18:12:49.311102][NOTICE] "Undefined variable: regdepositcash" File: /var/www/Kronus_GenesisAbbott/cashier.genesis.abbott/app/frontend/views/reports/reports_transaction_history_tpl.php Line: 108
[2014-06-04 18:12:49.311478][NOTICE] "Undefined variable: regdepositticket" File: /var/www/Kronus_GenesisAbbott/cashier.genesis.abbott/app/frontend/views/reports/reports_transaction_history_tpl.php Line: 109
[2014-06-04 18:12:49.311760][NOTICE] "Undefined variable: regdepositcoupon" File: /var/www/Kronus_GenesisAbbott/cashier.genesis.abbott/app/frontend/views/reports/reports_transaction_history_tpl.php Line: 110
[2014-06-04 18:12:49.312077][NOTICE] "Undefined variable: regreloadcash" File: /var/www/Kronus_GenesisAbbott/cashier.genesis.abbott/app/frontend/views/reports/reports_transaction_history_tpl.php Line: 112
[2014-06-04 18:12:49.312406][NOTICE] "Undefined variable: regreloadticket" File: /var/www/Kronus_GenesisAbbott/cashier.genesis.abbott/app/frontend/views/reports/reports_transaction_history_tpl.php Line: 113
[2014-06-04 18:12:49.312702][NOTICE] "Undefined variable: regreloadcoupon" File: /var/www/Kronus_GenesisAbbott/cashier.genesis.abbott/app/frontend/views/reports/reports_transaction_history_tpl.php Line: 114
[2014-06-04 18:12:49.313638][NOTICE] "Undefined variable: gendepositcash" File: /var/www/Kronus_GenesisAbbott/cashier.genesis.abbott/app/frontend/views/reports/reports_transaction_history_tpl.php Line: 116
[2014-06-04 18:12:49.313944][NOTICE] "Undefined variable: gendepositticket" File: /var/www/Kronus_GenesisAbbott/cashier.genesis.abbott/app/frontend/views/reports/reports_transaction_history_tpl.php Line: 117
[2014-06-04 18:12:49.314237][NOTICE] "Undefined variable: gendepositcoupon" File: /var/www/Kronus_GenesisAbbott/cashier.genesis.abbott/app/frontend/views/reports/reports_transaction_history_tpl.php Line: 118
[2014-06-04 18:12:49.314540][NOTICE] "Undefined variable: genreloadcash" File: /var/www/Kronus_GenesisAbbott/cashier.genesis.abbott/app/frontend/views/reports/reports_transaction_history_tpl.php Line: 120
[2014-06-04 18:12:49.314834][NOTICE] "Undefined variable: genreloadticket" File: /var/www/Kronus_GenesisAbbott/cashier.genesis.abbott/app/frontend/views/reports/reports_transaction_history_tpl.php Line: 121
[2014-06-04 18:12:49.315137][NOTICE] "Undefined variable: genreloadcoupon" File: /var/www/Kronus_GenesisAbbott/cashier.genesis.abbott/app/frontend/views/reports/reports_transaction_history_tpl.php Line: 122
[2014-06-04 18:12:49.315429][NOTICE] "Undefined variable: withdrawalcashier2" File: /var/www/Kronus_GenesisAbbott/cashier.genesis.abbott/app/frontend/views/reports/reports_transaction_history_tpl.php Line: 125
[2014-06-04 18:12:49.315471][NOTICE] "Undefined variable: withdrawalgenesis2" File: /var/www/Kronus_GenesisAbbott/cashier.genesis.abbott/app/frontend/views/reports/reports_transaction_history_tpl.php Line: 126
[2014-06-04 18:14:00.501058][NOTICE] "Undefined index: startlimit" File: /var/www/Kronus_GenesisAbbott/cashier.genesis.abbott/app/frontend/controllers/ReportsController.php Line: 56
[2014-06-04 18:14:05.420460][NOTICE] "Undefined index: startlimit" File: /var/www/Kronus_GenesisAbbott/cashier.genesis.abbott/app/frontend/controllers/ReportsController.php Line: 56
[2014-06-04 18:14:11.560964][NOTICE] "Undefined index: startlimit" File: /var/www/Kronus_GenesisAbbott/cashier.genesis.abbott/app/frontend/controllers/ReportsController.php Line: 56
[2014-06-04 18:14:13.940712][NOTICE] "Undefined index: startlimit" File: /var/www/Kronus_GenesisAbbott/cashier.genesis.abbott/app/frontend/controllers/ReportsController.php Line: 56
[2014-06-04 18:14:16.117723][NOTICE] "Undefined index: startlimit" File: /var/www/Kronus_GenesisAbbott/cashier.genesis.abbott/app/frontend/controllers/ReportsController.php Line: 56
[2014-06-04 18:14:18.8969][NOTICE] "Undefined index: startlimit" File: /var/www/Kronus_GenesisAbbott/cashier.genesis.abbott/app/frontend/controllers/ReportsController.php Line: 56
[2014-06-04 18:14:19.937966][NOTICE] "Undefined index: startlimit" File: /var/www/Kronus_GenesisAbbott/cashier.genesis.abbott/app/frontend/controllers/ReportsController.php Line: 56
[2014-06-04 18:14:19.949444][NOTICE] "Undefined variable: terminalCode" File: /var/www/Kronus_GenesisAbbott/cashier.genesis.abbott/app/frontend/models/TransactionSummaryModel.php Line: 359
[2014-06-04 18:14:19.949919][NOTICE] "Undefined variable: terminalCode" File: /var/www/Kronus_GenesisAbbott/cashier.genesis.abbott/app/frontend/models/TransactionSummaryModel.php Line: 359
[2014-06-04 18:14:19.950306][NOTICE] "Undefined variable: terminalCode" File: /var/www/Kronus_GenesisAbbott/cashier.genesis.abbott/app/frontend/models/TransactionSummaryModel.php Line: 359
[2014-06-04 18:14:19.950667][NOTICE] "Undefined variable: terminalCode" File: /var/www/Kronus_GenesisAbbott/cashier.genesis.abbott/app/frontend/models/TransactionSummaryModel.php Line: 359
[2014-06-04 18:14:19.951054][NOTICE] "Undefined variable: terminalCode" File: /var/www/Kronus_GenesisAbbott/cashier.genesis.abbott/app/frontend/models/TransactionSummaryModel.php Line: 359
[2014-06-04 18:14:19.951432][NOTICE] "Undefined variable: terminalCode" File: /var/www/Kronus_GenesisAbbott/cashier.genesis.abbott/app/frontend/models/TransactionSummaryModel.php Line: 359
[2014-06-04 18:14:19.952161][NOTICE] "Undefined variable: terminalCode" File: /var/www/Kronus_GenesisAbbott/cashier.genesis.abbott/app/frontend/models/TransactionSummaryModel.php Line: 359
[2014-06-04 18:14:19.952562][NOTICE] "Undefined variable: terminalCode" File: /var/www/Kronus_GenesisAbbott/cashier.genesis.abbott/app/frontend/models/TransactionSummaryModel.php Line: 359
[2014-06-04 18:14:19.952931][NOTICE] "Undefined variable: terminalCode" File: /var/www/Kronus_GenesisAbbott/cashier.genesis.abbott/app/frontend/models/TransactionSummaryModel.php Line: 359
[2014-06-04 18:14:19.953366][NOTICE] "Undefined variable: terminalCode" File: /var/www/Kronus_GenesisAbbott/cashier.genesis.abbott/app/frontend/models/TransactionSummaryModel.php Line: 359
[2014-06-04 18:14:19.953768][NOTICE] "Undefined variable: terminalCode" File: /var/www/Kronus_GenesisAbbott/cashier.genesis.abbott/app/frontend/models/TransactionSummaryModel.php Line: 359
[2014-06-04 18:14:19.954155][NOTICE] "Undefined variable: terminalCode" File: /var/www/Kronus_GenesisAbbott/cashier.genesis.abbott/app/frontend/models/TransactionSummaryModel.php Line: 359
[2014-06-04 18:14:19.954514][NOTICE] "Undefined variable: terminalCode" File: /var/www/Kronus_GenesisAbbott/cashier.genesis.abbott/app/frontend/models/TransactionSummaryModel.php Line: 359
[2014-06-04 18:14:37.881326][NOTICE] "Undefined index: startlimit" File: /var/www/Kronus_GenesisAbbott/cashier.genesis.abbott/app/frontend/controllers/ReportsController.php Line: 56
[2014-06-04 18:14:37.903984][NOTICE] "Undefined variable: terminalCode" File: /var/www/Kronus_GenesisAbbott/cashier.genesis.abbott/app/frontend/models/TransactionSummaryModel.php Line: 359
[2014-06-04 18:14:37.904110][NOTICE] "Undefined variable: terminalCode" File: /var/www/Kronus_GenesisAbbott/cashier.genesis.abbott/app/frontend/models/TransactionSummaryModel.php Line: 359
[2014-06-04 18:14:37.904434][NOTICE] "Undefined variable: terminalCode" File: /var/www/Kronus_GenesisAbbott/cashier.genesis.abbott/app/frontend/models/TransactionSummaryModel.php Line: 359
[2014-06-04 18:14:37.904766][NOTICE] "Undefined variable: terminalCode" File: /var/www/Kronus_GenesisAbbott/cashier.genesis.abbott/app/frontend/models/TransactionSummaryModel.php Line: 359
[2014-06-04 18:14:37.905167][NOTICE] "Undefined variable: terminalCode" File: /var/www/Kronus_GenesisAbbott/cashier.genesis.abbott/app/frontend/models/TransactionSummaryModel.php Line: 359
[2014-06-04 18:14:37.905537][NOTICE] "Undefined variable: terminalCode" File: /var/www/Kronus_GenesisAbbott/cashier.genesis.abbott/app/frontend/models/TransactionSummaryModel.php Line: 359
[2014-06-04 18:14:37.905924][NOTICE] "Undefined variable: terminalCode" File: /var/www/Kronus_GenesisAbbott/cashier.genesis.abbott/app/frontend/models/TransactionSummaryModel.php Line: 359
[2014-06-04 18:14:37.906305][NOTICE] "Undefined variable: terminalCode" File: /var/www/Kronus_GenesisAbbott/cashier.genesis.abbott/app/frontend/models/TransactionSummaryModel.php Line: 359
[2014-06-04 18:14:37.906687][NOTICE] "Undefined variable: terminalCode" File: /var/www/Kronus_GenesisAbbott/cashier.genesis.abbott/app/frontend/models/TransactionSummaryModel.php Line: 359
[2014-06-04 18:14:37.907049][NOTICE] "Undefined variable: terminalCode" File: /var/www/Kronus_GenesisAbbott/cashier.genesis.abbott/app/frontend/models/TransactionSummaryModel.php Line: 359
[2014-06-04 18:14:37.907448][NOTICE] "Undefined variable: terminalCode" File: /var/www/Kronus_GenesisAbbott/cashier.genesis.abbott/app/frontend/models/TransactionSummaryModel.php Line: 359
[2014-06-04 18:14:37.907859][NOTICE] "Undefined variable: terminalCode" File: /var/www/Kronus_GenesisAbbott/cashier.genesis.abbott/app/frontend/models/TransactionSummaryModel.php Line: 359
[2014-06-04 18:14:37.908262][NOTICE] "Undefined variable: terminalCode" File: /var/www/Kronus_GenesisAbbott/cashier.genesis.abbott/app/frontend/models/TransactionSummaryModel.php Line: 359
[2014-06-04 18:14:37.908636][NOTICE] "Undefined variable: terminalCode" File: /var/www/Kronus_GenesisAbbott/cashier.genesis.abbott/app/frontend/models/TransactionSummaryModel.php Line: 359
[2014-06-04 18:14:37.908942][NOTICE] "Undefined variable: terminalCode" File: /var/www/Kronus_GenesisAbbott/cashier.genesis.abbott/app/frontend/models/TransactionSummaryModel.php Line: 359
[2014-06-04 18:14:37.909336][NOTICE] "Undefined variable: terminalCode" File: /var/www/Kronus_GenesisAbbott/cashier.genesis.abbott/app/frontend/models/TransactionSummaryModel.php Line: 359
[2014-06-04 18:14:37.909717][NOTICE] "Undefined variable: terminalCode" File: /var/www/Kronus_GenesisAbbott/cashier.genesis.abbott/app/frontend/models/TransactionSummaryModel.php Line: 359
[2014-06-04 18:14:37.910102][NOTICE] "Undefined variable: terminalCode" File: /var/www/Kronus_GenesisAbbott/cashier.genesis.abbott/app/frontend/models/TransactionSummaryModel.php Line: 359
[2014-06-04 18:14:37.910474][NOTICE] "Undefined variable: terminalCode" File: /var/www/Kronus_GenesisAbbott/cashier.genesis.abbott/app/frontend/models/TransactionSummaryModel.php Line: 359
[2014-06-04 18:14:37.910861][NOTICE] "Undefined variable: terminalCode" File: /var/www/Kronus_GenesisAbbott/cashier.genesis.abbott/app/frontend/models/TransactionSummaryModel.php Line: 359
[2014-06-04 18:14:37.911252][NOTICE] "Undefined variable: terminalCode" File: /var/www/Kronus_GenesisAbbott/cashier.genesis.abbott/app/frontend/models/TransactionSummaryModel.php Line: 359
[2014-06-04 18:14:37.911641][NOTICE] "Undefined variable: terminalCode" File: /var/www/Kronus_GenesisAbbott/cashier.genesis.abbott/app/frontend/models/TransactionSummaryModel.php Line: 359
[2014-06-04 18:14:37.912015][NOTICE] "Undefined variable: terminalCode" File: /var/www/Kronus_GenesisAbbott/cashier.genesis.abbott/app/frontend/models/TransactionSummaryModel.php Line: 359
[2014-06-04 18:14:37.912406][NOTICE] "Undefined variable: terminalCode" File: /var/www/Kronus_GenesisAbbott/cashier.genesis.abbott/app/frontend/models/TransactionSummaryModel.php Line: 359
[2014-06-04 18:14:37.912744][NOTICE] "Undefined variable: terminalCode" File: /var/www/Kronus_GenesisAbbott/cashier.genesis.abbott/app/frontend/models/TransactionSummaryModel.php Line: 359
[2014-06-04 18:35:06.118829][NOTICE] "A session had already been started - ignoring session_start()" File: /var/www/Kronus_GenesisAbbott/cashier.genesis.abbott/app/frontend/models/LoginFormModel.php Line: 527
[2014-06-04 18:35:23.158403][NOTICE] "Undefined index: startlimit" File: /var/www/Kronus_GenesisAbbott/cashier.genesis.abbott/app/frontend/controllers/ReportsController.php Line: 56
[2014-06-04 18:35:23.173015][NOTICE] "Undefined variable: terminalCode" File: /var/www/Kronus_GenesisAbbott/cashier.genesis.abbott/app/frontend/models/TransactionSummaryModel.php Line: 359
[2014-06-04 18:35:23.174232][NOTICE] "Undefined variable: terminalCode" File: /var/www/Kronus_GenesisAbbott/cashier.genesis.abbott/app/frontend/models/TransactionSummaryModel.php Line: 359
[2014-06-04 18:35:23.174754][NOTICE] "Undefined variable: terminalCode" File: /var/www/Kronus_GenesisAbbott/cashier.genesis.abbott/app/frontend/models/TransactionSummaryModel.php Line: 359
[2014-06-04 18:35:23.175281][NOTICE] "Undefined variable: terminalCode" File: /var/www/Kronus_GenesisAbbott/cashier.genesis.abbott/app/frontend/models/TransactionSummaryModel.php Line: 359
[2014-06-04 18:35:23.175803][NOTICE] "Undefined variable: terminalCode" File: /var/www/Kronus_GenesisAbbott/cashier.genesis.abbott/app/frontend/models/TransactionSummaryModel.php Line: 359
[2014-06-04 18:35:23.176323][NOTICE] "Undefined variable: terminalCode" File: /var/www/Kronus_GenesisAbbott/cashier.genesis.abbott/app/frontend/models/TransactionSummaryModel.php Line: 359
