[2014-09-02 16:56:09.28405][NOTICE] "Undefined variable: depositcash" File: /var/www/Kronus_GenesisAbbott/cashier.genesis.abbott/app/frontend/views/reports/reports_transaction_history_tpl.php Line: 85
[2014-09-02 16:56:09.64973][NOTICE] "Undefined variable: depositticket" File: /var/www/Kronus_GenesisAbbott/cashier.genesis.abbott/app/frontend/views/reports/reports_transaction_history_tpl.php Line: 86
[2014-09-02 16:56:09.65139][NOTICE] "Undefined variable: depositcoupon" File: /var/www/Kronus_GenesisAbbott/cashier.genesis.abbott/app/frontend/views/reports/reports_transaction_history_tpl.php Line: 87
[2014-09-02 16:56:09.65303][NOTICE] "Undefined variable: reloadcash" File: /var/www/Kronus_GenesisAbbott/cashier.genesis.abbott/app/frontend/views/reports/reports_transaction_history_tpl.php Line: 89
[2014-09-02 16:56:09.65458][NOTICE] "Undefined variable: reloadticket" File: /var/www/Kronus_GenesisAbbott/cashier.genesis.abbott/app/frontend/views/reports/reports_transaction_history_tpl.php Line: 90
[2014-09-02 16:56:09.65605][NOTICE] "Undefined variable: reloadcoupon" File: /var/www/Kronus_GenesisAbbott/cashier.genesis.abbott/app/frontend/views/reports/reports_transaction_history_tpl.php Line: 91
[2014-09-02 16:56:09.65751][NOTICE] "Undefined variable: withdrawalcashier" File: /var/www/Kronus_GenesisAbbott/cashier.genesis.abbott/app/frontend/views/reports/reports_transaction_history_tpl.php Line: 94
[2014-09-02 16:56:09.65911][NOTICE] "Undefined variable: withdrawalgenesis" File: /var/www/Kronus_GenesisAbbott/cashier.genesis.abbott/app/frontend/views/reports/reports_transaction_history_tpl.php Line: 95
[2014-09-02 16:56:09.81565][NOTICE] "Undefined variable: regdepositcash" File: /var/www/Kronus_GenesisAbbott/cashier.genesis.abbott/app/frontend/views/reports/reports_transaction_history_tpl.php Line: 117
[2014-09-02 16:56:09.82391][NOTICE] "Undefined variable: regdepositticket" File: /var/www/Kronus_GenesisAbbott/cashier.genesis.abbott/app/frontend/views/reports/reports_transaction_history_tpl.php Line: 118
[2014-09-02 16:56:09.82631][NOTICE] "Undefined variable: regdepositcoupon" File: /var/www/Kronus_GenesisAbbott/cashier.genesis.abbott/app/frontend/views/reports/reports_transaction_history_tpl.php Line: 119
[2014-09-02 16:56:09.82812][NOTICE] "Undefined variable: regreloadcash" File: /var/www/Kronus_GenesisAbbott/cashier.genesis.abbott/app/frontend/views/reports/reports_transaction_history_tpl.php Line: 121
[2014-09-02 16:56:09.83069][NOTICE] "Undefined variable: regreloadticket" File: /var/www/Kronus_GenesisAbbott/cashier.genesis.abbott/app/frontend/views/reports/reports_transaction_history_tpl.php Line: 122
[2014-09-02 16:56:09.83296][NOTICE] "Undefined variable: regreloadcoupon" File: /var/www/Kronus_GenesisAbbott/cashier.genesis.abbott/app/frontend/views/reports/reports_transaction_history_tpl.php Line: 123
[2014-09-02 16:56:09.83611][NOTICE] "Undefined variable: gendepositcash" File: /var/www/Kronus_GenesisAbbott/cashier.genesis.abbott/app/frontend/views/reports/reports_transaction_history_tpl.php Line: 125
[2014-09-02 16:56:09.83878][NOTICE] "Undefined variable: gendepositticket" File: /var/www/Kronus_GenesisAbbott/cashier.genesis.abbott/app/frontend/views/reports/reports_transaction_history_tpl.php Line: 126
[2014-09-02 16:56:09.84376][NOTICE] "Undefined variable: gendepositcoupon" File: /var/www/Kronus_GenesisAbbott/cashier.genesis.abbott/app/frontend/views/reports/reports_transaction_history_tpl.php Line: 127
[2014-09-02 16:56:09.84772][NOTICE] "Undefined variable: genreloadcash" File: /var/www/Kronus_GenesisAbbott/cashier.genesis.abbott/app/frontend/views/reports/reports_transaction_history_tpl.php Line: 129
[2014-09-02 16:56:09.85149][NOTICE] "Undefined variable: genreloadticket" File: /var/www/Kronus_GenesisAbbott/cashier.genesis.abbott/app/frontend/views/reports/reports_transaction_history_tpl.php Line: 130
[2014-09-02 16:56:09.85405][NOTICE] "Undefined variable: genreloadcoupon" File: /var/www/Kronus_GenesisAbbott/cashier.genesis.abbott/app/frontend/views/reports/reports_transaction_history_tpl.php Line: 131
[2014-09-02 16:56:09.86473][NOTICE] "Undefined variable: withdrawalcashier2" File: /var/www/Kronus_GenesisAbbott/cashier.genesis.abbott/app/frontend/views/reports/reports_transaction_history_tpl.php Line: 134
[2014-09-02 16:56:09.86651][NOTICE] "Undefined variable: withdrawalgenesis2" File: /var/www/Kronus_GenesisAbbott/cashier.genesis.abbott/app/frontend/views/reports/reports_transaction_history_tpl.php Line: 135
[2014-09-02 16:56:18.578074][NOTICE] "Undefined index: startlimit" File: /var/www/Kronus_GenesisAbbott/cashier.genesis.abbott/app/frontend/controllers/ReportsController.php Line: 56
[2014-09-02 17:03:45.637731][NOTICE] "A session had already been started - ignoring session_start()" File: /var/www/Kronus_GenesisAbbott/cashier.genesis.abbott/app/frontend/models/LoginFormModel.php Line: 527
[2014-09-02 17:04:36.133163][NOTICE] "Undefined variable: depositcash" File: /var/www/Kronus_GenesisAbbott/cashier.genesis.abbott/app/frontend/views/reports/reports_transaction_history_tpl.php Line: 76
[2014-09-02 17:04:36.134630][NOTICE] "Undefined variable: depositticket" File: /var/www/Kronus_GenesisAbbott/cashier.genesis.abbott/app/frontend/views/reports/reports_transaction_history_tpl.php Line: 77
[2014-09-02 17:04:36.135070][NOTICE] "Undefined variable: depositcoupon" File: /var/www/Kronus_GenesisAbbott/cashier.genesis.abbott/app/frontend/views/reports/reports_transaction_history_tpl.php Line: 78
[2014-09-02 17:04:36.135494][NOTICE] "Undefined variable: reloadcash" File: /var/www/Kronus_GenesisAbbott/cashier.genesis.abbott/app/frontend/views/reports/reports_transaction_history_tpl.php Line: 80
[2014-09-02 17:04:36.135918][NOTICE] "Undefined variable: reloadticket" File: /var/www/Kronus_GenesisAbbott/cashier.genesis.abbott/app/frontend/views/reports/reports_transaction_history_tpl.php Line: 81
[2014-09-02 17:04:36.136288][NOTICE] "Undefined variable: reloadcoupon" File: /var/www/Kronus_GenesisAbbott/cashier.genesis.abbott/app/frontend/views/reports/reports_transaction_history_tpl.php Line: 82
[2014-09-02 17:04:36.137612][NOTICE] "Undefined variable: withdrawalcashier" File: /var/www/Kronus_GenesisAbbott/cashier.genesis.abbott/app/frontend/views/reports/reports_transaction_history_tpl.php Line: 85
[2014-09-02 17:04:36.138058][NOTICE] "Undefined variable: withdrawalgenesis" File: /var/www/Kronus_GenesisAbbott/cashier.genesis.abbott/app/frontend/views/reports/reports_transaction_history_tpl.php Line: 86
[2014-09-02 17:04:36.140320][NOTICE] "Undefined variable: regdepositcash" File: /var/www/Kronus_GenesisAbbott/cashier.genesis.abbott/app/frontend/views/reports/reports_transaction_history_tpl.php Line: 108
[2014-09-02 17:04:36.140709][NOTICE] "Undefined variable: regdepositticket" File: /var/www/Kronus_GenesisAbbott/cashier.genesis.abbott/app/frontend/views/reports/reports_transaction_history_tpl.php Line: 109
[2014-09-02 17:04:36.140823][NOTICE] "Undefined variable: regdepositcoupon" File: /var/www/Kronus_GenesisAbbott/cashier.genesis.abbott/app/frontend/views/reports/reports_transaction_history_tpl.php Line: 110
[2014-09-02 17:04:36.141268][NOTICE] "Undefined variable: regreloadcash" File: /var/www/Kronus_GenesisAbbott/cashier.genesis.abbott/app/frontend/views/reports/reports_transaction_history_tpl.php Line: 112
[2014-09-02 17:04:36.141682][NOTICE] "Undefined variable: regreloadticket" File: /var/www/Kronus_GenesisAbbott/cashier.genesis.abbott/app/frontend/views/reports/reports_transaction_history_tpl.php Line: 113
[2014-09-02 17:04:36.142095][NOTICE] "Undefined variable: regreloadcoupon" File: /var/www/Kronus_GenesisAbbott/cashier.genesis.abbott/app/frontend/views/reports/reports_transaction_history_tpl.php Line: 114
[2014-09-02 17:04:36.142469][NOTICE] "Undefined variable: gendepositcash" File: /var/www/Kronus_GenesisAbbott/cashier.genesis.abbott/app/frontend/views/reports/reports_transaction_history_tpl.php Line: 116
[2014-09-02 17:04:36.142958][NOTICE] "Undefined variable: gendepositticket" File: /var/www/Kronus_GenesisAbbott/cashier.genesis.abbott/app/frontend/views/reports/reports_transaction_history_tpl.php Line: 117
[2014-09-02 17:04:36.143379][NOTICE] "Undefined variable: gendepositcoupon" File: /var/www/Kronus_GenesisAbbott/cashier.genesis.abbott/app/frontend/views/reports/reports_transaction_history_tpl.php Line: 118
[2014-09-02 17:04:36.143789][NOTICE] "Undefined variable: genreloadcash" File: /var/www/Kronus_GenesisAbbott/cashier.genesis.abbott/app/frontend/views/reports/reports_transaction_history_tpl.php Line: 120
[2014-09-02 17:04:36.144192][NOTICE] "Undefined variable: genreloadticket" File: /var/www/Kronus_GenesisAbbott/cashier.genesis.abbott/app/frontend/views/reports/reports_transaction_history_tpl.php Line: 121
[2014-09-02 17:04:36.144602][NOTICE] "Undefined variable: genreloadcoupon" File: /var/www/Kronus_GenesisAbbott/cashier.genesis.abbott/app/frontend/views/reports/reports_transaction_history_tpl.php Line: 122
[2014-09-02 17:04:36.144992][NOTICE] "Undefined variable: withdrawalcashier2" File: /var/www/Kronus_GenesisAbbott/cashier.genesis.abbott/app/frontend/views/reports/reports_transaction_history_tpl.php Line: 125
[2014-09-02 17:04:36.145384][NOTICE] "Undefined variable: withdrawalgenesis2" File: /var/www/Kronus_GenesisAbbott/cashier.genesis.abbott/app/frontend/views/reports/reports_transaction_history_tpl.php Line: 126
[2014-09-02 17:05:02.489382][NOTICE] "Undefined index: startlimit" File: /var/www/Kronus_GenesisAbbott/cashier.genesis.abbott/app/frontend/controllers/ReportsController.php Line: 56
[2014-09-02 17:39:03.108822][NOTICE] "A session had already been started - ignoring session_start()" File: /var/www/Kronus_GenesisAbbott/cashier.genesis.abbott/app/frontend/models/LoginFormModel.php Line: 527
[2014-09-02 17:39:12.358825][NOTICE] "Undefined variable: depositcash" File: /var/www/Kronus_GenesisAbbott/cashier.genesis.abbott/app/frontend/views/reports/reports_transaction_history_tpl.php Line: 76
[2014-09-02 17:39:12.359306][NOTICE] "Undefined variable: depositticket" File: /var/www/Kronus_GenesisAbbott/cashier.genesis.abbott/app/frontend/views/reports/reports_transaction_history_tpl.php Line: 77
[2014-09-02 17:39:12.359523][NOTICE] "Undefined variable: depositcoupon" File: /var/www/Kronus_GenesisAbbott/cashier.genesis.abbott/app/frontend/views/reports/reports_transaction_history_tpl.php Line: 78
[2014-09-02 17:39:12.359716][NOTICE] "Undefined variable: reloadcash" File: /var/www/Kronus_GenesisAbbott/cashier.genesis.abbott/app/frontend/views/reports/reports_transaction_history_tpl.php Line: 80
[2014-09-02 17:39:12.359904][NOTICE] "Undefined variable: reloadticket" File: /var/www/Kronus_GenesisAbbott/cashier.genesis.abbott/app/frontend/views/reports/reports_transaction_history_tpl.php Line: 81
[2014-09-02 17:39:12.360106][NOTICE] "Undefined variable: reloadcoupon" File: /var/www/Kronus_GenesisAbbott/cashier.genesis.abbott/app/frontend/views/reports/reports_transaction_history_tpl.php Line: 82
[2014-09-02 17:39:12.360299][NOTICE] "Undefined variable: withdrawalcashier" File: /var/www/Kronus_GenesisAbbott/cashier.genesis.abbott/app/frontend/views/reports/reports_transaction_history_tpl.php Line: 85
[2014-09-02 17:39:12.360499][NOTICE] "Undefined variable: withdrawalgenesis" File: /var/www/Kronus_GenesisAbbott/cashier.genesis.abbott/app/frontend/views/reports/reports_transaction_history_tpl.php Line: 86
[2014-09-02 17:39:12.361538][NOTICE] "Undefined variable: regdepositcash" File: /var/www/Kronus_GenesisAbbott/cashier.genesis.abbott/app/frontend/views/reports/reports_transaction_history_tpl.php Line: 108
[2014-09-02 17:39:12.361751][NOTICE] "Undefined variable: regdepositticket" File: /var/www/Kronus_GenesisAbbott/cashier.genesis.abbott/app/frontend/views/reports/reports_transaction_history_tpl.php Line: 109
[2014-09-02 17:39:12.361942][NOTICE] "Undefined variable: regdepositcoupon" File: /var/www/Kronus_GenesisAbbott/cashier.genesis.abbott/app/frontend/views/reports/reports_transaction_history_tpl.php Line: 110
[2014-09-02 17:39:12.362146][NOTICE] "Undefined variable: regreloadcash" File: /var/www/Kronus_GenesisAbbott/cashier.genesis.abbott/app/frontend/views/reports/reports_transaction_history_tpl.php Line: 112
[2014-09-02 17:39:12.362346][NOTICE] "Undefined variable: regreloadticket" File: /var/www/Kronus_GenesisAbbott/cashier.genesis.abbott/app/frontend/views/reports/reports_transaction_history_tpl.php Line: 113
[2014-09-02 17:39:12.362513][NOTICE] "Undefined variable: regreloadcoupon" File: /var/www/Kronus_GenesisAbbott/cashier.genesis.abbott/app/frontend/views/reports/reports_transaction_history_tpl.php Line: 114
[2014-09-02 17:39:12.362551][NOTICE] "Undefined variable: gendepositcash" File: /var/www/Kronus_GenesisAbbott/cashier.genesis.abbott/app/frontend/views/reports/reports_transaction_history_tpl.php Line: 116
[2014-09-02 17:39:12.362748][NOTICE] "Undefined variable: gendepositticket" File: /var/www/Kronus_GenesisAbbott/cashier.genesis.abbott/app/frontend/views/reports/reports_transaction_history_tpl.php Line: 117
[2014-09-02 17:39:12.362974][NOTICE] "Undefined variable: gendepositcoupon" File: /var/www/Kronus_GenesisAbbott/cashier.genesis.abbott/app/frontend/views/reports/reports_transaction_history_tpl.php Line: 118
[2014-09-02 17:39:12.363162][NOTICE] "Undefined variable: genreloadcash" File: /var/www/Kronus_GenesisAbbott/cashier.genesis.abbott/app/frontend/views/reports/reports_transaction_history_tpl.php Line: 120
[2014-09-02 17:39:12.363366][NOTICE] "Undefined variable: genreloadticket" File: /var/www/Kronus_GenesisAbbott/cashier.genesis.abbott/app/frontend/views/reports/reports_transaction_history_tpl.php Line: 121
[2014-09-02 17:39:12.363561][NOTICE] "Undefined variable: genreloadcoupon" File: /var/www/Kronus_GenesisAbbott/cashier.genesis.abbott/app/frontend/views/reports/reports_transaction_history_tpl.php Line: 122
[2014-09-02 17:39:12.363751][NOTICE] "Undefined variable: withdrawalcashier2" File: /var/www/Kronus_GenesisAbbott/cashier.genesis.abbott/app/frontend/views/reports/reports_transaction_history_tpl.php Line: 125
[2014-09-02 17:39:12.363949][NOTICE] "Undefined variable: withdrawalgenesis2" File: /var/www/Kronus_GenesisAbbott/cashier.genesis.abbott/app/frontend/views/reports/reports_transaction_history_tpl.php Line: 126
[2014-09-02 17:41:21.282918][NOTICE] "Undefined index: startlimit" File: /var/www/Kronus_GenesisAbbott/cashier.genesis.abbott/app/frontend/controllers/ReportsController.php Line: 56
[2014-09-02 17:41:43.489552][NOTICE] "Undefined index: startlimit" File: /var/www/Kronus_GenesisAbbott/cashier.genesis.abbott/app/frontend/controllers/ReportsController.php Line: 56
[2014-09-02 17:54:47.294364][NOTICE] "Undefined index: startlimit" File: /var/www/Kronus_GenesisAbbott/cashier.genesis.abbott/app/frontend/controllers/ReportsController.php Line: 56
[2014-09-02 17:58:00.463588][NOTICE] "Undefined index: startlimit" File: /var/www/Kronus_GenesisAbbott/cashier.genesis.abbott/app/frontend/controllers/ReportsController.php Line: 56
[2014-09-02 18:25:16.499069][NOTICE] "Undefined variable: depositcash" File: /var/www/Kronus_GenesisAbbott/cashier.genesis.abbott/app/frontend/views/reports/reports_transaction_history_tpl.php Line: 76
[2014-09-02 18:25:16.499516][NOTICE] "Undefined variable: depositticket" File: /var/www/Kronus_GenesisAbbott/cashier.genesis.abbott/app/frontend/views/reports/reports_transaction_history_tpl.php Line: 77
[2014-09-02 18:25:16.499700][NOTICE] "Undefined variable: depositcoupon" File: /var/www/Kronus_GenesisAbbott/cashier.genesis.abbott/app/frontend/views/reports/reports_transaction_history_tpl.php Line: 78
[2014-09-02 18:25:16.499874][NOTICE] "Undefined variable: reloadcash" File: /var/www/Kronus_GenesisAbbott/cashier.genesis.abbott/app/frontend/views/reports/reports_transaction_history_tpl.php Line: 80
[2014-09-02 18:25:16.500191][NOTICE] "Undefined variable: reloadticket" File: /var/www/Kronus_GenesisAbbott/cashier.genesis.abbott/app/frontend/views/reports/reports_transaction_history_tpl.php Line: 81
[2014-09-02 18:25:16.500370][NOTICE] "Undefined variable: reloadcoupon" File: /var/www/Kronus_GenesisAbbott/cashier.genesis.abbott/app/frontend/views/reports/reports_transaction_history_tpl.php Line: 82
[2014-09-02 18:25:16.500580][NOTICE] "Undefined variable: withdrawalcashier" File: /var/www/Kronus_GenesisAbbott/cashier.genesis.abbott/app/frontend/views/reports/reports_transaction_history_tpl.php Line: 85
[2014-09-02 18:25:16.500767][NOTICE] "Undefined variable: withdrawalgenesis" File: /var/www/Kronus_GenesisAbbott/cashier.genesis.abbott/app/frontend/views/reports/reports_transaction_history_tpl.php Line: 86
[2014-09-02 18:25:16.502350][NOTICE] "Undefined variable: regdepositcash" File: /var/www/Kronus_GenesisAbbott/cashier.genesis.abbott/app/frontend/views/reports/reports_transaction_history_tpl.php Line: 108
[2014-09-02 18:25:16.502516][NOTICE] "Undefined variable: regdepositticket" File: /var/www/Kronus_GenesisAbbott/cashier.genesis.abbott/app/frontend/views/reports/reports_transaction_history_tpl.php Line: 109
[2014-09-02 18:25:16.502708][NOTICE] "Undefined variable: regdepositcoupon" File: /var/www/Kronus_GenesisAbbott/cashier.genesis.abbott/app/frontend/views/reports/reports_transaction_history_tpl.php Line: 110
[2014-09-02 18:25:16.502886][NOTICE] "Undefined variable: regreloadcash" File: /var/www/Kronus_GenesisAbbott/cashier.genesis.abbott/app/frontend/views/reports/reports_transaction_history_tpl.php Line: 112
[2014-09-02 18:25:16.503074][NOTICE] "Undefined variable: regreloadticket" File: /var/www/Kronus_GenesisAbbott/cashier.genesis.abbott/app/frontend/views/reports/reports_transaction_history_tpl.php Line: 113
[2014-09-02 18:25:16.503250][NOTICE] "Undefined variable: regreloadcoupon" File: /var/www/Kronus_GenesisAbbott/cashier.genesis.abbott/app/frontend/views/reports/reports_transaction_history_tpl.php Line: 114
[2014-09-02 18:25:16.503425][NOTICE] "Undefined variable: gendepositcash" File: /var/www/Kronus_GenesisAbbott/cashier.genesis.abbott/app/frontend/views/reports/reports_transaction_history_tpl.php Line: 116
[2014-09-02 18:25:16.503612][NOTICE] "Undefined variable: gendepositticket" File: /var/www/Kronus_GenesisAbbott/cashier.genesis.abbott/app/frontend/views/reports/reports_transaction_history_tpl.php Line: 117
[2014-09-02 18:25:16.503789][NOTICE] "Undefined variable: gendepositcoupon" File: /var/www/Kronus_GenesisAbbott/cashier.genesis.abbott/app/frontend/views/reports/reports_transaction_history_tpl.php Line: 118
[2014-09-02 18:25:16.503968][NOTICE] "Undefined variable: genreloadcash" File: /var/www/Kronus_GenesisAbbott/cashier.genesis.abbott/app/frontend/views/reports/reports_transaction_history_tpl.php Line: 120
[2014-09-02 18:25:16.504155][NOTICE] "Undefined variable: genreloadticket" File: /var/www/Kronus_GenesisAbbott/cashier.genesis.abbott/app/frontend/views/reports/reports_transaction_history_tpl.php Line: 121
[2014-09-02 18:25:16.504332][NOTICE] "Undefined variable: genreloadcoupon" File: /var/www/Kronus_GenesisAbbott/cashier.genesis.abbott/app/frontend/views/reports/reports_transaction_history_tpl.php Line: 122
[2014-09-02 18:25:16.504546][NOTICE] "Undefined variable: withdrawalcashier2" File: /var/www/Kronus_GenesisAbbott/cashier.genesis.abbott/app/frontend/views/reports/reports_transaction_history_tpl.php Line: 125
[2014-09-02 18:25:16.504723][NOTICE] "Undefined variable: withdrawalgenesis2" File: /var/www/Kronus_GenesisAbbott/cashier.genesis.abbott/app/frontend/views/reports/reports_transaction_history_tpl.php Line: 126
[2014-09-02 18:35:04.636897][NOTICE] "Undefined variable: depositcash" File: /var/www/Kronus_GenesisAbbott/cashier.genesis.abbott/app/frontend/views/reports/reports_transaction_history_tpl.php Line: 76
[2014-09-02 18:35:04.638201][NOTICE] "Undefined variable: depositticket" File: /var/www/Kronus_GenesisAbbott/cashier.genesis.abbott/app/frontend/views/reports/reports_transaction_history_tpl.php Line: 77
[2014-09-02 18:35:04.638749][NOTICE] "Undefined variable: depositcoupon" File: /var/www/Kronus_GenesisAbbott/cashier.genesis.abbott/app/frontend/views/reports/reports_transaction_history_tpl.php Line: 78
[2014-09-02 18:35:04.639012][NOTICE] "Undefined variable: reloadcash" File: /var/www/Kronus_GenesisAbbott/cashier.genesis.abbott/app/frontend/views/reports/reports_transaction_history_tpl.php Line: 80
[2014-09-02 18:35:04.639518][NOTICE] "Undefined variable: reloadticket" File: /var/www/Kronus_GenesisAbbott/cashier.genesis.abbott/app/frontend/views/reports/reports_transaction_history_tpl.php Line: 81
[2014-09-02 18:35:04.640835][NOTICE] "Undefined variable: reloadcoupon" File: /var/www/Kronus_GenesisAbbott/cashier.genesis.abbott/app/frontend/views/reports/reports_transaction_history_tpl.php Line: 82
[2014-09-02 18:35:04.641397][NOTICE] "Undefined variable: withdrawalcashier" File: /var/www/Kronus_GenesisAbbott/cashier.genesis.abbott/app/frontend/views/reports/reports_transaction_history_tpl.php Line: 85
[2014-09-02 18:35:04.641914][NOTICE] "Undefined variable: withdrawalgenesis" File: /var/www/Kronus_GenesisAbbott/cashier.genesis.abbott/app/frontend/views/reports/reports_transaction_history_tpl.php Line: 86
[2014-09-02 18:35:04.644045][NOTICE] "Undefined variable: regdepositcash" File: /var/www/Kronus_GenesisAbbott/cashier.genesis.abbott/app/frontend/views/reports/reports_transaction_history_tpl.php Line: 108
[2014-09-02 18:35:04.644535][NOTICE] "Undefined variable: regdepositticket" File: /var/www/Kronus_GenesisAbbott/cashier.genesis.abbott/app/frontend/views/reports/reports_transaction_history_tpl.php Line: 109
[2014-09-02 18:35:04.644977][NOTICE] "Undefined variable: regdepositcoupon" File: /var/www/Kronus_GenesisAbbott/cashier.genesis.abbott/app/frontend/views/reports/reports_transaction_history_tpl.php Line: 110
[2014-09-02 18:35:04.645445][NOTICE] "Undefined variable: regreloadcash" File: /var/www/Kronus_GenesisAbbott/cashier.genesis.abbott/app/frontend/views/reports/reports_transaction_history_tpl.php Line: 112
[2014-09-02 18:35:04.645905][NOTICE] "Undefined variable: regreloadticket" File: /var/www/Kronus_GenesisAbbott/cashier.genesis.abbott/app/frontend/views/reports/reports_transaction_history_tpl.php Line: 113
[2014-09-02 18:35:04.646029][NOTICE] "Undefined variable: regreloadcoupon" File: /var/www/Kronus_GenesisAbbott/cashier.genesis.abbott/app/frontend/views/reports/reports_transaction_history_tpl.php Line: 114
[2014-09-02 18:35:04.646464][NOTICE] "Undefined variable: gendepositcash" File: /var/www/Kronus_GenesisAbbott/cashier.genesis.abbott/app/frontend/views/reports/reports_transaction_history_tpl.php Line: 116
[2014-09-02 18:35:04.646710][NOTICE] "Undefined variable: gendepositticket" File: /var/www/Kronus_GenesisAbbott/cashier.genesis.abbott/app/frontend/views/reports/reports_transaction_history_tpl.php Line: 117
[2014-09-02 18:35:04.647208][NOTICE] "Undefined variable: gendepositcoupon" File: /var/www/Kronus_GenesisAbbott/cashier.genesis.abbott/app/frontend/views/reports/reports_transaction_history_tpl.php Line: 118
[2014-09-02 18:35:04.647688][NOTICE] "Undefined variable: genreloadcash" File: /var/www/Kronus_GenesisAbbott/cashier.genesis.abbott/app/frontend/views/reports/reports_transaction_history_tpl.php Line: 120
[2014-09-02 18:35:04.648173][NOTICE] "Undefined variable: genreloadticket" File: /var/www/Kronus_GenesisAbbott/cashier.genesis.abbott/app/frontend/views/reports/reports_transaction_history_tpl.php Line: 121
[2014-09-02 18:35:04.648640][NOTICE] "Undefined variable: genreloadcoupon" File: /var/www/Kronus_GenesisAbbott/cashier.genesis.abbott/app/frontend/views/reports/reports_transaction_history_tpl.php Line: 122
[2014-09-02 18:35:04.649112][NOTICE] "Undefined variable: withdrawalcashier2" File: /var/www/Kronus_GenesisAbbott/cashier.genesis.abbott/app/frontend/views/reports/reports_transaction_history_tpl.php Line: 125
[2014-09-02 18:35:04.649586][NOTICE] "Undefined variable: withdrawalgenesis2" File: /var/www/Kronus_GenesisAbbott/cashier.genesis.abbott/app/frontend/views/reports/reports_transaction_history_tpl.php Line: 126
[2014-09-02 18:47:19.821894][NOTICE] "Undefined variable: depositcash" File: /var/www/Kronus_GenesisAbbott/cashier.genesis.abbott/app/frontend/views/reports/reports_transaction_history_tpl.php Line: 76
[2014-09-02 18:47:19.822741][NOTICE] "Undefined variable: depositticket" File: /var/www/Kronus_GenesisAbbott/cashier.genesis.abbott/app/frontend/views/reports/reports_transaction_history_tpl.php Line: 77
[2014-09-02 18:47:19.823247][NOTICE] "Undefined variable: depositcoupon" File: /var/www/Kronus_GenesisAbbott/cashier.genesis.abbott/app/frontend/views/reports/reports_transaction_history_tpl.php Line: 78
[2014-09-02 18:47:19.823765][NOTICE] "Undefined variable: reloadcash" File: /var/www/Kronus_GenesisAbbott/cashier.genesis.abbott/app/frontend/views/reports/reports_transaction_history_tpl.php Line: 80
[2014-09-02 18:47:19.823953][NOTICE] "Undefined variable: reloadticket" File: /var/www/Kronus_GenesisAbbott/cashier.genesis.abbott/app/frontend/views/reports/reports_transaction_history_tpl.php Line: 81
[2014-09-02 18:47:19.824421][NOTICE] "Undefined variable: reloadcoupon" File: /var/www/Kronus_GenesisAbbott/cashier.genesis.abbott/app/frontend/views/reports/reports_transaction_history_tpl.php Line: 82
[2014-09-02 18:47:19.824920][NOTICE] "Undefined variable: withdrawalcashier" File: /var/www/Kronus_GenesisAbbott/cashier.genesis.abbott/app/frontend/views/reports/reports_transaction_history_tpl.php Line: 85
[2014-09-02 18:47:19.825403][NOTICE] "Undefined variable: withdrawalgenesis" File: /var/www/Kronus_GenesisAbbott/cashier.genesis.abbott/app/frontend/views/reports/reports_transaction_history_tpl.php Line: 86
[2014-09-02 18:47:19.827581][NOTICE] "Undefined variable: regdepositcash" File: /var/www/Kronus_GenesisAbbott/cashier.genesis.abbott/app/frontend/views/reports/reports_transaction_history_tpl.php Line: 108
[2014-09-02 18:47:19.828103][NOTICE] "Undefined variable: regdepositticket" File: /var/www/Kronus_GenesisAbbott/cashier.genesis.abbott/app/frontend/views/reports/reports_transaction_history_tpl.php Line: 109
[2014-09-02 18:47:19.828583][NOTICE] "Undefined variable: regdepositcoupon" File: /var/www/Kronus_GenesisAbbott/cashier.genesis.abbott/app/frontend/views/reports/reports_transaction_history_tpl.php Line: 110
[2014-09-02 18:47:19.829074][NOTICE] "Undefined variable: regreloadcash" File: /var/www/Kronus_GenesisAbbott/cashier.genesis.abbott/app/frontend/views/reports/reports_transaction_history_tpl.php Line: 112
[2014-09-02 18:47:19.829552][NOTICE] "Undefined variable: regreloadticket" File: /var/www/Kronus_GenesisAbbott/cashier.genesis.abbott/app/frontend/views/reports/reports_transaction_history_tpl.php Line: 113
[2014-09-02 18:47:19.829997][NOTICE] "Undefined variable: regreloadcoupon" File: /var/www/Kronus_GenesisAbbott/cashier.genesis.abbott/app/frontend/views/reports/reports_transaction_history_tpl.php Line: 114
[2014-09-02 18:47:19.830473][NOTICE] "Undefined variable: gendepositcash" File: /var/www/Kronus_GenesisAbbott/cashier.genesis.abbott/app/frontend/views/reports/reports_transaction_history_tpl.php Line: 116
[2014-09-02 18:47:19.831796][NOTICE] "Undefined variable: gendepositticket" File: /var/www/Kronus_GenesisAbbott/cashier.genesis.abbott/app/frontend/views/reports/reports_transaction_history_tpl.php Line: 117
[2014-09-02 18:47:19.832261][NOTICE] "Undefined variable: gendepositcoupon" File: /var/www/Kronus_GenesisAbbott/cashier.genesis.abbott/app/frontend/views/reports/reports_transaction_history_tpl.php Line: 118
[2014-09-02 18:47:19.832732][NOTICE] "Undefined variable: genreloadcash" File: /var/www/Kronus_GenesisAbbott/cashier.genesis.abbott/app/frontend/views/reports/reports_transaction_history_tpl.php Line: 120
[2014-09-02 18:47:19.833205][NOTICE] "Undefined variable: genreloadticket" File: /var/www/Kronus_GenesisAbbott/cashier.genesis.abbott/app/frontend/views/reports/reports_transaction_history_tpl.php Line: 121
[2014-09-02 18:47:19.833944][NOTICE] "Undefined variable: genreloadcoupon" File: /var/www/Kronus_GenesisAbbott/cashier.genesis.abbott/app/frontend/views/reports/reports_transaction_history_tpl.php Line: 122
[2014-09-02 18:47:19.834430][NOTICE] "Undefined variable: withdrawalcashier2" File: /var/www/Kronus_GenesisAbbott/cashier.genesis.abbott/app/frontend/views/reports/reports_transaction_history_tpl.php Line: 125
[2014-09-02 18:47:19.834855][NOTICE] "Undefined variable: withdrawalgenesis2" File: /var/www/Kronus_GenesisAbbott/cashier.genesis.abbott/app/frontend/views/reports/reports_transaction_history_tpl.php Line: 126
[2014-09-02 18:50:12.961157][NOTICE] "Undefined index: startlimit" File: /var/www/Kronus_GenesisAbbott/cashier.genesis.abbott/app/frontend/controllers/ReportsController.php Line: 56
[2014-09-02 18:50:17.632573][NOTICE] "Undefined variable: depositcash" File: /var/www/Kronus_GenesisAbbott/cashier.genesis.abbott/app/frontend/views/reports/reports_transaction_history_tpl.php Line: 76
[2014-09-02 18:50:17.633340][NOTICE] "Undefined variable: depositticket" File: /var/www/Kronus_GenesisAbbott/cashier.genesis.abbott/app/frontend/views/reports/reports_transaction_history_tpl.php Line: 77
[2014-09-02 18:50:17.633647][NOTICE] "Undefined variable: depositcoupon" File: /var/www/Kronus_GenesisAbbott/cashier.genesis.abbott/app/frontend/views/reports/reports_transaction_history_tpl.php Line: 78
[2014-09-02 18:50:17.634212][NOTICE] "Undefined variable: reloadcash" File: /var/www/Kronus_GenesisAbbott/cashier.genesis.abbott/app/frontend/views/reports/reports_transaction_history_tpl.php Line: 80
[2014-09-02 18:50:17.634720][NOTICE] "Undefined variable: reloadticket" File: /var/www/Kronus_GenesisAbbott/cashier.genesis.abbott/app/frontend/views/reports/reports_transaction_history_tpl.php Line: 81
[2014-09-02 18:50:17.635250][NOTICE] "Undefined variable: reloadcoupon" File: /var/www/Kronus_GenesisAbbott/cashier.genesis.abbott/app/frontend/views/reports/reports_transaction_history_tpl.php Line: 82
[2014-09-02 18:50:17.635653][NOTICE] "Undefined variable: withdrawalcashier" File: /var/www/Kronus_GenesisAbbott/cashier.genesis.abbott/app/frontend/views/reports/reports_transaction_history_tpl.php Line: 85
[2014-09-02 18:50:17.636049][NOTICE] "Undefined variable: withdrawalgenesis" File: /var/www/Kronus_GenesisAbbott/cashier.genesis.abbott/app/frontend/views/reports/reports_transaction_history_tpl.php Line: 86
[2014-09-02 18:50:17.637889][NOTICE] "Undefined variable: regdepositcash" File: /var/www/Kronus_GenesisAbbott/cashier.genesis.abbott/app/frontend/views/reports/reports_transaction_history_tpl.php Line: 108
[2014-09-02 18:50:17.638311][NOTICE] "Undefined variable: regdepositticket" File: /var/www/Kronus_GenesisAbbott/cashier.genesis.abbott/app/frontend/views/reports/reports_transaction_history_tpl.php Line: 109
[2014-09-02 18:50:17.639406][NOTICE] "Undefined variable: regdepositcoupon" File: /var/www/Kronus_GenesisAbbott/cashier.genesis.abbott/app/frontend/views/reports/reports_transaction_history_tpl.php Line: 110
[2014-09-02 18:50:17.639829][NOTICE] "Undefined variable: regreloadcash" File: /var/www/Kronus_GenesisAbbott/cashier.genesis.abbott/app/frontend/views/reports/reports_transaction_history_tpl.php Line: 112
[2014-09-02 18:50:17.640229][NOTICE] "Undefined variable: regreloadticket" File: /var/www/Kronus_GenesisAbbott/cashier.genesis.abbott/app/frontend/views/reports/reports_transaction_history_tpl.php Line: 113
[2014-09-02 18:50:17.640601][NOTICE] "Undefined variable: regreloadcoupon" File: /var/www/Kronus_GenesisAbbott/cashier.genesis.abbott/app/frontend/views/reports/reports_transaction_history_tpl.php Line: 114
[2014-09-02 18:50:17.640997][NOTICE] "Undefined variable: gendepositcash" File: /var/www/Kronus_GenesisAbbott/cashier.genesis.abbott/app/frontend/views/reports/reports_transaction_history_tpl.php Line: 116
[2014-09-02 18:50:17.641390][NOTICE] "Undefined variable: gendepositticket" File: /var/www/Kronus_GenesisAbbott/cashier.genesis.abbott/app/frontend/views/reports/reports_transaction_history_tpl.php Line: 117
[2014-09-02 18:50:17.641827][NOTICE] "Undefined variable: gendepositcoupon" File: /var/www/Kronus_GenesisAbbott/cashier.genesis.abbott/app/frontend/views/reports/reports_transaction_history_tpl.php Line: 118
[2014-09-02 18:50:17.642237][NOTICE] "Undefined variable: genreloadcash" File: /var/www/Kronus_GenesisAbbott/cashier.genesis.abbott/app/frontend/views/reports/reports_transaction_history_tpl.php Line: 120
[2014-09-02 18:50:17.642608][NOTICE] "Undefined variable: genreloadticket" File: /var/www/Kronus_GenesisAbbott/cashier.genesis.abbott/app/frontend/views/reports/reports_transaction_history_tpl.php Line: 121
[2014-09-02 18:50:17.643014][NOTICE] "Undefined variable: genreloadcoupon" File: /var/www/Kronus_GenesisAbbott/cashier.genesis.abbott/app/frontend/views/reports/reports_transaction_history_tpl.php Line: 122
[2014-09-02 18:50:17.643393][NOTICE] "Undefined variable: withdrawalcashier2" File: /var/www/Kronus_GenesisAbbott/cashier.genesis.abbott/app/frontend/views/reports/reports_transaction_history_tpl.php Line: 125
[2014-09-02 18:50:17.643806][NOTICE] "Undefined variable: withdrawalgenesis2" File: /var/www/Kronus_GenesisAbbott/cashier.genesis.abbott/app/frontend/views/reports/reports_transaction_history_tpl.php Line: 126
[2014-09-02 19:05:29.587536][NOTICE] "Undefined variable: depositcash" File: /var/www/Kronus_GenesisAbbott/cashier.genesis.abbott/app/frontend/views/reports/reports_transaction_history_tpl.php Line: 76
[2014-09-02 19:05:29.588347][NOTICE] "Undefined variable: depositticket" File: /var/www/Kronus_GenesisAbbott/cashier.genesis.abbott/app/frontend/views/reports/reports_transaction_history_tpl.php Line: 77
[2014-09-02 19:05:29.588598][NOTICE] "Undefined variable: depositcoupon" File: /var/www/Kronus_GenesisAbbott/cashier.genesis.abbott/app/frontend/views/reports/reports_transaction_history_tpl.php Line: 78
[2014-09-02 19:05:29.588811][NOTICE] "Undefined variable: reloadcash" File: /var/www/Kronus_GenesisAbbott/cashier.genesis.abbott/app/frontend/views/reports/reports_transaction_history_tpl.php Line: 80
[2014-09-02 19:05:29.589019][NOTICE] "Undefined variable: reloadticket" File: /var/www/Kronus_GenesisAbbott/cashier.genesis.abbott/app/frontend/views/reports/reports_transaction_history_tpl.php Line: 81
[2014-09-02 19:05:29.589265][NOTICE] "Undefined variable: reloadcoupon" File: /var/www/Kronus_GenesisAbbott/cashier.genesis.abbott/app/frontend/views/reports/reports_transaction_history_tpl.php Line: 82
[2014-09-02 19:05:29.589492][NOTICE] "Undefined variable: withdrawalcashier" File: /var/www/Kronus_GenesisAbbott/cashier.genesis.abbott/app/frontend/views/reports/reports_transaction_history_tpl.php Line: 85
[2014-09-02 19:05:29.589738][NOTICE] "Undefined variable: withdrawalgenesis" File: /var/www/Kronus_GenesisAbbott/cashier.genesis.abbott/app/frontend/views/reports/reports_transaction_history_tpl.php Line: 86
[2014-09-02 19:05:29.590251][NOTICE] "Undefined variable: regdepositcash" File: /var/www/Kronus_GenesisAbbott/cashier.genesis.abbott/app/frontend/views/reports/reports_transaction_history_tpl.php Line: 108
[2014-09-02 19:05:29.590475][NOTICE] "Undefined variable: regdepositticket" File: /var/www/Kronus_GenesisAbbott/cashier.genesis.abbott/app/frontend/views/reports/reports_transaction_history_tpl.php Line: 109
[2014-09-02 19:05:29.591528][NOTICE] "Undefined variable: regdepositcoupon" File: /var/www/Kronus_GenesisAbbott/cashier.genesis.abbott/app/frontend/views/reports/reports_transaction_history_tpl.php Line: 110
[2014-09-02 19:05:29.591898][NOTICE] "Undefined variable: regreloadcash" File: /var/www/Kronus_GenesisAbbott/cashier.genesis.abbott/app/frontend/views/reports/reports_transaction_history_tpl.php Line: 112
[2014-09-02 19:05:29.592194][NOTICE] "Undefined variable: regreloadticket" File: /var/www/Kronus_GenesisAbbott/cashier.genesis.abbott/app/frontend/views/reports/reports_transaction_history_tpl.php Line: 113
[2014-09-02 19:05:29.592449][NOTICE] "Undefined variable: regreloadcoupon" File: /var/www/Kronus_GenesisAbbott/cashier.genesis.abbott/app/frontend/views/reports/reports_transaction_history_tpl.php Line: 114
[2014-09-02 19:05:29.592697][NOTICE] "Undefined variable: gendepositcash" File: /var/www/Kronus_GenesisAbbott/cashier.genesis.abbott/app/frontend/views/reports/reports_transaction_history_tpl.php Line: 116
[2014-09-02 19:05:29.592961][NOTICE] "Undefined variable: gendepositticket" File: /var/www/Kronus_GenesisAbbott/cashier.genesis.abbott/app/frontend/views/reports/reports_transaction_history_tpl.php Line: 117
[2014-09-02 19:05:29.593198][NOTICE] "Undefined variable: gendepositcoupon" File: /var/www/Kronus_GenesisAbbott/cashier.genesis.abbott/app/frontend/views/reports/reports_transaction_history_tpl.php Line: 118
[2014-09-02 19:05:29.593498][NOTICE] "Undefined variable: genreloadcash" File: /var/www/Kronus_GenesisAbbott/cashier.genesis.abbott/app/frontend/views/reports/reports_transaction_history_tpl.php Line: 120
[2014-09-02 19:05:29.593755][NOTICE] "Undefined variable: genreloadticket" File: /var/www/Kronus_GenesisAbbott/cashier.genesis.abbott/app/frontend/views/reports/reports_transaction_history_tpl.php Line: 121
[2014-09-02 19:05:29.594051][NOTICE] "Undefined variable: genreloadcoupon" File: /var/www/Kronus_GenesisAbbott/cashier.genesis.abbott/app/frontend/views/reports/reports_transaction_history_tpl.php Line: 122
[2014-09-02 19:05:29.594316][NOTICE] "Undefined variable: withdrawalcashier2" File: /var/www/Kronus_GenesisAbbott/cashier.genesis.abbott/app/frontend/views/reports/reports_transaction_history_tpl.php Line: 125
[2014-09-02 19:05:29.594773][NOTICE] "Undefined variable: withdrawalgenesis2" File: /var/www/Kronus_GenesisAbbott/cashier.genesis.abbott/app/frontend/views/reports/reports_transaction_history_tpl.php Line: 126
