[2014-05-07 16:04:55.949967][NOTICE] "Undefined index: is_Genesis" File: /var/www/Kronus_GenesisAbbott/cashier.genesis.abbott/app/frontend/components/FrontendController.php Line: 982
[2014-05-07 16:05:30.439740][NOTICE] "Undefined index: PID" File: /var/www/Kronus_GenesisAbbott/cashier.genesis.abbott/app/frontend/components/CasinoCAPIHandlerUB.class.php Line: 397
[2014-05-07 16:07:20.685461][NOTICE] "Undefined variable: terminalCode" File: /var/www/Kronus_GenesisAbbott/cashier.genesis.abbott/app/frontend/models/TransactionSummaryModel.php Line: 359
[2014-05-07 16:07:20.685860][NOTICE] "Undefined variable: terminalCode" File: /var/www/Kronus_GenesisAbbott/cashier.genesis.abbott/app/frontend/models/TransactionSummaryModel.php Line: 359
[2014-05-07 16:07:20.686066][NOTICE] "Undefined variable: terminalCode" File: /var/www/Kronus_GenesisAbbott/cashier.genesis.abbott/app/frontend/models/TransactionSummaryModel.php Line: 359
[2014-05-07 16:07:20.686233][NOTICE] "Undefined variable: terminalCode" File: /var/www/Kronus_GenesisAbbott/cashier.genesis.abbott/app/frontend/models/TransactionSummaryModel.php Line: 359
[2014-05-07 16:07:20.686451][NOTICE] "Undefined variable: terminalCode" File: /var/www/Kronus_GenesisAbbott/cashier.genesis.abbott/app/frontend/models/TransactionSummaryModel.php Line: 359
[2014-05-07 16:07:20.686651][NOTICE] "Undefined variable: terminalCode" File: /var/www/Kronus_GenesisAbbott/cashier.genesis.abbott/app/frontend/models/TransactionSummaryModel.php Line: 359
[2014-05-07 16:07:20.686852][NOTICE] "Undefined variable: terminalCode" File: /var/www/Kronus_GenesisAbbott/cashier.genesis.abbott/app/frontend/models/TransactionSummaryModel.php Line: 359
[2014-05-07 16:07:20.706037][NOTICE] "Undefined variable: depositcash" File: /var/www/Kronus_GenesisAbbott/cashier.genesis.abbott/app/frontend/views/reports/reports_transaction_history_tpl.php Line: 76
[2014-05-07 16:07:20.706247][NOTICE] "Undefined variable: depositticket" File: /var/www/Kronus_GenesisAbbott/cashier.genesis.abbott/app/frontend/views/reports/reports_transaction_history_tpl.php Line: 77
[2014-05-07 16:07:20.706402][NOTICE] "Undefined variable: depositcoupon" File: /var/www/Kronus_GenesisAbbott/cashier.genesis.abbott/app/frontend/views/reports/reports_transaction_history_tpl.php Line: 78
[2014-05-07 16:07:20.706552][NOTICE] "Undefined variable: reloadcash" File: /var/www/Kronus_GenesisAbbott/cashier.genesis.abbott/app/frontend/views/reports/reports_transaction_history_tpl.php Line: 80
[2014-05-07 16:07:20.706712][NOTICE] "Undefined variable: reloadticket" File: /var/www/Kronus_GenesisAbbott/cashier.genesis.abbott/app/frontend/views/reports/reports_transaction_history_tpl.php Line: 81
[2014-05-07 16:07:20.706861][NOTICE] "Undefined variable: reloadcoupon" File: /var/www/Kronus_GenesisAbbott/cashier.genesis.abbott/app/frontend/views/reports/reports_transaction_history_tpl.php Line: 82
[2014-05-07 16:07:20.707007][NOTICE] "Undefined variable: withdrawalcashier" File: /var/www/Kronus_GenesisAbbott/cashier.genesis.abbott/app/frontend/views/reports/reports_transaction_history_tpl.php Line: 85
[2014-05-07 16:07:20.707165][NOTICE] "Undefined variable: withdrawalgenesis" File: /var/www/Kronus_GenesisAbbott/cashier.genesis.abbott/app/frontend/views/reports/reports_transaction_history_tpl.php Line: 86
[2014-05-07 16:07:20.707808][NOTICE] "Undefined variable: regdepositcash" File: /var/www/Kronus_GenesisAbbott/cashier.genesis.abbott/app/frontend/views/reports/reports_transaction_history_tpl.php Line: 108
[2014-05-07 16:07:20.707963][NOTICE] "Undefined variable: regdepositticket" File: /var/www/Kronus_GenesisAbbott/cashier.genesis.abbott/app/frontend/views/reports/reports_transaction_history_tpl.php Line: 109
[2014-05-07 16:07:20.708114][NOTICE] "Undefined variable: regdepositcoupon" File: /var/www/Kronus_GenesisAbbott/cashier.genesis.abbott/app/frontend/views/reports/reports_transaction_history_tpl.php Line: 110
[2014-05-07 16:07:20.708293][NOTICE] "Undefined variable: regreloadcash" File: /var/www/Kronus_GenesisAbbott/cashier.genesis.abbott/app/frontend/views/reports/reports_transaction_history_tpl.php Line: 112
[2014-05-07 16:07:20.708454][NOTICE] "Undefined variable: regreloadticket" File: /var/www/Kronus_GenesisAbbott/cashier.genesis.abbott/app/frontend/views/reports/reports_transaction_history_tpl.php Line: 113
[2014-05-07 16:07:20.708606][NOTICE] "Undefined variable: regreloadcoupon" File: /var/www/Kronus_GenesisAbbott/cashier.genesis.abbott/app/frontend/views/reports/reports_transaction_history_tpl.php Line: 114
[2014-05-07 16:07:20.708802][NOTICE] "Undefined variable: gendepositcash" File: /var/www/Kronus_GenesisAbbott/cashier.genesis.abbott/app/frontend/views/reports/reports_transaction_history_tpl.php Line: 116
[2014-05-07 16:07:20.708949][NOTICE] "Undefined variable: gendepositticket" File: /var/www/Kronus_GenesisAbbott/cashier.genesis.abbott/app/frontend/views/reports/reports_transaction_history_tpl.php Line: 117
[2014-05-07 16:07:20.709094][NOTICE] "Undefined variable: gendepositcoupon" File: /var/www/Kronus_GenesisAbbott/cashier.genesis.abbott/app/frontend/views/reports/reports_transaction_history_tpl.php Line: 118
[2014-05-07 16:07:20.709332][NOTICE] "Undefined variable: genreloadcash" File: /var/www/Kronus_GenesisAbbott/cashier.genesis.abbott/app/frontend/views/reports/reports_transaction_history_tpl.php Line: 120
[2014-05-07 16:07:20.709505][NOTICE] "Undefined variable: genreloadticket" File: /var/www/Kronus_GenesisAbbott/cashier.genesis.abbott/app/frontend/views/reports/reports_transaction_history_tpl.php Line: 121
[2014-05-07 16:07:20.709657][NOTICE] "Undefined variable: genreloadcoupon" File: /var/www/Kronus_GenesisAbbott/cashier.genesis.abbott/app/frontend/views/reports/reports_transaction_history_tpl.php Line: 122
[2014-05-07 16:07:20.709885][NOTICE] "Undefined variable: withdrawalcashier2" File: /var/www/Kronus_GenesisAbbott/cashier.genesis.abbott/app/frontend/views/reports/reports_transaction_history_tpl.php Line: 125
[2014-05-07 16:07:20.710056][NOTICE] "Undefined variable: withdrawalgenesis2" File: /var/www/Kronus_GenesisAbbott/cashier.genesis.abbott/app/frontend/views/reports/reports_transaction_history_tpl.php Line: 126
