[2015-04-18 00:00:17.218725][NOTICE] "Undefined variable: depositcash" File: /var/www/kronusew.egamescasino.ph/app/frontend/views/reports/reports_transaction_history_cashier_tpl.php Line: 76
[2015-04-18 00:00:17.218991][NOTICE] "Undefined variable: depositticket" File: /var/www/kronusew.egamescasino.ph/app/frontend/views/reports/reports_transaction_history_cashier_tpl.php Line: 77
[2015-04-18 00:00:17.219198][NOTICE] "Undefined variable: depositcoupon" File: /var/www/kronusew.egamescasino.ph/app/frontend/views/reports/reports_transaction_history_cashier_tpl.php Line: 78
[2015-04-18 00:00:17.219371][NOTICE] "Undefined variable: reloadcash" File: /var/www/kronusew.egamescasino.ph/app/frontend/views/reports/reports_transaction_history_cashier_tpl.php Line: 80
[2015-04-18 00:00:17.219543][NOTICE] "Undefined variable: reloadticket" File: /var/www/kronusew.egamescasino.ph/app/frontend/views/reports/reports_transaction_history_cashier_tpl.php Line: 81
[2015-04-18 00:00:17.219711][NOTICE] "Undefined variable: reloadcoupon" File: /var/www/kronusew.egamescasino.ph/app/frontend/views/reports/reports_transaction_history_cashier_tpl.php Line: 82
[2015-04-18 00:00:17.219879][NOTICE] "Undefined variable: withdrawalcashier" File: /var/www/kronusew.egamescasino.ph/app/frontend/views/reports/reports_transaction_history_cashier_tpl.php Line: 85
[2015-04-18 00:00:17.220049][NOTICE] "Undefined variable: withdrawalgenesis" File: /var/www/kronusew.egamescasino.ph/app/frontend/views/reports/reports_transaction_history_cashier_tpl.php Line: 86
[2015-04-18 00:00:17.220226][NOTICE] "Undefined variable: grossholdtotal" File: /var/www/kronusew.egamescasino.ph/app/frontend/views/reports/reports_transaction_history_cashier_tpl.php Line: 89
[2015-04-18 00:01:21.215234][NOTICE] "Undefined variable: depositcash" File: /var/www/kronusew.egamescasino.ph/app/frontend/views/reports/reports_transaction_history_cashier_tpl.php Line: 76
[2015-04-18 00:01:21.215434][NOTICE] "Undefined variable: depositticket" File: /var/www/kronusew.egamescasino.ph/app/frontend/views/reports/reports_transaction_history_cashier_tpl.php Line: 77
[2015-04-18 00:01:21.215633][NOTICE] "Undefined variable: depositcoupon" File: /var/www/kronusew.egamescasino.ph/app/frontend/views/reports/reports_transaction_history_cashier_tpl.php Line: 78
[2015-04-18 00:01:21.215814][NOTICE] "Undefined variable: reloadcash" File: /var/www/kronusew.egamescasino.ph/app/frontend/views/reports/reports_transaction_history_cashier_tpl.php Line: 80
[2015-04-18 00:01:21.215987][NOTICE] "Undefined variable: reloadticket" File: /var/www/kronusew.egamescasino.ph/app/frontend/views/reports/reports_transaction_history_cashier_tpl.php Line: 81
[2015-04-18 00:01:21.216162][NOTICE] "Undefined variable: reloadcoupon" File: /var/www/kronusew.egamescasino.ph/app/frontend/views/reports/reports_transaction_history_cashier_tpl.php Line: 82
[2015-04-18 00:01:21.216337][NOTICE] "Undefined variable: withdrawalcashier" File: /var/www/kronusew.egamescasino.ph/app/frontend/views/reports/reports_transaction_history_cashier_tpl.php Line: 85
[2015-04-18 00:01:21.216529][NOTICE] "Undefined variable: withdrawalgenesis" File: /var/www/kronusew.egamescasino.ph/app/frontend/views/reports/reports_transaction_history_cashier_tpl.php Line: 86
[2015-04-18 00:01:21.216716][NOTICE] "Undefined variable: grossholdtotal" File: /var/www/kronusew.egamescasino.ph/app/frontend/views/reports/reports_transaction_history_cashier_tpl.php Line: 89
[2015-04-18 00:24:26.31527][NOTICE] "Undefined variable: depositcash" File: /var/www/kronusew.egamescasino.ph/app/frontend/views/reports/reports_transaction_history_cashier_tpl.php Line: 76
[2015-04-18 00:24:26.31735][NOTICE] "Undefined variable: depositticket" File: /var/www/kronusew.egamescasino.ph/app/frontend/views/reports/reports_transaction_history_cashier_tpl.php Line: 77
[2015-04-18 00:24:26.31919][NOTICE] "Undefined variable: depositcoupon" File: /var/www/kronusew.egamescasino.ph/app/frontend/views/reports/reports_transaction_history_cashier_tpl.php Line: 78
[2015-04-18 00:24:26.32106][NOTICE] "Undefined variable: reloadcash" File: /var/www/kronusew.egamescasino.ph/app/frontend/views/reports/reports_transaction_history_cashier_tpl.php Line: 80
[2015-04-18 00:24:26.32304][NOTICE] "Undefined variable: reloadticket" File: /var/www/kronusew.egamescasino.ph/app/frontend/views/reports/reports_transaction_history_cashier_tpl.php Line: 81
[2015-04-18 00:24:26.32484][NOTICE] "Undefined variable: reloadcoupon" File: /var/www/kronusew.egamescasino.ph/app/frontend/views/reports/reports_transaction_history_cashier_tpl.php Line: 82
[2015-04-18 00:24:26.32665][NOTICE] "Undefined variable: withdrawalcashier" File: /var/www/kronusew.egamescasino.ph/app/frontend/views/reports/reports_transaction_history_cashier_tpl.php Line: 85
[2015-04-18 00:24:26.32846][NOTICE] "Undefined variable: withdrawalgenesis" File: /var/www/kronusew.egamescasino.ph/app/frontend/views/reports/reports_transaction_history_cashier_tpl.php Line: 86
[2015-04-18 00:24:26.33034][NOTICE] "Undefined variable: grossholdtotal" File: /var/www/kronusew.egamescasino.ph/app/frontend/views/reports/reports_transaction_history_cashier_tpl.php Line: 89
[2015-04-18 00:25:37.986640][ERROR] "Please use appropriate membership/temporary card for this casino" SiteID = 277 File: /var/www/kronusew.egamescasino.ph/app/frontend/components/FrontendController.php LINE: 1379
[2015-04-18 00:25:43.205866][NOTICE] "Undefined variable: depositcash" File: /var/www/kronusew.egamescasino.ph/app/frontend/views/reports/reports_transaction_history_cashier_tpl.php Line: 76
[2015-04-18 00:25:43.206080][NOTICE] "Undefined variable: depositticket" File: /var/www/kronusew.egamescasino.ph/app/frontend/views/reports/reports_transaction_history_cashier_tpl.php Line: 77
[2015-04-18 00:25:43.206270][NOTICE] "Undefined variable: depositcoupon" File: /var/www/kronusew.egamescasino.ph/app/frontend/views/reports/reports_transaction_history_cashier_tpl.php Line: 78
[2015-04-18 00:25:43.206457][NOTICE] "Undefined variable: reloadcash" File: /var/www/kronusew.egamescasino.ph/app/frontend/views/reports/reports_transaction_history_cashier_tpl.php Line: 80
[2015-04-18 00:25:43.206643][NOTICE] "Undefined variable: reloadticket" File: /var/www/kronusew.egamescasino.ph/app/frontend/views/reports/reports_transaction_history_cashier_tpl.php Line: 81
[2015-04-18 00:25:43.206831][NOTICE] "Undefined variable: reloadcoupon" File: /var/www/kronusew.egamescasino.ph/app/frontend/views/reports/reports_transaction_history_cashier_tpl.php Line: 82
[2015-04-18 00:25:43.207018][NOTICE] "Undefined variable: withdrawalcashier" File: /var/www/kronusew.egamescasino.ph/app/frontend/views/reports/reports_transaction_history_cashier_tpl.php Line: 85
[2015-04-18 00:25:43.207241][NOTICE] "Undefined variable: withdrawalgenesis" File: /var/www/kronusew.egamescasino.ph/app/frontend/views/reports/reports_transaction_history_cashier_tpl.php Line: 86
[2015-04-18 00:25:43.207450][NOTICE] "Undefined variable: grossholdtotal" File: /var/www/kronusew.egamescasino.ph/app/frontend/views/reports/reports_transaction_history_cashier_tpl.php Line: 89
[2015-04-18 00:28:03.460505][NOTICE] "Undefined variable: depositcash" File: /var/www/kronusew.egamescasino.ph/app/frontend/views/reports/reports_transaction_history_cashier_tpl.php Line: 76
[2015-04-18 00:28:03.460746][NOTICE] "Undefined variable: depositticket" File: /var/www/kronusew.egamescasino.ph/app/frontend/views/reports/reports_transaction_history_cashier_tpl.php Line: 77
[2015-04-18 00:28:03.460947][NOTICE] "Undefined variable: depositcoupon" File: /var/www/kronusew.egamescasino.ph/app/frontend/views/reports/reports_transaction_history_cashier_tpl.php Line: 78
[2015-04-18 00:28:03.461153][NOTICE] "Undefined variable: reloadcash" File: /var/www/kronusew.egamescasino.ph/app/frontend/views/reports/reports_transaction_history_cashier_tpl.php Line: 80
[2015-04-18 00:28:03.461343][NOTICE] "Undefined variable: reloadticket" File: /var/www/kronusew.egamescasino.ph/app/frontend/views/reports/reports_transaction_history_cashier_tpl.php Line: 81
[2015-04-18 00:28:03.461529][NOTICE] "Undefined variable: reloadcoupon" File: /var/www/kronusew.egamescasino.ph/app/frontend/views/reports/reports_transaction_history_cashier_tpl.php Line: 82
[2015-04-18 00:28:03.461777][NOTICE] "Undefined variable: withdrawalcashier" File: /var/www/kronusew.egamescasino.ph/app/frontend/views/reports/reports_transaction_history_cashier_tpl.php Line: 85
[2015-04-18 00:28:03.461969][NOTICE] "Undefined variable: withdrawalgenesis" File: /var/www/kronusew.egamescasino.ph/app/frontend/views/reports/reports_transaction_history_cashier_tpl.php Line: 86
[2015-04-18 00:28:03.462165][NOTICE] "Undefined variable: grossholdtotal" File: /var/www/kronusew.egamescasino.ph/app/frontend/views/reports/reports_transaction_history_cashier_tpl.php Line: 89
[2015-04-18 00:41:17.174123][NOTICE] "Undefined variable: depositcash" File: /var/www/kronusew.egamescasino.ph/app/frontend/views/reports/reports_transaction_history_cashier_tpl.php Line: 76
[2015-04-18 00:41:17.174351][NOTICE] "Undefined variable: depositticket" File: /var/www/kronusew.egamescasino.ph/app/frontend/views/reports/reports_transaction_history_cashier_tpl.php Line: 77
[2015-04-18 00:41:17.174551][NOTICE] "Undefined variable: depositcoupon" File: /var/www/kronusew.egamescasino.ph/app/frontend/views/reports/reports_transaction_history_cashier_tpl.php Line: 78
[2015-04-18 00:41:17.174750][NOTICE] "Undefined variable: reloadcash" File: /var/www/kronusew.egamescasino.ph/app/frontend/views/reports/reports_transaction_history_cashier_tpl.php Line: 80
[2015-04-18 00:41:17.174946][NOTICE] "Undefined variable: reloadticket" File: /var/www/kronusew.egamescasino.ph/app/frontend/views/reports/reports_transaction_history_cashier_tpl.php Line: 81
[2015-04-18 00:41:17.175170][NOTICE] "Undefined variable: reloadcoupon" File: /var/www/kronusew.egamescasino.ph/app/frontend/views/reports/reports_transaction_history_cashier_tpl.php Line: 82
[2015-04-18 00:41:17.175374][NOTICE] "Undefined variable: withdrawalcashier" File: /var/www/kronusew.egamescasino.ph/app/frontend/views/reports/reports_transaction_history_cashier_tpl.php Line: 85
[2015-04-18 00:41:17.175575][NOTICE] "Undefined variable: withdrawalgenesis" File: /var/www/kronusew.egamescasino.ph/app/frontend/views/reports/reports_transaction_history_cashier_tpl.php Line: 86
[2015-04-18 00:41:17.175778][NOTICE] "Undefined variable: grossholdtotal" File: /var/www/kronusew.egamescasino.ph/app/frontend/views/reports/reports_transaction_history_cashier_tpl.php Line: 89
[2015-04-18 01:44:06.967832][NOTICE] "Undefined variable: depositcash" File: /var/www/kronusew.egamescasino.ph/app/frontend/views/reports/reports_transaction_history_cashier_tpl.php Line: 76
[2015-04-18 01:44:06.968070][NOTICE] "Undefined variable: depositticket" File: /var/www/kronusew.egamescasino.ph/app/frontend/views/reports/reports_transaction_history_cashier_tpl.php Line: 77
[2015-04-18 01:44:06.968274][NOTICE] "Undefined variable: depositcoupon" File: /var/www/kronusew.egamescasino.ph/app/frontend/views/reports/reports_transaction_history_cashier_tpl.php Line: 78
[2015-04-18 01:44:06.968489][NOTICE] "Undefined variable: reloadcash" File: /var/www/kronusew.egamescasino.ph/app/frontend/views/reports/reports_transaction_history_cashier_tpl.php Line: 80
[2015-04-18 01:44:06.968691][NOTICE] "Undefined variable: reloadticket" File: /var/www/kronusew.egamescasino.ph/app/frontend/views/reports/reports_transaction_history_cashier_tpl.php Line: 81
[2015-04-18 01:44:06.968891][NOTICE] "Undefined variable: reloadcoupon" File: /var/www/kronusew.egamescasino.ph/app/frontend/views/reports/reports_transaction_history_cashier_tpl.php Line: 82
[2015-04-18 01:44:06.969093][NOTICE] "Undefined variable: withdrawalcashier" File: /var/www/kronusew.egamescasino.ph/app/frontend/views/reports/reports_transaction_history_cashier_tpl.php Line: 85
[2015-04-18 01:44:06.969295][NOTICE] "Undefined variable: withdrawalgenesis" File: /var/www/kronusew.egamescasino.ph/app/frontend/views/reports/reports_transaction_history_cashier_tpl.php Line: 86
[2015-04-18 01:44:06.969505][NOTICE] "Undefined variable: grossholdtotal" File: /var/www/kronusew.egamescasino.ph/app/frontend/views/reports/reports_transaction_history_cashier_tpl.php Line: 89
[2015-04-18 02:49:00.175161][NOTICE] "Undefined variable: depositcash" File: /var/www/kronusew.egamescasino.ph/app/frontend/views/reports/reports_transaction_history_cashier_tpl.php Line: 76
[2015-04-18 02:49:00.175409][NOTICE] "Undefined variable: depositticket" File: /var/www/kronusew.egamescasino.ph/app/frontend/views/reports/reports_transaction_history_cashier_tpl.php Line: 77
[2015-04-18 02:49:00.175635][NOTICE] "Undefined variable: depositcoupon" File: /var/www/kronusew.egamescasino.ph/app/frontend/views/reports/reports_transaction_history_cashier_tpl.php Line: 78
[2015-04-18 02:49:00.175847][NOTICE] "Undefined variable: reloadcash" File: /var/www/kronusew.egamescasino.ph/app/frontend/views/reports/reports_transaction_history_cashier_tpl.php Line: 80
[2015-04-18 02:49:00.176054][NOTICE] "Undefined variable: reloadticket" File: /var/www/kronusew.egamescasino.ph/app/frontend/views/reports/reports_transaction_history_cashier_tpl.php Line: 81
[2015-04-18 02:49:00.176261][NOTICE] "Undefined variable: reloadcoupon" File: /var/www/kronusew.egamescasino.ph/app/frontend/views/reports/reports_transaction_history_cashier_tpl.php Line: 82
[2015-04-18 02:49:00.176468][NOTICE] "Undefined variable: withdrawalcashier" File: /var/www/kronusew.egamescasino.ph/app/frontend/views/reports/reports_transaction_history_cashier_tpl.php Line: 85
[2015-04-18 02:49:00.176679][NOTICE] "Undefined variable: withdrawalgenesis" File: /var/www/kronusew.egamescasino.ph/app/frontend/views/reports/reports_transaction_history_cashier_tpl.php Line: 86
[2015-04-18 02:49:00.176938][NOTICE] "Undefined variable: grossholdtotal" File: /var/www/kronusew.egamescasino.ph/app/frontend/views/reports/reports_transaction_history_cashier_tpl.php Line: 89
[2015-04-18 03:00:56.46597][NOTICE] "Undefined variable: depositcash" File: /var/www/kronusew.egamescasino.ph/app/frontend/views/reports/reports_transaction_history_cashier_tpl.php Line: 76
[2015-04-18 03:00:56.46863][NOTICE] "Undefined variable: depositticket" File: /var/www/kronusew.egamescasino.ph/app/frontend/views/reports/reports_transaction_history_cashier_tpl.php Line: 77
[2015-04-18 03:00:56.47099][NOTICE] "Undefined variable: depositcoupon" File: /var/www/kronusew.egamescasino.ph/app/frontend/views/reports/reports_transaction_history_cashier_tpl.php Line: 78
[2015-04-18 03:00:56.47327][NOTICE] "Undefined variable: reloadcash" File: /var/www/kronusew.egamescasino.ph/app/frontend/views/reports/reports_transaction_history_cashier_tpl.php Line: 80
[2015-04-18 03:00:56.47536][NOTICE] "Undefined variable: reloadticket" File: /var/www/kronusew.egamescasino.ph/app/frontend/views/reports/reports_transaction_history_cashier_tpl.php Line: 81
[2015-04-18 03:00:56.47759][NOTICE] "Undefined variable: reloadcoupon" File: /var/www/kronusew.egamescasino.ph/app/frontend/views/reports/reports_transaction_history_cashier_tpl.php Line: 82
[2015-04-18 03:00:56.47968][NOTICE] "Undefined variable: withdrawalcashier" File: /var/www/kronusew.egamescasino.ph/app/frontend/views/reports/reports_transaction_history_cashier_tpl.php Line: 85
[2015-04-18 03:00:56.48178][NOTICE] "Undefined variable: withdrawalgenesis" File: /var/www/kronusew.egamescasino.ph/app/frontend/views/reports/reports_transaction_history_cashier_tpl.php Line: 86
[2015-04-18 03:00:56.48402][NOTICE] "Undefined variable: grossholdtotal" File: /var/www/kronusew.egamescasino.ph/app/frontend/views/reports/reports_transaction_history_cashier_tpl.php Line: 89
[2015-04-18 03:58:18.366607][NOTICE] "Undefined variable: depositcash" File: /var/www/kronusew.egamescasino.ph/app/frontend/views/reports/reports_transaction_history_cashier_tpl.php Line: 76
[2015-04-18 03:58:18.366911][NOTICE] "Undefined variable: depositticket" File: /var/www/kronusew.egamescasino.ph/app/frontend/views/reports/reports_transaction_history_cashier_tpl.php Line: 77
[2015-04-18 03:58:18.367155][NOTICE] "Undefined variable: depositcoupon" File: /var/www/kronusew.egamescasino.ph/app/frontend/views/reports/reports_transaction_history_cashier_tpl.php Line: 78
[2015-04-18 03:58:18.367400][NOTICE] "Undefined variable: reloadcash" File: /var/www/kronusew.egamescasino.ph/app/frontend/views/reports/reports_transaction_history_cashier_tpl.php Line: 80
[2015-04-18 03:58:18.367633][NOTICE] "Undefined variable: reloadticket" File: /var/www/kronusew.egamescasino.ph/app/frontend/views/reports/reports_transaction_history_cashier_tpl.php Line: 81
[2015-04-18 03:58:18.367845][NOTICE] "Undefined variable: reloadcoupon" File: /var/www/kronusew.egamescasino.ph/app/frontend/views/reports/reports_transaction_history_cashier_tpl.php Line: 82
[2015-04-18 03:58:18.368058][NOTICE] "Undefined variable: withdrawalcashier" File: /var/www/kronusew.egamescasino.ph/app/frontend/views/reports/reports_transaction_history_cashier_tpl.php Line: 85
[2015-04-18 03:58:18.368268][NOTICE] "Undefined variable: withdrawalgenesis" File: /var/www/kronusew.egamescasino.ph/app/frontend/views/reports/reports_transaction_history_cashier_tpl.php Line: 86
[2015-04-18 03:58:18.368493][NOTICE] "Undefined variable: grossholdtotal" File: /var/www/kronusew.egamescasino.ph/app/frontend/views/reports/reports_transaction_history_cashier_tpl.php Line: 89
[2015-04-18 05:17:25.301178][NOTICE] "Undefined variable: depositcash" File: /var/www/kronusew.egamescasino.ph/app/frontend/views/reports/reports_transaction_history_cashier_tpl.php Line: 76
[2015-04-18 05:17:25.301475][NOTICE] "Undefined variable: depositticket" File: /var/www/kronusew.egamescasino.ph/app/frontend/views/reports/reports_transaction_history_cashier_tpl.php Line: 77
[2015-04-18 05:17:25.301742][NOTICE] "Undefined variable: depositcoupon" File: /var/www/kronusew.egamescasino.ph/app/frontend/views/reports/reports_transaction_history_cashier_tpl.php Line: 78
[2015-04-18 05:17:25.301964][NOTICE] "Undefined variable: reloadcash" File: /var/www/kronusew.egamescasino.ph/app/frontend/views/reports/reports_transaction_history_cashier_tpl.php Line: 80
[2015-04-18 05:17:25.302178][NOTICE] "Undefined variable: reloadticket" File: /var/www/kronusew.egamescasino.ph/app/frontend/views/reports/reports_transaction_history_cashier_tpl.php Line: 81
[2015-04-18 05:17:25.302415][NOTICE] "Undefined variable: reloadcoupon" File: /var/www/kronusew.egamescasino.ph/app/frontend/views/reports/reports_transaction_history_cashier_tpl.php Line: 82
[2015-04-18 05:17:25.302632][NOTICE] "Undefined variable: withdrawalcashier" File: /var/www/kronusew.egamescasino.ph/app/frontend/views/reports/reports_transaction_history_cashier_tpl.php Line: 85
[2015-04-18 05:17:25.302860][NOTICE] "Undefined variable: withdrawalgenesis" File: /var/www/kronusew.egamescasino.ph/app/frontend/views/reports/reports_transaction_history_cashier_tpl.php Line: 86
[2015-04-18 05:17:25.303113][NOTICE] "Undefined variable: grossholdtotal" File: /var/www/kronusew.egamescasino.ph/app/frontend/views/reports/reports_transaction_history_cashier_tpl.php Line: 89
[2015-04-18 10:40:56.385454][NOTICE] "A session had already been started - ignoring session_start()" File: /var/www/kronusew.egamescasino.ph/app/frontend/models/LoginFormModel.php Line: 527
[2015-04-18 10:45:05.398706][NOTICE] "Undefined index: startlimit" File: /var/www/kronusew.egamescasino.ph/app/frontend/controllers/ReportsController.php Line: 58
[2015-04-18 10:46:41.515715][NOTICE] "Undefined index: startlimit" File: /var/www/kronusew.egamescasino.ph/app/frontend/controllers/ReportsController.php Line: 58
[2015-04-18 14:00:35.466563][NOTICE] "A session had already been started - ignoring session_start()" File: /var/www/kronusew.egamescasino.ph/app/frontend/models/LoginFormModel.php Line: 527
[2015-04-18 14:03:03.443177][NOTICE] "Undefined index: StartSessionFormModel" File: /var/www/kronusew.egamescasino.ph/app/frontend/components/FrontendController.php Line: 179
[2015-04-18 14:09:12.716510][NOTICE] "Undefined index: startlimit" File: /var/www/kronusew.egamescasino.ph/app/frontend/controllers/ReportsController.php Line: 58
[2015-04-18 14:11:07.30031][NOTICE] "Undefined index: startlimit" File: /var/www/kronusew.egamescasino.ph/app/frontend/controllers/ReportsController.php Line: 58
[2015-04-18 14:13:25.926854][NOTICE] "Undefined index: startlimit" File: /var/www/kronusew.egamescasino.ph/app/frontend/controllers/ReportsController.php Line: 58
[2015-04-18 14:56:19.612118][NOTICE] "Undefined variable: depositcash" File: /var/www/kronusew.egamescasino.ph/app/frontend/views/reports/reports_transaction_history_cashier_tpl.php Line: 76
[2015-04-18 14:56:19.612412][NOTICE] "Undefined variable: depositticket" File: /var/www/kronusew.egamescasino.ph/app/frontend/views/reports/reports_transaction_history_cashier_tpl.php Line: 77
[2015-04-18 14:56:19.612682][NOTICE] "Undefined variable: depositcoupon" File: /var/www/kronusew.egamescasino.ph/app/frontend/views/reports/reports_transaction_history_cashier_tpl.php Line: 78
[2015-04-18 14:56:19.612911][NOTICE] "Undefined variable: reloadcash" File: /var/www/kronusew.egamescasino.ph/app/frontend/views/reports/reports_transaction_history_cashier_tpl.php Line: 80
[2015-04-18 14:56:19.613128][NOTICE] "Undefined variable: reloadticket" File: /var/www/kronusew.egamescasino.ph/app/frontend/views/reports/reports_transaction_history_cashier_tpl.php Line: 81
[2015-04-18 14:56:19.613345][NOTICE] "Undefined variable: reloadcoupon" File: /var/www/kronusew.egamescasino.ph/app/frontend/views/reports/reports_transaction_history_cashier_tpl.php Line: 82
[2015-04-18 14:56:19.613562][NOTICE] "Undefined variable: withdrawalcashier" File: /var/www/kronusew.egamescasino.ph/app/frontend/views/reports/reports_transaction_history_cashier_tpl.php Line: 85
[2015-04-18 14:56:19.613780][NOTICE] "Undefined variable: withdrawalgenesis" File: /var/www/kronusew.egamescasino.ph/app/frontend/views/reports/reports_transaction_history_cashier_tpl.php Line: 86
[2015-04-18 14:56:19.614007][NOTICE] "Undefined variable: grossholdtotal" File: /var/www/kronusew.egamescasino.ph/app/frontend/views/reports/reports_transaction_history_cashier_tpl.php Line: 89
[2015-04-18 14:57:11.483402][NOTICE] "Undefined variable: depositcash" File: /var/www/kronusew.egamescasino.ph/app/frontend/views/reports/reports_transaction_history_cashier_tpl.php Line: 76
[2015-04-18 14:57:11.483718][NOTICE] "Undefined variable: depositticket" File: /var/www/kronusew.egamescasino.ph/app/frontend/views/reports/reports_transaction_history_cashier_tpl.php Line: 77
[2015-04-18 14:57:11.483960][NOTICE] "Undefined variable: depositcoupon" File: /var/www/kronusew.egamescasino.ph/app/frontend/views/reports/reports_transaction_history_cashier_tpl.php Line: 78
[2015-04-18 14:57:11.484180][NOTICE] "Undefined variable: reloadcash" File: /var/www/kronusew.egamescasino.ph/app/frontend/views/reports/reports_transaction_history_cashier_tpl.php Line: 80
[2015-04-18 14:57:11.484401][NOTICE] "Undefined variable: reloadticket" File: /var/www/kronusew.egamescasino.ph/app/frontend/views/reports/reports_transaction_history_cashier_tpl.php Line: 81
[2015-04-18 14:57:11.484619][NOTICE] "Undefined variable: reloadcoupon" File: /var/www/kronusew.egamescasino.ph/app/frontend/views/reports/reports_transaction_history_cashier_tpl.php Line: 82
[2015-04-18 14:57:11.484840][NOTICE] "Undefined variable: withdrawalcashier" File: /var/www/kronusew.egamescasino.ph/app/frontend/views/reports/reports_transaction_history_cashier_tpl.php Line: 85
[2015-04-18 14:57:11.485062][NOTICE] "Undefined variable: withdrawalgenesis" File: /var/www/kronusew.egamescasino.ph/app/frontend/views/reports/reports_transaction_history_cashier_tpl.php Line: 86
[2015-04-18 14:57:11.485298][NOTICE] "Undefined variable: grossholdtotal" File: /var/www/kronusew.egamescasino.ph/app/frontend/views/reports/reports_transaction_history_cashier_tpl.php Line: 89
[2015-04-18 18:06:15.537790][ERROR] "Error: Only one active session for Magic Macau casino is allowed for this card. TerminalID=18955 ServiceID=19" SiteID = 277 File: /var/www/kronusew.egamescasino.ph/app/frontend/components/CommonUBStartSession.php LINE: 79
[2015-04-18 18:14:59.140113][NOTICE] "Undefined variable: depositcash" File: /var/www/kronusew.egamescasino.ph/app/frontend/views/reports/reports_transaction_history_cashier_tpl.php Line: 76
[2015-04-18 18:14:59.140432][NOTICE] "Undefined variable: depositticket" File: /var/www/kronusew.egamescasino.ph/app/frontend/views/reports/reports_transaction_history_cashier_tpl.php Line: 77
[2015-04-18 18:14:59.140671][NOTICE] "Undefined variable: depositcoupon" File: /var/www/kronusew.egamescasino.ph/app/frontend/views/reports/reports_transaction_history_cashier_tpl.php Line: 78
[2015-04-18 18:14:59.140900][NOTICE] "Undefined variable: reloadcash" File: /var/www/kronusew.egamescasino.ph/app/frontend/views/reports/reports_transaction_history_cashier_tpl.php Line: 80
[2015-04-18 18:14:59.141128][NOTICE] "Undefined variable: reloadticket" File: /var/www/kronusew.egamescasino.ph/app/frontend/views/reports/reports_transaction_history_cashier_tpl.php Line: 81
[2015-04-18 18:14:59.141356][NOTICE] "Undefined variable: reloadcoupon" File: /var/www/kronusew.egamescasino.ph/app/frontend/views/reports/reports_transaction_history_cashier_tpl.php Line: 82
[2015-04-18 18:14:59.141584][NOTICE] "Undefined variable: withdrawalcashier" File: /var/www/kronusew.egamescasino.ph/app/frontend/views/reports/reports_transaction_history_cashier_tpl.php Line: 85
[2015-04-18 18:14:59.141815][NOTICE] "Undefined variable: withdrawalgenesis" File: /var/www/kronusew.egamescasino.ph/app/frontend/views/reports/reports_transaction_history_cashier_tpl.php Line: 86
[2015-04-18 18:14:59.142050][NOTICE] "Undefined variable: grossholdtotal" File: /var/www/kronusew.egamescasino.ph/app/frontend/views/reports/reports_transaction_history_cashier_tpl.php Line: 89
[2015-04-18 18:16:30.456025][NOTICE] "Undefined variable: depositcash" File: /var/www/kronusew.egamescasino.ph/app/frontend/views/reports/reports_transaction_history_cashier_tpl.php Line: 76
[2015-04-18 18:16:30.456292][NOTICE] "Undefined variable: depositticket" File: /var/www/kronusew.egamescasino.ph/app/frontend/views/reports/reports_transaction_history_cashier_tpl.php Line: 77
[2015-04-18 18:16:30.456526][NOTICE] "Undefined variable: depositcoupon" File: /var/www/kronusew.egamescasino.ph/app/frontend/views/reports/reports_transaction_history_cashier_tpl.php Line: 78
[2015-04-18 18:16:30.456761][NOTICE] "Undefined variable: reloadcash" File: /var/www/kronusew.egamescasino.ph/app/frontend/views/reports/reports_transaction_history_cashier_tpl.php Line: 80
[2015-04-18 18:16:30.456993][NOTICE] "Undefined variable: reloadticket" File: /var/www/kronusew.egamescasino.ph/app/frontend/views/reports/reports_transaction_history_cashier_tpl.php Line: 81
[2015-04-18 18:16:30.457225][NOTICE] "Undefined variable: reloadcoupon" File: /var/www/kronusew.egamescasino.ph/app/frontend/views/reports/reports_transaction_history_cashier_tpl.php Line: 82
[2015-04-18 18:16:30.457474][NOTICE] "Undefined variable: withdrawalcashier" File: /var/www/kronusew.egamescasino.ph/app/frontend/views/reports/reports_transaction_history_cashier_tpl.php Line: 85
[2015-04-18 18:16:30.457710][NOTICE] "Undefined variable: withdrawalgenesis" File: /var/www/kronusew.egamescasino.ph/app/frontend/views/reports/reports_transaction_history_cashier_tpl.php Line: 86
[2015-04-18 18:16:30.457950][NOTICE] "Undefined variable: grossholdtotal" File: /var/www/kronusew.egamescasino.ph/app/frontend/views/reports/reports_transaction_history_cashier_tpl.php Line: 89
[2015-04-18 18:43:46.678055][NOTICE] "Undefined variable: depositcash" File: /var/www/kronusew.egamescasino.ph/app/frontend/views/reports/reports_transaction_history_cashier_tpl.php Line: 76
[2015-04-18 18:43:46.678377][NOTICE] "Undefined variable: depositticket" File: /var/www/kronusew.egamescasino.ph/app/frontend/views/reports/reports_transaction_history_cashier_tpl.php Line: 77
[2015-04-18 18:43:46.678622][NOTICE] "Undefined variable: depositcoupon" File: /var/www/kronusew.egamescasino.ph/app/frontend/views/reports/reports_transaction_history_cashier_tpl.php Line: 78
[2015-04-18 18:43:46.678860][NOTICE] "Undefined variable: reloadcash" File: /var/www/kronusew.egamescasino.ph/app/frontend/views/reports/reports_transaction_history_cashier_tpl.php Line: 80
[2015-04-18 18:43:46.679140][NOTICE] "Undefined variable: reloadticket" File: /var/www/kronusew.egamescasino.ph/app/frontend/views/reports/reports_transaction_history_cashier_tpl.php Line: 81
[2015-04-18 18:43:46.679386][NOTICE] "Undefined variable: reloadcoupon" File: /var/www/kronusew.egamescasino.ph/app/frontend/views/reports/reports_transaction_history_cashier_tpl.php Line: 82
[2015-04-18 18:43:46.679622][NOTICE] "Undefined variable: withdrawalcashier" File: /var/www/kronusew.egamescasino.ph/app/frontend/views/reports/reports_transaction_history_cashier_tpl.php Line: 85
[2015-04-18 18:43:46.679859][NOTICE] "Undefined variable: withdrawalgenesis" File: /var/www/kronusew.egamescasino.ph/app/frontend/views/reports/reports_transaction_history_cashier_tpl.php Line: 86
[2015-04-18 18:43:46.680106][NOTICE] "Undefined variable: grossholdtotal" File: /var/www/kronusew.egamescasino.ph/app/frontend/views/reports/reports_transaction_history_cashier_tpl.php Line: 89
[2015-04-18 18:51:34.412359][NOTICE] "Undefined variable: depositcash" File: /var/www/kronusew.egamescasino.ph/app/frontend/views/reports/reports_transaction_history_cashier_tpl.php Line: 76
[2015-04-18 18:51:34.412741][NOTICE] "Undefined variable: depositticket" File: /var/www/kronusew.egamescasino.ph/app/frontend/views/reports/reports_transaction_history_cashier_tpl.php Line: 77
[2015-04-18 18:51:34.412990][NOTICE] "Undefined variable: depositcoupon" File: /var/www/kronusew.egamescasino.ph/app/frontend/views/reports/reports_transaction_history_cashier_tpl.php Line: 78
[2015-04-18 18:51:34.413230][NOTICE] "Undefined variable: reloadcash" File: /var/www/kronusew.egamescasino.ph/app/frontend/views/reports/reports_transaction_history_cashier_tpl.php Line: 80
[2015-04-18 18:51:34.413470][NOTICE] "Undefined variable: reloadticket" File: /var/www/kronusew.egamescasino.ph/app/frontend/views/reports/reports_transaction_history_cashier_tpl.php Line: 81
[2015-04-18 18:51:34.413709][NOTICE] "Undefined variable: reloadcoupon" File: /var/www/kronusew.egamescasino.ph/app/frontend/views/reports/reports_transaction_history_cashier_tpl.php Line: 82
[2015-04-18 18:51:34.413949][NOTICE] "Undefined variable: withdrawalcashier" File: /var/www/kronusew.egamescasino.ph/app/frontend/views/reports/reports_transaction_history_cashier_tpl.php Line: 85
[2015-04-18 18:51:34.414190][NOTICE] "Undefined variable: withdrawalgenesis" File: /var/www/kronusew.egamescasino.ph/app/frontend/views/reports/reports_transaction_history_cashier_tpl.php Line: 86
[2015-04-18 18:51:34.414442][NOTICE] "Undefined variable: grossholdtotal" File: /var/www/kronusew.egamescasino.ph/app/frontend/views/reports/reports_transaction_history_cashier_tpl.php Line: 89
[2015-04-18 19:59:48.320163][NOTICE] "Undefined variable: depositcash" File: /var/www/kronusew.egamescasino.ph/app/frontend/views/reports/reports_transaction_history_cashier_tpl.php Line: 76
[2015-04-18 19:59:48.320534][NOTICE] "Undefined variable: depositticket" File: /var/www/kronusew.egamescasino.ph/app/frontend/views/reports/reports_transaction_history_cashier_tpl.php Line: 77
[2015-04-18 19:59:48.320802][NOTICE] "Undefined variable: depositcoupon" File: /var/www/kronusew.egamescasino.ph/app/frontend/views/reports/reports_transaction_history_cashier_tpl.php Line: 78
[2015-04-18 19:59:48.321048][NOTICE] "Undefined variable: reloadcash" File: /var/www/kronusew.egamescasino.ph/app/frontend/views/reports/reports_transaction_history_cashier_tpl.php Line: 80
[2015-04-18 19:59:48.321292][NOTICE] "Undefined variable: reloadticket" File: /var/www/kronusew.egamescasino.ph/app/frontend/views/reports/reports_transaction_history_cashier_tpl.php Line: 81
[2015-04-18 19:59:48.321538][NOTICE] "Undefined variable: reloadcoupon" File: /var/www/kronusew.egamescasino.ph/app/frontend/views/reports/reports_transaction_history_cashier_tpl.php Line: 82
[2015-04-18 19:59:48.321785][NOTICE] "Undefined variable: withdrawalcashier" File: /var/www/kronusew.egamescasino.ph/app/frontend/views/reports/reports_transaction_history_cashier_tpl.php Line: 85
[2015-04-18 19:59:48.322031][NOTICE] "Undefined variable: withdrawalgenesis" File: /var/www/kronusew.egamescasino.ph/app/frontend/views/reports/reports_transaction_history_cashier_tpl.php Line: 86
[2015-04-18 19:59:48.322304][NOTICE] "Undefined variable: grossholdtotal" File: /var/www/kronusew.egamescasino.ph/app/frontend/views/reports/reports_transaction_history_cashier_tpl.php Line: 89
[2015-04-18 20:43:18.520179][NOTICE] "Undefined variable: depositcash" File: /var/www/kronusew.egamescasino.ph/app/frontend/views/reports/reports_transaction_history_cashier_tpl.php Line: 76
[2015-04-18 20:43:18.520525][NOTICE] "Undefined variable: depositticket" File: /var/www/kronusew.egamescasino.ph/app/frontend/views/reports/reports_transaction_history_cashier_tpl.php Line: 77
[2015-04-18 20:43:18.520783][NOTICE] "Undefined variable: depositcoupon" File: /var/www/kronusew.egamescasino.ph/app/frontend/views/reports/reports_transaction_history_cashier_tpl.php Line: 78
[2015-04-18 20:43:18.521044][NOTICE] "Undefined variable: reloadcash" File: /var/www/kronusew.egamescasino.ph/app/frontend/views/reports/reports_transaction_history_cashier_tpl.php Line: 80
[2015-04-18 20:43:18.521295][NOTICE] "Undefined variable: reloadticket" File: /var/www/kronusew.egamescasino.ph/app/frontend/views/reports/reports_transaction_history_cashier_tpl.php Line: 81
[2015-04-18 20:43:18.521547][NOTICE] "Undefined variable: reloadcoupon" File: /var/www/kronusew.egamescasino.ph/app/frontend/views/reports/reports_transaction_history_cashier_tpl.php Line: 82
[2015-04-18 20:43:18.521798][NOTICE] "Undefined variable: withdrawalcashier" File: /var/www/kronusew.egamescasino.ph/app/frontend/views/reports/reports_transaction_history_cashier_tpl.php Line: 85
[2015-04-18 20:43:18.522051][NOTICE] "Undefined variable: withdrawalgenesis" File: /var/www/kronusew.egamescasino.ph/app/frontend/views/reports/reports_transaction_history_cashier_tpl.php Line: 86
[2015-04-18 20:43:18.522310][NOTICE] "Undefined variable: grossholdtotal" File: /var/www/kronusew.egamescasino.ph/app/frontend/views/reports/reports_transaction_history_cashier_tpl.php Line: 89
[2015-04-18 20:46:31.272486][NOTICE] "Undefined variable: depositcash" File: /var/www/kronusew.egamescasino.ph/app/frontend/views/reports/reports_transaction_history_cashier_tpl.php Line: 76
[2015-04-18 20:46:31.272844][NOTICE] "Undefined variable: depositticket" File: /var/www/kronusew.egamescasino.ph/app/frontend/views/reports/reports_transaction_history_cashier_tpl.php Line: 77
[2015-04-18 20:46:31.273146][NOTICE] "Undefined variable: depositcoupon" File: /var/www/kronusew.egamescasino.ph/app/frontend/views/reports/reports_transaction_history_cashier_tpl.php Line: 78
[2015-04-18 20:46:31.273403][NOTICE] "Undefined variable: reloadcash" File: /var/www/kronusew.egamescasino.ph/app/frontend/views/reports/reports_transaction_history_cashier_tpl.php Line: 80
[2015-04-18 20:46:31.273658][NOTICE] "Undefined variable: reloadticket" File: /var/www/kronusew.egamescasino.ph/app/frontend/views/reports/reports_transaction_history_cashier_tpl.php Line: 81
[2015-04-18 20:46:31.274005][NOTICE] "Undefined variable: reloadcoupon" File: /var/www/kronusew.egamescasino.ph/app/frontend/views/reports/reports_transaction_history_cashier_tpl.php Line: 82
[2015-04-18 20:46:31.274264][NOTICE] "Undefined variable: withdrawalcashier" File: /var/www/kronusew.egamescasino.ph/app/frontend/views/reports/reports_transaction_history_cashier_tpl.php Line: 85
[2015-04-18 20:46:31.274522][NOTICE] "Undefined variable: withdrawalgenesis" File: /var/www/kronusew.egamescasino.ph/app/frontend/views/reports/reports_transaction_history_cashier_tpl.php Line: 86
[2015-04-18 20:46:31.274784][NOTICE] "Undefined variable: grossholdtotal" File: /var/www/kronusew.egamescasino.ph/app/frontend/views/reports/reports_transaction_history_cashier_tpl.php Line: 89
[2015-04-18 21:10:39.511909][NOTICE] "Undefined variable: depositcash" File: /var/www/kronusew.egamescasino.ph/app/frontend/views/reports/reports_transaction_history_cashier_tpl.php Line: 76
[2015-04-18 21:10:39.512203][NOTICE] "Undefined variable: depositticket" File: /var/www/kronusew.egamescasino.ph/app/frontend/views/reports/reports_transaction_history_cashier_tpl.php Line: 77
[2015-04-18 21:10:39.512481][NOTICE] "Undefined variable: depositcoupon" File: /var/www/kronusew.egamescasino.ph/app/frontend/views/reports/reports_transaction_history_cashier_tpl.php Line: 78
[2015-04-18 21:10:39.512741][NOTICE] "Undefined variable: reloadcash" File: /var/www/kronusew.egamescasino.ph/app/frontend/views/reports/reports_transaction_history_cashier_tpl.php Line: 80
[2015-04-18 21:10:39.513016][NOTICE] "Undefined variable: reloadticket" File: /var/www/kronusew.egamescasino.ph/app/frontend/views/reports/reports_transaction_history_cashier_tpl.php Line: 81
[2015-04-18 21:10:39.513276][NOTICE] "Undefined variable: reloadcoupon" File: /var/www/kronusew.egamescasino.ph/app/frontend/views/reports/reports_transaction_history_cashier_tpl.php Line: 82
[2015-04-18 21:10:39.513534][NOTICE] "Undefined variable: withdrawalcashier" File: /var/www/kronusew.egamescasino.ph/app/frontend/views/reports/reports_transaction_history_cashier_tpl.php Line: 85
[2015-04-18 21:10:39.513794][NOTICE] "Undefined variable: withdrawalgenesis" File: /var/www/kronusew.egamescasino.ph/app/frontend/views/reports/reports_transaction_history_cashier_tpl.php Line: 86
[2015-04-18 21:10:39.514061][NOTICE] "Undefined variable: grossholdtotal" File: /var/www/kronusew.egamescasino.ph/app/frontend/views/reports/reports_transaction_history_cashier_tpl.php Line: 89
[2015-04-18 21:13:07.233513][NOTICE] "Undefined variable: depositcash" File: /var/www/kronusew.egamescasino.ph/app/frontend/views/reports/reports_transaction_history_cashier_tpl.php Line: 76
[2015-04-18 21:13:07.233887][NOTICE] "Undefined variable: depositticket" File: /var/www/kronusew.egamescasino.ph/app/frontend/views/reports/reports_transaction_history_cashier_tpl.php Line: 77
[2015-04-18 21:13:07.234152][NOTICE] "Undefined variable: depositcoupon" File: /var/www/kronusew.egamescasino.ph/app/frontend/views/reports/reports_transaction_history_cashier_tpl.php Line: 78
[2015-04-18 21:13:07.234411][NOTICE] "Undefined variable: reloadcash" File: /var/www/kronusew.egamescasino.ph/app/frontend/views/reports/reports_transaction_history_cashier_tpl.php Line: 80
[2015-04-18 21:13:07.234669][NOTICE] "Undefined variable: reloadticket" File: /var/www/kronusew.egamescasino.ph/app/frontend/views/reports/reports_transaction_history_cashier_tpl.php Line: 81
[2015-04-18 21:13:07.234928][NOTICE] "Undefined variable: reloadcoupon" File: /var/www/kronusew.egamescasino.ph/app/frontend/views/reports/reports_transaction_history_cashier_tpl.php Line: 82
[2015-04-18 21:13:07.235217][NOTICE] "Undefined variable: withdrawalcashier" File: /var/www/kronusew.egamescasino.ph/app/frontend/views/reports/reports_transaction_history_cashier_tpl.php Line: 85
[2015-04-18 21:13:07.235486][NOTICE] "Undefined variable: withdrawalgenesis" File: /var/www/kronusew.egamescasino.ph/app/frontend/views/reports/reports_transaction_history_cashier_tpl.php Line: 86
[2015-04-18 21:13:07.235757][NOTICE] "Undefined variable: grossholdtotal" File: /var/www/kronusew.egamescasino.ph/app/frontend/views/reports/reports_transaction_history_cashier_tpl.php Line: 89
[2015-04-18 21:23:50.297591][NOTICE] "Undefined variable: depositcash" File: /var/www/kronusew.egamescasino.ph/app/frontend/views/reports/reports_transaction_history_cashier_tpl.php Line: 76
[2015-04-18 21:23:50.297949][NOTICE] "Undefined variable: depositticket" File: /var/www/kronusew.egamescasino.ph/app/frontend/views/reports/reports_transaction_history_cashier_tpl.php Line: 77
[2015-04-18 21:23:50.298222][NOTICE] "Undefined variable: depositcoupon" File: /var/www/kronusew.egamescasino.ph/app/frontend/views/reports/reports_transaction_history_cashier_tpl.php Line: 78
[2015-04-18 21:23:50.298487][NOTICE] "Undefined variable: reloadcash" File: /var/www/kronusew.egamescasino.ph/app/frontend/views/reports/reports_transaction_history_cashier_tpl.php Line: 80
[2015-04-18 21:23:50.298751][NOTICE] "Undefined variable: reloadticket" File: /var/www/kronusew.egamescasino.ph/app/frontend/views/reports/reports_transaction_history_cashier_tpl.php Line: 81
[2015-04-18 21:23:50.299034][NOTICE] "Undefined variable: reloadcoupon" File: /var/www/kronusew.egamescasino.ph/app/frontend/views/reports/reports_transaction_history_cashier_tpl.php Line: 82
[2015-04-18 21:23:50.299328][NOTICE] "Undefined variable: withdrawalcashier" File: /var/www/kronusew.egamescasino.ph/app/frontend/views/reports/reports_transaction_history_cashier_tpl.php Line: 85
[2015-04-18 21:23:50.299644][NOTICE] "Undefined variable: withdrawalgenesis" File: /var/www/kronusew.egamescasino.ph/app/frontend/views/reports/reports_transaction_history_cashier_tpl.php Line: 86
[2015-04-18 21:23:50.299928][NOTICE] "Undefined variable: grossholdtotal" File: /var/www/kronusew.egamescasino.ph/app/frontend/views/reports/reports_transaction_history_cashier_tpl.php Line: 89
[2015-04-18 21:44:12.29499][NOTICE] "Undefined variable: depositcash" File: /var/www/kronusew.egamescasino.ph/app/frontend/views/reports/reports_transaction_history_cashier_tpl.php Line: 76
[2015-04-18 21:44:12.29868][NOTICE] "Undefined variable: depositticket" File: /var/www/kronusew.egamescasino.ph/app/frontend/views/reports/reports_transaction_history_cashier_tpl.php Line: 77
[2015-04-18 21:44:12.30143][NOTICE] "Undefined variable: depositcoupon" File: /var/www/kronusew.egamescasino.ph/app/frontend/views/reports/reports_transaction_history_cashier_tpl.php Line: 78
[2015-04-18 21:44:12.30410][NOTICE] "Undefined variable: reloadcash" File: /var/www/kronusew.egamescasino.ph/app/frontend/views/reports/reports_transaction_history_cashier_tpl.php Line: 80
[2015-04-18 21:44:12.30677][NOTICE] "Undefined variable: reloadticket" File: /var/www/kronusew.egamescasino.ph/app/frontend/views/reports/reports_transaction_history_cashier_tpl.php Line: 81
[2015-04-18 21:44:12.30944][NOTICE] "Undefined variable: reloadcoupon" File: /var/www/kronusew.egamescasino.ph/app/frontend/views/reports/reports_transaction_history_cashier_tpl.php Line: 82
[2015-04-18 21:44:12.31243][NOTICE] "Undefined variable: withdrawalcashier" File: /var/www/kronusew.egamescasino.ph/app/frontend/views/reports/reports_transaction_history_cashier_tpl.php Line: 85
[2015-04-18 21:44:12.31536][NOTICE] "Undefined variable: withdrawalgenesis" File: /var/www/kronusew.egamescasino.ph/app/frontend/views/reports/reports_transaction_history_cashier_tpl.php Line: 86
[2015-04-18 21:44:12.31821][NOTICE] "Undefined variable: grossholdtotal" File: /var/www/kronusew.egamescasino.ph/app/frontend/views/reports/reports_transaction_history_cashier_tpl.php Line: 89
[2015-04-18 21:46:56.409692][NOTICE] "Undefined variable: depositcash" File: /var/www/kronusew.egamescasino.ph/app/frontend/views/reports/reports_transaction_history_cashier_tpl.php Line: 76
[2015-04-18 21:46:56.410070][NOTICE] "Undefined variable: depositticket" File: /var/www/kronusew.egamescasino.ph/app/frontend/views/reports/reports_transaction_history_cashier_tpl.php Line: 77
[2015-04-18 21:46:56.410350][NOTICE] "Undefined variable: depositcoupon" File: /var/www/kronusew.egamescasino.ph/app/frontend/views/reports/reports_transaction_history_cashier_tpl.php Line: 78
[2015-04-18 21:46:56.410621][NOTICE] "Undefined variable: reloadcash" File: /var/www/kronusew.egamescasino.ph/app/frontend/views/reports/reports_transaction_history_cashier_tpl.php Line: 80
[2015-04-18 21:46:56.410893][NOTICE] "Undefined variable: reloadticket" File: /var/www/kronusew.egamescasino.ph/app/frontend/views/reports/reports_transaction_history_cashier_tpl.php Line: 81
[2015-04-18 21:46:56.411286][NOTICE] "Undefined variable: reloadcoupon" File: /var/www/kronusew.egamescasino.ph/app/frontend/views/reports/reports_transaction_history_cashier_tpl.php Line: 82
[2015-04-18 21:46:56.411569][NOTICE] "Undefined variable: withdrawalcashier" File: /var/www/kronusew.egamescasino.ph/app/frontend/views/reports/reports_transaction_history_cashier_tpl.php Line: 85
[2015-04-18 21:46:56.411844][NOTICE] "Undefined variable: withdrawalgenesis" File: /var/www/kronusew.egamescasino.ph/app/frontend/views/reports/reports_transaction_history_cashier_tpl.php Line: 86
[2015-04-18 21:46:56.412139][NOTICE] "Undefined variable: grossholdtotal" File: /var/www/kronusew.egamescasino.ph/app/frontend/views/reports/reports_transaction_history_cashier_tpl.php Line: 89
[2015-04-18 21:53:08.619530][NOTICE] "Undefined variable: depositcash" File: /var/www/kronusew.egamescasino.ph/app/frontend/views/reports/reports_transaction_history_cashier_tpl.php Line: 76
[2015-04-18 21:53:08.619901][NOTICE] "Undefined variable: depositticket" File: /var/www/kronusew.egamescasino.ph/app/frontend/views/reports/reports_transaction_history_cashier_tpl.php Line: 77
[2015-04-18 21:53:08.620208][NOTICE] "Undefined variable: depositcoupon" File: /var/www/kronusew.egamescasino.ph/app/frontend/views/reports/reports_transaction_history_cashier_tpl.php Line: 78
[2015-04-18 21:53:08.620506][NOTICE] "Undefined variable: reloadcash" File: /var/www/kronusew.egamescasino.ph/app/frontend/views/reports/reports_transaction_history_cashier_tpl.php Line: 80
[2015-04-18 21:53:08.620796][NOTICE] "Undefined variable: reloadticket" File: /var/www/kronusew.egamescasino.ph/app/frontend/views/reports/reports_transaction_history_cashier_tpl.php Line: 81
[2015-04-18 21:53:08.621073][NOTICE] "Undefined variable: reloadcoupon" File: /var/www/kronusew.egamescasino.ph/app/frontend/views/reports/reports_transaction_history_cashier_tpl.php Line: 82
[2015-04-18 21:53:08.621345][NOTICE] "Undefined variable: withdrawalcashier" File: /var/www/kronusew.egamescasino.ph/app/frontend/views/reports/reports_transaction_history_cashier_tpl.php Line: 85
[2015-04-18 21:53:08.621639][NOTICE] "Undefined variable: withdrawalgenesis" File: /var/www/kronusew.egamescasino.ph/app/frontend/views/reports/reports_transaction_history_cashier_tpl.php Line: 86
[2015-04-18 21:53:08.621928][NOTICE] "Undefined variable: grossholdtotal" File: /var/www/kronusew.egamescasino.ph/app/frontend/views/reports/reports_transaction_history_cashier_tpl.php Line: 89
[2015-04-18 22:06:01.415891][NOTICE] "Undefined variable: depositcash" File: /var/www/kronusew.egamescasino.ph/app/frontend/views/reports/reports_transaction_history_cashier_tpl.php Line: 76
[2015-04-18 22:06:01.416218][NOTICE] "Undefined variable: depositticket" File: /var/www/kronusew.egamescasino.ph/app/frontend/views/reports/reports_transaction_history_cashier_tpl.php Line: 77
[2015-04-18 22:06:01.416490][NOTICE] "Undefined variable: depositcoupon" File: /var/www/kronusew.egamescasino.ph/app/frontend/views/reports/reports_transaction_history_cashier_tpl.php Line: 78
[2015-04-18 22:06:01.416761][NOTICE] "Undefined variable: reloadcash" File: /var/www/kronusew.egamescasino.ph/app/frontend/views/reports/reports_transaction_history_cashier_tpl.php Line: 80
[2015-04-18 22:06:01.417028][NOTICE] "Undefined variable: reloadticket" File: /var/www/kronusew.egamescasino.ph/app/frontend/views/reports/reports_transaction_history_cashier_tpl.php Line: 81
[2015-04-18 22:06:01.417301][NOTICE] "Undefined variable: reloadcoupon" File: /var/www/kronusew.egamescasino.ph/app/frontend/views/reports/reports_transaction_history_cashier_tpl.php Line: 82
[2015-04-18 22:06:01.417569][NOTICE] "Undefined variable: withdrawalcashier" File: /var/www/kronusew.egamescasino.ph/app/frontend/views/reports/reports_transaction_history_cashier_tpl.php Line: 85
[2015-04-18 22:06:01.417840][NOTICE] "Undefined variable: withdrawalgenesis" File: /var/www/kronusew.egamescasino.ph/app/frontend/views/reports/reports_transaction_history_cashier_tpl.php Line: 86
[2015-04-18 22:06:01.418117][NOTICE] "Undefined variable: grossholdtotal" File: /var/www/kronusew.egamescasino.ph/app/frontend/views/reports/reports_transaction_history_cashier_tpl.php Line: 89
[2015-04-18 22:46:56.877116][NOTICE] "Undefined variable: depositcash" File: /var/www/kronusew.egamescasino.ph/app/frontend/views/reports/reports_transaction_history_cashier_tpl.php Line: 76
[2015-04-18 22:46:56.877540][NOTICE] "Undefined variable: depositticket" File: /var/www/kronusew.egamescasino.ph/app/frontend/views/reports/reports_transaction_history_cashier_tpl.php Line: 77
[2015-04-18 22:46:56.877851][NOTICE] "Undefined variable: depositcoupon" File: /var/www/kronusew.egamescasino.ph/app/frontend/views/reports/reports_transaction_history_cashier_tpl.php Line: 78
[2015-04-18 22:46:56.878145][NOTICE] "Undefined variable: reloadcash" File: /var/www/kronusew.egamescasino.ph/app/frontend/views/reports/reports_transaction_history_cashier_tpl.php Line: 80
[2015-04-18 22:46:56.878452][NOTICE] "Undefined variable: reloadticket" File: /var/www/kronusew.egamescasino.ph/app/frontend/views/reports/reports_transaction_history_cashier_tpl.php Line: 81
[2015-04-18 22:46:56.878739][NOTICE] "Undefined variable: reloadcoupon" File: /var/www/kronusew.egamescasino.ph/app/frontend/views/reports/reports_transaction_history_cashier_tpl.php Line: 82
[2015-04-18 22:46:56.879022][NOTICE] "Undefined variable: withdrawalcashier" File: /var/www/kronusew.egamescasino.ph/app/frontend/views/reports/reports_transaction_history_cashier_tpl.php Line: 85
[2015-04-18 22:46:56.879500][NOTICE] "Undefined variable: withdrawalgenesis" File: /var/www/kronusew.egamescasino.ph/app/frontend/views/reports/reports_transaction_history_cashier_tpl.php Line: 86
[2015-04-18 22:46:56.879800][NOTICE] "Undefined variable: grossholdtotal" File: /var/www/kronusew.egamescasino.ph/app/frontend/views/reports/reports_transaction_history_cashier_tpl.php Line: 89
