[2015-02-06 11:38:15.868209][NOTICE] "A session had already been started - ignoring session_start()" File: C:\xampp\htdocs\Kronus_ForceT\cashier.forcet\app\frontend\models\LoginFormModel.php Line: 527
[2015-02-06 11:38:29.602995][NOTICE] "Undefined index: PIN" File: C:\xampp\htdocs\Kronus_ForceT\cashier.forcet\app\frontend\components\FrontendController.php Line: 733
[2015-02-06 11:38:29.603995][NOTICE] "Undefined index: pcwscheckpin" File: C:\xampp\htdocs\Kronus_ForceT\cashier.forcet\app\frontend\components\PCWSAPI.class.php Line: 67
[2015-02-06 11:38:29.651997][NOTICE] "Undefined variable: result" File: C:\xampp\htdocs\Kronus_ForceT\cashier.forcet\app\frontend\components\FrontendController.php Line: 739
[2015-02-06 11:38:29.652997][ERROR] "Error: Checking of PIN Failed" SiteID = 217 File: C:\xampp\htdocs\Kronus_ForceT\cashier.forcet\app\frontend\components\FrontendController.php LINE: 744
[2015-02-06 11:39:26.727262][NOTICE] "Undefined index: PIN" File: C:\xampp\htdocs\Kronus_ForceT\cashier.forcet\app\frontend\components\FrontendController.php Line: 733
[2015-02-06 11:39:26.744263][NOTICE] "Undefined index: pcwscheckpin" File: C:\xampp\htdocs\Kronus_ForceT\cashier.forcet\app\frontend\components\PCWSAPI.class.php Line: 67
[2015-02-06 11:39:26.756264][NOTICE] "Undefined variable: result" File: C:\xampp\htdocs\Kronus_ForceT\cashier.forcet\app\frontend\components\FrontendController.php Line: 739
[2015-02-06 11:39:26.758264][ERROR] "Error: Checking of PIN Failed" SiteID = 217 File: C:\xampp\htdocs\Kronus_ForceT\cashier.forcet\app\frontend\components\FrontendController.php LINE: 744
[2015-02-06 11:40:18.704235][NOTICE] "Undefined index: PIN" File: C:\xampp\htdocs\Kronus_ForceT\cashier.forcet\app\frontend\components\FrontendController.php Line: 733
[2015-02-06 11:40:18.784239][NOTICE] "Undefined variable: result" File: C:\xampp\htdocs\Kronus_ForceT\cashier.forcet\app\frontend\components\FrontendController.php Line: 739
[2015-02-06 11:40:18.786240][ERROR] "Error: Checking of PIN Failed" SiteID = 217 File: C:\xampp\htdocs\Kronus_ForceT\cashier.forcet\app\frontend\components\FrontendController.php LINE: 744
[2015-02-06 11:49:59.941480][NOTICE] "Undefined index: PIN" File: C:\xampp\htdocs\Kronus_ForceT\cashier.forcet\app\frontend\components\FrontendController.php Line: 733
[2015-02-06 11:50:42.20887][NOTICE] "Undefined index: StartSessionFormModel" File: C:\xampp\htdocs\Kronus_ForceT\cashier.forcet\app\frontend\components\FrontendController.php Line: 156
[2015-02-06 17:38:38.272940][NOTICE] "Undefined index: StartSessionFormModel" File: C:\xampp\htdocs\Kronus_ForceT\cashier.forcet\app\frontend\components\FrontendController.php Line: 160
[2015-02-06 18:15:05.63017][NOTICE] "A session had already been started - ignoring session_start()" File: C:\xampp\htdocs\Kronus_ForceT\cashier.forcet\app\frontend\models\LoginFormModel.php Line: 527
[2015-02-06 18:15:07.497156][NOTICE] "Undefined offset: 19" File: C:\xampp\htdocs\Kronus_ForceT\cashier.forcet\app\frontend\components\CasinoApi.php Line: 30
[2015-02-06 18:15:07.498156][NOTICE] "Undefined offset: 19" File: C:\xampp\htdocs\Kronus_ForceT\cashier.forcet\app\frontend\components\CasinoApi.php Line: 35
[2015-02-06 18:15:07.499156][NOTICE] "Undefined offset: 19" File: C:\xampp\htdocs\Kronus_ForceT\cashier.forcet\app\frontend\components\CasinoApi.php Line: 36
[2015-02-06 18:15:07.500156][NOTICE] "Undefined index: player_api" File: C:\xampp\htdocs\Kronus_ForceT\cashier.forcet\app\frontend\components\CasinoApi.php Line: 37
[2015-02-06 18:15:07.502157][NOTICE] "Undefined index: scheme" File: C:\xampp\htdocs\Kronus_ForceT\cashier.forcet\app\frontend\components\CasinoCAPIHandler.class.php Line: 187
[2015-02-06 18:15:07.503157][NOTICE] "Undefined index: host" File: C:\xampp\htdocs\Kronus_ForceT\cashier.forcet\app\frontend\components\common.class.php Line: 57
[2015-02-06 18:15:07.569160][ERROR] "Error: Can't get balance TerminalID=1669 ServiceID=20 ErrorMessage=Response malformed" SiteID = 217 File: C:\xampp\htdocs\Kronus_ForceT\cashier.forcet\app\frontend\components\CasinoApi.php LINE: 252
