[2015-04-06 10:08:52.40602][NOTICE] "A session had already been started - ignoring session_start()" File: /var/www/kronusew.egamescasino.ph/app/frontend/models/LoginFormModel.php Line: 527
[2015-04-06 10:11:39.813338][ERROR] "Start session failed. Player's account is already e-wallet." SiteID = 100 File: /var/www/kronusew.egamescasino.ph/app/frontend/components/FrontendController.php LINE: 1198
[2015-04-06 10:12:18.209139][ERROR] "Start session failed. Player's account is already e-wallet." SiteID = 100 File: /var/www/kronusew.egamescasino.ph/app/frontend/components/FrontendController.php LINE: 1198
[2015-04-06 10:16:00.786496][NOTICE] "Undefined index: StartSessionFormModel" File: /var/www/kronusew.egamescasino.ph/app/frontend/components/FrontendController.php Line: 179
[2015-04-06 10:17:24.918460][NOTICE] "Undefined index: StartSessionFormModel" File: /var/www/kronusew.egamescasino.ph/app/frontend/components/FrontendController.php Line: 179
[2015-04-06 10:18:07.713908][NOTICE] "Undefined index: StartSessionFormModel" File: /var/www/kronusew.egamescasino.ph/app/frontend/components/FrontendController.php Line: 179
[2015-04-06 10:18:25.373779][NOTICE] "Undefined index: StartSessionFormModel" File: /var/www/kronusew.egamescasino.ph/app/frontend/components/FrontendController.php Line: 179
[2015-04-06 10:23:57.452749][NOTICE] "Undefined index: StartSessionFormModel" File: /var/www/kronusew.egamescasino.ph/app/frontend/components/FrontendController.php Line: 179
[2015-04-06 10:24:27.5672][NOTICE] "Undefined index: StartSessionFormModel" File: /var/www/kronusew.egamescasino.ph/app/frontend/components/FrontendController.php Line: 179
[2015-04-06 10:24:42.722640][NOTICE] "Undefined index: StartSessionFormModel" File: /var/www/kronusew.egamescasino.ph/app/frontend/components/FrontendController.php Line: 179
[2015-04-06 10:25:11.636835][NOTICE] "Undefined index: StartSessionFormModel" File: /var/www/kronusew.egamescasino.ph/app/frontend/components/FrontendController.php Line: 179
[2015-04-06 10:25:29.950628][NOTICE] "Undefined index: StartSessionFormModel" File: /var/www/kronusew.egamescasino.ph/app/frontend/components/FrontendController.php Line: 179
[2015-04-06 10:26:00.674470][NOTICE] "Undefined index: StartSessionFormModel" File: /var/www/kronusew.egamescasino.ph/app/frontend/components/FrontendController.php Line: 179
[2015-04-06 10:26:10.967857][NOTICE] "Undefined index: StartSessionFormModel" File: /var/www/kronusew.egamescasino.ph/app/frontend/components/FrontendController.php Line: 179
[2015-04-06 10:26:16.211331][NOTICE] "Undefined index: StartSessionFormModel" File: /var/www/kronusew.egamescasino.ph/app/frontend/components/FrontendController.php Line: 179
[2015-04-06 10:27:04.51699][NOTICE] "Undefined index: StartSessionFormModel" File: /var/www/kronusew.egamescasino.ph/app/frontend/components/FrontendController.php Line: 179
[2015-04-06 10:27:12.411714][NOTICE] "Undefined index: StartSessionFormModel" File: /var/www/kronusew.egamescasino.ph/app/frontend/components/FrontendController.php Line: 179
[2015-04-06 10:27:46.190531][NOTICE] "Undefined index: StartSessionFormModel" File: /var/www/kronusew.egamescasino.ph/app/frontend/components/FrontendController.php Line: 179
[2015-04-06 10:27:53.314359][NOTICE] "Undefined index: StartSessionFormModel" File: /var/www/kronusew.egamescasino.ph/app/frontend/components/FrontendController.php Line: 179
[2015-04-06 10:28:34.342197][ERROR] "VMS: Coupon is already used" SiteID = 100 File: /var/www/kronusew.egamescasino.ph/app/frontend/components/FrontendController.php LINE: 646
[2015-04-06 11:25:04.958885][NOTICE] "Undefined index: StartSessionFormModel" File: /var/www/kronusew.egamescasino.ph/app/frontend/components/FrontendController.php Line: 179
[2015-04-06 11:26:28.24341][NOTICE] "Undefined index: StartSessionFormModel" File: /var/www/kronusew.egamescasino.ph/app/frontend/components/FrontendController.php Line: 179
[2015-04-06 11:26:42.16922][NOTICE] "Undefined index: StartSessionFormModel" File: /var/www/kronusew.egamescasino.ph/app/frontend/components/FrontendController.php Line: 179
[2015-04-06 11:27:02.313852][NOTICE] "Undefined index: StartSessionFormModel" File: /var/www/kronusew.egamescasino.ph/app/frontend/components/FrontendController.php Line: 179
[2015-04-06 11:27:08.566017][NOTICE] "Undefined index: StartSessionFormModel" File: /var/www/kronusew.egamescasino.ph/app/frontend/components/FrontendController.php Line: 179
[2015-04-06 11:27:27.154063][NOTICE] "Undefined index: StartSessionFormModel" File: /var/www/kronusew.egamescasino.ph/app/frontend/components/FrontendController.php Line: 179
[2015-04-06 11:27:33.666492][NOTICE] "Undefined index: StartSessionFormModel" File: /var/www/kronusew.egamescasino.ph/app/frontend/components/FrontendController.php Line: 179
[2015-04-06 11:28:03.841817][NOTICE] "Undefined index: StartSessionFormModel" File: /var/www/kronusew.egamescasino.ph/app/frontend/components/FrontendController.php Line: 179
[2015-04-06 11:28:28.157646][NOTICE] "Undefined variable: totalDeposit" File: /var/www/kronusew.egamescasino.ph/app/frontend/views/reports/reports_ewallet_transaction_history_cashier_tpl.php Line: 50
[2015-04-06 11:28:28.157935][NOTICE] "Undefined variable: totalWithdrawal" File: /var/www/kronusew.egamescasino.ph/app/frontend/views/reports/reports_ewallet_transaction_history_cashier_tpl.php Line: 71
[2015-04-06 11:31:32.458417][NOTICE] "Undefined variable: totalDeposit" File: /var/www/kronusew.egamescasino.ph/app/frontend/views/reports/reports_ewallet_transaction_history_cashier_tpl.php Line: 50
[2015-04-06 11:31:32.458744][NOTICE] "Undefined variable: totalWithdrawal" File: /var/www/kronusew.egamescasino.ph/app/frontend/views/reports/reports_ewallet_transaction_history_cashier_tpl.php Line: 71
[2015-04-06 11:36:51.706832][NOTICE] "Undefined index: StartSessionFormModel" File: /var/www/kronusew.egamescasino.ph/app/frontend/components/FrontendController.php Line: 179
[2015-04-06 11:40:09.699575][NOTICE] "Undefined index: StartSessionFormModel" File: /var/www/kronusew.egamescasino.ph/app/frontend/components/FrontendController.php Line: 179
[2015-04-06 14:07:33.487424][NOTICE] "Undefined index: StartSessionFormModel" File: /var/www/kronusew.egamescasino.ph/app/frontend/components/FrontendController.php Line: 179
[2015-04-06 14:08:55.79017][NOTICE] "Undefined index: StartSessionFormModel" File: /var/www/kronusew.egamescasino.ph/app/frontend/components/FrontendController.php Line: 179
[2015-04-06 14:18:04.170900][NOTICE] "Undefined variable: totalDeposit" File: /var/www/kronusew.egamescasino.ph/app/frontend/views/reports/reports_ewallet_transaction_history_cashier_tpl.php Line: 50
[2015-04-06 14:18:04.171310][NOTICE] "Undefined variable: totalWithdrawal" File: /var/www/kronusew.egamescasino.ph/app/frontend/views/reports/reports_ewallet_transaction_history_cashier_tpl.php Line: 71
[2015-04-06 17:01:29.517913][NOTICE] "A session had already been started - ignoring session_start()" File: /var/www/kronusew.egamescasino.ph/app/frontend/models/LoginFormModel.php Line: 527
[2015-04-06 17:01:46.179048][NOTICE] "Undefined index: StartSessionFormModel" File: /var/www/kronusew.egamescasino.ph/app/frontend/components/FrontendController.php Line: 179
[2015-04-06 17:03:05.808141][NOTICE] "Undefined index: StartSessionFormModel" File: /var/www/kronusew.egamescasino.ph/app/frontend/components/FrontendController.php Line: 179
[2015-04-06 17:03:14.450292][NOTICE] "Undefined index: StartSessionFormModel" File: /var/www/kronusew.egamescasino.ph/app/frontend/components/FrontendController.php Line: 179
[2015-04-06 17:03:52.102759][NOTICE] "Undefined index: StartSessionFormModel" File: /var/www/kronusew.egamescasino.ph/app/frontend/components/FrontendController.php Line: 179
[2015-04-06 17:10:42.346002][NOTICE] "Undefined index: StartSessionFormModel" File: /var/www/kronusew.egamescasino.ph/app/frontend/components/FrontendController.php Line: 179
[2015-04-06 17:11:06.10997][NOTICE] "Undefined index: StartSessionFormModel" File: /var/www/kronusew.egamescasino.ph/app/frontend/components/FrontendController.php Line: 179
[2015-04-06 17:12:09.791097][NOTICE] "Undefined index: StartSessionFormModel" File: /var/www/kronusew.egamescasino.ph/app/frontend/components/FrontendController.php Line: 179
[2015-04-06 17:15:04.280658][NOTICE] "Undefined index: StartSessionFormModel" File: /var/www/kronusew.egamescasino.ph/app/frontend/components/FrontendController.php Line: 179
[2015-04-06 17:15:36.240726][NOTICE] "Undefined index: StartSessionFormModel" File: /var/www/kronusew.egamescasino.ph/app/frontend/components/FrontendController.php Line: 179
[2015-04-06 17:29:09.590208][NOTICE] "Undefined index: StartSessionFormModel" File: /var/www/kronusew.egamescasino.ph/app/frontend/components/FrontendController.php Line: 179
[2015-04-06 17:30:25.3191][NOTICE] "Undefined variable: totalDeposit" File: /var/www/kronusew.egamescasino.ph/app/frontend/views/reports/reports_ewallet_transaction_history_cashier_tpl.php Line: 50
[2015-04-06 17:30:25.3571][NOTICE] "Undefined variable: totalWithdrawal" File: /var/www/kronusew.egamescasino.ph/app/frontend/views/reports/reports_ewallet_transaction_history_cashier_tpl.php Line: 71
[2015-04-06 17:54:30.918012][NOTICE] "Undefined index: StartSessionFormModel" File: /var/www/kronusew.egamescasino.ph/app/frontend/components/FrontendController.php Line: 179
[2015-04-06 17:54:56.947678][NOTICE] "Undefined index: StartSessionFormModel" File: /var/www/kronusew.egamescasino.ph/app/frontend/components/FrontendController.php Line: 179
[2015-04-06 17:57:26.721478][NOTICE] "Undefined index: StartSessionFormModel" File: /var/www/kronusew.egamescasino.ph/app/frontend/components/FrontendController.php Line: 179
