[2015-04-11 00:17:44.738211][NOTICE] "Undefined variable: depositcash" File: /var/www/kronusew.egamescasino.ph/app/frontend/views/reports/reports_transaction_history_cashier_tpl.php Line: 76
[2015-04-11 00:17:44.738535][NOTICE] "Undefined variable: depositticket" File: /var/www/kronusew.egamescasino.ph/app/frontend/views/reports/reports_transaction_history_cashier_tpl.php Line: 77
[2015-04-11 00:17:44.738728][NOTICE] "Undefined variable: depositcoupon" File: /var/www/kronusew.egamescasino.ph/app/frontend/views/reports/reports_transaction_history_cashier_tpl.php Line: 78
[2015-04-11 00:17:44.738898][NOTICE] "Undefined variable: reloadcash" File: /var/www/kronusew.egamescasino.ph/app/frontend/views/reports/reports_transaction_history_cashier_tpl.php Line: 80
[2015-04-11 00:17:44.739090][NOTICE] "Undefined variable: reloadticket" File: /var/www/kronusew.egamescasino.ph/app/frontend/views/reports/reports_transaction_history_cashier_tpl.php Line: 81
[2015-04-11 00:17:44.739273][NOTICE] "Undefined variable: reloadcoupon" File: /var/www/kronusew.egamescasino.ph/app/frontend/views/reports/reports_transaction_history_cashier_tpl.php Line: 82
[2015-04-11 00:17:44.739445][NOTICE] "Undefined variable: withdrawalcashier" File: /var/www/kronusew.egamescasino.ph/app/frontend/views/reports/reports_transaction_history_cashier_tpl.php Line: 85
[2015-04-11 00:17:44.739617][NOTICE] "Undefined variable: withdrawalgenesis" File: /var/www/kronusew.egamescasino.ph/app/frontend/views/reports/reports_transaction_history_cashier_tpl.php Line: 86
[2015-04-11 00:17:44.739793][NOTICE] "Undefined variable: grossholdtotal" File: /var/www/kronusew.egamescasino.ph/app/frontend/views/reports/reports_transaction_history_cashier_tpl.php Line: 89
[2015-04-11 00:35:28.162747][NOTICE] "Undefined variable: depositcash" File: /var/www/kronusew.egamescasino.ph/app/frontend/views/reports/reports_transaction_history_cashier_tpl.php Line: 76
[2015-04-11 00:35:28.162959][NOTICE] "Undefined variable: depositticket" File: /var/www/kronusew.egamescasino.ph/app/frontend/views/reports/reports_transaction_history_cashier_tpl.php Line: 77
[2015-04-11 00:35:28.163185][NOTICE] "Undefined variable: depositcoupon" File: /var/www/kronusew.egamescasino.ph/app/frontend/views/reports/reports_transaction_history_cashier_tpl.php Line: 78
[2015-04-11 00:35:28.163376][NOTICE] "Undefined variable: reloadcash" File: /var/www/kronusew.egamescasino.ph/app/frontend/views/reports/reports_transaction_history_cashier_tpl.php Line: 80
[2015-04-11 00:35:28.163564][NOTICE] "Undefined variable: reloadticket" File: /var/www/kronusew.egamescasino.ph/app/frontend/views/reports/reports_transaction_history_cashier_tpl.php Line: 81
[2015-04-11 00:35:28.163749][NOTICE] "Undefined variable: reloadcoupon" File: /var/www/kronusew.egamescasino.ph/app/frontend/views/reports/reports_transaction_history_cashier_tpl.php Line: 82
[2015-04-11 00:35:28.163937][NOTICE] "Undefined variable: withdrawalcashier" File: /var/www/kronusew.egamescasino.ph/app/frontend/views/reports/reports_transaction_history_cashier_tpl.php Line: 85
[2015-04-11 00:35:28.164125][NOTICE] "Undefined variable: withdrawalgenesis" File: /var/www/kronusew.egamescasino.ph/app/frontend/views/reports/reports_transaction_history_cashier_tpl.php Line: 86
[2015-04-11 00:35:28.164320][NOTICE] "Undefined variable: grossholdtotal" File: /var/www/kronusew.egamescasino.ph/app/frontend/views/reports/reports_transaction_history_cashier_tpl.php Line: 89
[2015-04-11 00:44:22.325869][NOTICE] "Undefined variable: depositcash" File: /var/www/kronusew.egamescasino.ph/app/frontend/views/reports/reports_transaction_history_cashier_tpl.php Line: 76
[2015-04-11 00:44:22.326087][NOTICE] "Undefined variable: depositticket" File: /var/www/kronusew.egamescasino.ph/app/frontend/views/reports/reports_transaction_history_cashier_tpl.php Line: 77
[2015-04-11 00:44:22.326274][NOTICE] "Undefined variable: depositcoupon" File: /var/www/kronusew.egamescasino.ph/app/frontend/views/reports/reports_transaction_history_cashier_tpl.php Line: 78
[2015-04-11 00:44:22.326458][NOTICE] "Undefined variable: reloadcash" File: /var/www/kronusew.egamescasino.ph/app/frontend/views/reports/reports_transaction_history_cashier_tpl.php Line: 80
[2015-04-11 00:44:22.326660][NOTICE] "Undefined variable: reloadticket" File: /var/www/kronusew.egamescasino.ph/app/frontend/views/reports/reports_transaction_history_cashier_tpl.php Line: 81
[2015-04-11 00:44:22.326844][NOTICE] "Undefined variable: reloadcoupon" File: /var/www/kronusew.egamescasino.ph/app/frontend/views/reports/reports_transaction_history_cashier_tpl.php Line: 82
[2015-04-11 00:44:22.327045][NOTICE] "Undefined variable: withdrawalcashier" File: /var/www/kronusew.egamescasino.ph/app/frontend/views/reports/reports_transaction_history_cashier_tpl.php Line: 85
[2015-04-11 00:44:22.327264][NOTICE] "Undefined variable: withdrawalgenesis" File: /var/www/kronusew.egamescasino.ph/app/frontend/views/reports/reports_transaction_history_cashier_tpl.php Line: 86
[2015-04-11 00:44:22.327463][NOTICE] "Undefined variable: grossholdtotal" File: /var/www/kronusew.egamescasino.ph/app/frontend/views/reports/reports_transaction_history_cashier_tpl.php Line: 89
[2015-04-11 00:47:47.657723][NOTICE] "Undefined variable: depositcash" File: /var/www/kronusew.egamescasino.ph/app/frontend/views/reports/reports_transaction_history_cashier_tpl.php Line: 76
[2015-04-11 00:47:47.657942][NOTICE] "Undefined variable: depositticket" File: /var/www/kronusew.egamescasino.ph/app/frontend/views/reports/reports_transaction_history_cashier_tpl.php Line: 77
[2015-04-11 00:47:47.658135][NOTICE] "Undefined variable: depositcoupon" File: /var/www/kronusew.egamescasino.ph/app/frontend/views/reports/reports_transaction_history_cashier_tpl.php Line: 78
[2015-04-11 00:47:47.658325][NOTICE] "Undefined variable: reloadcash" File: /var/www/kronusew.egamescasino.ph/app/frontend/views/reports/reports_transaction_history_cashier_tpl.php Line: 80
[2015-04-11 00:47:47.658516][NOTICE] "Undefined variable: reloadticket" File: /var/www/kronusew.egamescasino.ph/app/frontend/views/reports/reports_transaction_history_cashier_tpl.php Line: 81
[2015-04-11 00:47:47.658705][NOTICE] "Undefined variable: reloadcoupon" File: /var/www/kronusew.egamescasino.ph/app/frontend/views/reports/reports_transaction_history_cashier_tpl.php Line: 82
[2015-04-11 00:47:47.658896][NOTICE] "Undefined variable: withdrawalcashier" File: /var/www/kronusew.egamescasino.ph/app/frontend/views/reports/reports_transaction_history_cashier_tpl.php Line: 85
[2015-04-11 00:47:47.659119][NOTICE] "Undefined variable: withdrawalgenesis" File: /var/www/kronusew.egamescasino.ph/app/frontend/views/reports/reports_transaction_history_cashier_tpl.php Line: 86
[2015-04-11 00:47:47.659328][NOTICE] "Undefined variable: grossholdtotal" File: /var/www/kronusew.egamescasino.ph/app/frontend/views/reports/reports_transaction_history_cashier_tpl.php Line: 89
[2015-04-11 01:29:10.987543][NOTICE] "Undefined variable: depositcash" File: /var/www/kronusew.egamescasino.ph/app/frontend/views/reports/reports_transaction_history_cashier_tpl.php Line: 76
[2015-04-11 01:29:10.988095][NOTICE] "Undefined variable: depositticket" File: /var/www/kronusew.egamescasino.ph/app/frontend/views/reports/reports_transaction_history_cashier_tpl.php Line: 77
[2015-04-11 01:29:10.988294][NOTICE] "Undefined variable: depositcoupon" File: /var/www/kronusew.egamescasino.ph/app/frontend/views/reports/reports_transaction_history_cashier_tpl.php Line: 78
[2015-04-11 01:29:10.988487][NOTICE] "Undefined variable: reloadcash" File: /var/www/kronusew.egamescasino.ph/app/frontend/views/reports/reports_transaction_history_cashier_tpl.php Line: 80
[2015-04-11 01:29:10.988680][NOTICE] "Undefined variable: reloadticket" File: /var/www/kronusew.egamescasino.ph/app/frontend/views/reports/reports_transaction_history_cashier_tpl.php Line: 81
[2015-04-11 01:29:10.988873][NOTICE] "Undefined variable: reloadcoupon" File: /var/www/kronusew.egamescasino.ph/app/frontend/views/reports/reports_transaction_history_cashier_tpl.php Line: 82
[2015-04-11 01:29:10.989067][NOTICE] "Undefined variable: withdrawalcashier" File: /var/www/kronusew.egamescasino.ph/app/frontend/views/reports/reports_transaction_history_cashier_tpl.php Line: 85
[2015-04-11 01:29:10.989278][NOTICE] "Undefined variable: withdrawalgenesis" File: /var/www/kronusew.egamescasino.ph/app/frontend/views/reports/reports_transaction_history_cashier_tpl.php Line: 86
[2015-04-11 01:29:10.989479][NOTICE] "Undefined variable: grossholdtotal" File: /var/www/kronusew.egamescasino.ph/app/frontend/views/reports/reports_transaction_history_cashier_tpl.php Line: 89
[2015-04-11 14:08:40.602087][NOTICE] "A session had already been started - ignoring session_start()" File: /var/www/kronusew.egamescasino.ph/app/frontend/models/LoginFormModel.php Line: 527
[2015-04-11 14:09:13.576014][NOTICE] "A session had already been started - ignoring session_start()" File: /var/www/kronusew.egamescasino.ph/app/frontend/models/LoginFormModel.php Line: 527
[2015-04-11 14:09:54.875946][NOTICE] "A session had already been started - ignoring session_start()" File: /var/www/kronusew.egamescasino.ph/app/frontend/models/LoginFormModel.php Line: 527
[2015-04-11 14:20:12.398111][NOTICE] "A session had already been started - ignoring session_start()" File: /var/www/kronusew.egamescasino.ph/app/frontend/models/LoginFormModel.php Line: 527
[2015-04-11 14:20:17.332056][NOTICE] "Undefined index: last_code" File: /var/www/kronusew.egamescasino.ph/app/frontend/views/startsession/startsession_overview_tpl.php Line: 99
[2015-04-11 14:20:18.176478][NOTICE] "Undefined index: last_code" File: /var/www/kronusew.egamescasino.ph/app/frontend/views/redeem/redeemsession_overview_tpl.php Line: 87
[2015-04-11 14:20:32.639418][NOTICE] "Undefined index: last_code" File: /var/www/kronusew.egamescasino.ph/app/frontend/views/redeem/redeemsession_overview_tpl.php Line: 87
[2015-04-11 14:20:33.614520][NOTICE] "Undefined index: last_code" File: /var/www/kronusew.egamescasino.ph/app/frontend/views/startsession/startsession_overview_tpl.php Line: 99
[2015-04-11 14:21:21.328321][ERROR] "Error: Terminal / User has an existing session. TerminalID=8154 ServiceID=19" SiteID = 65 File: /var/www/kronusew.egamescasino.ph/app/frontend/components/CommonUBStartSession.php LINE: 138
[2015-04-11 14:21:23.484306][NOTICE] "Undefined index: last_code" File: /var/www/kronusew.egamescasino.ph/app/frontend/views/startsession/startsession_overview_tpl.php Line: 99
[2015-04-11 14:21:34.136201][NOTICE] "Undefined index: last_code" File: /var/www/kronusew.egamescasino.ph/app/frontend/views/startsession/startsession_overview_tpl.php Line: 99
[2015-04-11 14:39:20.871440][ERROR] "Error: Amount cannot be empty. TerminalID=8145 ServiceID=19" SiteID = 65 File: /var/www/kronusew.egamescasino.ph/app/frontend/components/CommonUBStartSession.php LINE: 69
[2015-04-11 14:57:51.682982][NOTICE] "Undefined variable: depositcash" File: /var/www/kronusew.egamescasino.ph/app/frontend/views/reports/reports_transaction_history_cashier_tpl.php Line: 76
[2015-04-11 14:57:51.683266][NOTICE] "Undefined variable: depositticket" File: /var/www/kronusew.egamescasino.ph/app/frontend/views/reports/reports_transaction_history_cashier_tpl.php Line: 77
[2015-04-11 14:57:51.683472][NOTICE] "Undefined variable: depositcoupon" File: /var/www/kronusew.egamescasino.ph/app/frontend/views/reports/reports_transaction_history_cashier_tpl.php Line: 78
[2015-04-11 14:57:51.683672][NOTICE] "Undefined variable: reloadcash" File: /var/www/kronusew.egamescasino.ph/app/frontend/views/reports/reports_transaction_history_cashier_tpl.php Line: 80
[2015-04-11 14:57:51.683881][NOTICE] "Undefined variable: reloadticket" File: /var/www/kronusew.egamescasino.ph/app/frontend/views/reports/reports_transaction_history_cashier_tpl.php Line: 81
[2015-04-11 14:57:51.684082][NOTICE] "Undefined variable: reloadcoupon" File: /var/www/kronusew.egamescasino.ph/app/frontend/views/reports/reports_transaction_history_cashier_tpl.php Line: 82
[2015-04-11 14:57:51.684284][NOTICE] "Undefined variable: withdrawalcashier" File: /var/www/kronusew.egamescasino.ph/app/frontend/views/reports/reports_transaction_history_cashier_tpl.php Line: 85
[2015-04-11 14:57:51.684499][NOTICE] "Undefined variable: withdrawalgenesis" File: /var/www/kronusew.egamescasino.ph/app/frontend/views/reports/reports_transaction_history_cashier_tpl.php Line: 86
[2015-04-11 14:57:51.684712][NOTICE] "Undefined variable: grossholdtotal" File: /var/www/kronusew.egamescasino.ph/app/frontend/views/reports/reports_transaction_history_cashier_tpl.php Line: 89
[2015-04-11 15:19:52.403856][NOTICE] "Undefined variable: depositcash" File: /var/www/kronusew.egamescasino.ph/app/frontend/views/reports/reports_transaction_history_cashier_tpl.php Line: 76
[2015-04-11 15:19:52.404087][NOTICE] "Undefined variable: depositticket" File: /var/www/kronusew.egamescasino.ph/app/frontend/views/reports/reports_transaction_history_cashier_tpl.php Line: 77
[2015-04-11 15:19:52.404292][NOTICE] "Undefined variable: depositcoupon" File: /var/www/kronusew.egamescasino.ph/app/frontend/views/reports/reports_transaction_history_cashier_tpl.php Line: 78
[2015-04-11 15:19:52.404494][NOTICE] "Undefined variable: reloadcash" File: /var/www/kronusew.egamescasino.ph/app/frontend/views/reports/reports_transaction_history_cashier_tpl.php Line: 80
[2015-04-11 15:19:52.404698][NOTICE] "Undefined variable: reloadticket" File: /var/www/kronusew.egamescasino.ph/app/frontend/views/reports/reports_transaction_history_cashier_tpl.php Line: 81
[2015-04-11 15:19:52.404903][NOTICE] "Undefined variable: reloadcoupon" File: /var/www/kronusew.egamescasino.ph/app/frontend/views/reports/reports_transaction_history_cashier_tpl.php Line: 82
[2015-04-11 15:19:52.405107][NOTICE] "Undefined variable: withdrawalcashier" File: /var/www/kronusew.egamescasino.ph/app/frontend/views/reports/reports_transaction_history_cashier_tpl.php Line: 85
[2015-04-11 15:19:52.405311][NOTICE] "Undefined variable: withdrawalgenesis" File: /var/www/kronusew.egamescasino.ph/app/frontend/views/reports/reports_transaction_history_cashier_tpl.php Line: 86
[2015-04-11 15:19:52.405526][NOTICE] "Undefined variable: grossholdtotal" File: /var/www/kronusew.egamescasino.ph/app/frontend/views/reports/reports_transaction_history_cashier_tpl.php Line: 89
[2015-04-11 16:05:05.297743][NOTICE] "Undefined variable: depositcash" File: /var/www/kronusew.egamescasino.ph/app/frontend/views/reports/reports_transaction_history_cashier_tpl.php Line: 76
[2015-04-11 16:05:05.297997][NOTICE] "Undefined variable: depositticket" File: /var/www/kronusew.egamescasino.ph/app/frontend/views/reports/reports_transaction_history_cashier_tpl.php Line: 77
[2015-04-11 16:05:05.298208][NOTICE] "Undefined variable: depositcoupon" File: /var/www/kronusew.egamescasino.ph/app/frontend/views/reports/reports_transaction_history_cashier_tpl.php Line: 78
[2015-04-11 16:05:05.298427][NOTICE] "Undefined variable: reloadcash" File: /var/www/kronusew.egamescasino.ph/app/frontend/views/reports/reports_transaction_history_cashier_tpl.php Line: 80
[2015-04-11 16:05:05.298635][NOTICE] "Undefined variable: reloadticket" File: /var/www/kronusew.egamescasino.ph/app/frontend/views/reports/reports_transaction_history_cashier_tpl.php Line: 81
[2015-04-11 16:05:05.298843][NOTICE] "Undefined variable: reloadcoupon" File: /var/www/kronusew.egamescasino.ph/app/frontend/views/reports/reports_transaction_history_cashier_tpl.php Line: 82
[2015-04-11 16:05:05.299050][NOTICE] "Undefined variable: withdrawalcashier" File: /var/www/kronusew.egamescasino.ph/app/frontend/views/reports/reports_transaction_history_cashier_tpl.php Line: 85
[2015-04-11 16:05:05.299292][NOTICE] "Undefined variable: withdrawalgenesis" File: /var/www/kronusew.egamescasino.ph/app/frontend/views/reports/reports_transaction_history_cashier_tpl.php Line: 86
[2015-04-11 16:05:05.299508][NOTICE] "Undefined variable: grossholdtotal" File: /var/www/kronusew.egamescasino.ph/app/frontend/views/reports/reports_transaction_history_cashier_tpl.php Line: 89
[2015-04-11 17:06:53.670795][NOTICE] "Undefined variable: depositcash" File: /var/www/kronusew.egamescasino.ph/app/frontend/views/reports/reports_transaction_history_cashier_tpl.php Line: 76
[2015-04-11 17:06:53.671128][NOTICE] "Undefined variable: depositticket" File: /var/www/kronusew.egamescasino.ph/app/frontend/views/reports/reports_transaction_history_cashier_tpl.php Line: 77
[2015-04-11 17:06:53.671369][NOTICE] "Undefined variable: depositcoupon" File: /var/www/kronusew.egamescasino.ph/app/frontend/views/reports/reports_transaction_history_cashier_tpl.php Line: 78
[2015-04-11 17:06:53.671579][NOTICE] "Undefined variable: reloadcash" File: /var/www/kronusew.egamescasino.ph/app/frontend/views/reports/reports_transaction_history_cashier_tpl.php Line: 80
[2015-04-11 17:06:53.671790][NOTICE] "Undefined variable: reloadticket" File: /var/www/kronusew.egamescasino.ph/app/frontend/views/reports/reports_transaction_history_cashier_tpl.php Line: 81
[2015-04-11 17:06:53.672011][NOTICE] "Undefined variable: reloadcoupon" File: /var/www/kronusew.egamescasino.ph/app/frontend/views/reports/reports_transaction_history_cashier_tpl.php Line: 82
[2015-04-11 17:06:53.672220][NOTICE] "Undefined variable: withdrawalcashier" File: /var/www/kronusew.egamescasino.ph/app/frontend/views/reports/reports_transaction_history_cashier_tpl.php Line: 85
[2015-04-11 17:06:53.672444][NOTICE] "Undefined variable: withdrawalgenesis" File: /var/www/kronusew.egamescasino.ph/app/frontend/views/reports/reports_transaction_history_cashier_tpl.php Line: 86
[2015-04-11 17:06:53.672669][NOTICE] "Undefined variable: grossholdtotal" File: /var/www/kronusew.egamescasino.ph/app/frontend/views/reports/reports_transaction_history_cashier_tpl.php Line: 89
[2015-04-11 17:38:11.905025][NOTICE] "Undefined variable: depositcash" File: /var/www/kronusew.egamescasino.ph/app/frontend/views/reports/reports_transaction_history_cashier_tpl.php Line: 76
[2015-04-11 17:38:11.905293][NOTICE] "Undefined variable: depositticket" File: /var/www/kronusew.egamescasino.ph/app/frontend/views/reports/reports_transaction_history_cashier_tpl.php Line: 77
[2015-04-11 17:38:11.905510][NOTICE] "Undefined variable: depositcoupon" File: /var/www/kronusew.egamescasino.ph/app/frontend/views/reports/reports_transaction_history_cashier_tpl.php Line: 78
[2015-04-11 17:38:11.905754][NOTICE] "Undefined variable: reloadcash" File: /var/www/kronusew.egamescasino.ph/app/frontend/views/reports/reports_transaction_history_cashier_tpl.php Line: 80
[2015-04-11 17:38:11.906010][NOTICE] "Undefined variable: reloadticket" File: /var/www/kronusew.egamescasino.ph/app/frontend/views/reports/reports_transaction_history_cashier_tpl.php Line: 81
[2015-04-11 17:38:11.906229][NOTICE] "Undefined variable: reloadcoupon" File: /var/www/kronusew.egamescasino.ph/app/frontend/views/reports/reports_transaction_history_cashier_tpl.php Line: 82
[2015-04-11 17:38:11.906446][NOTICE] "Undefined variable: withdrawalcashier" File: /var/www/kronusew.egamescasino.ph/app/frontend/views/reports/reports_transaction_history_cashier_tpl.php Line: 85
[2015-04-11 17:38:11.906664][NOTICE] "Undefined variable: withdrawalgenesis" File: /var/www/kronusew.egamescasino.ph/app/frontend/views/reports/reports_transaction_history_cashier_tpl.php Line: 86
[2015-04-11 17:38:11.906887][NOTICE] "Undefined variable: grossholdtotal" File: /var/www/kronusew.egamescasino.ph/app/frontend/views/reports/reports_transaction_history_cashier_tpl.php Line: 89
[2015-04-11 17:41:51.151933][NOTICE] "Undefined variable: depositcash" File: /var/www/kronusew.egamescasino.ph/app/frontend/views/reports/reports_transaction_history_cashier_tpl.php Line: 76
[2015-04-11 17:41:51.152452][NOTICE] "Undefined variable: depositticket" File: /var/www/kronusew.egamescasino.ph/app/frontend/views/reports/reports_transaction_history_cashier_tpl.php Line: 77
[2015-04-11 17:41:51.152682][NOTICE] "Undefined variable: depositcoupon" File: /var/www/kronusew.egamescasino.ph/app/frontend/views/reports/reports_transaction_history_cashier_tpl.php Line: 78
[2015-04-11 17:41:51.152904][NOTICE] "Undefined variable: reloadcash" File: /var/www/kronusew.egamescasino.ph/app/frontend/views/reports/reports_transaction_history_cashier_tpl.php Line: 80
[2015-04-11 17:41:51.153125][NOTICE] "Undefined variable: reloadticket" File: /var/www/kronusew.egamescasino.ph/app/frontend/views/reports/reports_transaction_history_cashier_tpl.php Line: 81
[2015-04-11 17:41:51.153361][NOTICE] "Undefined variable: reloadcoupon" File: /var/www/kronusew.egamescasino.ph/app/frontend/views/reports/reports_transaction_history_cashier_tpl.php Line: 82
[2015-04-11 17:41:51.153582][NOTICE] "Undefined variable: withdrawalcashier" File: /var/www/kronusew.egamescasino.ph/app/frontend/views/reports/reports_transaction_history_cashier_tpl.php Line: 85
[2015-04-11 17:41:51.153805][NOTICE] "Undefined variable: withdrawalgenesis" File: /var/www/kronusew.egamescasino.ph/app/frontend/views/reports/reports_transaction_history_cashier_tpl.php Line: 86
[2015-04-11 17:41:51.154057][NOTICE] "Undefined variable: grossholdtotal" File: /var/www/kronusew.egamescasino.ph/app/frontend/views/reports/reports_transaction_history_cashier_tpl.php Line: 89
[2015-04-11 17:56:43.866063][NOTICE] "Undefined variable: depositcash" File: /var/www/kronusew.egamescasino.ph/app/frontend/views/reports/reports_transaction_history_cashier_tpl.php Line: 76
[2015-04-11 17:56:43.866424][NOTICE] "Undefined variable: depositticket" File: /var/www/kronusew.egamescasino.ph/app/frontend/views/reports/reports_transaction_history_cashier_tpl.php Line: 77
[2015-04-11 17:56:43.866658][NOTICE] "Undefined variable: depositcoupon" File: /var/www/kronusew.egamescasino.ph/app/frontend/views/reports/reports_transaction_history_cashier_tpl.php Line: 78
[2015-04-11 17:56:43.866884][NOTICE] "Undefined variable: reloadcash" File: /var/www/kronusew.egamescasino.ph/app/frontend/views/reports/reports_transaction_history_cashier_tpl.php Line: 80
[2015-04-11 17:56:43.867135][NOTICE] "Undefined variable: reloadticket" File: /var/www/kronusew.egamescasino.ph/app/frontend/views/reports/reports_transaction_history_cashier_tpl.php Line: 81
[2015-04-11 17:56:43.867396][NOTICE] "Undefined variable: reloadcoupon" File: /var/www/kronusew.egamescasino.ph/app/frontend/views/reports/reports_transaction_history_cashier_tpl.php Line: 82
[2015-04-11 17:56:43.868068][NOTICE] "Undefined variable: withdrawalcashier" File: /var/www/kronusew.egamescasino.ph/app/frontend/views/reports/reports_transaction_history_cashier_tpl.php Line: 85
[2015-04-11 17:56:43.868304][NOTICE] "Undefined variable: withdrawalgenesis" File: /var/www/kronusew.egamescasino.ph/app/frontend/views/reports/reports_transaction_history_cashier_tpl.php Line: 86
[2015-04-11 17:56:43.868538][NOTICE] "Undefined variable: grossholdtotal" File: /var/www/kronusew.egamescasino.ph/app/frontend/views/reports/reports_transaction_history_cashier_tpl.php Line: 89
[2015-04-11 18:40:44.430808][NOTICE] "Undefined variable: depositcash" File: /var/www/kronusew.egamescasino.ph/app/frontend/views/reports/reports_transaction_history_cashier_tpl.php Line: 76
[2015-04-11 18:40:44.431094][NOTICE] "Undefined variable: depositticket" File: /var/www/kronusew.egamescasino.ph/app/frontend/views/reports/reports_transaction_history_cashier_tpl.php Line: 77
[2015-04-11 18:40:44.431347][NOTICE] "Undefined variable: depositcoupon" File: /var/www/kronusew.egamescasino.ph/app/frontend/views/reports/reports_transaction_history_cashier_tpl.php Line: 78
[2015-04-11 18:40:44.431575][NOTICE] "Undefined variable: reloadcash" File: /var/www/kronusew.egamescasino.ph/app/frontend/views/reports/reports_transaction_history_cashier_tpl.php Line: 80
[2015-04-11 18:40:44.431802][NOTICE] "Undefined variable: reloadticket" File: /var/www/kronusew.egamescasino.ph/app/frontend/views/reports/reports_transaction_history_cashier_tpl.php Line: 81
[2015-04-11 18:40:44.432029][NOTICE] "Undefined variable: reloadcoupon" File: /var/www/kronusew.egamescasino.ph/app/frontend/views/reports/reports_transaction_history_cashier_tpl.php Line: 82
[2015-04-11 18:40:44.432256][NOTICE] "Undefined variable: withdrawalcashier" File: /var/www/kronusew.egamescasino.ph/app/frontend/views/reports/reports_transaction_history_cashier_tpl.php Line: 85
[2015-04-11 18:40:44.432484][NOTICE] "Undefined variable: withdrawalgenesis" File: /var/www/kronusew.egamescasino.ph/app/frontend/views/reports/reports_transaction_history_cashier_tpl.php Line: 86
[2015-04-11 18:40:44.432734][NOTICE] "Undefined variable: grossholdtotal" File: /var/www/kronusew.egamescasino.ph/app/frontend/views/reports/reports_transaction_history_cashier_tpl.php Line: 89
[2015-04-11 18:44:13.6054][ERROR] "Error: Only one active session for Magic Macau casino is allowed for this card. TerminalID=8148 ServiceID=19" SiteID = 65 File: /var/www/kronusew.egamescasino.ph/app/frontend/components/CommonUBStartSession.php LINE: 79
[2015-04-11 18:44:22.78652][ERROR] "Error: Only one active session for Magic Macau casino is allowed for this card. TerminalID=8148 ServiceID=19" SiteID = 65 File: /var/www/kronusew.egamescasino.ph/app/frontend/components/CommonUBStartSession.php LINE: 79
[2015-04-11 18:54:56.651166][NOTICE] "Undefined variable: depositcash" File: /var/www/kronusew.egamescasino.ph/app/frontend/views/reports/reports_transaction_history_cashier_tpl.php Line: 76
[2015-04-11 18:54:56.651499][NOTICE] "Undefined variable: depositticket" File: /var/www/kronusew.egamescasino.ph/app/frontend/views/reports/reports_transaction_history_cashier_tpl.php Line: 77
[2015-04-11 18:54:56.651739][NOTICE] "Undefined variable: depositcoupon" File: /var/www/kronusew.egamescasino.ph/app/frontend/views/reports/reports_transaction_history_cashier_tpl.php Line: 78
[2015-04-11 18:54:56.651973][NOTICE] "Undefined variable: reloadcash" File: /var/www/kronusew.egamescasino.ph/app/frontend/views/reports/reports_transaction_history_cashier_tpl.php Line: 80
[2015-04-11 18:54:56.652206][NOTICE] "Undefined variable: reloadticket" File: /var/www/kronusew.egamescasino.ph/app/frontend/views/reports/reports_transaction_history_cashier_tpl.php Line: 81
[2015-04-11 18:54:56.652437][NOTICE] "Undefined variable: reloadcoupon" File: /var/www/kronusew.egamescasino.ph/app/frontend/views/reports/reports_transaction_history_cashier_tpl.php Line: 82
[2015-04-11 18:54:56.652669][NOTICE] "Undefined variable: withdrawalcashier" File: /var/www/kronusew.egamescasino.ph/app/frontend/views/reports/reports_transaction_history_cashier_tpl.php Line: 85
[2015-04-11 18:54:56.652904][NOTICE] "Undefined variable: withdrawalgenesis" File: /var/www/kronusew.egamescasino.ph/app/frontend/views/reports/reports_transaction_history_cashier_tpl.php Line: 86
[2015-04-11 18:54:56.653162][NOTICE] "Undefined variable: grossholdtotal" File: /var/www/kronusew.egamescasino.ph/app/frontend/views/reports/reports_transaction_history_cashier_tpl.php Line: 89
[2015-04-11 18:58:29.992773][NOTICE] "Undefined variable: depositcash" File: /var/www/kronusew.egamescasino.ph/app/frontend/views/reports/reports_transaction_history_cashier_tpl.php Line: 76
[2015-04-11 18:58:29.993040][NOTICE] "Undefined variable: depositticket" File: /var/www/kronusew.egamescasino.ph/app/frontend/views/reports/reports_transaction_history_cashier_tpl.php Line: 77
[2015-04-11 18:58:29.993278][NOTICE] "Undefined variable: depositcoupon" File: /var/www/kronusew.egamescasino.ph/app/frontend/views/reports/reports_transaction_history_cashier_tpl.php Line: 78
[2015-04-11 18:58:29.993517][NOTICE] "Undefined variable: reloadcash" File: /var/www/kronusew.egamescasino.ph/app/frontend/views/reports/reports_transaction_history_cashier_tpl.php Line: 80
[2015-04-11 18:58:29.993756][NOTICE] "Undefined variable: reloadticket" File: /var/www/kronusew.egamescasino.ph/app/frontend/views/reports/reports_transaction_history_cashier_tpl.php Line: 81
[2015-04-11 18:58:29.993998][NOTICE] "Undefined variable: reloadcoupon" File: /var/www/kronusew.egamescasino.ph/app/frontend/views/reports/reports_transaction_history_cashier_tpl.php Line: 82
[2015-04-11 18:58:29.994236][NOTICE] "Undefined variable: withdrawalcashier" File: /var/www/kronusew.egamescasino.ph/app/frontend/views/reports/reports_transaction_history_cashier_tpl.php Line: 85
[2015-04-11 18:58:29.994477][NOTICE] "Undefined variable: withdrawalgenesis" File: /var/www/kronusew.egamescasino.ph/app/frontend/views/reports/reports_transaction_history_cashier_tpl.php Line: 86
[2015-04-11 18:58:29.994737][NOTICE] "Undefined variable: grossholdtotal" File: /var/www/kronusew.egamescasino.ph/app/frontend/views/reports/reports_transaction_history_cashier_tpl.php Line: 89
[2015-04-11 19:01:01.660561][NOTICE] "Undefined variable: depositcash" File: /var/www/kronusew.egamescasino.ph/app/frontend/views/reports/reports_transaction_history_cashier_tpl.php Line: 76
[2015-04-11 19:01:01.660836][NOTICE] "Undefined variable: depositticket" File: /var/www/kronusew.egamescasino.ph/app/frontend/views/reports/reports_transaction_history_cashier_tpl.php Line: 77
[2015-04-11 19:01:01.661087][NOTICE] "Undefined variable: depositcoupon" File: /var/www/kronusew.egamescasino.ph/app/frontend/views/reports/reports_transaction_history_cashier_tpl.php Line: 78
[2015-04-11 19:01:01.661335][NOTICE] "Undefined variable: reloadcash" File: /var/www/kronusew.egamescasino.ph/app/frontend/views/reports/reports_transaction_history_cashier_tpl.php Line: 80
[2015-04-11 19:01:01.661598][NOTICE] "Undefined variable: reloadticket" File: /var/www/kronusew.egamescasino.ph/app/frontend/views/reports/reports_transaction_history_cashier_tpl.php Line: 81
[2015-04-11 19:01:01.661850][NOTICE] "Undefined variable: reloadcoupon" File: /var/www/kronusew.egamescasino.ph/app/frontend/views/reports/reports_transaction_history_cashier_tpl.php Line: 82
[2015-04-11 19:01:01.662098][NOTICE] "Undefined variable: withdrawalcashier" File: /var/www/kronusew.egamescasino.ph/app/frontend/views/reports/reports_transaction_history_cashier_tpl.php Line: 85
[2015-04-11 19:01:01.662347][NOTICE] "Undefined variable: withdrawalgenesis" File: /var/www/kronusew.egamescasino.ph/app/frontend/views/reports/reports_transaction_history_cashier_tpl.php Line: 86
[2015-04-11 19:01:01.662603][NOTICE] "Undefined variable: grossholdtotal" File: /var/www/kronusew.egamescasino.ph/app/frontend/views/reports/reports_transaction_history_cashier_tpl.php Line: 89
[2015-04-11 19:20:25.837895][NOTICE] "Undefined variable: depositcash" File: /var/www/kronusew.egamescasino.ph/app/frontend/views/reports/reports_transaction_history_cashier_tpl.php Line: 76
[2015-04-11 19:20:25.838237][NOTICE] "Undefined variable: depositticket" File: /var/www/kronusew.egamescasino.ph/app/frontend/views/reports/reports_transaction_history_cashier_tpl.php Line: 77
[2015-04-11 19:20:25.838535][NOTICE] "Undefined variable: depositcoupon" File: /var/www/kronusew.egamescasino.ph/app/frontend/views/reports/reports_transaction_history_cashier_tpl.php Line: 78
[2015-04-11 19:20:25.838785][NOTICE] "Undefined variable: reloadcash" File: /var/www/kronusew.egamescasino.ph/app/frontend/views/reports/reports_transaction_history_cashier_tpl.php Line: 80
[2015-04-11 19:20:25.839032][NOTICE] "Undefined variable: reloadticket" File: /var/www/kronusew.egamescasino.ph/app/frontend/views/reports/reports_transaction_history_cashier_tpl.php Line: 81
[2015-04-11 19:20:25.839313][NOTICE] "Undefined variable: reloadcoupon" File: /var/www/kronusew.egamescasino.ph/app/frontend/views/reports/reports_transaction_history_cashier_tpl.php Line: 82
[2015-04-11 19:20:25.839560][NOTICE] "Undefined variable: withdrawalcashier" File: /var/www/kronusew.egamescasino.ph/app/frontend/views/reports/reports_transaction_history_cashier_tpl.php Line: 85
[2015-04-11 19:20:25.839808][NOTICE] "Undefined variable: withdrawalgenesis" File: /var/www/kronusew.egamescasino.ph/app/frontend/views/reports/reports_transaction_history_cashier_tpl.php Line: 86
[2015-04-11 19:20:25.840063][NOTICE] "Undefined variable: grossholdtotal" File: /var/www/kronusew.egamescasino.ph/app/frontend/views/reports/reports_transaction_history_cashier_tpl.php Line: 89
[2015-04-11 19:21:53.536116][NOTICE] "Undefined variable: depositcash" File: /var/www/kronusew.egamescasino.ph/app/frontend/views/reports/reports_transaction_history_cashier_tpl.php Line: 76
[2015-04-11 19:21:53.536394][NOTICE] "Undefined variable: depositticket" File: /var/www/kronusew.egamescasino.ph/app/frontend/views/reports/reports_transaction_history_cashier_tpl.php Line: 77
[2015-04-11 19:21:53.536648][NOTICE] "Undefined variable: depositcoupon" File: /var/www/kronusew.egamescasino.ph/app/frontend/views/reports/reports_transaction_history_cashier_tpl.php Line: 78
[2015-04-11 19:21:53.536915][NOTICE] "Undefined variable: reloadcash" File: /var/www/kronusew.egamescasino.ph/app/frontend/views/reports/reports_transaction_history_cashier_tpl.php Line: 80
[2015-04-11 19:21:53.537386][NOTICE] "Undefined variable: reloadticket" File: /var/www/kronusew.egamescasino.ph/app/frontend/views/reports/reports_transaction_history_cashier_tpl.php Line: 81
[2015-04-11 19:21:53.537639][NOTICE] "Undefined variable: reloadcoupon" File: /var/www/kronusew.egamescasino.ph/app/frontend/views/reports/reports_transaction_history_cashier_tpl.php Line: 82
[2015-04-11 19:21:53.537888][NOTICE] "Undefined variable: withdrawalcashier" File: /var/www/kronusew.egamescasino.ph/app/frontend/views/reports/reports_transaction_history_cashier_tpl.php Line: 85
[2015-04-11 19:21:53.538140][NOTICE] "Undefined variable: withdrawalgenesis" File: /var/www/kronusew.egamescasino.ph/app/frontend/views/reports/reports_transaction_history_cashier_tpl.php Line: 86
[2015-04-11 19:21:53.538398][NOTICE] "Undefined variable: grossholdtotal" File: /var/www/kronusew.egamescasino.ph/app/frontend/views/reports/reports_transaction_history_cashier_tpl.php Line: 89
[2015-04-11 19:59:10.635253][NOTICE] "Undefined variable: depositcash" File: /var/www/kronusew.egamescasino.ph/app/frontend/views/reports/reports_transaction_history_cashier_tpl.php Line: 76
[2015-04-11 19:59:10.635550][NOTICE] "Undefined variable: depositticket" File: /var/www/kronusew.egamescasino.ph/app/frontend/views/reports/reports_transaction_history_cashier_tpl.php Line: 77
[2015-04-11 19:59:10.635815][NOTICE] "Undefined variable: depositcoupon" File: /var/www/kronusew.egamescasino.ph/app/frontend/views/reports/reports_transaction_history_cashier_tpl.php Line: 78
[2015-04-11 19:59:10.636078][NOTICE] "Undefined variable: reloadcash" File: /var/www/kronusew.egamescasino.ph/app/frontend/views/reports/reports_transaction_history_cashier_tpl.php Line: 80
[2015-04-11 19:59:10.636340][NOTICE] "Undefined variable: reloadticket" File: /var/www/kronusew.egamescasino.ph/app/frontend/views/reports/reports_transaction_history_cashier_tpl.php Line: 81
[2015-04-11 19:59:10.636601][NOTICE] "Undefined variable: reloadcoupon" File: /var/www/kronusew.egamescasino.ph/app/frontend/views/reports/reports_transaction_history_cashier_tpl.php Line: 82
[2015-04-11 19:59:10.636908][NOTICE] "Undefined variable: withdrawalcashier" File: /var/www/kronusew.egamescasino.ph/app/frontend/views/reports/reports_transaction_history_cashier_tpl.php Line: 85
[2015-04-11 19:59:10.637219][NOTICE] "Undefined variable: withdrawalgenesis" File: /var/www/kronusew.egamescasino.ph/app/frontend/views/reports/reports_transaction_history_cashier_tpl.php Line: 86
[2015-04-11 19:59:10.637498][NOTICE] "Undefined variable: grossholdtotal" File: /var/www/kronusew.egamescasino.ph/app/frontend/views/reports/reports_transaction_history_cashier_tpl.php Line: 89
[2015-04-11 20:07:16.358712][NOTICE] "Undefined variable: depositcash" File: /var/www/kronusew.egamescasino.ph/app/frontend/views/reports/reports_transaction_history_cashier_tpl.php Line: 76
[2015-04-11 20:07:16.359010][NOTICE] "Undefined variable: depositticket" File: /var/www/kronusew.egamescasino.ph/app/frontend/views/reports/reports_transaction_history_cashier_tpl.php Line: 77
[2015-04-11 20:07:16.359313][NOTICE] "Undefined variable: depositcoupon" File: /var/www/kronusew.egamescasino.ph/app/frontend/views/reports/reports_transaction_history_cashier_tpl.php Line: 78
[2015-04-11 20:07:16.359582][NOTICE] "Undefined variable: reloadcash" File: /var/www/kronusew.egamescasino.ph/app/frontend/views/reports/reports_transaction_history_cashier_tpl.php Line: 80
[2015-04-11 20:07:16.360049][NOTICE] "Undefined variable: reloadticket" File: /var/www/kronusew.egamescasino.ph/app/frontend/views/reports/reports_transaction_history_cashier_tpl.php Line: 81
[2015-04-11 20:07:16.360320][NOTICE] "Undefined variable: reloadcoupon" File: /var/www/kronusew.egamescasino.ph/app/frontend/views/reports/reports_transaction_history_cashier_tpl.php Line: 82
[2015-04-11 20:07:16.360601][NOTICE] "Undefined variable: withdrawalcashier" File: /var/www/kronusew.egamescasino.ph/app/frontend/views/reports/reports_transaction_history_cashier_tpl.php Line: 85
[2015-04-11 20:07:16.360866][NOTICE] "Undefined variable: withdrawalgenesis" File: /var/www/kronusew.egamescasino.ph/app/frontend/views/reports/reports_transaction_history_cashier_tpl.php Line: 86
[2015-04-11 20:07:16.361135][NOTICE] "Undefined variable: grossholdtotal" File: /var/www/kronusew.egamescasino.ph/app/frontend/views/reports/reports_transaction_history_cashier_tpl.php Line: 89
[2015-04-11 20:50:45.496656][NOTICE] "Undefined variable: depositcash" File: /var/www/kronusew.egamescasino.ph/app/frontend/views/reports/reports_transaction_history_cashier_tpl.php Line: 76
[2015-04-11 20:50:45.497017][NOTICE] "Undefined variable: depositticket" File: /var/www/kronusew.egamescasino.ph/app/frontend/views/reports/reports_transaction_history_cashier_tpl.php Line: 77
[2015-04-11 20:50:45.497303][NOTICE] "Undefined variable: depositcoupon" File: /var/www/kronusew.egamescasino.ph/app/frontend/views/reports/reports_transaction_history_cashier_tpl.php Line: 78
[2015-04-11 20:50:45.497579][NOTICE] "Undefined variable: reloadcash" File: /var/www/kronusew.egamescasino.ph/app/frontend/views/reports/reports_transaction_history_cashier_tpl.php Line: 80
[2015-04-11 20:50:45.497851][NOTICE] "Undefined variable: reloadticket" File: /var/www/kronusew.egamescasino.ph/app/frontend/views/reports/reports_transaction_history_cashier_tpl.php Line: 81
[2015-04-11 20:50:45.498123][NOTICE] "Undefined variable: reloadcoupon" File: /var/www/kronusew.egamescasino.ph/app/frontend/views/reports/reports_transaction_history_cashier_tpl.php Line: 82
[2015-04-11 20:50:45.498394][NOTICE] "Undefined variable: withdrawalcashier" File: /var/www/kronusew.egamescasino.ph/app/frontend/views/reports/reports_transaction_history_cashier_tpl.php Line: 85
[2015-04-11 20:50:45.498667][NOTICE] "Undefined variable: withdrawalgenesis" File: /var/www/kronusew.egamescasino.ph/app/frontend/views/reports/reports_transaction_history_cashier_tpl.php Line: 86
[2015-04-11 20:50:45.498945][NOTICE] "Undefined variable: grossholdtotal" File: /var/www/kronusew.egamescasino.ph/app/frontend/views/reports/reports_transaction_history_cashier_tpl.php Line: 89
[2015-04-11 20:53:46.788871][NOTICE] "Undefined variable: depositcash" File: /var/www/kronusew.egamescasino.ph/app/frontend/views/reports/reports_transaction_history_cashier_tpl.php Line: 76
[2015-04-11 20:53:46.789185][NOTICE] "Undefined variable: depositticket" File: /var/www/kronusew.egamescasino.ph/app/frontend/views/reports/reports_transaction_history_cashier_tpl.php Line: 77
[2015-04-11 20:53:46.789468][NOTICE] "Undefined variable: depositcoupon" File: /var/www/kronusew.egamescasino.ph/app/frontend/views/reports/reports_transaction_history_cashier_tpl.php Line: 78
[2015-04-11 20:53:46.789749][NOTICE] "Undefined variable: reloadcash" File: /var/www/kronusew.egamescasino.ph/app/frontend/views/reports/reports_transaction_history_cashier_tpl.php Line: 80
[2015-04-11 20:53:46.790029][NOTICE] "Undefined variable: reloadticket" File: /var/www/kronusew.egamescasino.ph/app/frontend/views/reports/reports_transaction_history_cashier_tpl.php Line: 81
[2015-04-11 20:53:46.790317][NOTICE] "Undefined variable: reloadcoupon" File: /var/www/kronusew.egamescasino.ph/app/frontend/views/reports/reports_transaction_history_cashier_tpl.php Line: 82
[2015-04-11 20:53:46.790595][NOTICE] "Undefined variable: withdrawalcashier" File: /var/www/kronusew.egamescasino.ph/app/frontend/views/reports/reports_transaction_history_cashier_tpl.php Line: 85
[2015-04-11 20:53:46.790871][NOTICE] "Undefined variable: withdrawalgenesis" File: /var/www/kronusew.egamescasino.ph/app/frontend/views/reports/reports_transaction_history_cashier_tpl.php Line: 86
[2015-04-11 20:53:46.791193][NOTICE] "Undefined variable: grossholdtotal" File: /var/www/kronusew.egamescasino.ph/app/frontend/views/reports/reports_transaction_history_cashier_tpl.php Line: 89
[2015-04-11 21:21:16.600035][ERROR] "Error: Failed to reload session. TerminalID=8170 ServiceID=19 ErrorMessage=API Error: HTTP 500" SiteID = 65 File: /var/www/kronusew.egamescasino.ph/app/frontend/components/CommonUBReload.php LINE: 199
[2015-04-11 21:40:57.169052][NOTICE] "Undefined variable: depositcash" File: /var/www/kronusew.egamescasino.ph/app/frontend/views/reports/reports_transaction_history_cashier_tpl.php Line: 76
[2015-04-11 21:40:57.169381][NOTICE] "Undefined variable: depositticket" File: /var/www/kronusew.egamescasino.ph/app/frontend/views/reports/reports_transaction_history_cashier_tpl.php Line: 77
[2015-04-11 21:40:57.169685][NOTICE] "Undefined variable: depositcoupon" File: /var/www/kronusew.egamescasino.ph/app/frontend/views/reports/reports_transaction_history_cashier_tpl.php Line: 78
[2015-04-11 21:40:57.169985][NOTICE] "Undefined variable: reloadcash" File: /var/www/kronusew.egamescasino.ph/app/frontend/views/reports/reports_transaction_history_cashier_tpl.php Line: 80
[2015-04-11 21:40:57.170304][NOTICE] "Undefined variable: reloadticket" File: /var/www/kronusew.egamescasino.ph/app/frontend/views/reports/reports_transaction_history_cashier_tpl.php Line: 81
[2015-04-11 21:40:57.170601][NOTICE] "Undefined variable: reloadcoupon" File: /var/www/kronusew.egamescasino.ph/app/frontend/views/reports/reports_transaction_history_cashier_tpl.php Line: 82
[2015-04-11 21:40:57.170899][NOTICE] "Undefined variable: withdrawalcashier" File: /var/www/kronusew.egamescasino.ph/app/frontend/views/reports/reports_transaction_history_cashier_tpl.php Line: 85
[2015-04-11 21:40:57.171222][NOTICE] "Undefined variable: withdrawalgenesis" File: /var/www/kronusew.egamescasino.ph/app/frontend/views/reports/reports_transaction_history_cashier_tpl.php Line: 86
[2015-04-11 21:40:57.171530][NOTICE] "Undefined variable: grossholdtotal" File: /var/www/kronusew.egamescasino.ph/app/frontend/views/reports/reports_transaction_history_cashier_tpl.php Line: 89
[2015-04-11 21:49:41.983811][NOTICE] "Undefined variable: depositcash" File: /var/www/kronusew.egamescasino.ph/app/frontend/views/reports/reports_transaction_history_cashier_tpl.php Line: 76
[2015-04-11 21:49:41.984180][NOTICE] "Undefined variable: depositticket" File: /var/www/kronusew.egamescasino.ph/app/frontend/views/reports/reports_transaction_history_cashier_tpl.php Line: 77
[2015-04-11 21:49:41.984492][NOTICE] "Undefined variable: depositcoupon" File: /var/www/kronusew.egamescasino.ph/app/frontend/views/reports/reports_transaction_history_cashier_tpl.php Line: 78
[2015-04-11 21:49:41.984800][NOTICE] "Undefined variable: reloadcash" File: /var/www/kronusew.egamescasino.ph/app/frontend/views/reports/reports_transaction_history_cashier_tpl.php Line: 80
[2015-04-11 21:49:41.985106][NOTICE] "Undefined variable: reloadticket" File: /var/www/kronusew.egamescasino.ph/app/frontend/views/reports/reports_transaction_history_cashier_tpl.php Line: 81
[2015-04-11 21:49:41.985409][NOTICE] "Undefined variable: reloadcoupon" File: /var/www/kronusew.egamescasino.ph/app/frontend/views/reports/reports_transaction_history_cashier_tpl.php Line: 82
[2015-04-11 21:49:41.985740][NOTICE] "Undefined variable: withdrawalcashier" File: /var/www/kronusew.egamescasino.ph/app/frontend/views/reports/reports_transaction_history_cashier_tpl.php Line: 85
[2015-04-11 21:49:41.986047][NOTICE] "Undefined variable: withdrawalgenesis" File: /var/www/kronusew.egamescasino.ph/app/frontend/views/reports/reports_transaction_history_cashier_tpl.php Line: 86
[2015-04-11 21:49:41.986357][NOTICE] "Undefined variable: grossholdtotal" File: /var/www/kronusew.egamescasino.ph/app/frontend/views/reports/reports_transaction_history_cashier_tpl.php Line: 89
[2015-04-11 21:51:17.465973][NOTICE] "Undefined variable: casinoUserMode" File: /var/www/kronusew.egamescasino.ph/app/frontend/components/FrontendController.php Line: 1729
[2015-04-11 21:51:17.469531][ERROR] "Error: Terminal has no active session. TerminalID=8109 ServiceID=" SiteID = 65 File: /var/www/kronusew.egamescasino.ph/app/frontend/components/CasinoApi.php LINE: 388
[2015-04-11 21:51:52.128423][NOTICE] "Undefined variable: depositcash" File: /var/www/kronusew.egamescasino.ph/app/frontend/views/reports/reports_transaction_history_cashier_tpl.php Line: 76
[2015-04-11 21:51:52.128772][NOTICE] "Undefined variable: depositticket" File: /var/www/kronusew.egamescasino.ph/app/frontend/views/reports/reports_transaction_history_cashier_tpl.php Line: 77
[2015-04-11 21:51:52.129094][NOTICE] "Undefined variable: depositcoupon" File: /var/www/kronusew.egamescasino.ph/app/frontend/views/reports/reports_transaction_history_cashier_tpl.php Line: 78
[2015-04-11 21:51:52.129409][NOTICE] "Undefined variable: reloadcash" File: /var/www/kronusew.egamescasino.ph/app/frontend/views/reports/reports_transaction_history_cashier_tpl.php Line: 80
[2015-04-11 21:51:52.129724][NOTICE] "Undefined variable: reloadticket" File: /var/www/kronusew.egamescasino.ph/app/frontend/views/reports/reports_transaction_history_cashier_tpl.php Line: 81
[2015-04-11 21:51:52.130035][NOTICE] "Undefined variable: reloadcoupon" File: /var/www/kronusew.egamescasino.ph/app/frontend/views/reports/reports_transaction_history_cashier_tpl.php Line: 82
[2015-04-11 21:51:52.130346][NOTICE] "Undefined variable: withdrawalcashier" File: /var/www/kronusew.egamescasino.ph/app/frontend/views/reports/reports_transaction_history_cashier_tpl.php Line: 85
[2015-04-11 21:51:52.130660][NOTICE] "Undefined variable: withdrawalgenesis" File: /var/www/kronusew.egamescasino.ph/app/frontend/views/reports/reports_transaction_history_cashier_tpl.php Line: 86
[2015-04-11 21:51:52.131011][NOTICE] "Undefined variable: grossholdtotal" File: /var/www/kronusew.egamescasino.ph/app/frontend/views/reports/reports_transaction_history_cashier_tpl.php Line: 89
[2015-04-11 22:09:44.960871][NOTICE] "Undefined variable: depositcash" File: /var/www/kronusew.egamescasino.ph/app/frontend/views/reports/reports_transaction_history_cashier_tpl.php Line: 76
[2015-04-11 22:09:44.961220][NOTICE] "Undefined variable: depositticket" File: /var/www/kronusew.egamescasino.ph/app/frontend/views/reports/reports_transaction_history_cashier_tpl.php Line: 77
[2015-04-11 22:09:44.961549][NOTICE] "Undefined variable: depositcoupon" File: /var/www/kronusew.egamescasino.ph/app/frontend/views/reports/reports_transaction_history_cashier_tpl.php Line: 78
[2015-04-11 22:09:44.961871][NOTICE] "Undefined variable: reloadcash" File: /var/www/kronusew.egamescasino.ph/app/frontend/views/reports/reports_transaction_history_cashier_tpl.php Line: 80
[2015-04-11 22:09:44.962192][NOTICE] "Undefined variable: reloadticket" File: /var/www/kronusew.egamescasino.ph/app/frontend/views/reports/reports_transaction_history_cashier_tpl.php Line: 81
[2015-04-11 22:09:44.962509][NOTICE] "Undefined variable: reloadcoupon" File: /var/www/kronusew.egamescasino.ph/app/frontend/views/reports/reports_transaction_history_cashier_tpl.php Line: 82
[2015-04-11 22:09:44.962827][NOTICE] "Undefined variable: withdrawalcashier" File: /var/www/kronusew.egamescasino.ph/app/frontend/views/reports/reports_transaction_history_cashier_tpl.php Line: 85
[2015-04-11 22:09:44.963187][NOTICE] "Undefined variable: withdrawalgenesis" File: /var/www/kronusew.egamescasino.ph/app/frontend/views/reports/reports_transaction_history_cashier_tpl.php Line: 86
[2015-04-11 22:09:44.963520][NOTICE] "Undefined variable: grossholdtotal" File: /var/www/kronusew.egamescasino.ph/app/frontend/views/reports/reports_transaction_history_cashier_tpl.php Line: 89
[2015-04-11 22:14:09.335150][NOTICE] "Undefined variable: depositcash" File: /var/www/kronusew.egamescasino.ph/app/frontend/views/reports/reports_transaction_history_cashier_tpl.php Line: 76
[2015-04-11 22:14:09.335510][NOTICE] "Undefined variable: depositticket" File: /var/www/kronusew.egamescasino.ph/app/frontend/views/reports/reports_transaction_history_cashier_tpl.php Line: 77
[2015-04-11 22:14:09.335838][NOTICE] "Undefined variable: depositcoupon" File: /var/www/kronusew.egamescasino.ph/app/frontend/views/reports/reports_transaction_history_cashier_tpl.php Line: 78
[2015-04-11 22:14:09.336175][NOTICE] "Undefined variable: reloadcash" File: /var/www/kronusew.egamescasino.ph/app/frontend/views/reports/reports_transaction_history_cashier_tpl.php Line: 80
[2015-04-11 22:14:09.336513][NOTICE] "Undefined variable: reloadticket" File: /var/www/kronusew.egamescasino.ph/app/frontend/views/reports/reports_transaction_history_cashier_tpl.php Line: 81
[2015-04-11 22:14:09.336834][NOTICE] "Undefined variable: reloadcoupon" File: /var/www/kronusew.egamescasino.ph/app/frontend/views/reports/reports_transaction_history_cashier_tpl.php Line: 82
[2015-04-11 22:14:09.337159][NOTICE] "Undefined variable: withdrawalcashier" File: /var/www/kronusew.egamescasino.ph/app/frontend/views/reports/reports_transaction_history_cashier_tpl.php Line: 85
[2015-04-11 22:14:09.337485][NOTICE] "Undefined variable: withdrawalgenesis" File: /var/www/kronusew.egamescasino.ph/app/frontend/views/reports/reports_transaction_history_cashier_tpl.php Line: 86
[2015-04-11 22:14:09.337835][NOTICE] "Undefined variable: grossholdtotal" File: /var/www/kronusew.egamescasino.ph/app/frontend/views/reports/reports_transaction_history_cashier_tpl.php Line: 89
[2015-04-11 22:16:18.874464][NOTICE] "Undefined variable: depositcash" File: /var/www/kronusew.egamescasino.ph/app/frontend/views/reports/reports_transaction_history_cashier_tpl.php Line: 76
[2015-04-11 22:16:18.874888][NOTICE] "Undefined variable: depositticket" File: /var/www/kronusew.egamescasino.ph/app/frontend/views/reports/reports_transaction_history_cashier_tpl.php Line: 77
[2015-04-11 22:16:18.875267][NOTICE] "Undefined variable: depositcoupon" File: /var/www/kronusew.egamescasino.ph/app/frontend/views/reports/reports_transaction_history_cashier_tpl.php Line: 78
[2015-04-11 22:16:18.875615][NOTICE] "Undefined variable: reloadcash" File: /var/www/kronusew.egamescasino.ph/app/frontend/views/reports/reports_transaction_history_cashier_tpl.php Line: 80
[2015-04-11 22:16:18.875951][NOTICE] "Undefined variable: reloadticket" File: /var/www/kronusew.egamescasino.ph/app/frontend/views/reports/reports_transaction_history_cashier_tpl.php Line: 81
[2015-04-11 22:16:18.876286][NOTICE] "Undefined variable: reloadcoupon" File: /var/www/kronusew.egamescasino.ph/app/frontend/views/reports/reports_transaction_history_cashier_tpl.php Line: 82
[2015-04-11 22:16:18.876636][NOTICE] "Undefined variable: withdrawalcashier" File: /var/www/kronusew.egamescasino.ph/app/frontend/views/reports/reports_transaction_history_cashier_tpl.php Line: 85
[2015-04-11 22:16:18.876981][NOTICE] "Undefined variable: withdrawalgenesis" File: /var/www/kronusew.egamescasino.ph/app/frontend/views/reports/reports_transaction_history_cashier_tpl.php Line: 86
[2015-04-11 22:16:18.877330][NOTICE] "Undefined variable: grossholdtotal" File: /var/www/kronusew.egamescasino.ph/app/frontend/views/reports/reports_transaction_history_cashier_tpl.php Line: 89
[2015-04-11 22:23:18.306424][NOTICE] "Undefined variable: depositcash" File: /var/www/kronusew.egamescasino.ph/app/frontend/views/reports/reports_transaction_history_cashier_tpl.php Line: 76
[2015-04-11 22:23:18.306856][NOTICE] "Undefined variable: depositticket" File: /var/www/kronusew.egamescasino.ph/app/frontend/views/reports/reports_transaction_history_cashier_tpl.php Line: 77
[2015-04-11 22:23:18.307236][NOTICE] "Undefined variable: depositcoupon" File: /var/www/kronusew.egamescasino.ph/app/frontend/views/reports/reports_transaction_history_cashier_tpl.php Line: 78
[2015-04-11 22:23:18.307582][NOTICE] "Undefined variable: reloadcash" File: /var/www/kronusew.egamescasino.ph/app/frontend/views/reports/reports_transaction_history_cashier_tpl.php Line: 80
[2015-04-11 22:23:18.307922][NOTICE] "Undefined variable: reloadticket" File: /var/www/kronusew.egamescasino.ph/app/frontend/views/reports/reports_transaction_history_cashier_tpl.php Line: 81
[2015-04-11 22:23:18.308287][NOTICE] "Undefined variable: reloadcoupon" File: /var/www/kronusew.egamescasino.ph/app/frontend/views/reports/reports_transaction_history_cashier_tpl.php Line: 82
[2015-04-11 22:23:18.308680][NOTICE] "Undefined variable: withdrawalcashier" File: /var/www/kronusew.egamescasino.ph/app/frontend/views/reports/reports_transaction_history_cashier_tpl.php Line: 85
[2015-04-11 22:23:18.309041][NOTICE] "Undefined variable: withdrawalgenesis" File: /var/www/kronusew.egamescasino.ph/app/frontend/views/reports/reports_transaction_history_cashier_tpl.php Line: 86
[2015-04-11 22:23:18.309407][NOTICE] "Undefined variable: grossholdtotal" File: /var/www/kronusew.egamescasino.ph/app/frontend/views/reports/reports_transaction_history_cashier_tpl.php Line: 89
[2015-04-11 22:47:12.114259][NOTICE] "Undefined variable: depositcash" File: /var/www/kronusew.egamescasino.ph/app/frontend/views/reports/reports_transaction_history_cashier_tpl.php Line: 76
[2015-04-11 22:47:12.114650][NOTICE] "Undefined variable: depositticket" File: /var/www/kronusew.egamescasino.ph/app/frontend/views/reports/reports_transaction_history_cashier_tpl.php Line: 77
[2015-04-11 22:47:12.115005][NOTICE] "Undefined variable: depositcoupon" File: /var/www/kronusew.egamescasino.ph/app/frontend/views/reports/reports_transaction_history_cashier_tpl.php Line: 78
[2015-04-11 22:47:12.115435][NOTICE] "Undefined variable: reloadcash" File: /var/www/kronusew.egamescasino.ph/app/frontend/views/reports/reports_transaction_history_cashier_tpl.php Line: 80
[2015-04-11 22:47:12.115805][NOTICE] "Undefined variable: reloadticket" File: /var/www/kronusew.egamescasino.ph/app/frontend/views/reports/reports_transaction_history_cashier_tpl.php Line: 81
[2015-04-11 22:47:12.116155][NOTICE] "Undefined variable: reloadcoupon" File: /var/www/kronusew.egamescasino.ph/app/frontend/views/reports/reports_transaction_history_cashier_tpl.php Line: 82
[2015-04-11 22:47:12.116521][NOTICE] "Undefined variable: withdrawalcashier" File: /var/www/kronusew.egamescasino.ph/app/frontend/views/reports/reports_transaction_history_cashier_tpl.php Line: 85
[2015-04-11 22:47:12.116872][NOTICE] "Undefined variable: withdrawalgenesis" File: /var/www/kronusew.egamescasino.ph/app/frontend/views/reports/reports_transaction_history_cashier_tpl.php Line: 86
[2015-04-11 22:47:12.117230][NOTICE] "Undefined variable: grossholdtotal" File: /var/www/kronusew.egamescasino.ph/app/frontend/views/reports/reports_transaction_history_cashier_tpl.php Line: 89
[2015-04-11 23:39:12.253953][NOTICE] "Undefined variable: depositcash" File: /var/www/kronusew.egamescasino.ph/app/frontend/views/reports/reports_transaction_history_cashier_tpl.php Line: 76
[2015-04-11 23:39:12.254223][NOTICE] "Undefined variable: depositticket" File: /var/www/kronusew.egamescasino.ph/app/frontend/views/reports/reports_transaction_history_cashier_tpl.php Line: 77
[2015-04-11 23:39:12.254461][NOTICE] "Undefined variable: depositcoupon" File: /var/www/kronusew.egamescasino.ph/app/frontend/views/reports/reports_transaction_history_cashier_tpl.php Line: 78
[2015-04-11 23:39:12.254697][NOTICE] "Undefined variable: reloadcash" File: /var/www/kronusew.egamescasino.ph/app/frontend/views/reports/reports_transaction_history_cashier_tpl.php Line: 80
[2015-04-11 23:39:12.254948][NOTICE] "Undefined variable: reloadticket" File: /var/www/kronusew.egamescasino.ph/app/frontend/views/reports/reports_transaction_history_cashier_tpl.php Line: 81
[2015-04-11 23:39:12.255221][NOTICE] "Undefined variable: reloadcoupon" File: /var/www/kronusew.egamescasino.ph/app/frontend/views/reports/reports_transaction_history_cashier_tpl.php Line: 82
[2015-04-11 23:39:12.255459][NOTICE] "Undefined variable: withdrawalcashier" File: /var/www/kronusew.egamescasino.ph/app/frontend/views/reports/reports_transaction_history_cashier_tpl.php Line: 85
[2015-04-11 23:39:12.255692][NOTICE] "Undefined variable: withdrawalgenesis" File: /var/www/kronusew.egamescasino.ph/app/frontend/views/reports/reports_transaction_history_cashier_tpl.php Line: 86
[2015-04-11 23:39:12.255932][NOTICE] "Undefined variable: grossholdtotal" File: /var/www/kronusew.egamescasino.ph/app/frontend/views/reports/reports_transaction_history_cashier_tpl.php Line: 89
