[2015-04-14 09:04:45.609732][NOTICE] "Undefined index: StartSessionFormModel" File: /var/www/kronusew.egamescasino.ph/app/frontend/components/FrontendController.php Line: 179
[2015-04-14 09:05:32.447571][NOTICE] "Undefined index: StartSessionFormModel" File: /var/www/kronusew.egamescasino.ph/app/frontend/components/FrontendController.php Line: 179
[2015-04-14 14:15:16.631365][NOTICE] "A session had already been started - ignoring session_start()" File: /var/www/kronusew.egamescasino.ph/app/frontend/models/LoginFormModel.php Line: 527
[2015-04-14 14:28:52.492885][NOTICE] "A session had already been started - ignoring session_start()" File: /var/www/kronusew.egamescasino.ph/app/frontend/models/LoginFormModel.php Line: 527
[2015-04-14 14:28:58.152272][NOTICE] "Undefined index: last_code" File: /var/www/kronusew.egamescasino.ph/app/frontend/views/startsession/startsession_overview_tpl.php Line: 99
[2015-04-14 14:30:01.287986][NOTICE] "Undefined index: last_code" File: /var/www/kronusew.egamescasino.ph/app/frontend/views/startsession/startsession_overview_tpl.php Line: 99
[2015-04-14 14:30:24.882506][NOTICE] "Undefined index: last_code" File: /var/www/kronusew.egamescasino.ph/app/frontend/views/startsession/startsession_overview_tpl.php Line: 99
[2015-04-14 15:29:00.10270][NOTICE] "Undefined variable: depositcash" File: /var/www/kronusew.egamescasino.ph/app/frontend/views/reports/reports_transaction_history_cashier_tpl.php Line: 76
[2015-04-14 15:29:00.10515][NOTICE] "Undefined variable: depositticket" File: /var/www/kronusew.egamescasino.ph/app/frontend/views/reports/reports_transaction_history_cashier_tpl.php Line: 77
[2015-04-14 15:29:00.10698][NOTICE] "Undefined variable: depositcoupon" File: /var/www/kronusew.egamescasino.ph/app/frontend/views/reports/reports_transaction_history_cashier_tpl.php Line: 78
[2015-04-14 15:29:00.10871][NOTICE] "Undefined variable: reloadcash" File: /var/www/kronusew.egamescasino.ph/app/frontend/views/reports/reports_transaction_history_cashier_tpl.php Line: 80
[2015-04-14 15:29:00.11048][NOTICE] "Undefined variable: reloadticket" File: /var/www/kronusew.egamescasino.ph/app/frontend/views/reports/reports_transaction_history_cashier_tpl.php Line: 81
[2015-04-14 15:29:00.11263][NOTICE] "Undefined variable: reloadcoupon" File: /var/www/kronusew.egamescasino.ph/app/frontend/views/reports/reports_transaction_history_cashier_tpl.php Line: 82
[2015-04-14 15:29:00.11446][NOTICE] "Undefined variable: withdrawalcashier" File: /var/www/kronusew.egamescasino.ph/app/frontend/views/reports/reports_transaction_history_cashier_tpl.php Line: 85
[2015-04-14 15:29:00.11621][NOTICE] "Undefined variable: withdrawalgenesis" File: /var/www/kronusew.egamescasino.ph/app/frontend/views/reports/reports_transaction_history_cashier_tpl.php Line: 86
[2015-04-14 15:29:00.11806][NOTICE] "Undefined variable: grossholdtotal" File: /var/www/kronusew.egamescasino.ph/app/frontend/views/reports/reports_transaction_history_cashier_tpl.php Line: 89
[2015-04-14 15:38:51.587890][NOTICE] "Undefined variable: depositcash" File: /var/www/kronusew.egamescasino.ph/app/frontend/views/reports/reports_transaction_history_cashier_tpl.php Line: 76
[2015-04-14 15:38:51.588143][NOTICE] "Undefined variable: depositticket" File: /var/www/kronusew.egamescasino.ph/app/frontend/views/reports/reports_transaction_history_cashier_tpl.php Line: 77
[2015-04-14 15:38:51.588330][NOTICE] "Undefined variable: depositcoupon" File: /var/www/kronusew.egamescasino.ph/app/frontend/views/reports/reports_transaction_history_cashier_tpl.php Line: 78
[2015-04-14 15:38:51.588509][NOTICE] "Undefined variable: reloadcash" File: /var/www/kronusew.egamescasino.ph/app/frontend/views/reports/reports_transaction_history_cashier_tpl.php Line: 80
[2015-04-14 15:38:51.588687][NOTICE] "Undefined variable: reloadticket" File: /var/www/kronusew.egamescasino.ph/app/frontend/views/reports/reports_transaction_history_cashier_tpl.php Line: 81
[2015-04-14 15:38:51.588866][NOTICE] "Undefined variable: reloadcoupon" File: /var/www/kronusew.egamescasino.ph/app/frontend/views/reports/reports_transaction_history_cashier_tpl.php Line: 82
[2015-04-14 15:38:51.589088][NOTICE] "Undefined variable: withdrawalcashier" File: /var/www/kronusew.egamescasino.ph/app/frontend/views/reports/reports_transaction_history_cashier_tpl.php Line: 85
[2015-04-14 15:38:51.589276][NOTICE] "Undefined variable: withdrawalgenesis" File: /var/www/kronusew.egamescasino.ph/app/frontend/views/reports/reports_transaction_history_cashier_tpl.php Line: 86
[2015-04-14 15:38:51.589468][NOTICE] "Undefined variable: grossholdtotal" File: /var/www/kronusew.egamescasino.ph/app/frontend/views/reports/reports_transaction_history_cashier_tpl.php Line: 89
[2015-04-14 16:29:10.935557][NOTICE] "Undefined variable: depositcash" File: /var/www/kronusew.egamescasino.ph/app/frontend/views/reports/reports_transaction_history_cashier_tpl.php Line: 76
[2015-04-14 16:29:10.935811][NOTICE] "Undefined variable: depositticket" File: /var/www/kronusew.egamescasino.ph/app/frontend/views/reports/reports_transaction_history_cashier_tpl.php Line: 77
[2015-04-14 16:29:10.936001][NOTICE] "Undefined variable: depositcoupon" File: /var/www/kronusew.egamescasino.ph/app/frontend/views/reports/reports_transaction_history_cashier_tpl.php Line: 78
[2015-04-14 16:29:10.936183][NOTICE] "Undefined variable: reloadcash" File: /var/www/kronusew.egamescasino.ph/app/frontend/views/reports/reports_transaction_history_cashier_tpl.php Line: 80
[2015-04-14 16:29:10.936378][NOTICE] "Undefined variable: reloadticket" File: /var/www/kronusew.egamescasino.ph/app/frontend/views/reports/reports_transaction_history_cashier_tpl.php Line: 81
[2015-04-14 16:29:10.936564][NOTICE] "Undefined variable: reloadcoupon" File: /var/www/kronusew.egamescasino.ph/app/frontend/views/reports/reports_transaction_history_cashier_tpl.php Line: 82
[2015-04-14 16:29:10.936749][NOTICE] "Undefined variable: withdrawalcashier" File: /var/www/kronusew.egamescasino.ph/app/frontend/views/reports/reports_transaction_history_cashier_tpl.php Line: 85
[2015-04-14 16:29:10.936934][NOTICE] "Undefined variable: withdrawalgenesis" File: /var/www/kronusew.egamescasino.ph/app/frontend/views/reports/reports_transaction_history_cashier_tpl.php Line: 86
[2015-04-14 16:29:10.937129][NOTICE] "Undefined variable: grossholdtotal" File: /var/www/kronusew.egamescasino.ph/app/frontend/views/reports/reports_transaction_history_cashier_tpl.php Line: 89
[2015-04-14 16:30:45.630946][NOTICE] "Undefined variable: depositcash" File: /var/www/kronusew.egamescasino.ph/app/frontend/views/reports/reports_transaction_history_cashier_tpl.php Line: 76
[2015-04-14 16:30:45.631253][NOTICE] "Undefined variable: depositticket" File: /var/www/kronusew.egamescasino.ph/app/frontend/views/reports/reports_transaction_history_cashier_tpl.php Line: 77
[2015-04-14 16:30:45.631460][NOTICE] "Undefined variable: depositcoupon" File: /var/www/kronusew.egamescasino.ph/app/frontend/views/reports/reports_transaction_history_cashier_tpl.php Line: 78
[2015-04-14 16:30:45.631648][NOTICE] "Undefined variable: reloadcash" File: /var/www/kronusew.egamescasino.ph/app/frontend/views/reports/reports_transaction_history_cashier_tpl.php Line: 80
[2015-04-14 16:30:45.631838][NOTICE] "Undefined variable: reloadticket" File: /var/www/kronusew.egamescasino.ph/app/frontend/views/reports/reports_transaction_history_cashier_tpl.php Line: 81
[2015-04-14 16:30:45.632027][NOTICE] "Undefined variable: reloadcoupon" File: /var/www/kronusew.egamescasino.ph/app/frontend/views/reports/reports_transaction_history_cashier_tpl.php Line: 82
[2015-04-14 16:30:45.632215][NOTICE] "Undefined variable: withdrawalcashier" File: /var/www/kronusew.egamescasino.ph/app/frontend/views/reports/reports_transaction_history_cashier_tpl.php Line: 85
[2015-04-14 16:30:45.632403][NOTICE] "Undefined variable: withdrawalgenesis" File: /var/www/kronusew.egamescasino.ph/app/frontend/views/reports/reports_transaction_history_cashier_tpl.php Line: 86
[2015-04-14 16:30:45.632605][NOTICE] "Undefined variable: grossholdtotal" File: /var/www/kronusew.egamescasino.ph/app/frontend/views/reports/reports_transaction_history_cashier_tpl.php Line: 89
[2015-04-14 20:13:11.267832][NOTICE] "Undefined variable: depositcash" File: /var/www/kronusew.egamescasino.ph/app/frontend/views/reports/reports_transaction_history_cashier_tpl.php Line: 76
[2015-04-14 20:13:11.268107][NOTICE] "Undefined variable: depositticket" File: /var/www/kronusew.egamescasino.ph/app/frontend/views/reports/reports_transaction_history_cashier_tpl.php Line: 77
[2015-04-14 20:13:11.268309][NOTICE] "Undefined variable: depositcoupon" File: /var/www/kronusew.egamescasino.ph/app/frontend/views/reports/reports_transaction_history_cashier_tpl.php Line: 78
[2015-04-14 20:13:11.268502][NOTICE] "Undefined variable: reloadcash" File: /var/www/kronusew.egamescasino.ph/app/frontend/views/reports/reports_transaction_history_cashier_tpl.php Line: 80
[2015-04-14 20:13:11.268694][NOTICE] "Undefined variable: reloadticket" File: /var/www/kronusew.egamescasino.ph/app/frontend/views/reports/reports_transaction_history_cashier_tpl.php Line: 81
[2015-04-14 20:13:11.268887][NOTICE] "Undefined variable: reloadcoupon" File: /var/www/kronusew.egamescasino.ph/app/frontend/views/reports/reports_transaction_history_cashier_tpl.php Line: 82
[2015-04-14 20:13:11.269111][NOTICE] "Undefined variable: withdrawalcashier" File: /var/www/kronusew.egamescasino.ph/app/frontend/views/reports/reports_transaction_history_cashier_tpl.php Line: 85
[2015-04-14 20:13:11.269306][NOTICE] "Undefined variable: withdrawalgenesis" File: /var/www/kronusew.egamescasino.ph/app/frontend/views/reports/reports_transaction_history_cashier_tpl.php Line: 86
[2015-04-14 20:13:11.269523][NOTICE] "Undefined variable: grossholdtotal" File: /var/www/kronusew.egamescasino.ph/app/frontend/views/reports/reports_transaction_history_cashier_tpl.php Line: 89
[2015-04-14 20:17:54.41569][NOTICE] "Undefined variable: depositcash" File: /var/www/kronusew.egamescasino.ph/app/frontend/views/reports/reports_transaction_history_cashier_tpl.php Line: 76
[2015-04-14 20:17:54.41844][NOTICE] "Undefined variable: depositticket" File: /var/www/kronusew.egamescasino.ph/app/frontend/views/reports/reports_transaction_history_cashier_tpl.php Line: 77
[2015-04-14 20:17:54.42048][NOTICE] "Undefined variable: depositcoupon" File: /var/www/kronusew.egamescasino.ph/app/frontend/views/reports/reports_transaction_history_cashier_tpl.php Line: 78
[2015-04-14 20:17:54.42244][NOTICE] "Undefined variable: reloadcash" File: /var/www/kronusew.egamescasino.ph/app/frontend/views/reports/reports_transaction_history_cashier_tpl.php Line: 80
[2015-04-14 20:17:54.42451][NOTICE] "Undefined variable: reloadticket" File: /var/www/kronusew.egamescasino.ph/app/frontend/views/reports/reports_transaction_history_cashier_tpl.php Line: 81
[2015-04-14 20:17:54.42647][NOTICE] "Undefined variable: reloadcoupon" File: /var/www/kronusew.egamescasino.ph/app/frontend/views/reports/reports_transaction_history_cashier_tpl.php Line: 82
[2015-04-14 20:17:54.42844][NOTICE] "Undefined variable: withdrawalcashier" File: /var/www/kronusew.egamescasino.ph/app/frontend/views/reports/reports_transaction_history_cashier_tpl.php Line: 85
[2015-04-14 20:17:54.43060][NOTICE] "Undefined variable: withdrawalgenesis" File: /var/www/kronusew.egamescasino.ph/app/frontend/views/reports/reports_transaction_history_cashier_tpl.php Line: 86
[2015-04-14 20:17:54.43302][NOTICE] "Undefined variable: grossholdtotal" File: /var/www/kronusew.egamescasino.ph/app/frontend/views/reports/reports_transaction_history_cashier_tpl.php Line: 89
[2015-04-14 20:33:47.770494][NOTICE] "Undefined variable: depositcash" File: /var/www/kronusew.egamescasino.ph/app/frontend/views/reports/reports_transaction_history_cashier_tpl.php Line: 76
[2015-04-14 20:33:47.770721][NOTICE] "Undefined variable: depositticket" File: /var/www/kronusew.egamescasino.ph/app/frontend/views/reports/reports_transaction_history_cashier_tpl.php Line: 77
[2015-04-14 20:33:47.770952][NOTICE] "Undefined variable: depositcoupon" File: /var/www/kronusew.egamescasino.ph/app/frontend/views/reports/reports_transaction_history_cashier_tpl.php Line: 78
[2015-04-14 20:33:47.771187][NOTICE] "Undefined variable: reloadcash" File: /var/www/kronusew.egamescasino.ph/app/frontend/views/reports/reports_transaction_history_cashier_tpl.php Line: 80
[2015-04-14 20:33:47.771406][NOTICE] "Undefined variable: reloadticket" File: /var/www/kronusew.egamescasino.ph/app/frontend/views/reports/reports_transaction_history_cashier_tpl.php Line: 81
[2015-04-14 20:33:47.771607][NOTICE] "Undefined variable: reloadcoupon" File: /var/www/kronusew.egamescasino.ph/app/frontend/views/reports/reports_transaction_history_cashier_tpl.php Line: 82
[2015-04-14 20:33:47.771808][NOTICE] "Undefined variable: withdrawalcashier" File: /var/www/kronusew.egamescasino.ph/app/frontend/views/reports/reports_transaction_history_cashier_tpl.php Line: 85
[2015-04-14 20:33:47.772008][NOTICE] "Undefined variable: withdrawalgenesis" File: /var/www/kronusew.egamescasino.ph/app/frontend/views/reports/reports_transaction_history_cashier_tpl.php Line: 86
[2015-04-14 20:33:47.772215][NOTICE] "Undefined variable: grossholdtotal" File: /var/www/kronusew.egamescasino.ph/app/frontend/views/reports/reports_transaction_history_cashier_tpl.php Line: 89
[2015-04-14 20:39:48.388568][NOTICE] "Undefined variable: depositcash" File: /var/www/kronusew.egamescasino.ph/app/frontend/views/reports/reports_transaction_history_cashier_tpl.php Line: 76
[2015-04-14 20:39:48.388829][NOTICE] "Undefined variable: depositticket" File: /var/www/kronusew.egamescasino.ph/app/frontend/views/reports/reports_transaction_history_cashier_tpl.php Line: 77
[2015-04-14 20:39:48.389040][NOTICE] "Undefined variable: depositcoupon" File: /var/www/kronusew.egamescasino.ph/app/frontend/views/reports/reports_transaction_history_cashier_tpl.php Line: 78
[2015-04-14 20:39:48.389248][NOTICE] "Undefined variable: reloadcash" File: /var/www/kronusew.egamescasino.ph/app/frontend/views/reports/reports_transaction_history_cashier_tpl.php Line: 80
[2015-04-14 20:39:48.389455][NOTICE] "Undefined variable: reloadticket" File: /var/www/kronusew.egamescasino.ph/app/frontend/views/reports/reports_transaction_history_cashier_tpl.php Line: 81
[2015-04-14 20:39:48.389661][NOTICE] "Undefined variable: reloadcoupon" File: /var/www/kronusew.egamescasino.ph/app/frontend/views/reports/reports_transaction_history_cashier_tpl.php Line: 82
[2015-04-14 20:39:48.389869][NOTICE] "Undefined variable: withdrawalcashier" File: /var/www/kronusew.egamescasino.ph/app/frontend/views/reports/reports_transaction_history_cashier_tpl.php Line: 85
[2015-04-14 20:39:48.390077][NOTICE] "Undefined variable: withdrawalgenesis" File: /var/www/kronusew.egamescasino.ph/app/frontend/views/reports/reports_transaction_history_cashier_tpl.php Line: 86
[2015-04-14 20:39:48.390291][NOTICE] "Undefined variable: grossholdtotal" File: /var/www/kronusew.egamescasino.ph/app/frontend/views/reports/reports_transaction_history_cashier_tpl.php Line: 89
[2015-04-14 21:00:49.283592][NOTICE] "Undefined variable: depositcash" File: /var/www/kronusew.egamescasino.ph/app/frontend/views/reports/reports_transaction_history_cashier_tpl.php Line: 76
[2015-04-14 21:00:49.283862][NOTICE] "Undefined variable: depositticket" File: /var/www/kronusew.egamescasino.ph/app/frontend/views/reports/reports_transaction_history_cashier_tpl.php Line: 77
[2015-04-14 21:00:49.284073][NOTICE] "Undefined variable: depositcoupon" File: /var/www/kronusew.egamescasino.ph/app/frontend/views/reports/reports_transaction_history_cashier_tpl.php Line: 78
[2015-04-14 21:00:49.284281][NOTICE] "Undefined variable: reloadcash" File: /var/www/kronusew.egamescasino.ph/app/frontend/views/reports/reports_transaction_history_cashier_tpl.php Line: 80
[2015-04-14 21:00:49.284488][NOTICE] "Undefined variable: reloadticket" File: /var/www/kronusew.egamescasino.ph/app/frontend/views/reports/reports_transaction_history_cashier_tpl.php Line: 81
[2015-04-14 21:00:49.284695][NOTICE] "Undefined variable: reloadcoupon" File: /var/www/kronusew.egamescasino.ph/app/frontend/views/reports/reports_transaction_history_cashier_tpl.php Line: 82
[2015-04-14 21:00:49.284933][NOTICE] "Undefined variable: withdrawalcashier" File: /var/www/kronusew.egamescasino.ph/app/frontend/views/reports/reports_transaction_history_cashier_tpl.php Line: 85
[2015-04-14 21:00:49.285207][NOTICE] "Undefined variable: withdrawalgenesis" File: /var/www/kronusew.egamescasino.ph/app/frontend/views/reports/reports_transaction_history_cashier_tpl.php Line: 86
[2015-04-14 21:00:49.285426][NOTICE] "Undefined variable: grossholdtotal" File: /var/www/kronusew.egamescasino.ph/app/frontend/views/reports/reports_transaction_history_cashier_tpl.php Line: 89
[2015-04-14 21:07:56.570695][NOTICE] "Undefined variable: depositcash" File: /var/www/kronusew.egamescasino.ph/app/frontend/views/reports/reports_transaction_history_cashier_tpl.php Line: 76
[2015-04-14 21:07:56.570976][NOTICE] "Undefined variable: depositticket" File: /var/www/kronusew.egamescasino.ph/app/frontend/views/reports/reports_transaction_history_cashier_tpl.php Line: 77
[2015-04-14 21:07:56.571233][NOTICE] "Undefined variable: depositcoupon" File: /var/www/kronusew.egamescasino.ph/app/frontend/views/reports/reports_transaction_history_cashier_tpl.php Line: 78
[2015-04-14 21:07:56.571450][NOTICE] "Undefined variable: reloadcash" File: /var/www/kronusew.egamescasino.ph/app/frontend/views/reports/reports_transaction_history_cashier_tpl.php Line: 80
[2015-04-14 21:07:56.571663][NOTICE] "Undefined variable: reloadticket" File: /var/www/kronusew.egamescasino.ph/app/frontend/views/reports/reports_transaction_history_cashier_tpl.php Line: 81
[2015-04-14 21:07:56.571877][NOTICE] "Undefined variable: reloadcoupon" File: /var/www/kronusew.egamescasino.ph/app/frontend/views/reports/reports_transaction_history_cashier_tpl.php Line: 82
[2015-04-14 21:07:56.572090][NOTICE] "Undefined variable: withdrawalcashier" File: /var/www/kronusew.egamescasino.ph/app/frontend/views/reports/reports_transaction_history_cashier_tpl.php Line: 85
[2015-04-14 21:07:56.572308][NOTICE] "Undefined variable: withdrawalgenesis" File: /var/www/kronusew.egamescasino.ph/app/frontend/views/reports/reports_transaction_history_cashier_tpl.php Line: 86
[2015-04-14 21:07:56.572534][NOTICE] "Undefined variable: grossholdtotal" File: /var/www/kronusew.egamescasino.ph/app/frontend/views/reports/reports_transaction_history_cashier_tpl.php Line: 89
[2015-04-14 21:26:41.492651][NOTICE] "Undefined variable: depositcash" File: /var/www/kronusew.egamescasino.ph/app/frontend/views/reports/reports_transaction_history_cashier_tpl.php Line: 76
[2015-04-14 21:26:41.492948][NOTICE] "Undefined variable: depositticket" File: /var/www/kronusew.egamescasino.ph/app/frontend/views/reports/reports_transaction_history_cashier_tpl.php Line: 77
[2015-04-14 21:26:41.493173][NOTICE] "Undefined variable: depositcoupon" File: /var/www/kronusew.egamescasino.ph/app/frontend/views/reports/reports_transaction_history_cashier_tpl.php Line: 78
[2015-04-14 21:26:41.493391][NOTICE] "Undefined variable: reloadcash" File: /var/www/kronusew.egamescasino.ph/app/frontend/views/reports/reports_transaction_history_cashier_tpl.php Line: 80
[2015-04-14 21:26:41.493607][NOTICE] "Undefined variable: reloadticket" File: /var/www/kronusew.egamescasino.ph/app/frontend/views/reports/reports_transaction_history_cashier_tpl.php Line: 81
[2015-04-14 21:26:41.493824][NOTICE] "Undefined variable: reloadcoupon" File: /var/www/kronusew.egamescasino.ph/app/frontend/views/reports/reports_transaction_history_cashier_tpl.php Line: 82
[2015-04-14 21:26:41.494041][NOTICE] "Undefined variable: withdrawalcashier" File: /var/www/kronusew.egamescasino.ph/app/frontend/views/reports/reports_transaction_history_cashier_tpl.php Line: 85
[2015-04-14 21:26:41.494261][NOTICE] "Undefined variable: withdrawalgenesis" File: /var/www/kronusew.egamescasino.ph/app/frontend/views/reports/reports_transaction_history_cashier_tpl.php Line: 86
[2015-04-14 21:26:41.494485][NOTICE] "Undefined variable: grossholdtotal" File: /var/www/kronusew.egamescasino.ph/app/frontend/views/reports/reports_transaction_history_cashier_tpl.php Line: 89
[2015-04-14 21:26:54.212031][NOTICE] "Undefined variable: depositcash" File: /var/www/kronusew.egamescasino.ph/app/frontend/views/reports/reports_transaction_history_cashier_tpl.php Line: 76
[2015-04-14 21:26:54.212295][NOTICE] "Undefined variable: depositticket" File: /var/www/kronusew.egamescasino.ph/app/frontend/views/reports/reports_transaction_history_cashier_tpl.php Line: 77
[2015-04-14 21:26:54.212518][NOTICE] "Undefined variable: depositcoupon" File: /var/www/kronusew.egamescasino.ph/app/frontend/views/reports/reports_transaction_history_cashier_tpl.php Line: 78
[2015-04-14 21:26:54.212738][NOTICE] "Undefined variable: reloadcash" File: /var/www/kronusew.egamescasino.ph/app/frontend/views/reports/reports_transaction_history_cashier_tpl.php Line: 80
[2015-04-14 21:26:54.212958][NOTICE] "Undefined variable: reloadticket" File: /var/www/kronusew.egamescasino.ph/app/frontend/views/reports/reports_transaction_history_cashier_tpl.php Line: 81
[2015-04-14 21:26:54.213177][NOTICE] "Undefined variable: reloadcoupon" File: /var/www/kronusew.egamescasino.ph/app/frontend/views/reports/reports_transaction_history_cashier_tpl.php Line: 82
[2015-04-14 21:26:54.213397][NOTICE] "Undefined variable: withdrawalcashier" File: /var/www/kronusew.egamescasino.ph/app/frontend/views/reports/reports_transaction_history_cashier_tpl.php Line: 85
[2015-04-14 21:26:54.213617][NOTICE] "Undefined variable: withdrawalgenesis" File: /var/www/kronusew.egamescasino.ph/app/frontend/views/reports/reports_transaction_history_cashier_tpl.php Line: 86
[2015-04-14 21:26:54.213843][NOTICE] "Undefined variable: grossholdtotal" File: /var/www/kronusew.egamescasino.ph/app/frontend/views/reports/reports_transaction_history_cashier_tpl.php Line: 89
[2015-04-14 21:32:25.962452][NOTICE] "Undefined variable: depositcash" File: /var/www/kronusew.egamescasino.ph/app/frontend/views/reports/reports_transaction_history_cashier_tpl.php Line: 76
[2015-04-14 21:32:25.962773][NOTICE] "Undefined variable: depositticket" File: /var/www/kronusew.egamescasino.ph/app/frontend/views/reports/reports_transaction_history_cashier_tpl.php Line: 77
[2015-04-14 21:32:25.963003][NOTICE] "Undefined variable: depositcoupon" File: /var/www/kronusew.egamescasino.ph/app/frontend/views/reports/reports_transaction_history_cashier_tpl.php Line: 78
[2015-04-14 21:32:25.963268][NOTICE] "Undefined variable: reloadcash" File: /var/www/kronusew.egamescasino.ph/app/frontend/views/reports/reports_transaction_history_cashier_tpl.php Line: 80
[2015-04-14 21:32:25.963493][NOTICE] "Undefined variable: reloadticket" File: /var/www/kronusew.egamescasino.ph/app/frontend/views/reports/reports_transaction_history_cashier_tpl.php Line: 81
[2015-04-14 21:32:25.963716][NOTICE] "Undefined variable: reloadcoupon" File: /var/www/kronusew.egamescasino.ph/app/frontend/views/reports/reports_transaction_history_cashier_tpl.php Line: 82
[2015-04-14 21:32:25.963939][NOTICE] "Undefined variable: withdrawalcashier" File: /var/www/kronusew.egamescasino.ph/app/frontend/views/reports/reports_transaction_history_cashier_tpl.php Line: 85
[2015-04-14 21:32:25.964164][NOTICE] "Undefined variable: withdrawalgenesis" File: /var/www/kronusew.egamescasino.ph/app/frontend/views/reports/reports_transaction_history_cashier_tpl.php Line: 86
[2015-04-14 21:32:25.964407][NOTICE] "Undefined variable: grossholdtotal" File: /var/www/kronusew.egamescasino.ph/app/frontend/views/reports/reports_transaction_history_cashier_tpl.php Line: 89
[2015-04-14 21:39:09.741432][NOTICE] "Undefined variable: depositcash" File: /var/www/kronusew.egamescasino.ph/app/frontend/views/reports/reports_transaction_history_cashier_tpl.php Line: 76
[2015-04-14 21:39:09.741623][NOTICE] "Undefined variable: depositticket" File: /var/www/kronusew.egamescasino.ph/app/frontend/views/reports/reports_transaction_history_cashier_tpl.php Line: 77
[2015-04-14 21:39:09.741771][NOTICE] "Undefined variable: depositcoupon" File: /var/www/kronusew.egamescasino.ph/app/frontend/views/reports/reports_transaction_history_cashier_tpl.php Line: 78
[2015-04-14 21:39:09.741915][NOTICE] "Undefined variable: reloadcash" File: /var/www/kronusew.egamescasino.ph/app/frontend/views/reports/reports_transaction_history_cashier_tpl.php Line: 80
[2015-04-14 21:39:09.742071][NOTICE] "Undefined variable: reloadticket" File: /var/www/kronusew.egamescasino.ph/app/frontend/views/reports/reports_transaction_history_cashier_tpl.php Line: 81
[2015-04-14 21:39:09.742217][NOTICE] "Undefined variable: reloadcoupon" File: /var/www/kronusew.egamescasino.ph/app/frontend/views/reports/reports_transaction_history_cashier_tpl.php Line: 82
[2015-04-14 21:39:09.742363][NOTICE] "Undefined variable: withdrawalcashier" File: /var/www/kronusew.egamescasino.ph/app/frontend/views/reports/reports_transaction_history_cashier_tpl.php Line: 85
[2015-04-14 21:39:09.742509][NOTICE] "Undefined variable: withdrawalgenesis" File: /var/www/kronusew.egamescasino.ph/app/frontend/views/reports/reports_transaction_history_cashier_tpl.php Line: 86
[2015-04-14 21:39:09.742659][NOTICE] "Undefined variable: grossholdtotal" File: /var/www/kronusew.egamescasino.ph/app/frontend/views/reports/reports_transaction_history_cashier_tpl.php Line: 89
[2015-04-14 21:40:54.244848][NOTICE] "Undefined variable: depositcash" File: /var/www/kronusew.egamescasino.ph/app/frontend/views/reports/reports_transaction_history_cashier_tpl.php Line: 76
[2015-04-14 21:40:54.245107][NOTICE] "Undefined variable: depositticket" File: /var/www/kronusew.egamescasino.ph/app/frontend/views/reports/reports_transaction_history_cashier_tpl.php Line: 77
[2015-04-14 21:40:54.245355][NOTICE] "Undefined variable: depositcoupon" File: /var/www/kronusew.egamescasino.ph/app/frontend/views/reports/reports_transaction_history_cashier_tpl.php Line: 78
[2015-04-14 21:40:54.245590][NOTICE] "Undefined variable: reloadcash" File: /var/www/kronusew.egamescasino.ph/app/frontend/views/reports/reports_transaction_history_cashier_tpl.php Line: 80
[2015-04-14 21:40:54.245825][NOTICE] "Undefined variable: reloadticket" File: /var/www/kronusew.egamescasino.ph/app/frontend/views/reports/reports_transaction_history_cashier_tpl.php Line: 81
[2015-04-14 21:40:54.246059][NOTICE] "Undefined variable: reloadcoupon" File: /var/www/kronusew.egamescasino.ph/app/frontend/views/reports/reports_transaction_history_cashier_tpl.php Line: 82
[2015-04-14 21:40:54.246423][NOTICE] "Undefined variable: withdrawalcashier" File: /var/www/kronusew.egamescasino.ph/app/frontend/views/reports/reports_transaction_history_cashier_tpl.php Line: 85
[2015-04-14 21:40:54.246666][NOTICE] "Undefined variable: withdrawalgenesis" File: /var/www/kronusew.egamescasino.ph/app/frontend/views/reports/reports_transaction_history_cashier_tpl.php Line: 86
[2015-04-14 21:40:54.247122][NOTICE] "Undefined variable: grossholdtotal" File: /var/www/kronusew.egamescasino.ph/app/frontend/views/reports/reports_transaction_history_cashier_tpl.php Line: 89
[2015-04-14 21:43:18.600816][NOTICE] "Undefined variable: depositcash" File: /var/www/kronusew.egamescasino.ph/app/frontend/views/reports/reports_transaction_history_cashier_tpl.php Line: 76
[2015-04-14 21:43:18.601113][NOTICE] "Undefined variable: depositticket" File: /var/www/kronusew.egamescasino.ph/app/frontend/views/reports/reports_transaction_history_cashier_tpl.php Line: 77
[2015-04-14 21:43:18.601360][NOTICE] "Undefined variable: depositcoupon" File: /var/www/kronusew.egamescasino.ph/app/frontend/views/reports/reports_transaction_history_cashier_tpl.php Line: 78
[2015-04-14 21:43:18.601596][NOTICE] "Undefined variable: reloadcash" File: /var/www/kronusew.egamescasino.ph/app/frontend/views/reports/reports_transaction_history_cashier_tpl.php Line: 80
[2015-04-14 21:43:18.601831][NOTICE] "Undefined variable: reloadticket" File: /var/www/kronusew.egamescasino.ph/app/frontend/views/reports/reports_transaction_history_cashier_tpl.php Line: 81
[2015-04-14 21:43:18.602091][NOTICE] "Undefined variable: reloadcoupon" File: /var/www/kronusew.egamescasino.ph/app/frontend/views/reports/reports_transaction_history_cashier_tpl.php Line: 82
[2015-04-14 21:43:18.602332][NOTICE] "Undefined variable: withdrawalcashier" File: /var/www/kronusew.egamescasino.ph/app/frontend/views/reports/reports_transaction_history_cashier_tpl.php Line: 85
[2015-04-14 21:43:18.602583][NOTICE] "Undefined variable: withdrawalgenesis" File: /var/www/kronusew.egamescasino.ph/app/frontend/views/reports/reports_transaction_history_cashier_tpl.php Line: 86
[2015-04-14 21:43:18.602824][NOTICE] "Undefined variable: grossholdtotal" File: /var/www/kronusew.egamescasino.ph/app/frontend/views/reports/reports_transaction_history_cashier_tpl.php Line: 89
[2015-04-14 21:50:32.914915][NOTICE] "Undefined variable: depositcash" File: /var/www/kronusew.egamescasino.ph/app/frontend/views/reports/reports_transaction_history_cashier_tpl.php Line: 76
[2015-04-14 21:50:32.915212][NOTICE] "Undefined variable: depositticket" File: /var/www/kronusew.egamescasino.ph/app/frontend/views/reports/reports_transaction_history_cashier_tpl.php Line: 77
[2015-04-14 21:50:32.915466][NOTICE] "Undefined variable: depositcoupon" File: /var/www/kronusew.egamescasino.ph/app/frontend/views/reports/reports_transaction_history_cashier_tpl.php Line: 78
[2015-04-14 21:50:32.915711][NOTICE] "Undefined variable: reloadcash" File: /var/www/kronusew.egamescasino.ph/app/frontend/views/reports/reports_transaction_history_cashier_tpl.php Line: 80
[2015-04-14 21:50:32.915953][NOTICE] "Undefined variable: reloadticket" File: /var/www/kronusew.egamescasino.ph/app/frontend/views/reports/reports_transaction_history_cashier_tpl.php Line: 81
[2015-04-14 21:50:32.916198][NOTICE] "Undefined variable: reloadcoupon" File: /var/www/kronusew.egamescasino.ph/app/frontend/views/reports/reports_transaction_history_cashier_tpl.php Line: 82
[2015-04-14 21:50:32.916441][NOTICE] "Undefined variable: withdrawalcashier" File: /var/www/kronusew.egamescasino.ph/app/frontend/views/reports/reports_transaction_history_cashier_tpl.php Line: 85
[2015-04-14 21:50:32.916687][NOTICE] "Undefined variable: withdrawalgenesis" File: /var/www/kronusew.egamescasino.ph/app/frontend/views/reports/reports_transaction_history_cashier_tpl.php Line: 86
[2015-04-14 21:50:32.916938][NOTICE] "Undefined variable: grossholdtotal" File: /var/www/kronusew.egamescasino.ph/app/frontend/views/reports/reports_transaction_history_cashier_tpl.php Line: 89
[2015-04-14 21:56:52.216638][NOTICE] "Undefined variable: depositcash" File: /var/www/kronusew.egamescasino.ph/app/frontend/views/reports/reports_transaction_history_cashier_tpl.php Line: 76
[2015-04-14 21:56:52.216923][NOTICE] "Undefined variable: depositticket" File: /var/www/kronusew.egamescasino.ph/app/frontend/views/reports/reports_transaction_history_cashier_tpl.php Line: 77
[2015-04-14 21:56:52.217170][NOTICE] "Undefined variable: depositcoupon" File: /var/www/kronusew.egamescasino.ph/app/frontend/views/reports/reports_transaction_history_cashier_tpl.php Line: 78
[2015-04-14 21:56:52.217414][NOTICE] "Undefined variable: reloadcash" File: /var/www/kronusew.egamescasino.ph/app/frontend/views/reports/reports_transaction_history_cashier_tpl.php Line: 80
[2015-04-14 21:56:52.217658][NOTICE] "Undefined variable: reloadticket" File: /var/www/kronusew.egamescasino.ph/app/frontend/views/reports/reports_transaction_history_cashier_tpl.php Line: 81
[2015-04-14 21:56:52.217901][NOTICE] "Undefined variable: reloadcoupon" File: /var/www/kronusew.egamescasino.ph/app/frontend/views/reports/reports_transaction_history_cashier_tpl.php Line: 82
[2015-04-14 21:56:52.218145][NOTICE] "Undefined variable: withdrawalcashier" File: /var/www/kronusew.egamescasino.ph/app/frontend/views/reports/reports_transaction_history_cashier_tpl.php Line: 85
[2015-04-14 21:56:52.218391][NOTICE] "Undefined variable: withdrawalgenesis" File: /var/www/kronusew.egamescasino.ph/app/frontend/views/reports/reports_transaction_history_cashier_tpl.php Line: 86
[2015-04-14 21:56:52.218657][NOTICE] "Undefined variable: grossholdtotal" File: /var/www/kronusew.egamescasino.ph/app/frontend/views/reports/reports_transaction_history_cashier_tpl.php Line: 89
[2015-04-14 22:07:28.457814][NOTICE] "Undefined variable: depositcash" File: /var/www/kronusew.egamescasino.ph/app/frontend/views/reports/reports_transaction_history_cashier_tpl.php Line: 76
[2015-04-14 22:07:28.458094][NOTICE] "Undefined variable: depositticket" File: /var/www/kronusew.egamescasino.ph/app/frontend/views/reports/reports_transaction_history_cashier_tpl.php Line: 77
[2015-04-14 22:07:28.458362][NOTICE] "Undefined variable: depositcoupon" File: /var/www/kronusew.egamescasino.ph/app/frontend/views/reports/reports_transaction_history_cashier_tpl.php Line: 78
[2015-04-14 22:07:28.458613][NOTICE] "Undefined variable: reloadcash" File: /var/www/kronusew.egamescasino.ph/app/frontend/views/reports/reports_transaction_history_cashier_tpl.php Line: 80
[2015-04-14 22:07:28.458864][NOTICE] "Undefined variable: reloadticket" File: /var/www/kronusew.egamescasino.ph/app/frontend/views/reports/reports_transaction_history_cashier_tpl.php Line: 81
[2015-04-14 22:07:28.459140][NOTICE] "Undefined variable: reloadcoupon" File: /var/www/kronusew.egamescasino.ph/app/frontend/views/reports/reports_transaction_history_cashier_tpl.php Line: 82
[2015-04-14 22:07:28.459397][NOTICE] "Undefined variable: withdrawalcashier" File: /var/www/kronusew.egamescasino.ph/app/frontend/views/reports/reports_transaction_history_cashier_tpl.php Line: 85
[2015-04-14 22:07:28.459649][NOTICE] "Undefined variable: withdrawalgenesis" File: /var/www/kronusew.egamescasino.ph/app/frontend/views/reports/reports_transaction_history_cashier_tpl.php Line: 86
[2015-04-14 22:07:28.459907][NOTICE] "Undefined variable: grossholdtotal" File: /var/www/kronusew.egamescasino.ph/app/frontend/views/reports/reports_transaction_history_cashier_tpl.php Line: 89
[2015-04-14 22:26:23.587683][NOTICE] "Undefined variable: depositcash" File: /var/www/kronusew.egamescasino.ph/app/frontend/views/reports/reports_transaction_history_cashier_tpl.php Line: 76
[2015-04-14 22:26:23.587967][NOTICE] "Undefined variable: depositticket" File: /var/www/kronusew.egamescasino.ph/app/frontend/views/reports/reports_transaction_history_cashier_tpl.php Line: 77
[2015-04-14 22:26:23.588221][NOTICE] "Undefined variable: depositcoupon" File: /var/www/kronusew.egamescasino.ph/app/frontend/views/reports/reports_transaction_history_cashier_tpl.php Line: 78
[2015-04-14 22:26:23.588472][NOTICE] "Undefined variable: reloadcash" File: /var/www/kronusew.egamescasino.ph/app/frontend/views/reports/reports_transaction_history_cashier_tpl.php Line: 80
[2015-04-14 22:26:23.588726][NOTICE] "Undefined variable: reloadticket" File: /var/www/kronusew.egamescasino.ph/app/frontend/views/reports/reports_transaction_history_cashier_tpl.php Line: 81
[2015-04-14 22:26:23.588978][NOTICE] "Undefined variable: reloadcoupon" File: /var/www/kronusew.egamescasino.ph/app/frontend/views/reports/reports_transaction_history_cashier_tpl.php Line: 82
[2015-04-14 22:26:23.589232][NOTICE] "Undefined variable: withdrawalcashier" File: /var/www/kronusew.egamescasino.ph/app/frontend/views/reports/reports_transaction_history_cashier_tpl.php Line: 85
[2015-04-14 22:26:23.589486][NOTICE] "Undefined variable: withdrawalgenesis" File: /var/www/kronusew.egamescasino.ph/app/frontend/views/reports/reports_transaction_history_cashier_tpl.php Line: 86
[2015-04-14 22:26:23.589745][NOTICE] "Undefined variable: grossholdtotal" File: /var/www/kronusew.egamescasino.ph/app/frontend/views/reports/reports_transaction_history_cashier_tpl.php Line: 89
[2015-04-14 22:40:05.146398][NOTICE] "Undefined variable: depositcash" File: /var/www/kronusew.egamescasino.ph/app/frontend/views/reports/reports_transaction_history_cashier_tpl.php Line: 76
[2015-04-14 22:40:05.146688][NOTICE] "Undefined variable: depositticket" File: /var/www/kronusew.egamescasino.ph/app/frontend/views/reports/reports_transaction_history_cashier_tpl.php Line: 77
[2015-04-14 22:40:05.146948][NOTICE] "Undefined variable: depositcoupon" File: /var/www/kronusew.egamescasino.ph/app/frontend/views/reports/reports_transaction_history_cashier_tpl.php Line: 78
[2015-04-14 22:40:05.147237][NOTICE] "Undefined variable: reloadcash" File: /var/www/kronusew.egamescasino.ph/app/frontend/views/reports/reports_transaction_history_cashier_tpl.php Line: 80
[2015-04-14 22:40:05.147497][NOTICE] "Undefined variable: reloadticket" File: /var/www/kronusew.egamescasino.ph/app/frontend/views/reports/reports_transaction_history_cashier_tpl.php Line: 81
[2015-04-14 22:40:05.147783][NOTICE] "Undefined variable: reloadcoupon" File: /var/www/kronusew.egamescasino.ph/app/frontend/views/reports/reports_transaction_history_cashier_tpl.php Line: 82
[2015-04-14 22:40:05.148079][NOTICE] "Undefined variable: withdrawalcashier" File: /var/www/kronusew.egamescasino.ph/app/frontend/views/reports/reports_transaction_history_cashier_tpl.php Line: 85
[2015-04-14 22:40:05.148336][NOTICE] "Undefined variable: withdrawalgenesis" File: /var/www/kronusew.egamescasino.ph/app/frontend/views/reports/reports_transaction_history_cashier_tpl.php Line: 86
[2015-04-14 22:40:05.148597][NOTICE] "Undefined variable: grossholdtotal" File: /var/www/kronusew.egamescasino.ph/app/frontend/views/reports/reports_transaction_history_cashier_tpl.php Line: 89
[2015-04-14 22:43:42.405670][NOTICE] "Undefined variable: depositcash" File: /var/www/kronusew.egamescasino.ph/app/frontend/views/reports/reports_transaction_history_cashier_tpl.php Line: 76
[2015-04-14 22:43:42.405959][NOTICE] "Undefined variable: depositticket" File: /var/www/kronusew.egamescasino.ph/app/frontend/views/reports/reports_transaction_history_cashier_tpl.php Line: 77
[2015-04-14 22:43:42.406225][NOTICE] "Undefined variable: depositcoupon" File: /var/www/kronusew.egamescasino.ph/app/frontend/views/reports/reports_transaction_history_cashier_tpl.php Line: 78
[2015-04-14 22:43:42.406491][NOTICE] "Undefined variable: reloadcash" File: /var/www/kronusew.egamescasino.ph/app/frontend/views/reports/reports_transaction_history_cashier_tpl.php Line: 80
[2015-04-14 22:43:42.406754][NOTICE] "Undefined variable: reloadticket" File: /var/www/kronusew.egamescasino.ph/app/frontend/views/reports/reports_transaction_history_cashier_tpl.php Line: 81
[2015-04-14 22:43:42.407016][NOTICE] "Undefined variable: reloadcoupon" File: /var/www/kronusew.egamescasino.ph/app/frontend/views/reports/reports_transaction_history_cashier_tpl.php Line: 82
[2015-04-14 22:43:42.407310][NOTICE] "Undefined variable: withdrawalcashier" File: /var/www/kronusew.egamescasino.ph/app/frontend/views/reports/reports_transaction_history_cashier_tpl.php Line: 85
[2015-04-14 22:43:42.407574][NOTICE] "Undefined variable: withdrawalgenesis" File: /var/www/kronusew.egamescasino.ph/app/frontend/views/reports/reports_transaction_history_cashier_tpl.php Line: 86
[2015-04-14 22:43:42.407853][NOTICE] "Undefined variable: grossholdtotal" File: /var/www/kronusew.egamescasino.ph/app/frontend/views/reports/reports_transaction_history_cashier_tpl.php Line: 89
[2015-04-14 22:52:31.759731][NOTICE] "Undefined variable: depositcash" File: /var/www/kronusew.egamescasino.ph/app/frontend/views/reports/reports_transaction_history_cashier_tpl.php Line: 76
[2015-04-14 22:52:31.760088][NOTICE] "Undefined variable: depositticket" File: /var/www/kronusew.egamescasino.ph/app/frontend/views/reports/reports_transaction_history_cashier_tpl.php Line: 77
[2015-04-14 22:52:31.760363][NOTICE] "Undefined variable: depositcoupon" File: /var/www/kronusew.egamescasino.ph/app/frontend/views/reports/reports_transaction_history_cashier_tpl.php Line: 78
[2015-04-14 22:52:31.760636][NOTICE] "Undefined variable: reloadcash" File: /var/www/kronusew.egamescasino.ph/app/frontend/views/reports/reports_transaction_history_cashier_tpl.php Line: 80
[2015-04-14 22:52:31.760916][NOTICE] "Undefined variable: reloadticket" File: /var/www/kronusew.egamescasino.ph/app/frontend/views/reports/reports_transaction_history_cashier_tpl.php Line: 81
[2015-04-14 22:52:31.761189][NOTICE] "Undefined variable: reloadcoupon" File: /var/www/kronusew.egamescasino.ph/app/frontend/views/reports/reports_transaction_history_cashier_tpl.php Line: 82
[2015-04-14 22:52:31.761457][NOTICE] "Undefined variable: withdrawalcashier" File: /var/www/kronusew.egamescasino.ph/app/frontend/views/reports/reports_transaction_history_cashier_tpl.php Line: 85
[2015-04-14 22:52:31.761728][NOTICE] "Undefined variable: withdrawalgenesis" File: /var/www/kronusew.egamescasino.ph/app/frontend/views/reports/reports_transaction_history_cashier_tpl.php Line: 86
[2015-04-14 22:52:31.762047][NOTICE] "Undefined variable: grossholdtotal" File: /var/www/kronusew.egamescasino.ph/app/frontend/views/reports/reports_transaction_history_cashier_tpl.php Line: 89
[2015-04-14 22:53:44.248648][NOTICE] "Undefined variable: depositcash" File: /var/www/kronusew.egamescasino.ph/app/frontend/views/reports/reports_transaction_history_cashier_tpl.php Line: 76
[2015-04-14 22:53:44.248959][NOTICE] "Undefined variable: depositticket" File: /var/www/kronusew.egamescasino.ph/app/frontend/views/reports/reports_transaction_history_cashier_tpl.php Line: 77
[2015-04-14 22:53:44.249236][NOTICE] "Undefined variable: depositcoupon" File: /var/www/kronusew.egamescasino.ph/app/frontend/views/reports/reports_transaction_history_cashier_tpl.php Line: 78
[2015-04-14 22:53:44.249511][NOTICE] "Undefined variable: reloadcash" File: /var/www/kronusew.egamescasino.ph/app/frontend/views/reports/reports_transaction_history_cashier_tpl.php Line: 80
[2015-04-14 22:53:44.249784][NOTICE] "Undefined variable: reloadticket" File: /var/www/kronusew.egamescasino.ph/app/frontend/views/reports/reports_transaction_history_cashier_tpl.php Line: 81
[2015-04-14 22:53:44.250056][NOTICE] "Undefined variable: reloadcoupon" File: /var/www/kronusew.egamescasino.ph/app/frontend/views/reports/reports_transaction_history_cashier_tpl.php Line: 82
[2015-04-14 22:53:44.250326][NOTICE] "Undefined variable: withdrawalcashier" File: /var/www/kronusew.egamescasino.ph/app/frontend/views/reports/reports_transaction_history_cashier_tpl.php Line: 85
[2015-04-14 22:53:44.250598][NOTICE] "Undefined variable: withdrawalgenesis" File: /var/www/kronusew.egamescasino.ph/app/frontend/views/reports/reports_transaction_history_cashier_tpl.php Line: 86
[2015-04-14 22:53:44.250874][NOTICE] "Undefined variable: grossholdtotal" File: /var/www/kronusew.egamescasino.ph/app/frontend/views/reports/reports_transaction_history_cashier_tpl.php Line: 89
[2015-04-14 22:55:34.504647][NOTICE] "Undefined variable: depositcash" File: /var/www/kronusew.egamescasino.ph/app/frontend/views/reports/reports_transaction_history_cashier_tpl.php Line: 76
[2015-04-14 22:55:34.505281][NOTICE] "Undefined variable: depositticket" File: /var/www/kronusew.egamescasino.ph/app/frontend/views/reports/reports_transaction_history_cashier_tpl.php Line: 77
[2015-04-14 22:55:34.505574][NOTICE] "Undefined variable: depositcoupon" File: /var/www/kronusew.egamescasino.ph/app/frontend/views/reports/reports_transaction_history_cashier_tpl.php Line: 78
[2015-04-14 22:55:34.505870][NOTICE] "Undefined variable: reloadcash" File: /var/www/kronusew.egamescasino.ph/app/frontend/views/reports/reports_transaction_history_cashier_tpl.php Line: 80
[2015-04-14 22:55:34.506152][NOTICE] "Undefined variable: reloadticket" File: /var/www/kronusew.egamescasino.ph/app/frontend/views/reports/reports_transaction_history_cashier_tpl.php Line: 81
[2015-04-14 22:55:34.506431][NOTICE] "Undefined variable: reloadcoupon" File: /var/www/kronusew.egamescasino.ph/app/frontend/views/reports/reports_transaction_history_cashier_tpl.php Line: 82
[2015-04-14 22:55:34.506708][NOTICE] "Undefined variable: withdrawalcashier" File: /var/www/kronusew.egamescasino.ph/app/frontend/views/reports/reports_transaction_history_cashier_tpl.php Line: 85
[2015-04-14 22:55:34.506987][NOTICE] "Undefined variable: withdrawalgenesis" File: /var/www/kronusew.egamescasino.ph/app/frontend/views/reports/reports_transaction_history_cashier_tpl.php Line: 86
[2015-04-14 22:55:34.507301][NOTICE] "Undefined variable: grossholdtotal" File: /var/www/kronusew.egamescasino.ph/app/frontend/views/reports/reports_transaction_history_cashier_tpl.php Line: 89
[2015-04-14 23:11:06.612431][NOTICE] "Undefined variable: depositcash" File: /var/www/kronusew.egamescasino.ph/app/frontend/views/reports/reports_transaction_history_cashier_tpl.php Line: 76
[2015-04-14 23:11:06.612768][NOTICE] "Undefined variable: depositticket" File: /var/www/kronusew.egamescasino.ph/app/frontend/views/reports/reports_transaction_history_cashier_tpl.php Line: 77
[2015-04-14 23:11:06.613070][NOTICE] "Undefined variable: depositcoupon" File: /var/www/kronusew.egamescasino.ph/app/frontend/views/reports/reports_transaction_history_cashier_tpl.php Line: 78
[2015-04-14 23:11:06.613353][NOTICE] "Undefined variable: reloadcash" File: /var/www/kronusew.egamescasino.ph/app/frontend/views/reports/reports_transaction_history_cashier_tpl.php Line: 80
[2015-04-14 23:11:06.613639][NOTICE] "Undefined variable: reloadticket" File: /var/www/kronusew.egamescasino.ph/app/frontend/views/reports/reports_transaction_history_cashier_tpl.php Line: 81
[2015-04-14 23:11:06.613924][NOTICE] "Undefined variable: reloadcoupon" File: /var/www/kronusew.egamescasino.ph/app/frontend/views/reports/reports_transaction_history_cashier_tpl.php Line: 82
[2015-04-14 23:11:06.614208][NOTICE] "Undefined variable: withdrawalcashier" File: /var/www/kronusew.egamescasino.ph/app/frontend/views/reports/reports_transaction_history_cashier_tpl.php Line: 85
[2015-04-14 23:11:06.614490][NOTICE] "Undefined variable: withdrawalgenesis" File: /var/www/kronusew.egamescasino.ph/app/frontend/views/reports/reports_transaction_history_cashier_tpl.php Line: 86
[2015-04-14 23:11:06.614813][NOTICE] "Undefined variable: grossholdtotal" File: /var/www/kronusew.egamescasino.ph/app/frontend/views/reports/reports_transaction_history_cashier_tpl.php Line: 89
[2015-04-14 23:25:45.451932][ERROR] "Error: Redeemable amount is not equal. TerminalID=8165 ServiceID=19" SiteID = 65 File: /var/www/kronusew.egamescasino.ph/app/frontend/components/CommonUBRedeem.php LINE: 170
[2015-04-14 23:34:53.807610][NOTICE] "Undefined variable: depositcash" File: /var/www/kronusew.egamescasino.ph/app/frontend/views/reports/reports_transaction_history_cashier_tpl.php Line: 76
[2015-04-14 23:34:53.807932][NOTICE] "Undefined variable: depositticket" File: /var/www/kronusew.egamescasino.ph/app/frontend/views/reports/reports_transaction_history_cashier_tpl.php Line: 77
[2015-04-14 23:34:53.808251][NOTICE] "Undefined variable: depositcoupon" File: /var/www/kronusew.egamescasino.ph/app/frontend/views/reports/reports_transaction_history_cashier_tpl.php Line: 78
[2015-04-14 23:34:53.808548][NOTICE] "Undefined variable: reloadcash" File: /var/www/kronusew.egamescasino.ph/app/frontend/views/reports/reports_transaction_history_cashier_tpl.php Line: 80
[2015-04-14 23:34:53.808858][NOTICE] "Undefined variable: reloadticket" File: /var/www/kronusew.egamescasino.ph/app/frontend/views/reports/reports_transaction_history_cashier_tpl.php Line: 81
[2015-04-14 23:34:53.809148][NOTICE] "Undefined variable: reloadcoupon" File: /var/www/kronusew.egamescasino.ph/app/frontend/views/reports/reports_transaction_history_cashier_tpl.php Line: 82
[2015-04-14 23:34:53.809439][NOTICE] "Undefined variable: withdrawalcashier" File: /var/www/kronusew.egamescasino.ph/app/frontend/views/reports/reports_transaction_history_cashier_tpl.php Line: 85
[2015-04-14 23:34:53.809756][NOTICE] "Undefined variable: withdrawalgenesis" File: /var/www/kronusew.egamescasino.ph/app/frontend/views/reports/reports_transaction_history_cashier_tpl.php Line: 86
[2015-04-14 23:34:53.810093][NOTICE] "Undefined variable: grossholdtotal" File: /var/www/kronusew.egamescasino.ph/app/frontend/views/reports/reports_transaction_history_cashier_tpl.php Line: 89
