[2015-03-24 10:53:58.576951][NOTICE] "A session had already been started - ignoring session_start()" File: /var/www/kronusew.egamescasino.ph/app/frontend/models/LoginFormModel.php Line: 527
[2015-03-24 11:16:28.291093][NOTICE] "Undefined index: StartSessionFormModel" File: /var/www/kronusew.egamescasino.ph/app/frontend/components/FrontendController.php Line: 179
[2015-03-24 11:23:42.700543][NOTICE] "Undefined index: StartSessionFormModel" File: /var/www/kronusew.egamescasino.ph/app/frontend/components/FrontendController.php Line: 179
[2015-03-24 11:26:49.589863][NOTICE] "Undefined index: StartSessionFormModel" File: /var/www/kronusew.egamescasino.ph/app/frontend/components/FrontendController.php Line: 179
[2015-03-24 11:29:26.294115][NOTICE] "Undefined index: StartSessionFormModel" File: /var/www/kronusew.egamescasino.ph/app/frontend/components/FrontendController.php Line: 179
[2015-03-24 11:32:48.517771][NOTICE] "Undefined index: StartSessionFormModel" File: /var/www/kronusew.egamescasino.ph/app/frontend/components/FrontendController.php Line: 179
[2015-03-24 11:33:15.189139][NOTICE] "Undefined index: StartSessionFormModel" File: /var/www/kronusew.egamescasino.ph/app/frontend/components/FrontendController.php Line: 179
[2015-03-24 11:38:01.766605][NOTICE] "Undefined index: StartSessionFormModel" File: /var/www/kronusew.egamescasino.ph/app/frontend/components/FrontendController.php Line: 179
[2015-03-24 11:51:34.464436][NOTICE] "A session had already been started - ignoring session_start()" File: /var/www/kronusew.egamescasino.ph/app/frontend/models/LoginFormModel.php Line: 527
[2015-03-24 11:54:16.941437][NOTICE] "Undefined index: StartSessionFormModel" File: /var/www/kronusew.egamescasino.ph/app/frontend/components/FrontendController.php Line: 179
[2015-03-24 12:01:26.371200][NOTICE] "A session had already been started - ignoring session_start()" File: /var/www/kronusew.egamescasino.ph/app/frontend/models/LoginFormModel.php Line: 527
[2015-03-24 12:57:41.281741][NOTICE] "Undefined index: StartSessionFormModel" File: /var/www/kronusew.egamescasino.ph/app/frontend/components/FrontendController.php Line: 179
[2015-03-24 12:57:53.338848][ERROR] "Load failed. Player's account must be e-wallet." SiteID = 233 File: /var/www/kronusew.egamescasino.ph/app/frontend/components/FrontendController.php LINE: 510
[2015-03-24 13:15:41.915472][ERROR] "Error: Please end session first." SiteID = 233 File: /var/www/kronusew.egamescasino.ph/app/frontend/components/FrontendController.php LINE: 827
[2015-03-24 13:16:36.319548][ERROR] "Error: Please end session first." SiteID = 233 File: /var/www/kronusew.egamescasino.ph/app/frontend/components/FrontendController.php LINE: 827
[2015-03-24 13:19:52.698578][ERROR] "Input amount is greater than existing balance." SiteID = 233 File: /var/www/kronusew.egamescasino.ph/app/frontend/components/FrontendController.php LINE: 915
[2015-03-24 13:22:20.829501][ERROR] "Mismatch Card Number and PIN Code" SiteID = 233 File: /var/www/kronusew.egamescasino.ph/app/frontend/components/FrontendController.php LINE: 846
[2015-03-24 13:23:24.507766][NOTICE] "Undefined index: StartSessionFormModel" File: /var/www/kronusew.egamescasino.ph/app/frontend/components/FrontendController.php Line: 179
[2015-03-24 13:25:10.4475][ERROR] "Input amount is greater than existing balance." SiteID = 233 File: /var/www/kronusew.egamescasino.ph/app/frontend/components/FrontendController.php LINE: 915
[2015-03-24 13:28:09.144591][ERROR] "Mismatch Card Number and PIN Code" SiteID = 233 File: /var/www/kronusew.egamescasino.ph/app/frontend/components/FrontendController.php LINE: 846
[2015-03-24 13:28:41.917129][NOTICE] "Undefined index: StartSessionFormModel" File: /var/www/kronusew.egamescasino.ph/app/frontend/components/FrontendController.php Line: 179
[2015-03-24 13:28:57.545941][ERROR] "Load failed. Player's account must be e-wallet." SiteID = 233 File: /var/www/kronusew.egamescasino.ph/app/frontend/components/FrontendController.php LINE: 510
[2015-03-24 13:32:46.517853][ERROR] "Start session failed. Player's account is already e-wallet." SiteID = 233 File: /var/www/kronusew.egamescasino.ph/app/frontend/components/FrontendController.php LINE: 1369
[2015-03-24 13:33:26.784960][NOTICE] "Undefined index: StartSessionFormModel" File: /var/www/kronusew.egamescasino.ph/app/frontend/components/FrontendController.php Line: 1711
[2015-03-24 13:33:26.787910][NOTICE] "Undefined variable: casinoUserMode" File: /var/www/kronusew.egamescasino.ph/app/frontend/components/FrontendController.php Line: 1729
[2015-03-24 13:33:26.791356][ERROR] "Error: Terminal has no active session. TerminalID= ServiceID=" SiteID = 233 File: /var/www/kronusew.egamescasino.ph/app/frontend/components/CasinoApi.php LINE: 388
[2015-03-24 13:33:46.278874][NOTICE] "Undefined index: StartSessionFormModel" File: /var/www/kronusew.egamescasino.ph/app/frontend/components/FrontendController.php Line: 1711
[2015-03-24 13:33:46.282114][NOTICE] "Undefined variable: casinoUserMode" File: /var/www/kronusew.egamescasino.ph/app/frontend/components/FrontendController.php Line: 1729
[2015-03-24 13:33:46.285574][ERROR] "Error: Terminal has no active session. TerminalID= ServiceID=" SiteID = 233 File: /var/www/kronusew.egamescasino.ph/app/frontend/components/CasinoApi.php LINE: 388
[2015-03-24 13:43:49.475351][ERROR] "Please start a session using a Genesis Terminal." SiteID = 233 File: /var/www/kronusew.egamescasino.ph/app/frontend/components/FrontendController.php LINE: 1110
[2015-03-24 13:56:08.637097][ERROR] "Reload failed. Player's account is already e-wallet." SiteID = 233 File: /var/www/kronusew.egamescasino.ph/app/frontend/components/FrontendController.php LINE: 263
[2015-03-24 13:56:41.854208][ERROR] "Reload failed. Player's account is already e-wallet." SiteID = 233 File: /var/www/kronusew.egamescasino.ph/app/frontend/components/FrontendController.php LINE: 263
[2015-03-24 13:57:12.333087][ERROR] "Reload failed. Player's account is already e-wallet." SiteID = 233 File: /var/www/kronusew.egamescasino.ph/app/frontend/components/FrontendController.php LINE: 263
[2015-03-24 13:57:47.913101][ERROR] "Reload failed. Player's account is already e-wallet." SiteID = 233 File: /var/www/kronusew.egamescasino.ph/app/frontend/components/FrontendController.php LINE: 263
[2015-03-24 13:58:34.966599][ERROR] "Redemption failed. Player's account is already e-wallet." SiteID = 233 File: /var/www/kronusew.egamescasino.ph/app/frontend/components/FrontendController.php LINE: 755
[2015-03-24 14:01:40.469256][NOTICE] "Undefined index: startlimit" File: /var/www/kronusew.egamescasino.ph/app/frontend/controllers/ReportsController.php Line: 58
[2015-03-24 14:01:55.495861][NOTICE] "Undefined variable: depositcash" File: /var/www/kronusew.egamescasino.ph/app/frontend/views/reports/reports_transaction_history_cashier_tpl.php Line: 76
[2015-03-24 14:01:55.496069][NOTICE] "Undefined variable: depositticket" File: /var/www/kronusew.egamescasino.ph/app/frontend/views/reports/reports_transaction_history_cashier_tpl.php Line: 77
[2015-03-24 14:01:55.496257][NOTICE] "Undefined variable: depositcoupon" File: /var/www/kronusew.egamescasino.ph/app/frontend/views/reports/reports_transaction_history_cashier_tpl.php Line: 78
[2015-03-24 14:01:55.496443][NOTICE] "Undefined variable: reloadcash" File: /var/www/kronusew.egamescasino.ph/app/frontend/views/reports/reports_transaction_history_cashier_tpl.php Line: 80
[2015-03-24 14:01:55.496629][NOTICE] "Undefined variable: reloadticket" File: /var/www/kronusew.egamescasino.ph/app/frontend/views/reports/reports_transaction_history_cashier_tpl.php Line: 81
[2015-03-24 14:01:55.496814][NOTICE] "Undefined variable: reloadcoupon" File: /var/www/kronusew.egamescasino.ph/app/frontend/views/reports/reports_transaction_history_cashier_tpl.php Line: 82
[2015-03-24 14:01:55.497013][NOTICE] "Undefined variable: withdrawalcashier" File: /var/www/kronusew.egamescasino.ph/app/frontend/views/reports/reports_transaction_history_cashier_tpl.php Line: 85
[2015-03-24 14:01:55.497202][NOTICE] "Undefined variable: withdrawalgenesis" File: /var/www/kronusew.egamescasino.ph/app/frontend/views/reports/reports_transaction_history_cashier_tpl.php Line: 86
[2015-03-24 14:01:55.497417][NOTICE] "Undefined variable: grossholdtotal" File: /var/www/kronusew.egamescasino.ph/app/frontend/views/reports/reports_transaction_history_cashier_tpl.php Line: 89
[2015-03-24 14:02:43.846225][NOTICE] "Undefined index: startlimit" File: /var/www/kronusew.egamescasino.ph/app/frontend/controllers/ReportsController.php Line: 288
[2015-03-24 14:02:49.307470][WARNING] "Missing argument 5 for TransactionSummaryModel::getTransactionSummaryPerCashierTotals(), called in /var/www/kronusew.egamescasino.ph/app/frontend/controllers/ReportsController.php on line 449 and defined" File: /var/www/kronusew.egamescasino.ph/app/frontend/models/TransactionSummaryModel.php Line: 1111
[2015-03-24 14:02:49.307696][NOTICE] "Undefined variable: end_date" File: /var/www/kronusew.egamescasino.ph/app/frontend/models/TransactionSummaryModel.php Line: 1125
[2015-03-24 14:03:29.85064][NOTICE] "Undefined variable: totalDeposit" File: /var/www/kronusew.egamescasino.ph/app/frontend/views/reports/reports_ewallet_transaction_history_cashier_tpl.php Line: 50
[2015-03-24 14:03:29.85431][NOTICE] "Undefined variable: totalWithdrawal" File: /var/www/kronusew.egamescasino.ph/app/frontend/views/reports/reports_ewallet_transaction_history_cashier_tpl.php Line: 52
[2015-03-24 14:05:42.875282][NOTICE] "Undefined variable: depositcash" File: /var/www/kronusew.egamescasino.ph/app/frontend/views/reports/reports_transaction_history_cashier_tpl.php Line: 76
[2015-03-24 14:05:42.875502][NOTICE] "Undefined variable: depositticket" File: /var/www/kronusew.egamescasino.ph/app/frontend/views/reports/reports_transaction_history_cashier_tpl.php Line: 77
[2015-03-24 14:05:42.875700][NOTICE] "Undefined variable: depositcoupon" File: /var/www/kronusew.egamescasino.ph/app/frontend/views/reports/reports_transaction_history_cashier_tpl.php Line: 78
[2015-03-24 14:05:42.875894][NOTICE] "Undefined variable: reloadcash" File: /var/www/kronusew.egamescasino.ph/app/frontend/views/reports/reports_transaction_history_cashier_tpl.php Line: 80
[2015-03-24 14:05:42.876089][NOTICE] "Undefined variable: reloadticket" File: /var/www/kronusew.egamescasino.ph/app/frontend/views/reports/reports_transaction_history_cashier_tpl.php Line: 81
[2015-03-24 14:05:42.876284][NOTICE] "Undefined variable: reloadcoupon" File: /var/www/kronusew.egamescasino.ph/app/frontend/views/reports/reports_transaction_history_cashier_tpl.php Line: 82
[2015-03-24 14:05:42.876490][NOTICE] "Undefined variable: withdrawalcashier" File: /var/www/kronusew.egamescasino.ph/app/frontend/views/reports/reports_transaction_history_cashier_tpl.php Line: 85
[2015-03-24 14:05:42.876700][NOTICE] "Undefined variable: withdrawalgenesis" File: /var/www/kronusew.egamescasino.ph/app/frontend/views/reports/reports_transaction_history_cashier_tpl.php Line: 86
[2015-03-24 14:05:42.876902][NOTICE] "Undefined variable: grossholdtotal" File: /var/www/kronusew.egamescasino.ph/app/frontend/views/reports/reports_transaction_history_cashier_tpl.php Line: 89
[2015-03-24 14:08:33.260355][NOTICE] "Undefined variable: totalDeposit" File: /var/www/kronusew.egamescasino.ph/app/frontend/views/reports/reports_ewallet_transaction_history_cashier_tpl.php Line: 50
[2015-03-24 14:08:33.260723][NOTICE] "Undefined variable: totalWithdrawal" File: /var/www/kronusew.egamescasino.ph/app/frontend/views/reports/reports_ewallet_transaction_history_cashier_tpl.php Line: 52
[2015-03-24 15:41:19.237678][NOTICE] "A session had already been started - ignoring session_start()" File: /var/www/kronusew.egamescasino.ph/app/frontend/models/LoginFormModel.php Line: 527
[2015-03-24 15:41:25.881166][NOTICE] "Undefined index: StartSessionFormModel" File: /var/www/kronusew.egamescasino.ph/app/frontend/components/FrontendController.php Line: 179
[2015-03-24 15:55:41.774780][NOTICE] "Undefined index: StartSessionFormModel" File: /var/www/kronusew.egamescasino.ph/app/frontend/components/FrontendController.php Line: 179
[2015-03-24 16:15:22.776119][NOTICE] "Undefined index: StartSessionFormModel" File: /var/www/kronusew.egamescasino.ph/app/frontend/components/FrontendController.php Line: 179
[2015-03-24 16:18:20.528155][ERROR] "Cheking of PIN is not allowed for Banned Card." SiteID = 233 File: /var/www/kronusew.egamescasino.ph/app/frontend/components/FrontendController.php LINE: 846
[2015-03-24 16:19:01.326528][NOTICE] "Undefined index: StartSessionFormModel" File: /var/www/kronusew.egamescasino.ph/app/frontend/components/FrontendController.php Line: 179
[2015-03-24 16:20:04.246606][ERROR] "Cheking of PIN is not allowed for Banned Card." SiteID = 233 File: /var/www/kronusew.egamescasino.ph/app/frontend/components/FrontendController.php LINE: 846
[2015-03-24 16:21:06.520491][ERROR] "Cheking of PIN is not allowed for Banned Card." SiteID = 233 File: /var/www/kronusew.egamescasino.ph/app/frontend/components/FrontendController.php LINE: 846
[2015-03-24 16:21:39.495698][ERROR] "Cheking of PIN is not allowed for Banned Card." SiteID = 233 File: /var/www/kronusew.egamescasino.ph/app/frontend/components/FrontendController.php LINE: 846
[2015-03-24 16:27:46.5925][NOTICE] "Undefined index: StartSessionFormModel" File: /var/www/kronusew.egamescasino.ph/app/frontend/components/FrontendController.php Line: 179
[2015-03-24 16:28:57.27868][ERROR] "Cheking of PIN is not allowed for Deactivated Card." SiteID = 233 File: /var/www/kronusew.egamescasino.ph/app/frontend/components/FrontendController.php LINE: 846
[2015-03-24 16:29:23.697274][ERROR] "Cheking of PIN is not allowed for Deactivated Card." SiteID = 233 File: /var/www/kronusew.egamescasino.ph/app/frontend/components/FrontendController.php LINE: 846
[2015-03-24 17:34:42.651668][NOTICE] "A session had already been started - ignoring session_start()" File: /var/www/kronusew.egamescasino.ph/app/frontend/models/LoginFormModel.php Line: 527
[2015-03-24 17:38:57.778969][ERROR] "Start session failed. Player's account is already e-wallet." SiteID = 233 File: /var/www/kronusew.egamescasino.ph/app/frontend/components/FrontendController.php LINE: 1369
