[2015-02-25 10:47:33.917986][NOTICE] "Undefined index: StartSessionFormModel" File: C:\xampp\htdocs\Kronus_ForceT\cashier.forcet\app\frontend\components\FrontendController.php Line: 177
[2015-02-25 15:31:26.27166][NOTICE] "Undefined index: startlimit" File: C:\xampp\htdocs\Kronus_ForceT\cashier.forcet\app\frontend\controllers\ReportsController.php Line: 58
[2015-02-25 15:31:44.692234][NOTICE] "Undefined index: startlimit" File: C:\xampp\htdocs\Kronus_ForceT\cashier.forcet\app\frontend\controllers\ReportsController.php Line: 58
[2015-02-25 15:32:30.277841][NOTICE] "Undefined index: startlimit" File: C:\xampp\htdocs\Kronus_ForceT\cashier.forcet\app\frontend\controllers\ReportsController.php Line: 58
[2015-02-25 15:37:25.260713][NOTICE] "A session had already been started - ignoring session_start()" File: C:\xampp\htdocs\Kronus_ForceT\cashier.forcet\app\frontend\models\LoginFormModel.php Line: 527
[2015-02-25 15:43:33.843795][NOTICE] "Undefined index: startlimit" File: C:\xampp\htdocs\Kronus_ForceT\cashier.forcet\app\frontend\controllers\ReportsController.php Line: 58
[2015-02-25 15:45:56.854975][NOTICE] "Undefined index: startlimit" File: C:\xampp\htdocs\Kronus_ForceT\cashier.forcet\app\frontend\controllers\ReportsController.php Line: 58
[2015-02-25 16:00:01.656295][NOTICE] "Undefined index: startlimit" File: C:\xampp\htdocs\Kronus_ForceT\cashier.forcet\app\frontend\controllers\ReportsController.php Line: 58
[2015-02-25 16:06:10.838411][NOTICE] "Undefined variable: depositcash" File: C:\xampp\htdocs\Kronus_ForceT\cashier.forcet\app\frontend\views\reports\reports_transaction_history_cashier_tpl.php Line: 76
[2015-02-25 16:06:10.840411][NOTICE] "Undefined variable: depositticket" File: C:\xampp\htdocs\Kronus_ForceT\cashier.forcet\app\frontend\views\reports\reports_transaction_history_cashier_tpl.php Line: 77
[2015-02-25 16:06:10.841411][NOTICE] "Undefined variable: depositcoupon" File: C:\xampp\htdocs\Kronus_ForceT\cashier.forcet\app\frontend\views\reports\reports_transaction_history_cashier_tpl.php Line: 78
[2015-02-25 16:06:10.842411][NOTICE] "Undefined variable: reloadcash" File: C:\xampp\htdocs\Kronus_ForceT\cashier.forcet\app\frontend\views\reports\reports_transaction_history_cashier_tpl.php Line: 80
[2015-02-25 16:06:10.843411][NOTICE] "Undefined variable: reloadticket" File: C:\xampp\htdocs\Kronus_ForceT\cashier.forcet\app\frontend\views\reports\reports_transaction_history_cashier_tpl.php Line: 81
[2015-02-25 16:06:10.845411][NOTICE] "Undefined variable: reloadcoupon" File: C:\xampp\htdocs\Kronus_ForceT\cashier.forcet\app\frontend\views\reports\reports_transaction_history_cashier_tpl.php Line: 82
[2015-02-25 16:06:10.846411][NOTICE] "Undefined variable: withdrawalcashier" File: C:\xampp\htdocs\Kronus_ForceT\cashier.forcet\app\frontend\views\reports\reports_transaction_history_cashier_tpl.php Line: 85
[2015-02-25 16:06:10.847411][NOTICE] "Undefined variable: withdrawalgenesis" File: C:\xampp\htdocs\Kronus_ForceT\cashier.forcet\app\frontend\views\reports\reports_transaction_history_cashier_tpl.php Line: 86
[2015-02-25 16:06:10.849411][NOTICE] "Undefined variable: grossholdtotal" File: C:\xampp\htdocs\Kronus_ForceT\cashier.forcet\app\frontend\views\reports\reports_transaction_history_cashier_tpl.php Line: 89
[2015-02-25 16:17:39.407795][NOTICE] "Undefined variable: depositcash" File: C:\xampp\htdocs\Kronus_ForceT\cashier.forcet\app\frontend\views\reports\reports_transaction_history_cashier_tpl.php Line: 76
[2015-02-25 16:17:39.409795][NOTICE] "Undefined variable: depositticket" File: C:\xampp\htdocs\Kronus_ForceT\cashier.forcet\app\frontend\views\reports\reports_transaction_history_cashier_tpl.php Line: 77
[2015-02-25 16:17:39.410795][NOTICE] "Undefined variable: depositcoupon" File: C:\xampp\htdocs\Kronus_ForceT\cashier.forcet\app\frontend\views\reports\reports_transaction_history_cashier_tpl.php Line: 78
[2015-02-25 16:17:39.411795][NOTICE] "Undefined variable: reloadcash" File: C:\xampp\htdocs\Kronus_ForceT\cashier.forcet\app\frontend\views\reports\reports_transaction_history_cashier_tpl.php Line: 80
[2015-02-25 16:17:39.413795][NOTICE] "Undefined variable: reloadticket" File: C:\xampp\htdocs\Kronus_ForceT\cashier.forcet\app\frontend\views\reports\reports_transaction_history_cashier_tpl.php Line: 81
[2015-02-25 16:17:39.414795][NOTICE] "Undefined variable: reloadcoupon" File: C:\xampp\htdocs\Kronus_ForceT\cashier.forcet\app\frontend\views\reports\reports_transaction_history_cashier_tpl.php Line: 82
[2015-02-25 16:17:39.415795][NOTICE] "Undefined variable: withdrawalcashier" File: C:\xampp\htdocs\Kronus_ForceT\cashier.forcet\app\frontend\views\reports\reports_transaction_history_cashier_tpl.php Line: 85
[2015-02-25 16:17:39.416795][NOTICE] "Undefined variable: withdrawalgenesis" File: C:\xampp\htdocs\Kronus_ForceT\cashier.forcet\app\frontend\views\reports\reports_transaction_history_cashier_tpl.php Line: 86
[2015-02-25 16:17:39.418795][NOTICE] "Undefined variable: grossholdtotal" File: C:\xampp\htdocs\Kronus_ForceT\cashier.forcet\app\frontend\views\reports\reports_transaction_history_cashier_tpl.php Line: 89
[2015-02-25 17:43:55.969877][NOTICE] "A session had already been started - ignoring session_start()" File: C:\xampp\htdocs\Kronus_ForceT\cashier.forcet\app\frontend\models\LoginFormModel.php Line: 527
[2015-02-25 17:48:01.360913][NOTICE] "Undefined index: startlimit" File: C:\xampp\htdocs\Kronus_ForceT\cashier.forcet\app\frontend\controllers\ReportsController.php Line: 58
[2015-02-25 17:48:15.917745][NOTICE] "Undefined index: startlimit" File: C:\xampp\htdocs\Kronus_ForceT\cashier.forcet\app\frontend\controllers\ReportsController.php Line: 58
[2015-02-25 18:11:29.979481][NOTICE] "Undefined variable: depositcash" File: C:\xampp\htdocs\Kronus_ForceT\cashier.forcet\app\frontend\views\reports\reports_transaction_history_cashier_tpl.php Line: 76
[2015-02-25 18:11:29.981481][NOTICE] "Undefined variable: depositticket" File: C:\xampp\htdocs\Kronus_ForceT\cashier.forcet\app\frontend\views\reports\reports_transaction_history_cashier_tpl.php Line: 77
[2015-02-25 18:11:29.982481][NOTICE] "Undefined variable: depositcoupon" File: C:\xampp\htdocs\Kronus_ForceT\cashier.forcet\app\frontend\views\reports\reports_transaction_history_cashier_tpl.php Line: 78
[2015-02-25 18:11:29.984481][NOTICE] "Undefined variable: reloadcash" File: C:\xampp\htdocs\Kronus_ForceT\cashier.forcet\app\frontend\views\reports\reports_transaction_history_cashier_tpl.php Line: 80
[2015-02-25 18:11:29.985481][NOTICE] "Undefined variable: reloadticket" File: C:\xampp\htdocs\Kronus_ForceT\cashier.forcet\app\frontend\views\reports\reports_transaction_history_cashier_tpl.php Line: 81
[2015-02-25 18:11:29.986481][NOTICE] "Undefined variable: reloadcoupon" File: C:\xampp\htdocs\Kronus_ForceT\cashier.forcet\app\frontend\views\reports\reports_transaction_history_cashier_tpl.php Line: 82
[2015-02-25 18:11:29.988482][NOTICE] "Undefined variable: withdrawalcashier" File: C:\xampp\htdocs\Kronus_ForceT\cashier.forcet\app\frontend\views\reports\reports_transaction_history_cashier_tpl.php Line: 85
[2015-02-25 18:11:29.989482][NOTICE] "Undefined variable: withdrawalgenesis" File: C:\xampp\htdocs\Kronus_ForceT\cashier.forcet\app\frontend\views\reports\reports_transaction_history_cashier_tpl.php Line: 86
[2015-02-25 18:11:29.990482][NOTICE] "Undefined variable: grossholdtotal" File: C:\xampp\htdocs\Kronus_ForceT\cashier.forcet\app\frontend\views\reports\reports_transaction_history_cashier_tpl.php Line: 89
[2015-02-25 18:29:08.781041][NOTICE] "Undefined index: startlimit" File: C:\xampp\htdocs\Kronus_ForceT\cashier.forcet\app\frontend\controllers\ReportsController.php Line: 58
[2015-02-25 18:31:29.424085][NOTICE] "Undefined index: startlimit" File: C:\xampp\htdocs\Kronus_ForceT\cashier.forcet\app\frontend\controllers\ReportsController.php Line: 58
[2015-02-25 18:34:08.218168][NOTICE] "Undefined index: startlimit" File: C:\xampp\htdocs\Kronus_ForceT\cashier.forcet\app\frontend\controllers\ReportsController.php Line: 58
[2015-02-25 18:40:56.676530][NOTICE] "Undefined index: startlimit" File: C:\xampp\htdocs\Kronus_ForceT\cashier.forcet\app\frontend\controllers\ReportsController.php Line: 58
[2015-02-25 18:41:36.833827][NOTICE] "Undefined index: startlimit" File: C:\xampp\htdocs\Kronus_ForceT\cashier.forcet\app\frontend\controllers\ReportsController.php Line: 58
[2015-02-25 18:44:03.769231][NOTICE] "A session had already been started - ignoring session_start()" File: C:\xampp\htdocs\Kronus_ForceT\cashier.forcet\app\frontend\models\LoginFormModel.php Line: 527
[2015-02-25 18:51:18.209080][NOTICE] "Undefined index: startlimit" File: C:\xampp\htdocs\Kronus_ForceT\cashier.forcet\app\frontend\controllers\ReportsController.php Line: 58
[2015-02-25 18:51:49.104847][NOTICE] "Undefined index: startlimit" File: C:\xampp\htdocs\Kronus_ForceT\cashier.forcet\app\frontend\controllers\ReportsController.php Line: 58
[2015-02-25 18:52:25.728942][NOTICE] "Undefined index: startlimit" File: C:\xampp\htdocs\Kronus_ForceT\cashier.forcet\app\frontend\controllers\ReportsController.php Line: 58
[2015-02-25 18:53:21.336122][NOTICE] "Undefined index: startlimit" File: C:\xampp\htdocs\Kronus_ForceT\cashier.forcet\app\frontend\controllers\ReportsController.php Line: 58
[2015-02-25 18:56:38.150380][NOTICE] "Undefined index: startlimit" File: C:\xampp\htdocs\Kronus_ForceT\cashier.forcet\app\frontend\controllers\ReportsController.php Line: 58
[2015-02-25 18:57:55.460802][NOTICE] "Undefined index: startlimit" File: C:\xampp\htdocs\Kronus_ForceT\cashier.forcet\app\frontend\controllers\ReportsController.php Line: 58
[2015-02-25 19:02:58.199117][NOTICE] "Undefined index: startlimit" File: C:\xampp\htdocs\Kronus_ForceT\cashier.forcet\app\frontend\controllers\ReportsController.php Line: 58
[2015-02-25 19:04:56.242869][NOTICE] "Undefined index: startlimit" File: C:\xampp\htdocs\Kronus_ForceT\cashier.forcet\app\frontend\controllers\ReportsController.php Line: 58
[2015-02-25 19:07:05.506262][NOTICE] "Undefined index: startlimit" File: C:\xampp\htdocs\Kronus_ForceT\cashier.forcet\app\frontend\controllers\ReportsController.php Line: 58
[2015-02-25 19:11:14.981531][NOTICE] "Undefined index: startlimit" File: C:\xampp\htdocs\Kronus_ForceT\cashier.forcet\app\frontend\controllers\ReportsController.php Line: 58
[2015-02-25 19:12:12.799839][NOTICE] "Undefined index: startlimit" File: C:\xampp\htdocs\Kronus_ForceT\cashier.forcet\app\frontend\controllers\ReportsController.php Line: 58
[2015-02-25 19:21:19.333098][NOTICE] "Undefined index: StartSessionFormModel" File: C:\xampp\htdocs\Kronus_ForceT\cashier.forcet\app\frontend\components\FrontendController.php Line: 177
[2015-02-25 19:40:02.710352][NOTICE] "Undefined index: startlimit" File: C:\xampp\htdocs\Kronus_ForceT\cashier.forcet\app\frontend\controllers\ReportsController.php Line: 58
[2015-02-25 19:40:35.81203][NOTICE] "Undefined index: startlimit" File: C:\xampp\htdocs\Kronus_ForceT\cashier.forcet\app\frontend\controllers\ReportsController.php Line: 58
[2015-02-25 19:40:43.277672][NOTICE] "Undefined index: startlimit" File: C:\xampp\htdocs\Kronus_ForceT\cashier.forcet\app\frontend\controllers\ReportsController.php Line: 58
[2015-02-25 19:50:46.60149][NOTICE] "A session had already been started - ignoring session_start()" File: C:\xampp\htdocs\Kronus_ForceT\cashier.forcet\app\frontend\models\LoginFormModel.php Line: 527
[2015-02-25 20:14:26.976421][NOTICE] "Undefined index: StartSessionFormModel" File: C:\xampp\htdocs\Kronus_ForceT\cashier.forcet\app\frontend\components\FrontendController.php Line: 177
