[2015-03-24 11:21:56.21967][REQUEST][Deposit] Input: {"ServiceID":19,"CardNumber":"UBNZHYXN","Amount":"500.00","PaymentType":1,"SiteID":"233","AID":"141","SystemUsername":"kcashier","AccessDate":"2015-03-24 11:21:56","Token":"572e2509fe32ce3df70cac4c175d22a7149ff3ee","TraceNumber":null,"ReferenceNumber":null}
[2015-03-24 11:21:56.389440][RESPONSE][Deposit] Token: 572e2509fe32ce3df70cac4c175d22a7149ff3ee Output: {"Deposit":{"TransactionMessage":"e-wallet loading successful","ErrorCode":0}}
[2015-03-24 11:25:25.624469][REQUEST][Deposit] Input: {"ServiceID":19,"CardNumber":"UBNZHYXN","Amount":"800.00","PaymentType":1,"SiteID":"233","AID":"141","SystemUsername":"kcashier","AccessDate":"2015-03-24 11:25:25","Token":"44dad79cf76fd0ca773b19dcda61297e5a4cead8","TraceNumber":null,"ReferenceNumber":null}
[2015-03-24 11:25:25.980399][RESPONSE][Deposit] Token: 44dad79cf76fd0ca773b19dcda61297e5a4cead8 Output: {"Deposit":{"TransactionMessage":"e-wallet loading successful","ErrorCode":0}}
[2015-03-24 11:27:52.54371][REQUEST][Deposit] Input: {"ServiceID":19,"CardNumber":"UBNZHYXN","Amount":"600.00","PaymentType":1,"SiteID":"233","AID":"141","SystemUsername":"kcashier","AccessDate":"2015-03-24 11:27:52","Token":"86e60f3dff1d3a481da92fc7bbae884e5f86f481","TraceNumber":"testTrace12345","ReferenceNumber":"testRef1234567"}
[2015-03-24 11:27:52.367003][RESPONSE][Deposit] Token: 86e60f3dff1d3a481da92fc7bbae884e5f86f481 Output: {"Deposit":{"TransactionMessage":"e-wallet loading successful","ErrorCode":0}}
[2015-03-24 11:32:48.521640][REQUEST][Deposit] Input: {"ServiceID":19,"CardNumber":"UBNZHYXN","Amount":"500","PaymentType":2,"SiteID":"233","AID":"141","SystemUsername":"kcashier","AccessDate":"2015-03-24 11:32:48","Token":"a8eda9a1b1e06969210f2f1cb1f78af6129aa5a3","TraceNumber":null,"ReferenceNumber":null}
[2015-03-24 11:32:48.874135][RESPONSE][Deposit] Token: a8eda9a1b1e06969210f2f1cb1f78af6129aa5a3 Output: {"Deposit":{"TransactionMessage":"e-wallet loading successful","ErrorCode":0}}
[2015-03-24 11:36:39.439694][REQUEST][Deposit] Input: {"ServiceID":19,"CardNumber":"UBNZHYXN","Amount":"500.00","PaymentType":1,"SiteID":"233","AID":"141","SystemUsername":"kcashier","AccessDate":"2015-03-24 11:36:39","Token":"f54ef0ffd9b88bd6b6df8f95785bb398ad828e4a","TraceNumber":null,"ReferenceNumber":null}
[2015-03-24 11:36:41.502746][RESPONSE][Deposit] Token: f54ef0ffd9b88bd6b6df8f95785bb398ad828e4a Output: {"Deposit":{"TransactionMessage":"e-wallet loading successful","ErrorCode":0}}
[2015-03-24 11:38:54.613729][REQUEST][Deposit] Input: {"ServiceID":19,"CardNumber":"ubnzhyxn","Amount":"500.00","PaymentType":1,"SiteID":"233","AID":"141","SystemUsername":"kcashier","AccessDate":"2015-03-24 11:38:54","Token":"22c91859cefc58f10e433d71bb01b5f97e667f05","TraceNumber":null,"ReferenceNumber":null}
[2015-03-24 11:39:00.482589][RESPONSE][Deposit] Token: 22c91859cefc58f10e433d71bb01b5f97e667f05 Output: {"Deposit":{"TransactionMessage":"e-wallet loading successful","ErrorCode":0}}
[2015-03-24 11:53:08.830028][REQUEST][CheckPin] Input: {"CardNumber":"UBNZHYXN","PIN":"123456","SystemUsername":"kcashier","AccessDate":"2015-03-24 11:53:08","Token":"b04f7d5703f5498ae7d29bf4dbaecfc8796ecdcc"}
[2015-03-24 11:53:08.869163][RESPONSE][CheckPin] Token: b04f7d5703f5498ae7d29bf4dbaecfc8796ecdcc Output: {"checkPin":{"TransactionMessage":"Transaction successful. PIN and UB Card is valid.","ErrorCode":0}}
[2015-03-24 11:53:09.22920][REQUEST][Withdraw] Input: {"ServiceID":"19","CardNumber":"UBNZHYXN","Amount":"650.00","SiteID":"233","AID":"141","SystemUsername":"kcashier","AccessDate":"2015-03-24 11:53:09","Token":"1bd18b01c56d1a501011d94c8dcad0d64a99f8d9"}
[2015-03-24 11:53:09.384325][RESPONSE][Withdraw] Token: 1bd18b01c56d1a501011d94c8dcad0d64a99f8d9 Output: {"Withdraw":{"TransactionMessage":"e-wallet withdraw successful","ErrorCode":0}}
[2015-03-24 13:10:37.978030][REQUEST][CheckPin] Input: {"CardNumber":"UBNZHYXN ","PIN":"123456","SystemUsername":"kcashier","AccessDate":"2015-03-24 13:10:37","Token":"c2fb0e2298c325a3422c3bec314a3e888cafab5f"}
[2015-03-24 13:10:38.18044][RESPONSE][CheckPin] Token: c2fb0e2298c325a3422c3bec314a3e888cafab5f Output: {"checkPin":{"TransactionMessage":"Transaction successful. PIN and UB Card is valid.","ErrorCode":0}}
[2015-03-24 13:10:38.164838][REQUEST][Withdraw] Input: {"ServiceID":"19","CardNumber":"UBNZHYXN ","Amount":"1000.00","SiteID":"233","AID":"141","SystemUsername":"kcashier","AccessDate":"2015-03-24 13:10:38","Token":"1a82718dd7ec874a9ff07b2ff16d402b17789641"}
[2015-03-24 13:10:39.682252][RESPONSE][Withdraw] Token: 1a82718dd7ec874a9ff07b2ff16d402b17789641 Output: {"Withdraw":{"TransactionMessage":"e-wallet withdraw successful","ErrorCode":0}}
[2015-03-24 13:19:52.397632][REQUEST][CheckPin] Input: {"CardNumber":"UBNZHYXN","PIN":"123456","SystemUsername":"kcashier","AccessDate":"2015-03-24 13:19:52","Token":"50d5a5e6cd59a0a539f6ab69a90014a42c2af2b8"}
[2015-03-24 13:19:52.437164][RESPONSE][CheckPin] Token: 50d5a5e6cd59a0a539f6ab69a90014a42c2af2b8 Output: {"checkPin":{"TransactionMessage":"Transaction successful. PIN and UB Card is valid.","ErrorCode":0}}
[2015-03-24 13:19:52.593888][REQUEST][Withdraw] Input: {"ServiceID":"19","CardNumber":"UBNZHYXN","Amount":"9000.00","SiteID":"233","AID":"141","SystemUsername":"kcashier","AccessDate":"2015-03-24 13:19:52","Token":"50d5a5e6cd59a0a539f6ab69a90014a42c2af2b8"}
[2015-03-24 13:19:52.698189][RESPONSE][Withdraw] Token: 50d5a5e6cd59a0a539f6ab69a90014a42c2af2b8 Output: {"Withdraw":{"TransactionMessage":"Input amount is greater than existing balance.","ErrorCode":13}}
[2015-03-24 13:22:20.790768][REQUEST][CheckPin] Input: {"CardNumber":"UBNZHYXN","PIN":"12","SystemUsername":"kcashier","AccessDate":"2015-03-24 13:22:20","Token":"ed8d9ff9a9c8d84feadbad677a05d4fc1c161992"}
[2015-03-24 13:22:20.829228][RESPONSE][CheckPin] Token: ed8d9ff9a9c8d84feadbad677a05d4fc1c161992 Output: {"checkPin":{"TransactionMessage":"Mismatch Card Number and PIN Code","ErrorCode":14}}
[2015-03-24 13:24:40.293910][REQUEST][CheckPin] Input: {"CardNumber":"UBNZHYXN","PIN":"123456","SystemUsername":"kcashier","AccessDate":"2015-03-24 13:24:40","Token":"e17e7aab05b3d84d1e678435fcad907bc6697264"}
[2015-03-24 13:24:40.332969][RESPONSE][CheckPin] Token: e17e7aab05b3d84d1e678435fcad907bc6697264 Output: {"checkPin":{"TransactionMessage":"Transaction successful. PIN and UB Card is valid.","ErrorCode":0}}
[2015-03-24 13:24:40.484558][REQUEST][Withdraw] Input: {"ServiceID":"19","CardNumber":"UBNZHYXN","Amount":"8800.00","SiteID":"233","AID":"141","SystemUsername":"kcashier","AccessDate":"2015-03-24 13:24:40","Token":"e17e7aab05b3d84d1e678435fcad907bc6697264"}
[2015-03-24 13:24:40.828156][RESPONSE][Withdraw] Token: e17e7aab05b3d84d1e678435fcad907bc6697264 Output: {"Withdraw":{"TransactionMessage":"e-wallet withdraw successful","ErrorCode":0}}
[2015-03-24 13:25:09.716151][REQUEST][CheckPin] Input: {"CardNumber":"UBNZHYXN","PIN":"123456","SystemUsername":"kcashier","AccessDate":"2015-03-24 13:25:09","Token":"1fd799a1c1053cc7fd4a66463548871fdb519e52"}
[2015-03-24 13:25:09.754693][RESPONSE][CheckPin] Token: 1fd799a1c1053cc7fd4a66463548871fdb519e52 Output: {"checkPin":{"TransactionMessage":"Transaction successful. PIN and UB Card is valid.","ErrorCode":0}}
[2015-03-24 13:25:09.898555][REQUEST][Withdraw] Input: {"ServiceID":"19","CardNumber":"UBNZHYXN","Amount":"100.00","SiteID":"233","AID":"141","SystemUsername":"kcashier","AccessDate":"2015-03-24 13:25:09","Token":"1fd799a1c1053cc7fd4a66463548871fdb519e52"}
[2015-03-24 13:25:10.4136][RESPONSE][Withdraw] Token: 1fd799a1c1053cc7fd4a66463548871fdb519e52 Output: {"Withdraw":{"TransactionMessage":"Input amount is greater than existing balance.","ErrorCode":13}}
[2015-03-24 13:28:09.104532][REQUEST][CheckPin] Input: {"CardNumber":"UBL6ZQTY","PIN":"123456","SystemUsername":"kcashier","AccessDate":"2015-03-24 13:28:09","Token":"cf5a625b20119f1a5f3f7bc2614094ca04ab2737"}
[2015-03-24 13:28:09.144223][RESPONSE][CheckPin] Token: cf5a625b20119f1a5f3f7bc2614094ca04ab2737 Output: {"checkPin":{"TransactionMessage":"Mismatch Card Number and PIN Code","ErrorCode":14}}
[2015-03-24 15:42:05.338053][REQUEST][Deposit] Input: {"ServiceID":19,"CardNumber":"UBNZHYXN","Amount":"500.00","PaymentType":1,"SiteID":"233","AID":"141","SystemUsername":"kcashier","AccessDate":"2015-03-24 15:42:05","Token":"ca8305f0347331d2ca5df9501b68939e5fd16dd2","TraceNumber":null,"ReferenceNumber":null}
[2015-03-24 15:42:05.687390][RESPONSE][Deposit] Token: ca8305f0347331d2ca5df9501b68939e5fd16dd2 Output: {"Deposit":{"TransactionMessage":"e-wallet loading successful","ErrorCode":0}}
[2015-03-24 15:55:55.678413][REQUEST][Deposit] Input: {"ServiceID":19,"CardNumber":"UBZRRMG2","Amount":"500.00","PaymentType":1,"SiteID":"233","AID":"141","SystemUsername":"kcashier","AccessDate":"2015-03-24 15:55:55","Token":"c05d54d025e1d6975be9b455bea4bb666ef8f7ad","TraceNumber":null,"ReferenceNumber":null}
[2015-03-24 15:55:56.25653][RESPONSE][Deposit] Token: c05d54d025e1d6975be9b455bea4bb666ef8f7ad Output: {"Deposit":{"TransactionMessage":"e-wallet loading successful","ErrorCode":0}}
[2015-03-24 15:56:31.841812][REQUEST][CheckPin] Input: {"CardNumber":"UBZRRMG2","PIN":"123456","SystemUsername":"kcashier","AccessDate":"2015-03-24 15:56:31","Token":"d29d762738dabffa37411d3d649fee0e01b29c15"}
[2015-03-24 15:56:31.880439][RESPONSE][CheckPin] Token: d29d762738dabffa37411d3d649fee0e01b29c15 Output: {"checkPin":{"TransactionMessage":"Transaction successful. PIN and UB Card is valid.","ErrorCode":0}}
[2015-03-24 15:56:32.29916][REQUEST][Withdraw] Input: {"ServiceID":"19","CardNumber":"UBZRRMG2","Amount":"500.00","SiteID":"233","AID":"141","SystemUsername":"kcashier","AccessDate":"2015-03-24 15:56:32","Token":"66d7f1a83ffb69f42b56e0b3d8a15004ffa60402"}
[2015-03-24 15:56:32.382406][RESPONSE][Withdraw] Token: 66d7f1a83ffb69f42b56e0b3d8a15004ffa60402 Output: {"Withdraw":{"TransactionMessage":"e-wallet withdraw successful","ErrorCode":0}}
[2015-03-24 15:58:32.946254][REQUEST][CheckPin] Input: {"CardNumber":"UBNZHYXN","PIN":"123456","SystemUsername":"kcashier","AccessDate":"2015-03-24 15:58:32","Token":"c4771f577b6e58ccbea66d019b8603b870e54b4b"}
[2015-03-24 15:58:32.984789][RESPONSE][CheckPin] Token: c4771f577b6e58ccbea66d019b8603b870e54b4b Output: {"checkPin":{"TransactionMessage":"Transaction successful. PIN and UB Card is valid.","ErrorCode":0}}
[2015-03-24 15:58:33.138276][REQUEST][Withdraw] Input: {"ServiceID":"19","CardNumber":"UBNZHYXN","Amount":"500.00","SiteID":"233","AID":"141","SystemUsername":"kcashier","AccessDate":"2015-03-24 15:58:33","Token":"1447d7e2af210c2b6dfe176bccee7fd74adaeb0a"}
[2015-03-24 15:58:33.479036][RESPONSE][Withdraw] Token: 1447d7e2af210c2b6dfe176bccee7fd74adaeb0a Output: {"Withdraw":{"TransactionMessage":"e-wallet withdraw successful","ErrorCode":0}}
[2015-03-24 16:18:20.492370][REQUEST][CheckPin] Input: {"CardNumber":"UBNZHYXN","PIN":"123456","SystemUsername":"kcashier","AccessDate":"2015-03-24 16:18:20","Token":"31894a89a2747edf8c9d114897795238b67743a7"}
[2015-03-24 16:18:20.527793][RESPONSE][CheckPin] Token: 31894a89a2747edf8c9d114897795238b67743a7 Output: {"checkPin":{"TransactionMessage":"Cheking of PIN is not allowed for Banned Card.","ErrorCode":4}}
[2015-03-24 16:19:15.245487][REQUEST][Deposit] Input: {"ServiceID":19,"CardNumber":"UBNZHYXN","Amount":"500.00","PaymentType":1,"SiteID":"233","AID":"141","SystemUsername":"kcashier","AccessDate":"2015-03-24 16:19:15","Token":"272d3f70c208ea9486926ca88f3b58f59d46231d","TraceNumber":null,"ReferenceNumber":null}
[2015-03-24 16:19:15.596629][RESPONSE][Deposit] Token: 272d3f70c208ea9486926ca88f3b58f59d46231d Output: {"Deposit":{"TransactionMessage":"e-wallet loading successful","ErrorCode":0}}
[2015-03-24 16:20:04.211241][REQUEST][CheckPin] Input: {"CardNumber":"UBNZHYXN","PIN":"123456","SystemUsername":"kcashier","AccessDate":"2015-03-24 16:20:04","Token":"fae87ae0ec9f77478c9bea53524b3ee7b8a08eca"}
[2015-03-24 16:20:04.246183][RESPONSE][CheckPin] Token: fae87ae0ec9f77478c9bea53524b3ee7b8a08eca Output: {"checkPin":{"TransactionMessage":"Cheking of PIN is not allowed for Banned Card.","ErrorCode":4}}
[2015-03-24 16:21:06.485691][REQUEST][CheckPin] Input: {"CardNumber":"UBNZHYXN","PIN":"123456","SystemUsername":"kcashier","AccessDate":"2015-03-24 16:21:06","Token":"a8d87372b370cf2df07865a79bb45bda3963dc07"}
[2015-03-24 16:21:06.520141][RESPONSE][CheckPin] Token: a8d87372b370cf2df07865a79bb45bda3963dc07 Output: {"checkPin":{"TransactionMessage":"Cheking of PIN is not allowed for Banned Card.","ErrorCode":4}}
[2015-03-24 16:21:39.459945][REQUEST][CheckPin] Input: {"CardNumber":"UBNZHYXN","PIN":"123456","SystemUsername":"kcashier","AccessDate":"2015-03-24 16:21:39","Token":"be48462c360339b1587ce593c1be34eb9fb4eeba"}
[2015-03-24 16:21:39.495333][RESPONSE][CheckPin] Token: be48462c360339b1587ce593c1be34eb9fb4eeba Output: {"checkPin":{"TransactionMessage":"Cheking of PIN is not allowed for Banned Card.","ErrorCode":4}}
[2015-03-24 16:28:56.992009][REQUEST][CheckPin] Input: {"CardNumber":"UBNZHYXN","PIN":"123456","SystemUsername":"kcashier","AccessDate":"2015-03-24 16:28:56","Token":"9cae1d87d6bc29bf92d6b80068c935a7e0889b99"}
[2015-03-24 16:28:57.27455][RESPONSE][CheckPin] Token: 9cae1d87d6bc29bf92d6b80068c935a7e0889b99 Output: {"checkPin":{"TransactionMessage":"Cheking of PIN is not allowed for Deactivated Card.","ErrorCode":4}}
[2015-03-24 16:29:23.669629][REQUEST][CheckPin] Input: {"CardNumber":"UBNZHYXN","PIN":"123456","SystemUsername":"kcashier","AccessDate":"2015-03-24 16:29:23","Token":"a43c63f8dc3872a1df43427bd381e46acaf59c8e"}
[2015-03-24 16:29:23.696852][RESPONSE][CheckPin] Token: a43c63f8dc3872a1df43427bd381e46acaf59c8e Output: {"checkPin":{"TransactionMessage":"Cheking of PIN is not allowed for Deactivated Card.","ErrorCode":4}}
