[2015-04-07 11:36:13.431990][REQUEST][Deposit] Input: {"ServiceID":19,"CardNumber":"UB44KZKQ","Amount":"500","PaymentType":2,"SiteID":"139","AID":"4021","SystemUsername":"kcashier","AccessDate":"2015-04-07 11:36:13","Token":"92348c24df610a576d42eef605ddb0dad90c54b3","TraceNumber":null,"ReferenceNumber":null}
[2015-04-07 11:36:13.983100][RESPONSE][Deposit] Token: 92348c24df610a576d42eef605ddb0dad90c54b3 Output: {"Deposit":{"TransactionMessage":"e-wallet loading successful","ErrorCode":0}}
[2015-04-07 11:36:52.483563][REQUEST][Deposit] Input: {"ServiceID":19,"CardNumber":"ub44kzkq","Amount":"500","PaymentType":2,"SiteID":"139","AID":"4021","SystemUsername":"kcashier","AccessDate":"2015-04-07 11:36:52","Token":"c9235d8dbd73f48e59dd0f92f28d43fa992a667d","TraceNumber":null,"ReferenceNumber":null}
[2015-04-07 11:36:53.3352][RESPONSE][Deposit] Token: c9235d8dbd73f48e59dd0f92f28d43fa992a667d Output: {"Deposit":{"TransactionMessage":"e-wallet loading successful","ErrorCode":0}}
[2015-04-07 14:14:05.589862][REQUEST][CheckPin] Input: {"CardNumber":"UB44KZKQ","PIN":"123456","SystemUsername":"kcashier","AccessDate":"2015-04-07 14:14:05","Token":"3381869fa45c84c390b1d317329b85af53a2b95d"}
[2015-04-07 14:14:05.628773][RESPONSE][CheckPin] Token: 3381869fa45c84c390b1d317329b85af53a2b95d Output: {"checkPin":{"TransactionMessage":"Transaction successful. PIN and UB Card is valid.","ErrorCode":0}}
[2015-04-07 14:14:05.826547][REQUEST][Withdraw] Input: {"ServiceID":"19","CardNumber":"UB44KZKQ","Amount":"1.00","SiteID":"233","AID":"633","SystemUsername":"kcashier","AccessDate":"2015-04-07 14:14:05","Token":"3381869fa45c84c390b1d317329b85af53a2b95d"}
[2015-04-07 14:14:06.361672][RESPONSE][Withdraw] Token: 3381869fa45c84c390b1d317329b85af53a2b95d Output: {"Withdraw":{"TransactionMessage":"e-wallet withdraw successful","ErrorCode":0}}
[2015-04-07 14:18:39.150127][REQUEST][CheckPin] Input: {"CardNumber":"UB44KZKQ","PIN":"111111","SystemUsername":"kcashier","AccessDate":"2015-04-07 14:18:39","Token":"3b338577108c12509a815ebc599234f7a4bfb4be"}
[2015-04-07 14:18:39.205888][RESPONSE][CheckPin] Token: 3b338577108c12509a815ebc599234f7a4bfb4be Output: {"checkPin":{"TransactionMessage":"Mismatch Card Number and PIN Code","ErrorCode":14}}
[2015-04-07 14:19:22.543132][REQUEST][CheckPin] Input: {"CardNumber":"UB44KZKQ","PIN":"123456","SystemUsername":"kcashier","AccessDate":"2015-04-07 14:19:22","Token":"dfefbf99360f4711ad513c1cdcd11a52baee3e41"}
[2015-04-07 14:19:22.582480][RESPONSE][CheckPin] Token: dfefbf99360f4711ad513c1cdcd11a52baee3e41 Output: {"checkPin":{"TransactionMessage":"Transaction successful. PIN and UB Card is valid.","ErrorCode":0}}
[2015-04-07 14:19:22.788428][REQUEST][Withdraw] Input: {"ServiceID":"19","CardNumber":"UB44KZKQ","Amount":"1.00","SiteID":"233","AID":"633","SystemUsername":"kcashier","AccessDate":"2015-04-07 14:19:22","Token":"dfefbf99360f4711ad513c1cdcd11a52baee3e41"}
[2015-04-07 14:19:23.317914][RESPONSE][Withdraw] Token: dfefbf99360f4711ad513c1cdcd11a52baee3e41 Output: {"Withdraw":{"TransactionMessage":"e-wallet withdraw successful","ErrorCode":0}}
[2015-04-07 15:07:03.646956][REQUEST][Deposit] Input: {"ServiceID":19,"CardNumber":"ub44kzkq","Amount":"500","PaymentType":2,"SiteID":"139","AID":"4021","SystemUsername":"kcashier","AccessDate":"2015-04-07 15:07:03","Token":"9a075a85542743db6383f2446b4d8bc0521c6b60","TraceNumber":null,"ReferenceNumber":null}
[2015-04-07 15:07:04.255406][RESPONSE][Deposit] Token: 9a075a85542743db6383f2446b4d8bc0521c6b60 Output: {"Deposit":{"TransactionMessage":"e-wallet loading successful","ErrorCode":0}}
[2015-04-07 15:26:30.101036][REQUEST][CheckPin] Input: {"CardNumber":"ub44kzkq","PIN":"123456","SystemUsername":"kcashier","AccessDate":"2015-04-07 15:26:30","Token":"c24cfdff26585a8636232155be9e794b00c65e2b"}
[2015-04-07 15:26:30.140903][RESPONSE][CheckPin] Token: c24cfdff26585a8636232155be9e794b00c65e2b Output: {"checkPin":{"TransactionMessage":"Transaction successful. PIN and UB Card is valid.","ErrorCode":0}}
[2015-04-07 15:26:30.344013][REQUEST][Withdraw] Input: {"ServiceID":"19","CardNumber":"ub44kzkq","Amount":"1.00","SiteID":"233","AID":"633","SystemUsername":"kcashier","AccessDate":"2015-04-07 15:26:30","Token":"c24cfdff26585a8636232155be9e794b00c65e2b"}
[2015-04-07 15:26:30.912763][RESPONSE][Withdraw] Token: c24cfdff26585a8636232155be9e794b00c65e2b Output: {"Withdraw":{"TransactionMessage":"e-wallet withdraw successful","ErrorCode":0}}
[2015-04-07 15:34:08.898021][REQUEST][CheckPin] Input: {"CardNumber":"UB44KZKQ","PIN":"123456","SystemUsername":"kcashier","AccessDate":"2015-04-07 15:34:08","Token":"cb31a113383c9f953657363681c73bb183bea8f8"}
[2015-04-07 15:34:08.938224][RESPONSE][CheckPin] Token: cb31a113383c9f953657363681c73bb183bea8f8 Output: {"checkPin":{"TransactionMessage":"Transaction successful. PIN and UB Card is valid.","ErrorCode":0}}
[2015-04-07 15:34:09.136842][REQUEST][Withdraw] Input: {"ServiceID":"19","CardNumber":"UB44KZKQ","Amount":"10.00","SiteID":"139","AID":"4021","SystemUsername":"kcashier","AccessDate":"2015-04-07 15:34:09","Token":"b7be51e52b2f543575fce670139c3ec16858c382"}
[2015-04-07 15:34:09.686604][RESPONSE][Withdraw] Token: b7be51e52b2f543575fce670139c3ec16858c382 Output: {"Withdraw":{"TransactionMessage":"e-wallet withdraw successful","ErrorCode":0}}
[2015-04-07 15:37:44.885211][REQUEST][CheckPin] Input: {"CardNumber":"UB44KZKQ","PIN":"123456","SystemUsername":"kcashier","AccessDate":"2015-04-07 15:37:44","Token":"a4f64328ad1fe0e621d39f0a476899bb3a75a0d9"}
[2015-04-07 15:37:44.924516][RESPONSE][CheckPin] Token: a4f64328ad1fe0e621d39f0a476899bb3a75a0d9 Output: {"checkPin":{"TransactionMessage":"Transaction successful. PIN and UB Card is valid.","ErrorCode":0}}
[2015-04-07 15:37:45.120782][REQUEST][Withdraw] Input: {"ServiceID":"19","CardNumber":"UB44KZKQ","Amount":"10.00","SiteID":"139","AID":"4021","SystemUsername":"kcashier","AccessDate":"2015-04-07 15:37:45","Token":"7b9a3a3558ec68dbd9225eb09a581af50f17c2f2"}
[2015-04-07 15:37:45.662459][RESPONSE][Withdraw] Token: 7b9a3a3558ec68dbd9225eb09a581af50f17c2f2 Output: {"Withdraw":{"TransactionMessage":"e-wallet withdraw successful","ErrorCode":0}}
[2015-04-07 16:56:40.392182][REQUEST][Deposit] Input: {"ServiceID":19,"CardNumber":"UB9K6DT4","Amount":"500","PaymentType":2,"SiteID":"139","AID":"4021","SystemUsername":"kcashier","AccessDate":"2015-04-07 16:56:40","Token":"ab944448562383703aa4f5ffb1392d684a70ee8b","TraceNumber":null,"ReferenceNumber":null}
[2015-04-07 16:56:40.970233][RESPONSE][Deposit] Token: ab944448562383703aa4f5ffb1392d684a70ee8b Output: {"Deposit":{"TransactionMessage":"e-wallet loading successful","ErrorCode":0}}
[2015-04-07 17:02:14.643810][REQUEST][Deposit] Input: {"ServiceID":19,"CardNumber":"ub9k6dt4","Amount":"500","PaymentType":2,"SiteID":"139","AID":"4021","SystemUsername":"kcashier","AccessDate":"2015-04-07 17:02:14","Token":"e9bb56ab1d97a9942970dbf67d5302eb1fb09efa","TraceNumber":null,"ReferenceNumber":null}
[2015-04-07 17:02:15.182399][RESPONSE][Deposit] Token: e9bb56ab1d97a9942970dbf67d5302eb1fb09efa Output: {"Deposit":{"TransactionMessage":"e-wallet loading successful","ErrorCode":0}}
[2015-04-07 17:06:08.732983][REQUEST][Deposit] Input: {"ServiceID":19,"CardNumber":"ub9k6dt4","Amount":"500","PaymentType":2,"SiteID":"139","AID":"4021","SystemUsername":"kcashier","AccessDate":"2015-04-07 17:06:08","Token":"5df429c0fb141514a87349db4c60c7c4aee49120","TraceNumber":null,"ReferenceNumber":null}
[2015-04-07 17:06:09.297481][RESPONSE][Deposit] Token: 5df429c0fb141514a87349db4c60c7c4aee49120 Output: {"Deposit":{"TransactionMessage":"e-wallet loading successful","ErrorCode":0}}
