[2015-04-06 10:17:24.921877][REQUEST][Deposit] Input: {"ServiceID":19,"CardNumber":"ubto32mx","Amount":"500","PaymentType":2,"SiteID":"100","AID":"5168","SystemUsername":"kcashier","AccessDate":"2015-04-06 10:17:24","Token":"f461436882f666130f074617ff234805b689c610","TraceNumber":null,"ReferenceNumber":null}
[2015-04-06 10:17:25.439940][RESPONSE][Deposit] Token: f461436882f666130f074617ff234805b689c610 Output: {"Deposit":{"TransactionMessage":"e-wallet loading successful","ErrorCode":0}}
[2015-04-06 10:24:27.9442][REQUEST][Deposit] Input: {"ServiceID":19,"CardNumber":"ubto32mx","Amount":"500","PaymentType":2,"SiteID":"100","AID":"5168","SystemUsername":"kcashier","AccessDate":"2015-04-06 10:24:27","Token":"481fb63e48d7d9580e821e31ba55bad3abb47c1f","TraceNumber":null,"ReferenceNumber":null}
[2015-04-06 10:24:27.522522][RESPONSE][Deposit] Token: 481fb63e48d7d9580e821e31ba55bad3abb47c1f Output: {"Deposit":{"TransactionMessage":"e-wallet loading successful","ErrorCode":0}}
[2015-04-06 10:25:11.640291][REQUEST][Deposit] Input: {"ServiceID":19,"CardNumber":"ubto32mx","Amount":"500","PaymentType":2,"SiteID":"100","AID":"5168","SystemUsername":"kcashier","AccessDate":"2015-04-06 10:25:11","Token":"7f0d9226151fd0d3a27e8f061ecefc20aa3893a3","TraceNumber":null,"ReferenceNumber":null}
[2015-04-06 10:25:12.164475][RESPONSE][Deposit] Token: 7f0d9226151fd0d3a27e8f061ecefc20aa3893a3 Output: {"Deposit":{"TransactionMessage":"e-wallet loading successful","ErrorCode":0}}
[2015-04-06 10:26:00.677836][REQUEST][Deposit] Input: {"ServiceID":19,"CardNumber":"ubto32mx","Amount":"500","PaymentType":2,"SiteID":"100","AID":"5168","SystemUsername":"kcashier","AccessDate":"2015-04-06 10:26:00","Token":"7da8dee83230323ebedb5a703da0c73db9b5c5d5","TraceNumber":null,"ReferenceNumber":null}
[2015-04-06 10:26:01.202351][RESPONSE][Deposit] Token: 7da8dee83230323ebedb5a703da0c73db9b5c5d5 Output: {"Deposit":{"TransactionMessage":"e-wallet loading successful","ErrorCode":0}}
[2015-04-06 10:27:04.54874][REQUEST][Deposit] Input: {"ServiceID":19,"CardNumber":"ubto32mx","Amount":"500","PaymentType":2,"SiteID":"100","AID":"5168","SystemUsername":"kcashier","AccessDate":"2015-04-06 10:27:04","Token":"52c33d0869a225616ef3b268ccfc06e4d10f623e","TraceNumber":null,"ReferenceNumber":null}
[2015-04-06 10:27:04.587260][RESPONSE][Deposit] Token: 52c33d0869a225616ef3b268ccfc06e4d10f623e Output: {"Deposit":{"TransactionMessage":"e-wallet loading successful","ErrorCode":0}}
[2015-04-06 10:27:46.193923][REQUEST][Deposit] Input: {"ServiceID":19,"CardNumber":"ubto32mx","Amount":"500","PaymentType":2,"SiteID":"100","AID":"5168","SystemUsername":"kcashier","AccessDate":"2015-04-06 10:27:46","Token":"d50c2f85f0025391447ae798be5076e78b809d4c","TraceNumber":null,"ReferenceNumber":null}
[2015-04-06 10:27:46.735313][RESPONSE][Deposit] Token: d50c2f85f0025391447ae798be5076e78b809d4c Output: {"Deposit":{"TransactionMessage":"e-wallet loading successful","ErrorCode":0}}
[2015-04-06 11:26:28.27591][REQUEST][Deposit] Input: {"ServiceID":19,"CardNumber":"UBTO32MX","Amount":"500","PaymentType":2,"SiteID":"139","AID":"3583","SystemUsername":"kcashier","AccessDate":"2015-04-06 11:26:28","Token":"9d7bde74aed43989eb094580d5572856c9bfc0ad","TraceNumber":null,"ReferenceNumber":null}
[2015-04-06 11:26:28.552899][RESPONSE][Deposit] Token: 9d7bde74aed43989eb094580d5572856c9bfc0ad Output: {"Deposit":{"TransactionMessage":"e-wallet loading successful","ErrorCode":0}}
[2015-04-06 11:27:02.317811][REQUEST][Deposit] Input: {"ServiceID":19,"CardNumber":"ubto32mx","Amount":"500","PaymentType":2,"SiteID":"139","AID":"3583","SystemUsername":"kcashier","AccessDate":"2015-04-06 11:27:02","Token":"5bf65a003eb0e6acae3b5cc7706b440511de7d92","TraceNumber":null,"ReferenceNumber":null}
[2015-04-06 11:27:02.872727][RESPONSE][Deposit] Token: 5bf65a003eb0e6acae3b5cc7706b440511de7d92 Output: {"Deposit":{"TransactionMessage":"e-wallet loading successful","ErrorCode":0}}
[2015-04-06 11:27:27.157626][REQUEST][Deposit] Input: {"ServiceID":19,"CardNumber":"ubto32mx","Amount":"500","PaymentType":2,"SiteID":"139","AID":"3583","SystemUsername":"kcashier","AccessDate":"2015-04-06 11:27:27","Token":"6b93e7a33583f1a427e5bb9cbab6fd14d5f71246","TraceNumber":null,"ReferenceNumber":null}
[2015-04-06 11:27:27.668936][RESPONSE][Deposit] Token: 6b93e7a33583f1a427e5bb9cbab6fd14d5f71246 Output: {"Deposit":{"TransactionMessage":"e-wallet loading successful","ErrorCode":0}}
[2015-04-06 11:28:03.845667][REQUEST][Deposit] Input: {"ServiceID":19,"CardNumber":"ubto32mx","Amount":"500","PaymentType":2,"SiteID":"139","AID":"3583","SystemUsername":"kcashier","AccessDate":"2015-04-06 11:28:03","Token":"e18034b11ccc6389a495a0d3e3aad8b87b84158b","TraceNumber":null,"ReferenceNumber":null}
[2015-04-06 11:28:04.374915][RESPONSE][Deposit] Token: e18034b11ccc6389a495a0d3e3aad8b87b84158b Output: {"Deposit":{"TransactionMessage":"e-wallet loading successful","ErrorCode":0}}
[2015-04-06 17:03:05.811593][REQUEST][Deposit] Input: {"ServiceID":19,"CardNumber":"UBLGZKYU","Amount":"500","PaymentType":2,"SiteID":"139","AID":"4021","SystemUsername":"kcashier","AccessDate":"2015-04-06 17:03:05","Token":"8ec25932edf0dbf626d4ac3390804b100f10d5be","TraceNumber":null,"ReferenceNumber":null}
[2015-04-06 17:03:06.365207][RESPONSE][Deposit] Token: 8ec25932edf0dbf626d4ac3390804b100f10d5be Output: {"Deposit":{"TransactionMessage":"e-wallet loading successful","ErrorCode":0}}
[2015-04-06 17:03:52.106145][REQUEST][Deposit] Input: {"ServiceID":19,"CardNumber":"ublgzkyu","Amount":"500","PaymentType":2,"SiteID":"139","AID":"4021","SystemUsername":"kcashier","AccessDate":"2015-04-06 17:03:52","Token":"c7340cc05fadca628f86e770bed7739438cf4c20","TraceNumber":null,"ReferenceNumber":null}
[2015-04-06 17:03:52.660350][RESPONSE][Deposit] Token: c7340cc05fadca628f86e770bed7739438cf4c20 Output: {"Deposit":{"TransactionMessage":"e-wallet loading successful","ErrorCode":0}}
[2015-04-06 17:15:36.243903][REQUEST][Deposit] Input: {"ServiceID":19,"CardNumber":"UBLGZKYU","Amount":"500","PaymentType":2,"SiteID":"139","AID":"4021","SystemUsername":"kcashier","AccessDate":"2015-04-06 17:15:36","Token":"1fff6780403acf6653fe36f9e9ad414c895d5c66","TraceNumber":null,"ReferenceNumber":null}
[2015-04-06 17:15:36.829858][RESPONSE][Deposit] Token: 1fff6780403acf6653fe36f9e9ad414c895d5c66 Output: {"Deposit":{"TransactionMessage":"e-wallet loading successful","ErrorCode":0}}
[2015-04-06 17:54:56.951615][REQUEST][Deposit] Input: {"ServiceID":19,"CardNumber":"ub52oo33","Amount":"500","PaymentType":2,"SiteID":"139","AID":"4021","SystemUsername":"kcashier","AccessDate":"2015-04-06 17:54:56","Token":"e29ad772acce8df680f95b0e7438891def1751e6","TraceNumber":null,"ReferenceNumber":null}
[2015-04-06 17:54:57.501064][RESPONSE][Deposit] Token: e29ad772acce8df680f95b0e7438891def1751e6 Output: {"Deposit":{"TransactionMessage":"e-wallet loading successful","ErrorCode":0}}
