[2015-04-04 04:32:59.894692][REQUEST][Deposit] Input: {"ServiceID":19,"CardNumber":"UB44KZKQ","Amount":"500","PaymentType":2,"SiteID":"233","AID":"132","SystemUsername":"kcashier","AccessDate":"2015-04-04 04:32:59","Token":"44f21f32b0716937712c87b18ed1fb2cab204b05","TraceNumber":null,"ReferenceNumber":null}
[2015-04-04 04:33:02.393549][RESPONSE][Deposit] Token: 44f21f32b0716937712c87b18ed1fb2cab204b05 Output: {"Deposit":{"TransactionMessage":"e-wallet loading successful","ErrorCode":0}}
[2015-04-04 04:39:40.126662][REQUEST][Deposit] Input: {"ServiceID":19,"CardNumber":"UB44KZKQ","Amount":"500","PaymentType":2,"SiteID":"233","AID":"132","SystemUsername":"kcashier","AccessDate":"2015-04-04 04:39:40","Token":"1a662aefd0466b51ab19a2001f1fbed5a4aaea4d","TraceNumber":null,"ReferenceNumber":null}
[2015-04-04 04:39:40.670490][RESPONSE][Deposit] Token: 1a662aefd0466b51ab19a2001f1fbed5a4aaea4d Output: {"Deposit":{"TransactionMessage":"e-wallet loading successful","ErrorCode":0}}
[2015-04-04 04:46:57.760281][REQUEST][CheckPin] Input: {"CardNumber":"UB44KZKQ","PIN":"123456","SystemUsername":"kcashier","AccessDate":"2015-04-04 04:46:57","Token":"c44abaf19c12c8b314a454bb715f9bf4377211d1"}
[2015-04-04 04:46:57.800195][RESPONSE][CheckPin] Token: c44abaf19c12c8b314a454bb715f9bf4377211d1 Output: {"checkPin":{"TransactionMessage":"Transaction successful. PIN and UB Card is valid.","ErrorCode":0}}
[2015-04-04 04:46:58.15318][REQUEST][Withdraw] Input: {"ServiceID":"19","CardNumber":"UB44KZKQ","Amount":"500.00","SiteID":"233","AID":"132","SystemUsername":"kcashier","AccessDate":"2015-04-04 04:46:58","Token":"1505e311bfba18a6947d5b699188b2c4240eee4a"}
[2015-04-04 04:47:12.738010][RESPONSE][Withdraw] Token: 1505e311bfba18a6947d5b699188b2c4240eee4a Output: <!DOCTYPE html PUBLIC
	"-//W3C//DTD XHTML 1.0 Transitional//EN"
	"http://www.w3.org/TR/xhtml1/DTD/xhtml1-transitional.dtd">
<html xmlns="http://www.w3.org/1999/xhtml" xml:lang="en" lang="en">
<head>
<meta http-equiv="Content-Type" content="text/html; charset=utf-8"/>
<title>PHP notice</title>

<style type="text/css">
/*<![CDATA[*/
html,body,div,span,applet,object,iframe,h1,h2,h3,h4,h5,h6,p,blockquote,pre,a,abbr,acronym,address,big,cite,code,del,dfn,em,font,img,ins,kbd,q,s,samp,small,strike,strong,sub,sup,tt,var,b,u,i,center,dl,dt,dd,ol,ul,li,fieldset,form,label,legend,table,caption,tbody,tfoot,thead,tr,th,td{border:0;outline:0;font-size:100%;vertical-align:baseline;background:transparent;margin:0;padding:0;}
body{line-height:1;}
ol,ul{list-style:none;}
blockquote,q{quotes:none;}
blockquote:before,blockquote:after,q:before,q:after{content:none;}
:focus{outline:0;}
ins{text-decoration:none;}
del{text-decoration:line-through;}
table{border-collapse:collapse;border-spacing:0;}

body {
	font: normal 9pt "Verdana";
	color: #000;
	background: #fff;
}

h1 {
	font: normal 18pt "Verdana";
	color: #f00;
	margin-bottom: .5em;
}

h2 {
	font: normal 14pt "Verdana";
	color: #800000;
	margin-bottom: .5em;
}

h3 {
	font: bold 11pt "Verdana";
}

pre {
	font: normal 11pt Menlo, Consolas, "Lucida Console", Monospace;
}

pre span.error {
	display: block;
	background: #fce3e3;
}

pre span.ln {
	color: #999;
	padding-right: 0.5em;
	border-right: 1px solid #ccc;
}

pre span.error-ln {
	font-weight: bold;
}

.container {
	margin: 1em 4em;
}

.version {
	color: gray;
	font-size: 8pt;
	border-top: 1px solid #aaa;
	padding-top: 1em;
	margin-bottom: 1em;
}

.message {
	color: #000;
	padding: 1em;
	font-size: 11pt;
	background: #f3f3f3;
	-webkit-border-radius: 10px;
	-moz-border-radius: 10px;
	border-radius: 10px;
	margin-bottom: 1em;
	line-height: 160%;
}

.source {
	margin-bottom: 1em;
}

.code pre {
	background-color: #ffe;
	margin: 0.5em 0;
	padding: 0.5em;
	line-height: 125%;
	border: 1px solid #eee;
}

.source .file {
	margin-bottom: 1em;
	font-weight: bold;
}

.traces {
	margin: 2em 0;
}

.trace {
	margin: 0.5em 0;
	padding: 0.5em;
}

.trace.app {
	border: 1px dashed #c00;
}

.trace .number {
	text-align: right;
	width: 2em;
	padding: 0.5em;
}

.trace .content {
	padding: 0.5em;
}

.trace .plus,
.trace .minus {
	display:inline;
	vertical-align:middle;
	text-align:center;
	border:1px solid #000;
	color:#000;
	font-size:10px;
	line-height:10px;
	margin:0;
	padding:0 1px;
	width:10px;
	height:10px;
}

.trace.collapsed .minus,
.trace.expanded .plus,
.trace.collapsed pre {
	display: none;
}

.trace-file {
	cursor: pointer;
	padding: 0.2em;
}

.trace-file:hover {
	background: #f0ffff;
}
/*]]>*/
</style>
</head>

<body>
<div class="container">
	<h1>PHP notice</h1>

	<p class="message">
		Undefined variable: apiresult	</p>

	<div class="source">
		<p class="file">/var/www/PCWS/protected/controllers/PcwsController.php(579)</p>
		<div class="code"><pre><span class="ln">567</span>                                         if(isset($resultwithdraw[&#039;TransactionInfo&#039;][&#039;MG&#039;])) {
<span class="ln">568</span>                                             $transrefid = $resultwithdraw[&#039;TransactionInfo&#039;][&#039;MG&#039;][&#039;TransactionId&#039;];
<span class="ln">569</span>                                             $apiresult = $resultwithdraw[&#039;TransactionInfo&#039;][&#039;MG&#039;][&#039;TransactionStatus&#039;];
<span class="ln">570</span>                                         }
<span class="ln">571</span>                                         //PT / Rocking Reno
<span class="ln">572</span>                                         if(isset($resultwithdraw[&#039;TransactionInfo&#039;][&#039;PT&#039;])) {
<span class="ln">573</span>                                             $transrefid = $resultwithdraw[&#039;TransactionInfo&#039;][&#039;PT&#039;][&#039;TransactionId&#039;];
<span class="ln">574</span>                                             $apiresult = $resultwithdraw[&#039;TransactionInfo&#039;][&#039;PT&#039;][&#039;TransactionStatus&#039;];
<span class="ln">575</span>                                         }
<span class="ln">576</span>                                     }
<span class="ln">577</span>                                 }
<span class="ln">578</span> 
<span class="error"><span class="ln error-ln">579</span>                                 if ($apiresult == &#039;TRANSACTIONSTATUS_APPROVED&#039; || $apiresult == &#039;true&#039; || $apiresult == &#039;approved&#039;) {
</span><span class="ln">580</span>                                     $transstatus = &#039;1&#039;;
<span class="ln">581</span>                                 } else {
<span class="ln">582</span>                                     $transstatus = &#039;2&#039;;
<span class="ln">583</span>                                 }
<span class="ln">584</span> 
<span class="ln">585</span>                                 if ($apiresult == &quot;true&quot; || $apiresult == &#039;TRANSACTIONSTATUS_APPROVED&#039; || $apiresult == &#039;approved&#039;){
<span class="ln">586</span> 
<span class="ln">587</span>                                     $balance = $casinocontroller-&gt;GetBalance($serviceUsername);
<span class="ln">588</span>                                     $playablebalance = $balance[&#039;balance&#039;];
<span class="ln">589</span> 
<span class="ln">590</span>                                 $ewallet-&gt;updateEwallet($playablebalance, $transrefid, $apiresult, $aid, $transstatus, $tracking1);
<span class="ln">591</span>                                 $errCode = 0;
</pre></div>	</div>

	<div class="traces">
		<h2>Stack Trace</h2>
				<table style="width:100%;">
						<tr class="trace core collapsed">
			<td class="number">
				#0			</td>
			<td class="content">
				<div class="trace-file">
											<div class="plus">+</div>
						<div class="minus">–</div>
										&nbsp;/var/www/yii/framework/web/actions/CInlineAction.php(49): <strong>PcwsController</strong>-><strong>actionWithdraw</strong>()				</div>

				<div class="code"><pre><span class="ln">44</span>         $controller=$this-&gt;getController();
<span class="ln">45</span>         $method=new ReflectionMethod($controller, $methodName);
<span class="ln">46</span>         if($method-&gt;getNumberOfParameters()&gt;0)
<span class="ln">47</span>             return $this-&gt;runWithParamsInternal($controller, $method, $params);
<span class="ln">48</span>         else
<span class="error"><span class="ln error-ln">49</span>             return $controller-&gt;$methodName();
</span><span class="ln">50</span>     }
<span class="ln">51</span> 
<span class="ln">52</span> }
</pre></div>			</td>
		</tr>
						<tr class="trace core collapsed">
			<td class="number">
				#1			</td>
			<td class="content">
				<div class="trace-file">
											<div class="plus">+</div>
						<div class="minus">–</div>
										&nbsp;/var/www/yii/framework/web/CController.php(308): <strong>CInlineAction</strong>-><strong>runWithParams</strong>(array())				</div>

				<div class="code"><pre><span class="ln">303</span>     {
<span class="ln">304</span>         $priorAction=$this-&gt;_action;
<span class="ln">305</span>         $this-&gt;_action=$action;
<span class="ln">306</span>         if($this-&gt;beforeAction($action))
<span class="ln">307</span>         {
<span class="error"><span class="ln error-ln">308</span>             if($action-&gt;runWithParams($this-&gt;getActionParams())===false)
</span><span class="ln">309</span>                 $this-&gt;invalidActionParams($action);
<span class="ln">310</span>             else
<span class="ln">311</span>                 $this-&gt;afterAction($action);
<span class="ln">312</span>         }
<span class="ln">313</span>         $this-&gt;_action=$priorAction;
</pre></div>			</td>
		</tr>
						<tr class="trace core collapsed">
			<td class="number">
				#2			</td>
			<td class="content">
				<div class="trace-file">
											<div class="plus">+</div>
						<div class="minus">–</div>
										&nbsp;/var/www/yii/framework/web/CController.php(286): <strong>CController</strong>-><strong>runAction</strong>(CInlineAction)				</div>

				<div class="code"><pre><span class="ln">281</span>      * @see runAction
<span class="ln">282</span>      */
<span class="ln">283</span>     public function runActionWithFilters($action,$filters)
<span class="ln">284</span>     {
<span class="ln">285</span>         if(empty($filters))
<span class="error"><span class="ln error-ln">286</span>             $this-&gt;runAction($action);
</span><span class="ln">287</span>         else
<span class="ln">288</span>         {
<span class="ln">289</span>             $priorAction=$this-&gt;_action;
<span class="ln">290</span>             $this-&gt;_action=$action;
<span class="ln">291</span>             CFilterChain::create($this,$action,$filters)-&gt;run();
</pre></div>			</td>
		</tr>
						<tr class="trace core collapsed">
			<td class="number">
				#3			</td>
			<td class="content">
				<div class="trace-file">
											<div class="plus">+</div>
						<div class="minus">–</div>
										&nbsp;/var/www/yii/framework/web/CController.php(265): <strong>CController</strong>-><strong>runActionWithFilters</strong>(CInlineAction, array())				</div>

				<div class="code"><pre><span class="ln">260</span>         {
<span class="ln">261</span>             if(($parent=$this-&gt;getModule())===null)
<span class="ln">262</span>                 $parent=Yii::app();
<span class="ln">263</span>             if($parent-&gt;beforeControllerAction($this,$action))
<span class="ln">264</span>             {
<span class="error"><span class="ln error-ln">265</span>                 $this-&gt;runActionWithFilters($action,$this-&gt;filters());
</span><span class="ln">266</span>                 $parent-&gt;afterControllerAction($this,$action);
<span class="ln">267</span>             }
<span class="ln">268</span>         }
<span class="ln">269</span>         else
<span class="ln">270</span>             $this-&gt;missingAction($actionID);
</pre></div>			</td>
		</tr>
						<tr class="trace core collapsed">
			<td class="number">
				#4			</td>
			<td class="content">
				<div class="trace-file">
											<div class="plus">+</div>
						<div class="minus">–</div>
										&nbsp;/var/www/yii/framework/web/CWebApplication.php(282): <strong>CController</strong>-><strong>run</strong>(&quot;withdraw&quot;)				</div>

				<div class="code"><pre><span class="ln">277</span>         {
<span class="ln">278</span>             list($controller,$actionID)=$ca;
<span class="ln">279</span>             $oldController=$this-&gt;_controller;
<span class="ln">280</span>             $this-&gt;_controller=$controller;
<span class="ln">281</span>             $controller-&gt;init();
<span class="error"><span class="ln error-ln">282</span>             $controller-&gt;run($actionID);
</span><span class="ln">283</span>             $this-&gt;_controller=$oldController;
<span class="ln">284</span>         }
<span class="ln">285</span>         else
<span class="ln">286</span>             throw new CHttpException(404,Yii::t(&#039;yii&#039;,&#039;Unable to resolve the request &quot;{route}&quot;.&#039;,
<span class="ln">287</span>                 array(&#039;{route}&#039;=&gt;$route===&#039;&#039;?$this-&gt;defaultController:$route)));
</pre></div>			</td>
		</tr>
						<tr class="trace core collapsed">
			<td class="number">
				#5			</td>
			<td class="content">
				<div class="trace-file">
											<div class="plus">+</div>
						<div class="minus">–</div>
										&nbsp;/var/www/yii/framework/web/CWebApplication.php(141): <strong>CWebApplication</strong>-><strong>runController</strong>(&quot;pcws/withdraw&quot;)				</div>

				<div class="code"><pre><span class="ln">136</span>             foreach(array_splice($this-&gt;catchAllRequest,1) as $name=&gt;$value)
<span class="ln">137</span>                 $_GET[$name]=$value;
<span class="ln">138</span>         }
<span class="ln">139</span>         else
<span class="ln">140</span>             $route=$this-&gt;getUrlManager()-&gt;parseUrl($this-&gt;getRequest());
<span class="error"><span class="ln error-ln">141</span>         $this-&gt;runController($route);
</span><span class="ln">142</span>     }
<span class="ln">143</span> 
<span class="ln">144</span>     /**
<span class="ln">145</span>      * Registers the core application components.
<span class="ln">146</span>      * This method overrides the parent implementation by registering additional core components.
</pre></div>			</td>
		</tr>
						<tr class="trace core collapsed">
			<td class="number">
				#6			</td>
			<td class="content">
				<div class="trace-file">
											<div class="plus">+</div>
						<div class="minus">–</div>
										&nbsp;/var/www/yii/framework/base/CApplication.php(169): <strong>CWebApplication</strong>-><strong>processRequest</strong>()				</div>

				<div class="code"><pre><span class="ln">164</span>     public function run()
<span class="ln">165</span>     {
<span class="ln">166</span>         if($this-&gt;hasEventHandler(&#039;onBeginRequest&#039;))
<span class="ln">167</span>             $this-&gt;onBeginRequest(new CEvent($this));
<span class="ln">168</span>         register_shutdown_function(array($this,&#039;end&#039;),0,false);
<span class="error"><span class="ln error-ln">169</span>         $this-&gt;processRequest();
</span><span class="ln">170</span>         if($this-&gt;hasEventHandler(&#039;onEndRequest&#039;))
<span class="ln">171</span>             $this-&gt;onEndRequest(new CEvent($this));
<span class="ln">172</span>     }
<span class="ln">173</span> 
<span class="ln">174</span>     /**
</pre></div>			</td>
		</tr>
						<tr class="trace app expanded">
			<td class="number">
				#7			</td>
			<td class="content">
				<div class="trace-file">
											<div class="plus">+</div>
						<div class="minus">–</div>
										&nbsp;/var/www/PCWS/index.php(13): <strong>CApplication</strong>-><strong>run</strong>()				</div>

				<div class="code"><pre><span class="ln">08</span> defined(&#039;YII_DEBUG&#039;) or define(&#039;YII_DEBUG&#039;,true);
<span class="ln">09</span> // specify how many levels of call stack should be shown in each log message
<span class="ln">10</span> defined(&#039;YII_TRACE_LEVEL&#039;) or define(&#039;YII_TRACE_LEVEL&#039;,3);
<span class="ln">11</span> 
<span class="ln">12</span> require_once($yii);
<span class="error"><span class="ln error-ln">13</span> Yii::createWebApplication($config)-&gt;run();
</span></pre></div>			</td>
		</tr>
				</table>
	</div>

	<div class="version">
		2015-04-04 04:47:12 Apache <a href="http://www.yiiframework.com/">Yii Framework</a>/1.1.13	</div>
</div>

<script type="text/javascript">
/*<![CDATA[*/
var traceReg = new RegExp("(^|\\s)trace-file(\\s|$)");
var collapsedReg = new RegExp("(^|\\s)collapsed(\\s|$)");

var e = document.getElementsByTagName("div");
for(var j=0,len=e.length;j<len;j++){
	if(traceReg.test(e[j].className)){
		e[j].onclick = function(){
			var trace = this.parentNode.parentNode;
			if(collapsedReg.test(trace.className))
				trace.className = trace.className.replace("collapsed", "expanded");
			else
				trace.className = trace.className.replace("expanded", "collapsed");
		}
	}
}
/*]]>*/
</script>

</body>
</html>

[2015-04-04 04:47:50.286861][REQUEST][CheckPin] Input: {"CardNumber":"UB44KZKQ","PIN":"123456","SystemUsername":"kcashier","AccessDate":"2015-04-04 04:47:50","Token":"a67f2e48748a1956529a8a748223baa47ed16093"}
[2015-04-04 04:47:50.326251][RESPONSE][CheckPin] Token: a67f2e48748a1956529a8a748223baa47ed16093 Output: {"checkPin":{"TransactionMessage":"Transaction successful. PIN and UB Card is valid.","ErrorCode":0}}
[2015-04-04 04:47:50.526943][REQUEST][Withdraw] Input: {"ServiceID":"19","CardNumber":"UB44KZKQ","Amount":"500.00","SiteID":"233","AID":"132","SystemUsername":"kcashier","AccessDate":"2015-04-04 04:47:50","Token":"a67f2e48748a1956529a8a748223baa47ed16093"}
[2015-04-04 04:47:50.729947][RESPONSE][Withdraw] Token: a67f2e48748a1956529a8a748223baa47ed16093 Output: {"Withdraw":{"TransactionMessage":"Withdraw Failed, There was a pending transaction for this card.","ErrorCode":11}}
[2015-04-04 04:52:39.735523][REQUEST][CheckPin] Input: {"CardNumber":"UB44KZKQ","PIN":"123456","SystemUsername":"kcashier","AccessDate":"2015-04-04 04:52:39","Token":"6ce331831bc9e59ebbf9eeb34d1fab7c20da7208"}
[2015-04-04 04:52:39.776670][RESPONSE][CheckPin] Token: 6ce331831bc9e59ebbf9eeb34d1fab7c20da7208 Output: {"checkPin":{"TransactionMessage":"Transaction successful. PIN and UB Card is valid.","ErrorCode":0}}
[2015-04-04 04:52:39.978900][REQUEST][Withdraw] Input: {"ServiceID":"19","CardNumber":"UB44KZKQ","Amount":"500.00","SiteID":"233","AID":"132","SystemUsername":"kcashier","AccessDate":"2015-04-04 04:52:39","Token":"6ce331831bc9e59ebbf9eeb34d1fab7c20da7208"}
[2015-04-04 04:52:41.580809][RESPONSE][Withdraw] Token: 6ce331831bc9e59ebbf9eeb34d1fab7c20da7208 Output: {"Withdraw":{"TransactionMessage":"e-wallet withdraw successful","ErrorCode":0}}
[2015-04-04 04:58:48.268049][REQUEST][CheckPin] Input: {"CardNumber":"UB44KZKQ","PIN":"123456","SystemUsername":"kcashier","AccessDate":"2015-04-04 04:58:48","Token":"37884d549cfb83920a354ade326d48c90e89626d"}
[2015-04-04 04:58:48.307685][RESPONSE][CheckPin] Token: 37884d549cfb83920a354ade326d48c90e89626d Output: {"checkPin":{"TransactionMessage":"Transaction successful. PIN and UB Card is valid.","ErrorCode":0}}
[2015-04-04 04:58:48.514154][REQUEST][Withdraw] Input: {"ServiceID":"19","CardNumber":"UB44KZKQ","Amount":"500.00","SiteID":"233","AID":"132","SystemUsername":"kcashier","AccessDate":"2015-04-04 04:58:48","Token":"37884d549cfb83920a354ade326d48c90e89626d"}
[2015-04-04 04:58:49.49177][RESPONSE][Withdraw] Token: 37884d549cfb83920a354ade326d48c90e89626d Output: {"Withdraw":{"TransactionMessage":"e-wallet withdraw successful","ErrorCode":0}}
