2014/11/11 13:30:46 [error] [php] Undefined variable: mid (C:\Apache2.2\htdocs\kronus-egm-ws-abbott\protected\controllers\WsKapiController.php:538)
Stack trace:
#0 C:\Apache2.2\htdocs\yii\framework\web\CController.php(286): WsKapiController->runAction()
#1 C:\Apache2.2\htdocs\yii\framework\web\CController.php(265): WsKapiController->runActionWithFilters()
#2 C:\Apache2.2\htdocs\yii\framework\web\CWebApplication.php(282): WsKapiController->run()
#3 C:\Apache2.2\htdocs\yii\framework\web\CWebApplication.php(141): CWebApplication->runController()
#4 C:\Apache2.2\htdocs\yii\framework\base\CApplication.php(169): CWebApplication->processRequest()
#5 C:\Apache2.2\htdocs\kronus-egm-ws-abbott\index.php(13): CWebApplication->run()
REQUEST_URI=/kronus-egm-ws-abbott/index.php/wsKapi/getmembershipinfo
in C:\Apache2.2\htdocs\kronus-egm-ws-abbott\protected\controllers\WsKapiController.php (538)
in C:\Apache2.2\htdocs\kronus-egm-ws-abbott\index.php (13)
2014/11/11 13:31:13 [error] [php] Undefined variable: mid (C:\Apache2.2\htdocs\kronus-egm-ws-abbott\protected\controllers\WsKapiController.php:538)
Stack trace:
#0 C:\Apache2.2\htdocs\yii\framework\web\CController.php(286): WsKapiController->runAction()
#1 C:\Apache2.2\htdocs\yii\framework\web\CController.php(265): WsKapiController->runActionWithFilters()
#2 C:\Apache2.2\htdocs\yii\framework\web\CWebApplication.php(282): WsKapiController->run()
#3 C:\Apache2.2\htdocs\yii\framework\web\CWebApplication.php(141): CWebApplication->runController()
#4 C:\Apache2.2\htdocs\yii\framework\base\CApplication.php(169): CWebApplication->processRequest()
#5 C:\Apache2.2\htdocs\kronus-egm-ws-abbott\index.php(13): CWebApplication->run()
REQUEST_URI=/kronus-egm-ws-abbott/index.php/wsKapi/getmembershipinfo
in C:\Apache2.2\htdocs\kronus-egm-ws-abbott\protected\controllers\WsKapiController.php (538)
in C:\Apache2.2\htdocs\kronus-egm-ws-abbott\index.php (13)
2014/11/11 13:31:33 [error] [php] Undefined variable: mid (C:\Apache2.2\htdocs\kronus-egm-ws-abbott\protected\controllers\WsKapiController.php:538)
Stack trace:
#0 C:\Apache2.2\htdocs\yii\framework\web\CController.php(286): WsKapiController->runAction()
#1 C:\Apache2.2\htdocs\yii\framework\web\CController.php(265): WsKapiController->runActionWithFilters()
#2 C:\Apache2.2\htdocs\yii\framework\web\CWebApplication.php(282): WsKapiController->run()
#3 C:\Apache2.2\htdocs\yii\framework\web\CWebApplication.php(141): CWebApplication->runController()
#4 C:\Apache2.2\htdocs\yii\framework\base\CApplication.php(169): CWebApplication->processRequest()
#5 C:\Apache2.2\htdocs\kronus-egm-ws-abbott\index.php(13): CWebApplication->run()
REQUEST_URI=/kronus-egm-ws-abbott/index.php/wsKapi/getmembershipinfo
in C:\Apache2.2\htdocs\kronus-egm-ws-abbott\protected\controllers\WsKapiController.php (538)
in C:\Apache2.2\htdocs\kronus-egm-ws-abbott\index.php (13)
2014/11/11 13:32:19 [error] [php] Undefined variable: mid (C:\Apache2.2\htdocs\kronus-egm-ws-abbott\protected\controllers\WsKapiController.php:538)
Stack trace:
#0 C:\Apache2.2\htdocs\yii\framework\web\CController.php(286): WsKapiController->runAction()
#1 C:\Apache2.2\htdocs\yii\framework\web\CController.php(265): WsKapiController->runActionWithFilters()
#2 C:\Apache2.2\htdocs\yii\framework\web\CWebApplication.php(282): WsKapiController->run()
#3 C:\Apache2.2\htdocs\yii\framework\web\CWebApplication.php(141): CWebApplication->runController()
#4 C:\Apache2.2\htdocs\yii\framework\base\CApplication.php(169): CWebApplication->processRequest()
#5 C:\Apache2.2\htdocs\kronus-egm-ws-abbott\index.php(13): CWebApplication->run()
REQUEST_URI=/kronus-egm-ws-abbott/index.php/wsKapi/getmembershipinfo
in C:\Apache2.2\htdocs\kronus-egm-ws-abbott\protected\controllers\WsKapiController.php (538)
in C:\Apache2.2\htdocs\kronus-egm-ws-abbott\index.php (13)
2014/11/11 13:32:20 [error] [php] Undefined variable: mid (C:\Apache2.2\htdocs\kronus-egm-ws-abbott\protected\controllers\WsKapiController.php:538)
Stack trace:
#0 C:\Apache2.2\htdocs\yii\framework\web\CController.php(286): WsKapiController->runAction()
#1 C:\Apache2.2\htdocs\yii\framework\web\CController.php(265): WsKapiController->runActionWithFilters()
#2 C:\Apache2.2\htdocs\yii\framework\web\CWebApplication.php(282): WsKapiController->run()
#3 C:\Apache2.2\htdocs\yii\framework\web\CWebApplication.php(141): CWebApplication->runController()
#4 C:\Apache2.2\htdocs\yii\framework\base\CApplication.php(169): CWebApplication->processRequest()
#5 C:\Apache2.2\htdocs\kronus-egm-ws-abbott\index.php(13): CWebApplication->run()
REQUEST_URI=/kronus-egm-ws-abbott/index.php/wsKapi/getmembershipinfo
in C:\Apache2.2\htdocs\kronus-egm-ws-abbott\protected\controllers\WsKapiController.php (538)
in C:\Apache2.2\htdocs\kronus-egm-ws-abbott\index.php (13)
