2014/11/06 16:34:49 [error] [exception.CDbException] exception 'CDbException' with message 'CDbConnection failed to open the DB connection: SQLSTATE[42000] [1044] Access denied for user 'pegsgenconn'@'%' to database 'npos_abtgen'' in C:\Apache2.2\htdocs\yii\framework\db\CDbConnection.php:381
Stack trace:
#0 C:\Apache2.2\htdocs\yii\framework\db\CDbConnection.php(330): CDbConnection->open()
#1 C:\Apache2.2\htdocs\yii\framework\db\CDbConnection.php(308): CDbConnection->setActive(true)
#2 C:\Apache2.2\htdocs\yii\framework\base\CModule.php(387): CDbConnection->init()
#3 C:\Apache2.2\htdocs\yii\framework\base\CModule.php(103): CModule->getComponent('db')
#4 C:\Apache2.2\htdocs\kronus-egm-ws-abbott\protected\models\TerminalsModel.php(16): CModule->__get('db')
#5 C:\Apache2.2\htdocs\kronus-egm-ws-abbott\protected\controllers\WsKapiController.php(2018): TerminalsModel->__construct()
#6 C:\Apache2.2\htdocs\yii\framework\web\actions\CInlineAction.php(49): WsKapiController->actionRedeemSession()
#7 C:\Apache2.2\htdocs\yii\framework\web\CController.php(308): CInlineAction->runWithParams(Array)
#8 C:\Apache2.2\htdocs\yii\framework\web\CController.php(286): CController->runAction(Object(CInlineAction))
#9 C:\Apache2.2\htdocs\yii\framework\web\CController.php(265): CController->runActionWithFilters(Object(CInlineAction), Array)
#10 C:\Apache2.2\htdocs\yii\framework\web\CWebApplication.php(282): CController->run('redeemsession')
#11 C:\Apache2.2\htdocs\yii\framework\web\CWebApplication.php(141): CWebApplication->runController('wsKapi/redeemse...')
#12 C:\Apache2.2\htdocs\yii\framework\base\CApplication.php(169): CWebApplication->processRequest()
#13 C:\Apache2.2\htdocs\kronus-egm-ws-abbott\index.php(13): CApplication->run()
#14 {main}
REQUEST_URI=/kronus-egm-ws-abbott/index.php/wsKapi/redeemsession
---
2014/11/06 16:35:09 [error] [exception.CDbException] exception 'CDbException' with message 'CDbConnection failed to open the DB connection: SQLSTATE[42000] [1044] Access denied for user 'pegsgenconn'@'%' to database 'npos'' in C:\Apache2.2\htdocs\yii\framework\db\CDbConnection.php:381
Stack trace:
#0 C:\Apache2.2\htdocs\yii\framework\db\CDbConnection.php(330): CDbConnection->open()
#1 C:\Apache2.2\htdocs\yii\framework\db\CDbConnection.php(308): CDbConnection->setActive(true)
#2 C:\Apache2.2\htdocs\yii\framework\base\CModule.php(387): CDbConnection->init()
#3 C:\Apache2.2\htdocs\yii\framework\base\CModule.php(103): CModule->getComponent('db')
#4 C:\Apache2.2\htdocs\kronus-egm-ws-abbott\protected\models\TerminalsModel.php(16): CModule->__get('db')
#5 C:\Apache2.2\htdocs\kronus-egm-ws-abbott\protected\controllers\WsKapiController.php(2018): TerminalsModel->__construct()
#6 C:\Apache2.2\htdocs\yii\framework\web\actions\CInlineAction.php(49): WsKapiController->actionRedeemSession()
#7 C:\Apache2.2\htdocs\yii\framework\web\CController.php(308): CInlineAction->runWithParams(Array)
#8 C:\Apache2.2\htdocs\yii\framework\web\CController.php(286): CController->runAction(Object(CInlineAction))
#9 C:\Apache2.2\htdocs\yii\framework\web\CController.php(265): CController->runActionWithFilters(Object(CInlineAction), Array)
#10 C:\Apache2.2\htdocs\yii\framework\web\CWebApplication.php(282): CController->run('redeemsession')
#11 C:\Apache2.2\htdocs\yii\framework\web\CWebApplication.php(141): CWebApplication->runController('wsKapi/redeemse...')
#12 C:\Apache2.2\htdocs\yii\framework\base\CApplication.php(169): CWebApplication->processRequest()
#13 C:\Apache2.2\htdocs\kronus-egm-ws-abbott\index.php(13): CApplication->run()
#14 {main}
REQUEST_URI=/kronus-egm-ws-abbott/index.php/wsKapi/redeemsession
---
2014/11/06 16:35:33 [error] [exception.CException] exception 'CException' with message 'Property "CWebApplication.db5" is not defined.' in C:\Apache2.2\htdocs\yii\framework\base\CComponent.php:130
Stack trace:
#0 C:\Apache2.2\htdocs\yii\framework\base\CModule.php(105): CComponent->__get('db5')
#1 C:\Apache2.2\htdocs\kronus-egm-ws-abbott\protected\models\TicketsModel.php(14): CModule->__get('db5')
#2 C:\Apache2.2\htdocs\kronus-egm-ws-abbott\protected\controllers\WsKapiController.php(2033): TicketsModel->__construct()
#3 C:\Apache2.2\htdocs\yii\framework\web\actions\CInlineAction.php(49): WsKapiController->actionRedeemSession()
#4 C:\Apache2.2\htdocs\yii\framework\web\CController.php(308): CInlineAction->runWithParams(Array)
#5 C:\Apache2.2\htdocs\yii\framework\web\CController.php(286): CController->runAction(Object(CInlineAction))
#6 C:\Apache2.2\htdocs\yii\framework\web\CController.php(265): CController->runActionWithFilters(Object(CInlineAction), Array)
#7 C:\Apache2.2\htdocs\yii\framework\web\CWebApplication.php(282): CController->run('redeemsession')
#8 C:\Apache2.2\htdocs\yii\framework\web\CWebApplication.php(141): CWebApplication->runController('wsKapi/redeemse...')
#9 C:\Apache2.2\htdocs\yii\framework\base\CApplication.php(169): CWebApplication->processRequest()
#10 C:\Apache2.2\htdocs\kronus-egm-ws-abbott\index.php(13): CApplication->run()
#11 {main}
REQUEST_URI=/kronus-egm-ws-abbott/index.php/wsKapi/redeemsession
---
2014/11/06 16:36:03 [error] [php] Undefined variable: terminal_id (C:\Apache2.2\htdocs\kronus-egm-ws-abbott\protected\controllers\WsKapiController.php:2107)
Stack trace:
#0 C:\Apache2.2\htdocs\yii\framework\web\CController.php(286): WsKapiController->runAction()
#1 C:\Apache2.2\htdocs\yii\framework\web\CController.php(265): WsKapiController->runActionWithFilters()
#2 C:\Apache2.2\htdocs\yii\framework\web\CWebApplication.php(282): WsKapiController->run()
#3 C:\Apache2.2\htdocs\yii\framework\web\CWebApplication.php(141): CWebApplication->runController()
#4 C:\Apache2.2\htdocs\yii\framework\base\CApplication.php(169): CWebApplication->processRequest()
#5 C:\Apache2.2\htdocs\kronus-egm-ws-abbott\index.php(13): CWebApplication->run()
REQUEST_URI=/kronus-egm-ws-abbott/index.php/wsKapi/redeemsession
in C:\Apache2.2\htdocs\kronus-egm-ws-abbott\protected\controllers\WsKapiController.php (2107)
in C:\Apache2.2\htdocs\kronus-egm-ws-abbott\index.php (13)
