2015/09/04 08:57:42 [error] [system.db.CDbCommand] CDbCommand::fetch() failed: SQLSTATE[42S22]: Column not found: 1054 Unknown column 'SiteClassification' in 'field list'. The SQL statement executed was: SELECT SiteClassification 
                FROM sites 
                WHERE SiteID = :siteID.
in C:\xampp\htdocs\kronus-egm\kapi-v15\protected\models\SitesModel.php (144)
in C:\xampp\htdocs\kronus-egm\kapi-v15\protected\controllers\WsKapiController.php (79)
in C:\xampp\htdocs\kronus-egm\kapi-v15\index.php (13)
2015/09/04 08:57:42 [error] [exception.CDbException] exception 'CDbException' with message 'CDbCommand failed to execute the SQL statement: SQLSTATE[42S22]: Column not found: 1054 Unknown column 'SiteClassification' in 'field list'. The SQL statement executed was: SELECT SiteClassification 
                FROM sites 
                WHERE SiteID = :siteID' in C:\xampp\htdocs\yii\framework\db\CDbCommand.php:541
Stack trace:
#0 C:\xampp\htdocs\yii\framework\db\CDbCommand.php(414): CDbCommand->queryInternal('fetch', Array, Array)
#1 C:\xampp\htdocs\kronus-egm\kapi-v15\protected\models\SitesModel.php(144): CDbCommand->queryRow()
#2 C:\xampp\htdocs\kronus-egm\kapi-v15\protected\controllers\WsKapiController.php(79): SitesModel->getSiteClassfication('167')
#3 C:\xampp\htdocs\yii\framework\web\actions\CInlineAction.php(49): WsKapiController->actionGetTerminalInfo()
#4 C:\xampp\htdocs\yii\framework\web\CController.php(308): CInlineAction->runWithParams(Array)
#5 C:\xampp\htdocs\yii\framework\web\CController.php(286): CController->runAction(Object(CInlineAction))
#6 C:\xampp\htdocs\yii\framework\web\CController.php(265): CController->runActionWithFilters(Object(CInlineAction), Array)
#7 C:\xampp\htdocs\yii\framework\web\CWebApplication.php(282): CController->run('getterminalinfo')
#8 C:\xampp\htdocs\yii\framework\web\CWebApplication.php(141): CWebApplication->runController('wsKapi/gettermi...')
#9 C:\xampp\htdocs\yii\framework\base\CApplication.php(169): CWebApplication->processRequest()
#10 C:\xampp\htdocs\kronus-egm\kapi-v15\index.php(13): CApplication->run()
#11 {main}
REQUEST_URI=/kronus-egm/kapi-v15/index.php/wsKapi/getterminalinfo
---
2015/09/04 08:57:52 [error] [php] Undefined index: SiteClassification (C:\xampp\htdocs\kronus-egm\kapi-v15\protected\models\SitesModel.php:146)
Stack trace:
#0 C:\xampp\htdocs\yii\framework\web\CController.php(308): CInlineAction->runWithParams()
#1 C:\xampp\htdocs\yii\framework\web\CController.php(286): WsKapiController->runAction()
#2 C:\xampp\htdocs\yii\framework\web\CController.php(265): WsKapiController->runActionWithFilters()
#3 C:\xampp\htdocs\yii\framework\web\CWebApplication.php(282): WsKapiController->run()
#4 C:\xampp\htdocs\yii\framework\web\CWebApplication.php(141): CWebApplication->runController()
#5 C:\xampp\htdocs\yii\framework\base\CApplication.php(169): CWebApplication->processRequest()
#6 C:\xampp\htdocs\kronus-egm\kapi-v15\index.php(13): CWebApplication->run()
REQUEST_URI=/kronus-egm/kapi-v15/index.php/wsKapi/getterminalinfo
in C:\xampp\htdocs\kronus-egm\kapi-v15\protected\models\SitesModel.php (146)
in C:\xampp\htdocs\kronus-egm\kapi-v15\protected\controllers\WsKapiController.php (79)
in C:\xampp\htdocs\kronus-egm\kapi-v15\index.php (13)
2015/09/04 09:20:38 [error] [php] Undefined variable: siteClass (C:\xampp\htdocs\kronus-egm\kapi-v15\protected\controllers\WsKapiController.php:408)
Stack trace:
#0 C:\xampp\htdocs\yii\framework\web\CController.php(286): WsKapiController->runAction()
#1 C:\xampp\htdocs\yii\framework\web\CController.php(265): WsKapiController->runActionWithFilters()
#2 C:\xampp\htdocs\yii\framework\web\CWebApplication.php(282): WsKapiController->run()
#3 C:\xampp\htdocs\yii\framework\web\CWebApplication.php(141): CWebApplication->runController()
#4 C:\xampp\htdocs\yii\framework\base\CApplication.php(169): CWebApplication->processRequest()
#5 C:\xampp\htdocs\kronus-egm\kapi-v15\index.php(13): CWebApplication->run()
REQUEST_URI=/kronus-egm/kapi-v15/index.php/wsKapi/getterminalinfo
in C:\xampp\htdocs\kronus-egm\kapi-v15\protected\controllers\WsKapiController.php (408)
in C:\xampp\htdocs\kronus-egm\kapi-v15\index.php (13)
