[01-Aug-2014 09:44:37]  [REGISTERMEMBER ERROR] One or more fields is not set or is blank.
[01-Aug-2014 09:44:37]  [REGISTERMEMBER ERROR] Failed to insert to APILogs.
[01-Aug-2014 09:47:17]  [REGISTERMEMBER ERROR] One or more fields is not set or is blank.
[01-Aug-2014 09:47:17]  [REGISTERMEMBER ERROR] Failed to insert to APILogs.
[01-Aug-2014 09:57:00] [REGISTRATION ERROR] Failed to send SMS: Error on logging event in database.
[01-Aug-2014 09:57:00]  [REGISTERMEMBER ERROR] Failed to insert to APILogs.
[01-Aug-2014 10:07:30]  [REGISTERMEMBER ERROR] Sorry, fdlsison@philweb.com.phalready belongs to an existing account. Please enter another email address.
[01-Aug-2014 10:07:30]  [REGISTERMEMBER ERROR] Failed to insert to APILogs.
[01-Aug-2014 10:13:39] [REGISTERMEMBER ERROR] Failed to send SMS.
[01-Aug-2014 10:13:39]  [REGISTERMEMBER ERROR] Failed to insert to APILogs.
[01-Aug-2014 10:15:26]  [REGISTERMEMBER SUCCESS] Registration is successful.
[01-Aug-2014 10:15:26]  [REGISTERMEMBER ERROR] Failed to insert to APILogs.
[01-Aug-2014 10:18:25]  [REGISTERMEMBER ERROR] Sorry, fdlsison@philweb.com.phalready belongs to an existing account. Please enter another email address.
[01-Aug-2014 10:18:25]  [REGISTERMEMBER ERROR] Failed to insert to APILogs.
[01-Aug-2014 10:18:47]  [REGISTERMEMBER SUCCESS] Registration is successful.
[01-Aug-2014 10:18:47]  [REGISTERMEMBER ERROR] Failed to insert to APILogs.
[01-Aug-2014 10:26:40]  [LOGIN ERROR] Account is Invalid.
[01-Aug-2014 10:26:40]  [LOGIN ERROR] Failed to insert to APILogs.
[01-Aug-2014 10:26:56]  [LOGIN SUCCESS] Login successful.
[01-Aug-2014 10:26:56]  [LOGIN ERROR] Failed to insert to APILogs.
[01-Aug-2014 10:27:30]  [FORGOTPASSWORD ERROR] Failed to insert to Audittrail.
[01-Aug-2014 10:27:30]  [FORGOTPASSWORD ERROR] Failed to insert to APILogs.
[01-Aug-2014 10:27:30]  [FORGOTPASSWORD ERROR] Failed to insert to APILogs.
[01-Aug-2014 10:27:53]  [FORGOTPASSWORD ERROR] Failed to insert to Audittrail.
[01-Aug-2014 10:27:53]  [FORGOTPASSWORD ERROR] Failed to insert to APILogs.
[01-Aug-2014 10:27:53]  [FORGOTPASSWORD ERROR] Failed to insert to APILogs.
[01-Aug-2014 10:29:21]  [GETPROFILE ERROR] Failed to insert to Audittrail.
[01-Aug-2014 10:29:21]  [GETPROFILE SUCCESS] Get member profile is successful.
[01-Aug-2014 10:29:21]  [GETPROFILE ERROR] Failed to insert to APILogs.
[01-Aug-2014 10:37:35]  [LOGIN SUCCESS] Login successful.
[01-Aug-2014 10:37:35]  [LOGIN ERROR] Failed to insert to APILogs.
[01-Aug-2014 10:40:00]  [LISTITEMS ERROR] Not connected.
[01-Aug-2014 10:40:00]  [LISTITEMS ERROR] Failed to insert to APILogs.
[01-Aug-2014 10:40:12]  [LOGIN SUCCESS] Login successful.
[01-Aug-2014 10:40:12]  [LOGIN ERROR] Failed to insert to APILogs.
[01-Aug-2014 10:40:24]  [UPDATEPROFILE SUCCESS] Update profile successful.
[01-Aug-2014 10:40:24]  [UPDATEPROFILE ERROR] Failed to insert to APILogs.
[01-Aug-2014 10:44:22]  [CHECKPOINTS ERROR] Failed to insert to Audittrail.
[01-Aug-2014 10:44:22]  [CHECKPOINTS SUCCESSFUL] Check Points is successful.
[01-Aug-2014 10:44:22]  [CHECKPOINTS ERROR] Failed to insert to APILogs.
[01-Aug-2014 10:44:35]  [CHECKPOINTS ERROR] Failed to insert to Audittrail.
[01-Aug-2014 10:44:35]  [CHECKPOINTS SUCCESSFUL] Check Points is successful.
[01-Aug-2014 10:44:35]  [CHECKPOINTS ERROR] Failed to insert to APILogs.
[01-Aug-2014 10:46:37]  [LISTITEMS ERROR] Not connected.
[01-Aug-2014 10:46:37]  [LISTITEMS ERROR] Failed to insert to APILogs.
[01-Aug-2014 10:53:59]  [LOGIN SUCCESS] Login successful.
[01-Aug-2014 10:53:59]  [LOGIN ERROR] Failed to insert to APILogs.
[01-Aug-2014 10:54:18]  [GETPROFILE ERROR] Failed to insert to Audittrail.
[01-Aug-2014 10:54:18]  [GETPROFILE SUCCESS] Get member profile is successful.
[01-Aug-2014 10:54:18]  [GETPROFILE ERROR] Failed to insert to APILogs.
[01-Aug-2014 10:54:38]  [LISTITEMS ERROR] Failed to insert to Audittrail.
[01-Aug-2014 10:54:38]  [LISTITEMS SUCCESSFUL] List Items is successful.
[01-Aug-2014 10:54:38]  [LISTITEMS ERROR] Failed to insert to APILogs.
[01-Aug-2014 10:55:21]  [LISTITEMS ERROR] Failed to insert to Audittrail.
[01-Aug-2014 10:55:21]  [LISTITEMS SUCCESSFUL] List Items is successful.
[01-Aug-2014 10:55:21]  [LISTITEMS ERROR] Failed to insert to APILogs.
[01-Aug-2014 11:26:10] [REGISTERMEMBER ERROR] Failed to send SMS.
[01-Aug-2014 11:26:10]  [REGISTERMEMBER ERROR] Failed to insert to APILogs.
[01-Aug-2014 11:44:52]  [LOGIN SUCCESS] Login successful.
[01-Aug-2014 11:44:52]  [LOGIN ERROR] Failed to insert to APILogs.
[01-Aug-2014 12:03:22] [ITEM REDEMPTION ERROR] Failed to log event on Audit Trail.
[01-Aug-2014 12:03:22]  [REDEEMITEMS ERROR] CP: , Item: , RP: 10
[01-Aug-2014 12:03:22]  [REDEEMITEMS ERROR] Failed to insert to APILogs.
[01-Aug-2014 13:24:44] [ITEM REDEMPTION ERROR] There is already an active transaction
[01-Aug-2014 13:24:44] [ITEM REDEMPTION ERROR] Transaction Failed. Failed to Start Item Redemption. Processed By: 32, Request By:  32, RewardItemID: 126, Total Quantity Requested: 1, Total no. of Item successfully redeemed: 0
[01-Aug-2014 13:25:33] [ITEM REDEMPTION ERROR] There is already an active transaction
[01-Aug-2014 13:25:33] [ITEM REDEMPTION ERROR] Transaction Failed. Failed to Start Item Redemption. Processed By: 32, Request By:  32, RewardItemID: 126, Total Quantity Requested: 1, Total no. of Item successfully redeemed: 0
[01-Aug-2014 13:27:04]  [LOGIN SUCCESS] Login successful.
[01-Aug-2014 13:27:04]  [LOGIN ERROR] Failed to insert to APILogs.
[01-Aug-2014 13:27:26]  [REDEEMITEMS ERROR] Transaction failed. Card has a pending redemption.
[01-Aug-2014 13:27:26]  [REDEEMITEMS ERROR] Failed to insert to APILogs.
[01-Aug-2014 13:27:37] [ITEM REDEMPTION ERROR] There is already an active transaction
[01-Aug-2014 13:27:37] [ITEM REDEMPTION ERROR] Transaction Failed. Failed to Start Item Redemption. Processed By: 32, Request By:  32, RewardItemID: 126, Total Quantity Requested: 1, Total no. of Item successfully redeemed: 0
[01-Aug-2014 13:39:10] [ITEM REDEMPTION ERROR] Failed to log event on Audit Trail.
[01-Aug-2014 13:39:10]  [REDEEMITEMS ERROR] CP: , Item: , RP: 10
[01-Aug-2014 13:39:10]  [REDEEMITEMS ERROR] Failed to insert to APILogs.
[01-Aug-2014 13:54:21] [ITEM REDEMPTION ERROR] Failed to log event on Audit Trail.
[01-Aug-2014 13:54:21]  [REDEEMITEMS ERROR] CP: , Item: , RP: 10
[01-Aug-2014 13:54:21]  [REDEEMITEMS ERROR] Failed to insert to APILogs.
[01-Aug-2014 13:54:42]  [LOGIN SUCCESS] Login successful.
[01-Aug-2014 13:54:42]  [LOGIN ERROR] Failed to insert to APILogs.
[01-Aug-2014 13:55:21] [ITEM REDEMPTION ERROR] Failed to log event on Audit Trail.
[01-Aug-2014 13:55:21]  [REDEEMITEMS ERROR] Transaction failed. Number of available item is insufficient.
[01-Aug-2014 13:55:21]  [REDEEMITEMS ERROR] Failed to insert to APILogs.
[01-Aug-2014 13:55:36] [ITEM REDEMPTION ERROR] Failed to log event on Audit Trail.
[01-Aug-2014 13:55:36]  [REDEEMITEMS ERROR] CP: , Item: , RP: 10
[01-Aug-2014 13:55:36]  [REDEEMITEMS ERROR] Failed to insert to APILogs.
[01-Aug-2014 14:04:52] [ITEM REDEMPTION ERROR] Failed to log event on Audit Trail.
[01-Aug-2014 14:04:52]  [REDEEMITEMS ERROR] CP: , Item: , RP: 10
[01-Aug-2014 14:04:52]  [REDEEMITEMS ERROR] Failed to insert to APILogs.
[01-Aug-2014 14:17:59] [ITEM REDEMPTION ERROR] There is already an active transaction
[01-Aug-2014 14:17:59] [ITEM REDEMPTION ERROR] Transaction Failed. Failed to Start Item Redemption. Processed By: 32, Request By:  32, RewardItemID: 126, Total Quantity Requested: 1, Total no. of Item successfully redeemed: 0
[01-Aug-2014 14:27:10] [ITEM REDEMPTION ERROR] There is already an active transaction
[01-Aug-2014 14:27:10] [ITEM REDEMPTION ERROR] Transaction Failed. Failed to Start Item Redemption. Processed By: 32, Request By:  32, RewardItemID: 126, Total Quantity Requested: 1, Total no. of Item successfully redeemed: 0
[01-Aug-2014 14:27:48] [ITEM REDEMPTION ERROR] Failed to log event on Audit Trail.
[01-Aug-2014 14:27:48]  [REDEEMITEMS ERROR] Transaction failed. Number of available item is insufficient.
[01-Aug-2014 14:27:48]  [REDEEMITEMS ERROR] Failed to insert to APILogs.
[01-Aug-2014 14:28:15] [ITEM REDEMPTION ERROR] There is already an active transaction
[01-Aug-2014 14:28:15] [ITEM REDEMPTION ERROR] Transaction Failed. Failed to Start Item Redemption. Processed By: 32, Request By:  32, RewardItemID: 126, Total Quantity Requested: 1, Total no. of Item successfully redeemed: 0
[01-Aug-2014 14:35:02] [ITEM REDEMPTION ERROR] There is already an active transaction
[01-Aug-2014 14:35:02] [ITEM REDEMPTION ERROR] Transaction Failed. Failed to Start Item Redemption. Processed By: 32, Request By:  32, RewardItemID: 126, Total Quantity Requested: 1, Total no. of Item successfully redeemed: 0
[01-Aug-2014 14:37:24] [ITEM REDEMPTION ERROR] There is already an active transaction
[01-Aug-2014 14:37:24] [ITEM REDEMPTION ERROR] Transaction Failed. Failed to Start Item Redemption. Processed By: 32, Request By:  32, RewardItemID: 126, Total Quantity Requested: 1, Total no. of Item successfully redeemed: 0
[01-Aug-2014 14:37:44]  [LOGIN SUCCESS] Login successful.
[01-Aug-2014 14:37:44]  [LOGIN ERROR] Failed to insert to APILogs.
[01-Aug-2014 14:38:16] [ITEM REDEMPTION ERROR] There is already an active transaction
[01-Aug-2014 14:38:16] [ITEM REDEMPTION ERROR] Transaction Failed. Failed to Start Item Redemption. Processed By: 32, Request By:  32, RewardItemID: 126, Total Quantity Requested: 1, Total no. of Item successfully redeemed: 0
[01-Aug-2014 14:39:44]  [REDEEMITEMS ERROR] Transaction failed. Card has a pending redemption.
[01-Aug-2014 14:39:44]  [REDEEMITEMS ERROR] Failed to insert to APILogs.
[01-Aug-2014 14:39:57]  [REDEEMITEMS ERROR] Transaction failed. Card has a pending redemption.
[01-Aug-2014 14:39:57]  [REDEEMITEMS ERROR] Failed to insert to APILogs.
[01-Aug-2014 14:40:06] [ITEM REDEMPTION ERROR] There is already an active transaction
[01-Aug-2014 14:40:06] [ITEM REDEMPTION ERROR] Transaction Failed. Failed to Start Item Redemption. Processed By: 32, Request By:  32, RewardItemID: 126, Total Quantity Requested: 1, Total no. of Item successfully redeemed: 0
[01-Aug-2014 14:41:14] [ITEM REDEMPTION ERROR] Failed to log event on Audit Trail.
[01-Aug-2014 14:41:14]  [REDEEMITEMS ERROR] Transaction failed. Number of available item is insufficient.
[01-Aug-2014 14:41:14]  [REDEEMITEMS ERROR] Failed to insert to APILogs.
[01-Aug-2014 14:41:37] [ITEM REDEMPTION ERROR] There is already an active transaction
[01-Aug-2014 14:41:37] [ITEM REDEMPTION ERROR] Transaction Failed. Failed to Start Item Redemption. Processed By: 32, Request By:  32, RewardItemID: 126, Total Quantity Requested: 1, Total no. of Item successfully redeemed: 0
[01-Aug-2014 14:41:37] [ITEM REDEMPTION ERROR] Failed to log event on Audit Trail.
[01-Aug-2014 14:41:37]  [REDEEMITEMS ERROR] Transaction Failed. Failed to Start Item Redemption.
[01-Aug-2014 14:42:41]  [REDEEMITEMS ERROR] Transaction failed. Card has a pending redemption.
[01-Aug-2014 14:42:41]  [REDEEMITEMS ERROR] Failed to insert to APILogs.
[01-Aug-2014 14:42:51] [ITEM REDEMPTION ERROR] There is already an active transaction
[01-Aug-2014 14:42:51] [ITEM REDEMPTION ERROR] Transaction Failed. Failed to Start Item Redemption. Processed By: 32, Request By:  32, RewardItemID: 126, Total Quantity Requested: 1, Total no. of Item successfully redeemed: 0
[01-Aug-2014 14:42:51] [ITEM REDEMPTION ERROR] Failed to log event on Audit Trail.
[01-Aug-2014 14:42:51]  [REDEEMITEMS ERROR] Transaction Failed. Failed to Start Item Redemption.
[01-Aug-2014 14:42:51]  [REDEEMITEMS ERROR] Transaction Failed. Failed to Start Item Redemption.
[01-Aug-2014 14:46:28] [ITEM REDEMPTION ERROR] There is already an active transaction
[01-Aug-2014 14:46:28] [ITEM REDEMPTION ERROR] Transaction Failed. Failed to Start Item Redemption. Processed By: 32, Request By:  32, RewardItemID: 126, Total Quantity Requested: 1, Total no. of Item successfully redeemed: 0
[01-Aug-2014 14:46:28]  [REDEEMITEMS ERROR] Failed to insert to APILogs.
[01-Aug-2014 14:46:28] [ITEM REDEMPTION ERROR] Failed to log event on Audit Trail.
[01-Aug-2014 14:46:28]  [REDEEMITEMS ERROR] Transaction Failed. Failed to Start Item Redemption.
[01-Aug-2014 14:46:28]  [REDEEMITEMS ERROR] Failed to insert to APILogs.
[01-Aug-2014 14:46:28]  [REDEEMITEMS ERROR] Transaction Failed. Failed to Start Item Redemption.
[01-Aug-2014 14:46:28]  [REDEEMITEMS ERROR] Failed to insert to APILogs.
[01-Aug-2014 14:50:15] [ITEM REDEMPTION ERROR] There is already an active transaction
[01-Aug-2014 14:50:15] [ITEM REDEMPTION ERROR] Transaction Failed. Failed to Start Item Redemption. Processed By: 32, Request By:  32, RewardItemID: 126, Total Quantity Requested: 1, Total no. of Item successfully redeemed: 0
[01-Aug-2014 14:50:15]  [REDEEMITEMS ERROR] Failed to insert to APILogs.
[01-Aug-2014 14:50:15] [ITEM REDEMPTION ERROR] Failed to log event on Audit Trail.
[01-Aug-2014 14:50:15]  [REDEEMITEMS ERROR] Transaction Failed. Failed to Start Item Redemption.
[01-Aug-2014 14:50:15]  [REDEEMITEMS ERROR] Failed to insert to APILogs.
[01-Aug-2014 14:50:15]  [REDEEMITEMS ERROR] Transaction Failed. Failed to Start Item Redemption.
[01-Aug-2014 14:50:15]  [REDEEMITEMS ERROR] Failed to insert to APILogs.
[01-Aug-2014 14:52:00] [ITEM REDEMPTION ERROR] There is already an active transaction
[01-Aug-2014 14:52:00] [ITEM REDEMPTION ERROR] Transaction Failed. Failed to Start Item Redemption. Processed By: 32, Request By:  32, RewardItemID: 126, Total Quantity Requested: 1, Total no. of Item successfully redeemed: 0
[01-Aug-2014 14:52:00]  [REDEEMITEMS ERROR] Failed to insert to APILogs.
[01-Aug-2014 14:52:00] [ITEM REDEMPTION ERROR] Failed to log event on Audit Trail.
[01-Aug-2014 14:52:00]  [REDEEMITEMS ERROR] Transaction Failed. Failed to Start Item Redemption.
[01-Aug-2014 14:52:00]  [REDEEMITEMS ERROR] Failed to insert to APILogs.
[01-Aug-2014 14:52:00]  [REDEEMITEMS ERROR] Transaction Failed. Failed to Start Item Redemption.
[01-Aug-2014 14:52:00]  [REDEEMITEMS ERROR] Failed to insert to APILogs.
[01-Aug-2014 14:52:35] [ITEM REDEMPTION ERROR] There is already an active transaction
[01-Aug-2014 14:52:35] [ITEM REDEMPTION ERROR] Transaction Failed. Failed to Start Item Redemption. Processed By: 32, Request By:  32, RewardItemID: 126, Total Quantity Requested: 1, Total no. of Item successfully redeemed: 0
[01-Aug-2014 14:52:35]  [REDEEMITEMS ERROR] Failed to insert to APILogs.
[01-Aug-2014 14:52:35] [ITEM REDEMPTION ERROR] Failed to log event on Audit Trail.
[01-Aug-2014 14:52:35]  [REDEEMITEMS ERROR] Transaction Failed. Failed to Start Item Redemption.
[01-Aug-2014 14:52:35]  [REDEEMITEMS ERROR] Failed to insert to APILogs.
[01-Aug-2014 14:52:35]  [REDEEMITEMS ERROR] Transaction Failed. Failed to Start Item Redemption.
[01-Aug-2014 14:52:35]  [REDEEMITEMS ERROR] Failed to insert to APILogs.
[01-Aug-2014 14:54:38] [ITEM REDEMPTION ERROR] There is already an active transaction
[01-Aug-2014 14:54:38] [ITEM REDEMPTION ERROR] Transaction Failed. Failed to Start Item Redemption. Processed By: 32, Request By:  32, RewardItemID: 126, Total Quantity Requested: 1, Total no. of Item successfully redeemed: 0
[01-Aug-2014 14:54:38]  [REDEEMITEMS ERROR] Failed to insert to APILogs.
[01-Aug-2014 14:54:38] [ITEM REDEMPTION ERROR] Failed to log event on Audit Trail.
[01-Aug-2014 14:54:38]  [REDEEMITEMS ERROR] Transaction Failed. Failed to Start Item Redemption.
[01-Aug-2014 14:54:38]  [REDEEMITEMS ERROR] Failed to insert to APILogs.
[01-Aug-2014 14:54:38]  [REDEEMITEMS ERROR] Transaction Failed. Failed to Start Item Redemption.
[01-Aug-2014 14:54:38]  [REDEEMITEMS ERROR] Failed to insert to APILogs.
[01-Aug-2014 14:59:38]  [REDEEMITEMS ERROR] Transaction failed. Card has a pending redemption.
[01-Aug-2014 14:59:38]  [REDEEMITEMS ERROR] Failed to insert to APILogs.
[01-Aug-2014 14:59:59] [ITEM REDEMPTION ERROR] There is already an active transaction
[01-Aug-2014 14:59:59] [ITEM REDEMPTION ERROR] Transaction Failed. Failed to Start Item Redemption. Processed By: 32, Request By:  32, RewardItemID: 126, Total Quantity Requested: 1, Total no. of Item successfully redeemed: 0
[01-Aug-2014 14:59:59]  [REDEEMITEMS ERROR] Failed to insert to APILogs.
[01-Aug-2014 14:59:59] [ITEM REDEMPTION ERROR] Failed to log event on Audit Trail.
[01-Aug-2014 14:59:59]  [REDEEMITEMS ERROR] Transaction Failed. Failed to Start Item Redemption.
[01-Aug-2014 14:59:59]  [REDEEMITEMS ERROR] Failed to insert to APILogs.
[01-Aug-2014 14:59:59]  [REDEEMITEMS ERROR] Transaction Failed. Failed to Start Item Redemption.
[01-Aug-2014 14:59:59]  [REDEEMITEMS ERROR] Failed to insert to APILogs.
[01-Aug-2014 15:00:27] [ITEM REDEMPTION ERROR] There is already an active transaction
[01-Aug-2014 15:00:27] [ITEM REDEMPTION ERROR] Transaction Failed. Failed to Start Item Redemption. Processed By: 32, Request By:  32, RewardItemID: 126, Total Quantity Requested: 1, Total no. of Item successfully redeemed: 0
[01-Aug-2014 15:00:27]  [REDEEMITEMS ERROR] Failed to insert to APILogs.
[01-Aug-2014 15:00:27] [ITEM REDEMPTION ERROR] Failed to log event on Audit Trail.
[01-Aug-2014 15:00:27]  [REDEEMITEMS ERROR] Transaction Failed. Failed to Start Item Redemption.
[01-Aug-2014 15:00:27]  [REDEEMITEMS ERROR] Failed to insert to APILogs.
[01-Aug-2014 15:00:27]  [REDEEMITEMS ERROR] Transaction Failed. Failed to Start Item Redemption.
[01-Aug-2014 15:00:27]  [REDEEMITEMS ERROR] Failed to insert to APILogs.
[01-Aug-2014 15:02:27] [ITEM REDEMPTION ERROR] There is already an active transaction
[01-Aug-2014 15:02:27] [ITEM REDEMPTION ERROR] Transaction Failed. Failed to Start Item Redemption. Processed By: 32, Request By:  32, RewardItemID: 126, Total Quantity Requested: 1, Total no. of Item successfully redeemed: 0
[01-Aug-2014 15:02:27]  [REDEEMITEMS ERROR] Failed to insert to APILogs.
[01-Aug-2014 15:02:27] [ITEM REDEMPTION ERROR] Failed to log event on Audit Trail.
[01-Aug-2014 15:02:27]  [REDEEMITEMS ERROR] Transaction Failed. Failed to Start Item Redemption.
[01-Aug-2014 15:02:27]  [REDEEMITEMS ERROR] Failed to insert to APILogs.
[01-Aug-2014 15:02:27]  [REDEEMITEMS ERROR] Transaction Failed. Failed to Start Item Redemption.
[01-Aug-2014 15:02:27]  [REDEEMITEMS ERROR] Failed to insert to APILogs.
[01-Aug-2014 15:08:32] [ITEM REDEMPTION ERROR] There is already an active transaction
[01-Aug-2014 15:08:32] [ITEM REDEMPTION ERROR] Transaction Failed. Failed to Start Item Redemption. Processed By: 32, Request By:  32, RewardItemID: 126, Total Quantity Requested: 1, Total no. of Item successfully redeemed: 0
[01-Aug-2014 15:08:32]  [REDEEMITEMS ERROR] Failed to insert to APILogs.
[01-Aug-2014 15:08:32] [ITEM REDEMPTION ERROR] Failed to log event on Audit Trail.
[01-Aug-2014 15:08:32]  [REDEEMITEMS ERROR] Transaction Failed. Failed to Start Item Redemption.
[01-Aug-2014 15:08:32]  [REDEEMITEMS ERROR] Failed to insert to APILogs.
[01-Aug-2014 15:08:32]  [REDEEMITEMS ERROR] Transaction Failed. Failed to Start Item Redemption.
[01-Aug-2014 15:08:32]  [REDEEMITEMS ERROR] Failed to insert to APILogs.
[01-Aug-2014 15:17:04] [ITEM REDEMPTION ERROR] There is already an active transaction
[01-Aug-2014 15:17:04] [ITEM REDEMPTION ERROR] Transaction Failed. Failed to Start Item Redemption. Processed By: 32, Request By:  32, RewardItemID: 126, Total Quantity Requested: 1, Total no. of Item successfully redeemed: 0
[01-Aug-2014 15:17:04]  [REDEEMITEMS ERROR] Failed to insert to APILogs.
[01-Aug-2014 15:24:34] [ITEM REDEMPTION ERROR] There is already an active transaction
[01-Aug-2014 15:24:34] [ITEM REDEMPTION ERROR] Transaction Failed. Failed to Start Item Redemption. Processed By: 32, Request By:  32, RewardItemID: 126, Total Quantity Requested: 1, Total no. of Item successfully redeemed: 0
[01-Aug-2014 15:24:34]  [REDEEMITEMS ERROR] Failed to insert to APILogs.
[01-Aug-2014 15:26:25] [ITEM REDEMPTION ERROR] There is already an active transaction
[01-Aug-2014 15:26:25] [ITEM REDEMPTION ERROR] Transaction Failed. Failed to Start Item Redemption. Processed By: 32, Request By:  32, RewardItemID: 126, Total Quantity Requested: 1, Total no. of Item successfully redeemed: 0
[01-Aug-2014 15:26:25]  [REDEEMITEMS ERROR] Failed to insert to APILogs.
[01-Aug-2014 15:29:34] [ITEM REDEMPTION ERROR] Failed to log event on Audit Trail.
[01-Aug-2014 15:29:34]  [REDEEMITEMS ERROR] Transaction failed. Number of available item is insufficient.
[01-Aug-2014 15:29:34]  [REDEEMITEMS ERROR] Failed to insert to APILogs.
[01-Aug-2014 15:34:33] [ITEM REDEMPTION ERROR] Transaction Failed. Error in redemption logging.
[01-Aug-2014 15:34:33]  [REDEEMITEMS ERROR] Failed to insert to APILogs.
[01-Aug-2014 15:36:12] [ITEM REDEMPTION ERROR] Transaction Failed. Error in redemption logging.
[01-Aug-2014 15:36:12]  [REDEEMITEMS ERROR] Failed to insert to APILogs.
[01-Aug-2014 15:37:03] [ITEM REDEMPTION ERROR] Transaction Failed. Failed to Start Item Redemption. Processed By: 32, Request By:  32, RewardItemID: 126, Total Quantity Requested: 1, Total no. of Item successfully redeemed: 0
[01-Aug-2014 15:37:03]  [REDEEMITEMS ERROR] Failed to insert to APILogs.
[01-Aug-2014 15:37:42] [ITEM REDEMPTION ERROR] Transaction Failed. Failed to Start Item Redemption. Processed By: 32, Request By:  32, RewardItemID: 126, Total Quantity Requested: 1, Total no. of Item successfully redeemed: 0
[01-Aug-2014 15:37:42]  [REDEEMITEMS ERROR] Failed to insert to APILogs.
[01-Aug-2014 15:39:04] [ITEM REDEMPTION ERROR] Transaction Failed. Failed to Start Item Redemption. Processed By: 32, Request By:  32, RewardItemID: 126, Total Quantity Requested: 1, Total no. of Item successfully redeemed: 0
[01-Aug-2014 15:39:04]  [REDEEMITEMS ERROR] Failed to insert to APILogs.
[01-Aug-2014 15:39:42] [ITEM REDEMPTION ERROR] Transaction Failed. Error in redemption logging.
[01-Aug-2014 15:39:42]  [REDEEMITEMS ERROR] Failed to insert to APILogs.
[01-Aug-2014 16:21:25]  [UPDATEPROFILE SUCCESS] Update profile successful.
[01-Aug-2014 16:21:25]  [UPDATEPROFILE ERROR] Failed to insert to APILogs.
[01-Aug-2014 17:06:32]  [REDEEMITEMS ERROR] Not connected.
[01-Aug-2014 17:07:13]  [LOGIN SUCCESS] Login successful.
[01-Aug-2014 17:07:38] [ITEM REDEMPTION ERROR] Transaction Failed. Error in redemption logging.
[01-Aug-2014 17:14:36] [ITEM REDEMPTION ERROR] Transaction Failed. Error in redemption logging.
[01-Aug-2014 17:20:24] [ITEM REDEMPTION ERROR] Transaction Failed. Error in redemption logging.
[01-Aug-2014 17:22:50] [ITEM REDEMPTION ERROR] Transaction Failed. Error in redemption logging.
[01-Aug-2014 17:26:25] [ITEM REDEMPTION ERROR] Transaction Failed. Error in redemption logging.
[01-Aug-2014 17:58:44] [ITEM REDEMPTION ERROR] Transaction Failed. Failed to Start Item Redemption. Processed By: 32, Request By:  32, RewardItemID: 126, Total Quantity Requested: 1, Total no. of Item successfully redeemed: 0
[01-Aug-2014 18:01:27] [ITEM REDEMPTION ERROR] Transaction Failed. Failed to Start Item Redemption. Processed By: 32, Request By:  32, RewardItemID: 126, Total Quantity Requested: 1, Total no. of Item successfully redeemed: 0
[01-Aug-2014 18:01:27]  [REDEEMITEMS ERROR] Failed to insert to APILogs.
[01-Aug-2014 18:02:40] [ITEM REDEMPTION ERROR] Transaction Failed. Failed to Start Item Redemption. Processed By: 32, Request By:  32, RewardItemID: 126, Total Quantity Requested: 1, Total no. of Item successfully redeemed: 0
[01-Aug-2014 18:02:40]  [REDEEMITEMS ERROR] Failed to insert to APILogs.
[01-Aug-2014 19:34:35]  [REDEEMITEMS ERROR] Not connected.
[01-Aug-2014 19:34:44]  [LOGIN SUCCESS] Login successful.
[01-Aug-2014 19:34:58] [ITEM REDEMPTION ERROR] Transaction Failed. Failed to Start Item Redemption. Processed By: 32, Request By:  32, RewardItemID: 126, Total Quantity Requested: 1, Total no. of Item successfully redeemed: 0
[01-Aug-2014 19:34:58]  [REDEEMITEMS ERROR] Failed to insert to APILogs.
[01-Aug-2014 19:37:32] [ITEM REDEMPTION ERROR] Transaction Failed. Failed to Start Item Redemption. Processed By: 32, Request By:  32, RewardItemID: 126, Total Quantity Requested: 1, Total no. of Item successfully redeemed: 0
[01-Aug-2014 19:37:32]  [REDEEMITEMS ERROR] Failed to insert to APILogs.
[01-Aug-2014 19:44:51]  [REDEEMITEMS ERROR] Not connected.
[01-Aug-2014 19:44:59]  [LOGIN SUCCESS] Login successful.
[01-Aug-2014 19:45:39] [ITEM REDEMPTION ERROR] Transaction Failed. Failed to Start Item Redemption. Processed By: 32, Request By:  32, RewardItemID: 126, Total Quantity Requested: 1, Total no. of Item successfully redeemed: 0
[01-Aug-2014 19:45:39]  [REDEEMITEMS ERROR] Failed to insert to APILogs.
[01-Aug-2014 19:48:22] [ITEM REDEMPTION ERROR] Transaction Failed. Failed to Start Item Redemption. Processed By: 32, Request By:  32, RewardItemID: 126, Total Quantity Requested: 1, Total no. of Item successfully redeemed: 0
[01-Aug-2014 19:48:22]  [REDEEMITEMS ERROR] Failed to insert to APILogs.
[01-Aug-2014 19:54:47] [ITEM REDEMPTION ERROR] Failed to log event on Audit Trail.
[01-Aug-2014 19:54:47]  [REDEEMITEMS ERROR] Transaction failed. Number of available item is insufficient.
[01-Aug-2014 19:55:36] [ITEM REDEMPTION ERROR] Transaction Failed. Failed to Start Item Redemption. Processed By: 32, Request By:  32, RewardItemID: 126, Total Quantity Requested: 1, Total no. of Item successfully redeemed: 0
[01-Aug-2014 19:55:36]  [REDEEMITEMS ERROR] Failed to insert to APILogs.
[01-Aug-2014 19:56:06]  [REDEEMITEMS ERROR] Transaction failed. Card has a pending redemption.
[01-Aug-2014 19:56:17] [ITEM REDEMPTION ERROR] Transaction Failed. Failed to Start Item Redemption. Processed By: 32, Request By:  32, RewardItemID: 126, Total Quantity Requested: 1, Total no. of Item successfully redeemed: 0
[01-Aug-2014 19:56:17]  [REDEEMITEMS ERROR] Failed to insert to APILogs.
[01-Aug-2014 19:56:53] [ITEM REDEMPTION ERROR] Transaction Failed. Failed to Start Item Redemption. Processed By: 32, Request By:  32, RewardItemID: 126, Total Quantity Requested: 1, Total no. of Item successfully redeemed: 0
[01-Aug-2014 19:56:53]  [REDEEMITEMS ERROR] Failed to insert to APILogs.
[01-Aug-2014 19:57:41] [ITEM REDEMPTION ERROR] Transaction Failed. Failed to Start Item Redemption. Processed By: 32, Request By:  32, RewardItemID: 126, Total Quantity Requested: 1, Total no. of Item successfully redeemed: 0
[01-Aug-2014 19:57:41]  [REDEEMITEMS ERROR] Failed to insert to APILogs.
[01-Aug-2014 19:58:13] [ITEM REDEMPTION ERROR] Transaction Failed. Failed to Start Item Redemption. Processed By: 32, Request By:  32, RewardItemID: 126, Total Quantity Requested: 1, Total no. of Item successfully redeemed: 0
[01-Aug-2014 19:58:13]  [REDEEMITEMS ERROR] Failed to insert to APILogs.
[01-Aug-2014 19:58:46] [ITEM REDEMPTION ERROR] Transaction Failed. Failed to Start Item Redemption. Processed By: 32, Request By:  32, RewardItemID: 126, Total Quantity Requested: 1, Total no. of Item successfully redeemed: 0
[01-Aug-2014 19:58:46]  [REDEEMITEMS ERROR] Failed to insert to APILogs.
[01-Aug-2014 19:59:45] [ITEM REDEMPTION ERROR] Transaction Failed. Failed to Start Item Redemption. Processed By: 32, Request By:  32, RewardItemID: 126, Total Quantity Requested: 1, Total no. of Item successfully redeemed: 0
[01-Aug-2014 19:59:45]  [REDEEMITEMS ERROR] Failed to insert to APILogs.
[01-Aug-2014 20:02:16] [ITEM REDEMPTION ERROR] Transaction Failed. Failed to Start Item Redemption. Processed By: 32, Request By:  32, RewardItemID: 126, Total Quantity Requested: 1, Total no. of Item successfully redeemed: 0
[01-Aug-2014 20:02:16]  [REDEEMITEMS ERROR] Failed to insert to APILogs.
[01-Aug-2014 20:04:31] [ITEM REDEMPTION ERROR] Transaction Failed. Failed to Start Item Redemption. Processed By: 32, Request By:  32, RewardItemID: 126, Total Quantity Requested: 1, Total no. of Item successfully redeemed: 0
[01-Aug-2014 20:04:31]  [REDEEMITEMS ERROR] Failed to insert to APILogs.
[01-Aug-2014 20:06:10] [ITEM REDEMPTION ERROR] 
[01-Aug-2014 20:10:18]  [LOGIN SUCCESS] Login successful.
[01-Aug-2014 21:25:50]  [REDEEMITEMS ERROR] Not connected.
[01-Aug-2014 21:26:01]  [LOGIN SUCCESS] Login successful.
[01-Aug-2014 21:26:17] [ITEM REDEMPTION ERROR] Transaction Failed. Failed to Start Item Redemption. Processed By: 32, Request By:  32, RewardItemID: 126, Total Quantity Requested: 1, Total no. of Item successfully redeemed: 0
[01-Aug-2014 21:27:05] [ITEM REDEMPTION ERROR] Transaction Failed. Failed to Start Item Redemption. Processed By: 32, Request By:  32, RewardItemID: 126, Total Quantity Requested: 1, Total no. of Item successfully redeemed: 0
[01-Aug-2014 21:28:50] [ITEM REDEMPTION ERROR] Transaction Failed. Failed to Start Item Redemption. Processed By: 32, Request By:  32, RewardItemID: 126, Total Quantity Requested: 1, Total no. of Item successfully redeemed: 0
