[06-Aug-2014 08:05:44]  [LOGIN SUCCESS] Login successful.
[06-Aug-2014 08:06:19]  [REDEEMITEMS ERROR] Please input 3 as source.
[06-Aug-2014 08:08:28]  [REDEEMITEMS ERROR] Card number does not exist.
[06-Aug-2014 08:08:42]  [REDEEMITEMS ERROR] Card number does not exist.
[06-Aug-2014 09:51:48]  [LOGIN SUCCESS] Login successful.
[06-Aug-2014 09:54:06]  [GETPROFILE ERROR] One or more fields is not set or is blank.
[06-Aug-2014 09:57:08]  [GETPROFILE ERROR] One or more fields is not set or is blank.
[06-Aug-2014 09:58:55]  [GETPROFILE ERROR] One or more fields is not set or is blank.
[06-Aug-2014 10:19:56]  [GETPROFILE ERROR] One or more fields is not set or is blank.
[06-Aug-2014 14:52:32]  [LOGIN SUCCESS] Login successful.
[06-Aug-2014 14:52:58] [ITEM REDEMPTION ERROR] Failed to log event on Audit Trail.
[06-Aug-2014 14:52:58]  [REDEEMITEMS ERROR] CP: 31,753, Item: Sample Brownies, RP: 15
[06-Aug-2014 14:52:58]  [REDEEMITEMS SUCCESS] Redemption successful.
[06-Aug-2014 14:59:33] [ITEM REDEMPTION ERROR] Failed to log event on Audit Trail.
[06-Aug-2014 14:59:33]  [REDEEMITEMS ERROR] CP: 31,738, Item: Sample Brownies, RP: 15
[06-Aug-2014 14:59:33]  [REDEEMITEMS SUCCESS] Redemption successful.
[06-Aug-2014 15:04:25] [ITEM REDEMPTION ERROR] Failed to log event on Audit Trail.
[06-Aug-2014 15:04:25]  [REDEEMITEMS ERROR] CP: 31,723, Item: Sample Brownies, RP: 15
[06-Aug-2014 15:04:25]  [REDEEMITEMS SUCCESS] Redemption successful.
[06-Aug-2014 15:05:27] [ITEM REDEMPTION ERROR] Failed to log event on Audit Trail.
[06-Aug-2014 15:05:27]  [REDEEMITEMS ERROR] CP: 31,708, Item: Sample Brownies, RP: 15
[06-Aug-2014 15:05:27]  [REDEEMITEMS SUCCESS] Redemption successful.
[06-Aug-2014 15:21:17]  [REDEEMITEMS ERROR] MPSessionID does not exist.
[06-Aug-2014 15:21:33]  [LOGIN SUCCESS] Login successful.
[06-Aug-2014 15:21:43] [ITEM REDEMPTION ERROR] Failed to log event on Audit Trail.
[06-Aug-2014 15:21:43]  [REDEEMITEMS ERROR] CP: 31,678, Item: Sample Brownies, RP: 15
[06-Aug-2014 15:21:44]  [REDEEMITEMS SUCCESS] Redemption successful.
[06-Aug-2014 15:30:41]  [REDEEMITEMS ERROR] MPSessionID does not exist.
[06-Aug-2014 15:30:53]  [LOGIN SUCCESS] Login successful.
[06-Aug-2014 15:31:02]  [REDEEMITEMS ERROR] MPSessionID does not exist.
[06-Aug-2014 15:31:17]  [LOGIN SUCCESS] Login successful.
[06-Aug-2014 15:31:26] [ITEM REDEMPTION ERROR] Failed to log event on Audit Trail.
[06-Aug-2014 15:31:26]  [REDEEMITEMS ERROR] CP: 31,613, Item: Sample Brownies, RP: 15
[06-Aug-2014 15:31:27]  [REDEEMITEMS SUCCESS] Redemption successful.
[06-Aug-2014 15:38:53]  [REDEEMITEMS ERROR] MPSessionID does not exist.
[06-Aug-2014 15:38:59]  [LOGIN SUCCESS] Login successful.
[06-Aug-2014 15:39:07] [ITEM REDEMPTION ERROR] Failed to log event on Audit Trail.
[06-Aug-2014 15:39:07]  [REDEEMITEMS ERROR] CP: 31,548, Item: Sample Brownies, RP: 15
[06-Aug-2014 15:39:07]  [REDEEMITEMS SUCCESS] Redemption successful.
[06-Aug-2014 15:40:40] [ITEM REDEMPTION ERROR] Failed to log event on Audit Trail.
[06-Aug-2014 15:40:40]  [REDEEMITEMS ERROR] CP: 31,533, Item: Sample Brownies, RP: 15
[06-Aug-2014 15:40:40]  [REDEEMITEMS SUCCESS] Redemption successful.
[06-Aug-2014 15:48:47]  [LOGIN SUCCESS] Login successful.
[06-Aug-2014 15:50:31] [ITEM REDEMPTION ERROR] Failed to log event on Audit Trail.
[06-Aug-2014 15:50:31]  [REDEEMITEMS ERROR] CP: 31,518, Item: Sample Brownies, RP: 15
[06-Aug-2014 15:50:31]  [REDEEMITEMS SUCCESS] Redemption successful.
[06-Aug-2014 15:59:35] [ITEM REDEMPTION ERROR] Failed to log event on Audit Trail.
[06-Aug-2014 15:59:35]  [REDEEMITEMS ERROR] CP: 31,503, Item: Sample Brownies, RP: 15
[06-Aug-2014 16:01:12] [ITEM REDEMPTION ERROR] Failed to log event on Audit Trail.
[06-Aug-2014 16:01:12]  [REDEEMITEMS ERROR] CP: 31,488, Item: Sample Brownies, RP: 15
[06-Aug-2014 16:05:13] [ITEM REDEMPTION ERROR] Failed to log event on Audit Trail.
[06-Aug-2014 16:05:13]  [REDEEMITEMS ERROR] CP: 31,473, Item: Sample Brownies, RP: 15
[06-Aug-2014 16:05:13]  [REDEEMITEMS SUCCESS] Redemption successful.
[06-Aug-2014 16:06:01] [ITEM REDEMPTION ERROR] Failed to log event on Audit Trail.
[06-Aug-2014 16:06:01]  [REDEEMITEMS ERROR] CP: 31,458, Item: Sample Brownies, RP: 15
[06-Aug-2014 16:06:01]  [REDEEMITEMS SUCCESS] Redemption successful.
[06-Aug-2014 16:06:28] [ITEM REDEMPTION ERROR] Failed to log event on Audit Trail.
[06-Aug-2014 16:06:28]  [REDEEMITEMS ERROR] CP: 31,443, Item: Sample Brownies, RP: 15
[06-Aug-2014 16:06:28]  [REDEEMITEMS SUCCESS] Redemption successful.
[06-Aug-2014 16:06:46] [ITEM REDEMPTION ERROR] Failed to log event on Audit Trail.
[06-Aug-2014 16:06:46]  [REDEEMITEMS ERROR] CP: 31,428, Item: Sample Brownies, RP: 15
[06-Aug-2014 16:06:46]  [REDEEMITEMS SUCCESS] Redemption successful.
[06-Aug-2014 16:07:54] [ITEM REDEMPTION ERROR] Failed to log event on Audit Trail.
[06-Aug-2014 16:07:54]  [REDEEMITEMS ERROR] CP: 31,413, Item: Sample Brownies, RP: 15
[06-Aug-2014 16:07:54]  [REDEEMITEMS SUCCESS] Redemption successful.
[06-Aug-2014 16:10:16] [ITEM REDEMPTION ERROR] Failed to log event on Audit Trail.
[06-Aug-2014 16:10:16]  [REDEEMITEMS ERROR] Transaction failed. Number of available item is insufficient.
[06-Aug-2014 16:10:45] [ITEM REDEMPTION ERROR] Failed to log event on Audit Trail.
[06-Aug-2014 16:10:45]  [REDEEMITEMS ERROR] CP: 31,398, Item: Sample Brownies, RP: 15
[06-Aug-2014 16:10:46]  [REDEEMITEMS SUCCESS] Redemption successful.
[06-Aug-2014 16:13:50] [ITEM REDEMPTION ERROR] Failed to log event on Audit Trail.
[06-Aug-2014 16:13:50]  [REDEEMITEMS ERROR] CP: 31,383, Item: Sample Brownies, RP: 15
[06-Aug-2014 16:13:50]  [REDEEMITEMS SUCCESS] Redemption successful.
[06-Aug-2014 16:17:37] [ITEM REDEMPTION ERROR] Failed to log event on Audit Trail.
[06-Aug-2014 16:17:37]  [REDEEMITEMS ERROR] CP: 31,368, Item: Sample Brownies, RP: 15
[06-Aug-2014 16:17:37]  [REDEEMITEMS SUCCESS] Redemption successful.
[06-Aug-2014 16:19:51] [ITEM REDEMPTION ERROR] Failed to log event on Audit Trail.
[06-Aug-2014 16:19:51]  [REDEEMITEMS ERROR] CP: 31,353, Item: Sample Brownies, RP: 15
[06-Aug-2014 16:19:51]  [REDEEMITEMS SUCCESS] Redemption successful.
[06-Aug-2014 16:19:52] [ITEM REDEMPTION ERROR] Failed to send SMS [ItemRedemptionLogID:  7].
[06-Aug-2014 16:21:41] [ITEM REDEMPTION ERROR] Failed to log event on Audit Trail.
[06-Aug-2014 16:21:41]  [REDEEMITEMS ERROR] CP: 31,338, Item: Sample Brownies, RP: 15
[06-Aug-2014 16:21:41]  [REDEEMITEMS SUCCESS] Redemption successful.
[06-Aug-2014 16:22:55] [ITEM REDEMPTION ERROR] Failed to log event on Audit Trail.
[06-Aug-2014 16:22:55]  [REDEEMITEMS ERROR] CP: 31,323, Item: Sample Brownies, RP: 15
[06-Aug-2014 16:22:55]  [REDEEMITEMS SUCCESS] Redemption successful.
[06-Aug-2014 16:24:02] [ITEM REDEMPTION ERROR] Failed to log event on Audit Trail.
[06-Aug-2014 16:24:02]  [REDEEMITEMS ERROR] CP: 31,308, Item: Sample Brownies, RP: 15
[06-Aug-2014 16:24:02]  [REDEEMITEMS SUCCESS] Redemption successful.
[06-Aug-2014 16:25:44] [ITEM REDEMPTION ERROR] Failed to log event on Audit Trail.
[06-Aug-2014 16:25:44]  [REDEEMITEMS ERROR] CP: 31,293, Item: Sample Brownies, RP: 15
[06-Aug-2014 16:25:44]  [REDEEMITEMS SUCCESS] Redemption successful.
[06-Aug-2014 16:27:37] [ITEM REDEMPTION ERROR] Failed to log event on Audit Trail.
[06-Aug-2014 16:27:37]  [REDEEMITEMS ERROR] CP: 31,278, Item: Sample Brownies, RP: 15
[06-Aug-2014 16:27:37]  [REDEEMITEMS SUCCESS] Redemption successful.
[06-Aug-2014 16:36:58] [ITEM REDEMPTION ERROR] Failed to log event on Audit Trail.
[06-Aug-2014 16:36:58]  [REDEEMITEMS ERROR] CP: 31,263, Item: Sample Brownies, RP: 15
[06-Aug-2014 16:36:58]  [REDEEMITEMS SUCCESS] Redemption successful.
[06-Aug-2014 16:38:25] [ITEM REDEMPTION ERROR] Failed to log event on Audit Trail.
[06-Aug-2014 16:38:25]  [REDEEMITEMS ERROR] CP: 31,248, Item: Sample Brownies, RP: 15
[06-Aug-2014 16:38:25]  [REDEEMITEMS SUCCESS] Redemption successful.
[06-Aug-2014 16:39:16]  [LISTITEMS ERROR] Not connected.
[06-Aug-2014 16:45:53]  [GETPROFILE ERROR] One or more fields is not set or is blank.
[06-Aug-2014 16:52:53]  [LISTITEMS ERROR] One or more fields is not set or is blank.
[06-Aug-2014 16:55:18] [ITEM REDEMPTION ERROR] Failed to log event on Audit Trail.
[06-Aug-2014 16:55:18]  [REDEEMITEMS ERROR] CP: 31,233, Item: Sample Brownies, RP: 15
[06-Aug-2014 16:55:18]  [REDEEMITEMS SUCCESS] Redemption successful.
[06-Aug-2014 17:01:30] [ITEM REDEMPTION ERROR] Failed to log event on Audit Trail.
[06-Aug-2014 17:01:30]  [REDEEMITEMS ERROR] CP: 31,218, Item: Sample Brownies, RP: 15
[06-Aug-2014 17:01:30]  [REDEEMITEMS SUCCESS] Redemption successful.
[06-Aug-2014 17:03:14] [ITEM REDEMPTION ERROR] Failed to log event on Audit Trail.
[06-Aug-2014 17:03:14]  [REDEEMITEMS ERROR] CP: 31,203, Item: Sample Brownies, RP: 15
[06-Aug-2014 17:03:14]  [REDEEMITEMS SUCCESS] Redemption successful.
[06-Aug-2014 17:11:32]  [GETPROFILE ERROR] One or more fields is not set or is blank.
[06-Aug-2014 17:16:47]  [LISTITEMS ERROR] One or more fields is not set or is blank.
[06-Aug-2014 17:18:07] [ITEM REDEMPTION ERROR] Failed to log event on Audit Trail.
[06-Aug-2014 17:18:07]  [REDEEMITEMS ERROR] CP: 31,188, Item: Sample Brownies, RP: 15
[06-Aug-2014 17:18:07]  [REDEEMITEMS SUCCESS] Redemption successful.
[06-Aug-2014 17:47:42] [ITEM REDEMPTION ERROR] Failed to log event on Audit Trail.
[06-Aug-2014 17:47:42]  [REDEEMITEMS ERROR] CP: 41, Item: Asus10, RP: 1
[06-Aug-2014 17:47:42]  [REDEEMITEMS SUCCESS] Redemption successful.
[06-Aug-2014 18:27:06] [ITEM REDEMPTION ERROR] Failed to log event on Audit Trail.
[06-Aug-2014 18:27:06]  [REDEEMITEMS ERROR] CP: 41, Item: Asus10, RP: 1
[06-Aug-2014 18:27:06]  [REDEEMITEMS SUCCESS] Redemption successful.
[06-Aug-2014 18:30:57]  [REDEEMITEMS ERROR] CP: 41, Item: Asus10, RP: 1
[06-Aug-2014 18:30:57] [ITEM REDEMPTION ERROR] Failed to log event on Audit Trail.
[06-Aug-2014 18:30:58]  [REDEEMITEMS SUCCESS] Redemption successful.
[06-Aug-2014 18:32:48]  [REDEEMITEMS ERROR] CP: 41, Item: Asus10, RP: 1
[06-Aug-2014 18:32:48] [ITEM REDEMPTION ERROR] Failed to log event on Audit Trail.
[06-Aug-2014 18:32:48]  [REDEEMITEMS SUCCESS] Redemption successful.
[06-Aug-2014 18:35:09]  [REDEEMITEMS SUCCESS] CP: 41, Item: Asus10, RP: 1
[06-Aug-2014 18:40:58]  [REDEEMITEMS SUCCESS] CP: 41, Item: Asus10, RP: 1
[06-Aug-2014 18:40:58] [ITEM REDEMPTION ERROR] Failed to log event on Audit Trail.
[06-Aug-2014 18:40:58]  [REDEEMITEMS SUCCESS] Redemption successful.
[06-Aug-2014 18:45:16]  [REDEEMITEMS SUCCESS] CP: 41, Item: Asus10, RP: 1
[06-Aug-2014 18:45:16] [ITEM REDEMPTION ERROR] Failed to log event on Audit Trail.
[06-Aug-2014 18:45:16]  [REDEEMITEMS SUCCESS] Redemption successful.
[06-Aug-2014 18:54:00]  [REDEEMITEMS SUCCESS] CP: 41, Item: Asus10, RP: 1
[06-Aug-2014 18:54:00]  [REDEEMITEMS SUCCESS] Redemption successful.
[06-Aug-2014 18:55:23]  [REDEEMITEMS SUCCESS] CP: 41, Item: Asus10, RP: 1
[06-Aug-2014 18:55:23]  [REDEEMITEMS SUCCESS] Redemption successful.
[06-Aug-2014 18:56:52]  [REDEEMITEMS SUCCESS] CP: 41, Item: Asus10, RP: 1
[06-Aug-2014 18:56:52]  [REDEEMITEMS SUCCESS] Redemption successful.
[06-Aug-2014 19:08:57]  [REDEEMITEMS SUCCESS] CP: 41, Item: Asus10, RP: 1
[06-Aug-2014 19:08:57]  [REDEEMITEMS SUCCESS] Redemption successful.
