[13-Aug-2014 09:53:51]  [LOGIN ERROR] One or more fields is not set or is blank.
[13-Aug-2014 09:54:30]  [LOGIN ERROR] Password inputted is incorrect.
[13-Aug-2014 09:54:30]  [LOGIN ERROR] Member is not found in db.
[13-Aug-2014 09:55:36]  [LOGIN ERROR] Account is Invalid.
[13-Aug-2014 10:01:20]  [LOGIN SUCCESSFUL] Login successful.
[13-Aug-2014 11:34:14]  [FORGOTPASSWORD ERROR] Failed to insert to APILogs.
[13-Aug-2014 11:51:04]  [FORGOTPASSWORD ERROR] Failed to insert to APILogs.
[13-Aug-2014 11:51:54]  [FORGOTPASSWORD ERROR] Failed to insert to APILogs.
[13-Aug-2014 11:54:25]  [FORGOTPASSWORD ERROR] Failed to insert to APILogs.
[13-Aug-2014 11:55:27]  [FORGOTPASSWORD ERROR] Failed to insert to APILogs.
[13-Aug-2014 12:00:31]  [FORGOTPASSWORD ERROR] Failed to insert to APILogs.
[13-Aug-2014 12:03:45]  [FORGOTPASSWORD ERROR] Failed to insert to APILogs.
[13-Aug-2014 13:19:39]  [FORGOTPASSWORD ERROR] One or more fields is not set or is blank.
[13-Aug-2014 13:20:01]  [FORGOTPASSWORD ERROR] Card is Inactive.
[13-Aug-2014 13:21:26]  [FORGOTPASSWORD ERROR] Card is Inactive.
[13-Aug-2014 13:27:40]  [FORGOTPASSWORD ERROR] Card is Inactive.
[13-Aug-2014 13:28:33]  [FORGOTPASSWORD ERROR] Card is Invalid.
[13-Aug-2014 13:33:15]  [FORGOTPASSWORD SUCCESSFUL] Forgot Password successful.
[13-Aug-2014 13:36:05]  [LOGIN ERROR] Password inputted is incorrect.
[13-Aug-2014 13:36:05]  [LOGIN ERROR] Member is not found in db.
[13-Aug-2014 13:36:24]  [LOGIN SUCCESSFUL] Login successful.
[13-Aug-2014 13:38:04]  [FORGOTPASSWORD ERROR] Failed to insert to APILogs.
[13-Aug-2014 13:39:49]  [LOGIN ERROR] Invalid input.
[13-Aug-2014 13:40:04]  [LOGIN ERROR] Invalid input.
[13-Aug-2014 13:42:26]  [LOGIN ERROR] Invalid input.
[13-Aug-2014 13:43:01]  [LOGIN ERROR] Invalid input.
[13-Aug-2014 13:43:48]  [LOGIN ERROR] Password inputted is incorrect.
[13-Aug-2014 13:43:48]  [LOGIN ERROR] Member is not found in db.
[13-Aug-2014 13:47:47]  [LOGIN SUCCESSFUL] Login successful.
[13-Aug-2014 15:13:43]  [REGISTERMEMBER ERROR] One or more fields is not set or is blank.
[13-Aug-2014 15:15:08]  [REGISTERMEMBER ERROR] One or more fields is not set or is blank.
[13-Aug-2014 15:16:42]  [REGISTERMEMBER ERROR] Name should not be less than 2 characters long.
[13-Aug-2014 15:17:02]  [REGISTERMEMBER ERROR] Name should not be less than 2 characters long.
[13-Aug-2014 15:17:14]  [REGISTERMEMBER ERROR] Mobile number should not be less than 9 digits long.
[13-Aug-2014 15:23:24]  [REGISTERMEMBER ERROR] Mobile number should not be less than 9 digits long.
[13-Aug-2014 15:23:38]  [REGISTERMEMBER ERROR] Password should not be less than 5 characters long.
[13-Aug-2014 15:25:06]  [REGISTERMEMBER ERROR] Password should not be less than 5 characters long.
[13-Aug-2014 15:25:20]  [REGISTERMEMBER ERROR] Invalid Email Address.
[13-Aug-2014 15:26:18]  [REGISTERMEMBER ERROR] Invalid Email Address.
[13-Aug-2014 15:27:02]  [REGISTERMEMBER ERROR] Invalid Email Address.
[13-Aug-2014 15:27:47]  [REGISTERMEMBER ERROR] Registration failed.
[13-Aug-2014 15:28:15]  [REGISTERMEMBER ERROR] Registration failed.
[13-Aug-2014 15:29:32]  [REGISTERMEMBER ERROR] Registration failed.
[13-Aug-2014 15:32:38]  [REGISTERMEMBER ERROR] Registration failed.
[13-Aug-2014 15:33:32]  [REGISTERMEMBER ERROR] Mobile number should consist of numbers only.
[13-Aug-2014 15:34:03]  [REGISTERMEMBER ERROR] Password and ID Number should consist of letters and numbers only.
[13-Aug-2014 15:37:21]  [REGISTERMEMBER ERROR] Password and ID Number should consist of letters and numbers only.
[13-Aug-2014 15:37:33]  [REGISTERMEMBER ERROR] Mobile number should consist of numbers only.
[13-Aug-2014 15:37:48]  [REGISTERMEMBER ERROR] Mobile number should not be less than 9 digits long.
[13-Aug-2014 15:47:19]  [REGISTERMEMBER ERROR] Invalid input.
[13-Aug-2014 15:48:16]  [REGISTERMEMBER ERROR] Invalid input.
[13-Aug-2014 15:50:06]  [REGISTERMEMBER ERROR] One or more fields is not set or is blank.
[13-Aug-2014 15:50:15]  [REGISTERMEMBER ERROR] Invalid input.
[13-Aug-2014 15:51:18]  [REGISTERMEMBER ERROR] Mobile number should not be less than 9 digits long.
[13-Aug-2014 15:51:25]  [REGISTERMEMBER ERROR] Mobile number should not be less than 9 digits long.
[13-Aug-2014 15:51:50]  [REGISTERMEMBER ERROR] Invalid input.
[13-Aug-2014 15:52:39]  [REGISTERMEMBER ERROR] Invalid input.
[13-Aug-2014 15:53:38]  [REGISTERMEMBER ERROR] Invalid input.
[13-Aug-2014 15:55:36]  [REGISTERMEMBER ERROR] Invalid input.
[13-Aug-2014 15:56:11]  [REGISTERMEMBER ERROR] Invalid input.
[13-Aug-2014 15:56:25]  [REGISTERMEMBER ERROR] Invalid input.
[13-Aug-2014 15:57:24]  [REGISTERMEMBER ERROR] Mobile number should consist of numbers only.
[13-Aug-2014 15:57:49]  [REGISTERMEMBER ERROR] Invalid input.
[13-Aug-2014 16:01:28]  [REGISTERMEMBER ERROR] Invalid input.
[13-Aug-2014 16:01:40]  [REGISTERMEMBER ERROR] Invalid input.
[13-Aug-2014 16:13:39]  [REGISTERMEMBER ERROR] One or more fields is not set or is blank.
[13-Aug-2014 16:15:02]  [REGISTERMEMBER ERROR] Invalid Email Address.
[13-Aug-2014 16:15:16]  [REGISTERMEMBER ERROR] Invalid input.
[13-Aug-2014 16:17:37]  [REGISTERMEMBER ERROR] Invalid input.
[13-Aug-2014 16:19:34]  [REGISTERMEMBER ERROR] Password and ID Number should consist of letters and numbers only.
[13-Aug-2014 16:21:10]  [REGISTERMEMBER ERROR] Invalid input.
[13-Aug-2014 16:32:06]  [REGISTERMEMBER ERROR] Invalid input.
[13-Aug-2014 17:42:51]  [REGISTERMEMBER ERROR] Please input a valid Date.
[13-Aug-2014 17:56:32]  [REGISTERMEMBER ERROR] Please input a valid Date.
