[22-Jul-2014 04:00:31]  [LOGIN ERROR] One or more fields is not set or is blank.
[22-Jul-2014 04:01:29]  [LOGIN ERROR] One or more fields is not set or is blank.
[22-Jul-2014 04:01:55]  [LOGIN ERROR] Invalid input.
[22-Jul-2014 05:22:58]  [LOGIN ERROR] One or more fields is not set or is blank.
[22-Jul-2014 05:51:54]  [LOGIN ERROR] Invalid input.
[22-Jul-2014 05:51:54]  [LOGIN ERROR] Failed to insert to APILogs.
[22-Jul-2014 05:58:30]  [LOGIN ERROR] Invalid input.
[22-Jul-2014 07:24:24]  [LOGIN ERROR] Invalid input.
[22-Jul-2014 07:45:27]  [FORGOTPASSWORD ERROR] One or more fields is not set or is blank.
[22-Jul-2014 07:48:15]  [FORGOTPASSWORD ERROR] One or more fields is not set or is blank.
[22-Jul-2014 07:48:30]  [FORGOTPASSWORD ERROR] One or more fields is not set or is blank.
[22-Jul-2014 07:52:55]  [FORGOTPASSWORD ERROR] One or more fields is not set or is blank.
[22-Jul-2014 08:14:08]  [LOGIN ERROR] Password inputted is incorrect.
[22-Jul-2014 08:14:08]  [LOGIN ERROR] Member is not found in db.
[22-Jul-2014 08:15:36]  [LOGIN ERROR] Password inputted is incorrect.
[22-Jul-2014 08:15:36]  [LOGIN ERROR] Member is not found in db.
[22-Jul-2014 08:16:13]  [LOGIN ERROR] Invalid input.
[22-Jul-2014 08:16:24]  [LOGIN ERROR] Password inputted is incorrect.
[22-Jul-2014 08:16:24]  [LOGIN ERROR] Member is not found in db.
[22-Jul-2014 08:17:05]  [FORGOTPASSWORD ERROR] One or more fields is not set or is blank.
[22-Jul-2014 08:17:32]  [LOGIN ERROR] Password inputted is incorrect.
[22-Jul-2014 08:17:32]  [LOGIN ERROR] Member is not found in db.
[22-Jul-2014 08:22:30]  [LOGIN ERROR] Password inputted is incorrect.
[22-Jul-2014 08:22:30]  [LOGIN ERROR] Member is not found in db.
[22-Jul-2014 08:23:07]  [FORGOTPASSWORD ERROR] One or more fields is not set or is blank.
[22-Jul-2014 08:23:16]  [FORGOTPASSWORD ERROR] One or more fields is not set or is blank.
[22-Jul-2014 08:23:31]  [FORGOTPASSWORD ERROR] One or more fields is not set or is blank.
[22-Jul-2014 08:23:49]  [FORGOTPASSWORD ERROR] One or more fields is not set or is blank.
[22-Jul-2014 08:24:17]  [FORGOTPASSWORD ERROR] One or more fields is not set or is blank.
[22-Jul-2014 08:24:27]  [LOGIN ERROR] 
[22-Jul-2014 12:47:00]  [LOGIN ERROR] One or more fields is not set or is blank.
[22-Jul-2014 12:48:24]  [LOGIN ERROR] Invalid input.
[22-Jul-2014 12:48:55]  [LOGIN ERROR] Password inputted is incorrect.
[22-Jul-2014 12:48:55]  [LOGIN ERROR] Member is not found in db.
[22-Jul-2014 13:16:20]  [FORGOTPASSWORD ERROR] One or more fields is not set or is blank.
[22-Jul-2014 13:16:52]  [FORGOTPASSWORD ERROR] One or more fields is not set or is blank.
[22-Jul-2014 13:17:47]  [CHECKPOINTS ERROR] One or more fields is not set or is blank.
[22-Jul-2014 13:20:23]  [FORGOTPASSWORD ERROR] One or more fields is not set or is blank.
[22-Jul-2014 13:31:33]  [CHECKPOINTS ERROR] One or more fields is not set or is blank.
