[14-Aug-2014 09:58:13]  [REGISTERMEMBER ERROR] Please input a valid Date.
[14-Aug-2014 09:58:26]  [REGISTERMEMBER ERROR] Please input a valid Date.
[14-Aug-2014 10:02:51]  [REGISTERMEMBER ERROR] Please input a valid Nationality (1 to 6).
[14-Aug-2014 10:19:42]  [REGISTERMEMBER ERROR] Please input 1 for smoker or 2 for non-smoker.
[14-Aug-2014 10:19:57]  [REGISTERMEMBER ERROR] Please input a valid Referrer ID (1 to 10).
[14-Aug-2014 10:20:22]  [REGISTERMEMBER SUCCESSFUL] Registration is successful.
[14-Aug-2014 10:22:40]  [REGISTERMEMBER ERROR] Sorry, imready@yahoo.comalready belongs to an existing account. Please enter another email address.
[14-Aug-2014 10:24:14]  [REGISTERMEMBER SUCCESSFUL] Registration is successful.
[14-Aug-2014 10:30:27]  [REGISTERMEMBER ERROR] Sorry, imready2@yahoo.comalready belongs to an existing account. Please enter another email address.
[14-Aug-2014 10:30:50]  [REGISTERMEMBER ERROR] Please input 0 for email non-subscription else input 1.
[14-Aug-2014 10:31:39]  [REGISTERMEMBER ERROR] Please input 0 for sms non-subscription else input 1.
[14-Aug-2014 10:31:52]  [REGISTERMEMBER ERROR] Sorry, imready2@yahoo.comalready belongs to an existing account. Please enter another email address.
[14-Aug-2014 10:46:06]  [REGISTERMEMBER ERROR] Sorry, imready2@yahoo.com already belongs to an existing account. Please enter another email address.
[14-Aug-2014 10:54:50]  [LOGIN SUCCESSFUL] Login successful.
[14-Aug-2014 10:56:29]  [UPDATEPROFILE ERROR] One or more fields is not set or is blank.
[14-Aug-2014 11:19:58]  [GETPROFILE ERROR] One or more fields is not set or is blank.
[14-Aug-2014 11:20:53]  [GETPROFILE ERROR] Account is banned.
[14-Aug-2014 11:21:14]  [GETPROFILE ERROR] MPSessionID does not exist.
[14-Aug-2014 11:27:37]  [GETPROFILE SUCCESSFUL] Get member profile is successful.
[14-Aug-2014 11:29:46]  [GETPROFILE ERROR] MPSessionID does not exist.
[14-Aug-2014 11:30:05]  [GETPROFILE ERROR] MPSessionID does not exist.
[14-Aug-2014 11:30:14]  [GETPROFILE SUCCESSFUL] Get member profile is successful.
[14-Aug-2014 11:43:42]  [UPDATEPROFILE ERROR] Email Address should not be the same as alternate email.
[14-Aug-2014 11:43:59]  [UPDATEPROFILE SUCCESSFUL] Update profile successful.
[14-Aug-2014 11:59:42]  [UPDATEPROFILE ERROR] Transaction failed.
[14-Aug-2014 12:02:38]  [UPDATEPROFILE SUCCESSFUL] Update profile successful.
[14-Aug-2014 13:17:03]  [UPDATEPROFILE SUCCESSFUL] Update profile successful.
[14-Aug-2014 13:45:58]  [REDEEMITEMS ERROR] MPSessionID does not exist.
[14-Aug-2014 13:46:14]  [LOGIN SUCCESSFUL] Login successful.
[14-Aug-2014 13:46:28]  [REDEEMITEMS SUCCESSFUL] CP: 26,043, Item: Sample Brownies, RP: 15
[14-Aug-2014 13:46:28]  [REDEEMITEMS SUCCESSFUL] Redemption successful.
[14-Aug-2014 13:50:24]  [REDEEMITEMS SUCCESSFUL] CP: 26,028, Item: Sample Brownies, RP: 15
[14-Aug-2014 13:50:24]  [REDEEMITEMS SUCCESSFUL] Redemption successful.
[14-Aug-2014 13:57:50]  [REDEEMITEMS ERROR] Player Redemption: Transacation failed. Reward offer has already ended.
[14-Aug-2014 13:58:23] [ITEM REDEMPTION ERROR] Transaction Failed. The Item you try to redeem is currently Inactive.
[14-Aug-2014 13:58:23]  [REDEEMITEMS ERROR] Transaction Failed. The Item you try to redeem is currently Inactive.
[14-Aug-2014 13:58:23]  [REDEEMITEMS ERROR] Transaction Failed. The Item you try to redeem is currently Inactive.
[14-Aug-2014 13:58:42]  [REDEEMITEMS ERROR] Transaction failed. Card has a pending redemption.
[14-Aug-2014 13:59:00]  [REDEEMITEMS SUCCESSFUL] CP: 25,978, Item: Philweb 2 Item 3, RP: 35
[14-Aug-2014 13:59:00]  [REDEEMITEMS SUCCESSFUL] Redemption successful.
[14-Aug-2014 14:02:51]  [REDEEMITEMS SUCCESSFUL] CP: 25,943, Item: Sample Brownies, RP: 15
[14-Aug-2014 14:02:51]  [REDEEMITEMS SUCCESSFUL] Redemption successful.
[14-Aug-2014 14:06:01]  [REDEEMITEMS SUCCESSFUL] CP: 25,928, Item: Philweb 2 Item 3, RP: 35
[14-Aug-2014 14:06:01]  [REDEEMITEMS SUCCESSFUL] Redemption successful.
[14-Aug-2014 14:08:40]  [REDEEMITEMS SUCCESSFUL] CP: 25,893, Item: Philweb 2 Item 3, RP: 35
[14-Aug-2014 14:08:40]  [REDEEMITEMS SUCCESSFUL] Redemption successful.
[14-Aug-2014 14:26:27]  [REDEEMITEMS SUCCESSFUL] CP: 25,858, Item: Philweb 2 Item 3, RP: 35
[14-Aug-2014 14:26:27]  [REDEEMITEMS SUCCESSFUL] Redemption successful.
[14-Aug-2014 14:40:43]  [REDEEMITEMS ERROR] MPSessionID does not exist.
[14-Aug-2014 14:40:54]  [LOGIN SUCCESSFUL] Login successful.
[14-Aug-2014 14:41:06]  [REDEEMITEMS ERROR] Transaction failed. Number of available item is insufficient.
[14-Aug-2014 14:45:57]  [REDEEMITEMS ERROR] MPSessionID does not exist.
[14-Aug-2014 14:46:10]  [REDEEMITEMS ERROR] MPSessionID does not exist.
[14-Aug-2014 14:46:19]  [LOGIN SUCCESSFUL] Login successful.
[14-Aug-2014 14:46:29]  [REDEEMITEMS SUCCESSFUL] CP: 25,813, Item: Testing Item, RP: 5
[14-Aug-2014 14:46:29]  [REDEEMITEMS SUCCESSFUL] Redemption successful.
[14-Aug-2014 14:55:21]  [REDEEMITEMS SUCCESSFUL] CP: 25,808, Item: Testing Item, RP: 5
[14-Aug-2014 14:55:21]  [REDEEMITEMS SUCCESSFUL] Redemption successful.
[14-Aug-2014 14:58:10]  [REDEEMITEMS SUCCESSFUL] CP: 25,803, Item: Testing Item, RP: 5
[14-Aug-2014 14:58:10]  [REDEEMITEMS SUCCESSFUL] Redemption successful.
[14-Aug-2014 14:59:05]  [REDEEMITEMS SUCCESSFUL] CP: 25,798, Item: Testing Item, RP: 5
[14-Aug-2014 14:59:05]  [REDEEMITEMS SUCCESSFUL] Redemption successful.
[14-Aug-2014 15:00:15]  [REDEEMITEMS SUCCESSFUL] CP: 25,793, Item: Testing Item, RP: 5
[14-Aug-2014 15:00:15]  [REDEEMITEMS SUCCESSFUL] Redemption successful.
[14-Aug-2014 15:01:38]  [REDEEMITEMS SUCCESSFUL] CP: 25,788, Item: Testing Item, RP: 5
[14-Aug-2014 15:01:38]  [REDEEMITEMS SUCCESSFUL] Redemption successful.
[14-Aug-2014 15:02:14]  [REDEEMITEMS SUCCESSFUL] CP: 25,783, Item: Testing Item, RP: 5
[14-Aug-2014 15:02:14]  [REDEEMITEMS SUCCESSFUL] Redemption successful.
[14-Aug-2014 15:03:04]  [REDEEMITEMS SUCCESSFUL] CP: 25,778, Item: Testing Item, RP: 5
[14-Aug-2014 15:03:04]  [REDEEMITEMS SUCCESSFUL] Redemption successful.
[14-Aug-2014 15:04:16]  [REDEEMITEMS ERROR] Transaction failed. Number of available item is insufficient.
[14-Aug-2014 15:04:53]  [REDEEMITEMS SUCCESSFUL] CP: 25,773, Item: Testing Item, RP: 5
[14-Aug-2014 15:04:53]  [REDEEMITEMS SUCCESSFUL] Redemption successful.
[14-Aug-2014 15:06:16]  [REDEEMITEMS SUCCESSFUL] CP: 25,768, Item: Testing Item, RP: 5
[14-Aug-2014 15:06:16]  [REDEEMITEMS SUCCESSFUL] Redemption successful.
[14-Aug-2014 15:07:02]  [REDEEMITEMS SUCCESSFUL] CP: 25,763, Item: Testing Item, RP: 5
[14-Aug-2014 15:07:02]  [REDEEMITEMS SUCCESSFUL] Redemption successful.
[14-Aug-2014 15:07:48]  [REDEEMITEMS SUCCESSFUL] CP: 25,758, Item: Testing Item, RP: 5
[14-Aug-2014 15:07:48]  [REDEEMITEMS SUCCESSFUL] Redemption successful.
[14-Aug-2014 15:08:54]  [REDEEMITEMS SUCCESSFUL] CP: 25,753, Item: Testing Item, RP: 5
[14-Aug-2014 15:08:54]  [REDEEMITEMS SUCCESSFUL] Redemption successful.
[14-Aug-2014 15:12:15]  [REDEEMITEMS SUCCESSFUL] CP: 25,748, Item: Testing Item, RP: 5
[14-Aug-2014 15:12:15]  [REDEEMITEMS SUCCESSFUL] Redemption successful.
[14-Aug-2014 15:39:00]  [LOGIN SUCCESSFUL] Login successful.
[14-Aug-2014 15:43:24]  [CHECKPOINTS ERROR] One or more fields is not set or is blank.
[14-Aug-2014 15:43:30]  [CHECKPOINTS ERROR] Invalid Card Number.
[14-Aug-2014 15:45:54]  [CHECKPOINTS SUCCESSFUL] Check Points is successful.
[14-Aug-2014 15:47:16]  [LISTITEMS ERROR] One or more fields is not set or is blank.
[14-Aug-2014 15:47:41]  [LOGIN SUCCESSFUL] Login successful.
[14-Aug-2014 15:47:56]  [LISTITEMS ERROR] Please input 2 for regular or 3 for vip.
[14-Aug-2014 15:48:06]  [LISTITEMS ERROR] Please input 2 for regular or 3 for vip.
[14-Aug-2014 15:48:20]  [LISTITEMS ERROR] Please input 2 for regular or 3 for vip.
[14-Aug-2014 15:48:31]  [LISTITEMS ERROR] MPSessionID does not exist.
[14-Aug-2014 15:48:43]  [LISTITEMS SUCCESSFUL] List Items is successful.
