[01-Aug-2014 09:03:34]  [AUTHENTICATESESSION SUCCESS] Audittrail log success.
[01-Aug-2014 09:03:34]  [AUTHENTICATESESSION SUCCESS] APIlogs success.
[01-Aug-2014 09:03:34]  [AUTHENTICATESESSION SUCCESS] TPSessionID Generate Successfully.
[01-Aug-2014 09:03:44]  [GETACTIVESESSION SUCCESS] GetActiveSession Success.
[01-Aug-2014 09:03:44]  [GETACTIVESESSION SUCCESS] Audittrail log success.
[01-Aug-2014 09:03:44]  [GETACTIVESESSION SUCCESS] APIlogs success.
[01-Aug-2014 09:05:51]  [GETISSMOKER ERROR] GetIsSmoker has invalid Session ID.
[01-Aug-2014 09:15:10]  [GETACTIVESESSION SUCCESS] GetActiveSession Success.
[01-Aug-2014 09:15:10]  [GETACTIVESESSION SUCCESS] Audittrail log success.
[01-Aug-2014 09:15:11]  [GETACTIVESESSION SUCCESS] APIlogs success.
[01-Aug-2014 09:15:11]  [REDEEMITEMS SUCCESS] Audittrail log success.
[01-Aug-2014 09:15:11]  [REDEEMITEMS SUCCESS] APIlogs success.
[01-Aug-2014 09:19:27]  [GETACTIVESESSION SUCCESS] GetActiveSession Success.
[01-Aug-2014 09:19:27]  [GETACTIVESESSION SUCCESS] Audittrail log success.
[01-Aug-2014 09:19:27]  [GETACTIVESESSION SUCCESS] APIlogs success.
[01-Aug-2014 09:19:27]  [REDEEMITEMS SUCCESS] Audittrail log success.
[01-Aug-2014 09:19:28]  [REDEEMITEMS SUCCESS] APIlogs success.
[01-Aug-2014 09:20:35]  [GETACTIVESESSION SUCCESS] GetActiveSession Success.
[01-Aug-2014 09:20:35]  [GETACTIVESESSION SUCCESS] Audittrail log success.
[01-Aug-2014 09:20:35]  [GETACTIVESESSION SUCCESS] APIlogs success.
[01-Aug-2014 09:20:39]  [GETISSMOKER ERROR] GetIsSmoker has invalid Session ID.
[01-Aug-2014 09:20:44]  [GETISSMOKER ERROR] TPSessionID is not set or is blank.
[01-Aug-2014 09:22:32]  [REDEEMITEMS ERROR] RedeemItems has invalid Session ID.
[01-Aug-2014 09:22:40]  [GETACTIVESESSION SUCCESS] GetActiveSession Success.
[01-Aug-2014 09:22:40]  [GETACTIVESESSION SUCCESS] Audittrail log success.
[01-Aug-2014 09:22:40]  [GETACTIVESESSION SUCCESS] APIlogs success.
[01-Aug-2014 09:22:44]  [GETOCCUPATION ERROR] GetOccupation has invalid Session ID.
[01-Aug-2014 09:22:46]  [GETOCCUPATION ERROR] TPSessionID is not set or is blank.
[01-Aug-2014 09:22:56]  [GETACTIVESESSION SUCCESS] GetActiveSession Success.
[01-Aug-2014 09:22:56]  [GETACTIVESESSION SUCCESS] Audittrail log success.
[01-Aug-2014 09:22:56]  [GETACTIVESESSION SUCCESS] APIlogs success.
[01-Aug-2014 09:23:00]  [GETNATIONALITY ERROR] GetNationality has invalid Session ID.
[01-Aug-2014 09:23:05]  [GETGENDER ERROR] TPSessionID is not set or is blank.
[01-Aug-2014 09:23:08]  [GETACTIVESESSION SUCCESS] GetActiveSession Success.
[01-Aug-2014 09:23:08]  [GETACTIVESESSION SUCCESS] Audittrail log success.
[01-Aug-2014 09:23:08]  [GETACTIVESESSION SUCCESS] APIlogs success.
[01-Aug-2014 09:24:55]  [GETGENDER ERROR] TPSessionID is not set or is blank.
[01-Aug-2014 09:24:58]  [GETGENDER ERROR] GetGender has invalid Session ID.
[01-Aug-2014 09:30:10]  [GETACTIVESESSION SUCCESS] GetActiveSession Success.
[01-Aug-2014 09:30:10]  [GETACTIVESESSION SUCCESS] Audittrail log success.
[01-Aug-2014 09:30:10]  [GETACTIVESESSION SUCCESS] APIlogs success.
[01-Aug-2014 09:32:41]  [REDEEMITEMS ERROR] RedeemItems has invalid Session ID.
[01-Aug-2014 09:32:57]  [AUTHENTICATESESSION SUCCESS] Audittrail log success.
[01-Aug-2014 09:32:57]  [AUTHENTICATESESSION SUCCESS] APIlogs success.
[01-Aug-2014 09:32:57]  [AUTHENTICATESESSION SUCCESS] TPSessionID Generate Successfully.
[01-Aug-2014 09:33:01]  [GETACTIVESESSION SUCCESS] GetActiveSession Success.
[01-Aug-2014 09:33:01]  [GETACTIVESESSION SUCCESS] Audittrail log success.
[01-Aug-2014 09:33:01]  [GETACTIVESESSION SUCCESS] APIlogs success.
[01-Aug-2014 09:33:24]  [GETACTIVESESSION SUCCESS] GetActiveSession Success.
[01-Aug-2014 09:33:24]  [GETACTIVESESSION SUCCESS] Audittrail log success.
[01-Aug-2014 09:33:24]  [GETACTIVESESSION SUCCESS] APIlogs success.
[01-Aug-2014 09:33:24]  [GETPROFILE SUCCESS] Audittrail log success.
[01-Aug-2014 09:33:24]  [GETPROFILE SUCCESS] APIlogs success.
[01-Aug-2014 09:33:40]  [GETACTIVESESSION SUCCESS] GetActiveSession Success.
[01-Aug-2014 09:33:40]  [GETACTIVESESSION SUCCESS] Audittrail log success.
[01-Aug-2014 09:33:40]  [GETACTIVESESSION SUCCESS] APIlogs success.
[01-Aug-2014 09:33:40]  [GETPROFILE SUCCESS] Audittrail log success.
[01-Aug-2014 09:33:40]  [GETPROFILE SUCCESS] APIlogs success.
[01-Aug-2014 09:33:47]  [GETACTIVESESSION SUCCESS] GetActiveSession Success.
[01-Aug-2014 09:33:47]  [GETACTIVESESSION SUCCESS] Audittrail log success.
[01-Aug-2014 09:33:47]  [GETACTIVESESSION SUCCESS] APIlogs success.
[01-Aug-2014 09:33:47]  [GETPROFILE SUCCESS] Audittrail log success.
[01-Aug-2014 09:33:47]  [GETPROFILE SUCCESS] APIlogs success.
[01-Aug-2014 09:33:54]  [REDEEMITEMS ERROR] TPSessionID is not set or is blank.
[01-Aug-2014 09:34:22]  [GETACTIVESESSION SUCCESS] GetActiveSession Success.
[01-Aug-2014 09:34:22]  [GETACTIVESESSION SUCCESS] Audittrail log success.
[01-Aug-2014 09:34:22]  [GETACTIVESESSION SUCCESS] APIlogs success.
[01-Aug-2014 09:34:22]  [REDEEMITEMS SUCCESS] Audittrail log success.
[01-Aug-2014 09:34:22]  [REDEEMITEMS SUCCESS] APIlogs success.
[01-Aug-2014 09:34:51]  [GETACTIVESESSION SUCCESS] GetActiveSession Success.
[01-Aug-2014 09:34:51]  [GETACTIVESESSION SUCCESS] Audittrail log success.
[01-Aug-2014 09:34:51]  [GETACTIVESESSION SUCCESS] APIlogs success.
[01-Aug-2014 09:34:51]  [LISTITEMS SUCCESS] Audittrail log success.
[01-Aug-2014 09:34:51]  [LISTITEMS SUCCESS] APIlogs success.
[01-Aug-2014 09:35:08]  [GETACTIVESESSION SUCCESS] GetActiveSession Success.
[01-Aug-2014 09:35:09]  [GETACTIVESESSION SUCCESS] Audittrail log success.
[01-Aug-2014 09:35:09]  [GETACTIVESESSION SUCCESS] APIlogs success.
[01-Aug-2014 09:35:13]  [GETACTIVESESSION SUCCESS] GetActiveSession Success.
[01-Aug-2014 09:35:13]  [GETACTIVESESSION SUCCESS] Audittrail log success.
[01-Aug-2014 09:35:13]  [GETACTIVESESSION SUCCESS] APIlogs success.
[01-Aug-2014 09:35:17]  [GETACTIVESESSION SUCCESS] GetActiveSession Success.
[01-Aug-2014 09:35:17]  [GETACTIVESESSION SUCCESS] Audittrail log success.
[01-Aug-2014 09:35:17]  [GETACTIVESESSION SUCCESS] APIlogs success.
[01-Aug-2014 09:35:56]  [GETACTIVESESSION SUCCESS] GetActiveSession Success.
[01-Aug-2014 09:35:56]  [GETACTIVESESSION SUCCESS] Audittrail log success.
[01-Aug-2014 09:35:56]  [GETACTIVESESSION SUCCESS] APIlogs success.
[01-Aug-2014 10:05:13]  [AUTHENTICATESESSION SUCCESS] Audittrail log success.
[01-Aug-2014 10:05:13]  [AUTHENTICATESESSION SUCCESS] APIlogs success.
[01-Aug-2014 10:05:13]  [AUTHENTICATESESSION SUCCESS] TPSessionID Generate Successfully.
[01-Aug-2014 10:26:06]  [GETACTIVESESSION SUCCESS] GetActiveSession Success.
[01-Aug-2014 10:26:06]  [GETACTIVESESSION SUCCESS] Audittrail log success.
[01-Aug-2014 10:26:06]  [GETACTIVESESSION SUCCESS] APIlogs success.
[01-Aug-2014 10:26:06]  [LOGIN SUCCESS] Audittrail log success.
[01-Aug-2014 10:26:06]  [LOGIN SUCCESS] APIlogs success.
[01-Aug-2014 10:32:57]  [GETACTIVESESSION SUCCESS] GetActiveSession Success.
[01-Aug-2014 10:32:57]  [GETACTIVESESSION SUCCESS] Audittrail log success.
[01-Aug-2014 10:32:57]  [GETACTIVESESSION SUCCESS] APIlogs success.
[01-Aug-2014 10:32:57]  [LOGIN SUCCESS] Audittrail log success.
[01-Aug-2014 10:32:57]  [LOGIN SUCCESS] APIlogs success.
[01-Aug-2014 10:33:08]  [AUTHENTICATESESSION SUCCESS] Audittrail log success.
[01-Aug-2014 10:33:08]  [AUTHENTICATESESSION SUCCESS] APIlogs success.
[01-Aug-2014 10:33:08]  [AUTHENTICATESESSION SUCCESS] TPSessionID Generate Successfully.
[01-Aug-2014 10:33:22]  [GETACTIVESESSION SUCCESS] GetActiveSession Success.
[01-Aug-2014 10:33:22]  [GETACTIVESESSION SUCCESS] Audittrail log success.
[01-Aug-2014 10:33:22]  [GETACTIVESESSION SUCCESS] APIlogs success.
[01-Aug-2014 10:33:22]  [GETPROFILE SUCCESS] Audittrail log success.
[01-Aug-2014 10:33:22]  [GETPROFILE SUCCESS] APIlogs success.
[01-Aug-2014 10:34:19]  [GETACTIVESESSION SUCCESS] GetActiveSession Success.
[01-Aug-2014 10:34:19]  [GETACTIVESESSION SUCCESS] Audittrail log success.
[01-Aug-2014 10:34:19]  [GETACTIVESESSION SUCCESS] APIlogs success.
[01-Aug-2014 10:34:19]  [GETPROFILE SUCCESS] Audittrail log success.
[01-Aug-2014 10:34:19]  [GETPROFILE SUCCESS] APIlogs success.
[01-Aug-2014 10:36:08]  [GETACTIVESESSION SUCCESS] GetActiveSession Success.
[01-Aug-2014 10:36:08]  [GETACTIVESESSION SUCCESS] Audittrail log success.
[01-Aug-2014 10:36:08]  [GETACTIVESESSION SUCCESS] APIlogs success.
[01-Aug-2014 10:36:08]  [GETPROFILE SUCCESS] Audittrail log success.
[01-Aug-2014 10:36:08]  [GETPROFILE SUCCESS] APIlogs success.
[01-Aug-2014 10:36:28]  [GETACTIVESESSION SUCCESS] GetActiveSession Success.
[01-Aug-2014 10:36:28]  [GETACTIVESESSION SUCCESS] Audittrail log success.
[01-Aug-2014 10:36:28]  [GETACTIVESESSION SUCCESS] APIlogs success.
[01-Aug-2014 10:36:28]  [GETPROFILE SUCCESS] Audittrail log success.
[01-Aug-2014 10:36:28]  [GETPROFILE SUCCESS] APIlogs success.
[01-Aug-2014 10:38:51]  [GETACTIVESESSION SUCCESS] GetActiveSession Success.
[01-Aug-2014 10:38:51]  [GETACTIVESESSION SUCCESS] Audittrail log success.
[01-Aug-2014 10:38:51]  [GETACTIVESESSION SUCCESS] APIlogs success.
[01-Aug-2014 10:39:27]  [GETACTIVESESSION SUCCESS] GetActiveSession Success.
[01-Aug-2014 10:39:27]  [GETACTIVESESSION SUCCESS] Audittrail log success.
[01-Aug-2014 10:39:27]  [GETACTIVESESSION SUCCESS] APIlogs success.
[01-Aug-2014 10:39:27]  [GETPROFILE SUCCESS] Audittrail log success.
[01-Aug-2014 10:39:27]  [GETPROFILE SUCCESS] APIlogs success.
[01-Aug-2014 10:41:16]  [GETACTIVESESSION SUCCESS] GetActiveSession Success.
[01-Aug-2014 10:41:16]  [GETACTIVESESSION SUCCESS] Audittrail log success.
[01-Aug-2014 10:41:16]  [GETACTIVESESSION SUCCESS] APIlogs success.
[01-Aug-2014 10:41:33]  [GETACTIVESESSION SUCCESS] GetActiveSession Success.
[01-Aug-2014 10:41:33]  [GETACTIVESESSION SUCCESS] Audittrail log success.
[01-Aug-2014 10:41:33]  [GETACTIVESESSION SUCCESS] APIlogs success.
[01-Aug-2014 10:41:33]  [GETPROFILE SUCCESS] Audittrail log success.
[01-Aug-2014 10:41:33]  [GETPROFILE SUCCESS] APIlogs success.
[01-Aug-2014 11:00:00]  [AUTHENTICATESESSION SUCCESS] Audittrail log success.
[01-Aug-2014 11:00:00]  [AUTHENTICATESESSION SUCCESS] APIlogs success.
[01-Aug-2014 11:00:00]  [AUTHENTICATESESSION SUCCESS] TPSessionID Generate Successfully.
[01-Aug-2014 11:00:11]  [AUTHENTICATESESSION SUCCESS] Audittrail log success.
[01-Aug-2014 11:00:11]  [AUTHENTICATESESSION SUCCESS] APIlogs success.
[01-Aug-2014 11:00:11]  [AUTHENTICATESESSION SUCCESS] TPSessionID Generate Successfully.
[01-Aug-2014 11:00:32]  [AUTHENTICATESESSION ERROR] One or more fields is not set or is blank.
[01-Aug-2014 11:00:40]  [AUTHENTICATESESSION SUCCESS] Audittrail log success.
[01-Aug-2014 11:00:40]  [AUTHENTICATESESSION SUCCESS] APIlogs success.
[01-Aug-2014 11:00:40]  [AUTHENTICATESESSION SUCCESS] TPSessionID Generate Successfully.
[01-Aug-2014 11:01:40]  [GETACTIVESESSION SUCCESS] GetActiveSession Success.
[01-Aug-2014 11:01:40]  [GETACTIVESESSION SUCCESS] Audittrail log success.
[01-Aug-2014 11:01:40]  [GETACTIVESESSION SUCCESS] APIlogs success.
[01-Aug-2014 11:01:57]  [GETACTIVESESSION SUCCESS] GetActiveSession Success.
[01-Aug-2014 11:01:57]  [GETACTIVESESSION SUCCESS] Audittrail log success.
[01-Aug-2014 11:01:57]  [GETACTIVESESSION SUCCESS] APIlogs success.
[01-Aug-2014 11:08:07]  [GETACTIVESESSION SUCCESS] GetActiveSession Success.
[01-Aug-2014 11:08:07]  [GETACTIVESESSION SUCCESS] Audittrail log success.
[01-Aug-2014 11:08:07]  [GETACTIVESESSION SUCCESS] APIlogs success.
[01-Aug-2014 11:08:07]  [LOGIN SUCCESS] Audittrail log success.
[01-Aug-2014 11:08:07]  [LOGIN SUCCESS] APIlogs success.
[01-Aug-2014 11:08:15]  [GETACTIVESESSION SUCCESS] GetActiveSession Success.
[01-Aug-2014 11:08:15]  [GETACTIVESESSION SUCCESS] Audittrail log success.
[01-Aug-2014 11:08:15]  [GETACTIVESESSION SUCCESS] APIlogs success.
[01-Aug-2014 11:08:15]  [LOGIN SUCCESS] Audittrail log success.
[01-Aug-2014 11:08:15]  [LOGIN SUCCESS] APIlogs success.
[01-Aug-2014 11:51:16]  [GETISSMOKER ERROR] TPSessionID is not set or is blank.
[01-Aug-2014 11:51:51]  [LOGIN ERROR] TPSessionID is not set or is blank.
[01-Aug-2014 11:52:36]  [LOGIN ERROR] Login contains expired SessionID.
[01-Aug-2014 11:52:36]  [LOGIN SUCCESS] APIlogs success.
[01-Aug-2014 11:55:13]  [GETISSMOKER ERROR] TPSessionID is not set or is blank.
[01-Aug-2014 11:56:41]  [GETISSMOKER ERROR] TPSessionID is not set or is blank.
[01-Aug-2014 11:56:41]  [GETISSMOKER SUCCESS] APIlogs success.
[01-Aug-2014 13:21:52]  [CHECKPOINTS ERROR] TPSessionID is not set or is blank.
[01-Aug-2014 13:21:52]  [CHECKPOINTS SUCCESS] APIlogs success.
[01-Aug-2014 13:23:02]  [CHECKPOINTS ERROR] CheckPoints contains expired SessionID.
[01-Aug-2014 13:23:02]  [CHECKPOINTS SUCCESS] APIlogs success.
[01-Aug-2014 13:23:53]  [AUTHENTICATESESSION SUCCESS] Audittrail log success.
[01-Aug-2014 13:23:53]  [AUTHENTICATESESSION SUCCESS] APIlogs success.
[01-Aug-2014 13:23:53]  [AUTHENTICATESESSION SUCCESS] TPSessionID Generate Successfully.
[01-Aug-2014 13:23:59]  [CHECKPOINTS ERROR] CheckPoints has invalid Session ID.
[01-Aug-2014 13:24:10]  [GETACTIVESESSION SUCCESS] GetActiveSession Success.
[01-Aug-2014 13:24:10]  [GETACTIVESESSION SUCCESS] Audittrail log success.
[01-Aug-2014 13:24:10]  [GETACTIVESESSION SUCCESS] APIlogs success.
[01-Aug-2014 13:24:42]  [CHECKPOINTS ERROR] CardNumber is not set or is blank.
[01-Aug-2014 13:24:42]  [CHECKPOINTS SUCCESS] APIlogs success.
[01-Aug-2014 13:24:47]  [CHECKPOINTS ERROR] CheckPoints has invalid Session ID.
[01-Aug-2014 13:36:57]  [CHECKPOINTS ERROR] TPSessionID is not set or is blank.
[01-Aug-2014 13:36:57]  [CHECKPOINTS SUCCESS] APIlogs success.
[01-Aug-2014 13:37:26]  [CHECKPOINTS ERROR] CheckPoints has invalid Session ID.
[01-Aug-2014 13:39:31]  [CHECKPOINTS ERROR] CheckPoints has invalid Session ID.
[01-Aug-2014 13:40:05]  [CHECKPOINTS ERROR] CheckPoints has invalid Session ID.
[01-Aug-2014 13:40:05]  [CHECKPOINTS SUCCESS] APIlogs success.
[01-Aug-2014 13:40:36]  [GETACTIVESESSION SUCCESS] GetActiveSession Success.
[01-Aug-2014 13:40:36]  [GETACTIVESESSION SUCCESS] Audittrail log success.
[01-Aug-2014 13:40:36]  [GETACTIVESESSION SUCCESS] APIlogs success.
[01-Aug-2014 13:44:18]  [GETACTIVESESSION SUCCESS] GetActiveSession Success.
[01-Aug-2014 13:44:18]  [GETACTIVESESSION SUCCESS] Audittrail log success.
[01-Aug-2014 13:44:18]  [GETACTIVESESSION SUCCESS] APIlogs success.
[01-Aug-2014 13:44:18]  [REGISTERMEMBER SUCCESS] Audittrail log success.
[01-Aug-2014 13:44:18]  [REGISTERMEMBER SUCCESS] APIlogs success.
[01-Aug-2014 13:50:20]  [GETACTIVESESSION SUCCESS] GetActiveSession Success.
[01-Aug-2014 13:50:20]  [GETACTIVESESSION SUCCESS] Audittrail log success.
[01-Aug-2014 13:50:20]  [GETACTIVESESSION SUCCESS] APIlogs success.
[01-Aug-2014 13:50:20]  [REGISTERMEMBER SUCCESS] Audittrail log success.
[01-Aug-2014 13:50:20]  [REGISTERMEMBER SUCCESS] APIlogs success.
[01-Aug-2014 14:07:52]  [AUTHENTICATESESSION ERROR] One or more fields is not set or is blank.
[01-Aug-2014 14:07:52]  [AUTHENTICATESESSION SUCCESS] APIlogs success.
[01-Aug-2014 14:08:34]  [AUTHENTICATESESSION SUCCESS] Audittrail log success.
[01-Aug-2014 14:08:34]  [AUTHENTICATESESSION SUCCESS] APIlogs success.
[01-Aug-2014 14:08:34]  [AUTHENTICATESESSION SUCCESS] TPSessionID Generate Successfully.
[01-Aug-2014 14:20:00]  [CHECKPOINTS ERROR] TPSessionID is not set or is blank.
[01-Aug-2014 14:20:00]  [CHECKPOINTS SUCCESS] APIlogs success.
[01-Aug-2014 15:48:21]  [CHECKPOINTS ERROR] TPSessionID is not set or is blank.
[01-Aug-2014 15:48:21]  [CHECKPOINTS SUCCESS] APIlogs success.
[01-Aug-2014 15:51:04]  [CHECKPOINTS ERROR] TPSessionID is not set or is blank.
[01-Aug-2014 15:51:04]  [CHECKPOINTS SUCCESS] APIlogs success.
[01-Aug-2014 15:51:04]  [CHECKPOINTS ERROR] TPSessionID is not set or is blank.
[01-Aug-2014 15:51:04]  [CHECKPOINTS SUCCESS] APIlogs success.
[01-Aug-2014 15:51:05]  [CHECKPOINTS ERROR] TPSessionID is not set or is blank.
[01-Aug-2014 15:51:05]  [CHECKPOINTS SUCCESS] APIlogs success.
[01-Aug-2014 15:51:05]  [CHECKPOINTS ERROR] TPSessionID is not set or is blank.
[01-Aug-2014 15:51:05]  [CHECKPOINTS SUCCESS] APIlogs success.
[01-Aug-2014 15:51:05]  [CHECKPOINTS ERROR] TPSessionID is not set or is blank.
[01-Aug-2014 15:51:05]  [CHECKPOINTS SUCCESS] APIlogs success.
[01-Aug-2014 15:51:06]  [CHECKPOINTS ERROR] TPSessionID is not set or is blank.
[01-Aug-2014 15:51:17]  [AUTHENTICATESESSION SUCCESS] Audittrail log success.
[01-Aug-2014 15:51:17]  [AUTHENTICATESESSION SUCCESS] APIlogs success.
[01-Aug-2014 15:51:17]  [AUTHENTICATESESSION SUCCESS] TPSessionID Generate Successfully.
[01-Aug-2014 15:53:49]  [CHECKPOINTS ERROR] TPSessionID is not set or is blank.
[01-Aug-2014 15:53:49]  [CHECKPOINTS SUCCESS] APIlogs success.
[01-Aug-2014 16:04:18]  [UPDATEPROFILE ERROR] UpdateProfile has invalid Session ID.
[01-Aug-2014 16:04:18]  [UPDATEPROFILE SUCCESS] APIlogs success.
[01-Aug-2014 16:04:39]  [AUTHENTICATESESSION SUCCESS] Audittrail log success.
[01-Aug-2014 16:04:39]  [AUTHENTICATESESSION SUCCESS] APIlogs success.
[01-Aug-2014 16:04:39]  [AUTHENTICATESESSION SUCCESS] TPSessionID Generate Successfully.
[01-Aug-2014 16:04:50]  [UPDATEPROFILE SUCCESS] APIlogs success.
[01-Aug-2014 16:06:07]  [UPDATEPROFILE SUCCESS] APIlogs success.
[01-Aug-2014 16:27:30]  [CHECKPOINTS ERROR] TPSessionID is not set or is blank.
[01-Aug-2014 16:27:30]  [CHECKPOINTS SUCCESS] APIlogs success.
[01-Aug-2014 16:30:27]  [CHECKPOINTS ERROR] TPSessionID is not set or is blank.
[01-Aug-2014 16:30:27]  [CHECKPOINTS SUCCESS] APIlogs success.
[01-Aug-2014 16:33:46]  [CHECKPOINTS ERROR] TPSessionID is not set or is blank.
[01-Aug-2014 16:33:46]  [CHECKPOINTS SUCCESS] APIlogs success.
[01-Aug-2014 17:41:39]  [GETACTIVESESSION ERROR] TPSessionID is not set or is blank.
[01-Aug-2014 17:41:50]  [LOGIN ERROR] TPSessionID is not set or is blank.
[01-Aug-2014 17:41:50]  [LOGIN SUCCESS] APIlogs success.
[01-Aug-2014 17:44:15]  [GETACTIVESESSION ERROR] TPSessionID is not set or is blank.
[01-Aug-2014 17:45:07]  [GETACTIVESESSION ERROR] TPSessionID is not set or is blank.
[01-Aug-2014 17:45:07]  [GETACTIVESESSION SUCCESS] APIlogs success.
[01-Aug-2014 17:45:16]  [LOGIN ERROR] TPSessionID is not set or is blank.
[01-Aug-2014 17:45:16]  [LOGIN SUCCESS] APIlogs success.
[01-Aug-2014 17:45:18]  [FORGOTPASSWORD ERROR] TPSessionID is not set or is blank.
[01-Aug-2014 17:45:18]  [FORGOTPASSWORD SUCCESS] APIlogs success.
[01-Aug-2014 17:45:23]  [UPDATEPROFILE ERROR] TPSessionID is not set or is blank.
[01-Aug-2014 17:45:23]  [UPDATEPROFILE SUCCESS] APIlogs success.
[01-Aug-2014 17:45:27]  [GETPROFILE ERROR] TPSessionID is not set or is blank.
[01-Aug-2014 17:45:27]  [GETPROFILE SUCCESS] APIlogs success.
[01-Aug-2014 17:45:31]  [CHECKPOINTS ERROR] TPSessionID is not set or is blank.
[01-Aug-2014 17:45:31]  [CHECKPOINTS SUCCESS] APIlogs success.
[01-Aug-2014 17:45:34]  [LISTITEMS ERROR] TPSessionID is not set or is blank.
[01-Aug-2014 17:45:34]  [LISTITEMS SUCCESS] APIlogs success.
[01-Aug-2014 17:45:37]  [REDEEMITEMS ERROR] TPSessionID is not set or is blank.
[01-Aug-2014 17:45:37]  [REDEEMITEMS SUCCESS] APIlogs success.
[01-Aug-2014 17:45:41]  [GETGENDER ERROR] TPSessionID is not set or is blank.
[01-Aug-2014 17:45:41]  [GETGENDER SUCCESS] APIlogs success.
[01-Aug-2014 17:45:44]  [GETIDPRESENTED ERROR] TPSessionID is not set or is blank.
[01-Aug-2014 17:45:44]  [GETIDPRESENTED SUCCESS] APIlogs success.
[01-Aug-2014 17:45:48]  [GETNATIONALITY ERROR] TPSessionID is not set or is blank.
[01-Aug-2014 17:45:48]  [GETNATIONALITY SUCCESS] APIlogs success.
[01-Aug-2014 17:45:50]  [GETOCCUPATION ERROR] TPSessionID is not set or is blank.
[01-Aug-2014 17:45:50]  [GETOCCUPATION SUCCESS] APIlogs success.
[01-Aug-2014 17:45:53]  [GETISSMOKER ERROR] TPSessionID is not set or is blank.
[01-Aug-2014 17:45:53]  [GETISSMOKER SUCCESS] APIlogs success.
[01-Aug-2014 18:00:04]  [AUTHENTICATESESSION SUCCESS] Audittrail log success.
[01-Aug-2014 18:00:04]  [AUTHENTICATESESSION SUCCESS] APIlogs success.
[01-Aug-2014 18:00:04]  [AUTHENTICATESESSION SUCCESS] TPSessionID Generate Successfully.
[01-Aug-2014 18:00:10]  [AUTHENTICATESESSION ERROR] Third Party Account not found.
[01-Aug-2014 18:00:10]  [AUTHENTICATESESSION SUCCESS] APIlogs success.
[01-Aug-2014 18:00:17]  [AUTHENTICATESESSION ERROR] Invalid Input
[01-Aug-2014 18:00:17]  [AUTHENTICATESESSION SUCCESS] APIlogs success.
[01-Aug-2014 18:24:02]  [AUTHENTICATESESSION ERROR] One or more fields is not set or is blank.
[01-Aug-2014 18:24:02]  [AUTHENTICATESESSION SUCCESS] APIlogs success.
[01-Aug-2014 19:32:08]  [AUTHENTICATESESSION SUCCESS] Audittrail log success.
[01-Aug-2014 19:32:08]  [AUTHENTICATESESSION SUCCESS] APIlogs success.
[01-Aug-2014 19:32:08]  [AUTHENTICATESESSION SUCCESS] TPSessionID Generate Successfully.
[01-Aug-2014 19:33:25]  [GETACTIVESESSION SUCCESS] GetActiveSession Success.
[01-Aug-2014 19:33:25]  [GETACTIVESESSION SUCCESS] Audittrail log success.
[01-Aug-2014 19:33:25]  [GETACTIVESESSION SUCCESS] APIlogs success.
[01-Aug-2014 19:34:25]  [GETACTIVESESSION SUCCESS] GetActiveSession Success.
[01-Aug-2014 19:34:25]  [GETACTIVESESSION SUCCESS] Audittrail log success.
[01-Aug-2014 19:34:25]  [GETACTIVESESSION SUCCESS] APIlogs success.
[01-Aug-2014 19:34:26]  [LOGIN SUCCESS] Audittrail log success.
[01-Aug-2014 19:34:26]  [LOGIN SUCCESS] APIlogs success.
[01-Aug-2014 19:34:33]  [GETACTIVESESSION SUCCESS] GetActiveSession Success.
[01-Aug-2014 19:34:33]  [GETACTIVESESSION SUCCESS] Audittrail log success.
[01-Aug-2014 19:34:33]  [GETACTIVESESSION SUCCESS] APIlogs success.
[01-Aug-2014 19:34:33]  [LOGIN SUCCESS] Audittrail log success.
[01-Aug-2014 19:34:33]  [LOGIN SUCCESS] APIlogs success.
[01-Aug-2014 19:37:20]  [GETACTIVESESSION SUCCESS] GetActiveSession Success.
[01-Aug-2014 19:37:20]  [GETACTIVESESSION SUCCESS] Audittrail log success.
[01-Aug-2014 19:37:20]  [GETACTIVESESSION SUCCESS] APIlogs success.
[01-Aug-2014 19:37:20]  [FORGOTPASSWORD SUCCESS] Audittrail log success.
[01-Aug-2014 19:37:20]  [FORGOTPASSWORD SUCCESS] APIlogs success.
[01-Aug-2014 19:37:56]  [GETACTIVESESSION SUCCESS] GetActiveSession Success.
[01-Aug-2014 19:37:56]  [GETACTIVESESSION SUCCESS] Audittrail log success.
[01-Aug-2014 19:37:56]  [GETACTIVESESSION SUCCESS] APIlogs success.
[01-Aug-2014 19:37:56]  [FORGOTPASSWORD SUCCESS] Audittrail log success.
[01-Aug-2014 19:37:56]  [FORGOTPASSWORD SUCCESS] APIlogs success.
[01-Aug-2014 19:39:00]  [GETACTIVESESSION SUCCESS] GetActiveSession Success.
[01-Aug-2014 19:39:00]  [GETACTIVESESSION SUCCESS] Audittrail log success.
[01-Aug-2014 19:39:00]  [GETACTIVESESSION SUCCESS] APIlogs success.
[01-Aug-2014 19:39:00]  [REGISTERMEMBER SUCCESS] Audittrail log success.
[01-Aug-2014 19:39:00]  [REGISTERMEMBER SUCCESS] APIlogs success.
[01-Aug-2014 19:40:25]  [GETACTIVESESSION SUCCESS] GetActiveSession Success.
[01-Aug-2014 19:40:25]  [GETACTIVESESSION SUCCESS] Audittrail log success.
[01-Aug-2014 19:40:25]  [GETACTIVESESSION SUCCESS] APIlogs success.
[01-Aug-2014 19:40:26]  [LOGIN SUCCESS] Audittrail log success.
[01-Aug-2014 19:40:26]  [LOGIN SUCCESS] APIlogs success.
[01-Aug-2014 19:41:17]  [UPDATEPROFILE SUCCESS] APIlogs success.
[01-Aug-2014 19:43:36]  [GETACTIVESESSION SUCCESS] GetActiveSession Success.
[01-Aug-2014 19:43:36]  [GETACTIVESESSION SUCCESS] Audittrail log success.
[01-Aug-2014 19:43:36]  [GETACTIVESESSION SUCCESS] APIlogs success.
[01-Aug-2014 19:43:36]  [GETPROFILE SUCCESS] APIlogs success.
[01-Aug-2014 20:00:07]  [GETACTIVESESSION SUCCESS] GetActiveSession Success.
[01-Aug-2014 20:00:07]  [GETACTIVESESSION SUCCESS] Audittrail log success.
[01-Aug-2014 20:00:07]  [GETACTIVESESSION SUCCESS] APIlogs success.
[01-Aug-2014 20:07:48]  [GETACTIVESESSION SUCCESS] GetActiveSession Success.
[01-Aug-2014 20:07:48]  [GETACTIVESESSION SUCCESS] Audittrail log success.
[01-Aug-2014 20:07:48]  [GETACTIVESESSION SUCCESS] APIlogs success.
[01-Aug-2014 20:07:48]  [LOGIN SUCCESS] Audittrail log success.
[01-Aug-2014 20:07:48]  [LOGIN SUCCESS] APIlogs success.
[01-Aug-2014 21:01:57]  [GETPROFILE ERROR] MPSessionID is not set or is blank.
[01-Aug-2014 21:01:57]  [GETPROFILE SUCCESS] APIlogs success.
[01-Aug-2014 21:02:07]  [AUTHENTICATESESSION ERROR] One or more fields is not set or is blank.
[01-Aug-2014 21:02:07]  [AUTHENTICATESESSION SUCCESS] APIlogs success.
[01-Aug-2014 21:02:11]  [AUTHENTICATESESSION SUCCESS] Audittrail log success.
[01-Aug-2014 21:02:11]  [AUTHENTICATESESSION SUCCESS] APIlogs success.
[01-Aug-2014 21:02:11]  [AUTHENTICATESESSION SUCCESS] TPSessionID Generate Successfully.
[01-Aug-2014 21:02:18]  [GETACTIVESESSION ERROR] Invalid Input.
[01-Aug-2014 21:02:18]  [GETACTIVESESSION SUCCESS] APIlogs success.
[01-Aug-2014 21:02:25]  [GETACTIVESESSION SUCCESS] GetActiveSession Success.
[01-Aug-2014 21:02:25]  [GETACTIVESESSION SUCCESS] Audittrail log success.
[01-Aug-2014 21:02:25]  [GETACTIVESESSION SUCCESS] APIlogs success.
[01-Aug-2014 21:03:21]  [GETACTIVESESSION SUCCESS] GetActiveSession Success.
[01-Aug-2014 21:03:21]  [GETACTIVESESSION SUCCESS] Audittrail log success.
[01-Aug-2014 21:03:21]  [GETACTIVESESSION SUCCESS] APIlogs success.
[01-Aug-2014 21:03:21]  [LOGIN SUCCESS] Audittrail log success.
[01-Aug-2014 21:03:21]  [LOGIN SUCCESS] APIlogs success.
[01-Aug-2014 21:04:24]  [GETACTIVESESSION SUCCESS] GetActiveSession Success.
[01-Aug-2014 21:04:24]  [GETACTIVESESSION SUCCESS] Audittrail log success.
[01-Aug-2014 21:04:24]  [GETACTIVESESSION SUCCESS] APIlogs success.
[01-Aug-2014 21:04:24]  [LOGIN SUCCESS] Audittrail log success.
[01-Aug-2014 21:04:24]  [LOGIN SUCCESS] APIlogs success.
[01-Aug-2014 21:12:06]  [GETACTIVESESSION SUCCESS] GetActiveSession Success.
[01-Aug-2014 21:12:06]  [GETACTIVESESSION SUCCESS] Audittrail log success.
[01-Aug-2014 21:12:06]  [GETACTIVESESSION SUCCESS] APIlogs success.
[01-Aug-2014 21:12:06]  [REGISTERMEMBER SUCCESS] APIlogs success.
[01-Aug-2014 21:13:21]  [GETACTIVESESSION SUCCESS] GetActiveSession Success.
[01-Aug-2014 21:13:21]  [GETACTIVESESSION SUCCESS] Audittrail log success.
[01-Aug-2014 21:13:21]  [GETACTIVESESSION SUCCESS] APIlogs success.
[01-Aug-2014 21:13:24]  [REGISTERMEMBER SUCCESS] Audittrail log success.
[01-Aug-2014 21:13:24]  [REGISTERMEMBER SUCCESS] APIlogs success.
