[06-Aug-2014 09:27:10]  [LOGOUT ERROR] TPSessionID is not set or is blank.
[06-Aug-2014 09:27:10]  [LOGOUT SUCCESS] APIlogs success.
[06-Aug-2014 09:29:42]  [GETISSMOKER ERROR] TPSessionID is not set or is blank.
[06-Aug-2014 09:29:42]  [GETISSMOKER SUCCESS] APIlogs success.
[06-Aug-2014 09:36:39]  [AUTHENTICATESESSION ERROR] Username is not set or is blank.
[06-Aug-2014 09:36:39]  [AUTHENTICATESESSION SUCCESS] APIlogs success.
[06-Aug-2014 10:09:09]  [LOGOUT ERROR] TPSessionID is not set or is blank.
[06-Aug-2014 10:09:09]  [LOGOUT SUCCESS] APIlogs success.
[06-Aug-2014 10:09:17]  [GETISSMOKER ERROR] TPSessionID is not set or is blank.
[06-Aug-2014 10:09:17]  [GETISSMOKER SUCCESS] APIlogs success.
[06-Aug-2014 10:09:24]  [AUTHENTICATESESSION SUCCESS] Audittrail log success.
[06-Aug-2014 10:09:24]  [AUTHENTICATESESSION SUCCESS] APIlogs success.
[06-Aug-2014 10:09:24]  [AUTHENTICATESESSION SUCCESS] TPSessionID Generate Successfully.
[06-Aug-2014 10:12:36]  [AUTHENTICATESESSION SUCCESS] Audittrail log success.
[06-Aug-2014 10:12:36]  [AUTHENTICATESESSION SUCCESS] APIlogs success.
[06-Aug-2014 10:12:36]  [AUTHENTICATESESSION SUCCESS] TPSessionID Generate Successfully.
[06-Aug-2014 10:30:28]  [GETISSMOKER ERROR] TPSessionID is not set or is blank.
[06-Aug-2014 10:30:28]  [GETISSMOKER SUCCESS] APIlogs success.
[06-Aug-2014 10:30:49]  [GETISSMOKER ERROR] TPSessionID is not set or is blank.
[06-Aug-2014 10:30:49]  [GETISSMOKER SUCCESS] APIlogs success.
[06-Aug-2014 10:36:16]  [GETOCCUPATION ERROR] TPSessionID is not set or is blank.
[06-Aug-2014 10:36:16]  [GETOCCUPATION SUCCESS] APIlogs success.
[06-Aug-2014 10:36:32]  [GETISSMOKER ERROR] GetIsSmoker has invalid Session ID.
[06-Aug-2014 10:36:32]  [GETISSMOKER SUCCESS] APIlogs success.
[06-Aug-2014 10:36:36]  [AUTHENTICATESESSION SUCCESS] Audittrail log success.
[06-Aug-2014 10:36:36]  [AUTHENTICATESESSION SUCCESS] APIlogs success.
[06-Aug-2014 10:36:36]  [AUTHENTICATESESSION SUCCESS] TPSessionID Generate Successfully.
[06-Aug-2014 10:36:39]  [GETACTIVESESSION SUCCESS] GetActiveSession Success.
[06-Aug-2014 10:36:39]  [GETACTIVESESSION SUCCESS] Audittrail log success.
[06-Aug-2014 10:36:39]  [GETACTIVESESSION SUCCESS] APIlogs success.
[06-Aug-2014 10:36:55]  [GETACTIVESESSION SUCCESS] GetActiveSession Success.
[06-Aug-2014 10:36:55]  [GETACTIVESESSION SUCCESS] Audittrail log success.
[06-Aug-2014 10:36:55]  [GETACTIVESESSION SUCCESS] APIlogs success.
[06-Aug-2014 10:42:14]  [GETGENDER ERROR] TPSessionID is not set or is blank.
[06-Aug-2014 10:42:14]  [GETGENDER SUCCESS] APIlogs success.
[06-Aug-2014 10:43:05]  [GETGENDER ERROR] TPSessionID is not set or is blank.
[06-Aug-2014 10:43:05]  [GETGENDER SUCCESS] APIlogs success.
[06-Aug-2014 10:44:56]  [GETIDPRESENTED ERROR] TPSessionID is not set or is blank.
[06-Aug-2014 10:44:56]  [GETIDPRESENTED SUCCESS] APIlogs success.
[06-Aug-2014 10:45:05]  [GETACTIVESESSION SUCCESS] GetActiveSession Success.
[06-Aug-2014 10:45:06]  [GETACTIVESESSION SUCCESS] Audittrail log success.
[06-Aug-2014 10:45:06]  [GETACTIVESESSION SUCCESS] APIlogs success.
[06-Aug-2014 10:45:30]  [GETIDPRESENTED ERROR] TPSessionID is not set or is blank.
[06-Aug-2014 10:45:30]  [GETIDPRESENTED SUCCESS] APIlogs success.
[06-Aug-2014 10:45:38]  [GETACTIVESESSION SUCCESS] GetActiveSession Success.
[06-Aug-2014 10:45:38]  [GETACTIVESESSION SUCCESS] Audittrail log success.
[06-Aug-2014 10:45:38]  [GETACTIVESESSION SUCCESS] APIlogs success.
[06-Aug-2014 10:45:39]  [GETIDPRESENTED ERROR] TPSessionID is not set or is blank.
[06-Aug-2014 10:45:39]  [GETIDPRESENTED SUCCESS] APIlogs success.
[06-Aug-2014 10:47:08]  [GETNATIONALITY ERROR] TPSessionID is not set or is blank.
[06-Aug-2014 10:47:08]  [GETNATIONALITY SUCCESS] APIlogs success.
[06-Aug-2014 10:48:32]  [GETOCCUPATION ERROR] TPSessionID is not set or is blank.
[06-Aug-2014 10:48:32]  [GETOCCUPATION SUCCESS] APIlogs success.
[06-Aug-2014 10:50:58]  [GETISSMOKER ERROR] TPSessionID is not set or is blank.
[06-Aug-2014 10:50:58]  [GETISSMOKER SUCCESS] APIlogs success.
[06-Aug-2014 10:55:53]  [GETGENDER ERROR] TPSessionID is not set or is blank.
[06-Aug-2014 10:55:53]  [GETGENDER SUCCESS] APIlogs success.
[06-Aug-2014 10:57:38]  [GETGENDER ERROR] TPSessionID is not set or is blank.
[06-Aug-2014 10:57:38]  [GETGENDER SUCCESS] APIlogs success.
[06-Aug-2014 10:58:03]  [GETGENDER ERROR] TPSessionID is not set or is blank.
[06-Aug-2014 10:58:03]  [GETGENDER SUCCESS] APIlogs success.
[06-Aug-2014 11:01:56]  [GETGENDER ERROR] TPSessionID is not set or is blank.
[06-Aug-2014 11:01:56]  [GETGENDER SUCCESS] APIlogs success.
[06-Aug-2014 11:02:05]  [GETOCCUPATION ERROR] TPSessionID is not set or is blank.
[06-Aug-2014 11:02:05]  [GETOCCUPATION SUCCESS] APIlogs success.
[06-Aug-2014 11:02:15]  [GETIDPRESENTED ERROR] TPSessionID is not set or is blank.
[06-Aug-2014 11:02:15]  [GETIDPRESENTED SUCCESS] APIlogs success.
[06-Aug-2014 11:05:07]  [LOGOUT ERROR] TPSessionID is not set or is blank.
[06-Aug-2014 11:05:07]  [LOGOUT SUCCESS] APIlogs success.
[06-Aug-2014 11:05:14]  [LOGOUT ERROR] Logout has invalid Session ID.
[06-Aug-2014 11:05:14]  [LOGOUT SUCCESS] APIlogs success.
[06-Aug-2014 13:53:13]  [AUTHENTICATESESSION SUCCESS] Audittrail log success.
[06-Aug-2014 13:53:13]  [AUTHENTICATESESSION SUCCESS] APIlogs success.
[06-Aug-2014 13:53:14]  [AUTHENTICATESESSION SUCCESS] TPSessionID Generate Successfully.
[06-Aug-2014 13:53:30]  [GETACTIVESESSION SUCCESS] GetActiveSession Success.
[06-Aug-2014 13:53:30]  [GETACTIVESESSION SUCCESS] Audittrail log success.
[06-Aug-2014 13:53:30]  [GETACTIVESESSION SUCCESS] APIlogs success.
[06-Aug-2014 13:53:30]  [LOGIN SUCCESS] Audittrail log success.
[06-Aug-2014 13:53:30]  [LOGIN SUCCESS] APIlogs success.
[06-Aug-2014 13:53:39]  [GETACTIVESESSION SUCCESS] GetActiveSession Success.
[06-Aug-2014 13:53:39]  [GETACTIVESESSION SUCCESS] Audittrail log success.
[06-Aug-2014 13:53:39]  [GETACTIVESESSION SUCCESS] APIlogs success.
[06-Aug-2014 13:58:50]  [LOGIN ERROR] Login contains expired SessionID.
[06-Aug-2014 13:58:50]  [LOGIN SUCCESS] APIlogs success.
[06-Aug-2014 14:02:51]  [GETISSMOKER ERROR] GetIsSmoker contains expired SessionID.
[06-Aug-2014 14:02:51]  [GETISSMOKER SUCCESS] APIlogs success.
[06-Aug-2014 14:03:11]  [LISTITEMS ERROR] ListItems contains expired SessionID.
[06-Aug-2014 14:03:11]  [LISTITEMS SUCCESS] APIlogs success.
[06-Aug-2014 14:05:25]  [LOGOUT ERROR] Logout has invalid Session ID.
[06-Aug-2014 14:05:25]  [LOGOUT SUCCESS] APIlogs success.
[06-Aug-2014 14:05:57]  [GETISSMOKER ERROR] GetIsSmoker contains expired SessionID.
[06-Aug-2014 14:05:57]  [GETISSMOKER SUCCESS] APIlogs success.
[06-Aug-2014 14:06:31]  [LOGOUT ERROR] Logout contains expired SessionID.
[06-Aug-2014 14:06:31]  [LOGOUT SUCCESS] APIlogs success.
[06-Aug-2014 14:24:25]  [LOGOUT ERROR] TPSessionID is not set or is blank.
[06-Aug-2014 14:24:25]  [LOGOUT SUCCESS] APIlogs success.
[06-Aug-2014 14:24:46]  [LOGIN ERROR] Login contains expired SessionID.
[06-Aug-2014 14:24:46]  [LOGIN SUCCESS] APIlogs success.
[06-Aug-2014 14:25:17]  [AUTHENTICATESESSION SUCCESS] Audittrail log success.
[06-Aug-2014 14:25:17]  [AUTHENTICATESESSION SUCCESS] APIlogs success.
[06-Aug-2014 14:25:17]  [AUTHENTICATESESSION SUCCESS] TPSessionID Generate Successfully.
[06-Aug-2014 14:25:27]  [GETACTIVESESSION SUCCESS] GetActiveSession Success.
[06-Aug-2014 14:25:27]  [GETACTIVESESSION SUCCESS] Audittrail log success.
[06-Aug-2014 14:25:27]  [GETACTIVESESSION SUCCESS] APIlogs success.
[06-Aug-2014 14:25:27]  [LOGIN SUCCESS] Audittrail log success.
[06-Aug-2014 14:25:27]  [LOGIN SUCCESS] APIlogs success.
[06-Aug-2014 14:25:36]  [LOGOUT ERROR] Logout has invalid Session ID.
[06-Aug-2014 14:25:36]  [LOGOUT SUCCESS] APIlogs success.
[06-Aug-2014 14:26:43]  [LOGOUT ERROR] Logout has invalid Session ID.
[06-Aug-2014 14:26:43]  [LOGOUT SUCCESS] APIlogs success.
[06-Aug-2014 14:27:12]  [GETACTIVESESSION SUCCESS] GetActiveSession Success.
[06-Aug-2014 14:27:12]  [GETACTIVESESSION SUCCESS] Audittrail log success.
[06-Aug-2014 14:27:12]  [GETACTIVESESSION SUCCESS] APIlogs success.
[06-Aug-2014 14:27:12]  [LOGOUT ERROR] Failed to delete session.
[06-Aug-2014 14:27:12]  [LOGOUT SUCCESS] APIlogs success.
[06-Aug-2014 14:32:37]  [GETACTIVESESSION SUCCESS] GetActiveSession Success.
[06-Aug-2014 14:32:37]  [GETACTIVESESSION SUCCESS] Audittrail log success.
[06-Aug-2014 14:32:37]  [GETACTIVESESSION SUCCESS] APIlogs success.
[06-Aug-2014 14:34:46]  [GETACTIVESESSION SUCCESS] GetActiveSession Success.
[06-Aug-2014 14:34:46]  [GETACTIVESESSION SUCCESS] Audittrail log success.
[06-Aug-2014 14:34:46]  [GETACTIVESESSION SUCCESS] APIlogs success.
[06-Aug-2014 14:35:31]  [GETACTIVESESSION SUCCESS] GetActiveSession Success.
[06-Aug-2014 14:35:31]  [GETACTIVESESSION SUCCESS] Audittrail log success.
[06-Aug-2014 14:35:31]  [GETACTIVESESSION SUCCESS] APIlogs success.
[06-Aug-2014 14:36:32]  [GETACTIVESESSION SUCCESS] GetActiveSession Success.
[06-Aug-2014 14:36:32]  [GETACTIVESESSION SUCCESS] Audittrail log success.
[06-Aug-2014 14:36:32]  [GETACTIVESESSION SUCCESS] APIlogs success.
[06-Aug-2014 14:36:32]  [LOGOUT ERROR] Failed to delete session.
[06-Aug-2014 14:36:32]  [LOGOUT SUCCESS] APIlogs success.
[06-Aug-2014 14:37:34]  [GETACTIVESESSION SUCCESS] GetActiveSession Success.
[06-Aug-2014 14:37:34]  [GETACTIVESESSION SUCCESS] Audittrail log success.
[06-Aug-2014 14:37:34]  [GETACTIVESESSION SUCCESS] APIlogs success.
[06-Aug-2014 14:38:38]  [GETACTIVESESSION SUCCESS] GetActiveSession Success.
[06-Aug-2014 14:38:38]  [GETACTIVESESSION SUCCESS] Audittrail log success.
[06-Aug-2014 14:38:38]  [GETACTIVESESSION SUCCESS] APIlogs success.
[06-Aug-2014 14:39:36]  [GETACTIVESESSION SUCCESS] GetActiveSession Success.
[06-Aug-2014 14:39:36]  [GETACTIVESESSION SUCCESS] Audittrail log success.
[06-Aug-2014 14:39:36]  [GETACTIVESESSION SUCCESS] APIlogs success.
[06-Aug-2014 14:39:37]  [LOGOUT ERROR] Failed to delete session.
[06-Aug-2014 14:39:37]  [LOGOUT SUCCESS] APIlogs success.
[06-Aug-2014 14:43:18]  [GETACTIVESESSION SUCCESS] GetActiveSession Success.
[06-Aug-2014 14:43:18]  [GETACTIVESESSION SUCCESS] Audittrail log success.
[06-Aug-2014 14:43:18]  [GETACTIVESESSION SUCCESS] APIlogs success.
[06-Aug-2014 14:43:47]  [GETACTIVESESSION SUCCESS] GetActiveSession Success.
[06-Aug-2014 14:43:47]  [GETACTIVESESSION SUCCESS] Audittrail log success.
[06-Aug-2014 14:43:47]  [GETACTIVESESSION SUCCESS] APIlogs success.
[06-Aug-2014 14:45:37]  [GETACTIVESESSION SUCCESS] GetActiveSession Success.
[06-Aug-2014 14:45:37]  [GETACTIVESESSION SUCCESS] Audittrail log success.
[06-Aug-2014 14:45:37]  [GETACTIVESESSION SUCCESS] APIlogs success.
[06-Aug-2014 14:45:57]  [GETACTIVESESSION SUCCESS] GetActiveSession Success.
[06-Aug-2014 14:45:57]  [GETACTIVESESSION SUCCESS] Audittrail log success.
[06-Aug-2014 14:45:57]  [GETACTIVESESSION SUCCESS] APIlogs success.
[06-Aug-2014 14:45:57]  [LOGOUT ERROR] Failed to delete session.
[06-Aug-2014 14:45:57]  [LOGOUT SUCCESS] APIlogs success.
[06-Aug-2014 14:49:10]  [GETACTIVESESSION SUCCESS] GetActiveSession Success.
[06-Aug-2014 14:49:10]  [GETACTIVESESSION SUCCESS] Audittrail log success.
[06-Aug-2014 14:49:10]  [GETACTIVESESSION SUCCESS] APIlogs success.
[06-Aug-2014 14:50:02]  [GETACTIVESESSION SUCCESS] GetActiveSession Success.
[06-Aug-2014 14:50:02]  [GETACTIVESESSION SUCCESS] Audittrail log success.
[06-Aug-2014 14:50:02]  [GETACTIVESESSION SUCCESS] APIlogs success.
[06-Aug-2014 14:50:02]  [LOGOUT ERROR] Failed to delete session.
[06-Aug-2014 14:50:02]  [LOGOUT SUCCESS] APIlogs success.
[06-Aug-2014 14:53:09]  [GETACTIVESESSION SUCCESS] GetActiveSession Success.
[06-Aug-2014 14:53:09]  [GETACTIVESESSION SUCCESS] Audittrail log success.
[06-Aug-2014 14:53:09]  [GETACTIVESESSION SUCCESS] APIlogs success.
[06-Aug-2014 14:53:09]  [LOGOUT ERROR] Failed to delete session.
[06-Aug-2014 14:53:09]  [LOGOUT SUCCESS] APIlogs success.
[06-Aug-2014 15:53:52]  [AUTHENTICATESESSION SUCCESS] Audittrail log success.
[06-Aug-2014 15:53:52]  [AUTHENTICATESESSION SUCCESS] APIlogs success.
[06-Aug-2014 15:53:52]  [AUTHENTICATESESSION SUCCESS] TPSessionID Generate Successfully.
[06-Aug-2014 15:54:00]  [GETACTIVESESSION SUCCESS] GetActiveSession Success.
[06-Aug-2014 15:54:00]  [GETACTIVESESSION SUCCESS] Audittrail log success.
[06-Aug-2014 15:54:00]  [GETACTIVESESSION SUCCESS] APIlogs success.
[06-Aug-2014 15:54:05]  [GETACTIVESESSION SUCCESS] GetActiveSession Success.
[06-Aug-2014 15:54:05]  [GETACTIVESESSION SUCCESS] Audittrail log success.
[06-Aug-2014 15:54:05]  [GETACTIVESESSION SUCCESS] APIlogs success.
[06-Aug-2014 15:54:26]  [AUTHENTICATESESSION SUCCESS] Audittrail log success.
[06-Aug-2014 15:54:26]  [AUTHENTICATESESSION SUCCESS] APIlogs success.
[06-Aug-2014 15:54:26]  [AUTHENTICATESESSION SUCCESS] TPSessionID Generate Successfully.
[06-Aug-2014 15:54:33]  [GETACTIVESESSION SUCCESS] GetActiveSession Success.
[06-Aug-2014 15:54:33]  [GETACTIVESESSION SUCCESS] Audittrail log success.
[06-Aug-2014 15:54:33]  [GETACTIVESESSION SUCCESS] APIlogs success.
[06-Aug-2014 15:54:37]  [LOGIN ERROR] Login has invalid Session ID.
[06-Aug-2014 15:54:37]  [LOGIN SUCCESS] APIlogs success.
[06-Aug-2014 15:54:43]  [GETACTIVESESSION SUCCESS] GetActiveSession Success.
[06-Aug-2014 15:54:43]  [GETACTIVESESSION SUCCESS] Audittrail log success.
[06-Aug-2014 15:54:43]  [GETACTIVESESSION SUCCESS] APIlogs success.
[06-Aug-2014 15:54:43]  [LOGIN SUCCESS] Audittrail log success.
[06-Aug-2014 15:54:43]  [LOGIN SUCCESS] APIlogs success.
[06-Aug-2014 15:54:49]  [GETACTIVESESSION SUCCESS] GetActiveSession Success.
[06-Aug-2014 15:54:49]  [GETACTIVESESSION SUCCESS] Audittrail log success.
[06-Aug-2014 15:54:49]  [GETACTIVESESSION SUCCESS] APIlogs success.
[06-Aug-2014 15:59:48]  [LOGOUT ERROR] TPSessionID is not set or is blank.
[06-Aug-2014 15:59:48]  [LOGOUT SUCCESS] APIlogs success.
[06-Aug-2014 16:10:38]  [AUTHENTICATESESSION ERROR] Failed to generate TPSessionID.
[06-Aug-2014 16:10:38]  [AUTHENTICATESESSION SUCCESS] APIlogs success.
[06-Aug-2014 16:19:45]  [AUTHENTICATESESSION SUCCESS] Audittrail log success.
[06-Aug-2014 16:19:45]  [AUTHENTICATESESSION SUCCESS] APIlogs success.
[06-Aug-2014 16:19:45]  [AUTHENTICATESESSION SUCCESS] TPSessionID Generate Successfully.
[06-Aug-2014 16:20:13]  [GETACTIVESESSION SUCCESS] GetActiveSession Success.
[06-Aug-2014 16:20:13]  [GETACTIVESESSION SUCCESS] Audittrail log success.
[06-Aug-2014 16:20:13]  [GETACTIVESESSION SUCCESS] APIlogs success.
[06-Aug-2014 16:20:13]  [LOGIN SUCCESS] Audittrail log success.
[06-Aug-2014 16:20:13]  [LOGIN SUCCESS] APIlogs success.
[06-Aug-2014 16:20:19]  [GETACTIVESESSION SUCCESS] GetActiveSession Success.
[06-Aug-2014 16:20:19]  [GETACTIVESESSION SUCCESS] Audittrail log success.
[06-Aug-2014 16:20:19]  [GETACTIVESESSION SUCCESS] APIlogs success.
[06-Aug-2014 16:20:27]  [GETISSMOKER ERROR] GetIsSmoker has invalid Session ID.
[06-Aug-2014 16:20:27]  [GETISSMOKER SUCCESS] APIlogs success.
[06-Aug-2014 16:20:51]  [AUTHENTICATESESSION SUCCESS] Audittrail log success.
[06-Aug-2014 16:20:51]  [AUTHENTICATESESSION SUCCESS] APIlogs success.
[06-Aug-2014 16:20:51]  [AUTHENTICATESESSION SUCCESS] TPSessionID generated Successfully.
[06-Aug-2014 16:25:08]  [AUTHENTICATESESSION SUCCESS] Audittrail log success.
[06-Aug-2014 16:25:08]  [AUTHENTICATESESSION SUCCESS] APIlogs success.
[06-Aug-2014 16:25:08]  [AUTHENTICATESESSION SUCCESS] TPSessionID Generate Successfully.
[06-Aug-2014 16:25:18]  [GETACTIVESESSION SUCCESS] GetActiveSession Success.
[06-Aug-2014 16:25:18]  [GETACTIVESESSION SUCCESS] Audittrail log success.
[06-Aug-2014 16:25:18]  [GETACTIVESESSION SUCCESS] APIlogs success.
[06-Aug-2014 16:25:19]  [LOGIN SUCCESS] Audittrail log success.
[06-Aug-2014 16:25:19]  [LOGIN SUCCESS] APIlogs success.
[06-Aug-2014 16:25:32]  [GETACTIVESESSION SUCCESS] GetActiveSession Success.
[06-Aug-2014 16:25:32]  [GETACTIVESESSION SUCCESS] Audittrail log success.
[06-Aug-2014 16:25:32]  [GETACTIVESESSION SUCCESS] APIlogs success.
[06-Aug-2014 16:25:33]  [LISTITEMS ERROR] No response from Membership portal API.
[06-Aug-2014 16:25:33]  [LISTITEMS SUCCESS] APIlogs success.
[06-Aug-2014 16:26:18]  [GETACTIVESESSION SUCCESS] GetActiveSession Success.
[06-Aug-2014 16:26:18]  [GETACTIVESESSION SUCCESS] Audittrail log success.
[06-Aug-2014 16:26:18]  [GETACTIVESESSION SUCCESS] APIlogs success.
[06-Aug-2014 16:26:18]  [LISTITEMS ERROR] No response from Membership portal API.
[06-Aug-2014 16:26:18]  [LISTITEMS SUCCESS] APIlogs success.
[06-Aug-2014 16:57:57]  [ ERROR]  contains expired SessionID.
[06-Aug-2014 17:01:01]  [ ERROR]  has invalid Session ID.
[06-Aug-2014 17:01:52]  [ ERROR]  contains expired SessionID.
[06-Aug-2014 17:04:05]  [FORGOTPASSWORD ERROR] EmailCardNumber is not set or is blank.
[06-Aug-2014 17:04:05]  [FORGOTPASSWORD SUCCESS] APIlogs success.
[06-Aug-2014 17:04:12]  [ ERROR]  contains expired SessionID.
[06-Aug-2014 17:07:26]  [FORGOTPASSWORD ERROR] ForgotPassword contains expired SessionID.
[06-Aug-2014 17:07:26]  [FORGOTPASSWORD SUCCESS] APIlogs success.
[06-Aug-2014 17:07:39]  [AUTHENTICATESESSION SUCCESS] Audittrail log success.
[06-Aug-2014 17:07:39]  [AUTHENTICATESESSION SUCCESS] APIlogs success.
[06-Aug-2014 17:07:39]  [AUTHENTICATESESSION SUCCESS] TPSessionID Generate Successfully.
[06-Aug-2014 17:07:43]  [GETACTIVESESSION SUCCESS] GetActiveSession Success.
[06-Aug-2014 17:07:43]  [GETACTIVESESSION SUCCESS] Audittrail log success.
[06-Aug-2014 17:07:43]  [GETACTIVESESSION SUCCESS] APIlogs success.
[06-Aug-2014 17:07:43]  [FORGOTPASSWORD SUCCESS] Audittrail log success.
[06-Aug-2014 17:07:43]  [FORGOTPASSWORD SUCCESS] APIlogs success.
[06-Aug-2014 17:07:55]  [FORGOTPASSWORD ERROR] ForgotPassword has invalid Session ID.
[06-Aug-2014 17:07:55]  [FORGOTPASSWORD SUCCESS] APIlogs success.
