[26-Aug-2014 15:35:22]  [AUTHENTICATESESSION ERROR] Third Party Account not found.
[26-Aug-2014 15:35:22]  [AUTHENTICATESESSION SUCCESS] APIlogs success.
[26-Aug-2014 16:44:20]  [AUTHENTICATESESSION ERROR] Username is not set or is blank.
[26-Aug-2014 16:44:20]  [AUTHENTICATESESSION SUCCESS] APIlogs success.
[26-Aug-2014 16:44:39]  [AUTHENTICATESESSION ERROR] Third Party Account not found.
[26-Aug-2014 16:44:39]  [AUTHENTICATESESSION SUCCESS] APIlogs success.
[26-Aug-2014 16:45:05]  [GETACTIVESESSION ERROR] TPSessionID is not set or is blank.
[26-Aug-2014 16:45:05]  [GETACTIVESESSION SUCCESS] APIlogs success.
[26-Aug-2014 16:45:15]  [AUTHENTICATESESSION SUCCESS] Audittrail log success.
[26-Aug-2014 16:45:15]  [AUTHENTICATESESSION SUCCESS] APIlogs success.
[26-Aug-2014 16:45:15]  [AUTHENTICATESESSION SUCCESS] TPSessionID Generate Successfully.
[26-Aug-2014 16:45:23]  [GETACTIVESESSION SUCCESS] GetActiveSession Success.
[26-Aug-2014 16:45:23]  [GETACTIVESESSION SUCCESS] Audittrail log success.
[26-Aug-2014 16:45:23]  [GETACTIVESESSION SUCCESS] APIlogs success.
[26-Aug-2014 16:46:34]  [GETACTIVESESSION ERROR] TPSessionID is not set or is blank.
[26-Aug-2014 16:46:34]  [GETACTIVESESSION SUCCESS] APIlogs success.
[26-Aug-2014 16:46:35]  [GETACTIVESESSION ERROR] TPSessionID is not set or is blank.
[26-Aug-2014 16:46:35]  [GETACTIVESESSION SUCCESS] APIlogs success.
[26-Aug-2014 16:46:35]  [GETACTIVESESSION ERROR] TPSessionID is not set or is blank.
[26-Aug-2014 16:46:35]  [GETACTIVESESSION SUCCESS] APIlogs success.
[26-Aug-2014 16:46:35]  [GETACTIVESESSION ERROR] TPSessionID is not set or is blank.
[26-Aug-2014 16:46:35]  [GETACTIVESESSION SUCCESS] APIlogs success.
[26-Aug-2014 16:46:36]  [GETACTIVESESSION ERROR] TPSessionID is not set or is blank.
[26-Aug-2014 16:46:36]  [GETACTIVESESSION SUCCESS] APIlogs success.
[26-Aug-2014 16:46:45]  [AUTHENTICATESESSION SUCCESS] Audittrail log success.
[26-Aug-2014 16:46:45]  [AUTHENTICATESESSION SUCCESS] APIlogs success.
[26-Aug-2014 16:46:45]  [AUTHENTICATESESSION SUCCESS] TPSessionID Generate Successfully.
[26-Aug-2014 16:49:04]  [AUTHENTICATESESSION ERROR] Username is not set or is blank.
[26-Aug-2014 16:49:04]  [AUTHENTICATESESSION SUCCESS] APIlogs success.
[26-Aug-2014 16:49:21]  [GETACTIVESESSION ERROR] GetActiveSession has invalid Session ID.
[26-Aug-2014 16:49:21]  [GETACTIVESESSION SUCCESS] APIlogs success.
[26-Aug-2014 16:49:32]  [AUTHENTICATESESSION SUCCESS] Audittrail log success.
[26-Aug-2014 16:49:32]  [AUTHENTICATESESSION SUCCESS] APIlogs success.
[26-Aug-2014 16:49:32]  [AUTHENTICATESESSION SUCCESS] TPSessionID Generate Successfully.
[26-Aug-2014 16:50:02]  [GETACTIVESESSION ERROR] Invalid Input.
[26-Aug-2014 16:50:02]  [GETACTIVESESSION SUCCESS] APIlogs success.
[26-Aug-2014 16:50:29]  [GETACTIVESESSION SUCCESS] GetActiveSession Success.
[26-Aug-2014 16:50:29]  [GETACTIVESESSION SUCCESS] Audittrail log success.
[26-Aug-2014 16:50:29]  [GETACTIVESESSION SUCCESS] APIlogs success.
[26-Aug-2014 16:50:29]  [GETACTIVESESSION ERROR] Invalid Input.
[26-Aug-2014 16:50:29]  [GETACTIVESESSION SUCCESS] APIlogs success.
[26-Aug-2014 16:50:32]  [AUTHENTICATESESSION SUCCESS] Audittrail log success.
[26-Aug-2014 16:50:32]  [AUTHENTICATESESSION SUCCESS] APIlogs success.
[26-Aug-2014 16:50:32]  [AUTHENTICATESESSION SUCCESS] TPSessionID Generate Successfully.
[26-Aug-2014 16:50:38]  [GETACTIVESESSION SUCCESS] GetActiveSession Success.
[26-Aug-2014 16:50:38]  [GETACTIVESESSION SUCCESS] Audittrail log success.
[26-Aug-2014 16:50:38]  [GETACTIVESESSION SUCCESS] APIlogs success.
[26-Aug-2014 16:50:49]  [GETACTIVESESSION SUCCESS] GetActiveSession Success.
[26-Aug-2014 16:50:49]  [GETACTIVESESSION SUCCESS] Audittrail log success.
[26-Aug-2014 16:50:49]  [GETACTIVESESSION SUCCESS] APIlogs success.
[26-Aug-2014 16:51:09]  [GETACTIVESESSION SUCCESS] GetActiveSession Success.
[26-Aug-2014 16:51:09]  [GETACTIVESESSION SUCCESS] Audittrail log success.
[26-Aug-2014 16:51:09]  [GETACTIVESESSION SUCCESS] APIlogs success.
[26-Aug-2014 16:51:15]  [GETACTIVESESSION ERROR] GetActiveSession has invalid Session ID.
[26-Aug-2014 16:51:15]  [GETACTIVESESSION SUCCESS] APIlogs success.
[26-Aug-2014 16:51:20]  [GETACTIVESESSION SUCCESS] GetActiveSession Success.
[26-Aug-2014 16:51:20]  [GETACTIVESESSION SUCCESS] Audittrail log success.
[26-Aug-2014 16:51:20]  [GETACTIVESESSION SUCCESS] APIlogs success.
[26-Aug-2014 16:52:15]  [GETACTIVESESSION SUCCESS] GetActiveSession Success.
[26-Aug-2014 16:52:15]  [GETACTIVESESSION SUCCESS] Audittrail log success.
[26-Aug-2014 16:52:15]  [GETACTIVESESSION SUCCESS] APIlogs success.
[26-Aug-2014 16:52:29]  [GETACTIVESESSION SUCCESS] GetActiveSession Success.
[26-Aug-2014 16:52:29]  [GETACTIVESESSION SUCCESS] Audittrail log success.
[26-Aug-2014 16:52:29]  [GETACTIVESESSION SUCCESS] APIlogs success.
[26-Aug-2014 16:52:45]  [GETACTIVESESSION SUCCESS] GetActiveSession Success.
[26-Aug-2014 16:52:45]  [GETACTIVESESSION SUCCESS] Audittrail log success.
[26-Aug-2014 16:52:45]  [GETACTIVESESSION SUCCESS] APIlogs success.
[26-Aug-2014 16:53:33]  [GETACTIVESESSION SUCCESS] GetActiveSession Success.
[26-Aug-2014 16:53:33]  [GETACTIVESESSION SUCCESS] Audittrail log success.
[26-Aug-2014 16:53:33]  [GETACTIVESESSION SUCCESS] APIlogs success.
[26-Aug-2014 16:53:43]  [GETCITY ERROR] GetCity has invalid Session ID.
[26-Aug-2014 16:53:43]  [GETCITY SUCCESS] APIlogs success.
[26-Aug-2014 16:54:03]  [GETCITY ERROR] GetCity has invalid Session ID.
[26-Aug-2014 16:54:03]  [GETCITY SUCCESS] APIlogs success.
[26-Aug-2014 16:54:12]  [AUTHENTICATESESSION SUCCESS] Audittrail log success.
[26-Aug-2014 16:54:12]  [AUTHENTICATESESSION SUCCESS] APIlogs success.
[26-Aug-2014 16:54:12]  [AUTHENTICATESESSION SUCCESS] TPSessionID Generate Successfully.
[26-Aug-2014 16:54:16]  [GETACTIVESESSION SUCCESS] GetActiveSession Success.
[26-Aug-2014 16:54:16]  [GETACTIVESESSION SUCCESS] Audittrail log success.
[26-Aug-2014 16:54:16]  [GETACTIVESESSION SUCCESS] APIlogs success.
[26-Aug-2014 16:55:47]  [GETISSMOKER ERROR] GetIsSmoker has invalid Session ID.
[26-Aug-2014 16:55:47]  [GETISSMOKER SUCCESS] APIlogs success.
[26-Aug-2014 16:57:25]  [GETACTIVESESSION SUCCESS] GetActiveSession Success.
[26-Aug-2014 16:57:25]  [GETACTIVESESSION SUCCESS] Audittrail log success.
[26-Aug-2014 16:57:25]  [GETACTIVESESSION SUCCESS] APIlogs success.
[26-Aug-2014 17:00:25]  [GETACTIVESESSION SUCCESS] GetActiveSession Success.
[26-Aug-2014 17:00:25]  [GETACTIVESESSION SUCCESS] Audittrail log success.
[26-Aug-2014 17:00:25]  [GETACTIVESESSION SUCCESS] APIlogs success.
[26-Aug-2014 17:06:02]  [GETACTIVESESSION SUCCESS] GetActiveSession Success.
[26-Aug-2014 17:06:48]  [GETACTIVESESSION SUCCESS] GetActiveSession Success.
[26-Aug-2014 17:06:48]  [GETACTIVESESSION SUCCESS] Audittrail log success.
[26-Aug-2014 17:06:48]  [GETACTIVESESSION SUCCESS] APIlogs success.
[26-Aug-2014 17:09:07]  [GETACTIVESESSION SUCCESS] GetActiveSession Success.
[26-Aug-2014 17:09:07]  [GETACTIVESESSION SUCCESS] Audittrail log success.
[26-Aug-2014 17:09:07]  [GETACTIVESESSION SUCCESS] APIlogs success.
[26-Aug-2014 17:09:14]  [AUTHENTICATESESSION SUCCESS] Audittrail log success.
[26-Aug-2014 17:09:14]  [AUTHENTICATESESSION SUCCESS] APIlogs success.
[26-Aug-2014 17:09:14]  [AUTHENTICATESESSION SUCCESS] TPSessionID Generate Successfully.
[26-Aug-2014 17:09:25]  [GETACTIVESESSION SUCCESS] GetActiveSession Success.
[26-Aug-2014 17:09:25]  [GETACTIVESESSION SUCCESS] Audittrail log success.
[26-Aug-2014 17:09:25]  [GETACTIVESESSION SUCCESS] APIlogs success.
[26-Aug-2014 17:12:14]  [GETCITY ERROR] TPSessionID is not set or is blank.
[26-Aug-2014 17:12:14]  [GETCITY SUCCESS] APIlogs success.
[26-Aug-2014 17:16:01]  [GETCITY ERROR] TPSessionID is not set or is blank.
[26-Aug-2014 17:16:01]  [GETCITY SUCCESS] APIlogs success.
[26-Aug-2014 17:21:49]  [GETCITY ERROR] TPSessionID is not set or is blank.
[26-Aug-2014 17:21:49]  [GETCITY SUCCESS] APIlogs success.
[26-Aug-2014 17:21:55]  [GETCITY ERROR] TPSessionID is not set or is blank.
[26-Aug-2014 17:21:55]  [GETCITY SUCCESS] APIlogs success.
[26-Aug-2014 17:22:32]  [GETREGION ERROR] TPSessionID is not set or is blank.
[26-Aug-2014 17:22:32]  [GETREGION SUCCESS] APIlogs success.
[26-Aug-2014 17:22:40]  [AUTHENTICATESESSION SUCCESS] Audittrail log success.
[26-Aug-2014 17:22:40]  [AUTHENTICATESESSION SUCCESS] APIlogs success.
[26-Aug-2014 17:22:40]  [AUTHENTICATESESSION SUCCESS] TPSessionID Generate Successfully.
[26-Aug-2014 17:22:44]  [GETACTIVESESSION SUCCESS] GetActiveSession Success.
[26-Aug-2014 17:22:45]  [GETACTIVESESSION SUCCESS] Audittrail log success.
[26-Aug-2014 17:22:45]  [GETACTIVESESSION SUCCESS] APIlogs success.
