[31-Oct-2013 09:01:48] PHP Notice:  Undefined index: userinfo in /var/www/membership/membership.rewards/admin/playeractivatedeactivate.php on line 43
[31-Oct-2013 09:01:48] PHP Stack trace:
[31-Oct-2013 09:01:48] PHP   1. {main}() /var/www/membership/membership.rewards/admin/playeractivatedeactivate.php:0
[31-Oct-2013 09:01:48] PHP Warning:  Cannot modify header information - headers already sent by (output started at /var/www/membership/membership.rewards/admin/header.php:108) in /var/www/membership/membership.rewards/rsframework/include/core/URL.class.php on line 16
[31-Oct-2013 09:01:48] PHP Stack trace:
[31-Oct-2013 09:01:48] PHP   1. {main}() /var/www/membership/membership.rewards/admin/playeractivatedeactivate.php:0
[31-Oct-2013 09:01:48] PHP   2. include() /var/www/membership/membership.rewards/admin/playeractivatedeactivate.php:323
[31-Oct-2013 09:01:48] PHP   3. include() /var/www/membership/membership.rewards/admin/menu.php:7
[31-Oct-2013 09:01:48] PHP   4. URL::Redirect() /var/www/membership/membership.rewards/admin/sessionmanager.php:90
[31-Oct-2013 09:01:48] PHP   5. header() /var/www/membership/membership.rewards/rsframework/include/core/URL.class.php:16
[31-Oct-2013 09:01:48] PHP Notice:  Undefined variable: usermenu in /var/www/membership/membership.rewards/admin/menu.php on line 16
[31-Oct-2013 09:01:48] PHP Stack trace:
[31-Oct-2013 09:01:48] PHP   1. {main}() /var/www/membership/membership.rewards/admin/playeractivatedeactivate.php:0
[31-Oct-2013 09:01:48] PHP   2. include() /var/www/membership/membership.rewards/admin/playeractivatedeactivate.php:323
[31-Oct-2013 09:01:48] PHP Warning:  Invalid argument supplied for foreach() in /var/www/membership/membership.rewards/admin/menu.php on line 16
[31-Oct-2013 09:01:48] PHP Stack trace:
[31-Oct-2013 09:01:48] PHP   1. {main}() /var/www/membership/membership.rewards/admin/playeractivatedeactivate.php:0
[31-Oct-2013 09:01:48] PHP   2. include() /var/www/membership/membership.rewards/admin/playeractivatedeactivate.php:323
[31-Oct-2013 09:01:48] PHP Notice:  Undefined index: aID in /var/www/membership/membership.rewards/admin/menu.php on line 38
[31-Oct-2013 09:01:48] PHP Stack trace:
[31-Oct-2013 09:01:48] PHP   1. {main}() /var/www/membership/membership.rewards/admin/playeractivatedeactivate.php:0
[31-Oct-2013 09:01:48] PHP   2. include() /var/www/membership/membership.rewards/admin/playeractivatedeactivate.php:323
[31-Oct-2013 09:01:48] MySQL Error "You have an error in your SQL syntax; check the manual that corresponds to your MySQL server version for the right syntax to use near '' at line 1" File: /var/www/membership/membership.rewards/rsframework/include/datalayer/MySQLDatabase.php LINE: 147
[31-Oct-2013 09:01:48] PHP Warning:  Invalid argument supplied for foreach() in /var/www/membership/membership.rewards/admin/menu.php on line 40
[31-Oct-2013 09:01:48] PHP Stack trace:
[31-Oct-2013 09:01:48] PHP   1. {main}() /var/www/membership/membership.rewards/admin/playeractivatedeactivate.php:0
[31-Oct-2013 09:01:48] PHP   2. include() /var/www/membership/membership.rewards/admin/playeractivatedeactivate.php:323
[31-Oct-2013 09:01:48] PHP Notice:  Undefined variable: username in /var/www/membership/membership.rewards/admin/menu.php on line 43
[31-Oct-2013 09:01:48] PHP Stack trace:
[31-Oct-2013 09:01:48] PHP   1. {main}() /var/www/membership/membership.rewards/admin/playeractivatedeactivate.php:0
[31-Oct-2013 09:01:48] PHP   2. include() /var/www/membership/membership.rewards/admin/playeractivatedeactivate.php:323
[31-Oct-2013 09:01:48] PHP Notice:  Undefined variable: usermenu in /var/www/membership/membership.rewards/admin/menu.php on line 51
[31-Oct-2013 09:01:48] PHP Stack trace:
[31-Oct-2013 09:01:48] PHP   1. {main}() /var/www/membership/membership.rewards/admin/playeractivatedeactivate.php:0
[31-Oct-2013 09:01:48] PHP   2. include() /var/www/membership/membership.rewards/admin/playeractivatedeactivate.php:323
[31-Oct-2013 09:01:48] PHP Warning:  Invalid argument supplied for foreach() in /var/www/membership/membership.rewards/admin/menu.php on line 51
[31-Oct-2013 09:01:48] PHP Stack trace:
[31-Oct-2013 09:01:48] PHP   1. {main}() /var/www/membership/membership.rewards/admin/playeractivatedeactivate.php:0
[31-Oct-2013 09:01:48] PHP   2. include() /var/www/membership/membership.rewards/admin/playeractivatedeactivate.php:323
[31-Oct-2013 09:58:42] PHP Notice:  Undefined index: userinfo in /var/www/membership/membership.rewards/admin/playeractivatedeactivate.php on line 43
[31-Oct-2013 09:58:42] PHP Stack trace:
[31-Oct-2013 09:58:42] PHP   1. {main}() /var/www/membership/membership.rewards/admin/playeractivatedeactivate.php:0
[31-Oct-2013 09:58:42] PHP Warning:  Cannot modify header information - headers already sent by (output started at /var/www/membership/membership.rewards/admin/header.php:108) in /var/www/membership/membership.rewards/rsframework/include/core/URL.class.php on line 16
[31-Oct-2013 09:58:42] PHP Stack trace:
[31-Oct-2013 09:58:42] PHP   1. {main}() /var/www/membership/membership.rewards/admin/playeractivatedeactivate.php:0
[31-Oct-2013 09:58:42] PHP   2. include() /var/www/membership/membership.rewards/admin/playeractivatedeactivate.php:323
[31-Oct-2013 09:58:42] PHP   3. include() /var/www/membership/membership.rewards/admin/menu.php:7
[31-Oct-2013 09:58:42] PHP   4. URL::Redirect() /var/www/membership/membership.rewards/admin/sessionmanager.php:90
[31-Oct-2013 09:58:42] PHP   5. header() /var/www/membership/membership.rewards/rsframework/include/core/URL.class.php:16
[31-Oct-2013 09:58:42] PHP Notice:  Undefined variable: usermenu in /var/www/membership/membership.rewards/admin/menu.php on line 16
[31-Oct-2013 09:58:42] PHP Stack trace:
[31-Oct-2013 09:58:42] PHP   1. {main}() /var/www/membership/membership.rewards/admin/playeractivatedeactivate.php:0
[31-Oct-2013 09:58:42] PHP   2. include() /var/www/membership/membership.rewards/admin/playeractivatedeactivate.php:323
[31-Oct-2013 09:58:42] PHP Warning:  Invalid argument supplied for foreach() in /var/www/membership/membership.rewards/admin/menu.php on line 16
[31-Oct-2013 09:58:42] PHP Stack trace:
[31-Oct-2013 09:58:42] PHP   1. {main}() /var/www/membership/membership.rewards/admin/playeractivatedeactivate.php:0
[31-Oct-2013 09:58:42] PHP   2. include() /var/www/membership/membership.rewards/admin/playeractivatedeactivate.php:323
[31-Oct-2013 09:58:42] PHP Notice:  Undefined index: aID in /var/www/membership/membership.rewards/admin/menu.php on line 38
[31-Oct-2013 09:58:42] PHP Stack trace:
[31-Oct-2013 09:58:42] PHP   1. {main}() /var/www/membership/membership.rewards/admin/playeractivatedeactivate.php:0
[31-Oct-2013 09:58:42] PHP   2. include() /var/www/membership/membership.rewards/admin/playeractivatedeactivate.php:323
[31-Oct-2013 09:58:42] MySQL Error "You have an error in your SQL syntax; check the manual that corresponds to your MySQL server version for the right syntax to use near '' at line 1" File: /var/www/membership/membership.rewards/rsframework/include/datalayer/MySQLDatabase.php LINE: 147
[31-Oct-2013 09:58:42] PHP Warning:  Invalid argument supplied for foreach() in /var/www/membership/membership.rewards/admin/menu.php on line 40
[31-Oct-2013 09:58:42] PHP Stack trace:
[31-Oct-2013 09:58:42] PHP   1. {main}() /var/www/membership/membership.rewards/admin/playeractivatedeactivate.php:0
[31-Oct-2013 09:58:42] PHP   2. include() /var/www/membership/membership.rewards/admin/playeractivatedeactivate.php:323
[31-Oct-2013 09:58:42] PHP Notice:  Undefined variable: username in /var/www/membership/membership.rewards/admin/menu.php on line 43
[31-Oct-2013 09:58:42] PHP Stack trace:
[31-Oct-2013 09:58:42] PHP   1. {main}() /var/www/membership/membership.rewards/admin/playeractivatedeactivate.php:0
[31-Oct-2013 09:58:42] PHP   2. include() /var/www/membership/membership.rewards/admin/playeractivatedeactivate.php:323
[31-Oct-2013 09:58:42] PHP Notice:  Undefined variable: usermenu in /var/www/membership/membership.rewards/admin/menu.php on line 51
[31-Oct-2013 09:58:42] PHP Stack trace:
[31-Oct-2013 09:58:42] PHP   1. {main}() /var/www/membership/membership.rewards/admin/playeractivatedeactivate.php:0
[31-Oct-2013 09:58:42] PHP   2. include() /var/www/membership/membership.rewards/admin/playeractivatedeactivate.php:323
[31-Oct-2013 09:58:42] PHP Warning:  Invalid argument supplied for foreach() in /var/www/membership/membership.rewards/admin/menu.php on line 51
[31-Oct-2013 09:58:42] PHP Stack trace:
[31-Oct-2013 09:58:42] PHP   1. {main}() /var/www/membership/membership.rewards/admin/playeractivatedeactivate.php:0
[31-Oct-2013 09:58:42] PHP   2. include() /var/www/membership/membership.rewards/admin/playeractivatedeactivate.php:323
[31-Oct-2013 10:37:03] PHP Notice:  Undefined offset: 0 in /var/www/membership/membership.rewards/rsframework/include/Modules/Loyalty/classes/GetCardInfoAPI.class.php on line 84
[31-Oct-2013 10:37:03] PHP Stack trace:
[31-Oct-2013 10:37:03] PHP   1. {main}() /var/www/membership/membership.rewards/API/cardinquiry.php:0
[31-Oct-2013 10:37:03] PHP   2. GetCardInfoAPI->GetCardInfo() /var/www/membership/membership.rewards/API/cardinquiry.php:201
[31-Oct-2013 10:37:03] MySQL Error "SQLSTATE[42000]: Syntax error or access violation: 1064 You have an error in your SQL syntax; check the manual that corresponds to your MySQL server version for the right syntax to use near '' at line 6" File: /var/www/membership/membership.rewards/rsframework/include/core/BaseEntity.class.php LINE: 352
[31-Oct-2013 10:37:03] PHP Notice:  Undefined offset: 0 in /var/www/membership/membership.rewards/rsframework/include/Modules/Loyalty/classes/GetCardInfoAPI.class.php on line 85
[31-Oct-2013 10:37:03] PHP Stack trace:
[31-Oct-2013 10:37:03] PHP   1. {main}() /var/www/membership/membership.rewards/API/cardinquiry.php:0
[31-Oct-2013 10:37:03] PHP   2. GetCardInfoAPI->GetCardInfo() /var/www/membership/membership.rewards/API/cardinquiry.php:201
[31-Oct-2013 10:37:03] PHP Warning:  array_merge() [<a href='0function.array-merge0'>function.array-merge0</a>]: Argument #1 is not an array in /var/www/membership/membership.rewards/rsframework/include/Modules/Loyalty/classes/GetCardInfoAPI.class.php on line 85
[31-Oct-2013 10:37:03] PHP Stack trace:
[31-Oct-2013 10:37:03] PHP   1. {main}() /var/www/membership/membership.rewards/API/cardinquiry.php:0
[31-Oct-2013 10:37:03] PHP   2. GetCardInfoAPI->GetCardInfo() /var/www/membership/membership.rewards/API/cardinquiry.php:201
[31-Oct-2013 10:37:03] PHP   3. array_merge() /var/www/membership/membership.rewards/rsframework/include/Modules/Loyalty/classes/GetCardInfoAPI.class.php:85
[31-Oct-2013 10:37:03] MySQL Error "SQLSTATE[42000]: Syntax error or access violation: 1064 You have an error in your SQL syntax; check the manual that corresponds to your MySQL server version for the right syntax to use near '' at line 10" File: /var/www/membership/membership.rewards/rsframework/include/core/BaseEntity.class.php LINE: 352
[31-Oct-2013 10:37:03] PHP Warning:  Cannot modify header information - headers already sent by (output started at /var/www/membership/membership.rewards/rsframework/include/Modules/Loyalty/classes/GetCardInfoAPI.class.php:85) in /var/www/membership/membership.rewards/rsframework/include/core/JSONAPIResponse.class.php on line 21
[31-Oct-2013 10:37:03] PHP Stack trace:
[31-Oct-2013 10:37:03] PHP   1. {main}() /var/www/membership/membership.rewards/API/cardinquiry.php:0
[31-Oct-2013 10:37:03] PHP   2. JSONAPIResponse->_sendResponse() /var/www/membership/membership.rewards/API/cardinquiry.php:202
[31-Oct-2013 10:37:03] PHP   3. header() /var/www/membership/membership.rewards/rsframework/include/core/JSONAPIResponse.class.php:21
[31-Oct-2013 10:37:03] PHP Warning:  Cannot modify header information - headers already sent by (output started at /var/www/membership/membership.rewards/rsframework/include/Modules/Loyalty/classes/GetCardInfoAPI.class.php:85) in /var/www/membership/membership.rewards/rsframework/include/core/JSONAPIResponse.class.php on line 23
[31-Oct-2013 10:37:03] PHP Stack trace:
[31-Oct-2013 10:37:03] PHP   1. {main}() /var/www/membership/membership.rewards/API/cardinquiry.php:0
[31-Oct-2013 10:37:03] PHP   2. JSONAPIResponse->_sendResponse() /var/www/membership/membership.rewards/API/cardinquiry.php:202
[31-Oct-2013 10:37:03] PHP   3. header() /var/www/membership/membership.rewards/rsframework/include/core/JSONAPIResponse.class.php:23
[31-Oct-2013 17:29:26] PHP Notice:  Undefined index: userinfo in /var/www/membership/membership.rewards/admin/index.php on line 58
[31-Oct-2013 17:29:26] PHP Stack trace:
[31-Oct-2013 17:29:26] PHP   1. {main}() /var/www/membership/membership.rewards/admin/index.php:0
[31-Oct-2013 17:29:26] PHP Warning:  Cannot modify header information - headers already sent by (output started at /var/www/membership/membership.rewards/admin/header.php:108) in /var/www/membership/membership.rewards/rsframework/include/core/URL.class.php on line 16
[31-Oct-2013 17:29:26] PHP Stack trace:
[31-Oct-2013 17:29:26] PHP   1. {main}() /var/www/membership/membership.rewards/admin/index.php:0
[31-Oct-2013 17:29:26] PHP   2. include() /var/www/membership/membership.rewards/admin/index.php:509
[31-Oct-2013 17:29:26] PHP   3. include() /var/www/membership/membership.rewards/admin/menu.php:7
[31-Oct-2013 17:29:26] PHP   4. URL::Redirect() /var/www/membership/membership.rewards/admin/sessionmanager.php:90
[31-Oct-2013 17:29:26] PHP   5. header() /var/www/membership/membership.rewards/rsframework/include/core/URL.class.php:16
[31-Oct-2013 17:29:26] PHP Notice:  Undefined variable: usermenu in /var/www/membership/membership.rewards/admin/menu.php on line 16
[31-Oct-2013 17:29:26] PHP Stack trace:
[31-Oct-2013 17:29:26] PHP   1. {main}() /var/www/membership/membership.rewards/admin/index.php:0
[31-Oct-2013 17:29:26] PHP   2. include() /var/www/membership/membership.rewards/admin/index.php:509
[31-Oct-2013 17:29:26] PHP Warning:  Invalid argument supplied for foreach() in /var/www/membership/membership.rewards/admin/menu.php on line 16
[31-Oct-2013 17:29:26] PHP Stack trace:
[31-Oct-2013 17:29:26] PHP   1. {main}() /var/www/membership/membership.rewards/admin/index.php:0
[31-Oct-2013 17:29:26] PHP   2. include() /var/www/membership/membership.rewards/admin/index.php:509
[31-Oct-2013 17:29:26] PHP Notice:  Undefined index: aID in /var/www/membership/membership.rewards/admin/menu.php on line 38
[31-Oct-2013 17:29:26] PHP Stack trace:
[31-Oct-2013 17:29:26] PHP   1. {main}() /var/www/membership/membership.rewards/admin/index.php:0
[31-Oct-2013 17:29:26] PHP   2. include() /var/www/membership/membership.rewards/admin/index.php:509
[31-Oct-2013 17:29:26] MySQL Error "You have an error in your SQL syntax; check the manual that corresponds to your MySQL server version for the right syntax to use near '' at line 1" File: /var/www/membership/membership.rewards/rsframework/include/datalayer/MySQLDatabase.php LINE: 147
[31-Oct-2013 17:29:26] PHP Warning:  Invalid argument supplied for foreach() in /var/www/membership/membership.rewards/admin/menu.php on line 40
[31-Oct-2013 17:29:26] PHP Stack trace:
[31-Oct-2013 17:29:26] PHP   1. {main}() /var/www/membership/membership.rewards/admin/index.php:0
[31-Oct-2013 17:29:26] PHP   2. include() /var/www/membership/membership.rewards/admin/index.php:509
[31-Oct-2013 17:29:26] PHP Notice:  Undefined variable: username in /var/www/membership/membership.rewards/admin/menu.php on line 43
[31-Oct-2013 17:29:26] PHP Stack trace:
[31-Oct-2013 17:29:26] PHP   1. {main}() /var/www/membership/membership.rewards/admin/index.php:0
[31-Oct-2013 17:29:26] PHP   2. include() /var/www/membership/membership.rewards/admin/index.php:509
[31-Oct-2013 17:29:26] PHP Notice:  Undefined variable: usermenu in /var/www/membership/membership.rewards/admin/menu.php on line 51
[31-Oct-2013 17:29:26] PHP Stack trace:
[31-Oct-2013 17:29:26] PHP   1. {main}() /var/www/membership/membership.rewards/admin/index.php:0
[31-Oct-2013 17:29:26] PHP   2. include() /var/www/membership/membership.rewards/admin/index.php:509
[31-Oct-2013 17:29:26] PHP Warning:  Invalid argument supplied for foreach() in /var/www/membership/membership.rewards/admin/menu.php on line 51
[31-Oct-2013 17:29:26] PHP Stack trace:
[31-Oct-2013 17:29:26] PHP   1. {main}() /var/www/membership/membership.rewards/admin/index.php:0
[31-Oct-2013 17:29:26] PHP   2. include() /var/www/membership/membership.rewards/admin/index.php:509
