[17-Dec-2013 15:22:49] Error "Card Not Found[001]: eGames1B3WC" File: /var/www/membership/membership.rewards/API/cardinquiry.php LINE: 165
[17-Dec-2013 15:22:49] Error "Card Not Found[004]: eGames1B3WC" File: /var/www/membership/membership.rewards/rsframework/include/Modules/Loyalty/classes/GetCardInfoAPI.class.php LINE: 602
[17-Dec-2013 17:28:56] PHP Notice:  Undefined index: userinfo in /var/www/membership/membership.rewards/admin/index.php on line 58
[17-Dec-2013 17:28:56] PHP Stack trace:
[17-Dec-2013 17:28:56] PHP   1. {main}() /var/www/membership/membership.rewards/admin/index.php:0
[17-Dec-2013 17:28:56] PHP Warning:  Cannot modify header information - headers already sent by (output started at /var/www/membership/membership.rewards/admin/header.php:108) in /var/www/membership/membership.rewards/rsframework/include/core/URL.class.php on line 16
[17-Dec-2013 17:28:56] PHP Stack trace:
[17-Dec-2013 17:28:56] PHP   1. {main}() /var/www/membership/membership.rewards/admin/index.php:0
[17-Dec-2013 17:28:56] PHP   2. include() /var/www/membership/membership.rewards/admin/index.php:509
[17-Dec-2013 17:28:56] PHP   3. include() /var/www/membership/membership.rewards/admin/menu.php:7
[17-Dec-2013 17:28:56] PHP   4. URL::Redirect() /var/www/membership/membership.rewards/admin/sessionmanager.php:90
[17-Dec-2013 17:28:56] PHP   5. header() /var/www/membership/membership.rewards/rsframework/include/core/URL.class.php:16
[17-Dec-2013 17:28:56] PHP Notice:  Undefined variable: usermenu in /var/www/membership/membership.rewards/admin/menu.php on line 16
[17-Dec-2013 17:28:56] PHP Stack trace:
[17-Dec-2013 17:28:56] PHP   1. {main}() /var/www/membership/membership.rewards/admin/index.php:0
[17-Dec-2013 17:28:56] PHP   2. include() /var/www/membership/membership.rewards/admin/index.php:509
[17-Dec-2013 17:28:56] PHP Warning:  Invalid argument supplied for foreach() in /var/www/membership/membership.rewards/admin/menu.php on line 16
[17-Dec-2013 17:28:56] PHP Stack trace:
[17-Dec-2013 17:28:56] PHP   1. {main}() /var/www/membership/membership.rewards/admin/index.php:0
[17-Dec-2013 17:28:56] PHP   2. include() /var/www/membership/membership.rewards/admin/index.php:509
[17-Dec-2013 17:28:56] PHP Notice:  Undefined index: aID in /var/www/membership/membership.rewards/admin/menu.php on line 38
[17-Dec-2013 17:28:56] PHP Stack trace:
[17-Dec-2013 17:28:56] PHP   1. {main}() /var/www/membership/membership.rewards/admin/index.php:0
[17-Dec-2013 17:28:56] PHP   2. include() /var/www/membership/membership.rewards/admin/index.php:509
[17-Dec-2013 17:28:56] MySQL Error "You have an error in your SQL syntax; check the manual that corresponds to your MySQL server version for the right syntax to use near '' at line 1" File: /var/www/membership/membership.rewards/rsframework/include/datalayer/MySQLDatabase.php LINE: 147
[17-Dec-2013 17:28:56] PHP Warning:  Invalid argument supplied for foreach() in /var/www/membership/membership.rewards/admin/menu.php on line 40
[17-Dec-2013 17:28:56] PHP Stack trace:
[17-Dec-2013 17:28:56] PHP   1. {main}() /var/www/membership/membership.rewards/admin/index.php:0
[17-Dec-2013 17:28:56] PHP   2. include() /var/www/membership/membership.rewards/admin/index.php:509
[17-Dec-2013 17:28:56] PHP Notice:  Undefined variable: username in /var/www/membership/membership.rewards/admin/menu.php on line 43
[17-Dec-2013 17:28:56] PHP Stack trace:
[17-Dec-2013 17:28:56] PHP   1. {main}() /var/www/membership/membership.rewards/admin/index.php:0
[17-Dec-2013 17:28:56] PHP   2. include() /var/www/membership/membership.rewards/admin/index.php:509
[17-Dec-2013 17:28:56] PHP Notice:  Undefined variable: usermenu in /var/www/membership/membership.rewards/admin/menu.php on line 51
[17-Dec-2013 17:28:56] PHP Stack trace:
[17-Dec-2013 17:28:56] PHP   1. {main}() /var/www/membership/membership.rewards/admin/index.php:0
[17-Dec-2013 17:28:56] PHP   2. include() /var/www/membership/membership.rewards/admin/index.php:509
[17-Dec-2013 17:28:56] PHP Warning:  Invalid argument supplied for foreach() in /var/www/membership/membership.rewards/admin/menu.php on line 51
[17-Dec-2013 17:28:56] PHP Stack trace:
[17-Dec-2013 17:28:56] PHP   1. {main}() /var/www/membership/membership.rewards/admin/index.php:0
[17-Dec-2013 17:28:56] PHP   2. include() /var/www/membership/membership.rewards/admin/index.php:509
[17-Dec-2013 17:52:06] [REGISTRATION ERROR] Failed to send SMS: Invalid Mobile Number [MID: 233].
[17-Dec-2013 17:54:17] [REGISTRATION ERROR] Failed to send SMS: Invalid Mobile Number [MID: 234].
[17-Dec-2013 17:57:04] Error "Inactive Card: UB27124775745675" File: /var/www/membership/membership.rewards/rsframework/include/Modules/Loyalty/classes/GetCardInfoAPI.class.php LINE: 78
[17-Dec-2013 17:57:50] Error "Values not submitted" File: /var/www/membership/membership.rewards/tempmemberactivation.php LINE: 307
