[07-Feb-2014 10:13:40] PHP Warning:  Cannot modify header information - headers already sent by (output started at /var/www/membership/membership.rewards/admin/header.php:115) in /var/www/membership/membership.rewards/rsframework/include/core/URL.class.php on line 16
[07-Feb-2014 10:13:40] PHP Stack trace:
[07-Feb-2014 10:13:40] PHP   1. {main}() /var/www/membership/membership.rewards/admin/manualptcreation.php:0
[07-Feb-2014 10:13:40] PHP   2. include() /var/www/membership/membership.rewards/admin/manualptcreation.php:265
[07-Feb-2014 10:13:40] PHP   3. include() /var/www/membership/membership.rewards/admin/menu.php:7
[07-Feb-2014 10:13:40] PHP   4. URL::Redirect() /var/www/membership/membership.rewards/admin/sessionmanager.php:90
[07-Feb-2014 10:13:40] PHP   5. header() /var/www/membership/membership.rewards/rsframework/include/core/URL.class.php:16
[07-Feb-2014 10:13:40] PHP Notice:  Undefined variable: usermenu in /var/www/membership/membership.rewards/admin/menu.php on line 16
[07-Feb-2014 10:13:40] PHP Stack trace:
[07-Feb-2014 10:13:40] PHP   1. {main}() /var/www/membership/membership.rewards/admin/manualptcreation.php:0
[07-Feb-2014 10:13:40] PHP   2. include() /var/www/membership/membership.rewards/admin/manualptcreation.php:265
[07-Feb-2014 10:13:40] PHP Warning:  Invalid argument supplied for foreach() in /var/www/membership/membership.rewards/admin/menu.php on line 16
[07-Feb-2014 10:13:40] PHP Stack trace:
[07-Feb-2014 10:13:40] PHP   1. {main}() /var/www/membership/membership.rewards/admin/manualptcreation.php:0
[07-Feb-2014 10:13:40] PHP   2. include() /var/www/membership/membership.rewards/admin/manualptcreation.php:265
[07-Feb-2014 10:13:40] PHP Notice:  Undefined index: aID in /var/www/membership/membership.rewards/admin/menu.php on line 38
[07-Feb-2014 10:13:40] PHP Stack trace:
[07-Feb-2014 10:13:40] PHP   1. {main}() /var/www/membership/membership.rewards/admin/manualptcreation.php:0
[07-Feb-2014 10:13:40] PHP   2. include() /var/www/membership/membership.rewards/admin/manualptcreation.php:265
[07-Feb-2014 10:13:40] MySQL Error "You have an error in your SQL syntax; check the manual that corresponds to your MySQL server version for the right syntax to use near '' at line 1" File: /var/www/membership/membership.rewards/rsframework/include/datalayer/MySQLDatabase.php LINE: 147
[07-Feb-2014 10:13:40] PHP Warning:  Invalid argument supplied for foreach() in /var/www/membership/membership.rewards/admin/menu.php on line 40
[07-Feb-2014 10:13:40] PHP Stack trace:
[07-Feb-2014 10:13:40] PHP   1. {main}() /var/www/membership/membership.rewards/admin/manualptcreation.php:0
[07-Feb-2014 10:13:40] PHP   2. include() /var/www/membership/membership.rewards/admin/manualptcreation.php:265
[07-Feb-2014 10:13:40] PHP Notice:  Undefined variable: username in /var/www/membership/membership.rewards/admin/menu.php on line 43
[07-Feb-2014 10:13:40] PHP Stack trace:
[07-Feb-2014 10:13:40] PHP   1. {main}() /var/www/membership/membership.rewards/admin/manualptcreation.php:0
[07-Feb-2014 10:13:40] PHP   2. include() /var/www/membership/membership.rewards/admin/manualptcreation.php:265
[07-Feb-2014 10:13:40] PHP Notice:  Undefined variable: usermenu in /var/www/membership/membership.rewards/admin/menu.php on line 51
[07-Feb-2014 10:13:40] PHP Stack trace:
[07-Feb-2014 10:13:40] PHP   1. {main}() /var/www/membership/membership.rewards/admin/manualptcreation.php:0
[07-Feb-2014 10:13:40] PHP   2. include() /var/www/membership/membership.rewards/admin/manualptcreation.php:265
[07-Feb-2014 10:13:40] PHP Warning:  Invalid argument supplied for foreach() in /var/www/membership/membership.rewards/admin/menu.php on line 51
[07-Feb-2014 10:13:40] PHP Stack trace:
[07-Feb-2014 10:13:40] PHP   1. {main}() /var/www/membership/membership.rewards/admin/manualptcreation.php:0
[07-Feb-2014 10:13:40] PHP   2. include() /var/www/membership/membership.rewards/admin/manualptcreation.php:265
[07-Feb-2014 10:37:39] Error "Temporary account is inactive: eGames3S8OS" File: /var/www/membership/membership.rewards/API/cardinquiry.php LINE: 159
[07-Feb-2014 10:38:12] Error "Temporary account is inactive: eGames3S8OS" File: /var/www/membership/membership.rewards/API/cardinquiry.php LINE: 159
[07-Feb-2014 10:38:20] Error "Temporary account is inactive: eGames3S8OS" File: /var/www/membership/membership.rewards/API/cardinquiry.php LINE: 159
[07-Feb-2014 10:38:32] Error "Temporary account is inactive: eGames3S8OS" File: /var/www/membership/membership.rewards/API/cardinquiry.php LINE: 159
[07-Feb-2014 10:38:41] Error "Temporary account is inactive: eGames3S8OS" File: /var/www/membership/membership.rewards/API/cardinquiry.php LINE: 159
[07-Feb-2014 10:38:48] Error "Temporary account is inactive: eGames3S8OS" File: /var/www/membership/membership.rewards/API/cardinquiry.php LINE: 159
[07-Feb-2014 10:38:56] Error "Temporary account is inactive: eGames3S8OS" File: /var/www/membership/membership.rewards/API/cardinquiry.php LINE: 159
[07-Feb-2014 10:51:02] Error "Inactive Card: UBWWGEZG" File: /var/www/membership/membership.rewards/rsframework/include/Modules/Loyalty/classes/GetCardInfoAPI.class.php LINE: 78
[07-Feb-2014 10:51:19] Error "Inactive Card: UBWWGEZG" File: /var/www/membership/membership.rewards/rsframework/include/Modules/Loyalty/classes/GetCardInfoAPI.class.php LINE: 78
[07-Feb-2014 10:51:38] Error "Values not submitted" File: /var/www/membership/membership.rewards/tempmemberactivation.php LINE: 307
[07-Feb-2014 10:54:43] Error "Inactive Card: UBRQNNBP" File: /var/www/membership/membership.rewards/rsframework/include/Modules/Loyalty/classes/GetCardInfoAPI.class.php LINE: 78
[07-Feb-2014 10:56:17] Error "Values not submitted" File: /var/www/membership/membership.rewards/tempmemberactivation.php LINE: 307
[07-Feb-2014 10:58:31] Error "Inactive Card: UBRQNNBP" File: /var/www/membership/membership.rewards/rsframework/include/Modules/Loyalty/classes/GetCardInfoAPI.class.php LINE: 78
[07-Feb-2014 11:03:41] Error "Inactive Card: UBRQNNBP" File: /var/www/membership/membership.rewards/rsframework/include/Modules/Loyalty/classes/GetCardInfoAPI.class.php LINE: 78
[07-Feb-2014 11:05:10] Error "Values not submitted" File: /var/www/membership/membership.rewards/tempmemberactivation.php LINE: 307
[07-Feb-2014 11:06:49] Error "Inactive Card: UBRQNNBP" File: /var/www/membership/membership.rewards/rsframework/include/Modules/Loyalty/classes/GetCardInfoAPI.class.php LINE: 78
[07-Feb-2014 11:06:53] Error "Values not submitted" File: /var/www/membership/membership.rewards/tempmemberactivation.php LINE: 307
[07-Feb-2014 11:07:35] Error "Inactive Card: UBRQNNBP" File: /var/www/membership/membership.rewards/rsframework/include/Modules/Loyalty/classes/GetCardInfoAPI.class.php LINE: 78
[07-Feb-2014 11:07:39] Error "Values not submitted" File: /var/www/membership/membership.rewards/tempmemberactivation.php LINE: 307
[07-Feb-2014 11:16:20] Error "Inactive Card: UBRQNNBP" File: /var/www/membership/membership.rewards/rsframework/include/Modules/Loyalty/classes/GetCardInfoAPI.class.php LINE: 78
[07-Feb-2014 11:16:27] Error "Values not submitted" File: /var/www/membership/membership.rewards/tempmemberactivation.php LINE: 307
[07-Feb-2014 11:33:00] Error "Inactive Card: UBRQNNBP" File: /var/www/membership/membership.rewards/rsframework/include/Modules/Loyalty/classes/GetCardInfoAPI.class.php LINE: 78
[07-Feb-2014 11:33:27] Error "Values not submitted" File: /var/www/membership/membership.rewards/tempmemberactivation.php LINE: 307
[07-Feb-2014 11:37:11] Error "Inactive Card: UBRQNNBP" File: /var/www/membership/membership.rewards/rsframework/include/Modules/Loyalty/classes/GetCardInfoAPI.class.php LINE: 78
[07-Feb-2014 11:37:17] Error "Values not submitted" File: /var/www/membership/membership.rewards/tempmemberactivation.php LINE: 307
[07-Feb-2014 13:37:02] PHP Warning:  Cannot modify header information - headers already sent by (output started at /var/www/membership/membership.rewards/admin/header.php:115) in /var/www/membership/membership.rewards/rsframework/include/core/URL.class.php on line 16
[07-Feb-2014 13:37:02] PHP Stack trace:
[07-Feb-2014 13:37:02] PHP   1. {main}() /var/www/membership/membership.rewards/admin/manualptcreation.php:0
[07-Feb-2014 13:37:02] PHP   2. include() /var/www/membership/membership.rewards/admin/manualptcreation.php:266
[07-Feb-2014 13:37:02] PHP   3. include() /var/www/membership/membership.rewards/admin/menu.php:7
[07-Feb-2014 13:37:02] PHP   4. URL::Redirect() /var/www/membership/membership.rewards/admin/sessionmanager.php:90
[07-Feb-2014 13:37:02] PHP   5. header() /var/www/membership/membership.rewards/rsframework/include/core/URL.class.php:16
[07-Feb-2014 13:37:02] PHP Notice:  Undefined variable: usermenu in /var/www/membership/membership.rewards/admin/menu.php on line 16
[07-Feb-2014 13:37:02] PHP Stack trace:
[07-Feb-2014 13:37:02] PHP   1. {main}() /var/www/membership/membership.rewards/admin/manualptcreation.php:0
[07-Feb-2014 13:37:02] PHP   2. include() /var/www/membership/membership.rewards/admin/manualptcreation.php:266
[07-Feb-2014 13:37:02] PHP Warning:  Invalid argument supplied for foreach() in /var/www/membership/membership.rewards/admin/menu.php on line 16
[07-Feb-2014 13:37:02] PHP Stack trace:
[07-Feb-2014 13:37:02] PHP   1. {main}() /var/www/membership/membership.rewards/admin/manualptcreation.php:0
[07-Feb-2014 13:37:02] PHP   2. include() /var/www/membership/membership.rewards/admin/manualptcreation.php:266
[07-Feb-2014 13:37:02] PHP Notice:  Undefined index: aID in /var/www/membership/membership.rewards/admin/menu.php on line 38
[07-Feb-2014 13:37:02] PHP Stack trace:
[07-Feb-2014 13:37:02] PHP   1. {main}() /var/www/membership/membership.rewards/admin/manualptcreation.php:0
[07-Feb-2014 13:37:02] PHP   2. include() /var/www/membership/membership.rewards/admin/manualptcreation.php:266
[07-Feb-2014 13:37:02] MySQL Error "You have an error in your SQL syntax; check the manual that corresponds to your MySQL server version for the right syntax to use near '' at line 1" File: /var/www/membership/membership.rewards/rsframework/include/datalayer/MySQLDatabase.php LINE: 147
[07-Feb-2014 13:37:02] PHP Warning:  Invalid argument supplied for foreach() in /var/www/membership/membership.rewards/admin/menu.php on line 40
[07-Feb-2014 13:37:02] PHP Stack trace:
[07-Feb-2014 13:37:02] PHP   1. {main}() /var/www/membership/membership.rewards/admin/manualptcreation.php:0
[07-Feb-2014 13:37:02] PHP   2. include() /var/www/membership/membership.rewards/admin/manualptcreation.php:266
[07-Feb-2014 13:37:02] PHP Notice:  Undefined variable: username in /var/www/membership/membership.rewards/admin/menu.php on line 43
[07-Feb-2014 13:37:02] PHP Stack trace:
[07-Feb-2014 13:37:02] PHP   1. {main}() /var/www/membership/membership.rewards/admin/manualptcreation.php:0
[07-Feb-2014 13:37:02] PHP   2. include() /var/www/membership/membership.rewards/admin/manualptcreation.php:266
[07-Feb-2014 13:37:02] PHP Notice:  Undefined variable: usermenu in /var/www/membership/membership.rewards/admin/menu.php on line 51
[07-Feb-2014 13:37:02] PHP Stack trace:
[07-Feb-2014 13:37:02] PHP   1. {main}() /var/www/membership/membership.rewards/admin/manualptcreation.php:0
[07-Feb-2014 13:37:02] PHP   2. include() /var/www/membership/membership.rewards/admin/manualptcreation.php:266
[07-Feb-2014 13:37:02] PHP Warning:  Invalid argument supplied for foreach() in /var/www/membership/membership.rewards/admin/menu.php on line 51
[07-Feb-2014 13:37:02] PHP Stack trace:
[07-Feb-2014 13:37:02] PHP   1. {main}() /var/www/membership/membership.rewards/admin/manualptcreation.php:0
[07-Feb-2014 13:37:02] PHP   2. include() /var/www/membership/membership.rewards/admin/manualptcreation.php:266
