[13-Feb-2014 14:57:43] [REGISTRATION ERROR] Failed to send SMS: Invalid Mobile Number [MID: 335].
[13-Feb-2014 14:58:28] [REGISTRATION ERROR] Failed to send SMS: Invalid Mobile Number [MID: 336].
[13-Feb-2014 14:59:10] [REGISTRATION ERROR] Failed to send SMS: Invalid Mobile Number [MID: 337].
[13-Feb-2014 15:01:09] [REGISTRATION ERROR] Failed to send SMS: Invalid Mobile Number [MID: 338].
[13-Feb-2014 15:01:55] [REGISTRATION ERROR] Failed to send SMS: Invalid Mobile Number [MID: 339].
[13-Feb-2014 15:03:38] MySQL Error "SQLSTATE[HY000] [2003] Can't connect to MySQL server on '172.16.102.157' (101)" File: /var/www/membership/membership.rewards/rsframework/include/core/BaseEntity.class.php LINE: 352
[13-Feb-2014 15:03:38] PHP Fatal error:  Call to a member function beginTransaction() on a non-object in /var/www/membership/membership.rewards/rsframework/include/datalayer/PDOHandler.php on line 76
[13-Feb-2014 15:03:38] PHP Stack trace:
[13-Feb-2014 15:03:38] PHP   1. {main}() /var/www/membership/membership.rewards/verify.php:0
[13-Feb-2014 15:03:38] PHP   2. TempMembers->verifyEmailAccount() /var/www/membership/membership.rewards/verify.php:28
[13-Feb-2014 15:03:38] PHP   3. BaseEntity->RunQuery() /var/www/membership/membership.rewards/rsframework/include/Modules/Membership/classes/TempMembers.class.php:75
[13-Feb-2014 15:03:38] PHP   4. PDOHandler->Open() /var/www/membership/membership.rewards/rsframework/include/core/BaseEntity.class.php:342
[13-Feb-2014 15:53:07] PHP Warning:  Cannot modify header information - headers already sent by (output started at /var/www/membership/membership.rewards/admin/header.php:115) in /var/www/membership/membership.rewards/rsframework/include/core/URL.class.php on line 16
[13-Feb-2014 15:53:07] PHP Stack trace:
[13-Feb-2014 15:53:07] PHP   1. {main}() /var/www/membership/membership.rewards/admin/manualptcreation.php:0
[13-Feb-2014 15:53:07] PHP   2. include() /var/www/membership/membership.rewards/admin/manualptcreation.php:266
[13-Feb-2014 15:53:07] PHP   3. include() /var/www/membership/membership.rewards/admin/menu.php:7
[13-Feb-2014 15:53:07] PHP   4. URL::Redirect() /var/www/membership/membership.rewards/admin/sessionmanager.php:90
[13-Feb-2014 15:53:07] PHP   5. header() /var/www/membership/membership.rewards/rsframework/include/core/URL.class.php:16
[13-Feb-2014 15:53:07] PHP Notice:  Undefined variable: usermenu in /var/www/membership/membership.rewards/admin/menu.php on line 16
[13-Feb-2014 15:53:07] PHP Stack trace:
[13-Feb-2014 15:53:07] PHP   1. {main}() /var/www/membership/membership.rewards/admin/manualptcreation.php:0
[13-Feb-2014 15:53:07] PHP   2. include() /var/www/membership/membership.rewards/admin/manualptcreation.php:266
[13-Feb-2014 15:53:07] PHP Warning:  Invalid argument supplied for foreach() in /var/www/membership/membership.rewards/admin/menu.php on line 16
[13-Feb-2014 15:53:07] PHP Stack trace:
[13-Feb-2014 15:53:07] PHP   1. {main}() /var/www/membership/membership.rewards/admin/manualptcreation.php:0
[13-Feb-2014 15:53:07] PHP   2. include() /var/www/membership/membership.rewards/admin/manualptcreation.php:266
[13-Feb-2014 15:53:07] PHP Notice:  Undefined index: aID in /var/www/membership/membership.rewards/admin/menu.php on line 38
[13-Feb-2014 15:53:07] PHP Stack trace:
[13-Feb-2014 15:53:07] PHP   1. {main}() /var/www/membership/membership.rewards/admin/manualptcreation.php:0
[13-Feb-2014 15:53:07] PHP   2. include() /var/www/membership/membership.rewards/admin/manualptcreation.php:266
[13-Feb-2014 15:53:07] MySQL Error "You have an error in your SQL syntax; check the manual that corresponds to your MySQL server version for the right syntax to use near '' at line 1" File: /var/www/membership/membership.rewards/rsframework/include/datalayer/MySQLDatabase.php LINE: 147
[13-Feb-2014 15:53:07] PHP Warning:  Invalid argument supplied for foreach() in /var/www/membership/membership.rewards/admin/menu.php on line 40
[13-Feb-2014 15:53:07] PHP Stack trace:
[13-Feb-2014 15:53:07] PHP   1. {main}() /var/www/membership/membership.rewards/admin/manualptcreation.php:0
[13-Feb-2014 15:53:07] PHP   2. include() /var/www/membership/membership.rewards/admin/manualptcreation.php:266
[13-Feb-2014 15:53:07] PHP Notice:  Undefined variable: username in /var/www/membership/membership.rewards/admin/menu.php on line 43
[13-Feb-2014 15:53:07] PHP Stack trace:
[13-Feb-2014 15:53:07] PHP   1. {main}() /var/www/membership/membership.rewards/admin/manualptcreation.php:0
[13-Feb-2014 15:53:07] PHP   2. include() /var/www/membership/membership.rewards/admin/manualptcreation.php:266
[13-Feb-2014 15:53:07] PHP Notice:  Undefined variable: usermenu in /var/www/membership/membership.rewards/admin/menu.php on line 51
[13-Feb-2014 15:53:07] PHP Stack trace:
[13-Feb-2014 15:53:07] PHP   1. {main}() /var/www/membership/membership.rewards/admin/manualptcreation.php:0
[13-Feb-2014 15:53:07] PHP   2. include() /var/www/membership/membership.rewards/admin/manualptcreation.php:266
[13-Feb-2014 15:53:07] PHP Warning:  Invalid argument supplied for foreach() in /var/www/membership/membership.rewards/admin/menu.php on line 51
[13-Feb-2014 15:53:07] PHP Stack trace:
[13-Feb-2014 15:53:07] PHP   1. {main}() /var/www/membership/membership.rewards/admin/manualptcreation.php:0
[13-Feb-2014 15:53:07] PHP   2. include() /var/www/membership/membership.rewards/admin/manualptcreation.php:266
[13-Feb-2014 16:40:48] Error "Inactive Card: UBX82PPH" File: /var/www/membership/membership.rewards/rsframework/include/Modules/Loyalty/classes/GetCardInfoAPI.class.php LINE: 78
[13-Feb-2014 18:29:10] Error "Inactive Card: UBOQTW2O" File: /var/www/membership/membership.rewards/rsframework/include/Modules/Loyalty/classes/GetCardInfoAPI.class.php LINE: 78
[13-Feb-2014 18:29:20] Error "Values not submitted" File: /var/www/membership/membership.rewards/tempmemberactivation.php LINE: 307
[13-Feb-2014 19:02:27] Error "Inactive Card: UB8KXXV8" File: /var/www/membership/membership.rewards/rsframework/include/Modules/Loyalty/classes/GetCardInfoAPI.class.php LINE: 78
[13-Feb-2014 19:02:39] Error "Values not submitted" File: /var/www/membership/membership.rewards/tempmemberactivation.php LINE: 307
[13-Feb-2014 19:02:43] MySQL Error "SQLSTATE[23000]: Integrity constraint violation: 1062 Duplicate entry '493' for key 'UK_membercards_CardID'" File: /var/www/membership/membership.rewards/rsframework/include/core/BaseEntity.class.php LINE: 88
[13-Feb-2014 19:02:43] Error "Failed to insert in membercards table" File: /var/www/membership/membership.rewards/tempmemberactivation.php LINE: 298
[13-Feb-2014 19:03:17] Error "Inactive Card: UBRGWQL6" File: /var/www/membership/membership.rewards/rsframework/include/Modules/Loyalty/classes/GetCardInfoAPI.class.php LINE: 78
[13-Feb-2014 19:03:23] Error "Inactive Card: UBRGWQL6" File: /var/www/membership/membership.rewards/rsframework/include/Modules/Loyalty/classes/GetCardInfoAPI.class.php LINE: 78
[13-Feb-2014 19:04:19] Error "Inactive Card: UB6UEWBK" File: /var/www/membership/membership.rewards/rsframework/include/Modules/Loyalty/classes/GetCardInfoAPI.class.php LINE: 78
[13-Feb-2014 19:04:24] Error "Values not submitted" File: /var/www/membership/membership.rewards/tempmemberactivation.php LINE: 307
[13-Feb-2014 19:16:59] Error "Invalid card number: " File: /var/www/membership/membership.rewards/API/cardinquiry.php LINE: 240
