[30-Jan-2014 11:44:21] PHP Warning:  Cannot modify header information - headers already sent by (output started at /var/www/membership/membership.rewards/admin/header.php:115) in /var/www/membership/membership.rewards/rsframework/include/core/URL.class.php on line 16
[30-Jan-2014 11:44:21] PHP Stack trace:
[30-Jan-2014 11:44:21] PHP   1. {main}() /var/www/membership/membership.rewards/admin/manualptcreation.php:0
[30-Jan-2014 11:44:21] PHP   2. include() /var/www/membership/membership.rewards/admin/manualptcreation.php:265
[30-Jan-2014 11:44:21] PHP   3. include() /var/www/membership/membership.rewards/admin/menu.php:7
[30-Jan-2014 11:44:21] PHP   4. URL::Redirect() /var/www/membership/membership.rewards/admin/sessionmanager.php:90
[30-Jan-2014 11:44:21] PHP   5. header() /var/www/membership/membership.rewards/rsframework/include/core/URL.class.php:16
[30-Jan-2014 11:44:21] PHP Notice:  Undefined variable: usermenu in /var/www/membership/membership.rewards/admin/menu.php on line 16
[30-Jan-2014 11:44:21] PHP Stack trace:
[30-Jan-2014 11:44:21] PHP   1. {main}() /var/www/membership/membership.rewards/admin/manualptcreation.php:0
[30-Jan-2014 11:44:21] PHP   2. include() /var/www/membership/membership.rewards/admin/manualptcreation.php:265
[30-Jan-2014 11:44:21] PHP Warning:  Invalid argument supplied for foreach() in /var/www/membership/membership.rewards/admin/menu.php on line 16
[30-Jan-2014 11:44:21] PHP Stack trace:
[30-Jan-2014 11:44:21] PHP   1. {main}() /var/www/membership/membership.rewards/admin/manualptcreation.php:0
[30-Jan-2014 11:44:21] PHP   2. include() /var/www/membership/membership.rewards/admin/manualptcreation.php:265
[30-Jan-2014 11:44:21] PHP Notice:  Undefined index: aID in /var/www/membership/membership.rewards/admin/menu.php on line 38
[30-Jan-2014 11:44:21] PHP Stack trace:
[30-Jan-2014 11:44:21] PHP   1. {main}() /var/www/membership/membership.rewards/admin/manualptcreation.php:0
[30-Jan-2014 11:44:21] PHP   2. include() /var/www/membership/membership.rewards/admin/manualptcreation.php:265
[30-Jan-2014 11:44:21] MySQL Error "You have an error in your SQL syntax; check the manual that corresponds to your MySQL server version for the right syntax to use near '' at line 1" File: /var/www/membership/membership.rewards/rsframework/include/datalayer/MySQLDatabase.php LINE: 147
[30-Jan-2014 11:44:21] PHP Warning:  Invalid argument supplied for foreach() in /var/www/membership/membership.rewards/admin/menu.php on line 40
[30-Jan-2014 11:44:21] PHP Stack trace:
[30-Jan-2014 11:44:21] PHP   1. {main}() /var/www/membership/membership.rewards/admin/manualptcreation.php:0
[30-Jan-2014 11:44:21] PHP   2. include() /var/www/membership/membership.rewards/admin/manualptcreation.php:265
[30-Jan-2014 11:44:21] PHP Notice:  Undefined variable: username in /var/www/membership/membership.rewards/admin/menu.php on line 43
[30-Jan-2014 11:44:21] PHP Stack trace:
[30-Jan-2014 11:44:21] PHP   1. {main}() /var/www/membership/membership.rewards/admin/manualptcreation.php:0
[30-Jan-2014 11:44:21] PHP   2. include() /var/www/membership/membership.rewards/admin/manualptcreation.php:265
[30-Jan-2014 11:44:21] PHP Notice:  Undefined variable: usermenu in /var/www/membership/membership.rewards/admin/menu.php on line 51
[30-Jan-2014 11:44:21] PHP Stack trace:
[30-Jan-2014 11:44:21] PHP   1. {main}() /var/www/membership/membership.rewards/admin/manualptcreation.php:0
[30-Jan-2014 11:44:21] PHP   2. include() /var/www/membership/membership.rewards/admin/manualptcreation.php:265
[30-Jan-2014 11:44:21] PHP Warning:  Invalid argument supplied for foreach() in /var/www/membership/membership.rewards/admin/menu.php on line 51
[30-Jan-2014 11:44:21] PHP Stack trace:
[30-Jan-2014 11:44:21] PHP   1. {main}() /var/www/membership/membership.rewards/admin/manualptcreation.php:0
[30-Jan-2014 11:44:21] PHP   2. include() /var/www/membership/membership.rewards/admin/manualptcreation.php:265
[30-Jan-2014 11:45:34] MySQL Error "SQLSTATE[42000]: Syntax error or access violation: 1064 You have an error in your SQL syntax; check the manual that corresponds to your MySQL server version for the right syntax to use near ' 1)' at line 4" File: /var/www/membership/membership.rewards/rsframework/include/core/BaseEntity.class.php LINE: 391
[30-Jan-2014 11:45:34] MySQL Error "SQLSTATE[42000]: Syntax error or access violation: 1064 You have an error in your SQL syntax; check the manual that corresponds to your MySQL server version for the right syntax to use near ' 1)' at line 4" File: /var/www/membership/membership.rewards/rsframework/include/core/BaseEntity.class.php LINE: 391
[30-Jan-2014 11:50:35] PHP Fatal error:  Using $this when not in object context in /var/www/membership/membership.rewards/admin/Helper/helper.manualptcreation.php on line 186
[30-Jan-2014 11:50:35] PHP Stack trace:
[30-Jan-2014 11:50:35] PHP   1. {main}() /var/www/membership/membership.rewards/admin/Helper/helper.manualptcreation.php:0
[30-Jan-2014 11:51:45] MySQL Error "SQLSTATE[42S22]: Column not found: 1054 Unknown column '0U5CKZEG' in 'field list'" File: /var/www/membership/membership.rewards/rsframework/include/core/BaseEntity.class.php LINE: 391
[30-Jan-2014 11:51:45] MySQL Error "SQLSTATE[42S22]: Column not found: 1054 Unknown column '0U5CKZEG' in 'field list'" File: /var/www/membership/membership.rewards/rsframework/include/core/BaseEntity.class.php LINE: 391
[30-Jan-2014 11:54:51] MySQL Error "SQLSTATE[42S22]: Column not found: 1054 Unknown column 'MCH1B771' in 'field list'" File: /var/www/membership/membership.rewards/rsframework/include/core/BaseEntity.class.php LINE: 391
[30-Jan-2014 11:54:51] MySQL Error "SQLSTATE[42S22]: Column not found: 1054 Unknown column 'MCH1B771' in 'field list'" File: /var/www/membership/membership.rewards/rsframework/include/core/BaseEntity.class.php LINE: 391
[30-Jan-2014 12:55:53] PHP Warning:  Cannot modify header information - headers already sent by (output started at /var/www/membership/membership.rewards/admin/header.php:115) in /var/www/membership/membership.rewards/rsframework/include/core/URL.class.php on line 16
[30-Jan-2014 12:55:53] PHP Stack trace:
[30-Jan-2014 12:55:53] PHP   1. {main}() /var/www/membership/membership.rewards/admin/manualptcreation.php:0
[30-Jan-2014 12:55:53] PHP   2. include() /var/www/membership/membership.rewards/admin/manualptcreation.php:265
[30-Jan-2014 12:55:53] PHP   3. include() /var/www/membership/membership.rewards/admin/menu.php:7
[30-Jan-2014 12:55:53] PHP   4. URL::Redirect() /var/www/membership/membership.rewards/admin/sessionmanager.php:90
[30-Jan-2014 12:55:53] PHP   5. header() /var/www/membership/membership.rewards/rsframework/include/core/URL.class.php:16
[30-Jan-2014 12:55:53] PHP Notice:  Undefined variable: usermenu in /var/www/membership/membership.rewards/admin/menu.php on line 16
[30-Jan-2014 12:55:53] PHP Stack trace:
[30-Jan-2014 12:55:53] PHP   1. {main}() /var/www/membership/membership.rewards/admin/manualptcreation.php:0
[30-Jan-2014 12:55:53] PHP   2. include() /var/www/membership/membership.rewards/admin/manualptcreation.php:265
[30-Jan-2014 12:55:53] PHP Warning:  Invalid argument supplied for foreach() in /var/www/membership/membership.rewards/admin/menu.php on line 16
[30-Jan-2014 12:55:53] PHP Stack trace:
[30-Jan-2014 12:55:53] PHP   1. {main}() /var/www/membership/membership.rewards/admin/manualptcreation.php:0
[30-Jan-2014 12:55:53] PHP   2. include() /var/www/membership/membership.rewards/admin/manualptcreation.php:265
[30-Jan-2014 12:55:53] PHP Notice:  Undefined index: aID in /var/www/membership/membership.rewards/admin/menu.php on line 38
[30-Jan-2014 12:55:53] PHP Stack trace:
[30-Jan-2014 12:55:53] PHP   1. {main}() /var/www/membership/membership.rewards/admin/manualptcreation.php:0
[30-Jan-2014 12:55:53] PHP   2. include() /var/www/membership/membership.rewards/admin/manualptcreation.php:265
[30-Jan-2014 12:55:53] MySQL Error "You have an error in your SQL syntax; check the manual that corresponds to your MySQL server version for the right syntax to use near '' at line 1" File: /var/www/membership/membership.rewards/rsframework/include/datalayer/MySQLDatabase.php LINE: 147
[30-Jan-2014 12:55:53] PHP Warning:  Invalid argument supplied for foreach() in /var/www/membership/membership.rewards/admin/menu.php on line 40
[30-Jan-2014 12:55:53] PHP Stack trace:
[30-Jan-2014 12:55:53] PHP   1. {main}() /var/www/membership/membership.rewards/admin/manualptcreation.php:0
[30-Jan-2014 12:55:53] PHP   2. include() /var/www/membership/membership.rewards/admin/manualptcreation.php:265
[30-Jan-2014 12:55:53] PHP Notice:  Undefined variable: username in /var/www/membership/membership.rewards/admin/menu.php on line 43
[30-Jan-2014 12:55:53] PHP Stack trace:
[30-Jan-2014 12:55:53] PHP   1. {main}() /var/www/membership/membership.rewards/admin/manualptcreation.php:0
[30-Jan-2014 12:55:53] PHP   2. include() /var/www/membership/membership.rewards/admin/manualptcreation.php:265
[30-Jan-2014 12:55:53] PHP Notice:  Undefined variable: usermenu in /var/www/membership/membership.rewards/admin/menu.php on line 51
[30-Jan-2014 12:55:53] PHP Stack trace:
[30-Jan-2014 12:55:53] PHP   1. {main}() /var/www/membership/membership.rewards/admin/manualptcreation.php:0
[30-Jan-2014 12:55:53] PHP   2. include() /var/www/membership/membership.rewards/admin/manualptcreation.php:265
[30-Jan-2014 12:55:53] PHP Warning:  Invalid argument supplied for foreach() in /var/www/membership/membership.rewards/admin/menu.php on line 51
[30-Jan-2014 12:55:53] PHP Stack trace:
[30-Jan-2014 12:55:53] PHP   1. {main}() /var/www/membership/membership.rewards/admin/manualptcreation.php:0
[30-Jan-2014 12:55:53] PHP   2. include() /var/www/membership/membership.rewards/admin/manualptcreation.php:265
[30-Jan-2014 13:28:37] PHP Notice:  Undefined index: ErrorCode in /var/www/membership/membership.rewards/rsframework/include/Modules/Membership/classes/ActivateMember.class.php on line 189
[30-Jan-2014 13:28:37] PHP Stack trace:
[30-Jan-2014 13:28:37] PHP   1. {main}() /var/www/membership/membership.rewards/API/cardinquiry.php:0
[30-Jan-2014 13:28:37] PHP   2. GetCardInfoAPI->GetCardInfo() /var/www/membership/membership.rewards/API/cardinquiry.php:210
[30-Jan-2014 13:28:37] PHP   3. ActivateMember->Migrate() /var/www/membership/membership.rewards/rsframework/include/Modules/Loyalty/classes/GetCardInfoAPI.class.php:263
[30-Jan-2014 13:35:41] PHP Notice:  Undefined index: ErrorCode in /var/www/membership/membership.rewards/rsframework/include/Modules/Membership/classes/ActivateMember.class.php on line 189
[30-Jan-2014 13:35:41] PHP Stack trace:
[30-Jan-2014 13:35:41] PHP   1. {main}() /var/www/membership/membership.rewards/API/cardinquiry.php:0
[30-Jan-2014 13:35:41] PHP   2. GetCardInfoAPI->GetCardInfo() /var/www/membership/membership.rewards/API/cardinquiry.php:210
[30-Jan-2014 13:35:41] PHP   3. ActivateMember->Migrate() /var/www/membership/membership.rewards/rsframework/include/Modules/Loyalty/classes/GetCardInfoAPI.class.php:263
[30-Jan-2014 13:49:13] PHP Notice:  Undefined index: scheme in /var/www/membership/membership.rewards/rsframework/include/Modules/CasinoProvider/classes/CasinoAPIHandler.class.php on line 231
[30-Jan-2014 13:49:13] PHP Stack trace:
[30-Jan-2014 13:49:13] PHP   1. {main}() /var/www/membership/membership.rewards/API/cardinquiry.php:0
[30-Jan-2014 13:49:13] PHP   2. GetCardInfoAPI->GetCardInfo() /var/www/membership/membership.rewards/API/cardinquiry.php:210
[30-Jan-2014 13:49:13] PHP   3. ActivateMember->Migrate() /var/www/membership/membership.rewards/rsframework/include/Modules/Loyalty/classes/GetCardInfoAPI.class.php:263
[30-Jan-2014 13:49:13] PHP   4. CasinoAPI->createAccount() /var/www/membership/membership.rewards/rsframework/include/Modules/Membership/classes/ActivateMember.class.php:181
[30-Jan-2014 13:49:13] PHP   5. CasinoAPI->configureRTG() /var/www/membership/membership.rewards/rsframework/include/Modules/CasinoProvider/classes/CasinoAPI.class.php:259
[30-Jan-2014 13:49:13] PHP   6. CasinoAPIHandler->IsAPIServerOK() /var/www/membership/membership.rewards/rsframework/include/Modules/CasinoProvider/classes/CasinoAPI.class.php:77
[30-Jan-2014 13:49:13] PHP Notice:  Undefined index: host in /var/www/membership/membership.rewards/rsframework/include/Modules/CasinoProvider/classes/common.class.php on line 57
[30-Jan-2014 13:49:13] PHP Stack trace:
[30-Jan-2014 13:49:13] PHP   1. {main}() /var/www/membership/membership.rewards/API/cardinquiry.php:0
[30-Jan-2014 13:49:13] PHP   2. GetCardInfoAPI->GetCardInfo() /var/www/membership/membership.rewards/API/cardinquiry.php:210
[30-Jan-2014 13:49:13] PHP   3. ActivateMember->Migrate() /var/www/membership/membership.rewards/rsframework/include/Modules/Loyalty/classes/GetCardInfoAPI.class.php:263
[30-Jan-2014 13:49:13] PHP   4. CasinoAPI->createAccount() /var/www/membership/membership.rewards/rsframework/include/Modules/Membership/classes/ActivateMember.class.php:181
[30-Jan-2014 13:49:13] PHP   5. CasinoAPI->configureRTG() /var/www/membership/membership.rewards/rsframework/include/Modules/CasinoProvider/classes/CasinoAPI.class.php:259
[30-Jan-2014 13:49:13] PHP   6. CasinoAPIHandler->IsAPIServerOK() /var/www/membership/membership.rewards/rsframework/include/Modules/CasinoProvider/classes/CasinoAPI.class.php:77
[30-Jan-2014 13:49:13] PHP   7. common::isHostReachable() /var/www/membership/membership.rewards/rsframework/include/Modules/CasinoProvider/classes/CasinoAPIHandler.class.php:236
[30-Jan-2014 13:49:13] PHP Warning:  Cannot modify header information - headers already sent by (output started at /var/www/membership/membership.rewards/rsframework/include/Modules/CasinoProvider/classes/common.class.php:57) in /var/www/membership/membership.rewards/rsframework/include/core/JSONAPIResponse.class.php on line 21
[30-Jan-2014 13:49:13] PHP Stack trace:
[30-Jan-2014 13:49:13] PHP   1. {main}() /var/www/membership/membership.rewards/API/cardinquiry.php:0
[30-Jan-2014 13:49:13] PHP   2. JSONAPIResponse->_sendResponse() /var/www/membership/membership.rewards/API/cardinquiry.php:211
[30-Jan-2014 13:49:13] PHP   3. header() /var/www/membership/membership.rewards/rsframework/include/core/JSONAPIResponse.class.php:21
[30-Jan-2014 13:49:13] PHP Warning:  Cannot modify header information - headers already sent by (output started at /var/www/membership/membership.rewards/rsframework/include/Modules/CasinoProvider/classes/common.class.php:57) in /var/www/membership/membership.rewards/rsframework/include/core/JSONAPIResponse.class.php on line 23
[30-Jan-2014 13:49:13] PHP Stack trace:
[30-Jan-2014 13:49:13] PHP   1. {main}() /var/www/membership/membership.rewards/API/cardinquiry.php:0
[30-Jan-2014 13:49:13] PHP   2. JSONAPIResponse->_sendResponse() /var/www/membership/membership.rewards/API/cardinquiry.php:211
[30-Jan-2014 13:49:13] PHP   3. header() /var/www/membership/membership.rewards/rsframework/include/core/JSONAPIResponse.class.php:23
[30-Jan-2014 13:59:05] MySQL Error "SQLSTATE[42000]: Syntax error or access violation: 1064 You have an error in your SQL syntax; check the manual that corresponds to your MySQL server version for the right syntax to use near ' 1)' at line 4" File: /var/www/membership/membership.rewards/rsframework/include/core/BaseEntity.class.php LINE: 391
[30-Jan-2014 13:59:05] MySQL Error "SQLSTATE[42000]: Syntax error or access violation: 1064 You have an error in your SQL syntax; check the manual that corresponds to your MySQL server version for the right syntax to use near ' 1)' at line 4" File: /var/www/membership/membership.rewards/rsframework/include/core/BaseEntity.class.php LINE: 391
[30-Jan-2014 14:02:46] MySQL Error "SQLSTATE[42000]: Syntax error or access violation: 1064 You have an error in your SQL syntax; check the manual that corresponds to your MySQL server version for the right syntax to use near ' 1)' at line 4" File: /var/www/membership/membership.rewards/rsframework/include/core/BaseEntity.class.php LINE: 391
[30-Jan-2014 14:02:46] MySQL Error "SQLSTATE[42000]: Syntax error or access violation: 1064 You have an error in your SQL syntax; check the manual that corresponds to your MySQL server version for the right syntax to use near ' 1)' at line 4" File: /var/www/membership/membership.rewards/rsframework/include/core/BaseEntity.class.php LINE: 391
[30-Jan-2014 14:08:32] MySQL Error "SQLSTATE[42000]: Syntax error or access violation: 1064 You have an error in your SQL syntax; check the manual that corresponds to your MySQL server version for the right syntax to use near ' 1)' at line 4" File: /var/www/membership/membership.rewards/rsframework/include/core/BaseEntity.class.php LINE: 391
[30-Jan-2014 14:08:32] MySQL Error "SQLSTATE[42000]: Syntax error or access violation: 1064 You have an error in your SQL syntax; check the manual that corresponds to your MySQL server version for the right syntax to use near ' 1)' at line 4" File: /var/www/membership/membership.rewards/rsframework/include/core/BaseEntity.class.php LINE: 391
[30-Jan-2014 14:37:36] MySQL Error "SQLSTATE[42000]: Syntax error or access violation: 1064 You have an error in your SQL syntax; check the manual that corresponds to your MySQL server version for the right syntax to use near ' 1)' at line 4" File: /var/www/membership/membership.rewards/rsframework/include/core/BaseEntity.class.php LINE: 391
[30-Jan-2014 14:37:36] MySQL Error "SQLSTATE[42000]: Syntax error or access violation: 1064 You have an error in your SQL syntax; check the manual that corresponds to your MySQL server version for the right syntax to use near ' 1)' at line 4" File: /var/www/membership/membership.rewards/rsframework/include/core/BaseEntity.class.php LINE: 391
[30-Jan-2014 14:38:47] MySQL Error "SQLSTATE[42000]: Syntax error or access violation: 1064 You have an error in your SQL syntax; check the manual that corresponds to your MySQL server version for the right syntax to use near ' 1)' at line 4" File: /var/www/membership/membership.rewards/rsframework/include/core/BaseEntity.class.php LINE: 391
[30-Jan-2014 14:38:47] MySQL Error "SQLSTATE[42000]: Syntax error or access violation: 1064 You have an error in your SQL syntax; check the manual that corresponds to your MySQL server version for the right syntax to use near ' 1)' at line 4" File: /var/www/membership/membership.rewards/rsframework/include/core/BaseEntity.class.php LINE: 391
[30-Jan-2014 14:41:30] MySQL Error "SQLSTATE[42000]: Syntax error or access violation: 1064 You have an error in your SQL syntax; check the manual that corresponds to your MySQL server version for the right syntax to use near ' 1)' at line 4" File: /var/www/membership/membership.rewards/rsframework/include/core/BaseEntity.class.php LINE: 391
[30-Jan-2014 14:41:30] MySQL Error "SQLSTATE[42000]: Syntax error or access violation: 1064 You have an error in your SQL syntax; check the manual that corresponds to your MySQL server version for the right syntax to use near ' 1)' at line 4" File: /var/www/membership/membership.rewards/rsframework/include/core/BaseEntity.class.php LINE: 391
[30-Jan-2014 14:48:11] MySQL Error "SQLSTATE[42000]: Syntax error or access violation: 1064 You have an error in your SQL syntax; check the manual that corresponds to your MySQL server version for the right syntax to use near ' 1)' at line 4" File: /var/www/membership/membership.rewards/rsframework/include/core/BaseEntity.class.php LINE: 391
[30-Jan-2014 14:48:11] MySQL Error "SQLSTATE[42000]: Syntax error or access violation: 1064 You have an error in your SQL syntax; check the manual that corresponds to your MySQL server version for the right syntax to use near ' 1)' at line 4" File: /var/www/membership/membership.rewards/rsframework/include/core/BaseEntity.class.php LINE: 391
[30-Jan-2014 14:48:29] MySQL Error "SQLSTATE[42000]: Syntax error or access violation: 1064 You have an error in your SQL syntax; check the manual that corresponds to your MySQL server version for the right syntax to use near ' 1)' at line 4" File: /var/www/membership/membership.rewards/rsframework/include/core/BaseEntity.class.php LINE: 391
[30-Jan-2014 14:48:29] MySQL Error "SQLSTATE[42000]: Syntax error or access violation: 1064 You have an error in your SQL syntax; check the manual that corresponds to your MySQL server version for the right syntax to use near ' 1)' at line 4" File: /var/www/membership/membership.rewards/rsframework/include/core/BaseEntity.class.php LINE: 391
[30-Jan-2014 14:49:19] MySQL Error "SQLSTATE[42000]: Syntax error or access violation: 1064 You have an error in your SQL syntax; check the manual that corresponds to your MySQL server version for the right syntax to use near ' 1)' at line 4" File: /var/www/membership/membership.rewards/rsframework/include/core/BaseEntity.class.php LINE: 391
[30-Jan-2014 14:49:19] MySQL Error "SQLSTATE[42000]: Syntax error or access violation: 1064 You have an error in your SQL syntax; check the manual that corresponds to your MySQL server version for the right syntax to use near ' 1)' at line 4" File: /var/www/membership/membership.rewards/rsframework/include/core/BaseEntity.class.php LINE: 391
[30-Jan-2014 14:52:12] MySQL Error "SQLSTATE[42000]: Syntax error or access violation: 1064 You have an error in your SQL syntax; check the manual that corresponds to your MySQL server version for the right syntax to use near ' 1)' at line 4" File: /var/www/membership/membership.rewards/rsframework/include/core/BaseEntity.class.php LINE: 391
[30-Jan-2014 14:52:12] MySQL Error "SQLSTATE[42000]: Syntax error or access violation: 1064 You have an error in your SQL syntax; check the manual that corresponds to your MySQL server version for the right syntax to use near ' 1)' at line 4" File: /var/www/membership/membership.rewards/rsframework/include/core/BaseEntity.class.php LINE: 391
[30-Jan-2014 14:54:35] MySQL Error "SQLSTATE[42000]: Syntax error or access violation: 1064 You have an error in your SQL syntax; check the manual that corresponds to your MySQL server version for the right syntax to use near ' 1)' at line 4" File: /var/www/membership/membership.rewards/rsframework/include/core/BaseEntity.class.php LINE: 391
[30-Jan-2014 14:54:35] MySQL Error "SQLSTATE[42000]: Syntax error or access violation: 1064 You have an error in your SQL syntax; check the manual that corresponds to your MySQL server version for the right syntax to use near ' 1)' at line 4" File: /var/www/membership/membership.rewards/rsframework/include/core/BaseEntity.class.php LINE: 352
[30-Jan-2014 14:58:34] MySQL Error "SQLSTATE[42000]: Syntax error or access violation: 1064 You have an error in your SQL syntax; check the manual that corresponds to your MySQL server version for the right syntax to use near ' 1)' at line 1" File: /var/www/membership/membership.rewards/rsframework/include/core/BaseEntity.class.php LINE: 391
[30-Jan-2014 14:58:34] MySQL Error "SQLSTATE[42000]: Syntax error or access violation: 1064 You have an error in your SQL syntax; check the manual that corresponds to your MySQL server version for the right syntax to use near ' 1)' at line 1" File: /var/www/membership/membership.rewards/rsframework/include/core/BaseEntity.class.php LINE: 352
[30-Jan-2014 15:00:49] MySQL Error "SQLSTATE[42000]: Syntax error or access violation: 1064 You have an error in your SQL syntax; check the manual that corresponds to your MySQL server version for the right syntax to use near ' 1)' at line 1" File: /var/www/membership/membership.rewards/rsframework/include/core/BaseEntity.class.php LINE: 391
[30-Jan-2014 15:25:08] PHP Notice:  Undefined variable: msresult in /var/www/membership/membership.rewards/admin/Helper/helper.manualptcreation.php on line 308
[30-Jan-2014 15:25:08] PHP Stack trace:
[30-Jan-2014 15:25:08] PHP   1. {main}() /var/www/membership/membership.rewards/admin/Helper/helper.manualptcreation.php:0
[30-Jan-2014 16:19:40] PHP Warning:  Cannot modify header information - headers already sent by (output started at /var/www/membership/membership.rewards/admin/header.php:115) in /var/www/membership/membership.rewards/rsframework/include/core/URL.class.php on line 16
[30-Jan-2014 16:19:40] PHP Stack trace:
[30-Jan-2014 16:19:40] PHP   1. {main}() /var/www/membership/membership.rewards/admin/manualptcreation.php:0
[30-Jan-2014 16:19:40] PHP   2. include() /var/www/membership/membership.rewards/admin/manualptcreation.php:265
[30-Jan-2014 16:19:40] PHP   3. include() /var/www/membership/membership.rewards/admin/menu.php:7
[30-Jan-2014 16:19:40] PHP   4. URL::Redirect() /var/www/membership/membership.rewards/admin/sessionmanager.php:90
[30-Jan-2014 16:19:40] PHP   5. header() /var/www/membership/membership.rewards/rsframework/include/core/URL.class.php:16
[30-Jan-2014 16:19:40] PHP Notice:  Undefined variable: usermenu in /var/www/membership/membership.rewards/admin/menu.php on line 16
[30-Jan-2014 16:19:40] PHP Stack trace:
[30-Jan-2014 16:19:40] PHP   1. {main}() /var/www/membership/membership.rewards/admin/manualptcreation.php:0
[30-Jan-2014 16:19:40] PHP   2. include() /var/www/membership/membership.rewards/admin/manualptcreation.php:265
[30-Jan-2014 16:19:40] PHP Warning:  Invalid argument supplied for foreach() in /var/www/membership/membership.rewards/admin/menu.php on line 16
[30-Jan-2014 16:19:40] PHP Stack trace:
[30-Jan-2014 16:19:40] PHP   1. {main}() /var/www/membership/membership.rewards/admin/manualptcreation.php:0
[30-Jan-2014 16:19:40] PHP   2. include() /var/www/membership/membership.rewards/admin/manualptcreation.php:265
[30-Jan-2014 16:19:40] PHP Notice:  Undefined index: aID in /var/www/membership/membership.rewards/admin/menu.php on line 38
[30-Jan-2014 16:19:40] PHP Stack trace:
[30-Jan-2014 16:19:40] PHP   1. {main}() /var/www/membership/membership.rewards/admin/manualptcreation.php:0
[30-Jan-2014 16:19:40] PHP   2. include() /var/www/membership/membership.rewards/admin/manualptcreation.php:265
[30-Jan-2014 16:19:40] MySQL Error "You have an error in your SQL syntax; check the manual that corresponds to your MySQL server version for the right syntax to use near '' at line 1" File: /var/www/membership/membership.rewards/rsframework/include/datalayer/MySQLDatabase.php LINE: 147
[30-Jan-2014 16:19:40] PHP Warning:  Invalid argument supplied for foreach() in /var/www/membership/membership.rewards/admin/menu.php on line 40
[30-Jan-2014 16:19:40] PHP Stack trace:
[30-Jan-2014 16:19:40] PHP   1. {main}() /var/www/membership/membership.rewards/admin/manualptcreation.php:0
[30-Jan-2014 16:19:40] PHP   2. include() /var/www/membership/membership.rewards/admin/manualptcreation.php:265
[30-Jan-2014 16:19:40] PHP Notice:  Undefined variable: username in /var/www/membership/membership.rewards/admin/menu.php on line 43
[30-Jan-2014 16:19:40] PHP Stack trace:
[30-Jan-2014 16:19:40] PHP   1. {main}() /var/www/membership/membership.rewards/admin/manualptcreation.php:0
[30-Jan-2014 16:19:40] PHP   2. include() /var/www/membership/membership.rewards/admin/manualptcreation.php:265
[30-Jan-2014 16:19:40] PHP Notice:  Undefined variable: usermenu in /var/www/membership/membership.rewards/admin/menu.php on line 51
[30-Jan-2014 16:19:40] PHP Stack trace:
[30-Jan-2014 16:19:40] PHP   1. {main}() /var/www/membership/membership.rewards/admin/manualptcreation.php:0
[30-Jan-2014 16:19:40] PHP   2. include() /var/www/membership/membership.rewards/admin/manualptcreation.php:265
[30-Jan-2014 16:19:40] PHP Warning:  Invalid argument supplied for foreach() in /var/www/membership/membership.rewards/admin/menu.php on line 51
[30-Jan-2014 16:19:40] PHP Stack trace:
[30-Jan-2014 16:19:40] PHP   1. {main}() /var/www/membership/membership.rewards/admin/manualptcreation.php:0
[30-Jan-2014 16:19:40] PHP   2. include() /var/www/membership/membership.rewards/admin/manualptcreation.php:265
[30-Jan-2014 16:52:27] PHP Notice:  Undefined index: GeneratedPasswordBatchID in /var/www/membership/membership.rewards/rsframework/include/Modules/Membership/classes/ActivateMember.class.php on line 303
[30-Jan-2014 16:52:27] PHP Stack trace:
[30-Jan-2014 16:52:27] PHP   1. {main}() /var/www/membership/membership.rewards/API/cardinquiry.php:0
[30-Jan-2014 16:52:27] PHP   2. GetCardInfoAPI->GetCardInfo() /var/www/membership/membership.rewards/API/cardinquiry.php:210
[30-Jan-2014 16:52:27] PHP   3. ActivateMember->Migrate() /var/www/membership/membership.rewards/rsframework/include/Modules/Loyalty/classes/GetCardInfoAPI.class.php:263
[30-Jan-2014 16:52:30] PHP Notice:  Undefined index: GeneratedPasswordBatchID in /var/www/membership/membership.rewards/rsframework/include/Modules/Membership/classes/ActivateMember.class.php on line 181
[30-Jan-2014 16:52:30] PHP Stack trace:
[30-Jan-2014 16:52:30] PHP   1. {main}() /var/www/membership/membership.rewards/API/cardinquiry.php:0
[30-Jan-2014 16:52:30] PHP   2. GetCardInfoAPI->GetCardInfo() /var/www/membership/membership.rewards/API/cardinquiry.php:210
[30-Jan-2014 16:52:30] PHP   3. ActivateMember->Migrate() /var/www/membership/membership.rewards/rsframework/include/Modules/Loyalty/classes/GetCardInfoAPI.class.php:263
[30-Jan-2014 16:52:30] MySQL Error "You have an error in your SQL syntax; check the manual that corresponds to your MySQL server version for the right syntax to use near '' at line 1" File: /var/www/membership/membership.rewards/rsframework/include/datalayer/MySQLDatabase.php LINE: 183
[30-Jan-2014 16:52:30] MySQL Error "You have an error in your SQL syntax; check the manual that corresponds to your MySQL server version for the right syntax to use near '' at line 1" File: /var/www/membership/membership.rewards/rsframework/include/core/BaseEntity.class.php LINE: 391
[30-Jan-2014 17:47:23] PHP Notice:  Undefined index: GeneratedPasswordBatchID in /var/www/membership/membership.rewards/rsframework/include/Modules/Membership/classes/ActivateMember.class.php on line 303
[30-Jan-2014 17:47:23] PHP Stack trace:
[30-Jan-2014 17:47:23] PHP   1. {main}() /var/www/membership/membership.rewards/API/cardinquiry.php:0
[30-Jan-2014 17:47:23] PHP   2. GetCardInfoAPI->GetCardInfo() /var/www/membership/membership.rewards/API/cardinquiry.php:210
[30-Jan-2014 17:47:23] PHP   3. ActivateMember->Migrate() /var/www/membership/membership.rewards/rsframework/include/Modules/Loyalty/classes/GetCardInfoAPI.class.php:263
[30-Jan-2014 17:47:24] PHP Notice:  Undefined index: GeneratedPasswordBatchID in /var/www/membership/membership.rewards/rsframework/include/Modules/Membership/classes/ActivateMember.class.php on line 181
[30-Jan-2014 17:47:24] PHP Stack trace:
[30-Jan-2014 17:47:24] PHP   1. {main}() /var/www/membership/membership.rewards/API/cardinquiry.php:0
[30-Jan-2014 17:47:24] PHP   2. GetCardInfoAPI->GetCardInfo() /var/www/membership/membership.rewards/API/cardinquiry.php:210
[30-Jan-2014 17:47:24] PHP   3. ActivateMember->Migrate() /var/www/membership/membership.rewards/rsframework/include/Modules/Loyalty/classes/GetCardInfoAPI.class.php:263
[30-Jan-2014 17:47:24] MySQL Error "You have an error in your SQL syntax; check the manual that corresponds to your MySQL server version for the right syntax to use near '' at line 1" File: /var/www/membership/membership.rewards/rsframework/include/datalayer/MySQLDatabase.php LINE: 183
[30-Jan-2014 17:47:24] MySQL Error "You have an error in your SQL syntax; check the manual that corresponds to your MySQL server version for the right syntax to use near '' at line 1" File: /var/www/membership/membership.rewards/rsframework/include/core/BaseEntity.class.php LINE: 391
