[15-Jan-2014 14:58:13] PHP Notice:  Undefined index: userinfo in /var/www/membership/membership.rewards/admin/index.php on line 58
[15-Jan-2014 14:58:13] PHP Stack trace:
[15-Jan-2014 14:58:13] PHP   1. {main}() /var/www/membership/membership.rewards/admin/index.php:0
[15-Jan-2014 14:58:13] PHP Warning:  Cannot modify header information - headers already sent by (output started at /var/www/membership/membership.rewards/admin/header.php:108) in /var/www/membership/membership.rewards/rsframework/include/core/URL.class.php on line 16
[15-Jan-2014 14:58:13] PHP Stack trace:
[15-Jan-2014 14:58:13] PHP   1. {main}() /var/www/membership/membership.rewards/admin/index.php:0
[15-Jan-2014 14:58:13] PHP   2. include() /var/www/membership/membership.rewards/admin/index.php:509
[15-Jan-2014 14:58:13] PHP   3. include() /var/www/membership/membership.rewards/admin/menu.php:7
[15-Jan-2014 14:58:13] PHP   4. URL::Redirect() /var/www/membership/membership.rewards/admin/sessionmanager.php:90
[15-Jan-2014 14:58:13] PHP   5. header() /var/www/membership/membership.rewards/rsframework/include/core/URL.class.php:16
[15-Jan-2014 14:58:13] PHP Notice:  Undefined variable: usermenu in /var/www/membership/membership.rewards/admin/menu.php on line 16
[15-Jan-2014 14:58:13] PHP Stack trace:
[15-Jan-2014 14:58:13] PHP   1. {main}() /var/www/membership/membership.rewards/admin/index.php:0
[15-Jan-2014 14:58:13] PHP   2. include() /var/www/membership/membership.rewards/admin/index.php:509
[15-Jan-2014 14:58:13] PHP Warning:  Invalid argument supplied for foreach() in /var/www/membership/membership.rewards/admin/menu.php on line 16
[15-Jan-2014 14:58:13] PHP Stack trace:
[15-Jan-2014 14:58:13] PHP   1. {main}() /var/www/membership/membership.rewards/admin/index.php:0
[15-Jan-2014 14:58:13] PHP   2. include() /var/www/membership/membership.rewards/admin/index.php:509
[15-Jan-2014 14:58:13] PHP Notice:  Undefined index: aID in /var/www/membership/membership.rewards/admin/menu.php on line 38
[15-Jan-2014 14:58:13] PHP Stack trace:
[15-Jan-2014 14:58:13] PHP   1. {main}() /var/www/membership/membership.rewards/admin/index.php:0
[15-Jan-2014 14:58:13] PHP   2. include() /var/www/membership/membership.rewards/admin/index.php:509
[15-Jan-2014 14:58:14] MySQL Error "You have an error in your SQL syntax; check the manual that corresponds to your MySQL server version for the right syntax to use near '' at line 1" File: /var/www/membership/membership.rewards/rsframework/include/datalayer/MySQLDatabase.php LINE: 147
[15-Jan-2014 14:58:14] PHP Warning:  Invalid argument supplied for foreach() in /var/www/membership/membership.rewards/admin/menu.php on line 40
[15-Jan-2014 14:58:14] PHP Stack trace:
[15-Jan-2014 14:58:14] PHP   1. {main}() /var/www/membership/membership.rewards/admin/index.php:0
[15-Jan-2014 14:58:14] PHP   2. include() /var/www/membership/membership.rewards/admin/index.php:509
[15-Jan-2014 14:58:14] PHP Notice:  Undefined variable: username in /var/www/membership/membership.rewards/admin/menu.php on line 43
[15-Jan-2014 14:58:14] PHP Stack trace:
[15-Jan-2014 14:58:14] PHP   1. {main}() /var/www/membership/membership.rewards/admin/index.php:0
[15-Jan-2014 14:58:14] PHP   2. include() /var/www/membership/membership.rewards/admin/index.php:509
[15-Jan-2014 14:58:14] PHP Notice:  Undefined variable: usermenu in /var/www/membership/membership.rewards/admin/menu.php on line 51
[15-Jan-2014 14:58:14] PHP Stack trace:
[15-Jan-2014 14:58:14] PHP   1. {main}() /var/www/membership/membership.rewards/admin/index.php:0
[15-Jan-2014 14:58:14] PHP   2. include() /var/www/membership/membership.rewards/admin/index.php:509
[15-Jan-2014 14:58:14] PHP Warning:  Invalid argument supplied for foreach() in /var/www/membership/membership.rewards/admin/menu.php on line 51
[15-Jan-2014 14:58:14] PHP Stack trace:
[15-Jan-2014 14:58:14] PHP   1. {main}() /var/www/membership/membership.rewards/admin/index.php:0
[15-Jan-2014 14:58:14] PHP   2. include() /var/www/membership/membership.rewards/admin/index.php:509
[15-Jan-2014 14:58:30] PHP Warning:  simplexml_load_string() [<a href='0function.simplexml-load-string0'>function.simplexml-load-string0</a>]: Entity: line 1: parser error : Start tag expected, '&lt;' not found in /var/www/membership/membership.rewards/rsframework/include/Modules/CasinoProvider/classes/PlayTechReportViewAPI.class.php on line 133
[15-Jan-2014 14:58:30] PHP Stack trace:
[15-Jan-2014 14:58:30] PHP   1. {main}() /var/www/membership/membership.rewards/admin/Helper/helper.manualptcreation.php:0
[15-Jan-2014 14:58:30] PHP   2. PlayTechReportViewAPI->export() /var/www/membership/membership.rewards/admin/Helper/helper.manualptcreation.php:245
[15-Jan-2014 14:58:30] PHP   3. PlayTechReportViewAPI->XML2Array() /var/www/membership/membership.rewards/rsframework/include/Modules/CasinoProvider/classes/PlayTechReportViewAPI.class.php:87
[15-Jan-2014 14:58:30] PHP   4. simplexml_load_string() /var/www/membership/membership.rewards/rsframework/include/Modules/CasinoProvider/classes/PlayTechReportViewAPI.class.php:133
[15-Jan-2014 14:58:30] PHP Warning:  simplexml_load_string() [<a href='0function.simplexml-load-string0'>function.simplexml-load-string0</a>]: ERROR in /var/www/membership/membership.rewards/rsframework/include/Modules/CasinoProvider/classes/PlayTechReportViewAPI.class.php on line 133
[15-Jan-2014 14:58:30] PHP Stack trace:
[15-Jan-2014 14:58:30] PHP   1. {main}() /var/www/membership/membership.rewards/admin/Helper/helper.manualptcreation.php:0
[15-Jan-2014 14:58:30] PHP   2. PlayTechReportViewAPI->export() /var/www/membership/membership.rewards/admin/Helper/helper.manualptcreation.php:245
[15-Jan-2014 14:58:30] PHP   3. PlayTechReportViewAPI->XML2Array() /var/www/membership/membership.rewards/rsframework/include/Modules/CasinoProvider/classes/PlayTechReportViewAPI.class.php:87
[15-Jan-2014 14:58:30] PHP   4. simplexml_load_string() /var/www/membership/membership.rewards/rsframework/include/Modules/CasinoProvider/classes/PlayTechReportViewAPI.class.php:133
[15-Jan-2014 14:58:30] PHP Warning:  simplexml_load_string() [<a href='0function.simplexml-load-string0'>function.simplexml-load-string0</a>]: ^ in /var/www/membership/membership.rewards/rsframework/include/Modules/CasinoProvider/classes/PlayTechReportViewAPI.class.php on line 133
[15-Jan-2014 14:58:30] PHP Stack trace:
[15-Jan-2014 14:58:30] PHP   1. {main}() /var/www/membership/membership.rewards/admin/Helper/helper.manualptcreation.php:0
[15-Jan-2014 14:58:30] PHP   2. PlayTechReportViewAPI->export() /var/www/membership/membership.rewards/admin/Helper/helper.manualptcreation.php:245
[15-Jan-2014 14:58:30] PHP   3. PlayTechReportViewAPI->XML2Array() /var/www/membership/membership.rewards/rsframework/include/Modules/CasinoProvider/classes/PlayTechReportViewAPI.class.php:87
[15-Jan-2014 14:58:30] PHP   4. simplexml_load_string() /var/www/membership/membership.rewards/rsframework/include/Modules/CasinoProvider/classes/PlayTechReportViewAPI.class.php:133
[15-Jan-2014 15:06:53] PHP Warning:  simplexml_load_string() [<a href='0function.simplexml-load-string0'>function.simplexml-load-string0</a>]: Entity: line 1: parser error : Start tag expected, '&lt;' not found in /var/www/membership/membership.rewards/rsframework/include/Modules/CasinoProvider/classes/PlayTechReportViewAPI.class.php on line 133
[15-Jan-2014 15:06:53] PHP Stack trace:
[15-Jan-2014 15:06:53] PHP   1. {main}() /var/www/membership/membership.rewards/admin/Helper/helper.manualptcreation.php:0
[15-Jan-2014 15:06:53] PHP   2. PlayTechReportViewAPI->export() /var/www/membership/membership.rewards/admin/Helper/helper.manualptcreation.php:245
[15-Jan-2014 15:06:53] PHP   3. PlayTechReportViewAPI->XML2Array() /var/www/membership/membership.rewards/rsframework/include/Modules/CasinoProvider/classes/PlayTechReportViewAPI.class.php:87
[15-Jan-2014 15:06:53] PHP   4. simplexml_load_string() /var/www/membership/membership.rewards/rsframework/include/Modules/CasinoProvider/classes/PlayTechReportViewAPI.class.php:133
[15-Jan-2014 15:06:53] PHP Warning:  simplexml_load_string() [<a href='0function.simplexml-load-string0'>function.simplexml-load-string0</a>]: ERROR in /var/www/membership/membership.rewards/rsframework/include/Modules/CasinoProvider/classes/PlayTechReportViewAPI.class.php on line 133
[15-Jan-2014 15:06:53] PHP Stack trace:
[15-Jan-2014 15:06:53] PHP   1. {main}() /var/www/membership/membership.rewards/admin/Helper/helper.manualptcreation.php:0
[15-Jan-2014 15:06:53] PHP   2. PlayTechReportViewAPI->export() /var/www/membership/membership.rewards/admin/Helper/helper.manualptcreation.php:245
[15-Jan-2014 15:06:53] PHP   3. PlayTechReportViewAPI->XML2Array() /var/www/membership/membership.rewards/rsframework/include/Modules/CasinoProvider/classes/PlayTechReportViewAPI.class.php:87
[15-Jan-2014 15:06:53] PHP   4. simplexml_load_string() /var/www/membership/membership.rewards/rsframework/include/Modules/CasinoProvider/classes/PlayTechReportViewAPI.class.php:133
[15-Jan-2014 15:06:53] PHP Warning:  simplexml_load_string() [<a href='0function.simplexml-load-string0'>function.simplexml-load-string0</a>]: ^ in /var/www/membership/membership.rewards/rsframework/include/Modules/CasinoProvider/classes/PlayTechReportViewAPI.class.php on line 133
[15-Jan-2014 15:06:53] PHP Stack trace:
[15-Jan-2014 15:06:53] PHP   1. {main}() /var/www/membership/membership.rewards/admin/Helper/helper.manualptcreation.php:0
[15-Jan-2014 15:06:53] PHP   2. PlayTechReportViewAPI->export() /var/www/membership/membership.rewards/admin/Helper/helper.manualptcreation.php:245
[15-Jan-2014 15:06:53] PHP   3. PlayTechReportViewAPI->XML2Array() /var/www/membership/membership.rewards/rsframework/include/Modules/CasinoProvider/classes/PlayTechReportViewAPI.class.php:87
[15-Jan-2014 15:06:53] PHP   4. simplexml_load_string() /var/www/membership/membership.rewards/rsframework/include/Modules/CasinoProvider/classes/PlayTechReportViewAPI.class.php:133
[15-Jan-2014 15:24:03] PHP Warning:  simplexml_load_string() [<a href='0function.simplexml-load-string0'>function.simplexml-load-string0</a>]: Entity: line 1: parser error : Start tag expected, '&lt;' not found in /var/www/membership/membership.rewards/rsframework/include/Modules/CasinoProvider/classes/PlayTechReportViewAPI.class.php on line 133
[15-Jan-2014 15:24:03] PHP Stack trace:
[15-Jan-2014 15:24:03] PHP   1. {main}() /var/www/membership/membership.rewards/admin/Helper/helper.manualptcreation.php:0
[15-Jan-2014 15:24:03] PHP   2. PlayTechReportViewAPI->export() /var/www/membership/membership.rewards/admin/Helper/helper.manualptcreation.php:245
[15-Jan-2014 15:24:03] PHP   3. PlayTechReportViewAPI->XML2Array() /var/www/membership/membership.rewards/rsframework/include/Modules/CasinoProvider/classes/PlayTechReportViewAPI.class.php:87
[15-Jan-2014 15:24:03] PHP   4. simplexml_load_string() /var/www/membership/membership.rewards/rsframework/include/Modules/CasinoProvider/classes/PlayTechReportViewAPI.class.php:133
[15-Jan-2014 15:24:03] PHP Warning:  simplexml_load_string() [<a href='0function.simplexml-load-string0'>function.simplexml-load-string0</a>]: ERROR in /var/www/membership/membership.rewards/rsframework/include/Modules/CasinoProvider/classes/PlayTechReportViewAPI.class.php on line 133
[15-Jan-2014 15:24:03] PHP Stack trace:
[15-Jan-2014 15:24:03] PHP   1. {main}() /var/www/membership/membership.rewards/admin/Helper/helper.manualptcreation.php:0
[15-Jan-2014 15:24:03] PHP   2. PlayTechReportViewAPI->export() /var/www/membership/membership.rewards/admin/Helper/helper.manualptcreation.php:245
[15-Jan-2014 15:24:03] PHP   3. PlayTechReportViewAPI->XML2Array() /var/www/membership/membership.rewards/rsframework/include/Modules/CasinoProvider/classes/PlayTechReportViewAPI.class.php:87
[15-Jan-2014 15:24:03] PHP   4. simplexml_load_string() /var/www/membership/membership.rewards/rsframework/include/Modules/CasinoProvider/classes/PlayTechReportViewAPI.class.php:133
[15-Jan-2014 15:24:03] PHP Warning:  simplexml_load_string() [<a href='0function.simplexml-load-string0'>function.simplexml-load-string0</a>]: ^ in /var/www/membership/membership.rewards/rsframework/include/Modules/CasinoProvider/classes/PlayTechReportViewAPI.class.php on line 133
[15-Jan-2014 15:24:03] PHP Stack trace:
[15-Jan-2014 15:24:03] PHP   1. {main}() /var/www/membership/membership.rewards/admin/Helper/helper.manualptcreation.php:0
[15-Jan-2014 15:24:03] PHP   2. PlayTechReportViewAPI->export() /var/www/membership/membership.rewards/admin/Helper/helper.manualptcreation.php:245
[15-Jan-2014 15:24:03] PHP   3. PlayTechReportViewAPI->XML2Array() /var/www/membership/membership.rewards/rsframework/include/Modules/CasinoProvider/classes/PlayTechReportViewAPI.class.php:87
[15-Jan-2014 15:24:03] PHP   4. simplexml_load_string() /var/www/membership/membership.rewards/rsframework/include/Modules/CasinoProvider/classes/PlayTechReportViewAPI.class.php:133
[15-Jan-2014 15:25:24] PHP Warning:  simplexml_load_string() [<a href='0function.simplexml-load-string0'>function.simplexml-load-string0</a>]: Entity: line 1: parser error : Start tag expected, '&lt;' not found in /var/www/membership/membership.rewards/rsframework/include/Modules/CasinoProvider/classes/PlayTechReportViewAPI.class.php on line 133
[15-Jan-2014 15:25:24] PHP Stack trace:
[15-Jan-2014 15:25:24] PHP   1. {main}() /var/www/membership/membership.rewards/admin/Helper/helper.manualptcreation.php:0
[15-Jan-2014 15:25:24] PHP   2. PlayTechReportViewAPI->export() /var/www/membership/membership.rewards/admin/Helper/helper.manualptcreation.php:245
[15-Jan-2014 15:25:24] PHP   3. PlayTechReportViewAPI->XML2Array() /var/www/membership/membership.rewards/rsframework/include/Modules/CasinoProvider/classes/PlayTechReportViewAPI.class.php:87
[15-Jan-2014 15:25:24] PHP   4. simplexml_load_string() /var/www/membership/membership.rewards/rsframework/include/Modules/CasinoProvider/classes/PlayTechReportViewAPI.class.php:133
[15-Jan-2014 15:25:24] PHP Warning:  simplexml_load_string() [<a href='0function.simplexml-load-string0'>function.simplexml-load-string0</a>]: ERROR in /var/www/membership/membership.rewards/rsframework/include/Modules/CasinoProvider/classes/PlayTechReportViewAPI.class.php on line 133
[15-Jan-2014 15:25:24] PHP Stack trace:
[15-Jan-2014 15:25:24] PHP   1. {main}() /var/www/membership/membership.rewards/admin/Helper/helper.manualptcreation.php:0
[15-Jan-2014 15:25:24] PHP   2. PlayTechReportViewAPI->export() /var/www/membership/membership.rewards/admin/Helper/helper.manualptcreation.php:245
[15-Jan-2014 15:25:24] PHP   3. PlayTechReportViewAPI->XML2Array() /var/www/membership/membership.rewards/rsframework/include/Modules/CasinoProvider/classes/PlayTechReportViewAPI.class.php:87
[15-Jan-2014 15:25:24] PHP   4. simplexml_load_string() /var/www/membership/membership.rewards/rsframework/include/Modules/CasinoProvider/classes/PlayTechReportViewAPI.class.php:133
[15-Jan-2014 15:25:24] PHP Warning:  simplexml_load_string() [<a href='0function.simplexml-load-string0'>function.simplexml-load-string0</a>]: ^ in /var/www/membership/membership.rewards/rsframework/include/Modules/CasinoProvider/classes/PlayTechReportViewAPI.class.php on line 133
[15-Jan-2014 15:25:24] PHP Stack trace:
[15-Jan-2014 15:25:24] PHP   1. {main}() /var/www/membership/membership.rewards/admin/Helper/helper.manualptcreation.php:0
[15-Jan-2014 15:25:24] PHP   2. PlayTechReportViewAPI->export() /var/www/membership/membership.rewards/admin/Helper/helper.manualptcreation.php:245
[15-Jan-2014 15:25:24] PHP   3. PlayTechReportViewAPI->XML2Array() /var/www/membership/membership.rewards/rsframework/include/Modules/CasinoProvider/classes/PlayTechReportViewAPI.class.php:87
[15-Jan-2014 15:25:24] PHP   4. simplexml_load_string() /var/www/membership/membership.rewards/rsframework/include/Modules/CasinoProvider/classes/PlayTechReportViewAPI.class.php:133
[15-Jan-2014 15:27:10] PHP Warning:  simplexml_load_string() [<a href='0function.simplexml-load-string0'>function.simplexml-load-string0</a>]: Entity: line 1: parser error : Start tag expected, '&lt;' not found in /var/www/membership/membership.rewards/rsframework/include/Modules/CasinoProvider/classes/PlayTechReportViewAPI.class.php on line 133
[15-Jan-2014 15:27:10] PHP Stack trace:
[15-Jan-2014 15:27:10] PHP   1. {main}() /var/www/membership/membership.rewards/admin/Helper/helper.manualptcreation.php:0
[15-Jan-2014 15:27:10] PHP   2. PlayTechReportViewAPI->export() /var/www/membership/membership.rewards/admin/Helper/helper.manualptcreation.php:245
[15-Jan-2014 15:27:10] PHP   3. PlayTechReportViewAPI->XML2Array() /var/www/membership/membership.rewards/rsframework/include/Modules/CasinoProvider/classes/PlayTechReportViewAPI.class.php:87
[15-Jan-2014 15:27:10] PHP   4. simplexml_load_string() /var/www/membership/membership.rewards/rsframework/include/Modules/CasinoProvider/classes/PlayTechReportViewAPI.class.php:133
[15-Jan-2014 15:27:10] PHP Warning:  simplexml_load_string() [<a href='0function.simplexml-load-string0'>function.simplexml-load-string0</a>]: ERROR in /var/www/membership/membership.rewards/rsframework/include/Modules/CasinoProvider/classes/PlayTechReportViewAPI.class.php on line 133
[15-Jan-2014 15:27:10] PHP Stack trace:
[15-Jan-2014 15:27:10] PHP   1. {main}() /var/www/membership/membership.rewards/admin/Helper/helper.manualptcreation.php:0
[15-Jan-2014 15:27:10] PHP   2. PlayTechReportViewAPI->export() /var/www/membership/membership.rewards/admin/Helper/helper.manualptcreation.php:245
[15-Jan-2014 15:27:10] PHP   3. PlayTechReportViewAPI->XML2Array() /var/www/membership/membership.rewards/rsframework/include/Modules/CasinoProvider/classes/PlayTechReportViewAPI.class.php:87
[15-Jan-2014 15:27:10] PHP   4. simplexml_load_string() /var/www/membership/membership.rewards/rsframework/include/Modules/CasinoProvider/classes/PlayTechReportViewAPI.class.php:133
[15-Jan-2014 15:27:10] PHP Warning:  simplexml_load_string() [<a href='0function.simplexml-load-string0'>function.simplexml-load-string0</a>]: ^ in /var/www/membership/membership.rewards/rsframework/include/Modules/CasinoProvider/classes/PlayTechReportViewAPI.class.php on line 133
[15-Jan-2014 15:27:10] PHP Stack trace:
[15-Jan-2014 15:27:10] PHP   1. {main}() /var/www/membership/membership.rewards/admin/Helper/helper.manualptcreation.php:0
[15-Jan-2014 15:27:10] PHP   2. PlayTechReportViewAPI->export() /var/www/membership/membership.rewards/admin/Helper/helper.manualptcreation.php:245
[15-Jan-2014 15:27:10] PHP   3. PlayTechReportViewAPI->XML2Array() /var/www/membership/membership.rewards/rsframework/include/Modules/CasinoProvider/classes/PlayTechReportViewAPI.class.php:87
[15-Jan-2014 15:27:10] PHP   4. simplexml_load_string() /var/www/membership/membership.rewards/rsframework/include/Modules/CasinoProvider/classes/PlayTechReportViewAPI.class.php:133
[15-Jan-2014 18:52:23] PHP Warning:  Cannot modify header information - headers already sent by (output started at /var/www/membership/membership.rewards/admin/header.php:115) in /var/www/membership/membership.rewards/rsframework/include/core/URL.class.php on line 16
[15-Jan-2014 18:52:23] PHP Stack trace:
[15-Jan-2014 18:52:23] PHP   1. {main}() /var/www/membership/membership.rewards/admin/manualptcreation.php:0
[15-Jan-2014 18:52:23] PHP   2. include() /var/www/membership/membership.rewards/admin/manualptcreation.php:242
[15-Jan-2014 18:52:23] PHP   3. include() /var/www/membership/membership.rewards/admin/menu.php:7
[15-Jan-2014 18:52:23] PHP   4. URL::Redirect() /var/www/membership/membership.rewards/admin/sessionmanager.php:90
[15-Jan-2014 18:52:23] PHP   5. header() /var/www/membership/membership.rewards/rsframework/include/core/URL.class.php:16
[15-Jan-2014 18:52:23] PHP Notice:  Undefined variable: usermenu in /var/www/membership/membership.rewards/admin/menu.php on line 16
[15-Jan-2014 18:52:23] PHP Stack trace:
[15-Jan-2014 18:52:23] PHP   1. {main}() /var/www/membership/membership.rewards/admin/manualptcreation.php:0
[15-Jan-2014 18:52:23] PHP   2. include() /var/www/membership/membership.rewards/admin/manualptcreation.php:242
[15-Jan-2014 18:52:23] PHP Warning:  Invalid argument supplied for foreach() in /var/www/membership/membership.rewards/admin/menu.php on line 16
[15-Jan-2014 18:52:23] PHP Stack trace:
[15-Jan-2014 18:52:23] PHP   1. {main}() /var/www/membership/membership.rewards/admin/manualptcreation.php:0
[15-Jan-2014 18:52:23] PHP   2. include() /var/www/membership/membership.rewards/admin/manualptcreation.php:242
[15-Jan-2014 18:52:23] PHP Notice:  Undefined index: aID in /var/www/membership/membership.rewards/admin/menu.php on line 38
[15-Jan-2014 18:52:23] PHP Stack trace:
[15-Jan-2014 18:52:23] PHP   1. {main}() /var/www/membership/membership.rewards/admin/manualptcreation.php:0
[15-Jan-2014 18:52:23] PHP   2. include() /var/www/membership/membership.rewards/admin/manualptcreation.php:242
[15-Jan-2014 18:52:23] MySQL Error "You have an error in your SQL syntax; check the manual that corresponds to your MySQL server version for the right syntax to use near '' at line 1" File: /var/www/membership/membership.rewards/rsframework/include/datalayer/MySQLDatabase.php LINE: 147
[15-Jan-2014 18:52:23] PHP Warning:  Invalid argument supplied for foreach() in /var/www/membership/membership.rewards/admin/menu.php on line 40
[15-Jan-2014 18:52:23] PHP Stack trace:
[15-Jan-2014 18:52:23] PHP   1. {main}() /var/www/membership/membership.rewards/admin/manualptcreation.php:0
[15-Jan-2014 18:52:23] PHP   2. include() /var/www/membership/membership.rewards/admin/manualptcreation.php:242
[15-Jan-2014 18:52:23] PHP Notice:  Undefined variable: username in /var/www/membership/membership.rewards/admin/menu.php on line 43
[15-Jan-2014 18:52:23] PHP Stack trace:
[15-Jan-2014 18:52:23] PHP   1. {main}() /var/www/membership/membership.rewards/admin/manualptcreation.php:0
[15-Jan-2014 18:52:23] PHP   2. include() /var/www/membership/membership.rewards/admin/manualptcreation.php:242
[15-Jan-2014 18:52:23] PHP Notice:  Undefined variable: usermenu in /var/www/membership/membership.rewards/admin/menu.php on line 51
[15-Jan-2014 18:52:23] PHP Stack trace:
[15-Jan-2014 18:52:23] PHP   1. {main}() /var/www/membership/membership.rewards/admin/manualptcreation.php:0
[15-Jan-2014 18:52:23] PHP   2. include() /var/www/membership/membership.rewards/admin/manualptcreation.php:242
[15-Jan-2014 18:52:23] PHP Warning:  Invalid argument supplied for foreach() in /var/www/membership/membership.rewards/admin/menu.php on line 51
[15-Jan-2014 18:52:23] PHP Stack trace:
[15-Jan-2014 18:52:23] PHP   1. {main}() /var/www/membership/membership.rewards/admin/manualptcreation.php:0
[15-Jan-2014 18:52:23] PHP   2. include() /var/www/membership/membership.rewards/admin/manualptcreation.php:242
[15-Jan-2014 18:53:46] PHP Warning:  simplexml_load_string() [<a href='0function.simplexml-load-string0'>function.simplexml-load-string0</a>]: Entity: line 1: parser error : Start tag expected, '&lt;' not found in /var/www/membership/membership.rewards/rsframework/include/Modules/CasinoProvider/classes/PlayTechReportViewAPI.class.php on line 133
[15-Jan-2014 18:53:46] PHP Stack trace:
[15-Jan-2014 18:53:46] PHP   1. {main}() /var/www/membership/membership.rewards/admin/Helper/helper.manualptcreation.php:0
[15-Jan-2014 18:53:46] PHP   2. PlayTechReportViewAPI->export() /var/www/membership/membership.rewards/admin/Helper/helper.manualptcreation.php:245
[15-Jan-2014 18:53:46] PHP   3. PlayTechReportViewAPI->XML2Array() /var/www/membership/membership.rewards/rsframework/include/Modules/CasinoProvider/classes/PlayTechReportViewAPI.class.php:87
[15-Jan-2014 18:53:46] PHP   4. simplexml_load_string() /var/www/membership/membership.rewards/rsframework/include/Modules/CasinoProvider/classes/PlayTechReportViewAPI.class.php:133
[15-Jan-2014 18:53:46] PHP Warning:  simplexml_load_string() [<a href='0function.simplexml-load-string0'>function.simplexml-load-string0</a>]: ERROR in /var/www/membership/membership.rewards/rsframework/include/Modules/CasinoProvider/classes/PlayTechReportViewAPI.class.php on line 133
[15-Jan-2014 18:53:46] PHP Stack trace:
[15-Jan-2014 18:53:46] PHP   1. {main}() /var/www/membership/membership.rewards/admin/Helper/helper.manualptcreation.php:0
[15-Jan-2014 18:53:46] PHP   2. PlayTechReportViewAPI->export() /var/www/membership/membership.rewards/admin/Helper/helper.manualptcreation.php:245
[15-Jan-2014 18:53:46] PHP   3. PlayTechReportViewAPI->XML2Array() /var/www/membership/membership.rewards/rsframework/include/Modules/CasinoProvider/classes/PlayTechReportViewAPI.class.php:87
[15-Jan-2014 18:53:46] PHP   4. simplexml_load_string() /var/www/membership/membership.rewards/rsframework/include/Modules/CasinoProvider/classes/PlayTechReportViewAPI.class.php:133
[15-Jan-2014 18:53:46] PHP Warning:  simplexml_load_string() [<a href='0function.simplexml-load-string0'>function.simplexml-load-string0</a>]: ^ in /var/www/membership/membership.rewards/rsframework/include/Modules/CasinoProvider/classes/PlayTechReportViewAPI.class.php on line 133
[15-Jan-2014 18:53:46] PHP Stack trace:
[15-Jan-2014 18:53:46] PHP   1. {main}() /var/www/membership/membership.rewards/admin/Helper/helper.manualptcreation.php:0
[15-Jan-2014 18:53:46] PHP   2. PlayTechReportViewAPI->export() /var/www/membership/membership.rewards/admin/Helper/helper.manualptcreation.php:245
[15-Jan-2014 18:53:46] PHP   3. PlayTechReportViewAPI->XML2Array() /var/www/membership/membership.rewards/rsframework/include/Modules/CasinoProvider/classes/PlayTechReportViewAPI.class.php:87
[15-Jan-2014 18:53:46] PHP   4. simplexml_load_string() /var/www/membership/membership.rewards/rsframework/include/Modules/CasinoProvider/classes/PlayTechReportViewAPI.class.php:133
[15-Jan-2014 18:56:08] PHP Warning:  simplexml_load_string() [<a href='0function.simplexml-load-string0'>function.simplexml-load-string0</a>]: Entity: line 1: parser error : Start tag expected, '&lt;' not found in /var/www/membership/membership.rewards/rsframework/include/Modules/CasinoProvider/classes/PlayTechReportViewAPI.class.php on line 133
[15-Jan-2014 18:56:08] PHP Stack trace:
[15-Jan-2014 18:56:08] PHP   1. {main}() /var/www/membership/membership.rewards/admin/Helper/helper.manualptcreation.php:0
[15-Jan-2014 18:56:08] PHP   2. PlayTechReportViewAPI->export() /var/www/membership/membership.rewards/admin/Helper/helper.manualptcreation.php:245
[15-Jan-2014 18:56:08] PHP   3. PlayTechReportViewAPI->XML2Array() /var/www/membership/membership.rewards/rsframework/include/Modules/CasinoProvider/classes/PlayTechReportViewAPI.class.php:87
[15-Jan-2014 18:56:08] PHP   4. simplexml_load_string() /var/www/membership/membership.rewards/rsframework/include/Modules/CasinoProvider/classes/PlayTechReportViewAPI.class.php:133
[15-Jan-2014 18:56:08] PHP Warning:  simplexml_load_string() [<a href='0function.simplexml-load-string0'>function.simplexml-load-string0</a>]: ERROR in /var/www/membership/membership.rewards/rsframework/include/Modules/CasinoProvider/classes/PlayTechReportViewAPI.class.php on line 133
[15-Jan-2014 18:56:08] PHP Stack trace:
[15-Jan-2014 18:56:08] PHP   1. {main}() /var/www/membership/membership.rewards/admin/Helper/helper.manualptcreation.php:0
[15-Jan-2014 18:56:08] PHP   2. PlayTechReportViewAPI->export() /var/www/membership/membership.rewards/admin/Helper/helper.manualptcreation.php:245
[15-Jan-2014 18:56:08] PHP   3. PlayTechReportViewAPI->XML2Array() /var/www/membership/membership.rewards/rsframework/include/Modules/CasinoProvider/classes/PlayTechReportViewAPI.class.php:87
[15-Jan-2014 18:56:08] PHP   4. simplexml_load_string() /var/www/membership/membership.rewards/rsframework/include/Modules/CasinoProvider/classes/PlayTechReportViewAPI.class.php:133
[15-Jan-2014 18:56:08] PHP Warning:  simplexml_load_string() [<a href='0function.simplexml-load-string0'>function.simplexml-load-string0</a>]: ^ in /var/www/membership/membership.rewards/rsframework/include/Modules/CasinoProvider/classes/PlayTechReportViewAPI.class.php on line 133
[15-Jan-2014 18:56:08] PHP Stack trace:
[15-Jan-2014 18:56:08] PHP   1. {main}() /var/www/membership/membership.rewards/admin/Helper/helper.manualptcreation.php:0
[15-Jan-2014 18:56:08] PHP   2. PlayTechReportViewAPI->export() /var/www/membership/membership.rewards/admin/Helper/helper.manualptcreation.php:245
[15-Jan-2014 18:56:08] PHP   3. PlayTechReportViewAPI->XML2Array() /var/www/membership/membership.rewards/rsframework/include/Modules/CasinoProvider/classes/PlayTechReportViewAPI.class.php:87
[15-Jan-2014 18:56:08] PHP   4. simplexml_load_string() /var/www/membership/membership.rewards/rsframework/include/Modules/CasinoProvider/classes/PlayTechReportViewAPI.class.php:133
