[05-Mar-2014 11:02:31] [REGISTRATION ERROR] Failed to send SMS: Invalid Mobile Number [MID: 418].
[05-Mar-2014 11:07:09] [REGISTRATION ERROR] Failed to send SMS: Invalid Mobile Number [MID: 419].
[05-Mar-2014 11:13:34] [REGISTRATION ERROR] Failed to send SMS: Invalid Mobile Number [MID: 420].
[05-Mar-2014 11:16:45] [REGISTRATION ERROR] Failed to send SMS: Invalid Mobile Number [MID: 421].
[05-Mar-2014 11:18:51] [REGISTRATION ERROR] Failed to send SMS: Invalid Mobile Number [MID: 422].
[05-Mar-2014 11:23:39] [REGISTRATION ERROR] Failed to send SMS: Invalid Mobile Number [MID: 423].
[05-Mar-2014 11:27:13] [REGISTRATION ERROR] Failed to send SMS: Invalid Mobile Number [MID: 424].
[05-Mar-2014 11:30:09] Error "Inactive Card: UBQNA9MV" File: /var/www/membership/membership.rewards/rsframework/include/Modules/Loyalty/classes/GetCardInfoAPI.class.php LINE: 78
[05-Mar-2014 11:31:18] Error "Inactive Card: UBQNA9MV" File: /var/www/membership/membership.rewards/rsframework/include/Modules/Loyalty/classes/GetCardInfoAPI.class.php LINE: 78
[05-Mar-2014 11:31:23] Error "Inactive Card: UBQNA9MV" File: /var/www/membership/membership.rewards/rsframework/include/Modules/Loyalty/classes/GetCardInfoAPI.class.php LINE: 78
[05-Mar-2014 11:31:26] Error "Values not submitted" File: /var/www/membership/membership.rewards/tempmemberactivation.php LINE: 307
[05-Mar-2014 11:37:16] Error "Inactive Card: UBRBA9AR" File: /var/www/membership/membership.rewards/rsframework/include/Modules/Loyalty/classes/GetCardInfoAPI.class.php LINE: 78
[05-Mar-2014 11:37:20] Error "Values not submitted" File: /var/www/membership/membership.rewards/tempmemberactivation.php LINE: 307
[05-Mar-2014 15:10:38] PHP Notice:  Undefined index: userinfo in /var/www/membership/membership.rewards/admin/index.php on line 58
[05-Mar-2014 15:10:38] PHP Warning:  Cannot modify header information - headers already sent by (output started at /var/www/membership/membership.rewards/admin/header.php:115) in /var/www/membership/membership.rewards/rsframework/include/core/URL.class.php on line 16
[05-Mar-2014 15:10:38] PHP Notice:  Undefined variable: usermenu in /var/www/membership/membership.rewards/admin/menu.php on line 16
[05-Mar-2014 15:10:38] PHP Warning:  Invalid argument supplied for foreach() in /var/www/membership/membership.rewards/admin/menu.php on line 16
[05-Mar-2014 15:10:38] PHP Notice:  Undefined index: aID in /var/www/membership/membership.rewards/admin/menu.php on line 38
[05-Mar-2014 15:10:38] MySQL Error "You have an error in your SQL syntax; check the manual that corresponds to your MySQL server version for the right syntax to use near '' at line 1" File: /var/www/membership/membership.rewards/rsframework/include/datalayer/MySQLDatabase.php LINE: 147
[05-Mar-2014 15:10:38] PHP Warning:  Invalid argument supplied for foreach() in /var/www/membership/membership.rewards/admin/menu.php on line 40
[05-Mar-2014 15:10:38] PHP Notice:  Undefined variable: username in /var/www/membership/membership.rewards/admin/menu.php on line 43
[05-Mar-2014 15:10:38] PHP Notice:  Undefined variable: usermenu in /var/www/membership/membership.rewards/admin/menu.php on line 51
[05-Mar-2014 15:10:38] PHP Warning:  Invalid argument supplied for foreach() in /var/www/membership/membership.rewards/admin/menu.php on line 51
[05-Mar-2014 15:49:23] PHP Fatal error:  Call to undefined method MemberServices::getMemberServiceDetails() in /var/www/membership/membership.rewards/admin/classifyplayer.php on line 90
[05-Mar-2014 15:49:42] PHP Fatal error:  Call to undefined method MemberServices::getMemberServiceDetails() in /var/www/membership/membership.rewards/admin/classifyplayer.php on line 90
[05-Mar-2014 15:51:14] PHP Notice:  Undefined index: PlayerCode in /var/www/membership/membership.rewards/admin/classifyplayer.php on line 92
[05-Mar-2014 15:51:42] PHP Warning:  mysql_connect() [<a href='0function.mysql-connect0'>function.mysql-connect0</a>]: Lost connection to MySQL server at 'reading initial communication packet', system error: 110 in /var/www/membership/membership.rewards/rsframework/include/datalayer/MySQLDatabase.php on line 55
[05-Mar-2014 15:51:42] MySQL Error "Lost connection to MySQL server at 'reading initial communication packet', system error: 110" File: /var/www/membership/membership.rewards/rsframework/include/datalayer/MySQLDatabase.php LINE: 58
[05-Mar-2014 15:51:42] PHP Notice:  Undefined index: PlayerCode in /var/www/membership/membership.rewards/admin/classifyplayer.php on line 92
[05-Mar-2014 15:51:42] PHP Notice:  Undefined index: PlayerCode in /var/www/membership/membership.rewards/admin/classifyplayer.php on line 92
[05-Mar-2014 16:25:21] PHP Notice:  Undefined offset: 3 in /var/www/membership/membership.rewards/rsframework/include/Modules/CasinoProvider/classes/RealtimeGamingCashierAPI2.class.php on line 78
[05-Mar-2014 16:55:56] PHP Warning:  Missing argument 4 for RealtimeGamingUBAPIWrapper::ChangePassword(), called in /var/www/membership/membership.rewards/rsframework/include/Modules/CasinoProvider/classes/CasinoAPIHandler.class.php on line 155 and defined in /var/www/membership/membership.rewards/rsframework/include/Modules/CasinoProvider/classes/RealtimeGamingUBAPIWrapper.class.php on line 298
[05-Mar-2014 16:55:56] PHP Notice:  Undefined variable: newpassword in /var/www/membership/membership.rewards/rsframework/include/Modules/CasinoProvider/classes/RealtimeGamingUBAPIWrapper.class.php on line 300
[05-Mar-2014 19:12:46] PHP Notice:  Undefined index: sessionID in /var/www/membership/membership.rewards/admin/classifyplayer.php on line 104
[05-Mar-2014 19:12:46] PHP Warning:  Cannot modify header information - headers already sent by (output started at /var/www/membership/membership.rewards/admin/header.php:115) in /var/www/membership/membership.rewards/rsframework/include/core/URL.class.php on line 16
[05-Mar-2014 19:12:46] PHP Notice:  Undefined variable: usermenu in /var/www/membership/membership.rewards/admin/menu.php on line 16
[05-Mar-2014 19:12:46] PHP Warning:  Invalid argument supplied for foreach() in /var/www/membership/membership.rewards/admin/menu.php on line 16
[05-Mar-2014 19:12:46] PHP Notice:  Undefined index: aID in /var/www/membership/membership.rewards/admin/menu.php on line 38
[05-Mar-2014 19:12:46] MySQL Error "You have an error in your SQL syntax; check the manual that corresponds to your MySQL server version for the right syntax to use near '' at line 1" File: /var/www/membership/membership.rewards/rsframework/include/datalayer/MySQLDatabase.php LINE: 147
[05-Mar-2014 19:12:46] PHP Warning:  Invalid argument supplied for foreach() in /var/www/membership/membership.rewards/admin/menu.php on line 40
[05-Mar-2014 19:12:46] PHP Notice:  Undefined variable: username in /var/www/membership/membership.rewards/admin/menu.php on line 43
[05-Mar-2014 19:12:46] PHP Notice:  Undefined variable: usermenu in /var/www/membership/membership.rewards/admin/menu.php on line 51
[05-Mar-2014 19:12:46] PHP Warning:  Invalid argument supplied for foreach() in /var/www/membership/membership.rewards/admin/menu.php on line 51
