2014/07/14 10:34:55 [error] [application] ReturnMessage: One or more fields is not set or is blank. ErrorCode: 1
in C:\xampp\htdocs\MPAPI\protected\components\Utilities.php (11)
in C:\xampp\htdocs\MPAPI\protected\controllers\MPapiController.php (159)
in C:\xampp\htdocs\MPAPI\index.php (13)
2014/07/14 10:35:47 [error] [application] ReturnMessage: One or more fields is not set or is blank. ErrorCode: 1
in C:\xampp\htdocs\MPAPI\protected\components\Utilities.php (11)
in C:\xampp\htdocs\MPAPI\protected\controllers\MPapiController.php (160)
in C:\xampp\htdocs\MPAPI\index.php (13)
2014/07/14 10:35:48 [error] [exception.Exception] exception 'Exception' with message 'ROOT_DIRprotected/logs/\mpapi2014_07_14.log is not writable' in C:\xampp\htdocs\MPAPI\protected\components\ErrorLogger.php:26
Stack trace:
#0 C:\xampp\htdocs\MPAPI\protected\controllers\MPapiController.php(162): ErrorLogger->log(NULL, ' [LOGIN ERROR] ', 'One or more fie...')
#1 C:\xampp\htdocs\yii\framework\web\actions\CInlineAction.php(49): MPapiController->actionLogin()
#2 C:\xampp\htdocs\yii\framework\web\CController.php(308): CInlineAction->runWithParams(Array)
#3 C:\xampp\htdocs\yii\framework\web\CController.php(286): CController->runAction(Object(CInlineAction))
#4 C:\xampp\htdocs\yii\framework\web\CController.php(265): CController->runActionWithFilters(Object(CInlineAction), Array)
#5 C:\xampp\htdocs\yii\framework\web\CWebApplication.php(282): CController->run('login')
#6 C:\xampp\htdocs\yii\framework\web\CWebApplication.php(141): CWebApplication->runController('MPapi/login')
#7 C:\xampp\htdocs\yii\framework\base\CApplication.php(169): CWebApplication->processRequest()
#8 C:\xampp\htdocs\MPAPI\index.php(13): CApplication->run()
#9 {main}
REQUEST_URI=/MPAPI/index.php/MPapi/login
---
2014/07/14 10:37:36 [error] [application] ReturnMessage: One or more fields is not set or is blank. ErrorCode: 1
in C:\xampp\htdocs\MPAPI\protected\components\Utilities.php (11)
in C:\xampp\htdocs\MPAPI\protected\controllers\MPapiController.php (160)
in C:\xampp\htdocs\MPAPI\index.php (13)
2014/07/14 10:37:37 [error] [exception.Exception] exception 'Exception' with message '/protected/logs/mpapi2014_07_14.log is not writable' in C:\xampp\htdocs\MPAPI\protected\components\ErrorLogger.php:26
Stack trace:
#0 C:\xampp\htdocs\MPAPI\protected\controllers\MPapiController.php(162): ErrorLogger->log(NULL, ' [LOGIN ERROR] ', 'One or more fie...')
#1 C:\xampp\htdocs\yii\framework\web\actions\CInlineAction.php(49): MPapiController->actionLogin()
#2 C:\xampp\htdocs\yii\framework\web\CController.php(308): CInlineAction->runWithParams(Array)
#3 C:\xampp\htdocs\yii\framework\web\CController.php(286): CController->runAction(Object(CInlineAction))
#4 C:\xampp\htdocs\yii\framework\web\CController.php(265): CController->runActionWithFilters(Object(CInlineAction), Array)
#5 C:\xampp\htdocs\yii\framework\web\CWebApplication.php(282): CController->run('login')
#6 C:\xampp\htdocs\yii\framework\web\CWebApplication.php(141): CWebApplication->runController('MPapi/login')
#7 C:\xampp\htdocs\yii\framework\base\CApplication.php(169): CWebApplication->processRequest()
#8 C:\xampp\htdocs\MPAPI\index.php(13): CApplication->run()
#9 {main}
REQUEST_URI=/MPAPI/index.php/MPapi/login
---
2014/07/14 10:41:11 [error] [application] ReturnMessage: One or more fields is not set or is blank. ErrorCode: 1
in C:\xampp\htdocs\MPAPI\protected\components\Utilities.php (11)
in C:\xampp\htdocs\MPAPI\protected\controllers\MPapiController.php (160)
in C:\xampp\htdocs\MPAPI\index.php (13)
2014/07/14 11:05:51 [error] [application] ReturnMessage: One or more fields is not set or is blank. ErrorCode: 1
in C:\xampp\htdocs\MPAPI\protected\components\Utilities.php (11)
in C:\xampp\htdocs\MPAPI\protected\controllers\MPapiController.php (160)
in C:\xampp\htdocs\MPAPI\index.php (13)
2014/07/14 11:07:02 [error] [application] ReturnMessage: Invalid Password. ErrorCode: 32
in C:\xampp\htdocs\MPAPI\protected\components\Utilities.php (11)
in C:\xampp\htdocs\MPAPI\protected\controllers\MPapiController.php (62)
in C:\xampp\htdocs\MPAPI\protected\controllers\MPapiController.php (178)
2014/07/14 11:07:02 [error] [application] ReturnMessage: Member not found ErrorCode: 3
in C:\xampp\htdocs\MPAPI\protected\components\Utilities.php (11)
in C:\xampp\htdocs\MPAPI\protected\controllers\MPapiController.php (250)
in C:\xampp\htdocs\MPAPI\index.php (13)
2014/07/14 11:08:39 [error] [application] ReturnMessage: One or more fields is not set or is blank. ErrorCode: 1
in C:\xampp\htdocs\MPAPI\protected\components\Utilities.php (11)
in C:\xampp\htdocs\MPAPI\protected\controllers\MPapiController.php (160)
in C:\xampp\htdocs\MPAPI\index.php (13)
