2014/08/05 13:09:35 [error] [application] ReturnMessage: Session does not exist ErrorCode: 1
in C:\xampp\htdocs\MPAPI\protected\components\Utilities.php (11)
in C:\xampp\htdocs\MPAPI\protected\controllers\MPapiController.php (3696)
in C:\xampp\htdocs\MPAPI\index.php (13)
2014/08/05 13:10:00 [error] [application] ReturnMessage: Session does not exist ErrorCode: 1
in C:\xampp\htdocs\MPAPI\protected\components\Utilities.php (11)
in C:\xampp\htdocs\MPAPI\protected\controllers\MPapiController.php (3696)
in C:\xampp\htdocs\MPAPI\index.php (13)
2014/08/05 13:10:12 [error] [application] ReturnMessage: Session does not exist ErrorCode: 1
in C:\xampp\htdocs\MPAPI\protected\components\Utilities.php (11)
in C:\xampp\htdocs\MPAPI\protected\controllers\MPapiController.php (3696)
in C:\xampp\htdocs\MPAPI\index.php (13)
2014/08/05 13:12:01 [error] [application] ReturnMessage: Session does not exist ErrorCode: 1
in C:\xampp\htdocs\MPAPI\protected\components\Utilities.php (11)
in C:\xampp\htdocs\MPAPI\protected\controllers\MPapiController.php (3699)
in C:\xampp\htdocs\MPAPI\index.php (13)
2014/08/05 13:12:15 [error] [application] ReturnMessage: Session does not exist ErrorCode: 1
in C:\xampp\htdocs\MPAPI\protected\components\Utilities.php (11)
in C:\xampp\htdocs\MPAPI\protected\controllers\MPapiController.php (3699)
in C:\xampp\htdocs\MPAPI\index.php (13)
2014/08/05 13:15:31 [error] [exception.CException] exception 'CException' with message 'Property "CHttpSession.GetIsStarted" is not defined.' in C:\xampp\htdocs\yii\framework\base\CComponent.php:130
Stack trace:
#0 C:\xampp\htdocs\MPAPI\protected\controllers\MPapiController.php(3687): CComponent->__get('GetIsStarted')
#1 C:\xampp\htdocs\yii\framework\web\actions\CInlineAction.php(49): MPapiController->actionLogout()
#2 C:\xampp\htdocs\yii\framework\web\CController.php(308): CInlineAction->runWithParams(Array)
#3 C:\xampp\htdocs\yii\framework\web\CController.php(286): CController->runAction(Object(CInlineAction))
#4 C:\xampp\htdocs\yii\framework\web\CController.php(265): CController->runActionWithFilters(Object(CInlineAction), Array)
#5 C:\xampp\htdocs\yii\framework\web\CWebApplication.php(282): CController->run('logout')
#6 C:\xampp\htdocs\yii\framework\web\CWebApplication.php(141): CWebApplication->runController('MPapi/logout')
#7 C:\xampp\htdocs\yii\framework\base\CApplication.php(169): CWebApplication->processRequest()
#8 C:\xampp\htdocs\MPAPI\index.php(13): CApplication->run()
#9 {main}
REQUEST_URI=/MPAPI/index.php/MPapi/logout
---
2014/08/05 13:18:07 [error] [application] ReturnMessage: No error, transaction successful. ErrorCode: 0
in C:\xampp\htdocs\MPAPI\protected\components\Utilities.php (11)
in C:\xampp\htdocs\MPAPI\protected\controllers\MPapiController.php (3694)
in C:\xampp\htdocs\MPAPI\index.php (13)
2014/08/05 19:18:40 [error] [system.db.CDbCommand] CDbCommand::execute() failed: SQLSTATE[23000]: Integrity constraint violation: 1452 Cannot add or update a child row: a foreign key constraint fails (`membership`.`audittrail`, CONSTRAINT `FK_ref_auditfunctions_AuditFunctionID` FOREIGN KEY (`AuditFunctionID`) REFERENCES `ref_auditfunctions` (`AuditFunctionID`)). The SQL statement executed was: INSERT INTO audittrail(SessionID, ID, TransactionDetails, TransactionDateTime, RemoteIP, AuditFunctionID)
                    VALUES(:SessionID, :AID, :TransDetails, NOW(6), :RemoteIP, :AuditTrailFunctionID).
in C:\xampp\htdocs\MPAPI\protected\models\AuditTrailModel.php (104)
in C:\xampp\htdocs\MPAPI\protected\controllers\MPapiController.php (3253)
in C:\xampp\htdocs\MPAPI\index.php (13)
2014/08/05 19:18:40 [error] [application] CDbCommand failed to execute the SQL statement: SQLSTATE[23000]: Integrity constraint violation: 1452 Cannot add or update a child row: a foreign key constraint fails (`membership`.`audittrail`, CONSTRAINT `FK_ref_auditfunctions_AuditFunctionID` FOREIGN KEY (`AuditFunctionID`) REFERENCES `ref_auditfunctions` (`AuditFunctionID`)). The SQL statement executed was: INSERT INTO audittrail(SessionID, ID, TransactionDetails, TransactionDateTime, RemoteIP, AuditFunctionID)
                    VALUES(:SessionID, :AID, :TransDetails, NOW(6), :RemoteIP, :AuditTrailFunctionID)
in C:\xampp\htdocs\MPAPI\protected\components\Utilities.php (11)
in C:\xampp\htdocs\MPAPI\protected\models\AuditTrailModel.php (117)
in C:\xampp\htdocs\MPAPI\protected\controllers\MPapiController.php (3253)
2014/08/05 13:44:37 [error] [application] ReturnMessage: No error, transaction successful. ErrorCode: 0
in C:\xampp\htdocs\MPAPI\protected\components\Utilities.php (11)
in C:\xampp\htdocs\MPAPI\protected\controllers\MPapiController.php (3727)
in C:\xampp\htdocs\MPAPI\index.php (13)
2014/08/05 19:44:51 [error] [application] ReturnMessage: Not connected. ErrorCode: 13
in C:\xampp\htdocs\MPAPI\protected\components\Utilities.php (11)
in C:\xampp\htdocs\MPAPI\protected\controllers\MPapiController.php (3172)
in C:\xampp\htdocs\MPAPI\index.php (13)
2014/08/05 19:48:44 [error] [system.db.CDbCommand] CDbCommand::execute() failed: SQLSTATE[23000]: Integrity constraint violation: 1452 Cannot add or update a child row: a foreign key constraint fails (`membership`.`audittrail`, CONSTRAINT `FK_ref_auditfunctions_AuditFunctionID` FOREIGN KEY (`AuditFunctionID`) REFERENCES `ref_auditfunctions` (`AuditFunctionID`)). The SQL statement executed was: INSERT INTO audittrail(SessionID, ID, TransactionDetails, TransactionDateTime, RemoteIP, AuditFunctionID)
                    VALUES(:SessionID, :AID, :TransDetails, NOW(6), :RemoteIP, :AuditTrailFunctionID).
in C:\xampp\htdocs\MPAPI\protected\models\AuditTrailModel.php (104)
in C:\xampp\htdocs\MPAPI\protected\controllers\MPapiController.php (3253)
in C:\xampp\htdocs\MPAPI\index.php (13)
2014/08/05 19:48:44 [error] [application] CDbCommand failed to execute the SQL statement: SQLSTATE[23000]: Integrity constraint violation: 1452 Cannot add or update a child row: a foreign key constraint fails (`membership`.`audittrail`, CONSTRAINT `FK_ref_auditfunctions_AuditFunctionID` FOREIGN KEY (`AuditFunctionID`) REFERENCES `ref_auditfunctions` (`AuditFunctionID`)). The SQL statement executed was: INSERT INTO audittrail(SessionID, ID, TransactionDetails, TransactionDateTime, RemoteIP, AuditFunctionID)
                    VALUES(:SessionID, :AID, :TransDetails, NOW(6), :RemoteIP, :AuditTrailFunctionID)
in C:\xampp\htdocs\MPAPI\protected\components\Utilities.php (11)
in C:\xampp\htdocs\MPAPI\protected\models\AuditTrailModel.php (117)
in C:\xampp\htdocs\MPAPI\protected\controllers\MPapiController.php (3253)
