2014/08/08 08:57:48 [error] [application] ReturnMessage: Redemption successful. ErrorCode: 0
in C:\xampp\htdocs\MPAPI\protected\components\Utilities.php (11)
in C:\xampp\htdocs\MPAPI\protected\controllers\MPapiController.php (2871)
in C:\xampp\htdocs\MPAPI\index.php (13)
2014/08/08 09:01:41 [error] [application] ReturnMessage: Redemption successful. ErrorCode: 0
in C:\xampp\htdocs\MPAPI\protected\components\Utilities.php (11)
in C:\xampp\htdocs\MPAPI\protected\controllers\MPapiController.php (2871)
in C:\xampp\htdocs\MPAPI\index.php (13)
2014/08/08 09:05:04 [error] [application] ReturnMessage: Redemption successful. ErrorCode: 0
in C:\xampp\htdocs\MPAPI\protected\components\Utilities.php (11)
in C:\xampp\htdocs\MPAPI\protected\controllers\MPapiController.php (2872)
in C:\xampp\htdocs\MPAPI\index.php (13)
2014/08/08 11:22:51 [error] [application] ReturnMessage: Redemption successful. ErrorCode: 0
in C:\xampp\htdocs\MPAPI\protected\components\Utilities.php (11)
in C:\xampp\htdocs\MPAPI\protected\controllers\MPapiController.php (3126)
in C:\xampp\htdocs\MPAPI\index.php (13)
2014/08/08 11:24:44 [error] [application] ReturnMessage: Transaction failed. Number of available item is insufficient. ErrorCode: 58
in C:\xampp\htdocs\MPAPI\protected\components\Utilities.php (11)
in C:\xampp\htdocs\MPAPI\protected\controllers\MPapiController.php (3276)
in C:\xampp\htdocs\MPAPI\index.php (13)
2014/08/08 11:25:16 [error] [application] ReturnMessage: Redemption successful. ErrorCode: 0
in C:\xampp\htdocs\MPAPI\protected\components\Utilities.php (11)
in C:\xampp\htdocs\MPAPI\protected\controllers\MPapiController.php (3126)
in C:\xampp\htdocs\MPAPI\index.php (13)
2014/08/08 11:28:06 [error] [application] ReturnMessage: Redemption successful. ErrorCode: 0
in C:\xampp\htdocs\MPAPI\protected\components\Utilities.php (11)
in C:\xampp\htdocs\MPAPI\protected\controllers\MPapiController.php (3126)
in C:\xampp\htdocs\MPAPI\index.php (13)
2014/08/08 11:29:19 [error] [application] ReturnMessage: Redemption successful. ErrorCode: 0
in C:\xampp\htdocs\MPAPI\protected\components\Utilities.php (11)
in C:\xampp\htdocs\MPAPI\protected\controllers\MPapiController.php (3126)
in C:\xampp\htdocs\MPAPI\index.php (13)
2014/08/08 11:29:24 [error] [exception.phpmailerException] exception 'phpmailerException' with message 'Could not instantiate mail function.' in C:\xampp\htdocs\MPAPI\protected\components\PHPMailer.php:687
Stack trace:
#0 C:\xampp\htdocs\MPAPI\protected\components\PHPMailer.php(578): PHPMailer->MailSend('Date: Fri, 8 Au...', '<div id="itemme...')
#1 C:\xampp\htdocs\MPAPI\protected\components\Helpers.php(351): PHPMailer->Send()
#2 C:\xampp\htdocs\MPAPI\protected\controllers\MPapiController.php(3180): Helpers->sendEmailItemRedemption('wolfgang24amade...', '172.16.102.174/...', '172.16.102.174/...', 'Sample Brownies', 'Brownies', 'rayquaza cruz', 'UBX82PPH', 'August 8, 2014,...', '13019', '1XY6PT5I', Array, 'KFC Foods Incor...', '423462332', 'tstwebsite.com', '172.16.102.174/...', '<p>Sample Brown...', '<p>Sample Brown...', '172.16.102.174/...')
#3 C:\xampp\htdocs\yii\framework\web\actions\CInlineAction.php(49): MPapiController->actionRedeemItems()
#4 C:\xampp\htdocs\yii\framework\web\CController.php(308): CInlineAction->runWithParams(Array)
#5 C:\xampp\htdocs\yii\framework\web\CController.php(286): CController->runAction(Object(CInlineAction))
#6 C:\xampp\htdocs\yii\framework\web\CController.php(265): CController->runActionWithFilters(Object(CInlineAction), Array)
#7 C:\xampp\htdocs\yii\framework\web\CWebApplication.php(282): CController->run('redeemitems')
#8 C:\xampp\htdocs\yii\framework\web\CWebApplication.php(141): CWebApplication->runController('MPapi/redeemite...')
#9 C:\xampp\htdocs\yii\framework\base\CApplication.php(169): CWebApplication->processRequest()
#10 C:\xampp\htdocs\MPAPI\index.php(13): CApplication->run()
#11 {main}
REQUEST_URI=/MPAPI/index.php/MPapi/redeemitems
---
2014/08/08 11:30:02 [error] [application] ReturnMessage: Transaction failed. Serial code is unavailable. ErrorCode: 57
in C:\xampp\htdocs\MPAPI\protected\components\Utilities.php (11)
in C:\xampp\htdocs\MPAPI\protected\controllers\MPapiController.php (3250)
in C:\xampp\htdocs\MPAPI\index.php (13)
2014/08/08 11:30:13 [error] [application] ReturnMessage: Redemption successful. ErrorCode: 0
in C:\xampp\htdocs\MPAPI\protected\components\Utilities.php (11)
in C:\xampp\htdocs\MPAPI\protected\controllers\MPapiController.php (3126)
in C:\xampp\htdocs\MPAPI\index.php (13)
2014/08/08 20:25:34 [error] [application] ReturnMessage: One or more fields is not set or is blank. ErrorCode: 1
in C:\xampp\htdocs\MPAPI\protected\components\Utilities.php (11)
in C:\xampp\htdocs\MPAPI\protected\controllers\MPapiController.php (2369)
in C:\xampp\htdocs\MPAPI\index.php (13)
2014/08/08 20:25:39 [error] [application] ReturnMessage: Redemption successful. ErrorCode: 0
in C:\xampp\htdocs\MPAPI\protected\components\Utilities.php (11)
in C:\xampp\htdocs\MPAPI\protected\controllers\MPapiController.php (3143)
in C:\xampp\htdocs\MPAPI\index.php (13)
2014/08/08 20:29:15 [error] [application] ReturnMessage: Redemption successful. ErrorCode: 0
in C:\xampp\htdocs\MPAPI\protected\components\Utilities.php (11)
in C:\xampp\htdocs\MPAPI\protected\controllers\MPapiController.php (3143)
in C:\xampp\htdocs\MPAPI\index.php (13)
2014/08/08 20:46:03 [error] [application] ReturnMessage: Redemption successful. ErrorCode: 0
in C:\xampp\htdocs\MPAPI\protected\components\Utilities.php (11)
in C:\xampp\htdocs\MPAPI\protected\controllers\MPapiController.php (3143)
in C:\xampp\htdocs\MPAPI\index.php (13)
