2014/07/08 08:35:18 [error] [system.db.CDbCommand] CDbCommand::execute() failed: SQLSTATE[42S22]: Column not found: 1054 Unknown column 'AID' in 'field list'. The SQL statement executed was: INSERT INTO audittrail(SessionID, AID, TransDetails, TransDateTime, RemoteIP, AuditTrailFunctionID)
                    VALUES(:SessionID, :AID, :TransDetails, NOW(6), :RemoteIP, :AuditTrailFunctionID).
in C:\xampp\htdocs\MPAPI\protected\models\AuditTrailModel.php (98)
in C:\xampp\htdocs\MPAPI\protected\controllers\MPapiController.php (89)
in C:\xampp\htdocs\MPAPI\index.php (13)
2014/07/08 08:35:18 [error] [application] CDbCommand failed to execute the SQL statement: SQLSTATE[42S22]: Column not found: 1054 Unknown column 'AID' in 'field list'. The SQL statement executed was: INSERT INTO audittrail(SessionID, AID, TransDetails, TransDateTime, RemoteIP, AuditTrailFunctionID)
                    VALUES(:SessionID, :AID, :TransDetails, NOW(6), :RemoteIP, :AuditTrailFunctionID)
in C:\xampp\htdocs\MPAPI\protected\components\Utilities.php (11)
in C:\xampp\htdocs\MPAPI\protected\models\AuditTrailModel.php (111)
in C:\xampp\htdocs\MPAPI\protected\controllers\MPapiController.php (89)
2014/07/08 09:14:46 [error] [system.db.CDbCommand] CDbCommand::execute() failed: SQLSTATE[42S22]: Column not found: 1054 Unknown column 'AID' in 'field list'. The SQL statement executed was: INSERT INTO audittrail(SessionID, AID, TransDetails, TransDateTime, RemoteIP, AuditTrailFunctionID)
                    VALUES(:SessionID, :AID, :TransDetails, NOW(6), :RemoteIP, :AuditTrailFunctionID).
in C:\xampp\htdocs\MPAPI\protected\models\AuditTrailModel.php (98)
in C:\xampp\htdocs\MPAPI\protected\controllers\MPapiController.php (89)
in C:\xampp\htdocs\MPAPI\index.php (13)
2014/07/08 09:14:46 [error] [application] CDbCommand failed to execute the SQL statement: SQLSTATE[42S22]: Column not found: 1054 Unknown column 'AID' in 'field list'. The SQL statement executed was: INSERT INTO audittrail(SessionID, AID, TransDetails, TransDateTime, RemoteIP, AuditTrailFunctionID)
                    VALUES(:SessionID, :AID, :TransDetails, NOW(6), :RemoteIP, :AuditTrailFunctionID)
in C:\xampp\htdocs\MPAPI\protected\components\Utilities.php (11)
in C:\xampp\htdocs\MPAPI\protected\models\AuditTrailModel.php (111)
in C:\xampp\htdocs\MPAPI\protected\controllers\MPapiController.php (89)
