2014/08/04 07:40:12 [error] [system.db.CDbCommand] CDbCommand::execute() failed: SQLSTATE[23000]: Integrity constraint violation: 1452 Cannot add or update a child row: a foreign key constraint fails (`membership`.`audittrail`, CONSTRAINT `FK_ref_auditfunctions_AuditFunctionID` FOREIGN KEY (`AuditFunctionID`) REFERENCES `ref_auditfunctions` (`AuditFunctionID`)). The SQL statement executed was: INSERT INTO audittrail(SessionID, ID, TransactionDetails, TransactionDateTime, RemoteIP, AuditFunctionID)
                    VALUES(:SessionID, :AID, :TransDetails, NOW(6), :RemoteIP, :AuditTrailFunctionID).
in C:\xampp\htdocs\MPAPI\protected\models\AuditTrailModel.php (104)
in C:\xampp\htdocs\MPAPI\protected\controllers\MPapiController.php (2684)
in C:\xampp\htdocs\MPAPI\index.php (13)
2014/08/04 07:40:12 [error] [application] CDbCommand failed to execute the SQL statement: SQLSTATE[23000]: Integrity constraint violation: 1452 Cannot add or update a child row: a foreign key constraint fails (`membership`.`audittrail`, CONSTRAINT `FK_ref_auditfunctions_AuditFunctionID` FOREIGN KEY (`AuditFunctionID`) REFERENCES `ref_auditfunctions` (`AuditFunctionID`)). The SQL statement executed was: INSERT INTO audittrail(SessionID, ID, TransactionDetails, TransactionDateTime, RemoteIP, AuditFunctionID)
                    VALUES(:SessionID, :AID, :TransDetails, NOW(6), :RemoteIP, :AuditTrailFunctionID)
in C:\xampp\htdocs\MPAPI\protected\components\Utilities.php (11)
in C:\xampp\htdocs\MPAPI\protected\models\AuditTrailModel.php (117)
in C:\xampp\htdocs\MPAPI\protected\controllers\MPapiController.php (2684)
2014/08/04 07:40:12 [error] [application] ReturnMessage: No error, Transaction successful. ErrorCode: 0
in C:\xampp\htdocs\MPAPI\protected\components\Utilities.php (11)
in C:\xampp\htdocs\MPAPI\protected\controllers\MPapiController.php (2723)
in C:\xampp\htdocs\MPAPI\index.php (13)
2014/08/04 07:54:09 [error] [system.db.CDbCommand] CDbCommand::execute() failed: SQLSTATE[23000]: Integrity constraint violation: 1452 Cannot add or update a child row: a foreign key constraint fails (`membership`.`audittrail`, CONSTRAINT `FK_ref_auditfunctions_AuditFunctionID` FOREIGN KEY (`AuditFunctionID`) REFERENCES `ref_auditfunctions` (`AuditFunctionID`)). The SQL statement executed was: INSERT INTO audittrail(SessionID, ID, TransactionDetails, TransactionDateTime, RemoteIP, AuditFunctionID)
                    VALUES(:SessionID, :AID, :TransDetails, NOW(6), :RemoteIP, :AuditTrailFunctionID).
in C:\xampp\htdocs\MPAPI\protected\models\AuditTrailModel.php (104)
in C:\xampp\htdocs\MPAPI\protected\controllers\MPapiController.php (2684)
in C:\xampp\htdocs\MPAPI\index.php (13)
2014/08/04 07:54:09 [error] [application] CDbCommand failed to execute the SQL statement: SQLSTATE[23000]: Integrity constraint violation: 1452 Cannot add or update a child row: a foreign key constraint fails (`membership`.`audittrail`, CONSTRAINT `FK_ref_auditfunctions_AuditFunctionID` FOREIGN KEY (`AuditFunctionID`) REFERENCES `ref_auditfunctions` (`AuditFunctionID`)). The SQL statement executed was: INSERT INTO audittrail(SessionID, ID, TransactionDetails, TransactionDateTime, RemoteIP, AuditFunctionID)
                    VALUES(:SessionID, :AID, :TransDetails, NOW(6), :RemoteIP, :AuditTrailFunctionID)
in C:\xampp\htdocs\MPAPI\protected\components\Utilities.php (11)
in C:\xampp\htdocs\MPAPI\protected\models\AuditTrailModel.php (117)
in C:\xampp\htdocs\MPAPI\protected\controllers\MPapiController.php (2684)
2014/08/04 07:54:09 [error] [application] ReturnMessage: No error, Transaction successful. ErrorCode: 0
in C:\xampp\htdocs\MPAPI\protected\components\Utilities.php (11)
in C:\xampp\htdocs\MPAPI\protected\controllers\MPapiController.php (2723)
in C:\xampp\htdocs\MPAPI\index.php (13)
2014/08/04 07:56:49 [error] [system.db.CDbCommand] CDbCommand::execute() failed: SQLSTATE[23000]: Integrity constraint violation: 1452 Cannot add or update a child row: a foreign key constraint fails (`membership`.`audittrail`, CONSTRAINT `FK_ref_auditfunctions_AuditFunctionID` FOREIGN KEY (`AuditFunctionID`) REFERENCES `ref_auditfunctions` (`AuditFunctionID`)). The SQL statement executed was: INSERT INTO audittrail(SessionID, ID, TransactionDetails, TransactionDateTime, RemoteIP, AuditFunctionID)
                    VALUES(:SessionID, :AID, :TransDetails, NOW(6), :RemoteIP, :AuditTrailFunctionID).
in C:\xampp\htdocs\MPAPI\protected\models\AuditTrailModel.php (104)
in C:\xampp\htdocs\MPAPI\protected\controllers\MPapiController.php (2773)
in C:\xampp\htdocs\MPAPI\index.php (13)
2014/08/04 07:56:49 [error] [application] CDbCommand failed to execute the SQL statement: SQLSTATE[23000]: Integrity constraint violation: 1452 Cannot add or update a child row: a foreign key constraint fails (`membership`.`audittrail`, CONSTRAINT `FK_ref_auditfunctions_AuditFunctionID` FOREIGN KEY (`AuditFunctionID`) REFERENCES `ref_auditfunctions` (`AuditFunctionID`)). The SQL statement executed was: INSERT INTO audittrail(SessionID, ID, TransactionDetails, TransactionDateTime, RemoteIP, AuditFunctionID)
                    VALUES(:SessionID, :AID, :TransDetails, NOW(6), :RemoteIP, :AuditTrailFunctionID)
in C:\xampp\htdocs\MPAPI\protected\components\Utilities.php (11)
in C:\xampp\htdocs\MPAPI\protected\models\AuditTrailModel.php (117)
in C:\xampp\htdocs\MPAPI\protected\controllers\MPapiController.php (2773)
2014/08/04 07:56:49 [error] [application] ReturnMessage: Transaction failed. Serial code is unavailable. ErrorCode: 57
in C:\xampp\htdocs\MPAPI\protected\components\Utilities.php (11)
in C:\xampp\htdocs\MPAPI\protected\controllers\MPapiController.php (2786)
in C:\xampp\htdocs\MPAPI\index.php (13)
2014/08/04 08:00:15 [error] [system.db.CDbCommand] CDbCommand::execute() failed: SQLSTATE[23000]: Integrity constraint violation: 1452 Cannot add or update a child row: a foreign key constraint fails (`membership`.`audittrail`, CONSTRAINT `FK_ref_auditfunctions_AuditFunctionID` FOREIGN KEY (`AuditFunctionID`) REFERENCES `ref_auditfunctions` (`AuditFunctionID`)). The SQL statement executed was: INSERT INTO audittrail(SessionID, ID, TransactionDetails, TransactionDateTime, RemoteIP, AuditFunctionID)
                    VALUES(:SessionID, :AID, :TransDetails, NOW(6), :RemoteIP, :AuditTrailFunctionID).
in C:\xampp\htdocs\MPAPI\protected\models\AuditTrailModel.php (104)
in C:\xampp\htdocs\MPAPI\protected\controllers\MPapiController.php (2773)
in C:\xampp\htdocs\MPAPI\index.php (13)
2014/08/04 08:00:15 [error] [application] CDbCommand failed to execute the SQL statement: SQLSTATE[23000]: Integrity constraint violation: 1452 Cannot add or update a child row: a foreign key constraint fails (`membership`.`audittrail`, CONSTRAINT `FK_ref_auditfunctions_AuditFunctionID` FOREIGN KEY (`AuditFunctionID`) REFERENCES `ref_auditfunctions` (`AuditFunctionID`)). The SQL statement executed was: INSERT INTO audittrail(SessionID, ID, TransactionDetails, TransactionDateTime, RemoteIP, AuditFunctionID)
                    VALUES(:SessionID, :AID, :TransDetails, NOW(6), :RemoteIP, :AuditTrailFunctionID)
in C:\xampp\htdocs\MPAPI\protected\components\Utilities.php (11)
in C:\xampp\htdocs\MPAPI\protected\models\AuditTrailModel.php (117)
in C:\xampp\htdocs\MPAPI\protected\controllers\MPapiController.php (2773)
2014/08/04 08:00:15 [error] [application] ReturnMessage: Transaction failed. Serial code is unavailable. ErrorCode: 57
in C:\xampp\htdocs\MPAPI\protected\components\Utilities.php (11)
in C:\xampp\htdocs\MPAPI\protected\controllers\MPapiController.php (2786)
in C:\xampp\htdocs\MPAPI\index.php (13)
2014/08/04 08:17:17 [error] [system.db.CDbCommand] CDbCommand::execute() failed: SQLSTATE[23000]: Integrity constraint violation: 1452 Cannot add or update a child row: a foreign key constraint fails (`membership`.`audittrail`, CONSTRAINT `FK_ref_auditfunctions_AuditFunctionID` FOREIGN KEY (`AuditFunctionID`) REFERENCES `ref_auditfunctions` (`AuditFunctionID`)). The SQL statement executed was: INSERT INTO audittrail(SessionID, ID, TransactionDetails, TransactionDateTime, RemoteIP, AuditFunctionID)
                    VALUES(:SessionID, :AID, :TransDetails, NOW(6), :RemoteIP, :AuditTrailFunctionID).
in C:\xampp\htdocs\MPAPI\protected\models\AuditTrailModel.php (104)
in C:\xampp\htdocs\MPAPI\protected\controllers\MPapiController.php (2773)
in C:\xampp\htdocs\MPAPI\index.php (13)
2014/08/04 08:17:17 [error] [application] CDbCommand failed to execute the SQL statement: SQLSTATE[23000]: Integrity constraint violation: 1452 Cannot add or update a child row: a foreign key constraint fails (`membership`.`audittrail`, CONSTRAINT `FK_ref_auditfunctions_AuditFunctionID` FOREIGN KEY (`AuditFunctionID`) REFERENCES `ref_auditfunctions` (`AuditFunctionID`)). The SQL statement executed was: INSERT INTO audittrail(SessionID, ID, TransactionDetails, TransactionDateTime, RemoteIP, AuditFunctionID)
                    VALUES(:SessionID, :AID, :TransDetails, NOW(6), :RemoteIP, :AuditTrailFunctionID)
in C:\xampp\htdocs\MPAPI\protected\components\Utilities.php (11)
in C:\xampp\htdocs\MPAPI\protected\models\AuditTrailModel.php (117)
in C:\xampp\htdocs\MPAPI\protected\controllers\MPapiController.php (2773)
2014/08/04 08:17:17 [error] [application] ReturnMessage: Transaction failed. Serial code is unavailable. ErrorCode: 57
in C:\xampp\htdocs\MPAPI\protected\components\Utilities.php (11)
in C:\xampp\htdocs\MPAPI\protected\controllers\MPapiController.php (2786)
in C:\xampp\htdocs\MPAPI\index.php (13)
2014/08/04 08:28:21 [error] [application] ReturnMessage: One or more fields is not set or is blank. ErrorCode: 1
in C:\xampp\htdocs\MPAPI\protected\components\Utilities.php (11)
in C:\xampp\htdocs\MPAPI\protected\controllers\MPapiController.php (275)
in C:\xampp\htdocs\MPAPI\index.php (13)
2014/08/04 08:34:10 [error] [system.db.CDbCommand] CDbCommand::execute() failed: SQLSTATE[23000]: Integrity constraint violation: 1452 Cannot add or update a child row: a foreign key constraint fails (`membership`.`audittrail`, CONSTRAINT `FK_ref_auditfunctions_AuditFunctionID` FOREIGN KEY (`AuditFunctionID`) REFERENCES `ref_auditfunctions` (`AuditFunctionID`)). The SQL statement executed was: INSERT INTO audittrail(SessionID, ID, TransactionDetails, TransactionDateTime, RemoteIP, AuditFunctionID)
                    VALUES(:SessionID, :AID, :TransDetails, NOW(6), :RemoteIP, :AuditTrailFunctionID).
in C:\xampp\htdocs\MPAPI\protected\models\AuditTrailModel.php (104)
in C:\xampp\htdocs\MPAPI\protected\controllers\MPapiController.php (2684)
in C:\xampp\htdocs\MPAPI\index.php (13)
2014/08/04 08:34:10 [error] [application] CDbCommand failed to execute the SQL statement: SQLSTATE[23000]: Integrity constraint violation: 1452 Cannot add or update a child row: a foreign key constraint fails (`membership`.`audittrail`, CONSTRAINT `FK_ref_auditfunctions_AuditFunctionID` FOREIGN KEY (`AuditFunctionID`) REFERENCES `ref_auditfunctions` (`AuditFunctionID`)). The SQL statement executed was: INSERT INTO audittrail(SessionID, ID, TransactionDetails, TransactionDateTime, RemoteIP, AuditFunctionID)
                    VALUES(:SessionID, :AID, :TransDetails, NOW(6), :RemoteIP, :AuditTrailFunctionID)
in C:\xampp\htdocs\MPAPI\protected\components\Utilities.php (11)
in C:\xampp\htdocs\MPAPI\protected\models\AuditTrailModel.php (117)
in C:\xampp\htdocs\MPAPI\protected\controllers\MPapiController.php (2684)
2014/08/04 08:34:10 [error] [application] ReturnMessage: Transaction Failed. This Reward Item  no longer exists. ErrorCode: 56
in C:\xampp\htdocs\MPAPI\protected\components\Utilities.php (11)
in C:\xampp\htdocs\MPAPI\protected\controllers\MPapiController.php (2709)
in C:\xampp\htdocs\MPAPI\index.php (13)
2014/08/04 08:36:24 [error] [system.db.CDbCommand] CDbCommand::execute() failed: SQLSTATE[23000]: Integrity constraint violation: 1452 Cannot add or update a child row: a foreign key constraint fails (`membership`.`audittrail`, CONSTRAINT `FK_ref_auditfunctions_AuditFunctionID` FOREIGN KEY (`AuditFunctionID`) REFERENCES `ref_auditfunctions` (`AuditFunctionID`)). The SQL statement executed was: INSERT INTO audittrail(SessionID, ID, TransactionDetails, TransactionDateTime, RemoteIP, AuditFunctionID)
                    VALUES(:SessionID, :AID, :TransDetails, NOW(6), :RemoteIP, :AuditTrailFunctionID).
in C:\xampp\htdocs\MPAPI\protected\models\AuditTrailModel.php (104)
in C:\xampp\htdocs\MPAPI\protected\controllers\MPapiController.php (2684)
in C:\xampp\htdocs\MPAPI\index.php (13)
2014/08/04 08:36:24 [error] [application] CDbCommand failed to execute the SQL statement: SQLSTATE[23000]: Integrity constraint violation: 1452 Cannot add or update a child row: a foreign key constraint fails (`membership`.`audittrail`, CONSTRAINT `FK_ref_auditfunctions_AuditFunctionID` FOREIGN KEY (`AuditFunctionID`) REFERENCES `ref_auditfunctions` (`AuditFunctionID`)). The SQL statement executed was: INSERT INTO audittrail(SessionID, ID, TransactionDetails, TransactionDateTime, RemoteIP, AuditFunctionID)
                    VALUES(:SessionID, :AID, :TransDetails, NOW(6), :RemoteIP, :AuditTrailFunctionID)
in C:\xampp\htdocs\MPAPI\protected\components\Utilities.php (11)
in C:\xampp\htdocs\MPAPI\protected\models\AuditTrailModel.php (117)
in C:\xampp\htdocs\MPAPI\protected\controllers\MPapiController.php (2684)
2014/08/04 08:36:24 [error] [application] ReturnMessage: No error, Transaction successful. ErrorCode: 0
in C:\xampp\htdocs\MPAPI\protected\components\Utilities.php (11)
in C:\xampp\htdocs\MPAPI\protected\controllers\MPapiController.php (2723)
in C:\xampp\htdocs\MPAPI\index.php (13)
2014/08/04 09:23:11 [error] [application] ReturnMessage: One or more fields is not set or is blank. ErrorCode: 1
in C:\xampp\htdocs\MPAPI\protected\components\Utilities.php (11)
in C:\xampp\htdocs\MPAPI\protected\controllers\MPapiController.php (275)
in C:\xampp\htdocs\MPAPI\index.php (13)
2014/08/04 09:30:16 [error] [application] ReturnMessage: Member not found ErrorCode: 3
in C:\xampp\htdocs\MPAPI\protected\components\Utilities.php (11)
in C:\xampp\htdocs\MPAPI\protected\controllers\MPapiController.php (413)
in C:\xampp\htdocs\MPAPI\index.php (13)
2014/08/04 09:30:47 [error] [application] ReturnMessage: Member not found ErrorCode: 3
in C:\xampp\htdocs\MPAPI\protected\components\Utilities.php (11)
in C:\xampp\htdocs\MPAPI\protected\controllers\MPapiController.php (413)
in C:\xampp\htdocs\MPAPI\index.php (13)
2014/08/04 09:41:54 [error] [system.db.CDbCommand] CDbCommand::execute() failed: SQLSTATE[23000]: Integrity constraint violation: 1452 Cannot add or update a child row: a foreign key constraint fails (`membership`.`membersessions`, CONSTRAINT `FK_membersessions_members_MID` FOREIGN KEY (`MID`) REFERENCES `members` (`MID`)). The SQL statement executed was: INSERT INTO membersessions(MID, SessionID, RemoteIP, DateStarted, DateEnded, TransactionDate)
                    VALUES(:MID, :SessionID, :RemoteIP, NOW(6), :Null, NOW(6)).
in C:\xampp\htdocs\MPAPI\protected\models\MemberSessionsModel.php (80)
in C:\xampp\htdocs\MPAPI\protected\controllers\MPapiController.php (323)
in C:\xampp\htdocs\MPAPI\index.php (13)
2014/08/04 09:41:54 [error] [application] CDbCommand failed to execute the SQL statement: SQLSTATE[23000]: Integrity constraint violation: 1452 Cannot add or update a child row: a foreign key constraint fails (`membership`.`membersessions`, CONSTRAINT `FK_membersessions_members_MID` FOREIGN KEY (`MID`) REFERENCES `members` (`MID`)). The SQL statement executed was: INSERT INTO membersessions(MID, SessionID, RemoteIP, DateStarted, DateEnded, TransactionDate)
                    VALUES(:MID, :SessionID, :RemoteIP, NOW(6), :Null, NOW(6))
in C:\xampp\htdocs\MPAPI\protected\components\Utilities.php (11)
in C:\xampp\htdocs\MPAPI\protected\models\MemberSessionsModel.php (92)
in C:\xampp\htdocs\MPAPI\protected\controllers\MPapiController.php (323)
2014/08/04 09:41:54 [error] [application] ReturnMessage: Transaction failed. ErrorCode: 4
in C:\xampp\htdocs\MPAPI\protected\components\Utilities.php (11)
in C:\xampp\htdocs\MPAPI\protected\controllers\MPapiController.php (398)
in C:\xampp\htdocs\MPAPI\index.php (13)
2014/08/04 09:46:46 [error] [application] ReturnMessage: Sorry, fdlsison@philweb.com.ph already belongs to an existing account. Please enter another email address. ErrorCode: 21
in C:\xampp\htdocs\MPAPI\protected\components\Utilities.php (11)
in C:\xampp\htdocs\MPAPI\protected\controllers\MPapiController.php (1028)
in C:\xampp\htdocs\MPAPI\index.php (13)
2014/08/04 09:47:58 [error] [application] ReturnMessage: Sorry, fdlsison@philweb.com.ph already belongs to an existing account. Please enter another email address. ErrorCode: 21
in C:\xampp\htdocs\MPAPI\protected\components\Utilities.php (11)
in C:\xampp\htdocs\MPAPI\protected\controllers\MPapiController.php (1028)
in C:\xampp\htdocs\MPAPI\index.php (13)
2014/08/04 09:48:10 [error] [application] ReturnMessage: Sorry, fdlsison@philweb.com.ph already belongs to an existing account. Please enter another email address. ErrorCode: 21
in C:\xampp\htdocs\MPAPI\protected\components\Utilities.php (11)
in C:\xampp\htdocs\MPAPI\protected\controllers\MPapiController.php (1028)
in C:\xampp\htdocs\MPAPI\index.php (13)
2014/08/04 09:51:56 [error] [application] ReturnMessage: Sorry, fdlsison@philweb.com.ph already belongs to an existing account. Please enter another email address. ErrorCode: 21
in C:\xampp\htdocs\MPAPI\protected\components\Utilities.php (11)
in C:\xampp\htdocs\MPAPI\protected\controllers\MPapiController.php (1029)
in C:\xampp\htdocs\MPAPI\index.php (13)
2014/08/04 09:53:03 [error] [application] ReturnMessage: Sorry, fdlsison@philweb.com.ph already belongs to an existing account. Please enter another email address. ErrorCode: 21
in C:\xampp\htdocs\MPAPI\protected\components\Utilities.php (11)
in C:\xampp\htdocs\MPAPI\protected\controllers\MPapiController.php (1029)
in C:\xampp\htdocs\MPAPI\index.php (13)
2014/08/04 09:55:33 [error] [application] ReturnMessage: Sorry, fdlsison@philweb.com.ph already belongs to an existing account. Please enter another email address. ErrorCode: 21
in C:\xampp\htdocs\MPAPI\protected\components\Utilities.php (11)
in C:\xampp\htdocs\MPAPI\protected\controllers\MPapiController.php (1030)
in C:\xampp\htdocs\MPAPI\index.php (13)
2014/08/04 09:55:57 [error] [application] ReturnMessage: Sorry, fdlsison@philweb.com.ph already belongs to an existing account. Please enter another email address. ErrorCode: 21
in C:\xampp\htdocs\MPAPI\protected\components\Utilities.php (11)
in C:\xampp\htdocs\MPAPI\protected\controllers\MPapiController.php (1030)
in C:\xampp\htdocs\MPAPI\index.php (13)
2014/08/04 09:58:09 [error] [application] ReturnMessage: No error, Transaction successful. ErrorCode: 0
in C:\xampp\htdocs\MPAPI\protected\components\Utilities.php (11)
in C:\xampp\htdocs\MPAPI\protected\controllers\MPapiController.php (1204)
in C:\xampp\htdocs\MPAPI\index.php (13)
2014/08/04 10:00:00 [error] [application] ReturnMessage: Sorry, jdlachica@philweb.com.ph already belongs to an existing account. Please enter another email address. ErrorCode: 21
in C:\xampp\htdocs\MPAPI\protected\components\Utilities.php (11)
in C:\xampp\htdocs\MPAPI\protected\controllers\MPapiController.php (1030)
in C:\xampp\htdocs\MPAPI\index.php (13)
2014/08/04 10:04:20 [error] [application] ReturnMessage: No error, Transaction successful. ErrorCode: 0
in C:\xampp\htdocs\MPAPI\protected\components\Utilities.php (11)
in C:\xampp\htdocs\MPAPI\protected\controllers\MPapiController.php (1204)
in C:\xampp\htdocs\MPAPI\index.php (13)
2014/08/04 10:23:17 [error] [system.db.CDbCommand] CDbCommand::execute() failed: SQLSTATE[23000]: Integrity constraint violation: 1452 Cannot add or update a child row: a foreign key constraint fails (`membership`.`membersessions`, CONSTRAINT `FK_membersessions_members_MID` FOREIGN KEY (`MID`) REFERENCES `members` (`MID`)). The SQL statement executed was: INSERT INTO membersessions(MID, SessionID, RemoteIP, DateStarted, DateEnded, TransactionDate)
                    VALUES(:MID, :SessionID, :RemoteIP, NOW(6), :Null, NOW(6)).
in C:\xampp\htdocs\MPAPI\protected\models\MemberSessionsModel.php (80)
in C:\xampp\htdocs\MPAPI\protected\controllers\MPapiController.php (324)
in C:\xampp\htdocs\MPAPI\index.php (13)
2014/08/04 10:23:17 [error] [application] CDbCommand failed to execute the SQL statement: SQLSTATE[23000]: Integrity constraint violation: 1452 Cannot add or update a child row: a foreign key constraint fails (`membership`.`membersessions`, CONSTRAINT `FK_membersessions_members_MID` FOREIGN KEY (`MID`) REFERENCES `members` (`MID`)). The SQL statement executed was: INSERT INTO membersessions(MID, SessionID, RemoteIP, DateStarted, DateEnded, TransactionDate)
                    VALUES(:MID, :SessionID, :RemoteIP, NOW(6), :Null, NOW(6))
in C:\xampp\htdocs\MPAPI\protected\components\Utilities.php (11)
in C:\xampp\htdocs\MPAPI\protected\models\MemberSessionsModel.php (92)
in C:\xampp\htdocs\MPAPI\protected\controllers\MPapiController.php (324)
2014/08/04 10:23:17 [error] [application] ReturnMessage: Transaction failed. ErrorCode: 4
in C:\xampp\htdocs\MPAPI\protected\components\Utilities.php (11)
in C:\xampp\htdocs\MPAPI\protected\controllers\MPapiController.php (399)
in C:\xampp\htdocs\MPAPI\index.php (13)
2014/08/04 10:27:30 [error] [application] ReturnMessage: Member not found ErrorCode: 3
in C:\xampp\htdocs\MPAPI\protected\components\Utilities.php (11)
in C:\xampp\htdocs\MPAPI\protected\controllers\MPapiController.php (415)
in C:\xampp\htdocs\MPAPI\index.php (13)
2014/08/04 10:32:12 [error] [application] ReturnMessage: Member not found ErrorCode: 3
in C:\xampp\htdocs\MPAPI\protected\components\Utilities.php (11)
in C:\xampp\htdocs\MPAPI\protected\controllers\MPapiController.php (426)
in C:\xampp\htdocs\MPAPI\index.php (13)
2014/08/04 11:24:50 [error] [system.db.CDbCommand] CDbCommand::execute() failed: SQLSTATE[23000]: Integrity constraint violation: 1452 Cannot add or update a child row: a foreign key constraint fails (`membership`.`audittrail`, CONSTRAINT `FK_ref_auditfunctions_AuditFunctionID` FOREIGN KEY (`AuditFunctionID`) REFERENCES `ref_auditfunctions` (`AuditFunctionID`)). The SQL statement executed was: INSERT INTO audittrail(SessionID, ID, TransactionDetails, TransactionDateTime, RemoteIP, AuditFunctionID)
                    VALUES(:SessionID, :AID, :TransDetails, NOW(6), :RemoteIP, :AuditTrailFunctionID).
in C:\xampp\htdocs\MPAPI\protected\models\AuditTrailModel.php (104)
in C:\xampp\htdocs\MPAPI\protected\controllers\MPapiController.php (2782)
in C:\xampp\htdocs\MPAPI\index.php (13)
2014/08/04 11:24:50 [error] [application] CDbCommand failed to execute the SQL statement: SQLSTATE[23000]: Integrity constraint violation: 1452 Cannot add or update a child row: a foreign key constraint fails (`membership`.`audittrail`, CONSTRAINT `FK_ref_auditfunctions_AuditFunctionID` FOREIGN KEY (`AuditFunctionID`) REFERENCES `ref_auditfunctions` (`AuditFunctionID`)). The SQL statement executed was: INSERT INTO audittrail(SessionID, ID, TransactionDetails, TransactionDateTime, RemoteIP, AuditFunctionID)
                    VALUES(:SessionID, :AID, :TransDetails, NOW(6), :RemoteIP, :AuditTrailFunctionID)
in C:\xampp\htdocs\MPAPI\protected\components\Utilities.php (11)
in C:\xampp\htdocs\MPAPI\protected\models\AuditTrailModel.php (117)
in C:\xampp\htdocs\MPAPI\protected\controllers\MPapiController.php (2782)
2014/08/04 11:24:50 [error] [application] ReturnMessage: Transaction failed. Serial code is unavailable. ErrorCode: 57
in C:\xampp\htdocs\MPAPI\protected\components\Utilities.php (11)
in C:\xampp\htdocs\MPAPI\protected\controllers\MPapiController.php (2795)
in C:\xampp\htdocs\MPAPI\index.php (13)
2014/08/04 11:27:47 [error] [system.db.CDbCommand] CDbCommand::execute() failed: SQLSTATE[23000]: Integrity constraint violation: 1452 Cannot add or update a child row: a foreign key constraint fails (`membership`.`audittrail`, CONSTRAINT `FK_ref_auditfunctions_AuditFunctionID` FOREIGN KEY (`AuditFunctionID`) REFERENCES `ref_auditfunctions` (`AuditFunctionID`)). The SQL statement executed was: INSERT INTO audittrail(SessionID, ID, TransactionDetails, TransactionDateTime, RemoteIP, AuditFunctionID)
                    VALUES(:SessionID, :AID, :TransDetails, NOW(6), :RemoteIP, :AuditTrailFunctionID).
in C:\xampp\htdocs\MPAPI\protected\models\AuditTrailModel.php (104)
in C:\xampp\htdocs\MPAPI\protected\controllers\MPapiController.php (2693)
in C:\xampp\htdocs\MPAPI\index.php (13)
2014/08/04 11:27:47 [error] [application] CDbCommand failed to execute the SQL statement: SQLSTATE[23000]: Integrity constraint violation: 1452 Cannot add or update a child row: a foreign key constraint fails (`membership`.`audittrail`, CONSTRAINT `FK_ref_auditfunctions_AuditFunctionID` FOREIGN KEY (`AuditFunctionID`) REFERENCES `ref_auditfunctions` (`AuditFunctionID`)). The SQL statement executed was: INSERT INTO audittrail(SessionID, ID, TransactionDetails, TransactionDateTime, RemoteIP, AuditFunctionID)
                    VALUES(:SessionID, :AID, :TransDetails, NOW(6), :RemoteIP, :AuditTrailFunctionID)
in C:\xampp\htdocs\MPAPI\protected\components\Utilities.php (11)
in C:\xampp\htdocs\MPAPI\protected\models\AuditTrailModel.php (117)
in C:\xampp\htdocs\MPAPI\protected\controllers\MPapiController.php (2693)
2014/08/04 11:27:47 [error] [application] ReturnMessage: No error, Transaction successful. ErrorCode: 0
in C:\xampp\htdocs\MPAPI\protected\components\Utilities.php (11)
in C:\xampp\htdocs\MPAPI\protected\controllers\MPapiController.php (2732)
in C:\xampp\htdocs\MPAPI\index.php (13)
2014/08/04 13:16:37 [error] [system.db.CDbCommand] CDbCommand::execute() failed: SQLSTATE[23000]: Integrity constraint violation: 1452 Cannot add or update a child row: a foreign key constraint fails (`membership`.`audittrail`, CONSTRAINT `FK_ref_auditfunctions_AuditFunctionID` FOREIGN KEY (`AuditFunctionID`) REFERENCES `ref_auditfunctions` (`AuditFunctionID`)). The SQL statement executed was: INSERT INTO audittrail(SessionID, ID, TransactionDetails, TransactionDateTime, RemoteIP, AuditFunctionID)
                    VALUES(:SessionID, :AID, :TransDetails, NOW(6), :RemoteIP, :AuditTrailFunctionID).
in C:\xampp\htdocs\MPAPI\protected\models\AuditTrailModel.php (104)
in C:\xampp\htdocs\MPAPI\protected\controllers\MPapiController.php (2693)
in C:\xampp\htdocs\MPAPI\index.php (13)
2014/08/04 13:16:37 [error] [application] CDbCommand failed to execute the SQL statement: SQLSTATE[23000]: Integrity constraint violation: 1452 Cannot add or update a child row: a foreign key constraint fails (`membership`.`audittrail`, CONSTRAINT `FK_ref_auditfunctions_AuditFunctionID` FOREIGN KEY (`AuditFunctionID`) REFERENCES `ref_auditfunctions` (`AuditFunctionID`)). The SQL statement executed was: INSERT INTO audittrail(SessionID, ID, TransactionDetails, TransactionDateTime, RemoteIP, AuditFunctionID)
                    VALUES(:SessionID, :AID, :TransDetails, NOW(6), :RemoteIP, :AuditTrailFunctionID)
in C:\xampp\htdocs\MPAPI\protected\components\Utilities.php (11)
in C:\xampp\htdocs\MPAPI\protected\models\AuditTrailModel.php (117)
in C:\xampp\htdocs\MPAPI\protected\controllers\MPapiController.php (2693)
2014/08/04 13:16:37 [error] [application] ReturnMessage: No error, Transaction successful. ErrorCode: 0
in C:\xampp\htdocs\MPAPI\protected\components\Utilities.php (11)
in C:\xampp\htdocs\MPAPI\protected\controllers\MPapiController.php (2732)
in C:\xampp\htdocs\MPAPI\index.php (13)
2014/08/04 16:20:49 [error] [system.db.CDbCommand] CDbCommand::execute() failed: SQLSTATE[23000]: Integrity constraint violation: 1452 Cannot add or update a child row: a foreign key constraint fails (`membership`.`audittrail`, CONSTRAINT `FK_ref_auditfunctions_AuditFunctionID` FOREIGN KEY (`AuditFunctionID`) REFERENCES `ref_auditfunctions` (`AuditFunctionID`)). The SQL statement executed was: INSERT INTO audittrail(SessionID, ID, TransactionDetails, TransactionDateTime, RemoteIP, AuditFunctionID)
                    VALUES(:SessionID, :AID, :TransDetails, NOW(6), :RemoteIP, :AuditTrailFunctionID).
in C:\xampp\htdocs\MPAPI\protected\models\AuditTrailModel.php (104)
in C:\xampp\htdocs\MPAPI\protected\controllers\MPapiController.php (2741)
in C:\xampp\htdocs\MPAPI\index.php (13)
2014/08/04 16:20:49 [error] [application] CDbCommand failed to execute the SQL statement: SQLSTATE[23000]: Integrity constraint violation: 1452 Cannot add or update a child row: a foreign key constraint fails (`membership`.`audittrail`, CONSTRAINT `FK_ref_auditfunctions_AuditFunctionID` FOREIGN KEY (`AuditFunctionID`) REFERENCES `ref_auditfunctions` (`AuditFunctionID`)). The SQL statement executed was: INSERT INTO audittrail(SessionID, ID, TransactionDetails, TransactionDateTime, RemoteIP, AuditFunctionID)
                    VALUES(:SessionID, :AID, :TransDetails, NOW(6), :RemoteIP, :AuditTrailFunctionID)
in C:\xampp\htdocs\MPAPI\protected\components\Utilities.php (11)
in C:\xampp\htdocs\MPAPI\protected\models\AuditTrailModel.php (117)
in C:\xampp\htdocs\MPAPI\protected\controllers\MPapiController.php (2741)
2014/08/04 16:20:49 [error] [application] ReturnMessage: Redemption successful. ErrorCode: 0
in C:\xampp\htdocs\MPAPI\protected\components\Utilities.php (11)
in C:\xampp\htdocs\MPAPI\protected\controllers\MPapiController.php (2780)
in C:\xampp\htdocs\MPAPI\index.php (13)
2014/08/04 16:21:29 [error] [application] ReturnMessage: Item to be redeemed is a mystery item. Only one mystery item per redeem is allowed. ErrorCode: 60
in C:\xampp\htdocs\MPAPI\protected\components\Utilities.php (11)
in C:\xampp\htdocs\MPAPI\protected\controllers\MPapiController.php (2365)
in C:\xampp\htdocs\MPAPI\index.php (13)
