2014/07/15 03:41:18 [error] [application] ReturnMessage: Invalid Password. ErrorCode: 32
in C:\xampp\htdocs\MPAPI\protected\components\Utilities.php (11)
in C:\xampp\htdocs\MPAPI\protected\controllers\MPapiController.php (62)
in C:\xampp\htdocs\MPAPI\protected\controllers\MPapiController.php (180)
2014/07/15 03:42:27 [error] [application] ReturnMessage: Invalid Password. ErrorCode: 32
in C:\xampp\htdocs\MPAPI\protected\components\Utilities.php (11)
in C:\xampp\htdocs\MPAPI\protected\controllers\MPapiController.php (62)
in C:\xampp\htdocs\MPAPI\protected\controllers\MPapiController.php (181)
2014/07/15 03:43:50 [error] [application] ReturnMessage: Invalid Password. ErrorCode: 32
in C:\xampp\htdocs\MPAPI\protected\components\Utilities.php (11)
in C:\xampp\htdocs\MPAPI\protected\controllers\MPapiController.php (62)
in C:\xampp\htdocs\MPAPI\protected\controllers\MPapiController.php (181)
2014/07/15 03:46:19 [error] [exception.CDbException] exception 'CDbException' with message 'CDbConnection failed to open the DB connection: SQLSTATE[HY000] [2002] A connection attempt failed because the connected party did not properly respond after a period of time, or established connection failed because connected host has failed to respond.
' in C:\xampp\htdocs\yii\framework\db\CDbConnection.php:381
Stack trace:
#0 C:\xampp\htdocs\yii\framework\db\CDbConnection.php(330): CDbConnection->open()
#1 C:\xampp\htdocs\yii\framework\db\CDbConnection.php(308): CDbConnection->setActive(true)
#2 C:\xampp\htdocs\yii\framework\base\CModule.php(387): CDbConnection->init()
#3 C:\xampp\htdocs\yii\framework\base\CModule.php(103): CModule->getComponent('db')
#4 C:\xampp\htdocs\MPAPI\protected\models\MemberSessionsModel.php(15): CModule->__get('db')
#5 C:\xampp\htdocs\MPAPI\protected\controllers\MPapiController.php(175): MemberSessionsModel->__construct()
#6 C:\xampp\htdocs\yii\framework\web\actions\CInlineAction.php(49): MPapiController->actionLogin()
#7 C:\xampp\htdocs\yii\framework\web\CController.php(308): CInlineAction->runWithParams(Array)
#8 C:\xampp\htdocs\yii\framework\web\CController.php(286): CController->runAction(Object(CInlineAction))
#9 C:\xampp\htdocs\yii\framework\web\CController.php(265): CController->runActionWithFilters(Object(CInlineAction), Array)
#10 C:\xampp\htdocs\yii\framework\web\CWebApplication.php(282): CController->run('login')
#11 C:\xampp\htdocs\yii\framework\web\CWebApplication.php(141): CWebApplication->runController('MPapi/login')
#12 C:\xampp\htdocs\yii\framework\base\CApplication.php(169): CWebApplication->processRequest()
#13 C:\xampp\htdocs\MPAPI\index.php(13): CApplication->run()
#14 {main}
REQUEST_URI=/MPAPI/index.php/MPapi/login
---
2014/07/15 03:46:57 [error] [application] ReturnMessage: Invalid Password. ErrorCode: 32
in C:\xampp\htdocs\MPAPI\protected\components\Utilities.php (11)
in C:\xampp\htdocs\MPAPI\protected\controllers\MPapiController.php (62)
in C:\xampp\htdocs\MPAPI\protected\controllers\MPapiController.php (181)
2014/07/15 03:46:57 [error] [application] ReturnMessage: Invalid Password. ErrorCode: 32
in C:\xampp\htdocs\MPAPI\protected\components\Utilities.php (11)
in C:\xampp\htdocs\MPAPI\protected\controllers\MPapiController.php (64)
in C:\xampp\htdocs\MPAPI\protected\controllers\MPapiController.php (181)
2014/07/15 03:47:39 [error] [application] ReturnMessage: Invalid Password. ErrorCode: 32
in C:\xampp\htdocs\MPAPI\protected\components\Utilities.php (11)
in C:\xampp\htdocs\MPAPI\protected\controllers\MPapiController.php (62)
in C:\xampp\htdocs\MPAPI\protected\controllers\MPapiController.php (181)
2014/07/15 03:48:10 [error] [application] ReturnMessage: Invalid Password. ErrorCode: 32
in C:\xampp\htdocs\MPAPI\protected\components\Utilities.php (11)
in C:\xampp\htdocs\MPAPI\protected\controllers\MPapiController.php (62)
in C:\xampp\htdocs\MPAPI\protected\controllers\MPapiController.php (181)
2014/07/15 05:11:41 [error] [application] ReturnMessage: One or more fields is not set or is blank. ErrorCode: 1
in C:\xampp\htdocs\MPAPI\protected\components\Utilities.php (11)
in C:\xampp\htdocs\MPAPI\protected\controllers\MPapiController.php (163)
in C:\xampp\htdocs\MPAPI\index.php (13)
