2014/08/14 09:58:13 [error] [application] ReturnMessage: Please input a valid Date. ErrorCode: 80
in C:\xampp\htdocs\MPAPI\protected\components\Utilities.php (11)
in C:\xampp\htdocs\MPAPI\protected\controllers\MPapiController.php (990)
in C:\xampp\htdocs\MPAPI\index.php (13)
2014/08/14 09:58:26 [error] [application] ReturnMessage: Please input a valid Date. ErrorCode: 80
in C:\xampp\htdocs\MPAPI\protected\components\Utilities.php (11)
in C:\xampp\htdocs\MPAPI\protected\controllers\MPapiController.php (990)
in C:\xampp\htdocs\MPAPI\index.php (13)
2014/08/14 10:02:51 [error] [application] ReturnMessage: Please input a valid Occupation (1 to 5). ErrorCode: 81
in C:\xampp\htdocs\MPAPI\protected\components\Utilities.php (11)
in C:\xampp\htdocs\MPAPI\protected\controllers\MPapiController.php (1005)
in C:\xampp\htdocs\MPAPI\index.php (13)
2014/08/14 10:19:42 [error] [application] ReturnMessage: Please input 1 for smoker or 2 for non-smoker. ErrorCode: 82
in C:\xampp\htdocs\MPAPI\protected\components\Utilities.php (11)
in C:\xampp\htdocs\MPAPI\protected\controllers\MPapiController.php (1020)
in C:\xampp\htdocs\MPAPI\index.php (13)
2014/08/14 10:19:57 [error] [application] ReturnMessage: Please input a valid Referrer ID (1 to 10). ErrorCode: 83
in C:\xampp\htdocs\MPAPI\protected\components\Utilities.php (11)
in C:\xampp\htdocs\MPAPI\protected\controllers\MPapiController.php (1035)
in C:\xampp\htdocs\MPAPI\index.php (13)
2014/08/14 10:20:22 [error] [application] ReturnMessage: You have successfully registered!

An active Temporary Account will be sent to your email address or mobile number, which can be used to start session/credit points in the absence of Membership Card.

Please note that your Registered Account and Temporary Account will be activated only after 24 hours. ErrorCode: 0
in C:\xampp\htdocs\MPAPI\protected\components\Utilities.php (11)
in C:\xampp\htdocs\MPAPI\protected\controllers\MPapiController.php (1317)
in C:\xampp\htdocs\MPAPI\index.php (13)
2014/08/14 10:22:40 [error] [application] ReturnMessage: Sorry, imready@yahoo.com already belongs to an existing account. Please enter another email address. ErrorCode: 21
in C:\xampp\htdocs\MPAPI\protected\components\Utilities.php (11)
in C:\xampp\htdocs\MPAPI\protected\controllers\MPapiController.php (1145)
in C:\xampp\htdocs\MPAPI\index.php (13)
2014/08/14 10:24:14 [error] [application] ReturnMessage: You have successfully registered!

An active Temporary Account will be sent to your email address or mobile number, which can be used to start session/credit points in the absence of Membership Card.

Please note that your Registered Account and Temporary Account will be activated only after 24 hours. ErrorCode: 0
in C:\xampp\htdocs\MPAPI\protected\components\Utilities.php (11)
in C:\xampp\htdocs\MPAPI\protected\controllers\MPapiController.php (1319)
in C:\xampp\htdocs\MPAPI\index.php (13)
2014/08/14 10:30:27 [error] [application] ReturnMessage: Sorry, imready2@yahoo.com already belongs to an existing account. Please enter another email address. ErrorCode: 21
in C:\xampp\htdocs\MPAPI\protected\components\Utilities.php (11)
in C:\xampp\htdocs\MPAPI\protected\controllers\MPapiController.php (1146)
in C:\xampp\htdocs\MPAPI\index.php (13)
2014/08/14 10:30:50 [error] [application] ReturnMessage: Please input 0 for email non-subscription else input 1. ErrorCode: 84
in C:\xampp\htdocs\MPAPI\protected\components\Utilities.php (11)
in C:\xampp\htdocs\MPAPI\protected\controllers\MPapiController.php (1053)
in C:\xampp\htdocs\MPAPI\index.php (13)
2014/08/14 10:31:39 [error] [application] ReturnMessage: Please input 0 for sms non-subscription else input 1. ErrorCode: 85
in C:\xampp\htdocs\MPAPI\protected\components\Utilities.php (11)
in C:\xampp\htdocs\MPAPI\protected\controllers\MPapiController.php (1068)
in C:\xampp\htdocs\MPAPI\index.php (13)
2014/08/14 10:31:52 [error] [application] ReturnMessage: Sorry, imready2@yahoo.com already belongs to an existing account. Please enter another email address. ErrorCode: 21
in C:\xampp\htdocs\MPAPI\protected\components\Utilities.php (11)
in C:\xampp\htdocs\MPAPI\protected\controllers\MPapiController.php (1146)
in C:\xampp\htdocs\MPAPI\index.php (13)
2014/08/14 10:46:06 [error] [application] ReturnMessage: Sorry, imready2@yahoo.com already belongs to an existing account. Please enter another email address. ErrorCode: 21
in C:\xampp\htdocs\MPAPI\protected\components\Utilities.php (11)
in C:\xampp\htdocs\MPAPI\protected\controllers\MPapiController.php (1173)
in C:\xampp\htdocs\MPAPI\index.php (13)
2014/08/14 10:56:29 [error] [application] ReturnMessage: One or more fields is not set or is blank. ErrorCode: 1
in C:\xampp\htdocs\MPAPI\protected\components\Utilities.php (11)
in C:\xampp\htdocs\MPAPI\protected\controllers\MPapiController.php (1643)
in C:\xampp\htdocs\MPAPI\index.php (13)
2014/08/14 11:19:58 [error] [application] ReturnMessage: One or more fields is not set or is blank. ErrorCode: 1
in C:\xampp\htdocs\MPAPI\protected\components\Utilities.php (11)
in C:\xampp\htdocs\MPAPI\protected\controllers\MPapiController.php (3648)
in C:\xampp\htdocs\MPAPI\index.php (13)
2014/08/14 11:20:53 [error] [application] ReturnMessage: Account is Banned. ErrorCode: 40
in C:\xampp\htdocs\MPAPI\protected\components\Utilities.php (11)
in C:\xampp\htdocs\MPAPI\protected\controllers\MPapiController.php (3801)
in C:\xampp\htdocs\MPAPI\index.php (13)
2014/08/14 11:21:14 [error] [application] ReturnMessage: MPSessionID does not exist. ErrorCode: 13
in C:\xampp\htdocs\MPAPI\protected\components\Utilities.php (11)
in C:\xampp\htdocs\MPAPI\protected\controllers\MPapiController.php (3687)
in C:\xampp\htdocs\MPAPI\index.php (13)
2014/08/14 11:29:46 [error] [application] ReturnMessage: MPSessionID does not exist. ErrorCode: 13
in C:\xampp\htdocs\MPAPI\protected\components\Utilities.php (11)
in C:\xampp\htdocs\MPAPI\protected\controllers\MPapiController.php (3821)
in C:\xampp\htdocs\MPAPI\index.php (13)
2014/08/14 11:30:05 [error] [application] ReturnMessage: Card number does not exist. ErrorCode: 61
in C:\xampp\htdocs\MPAPI\protected\components\Utilities.php (11)
in C:\xampp\htdocs\MPAPI\protected\controllers\MPapiController.php (3687)
in C:\xampp\htdocs\MPAPI\index.php (13)
2014/08/14 11:43:42 [error] [application] ReturnMessage: Email Address should not be the same as alternate email. ErrorCode: 87
in C:\xampp\htdocs\MPAPI\protected\components\Utilities.php (11)
in C:\xampp\htdocs\MPAPI\protected\controllers\MPapiController.php (1794)
in C:\xampp\htdocs\MPAPI\index.php (13)
2014/08/14 11:59:42 [error] [system.db.CDbCommand] CDbCommand::execute() failed: SQLSTATE[23000]: Integrity constraint violation: 1452 Cannot add or update a child row: a foreign key constraint fails (`membership_temp`.`memberinfo`, CONSTRAINT `FK_memberinfo_members_UMID` FOREIGN KEY (`UpdatedByMID`) REFERENCES `members` (`MID`)). The SQL statement executed was: UPDATE memberinfo
                    SET DateUpdated = NOW(6), UpdatedByMID = :mid
                    WHERE MID = :MID.
in C:\xampp\htdocs\MPAPI\protected\models\MembershipTempModel.php (126)
in C:\xampp\htdocs\MPAPI\protected\controllers\MPapiController.php (2037)
in C:\xampp\htdocs\MPAPI\index.php (13)
2014/08/14 11:59:42 [error] [application] CDbCommand failed to execute the SQL statement: SQLSTATE[23000]: Integrity constraint violation: 1452 Cannot add or update a child row: a foreign key constraint fails (`membership_temp`.`memberinfo`, CONSTRAINT `FK_memberinfo_members_UMID` FOREIGN KEY (`UpdatedByMID`) REFERENCES `members` (`MID`)). The SQL statement executed was: UPDATE memberinfo
                    SET DateUpdated = NOW(6), UpdatedByMID = :mid
                    WHERE MID = :MID
in C:\xampp\htdocs\MPAPI\protected\components\Utilities.php (11)
in C:\xampp\htdocs\MPAPI\protected\models\MembershipTempModel.php (138)
in C:\xampp\htdocs\MPAPI\protected\controllers\MPapiController.php (2037)
2014/08/14 11:59:42 [error] [application] ReturnMessage: Transaction failed. ErrorCode: 4
in C:\xampp\htdocs\MPAPI\protected\components\Utilities.php (11)
in C:\xampp\htdocs\MPAPI\protected\controllers\MPapiController.php (2056)
in C:\xampp\htdocs\MPAPI\index.php (13)
2014/08/14 13:45:58 [error] [application] ReturnMessage: MPSessionID does not exist. ErrorCode: 13
in C:\xampp\htdocs\MPAPI\protected\components\Utilities.php (11)
in C:\xampp\htdocs\MPAPI\protected\controllers\MPapiController.php (2680)
in C:\xampp\htdocs\MPAPI\index.php (13)
2014/08/14 13:46:28 [error] [application] ReturnMessage: Redemption successful. ErrorCode: 0
in C:\xampp\htdocs\MPAPI\protected\components\Utilities.php (11)
in C:\xampp\htdocs\MPAPI\protected\controllers\MPapiController.php (3366)
in C:\xampp\htdocs\MPAPI\index.php (13)
2014/08/14 13:50:24 [error] [application] ReturnMessage: Redemption successful. ErrorCode: 0
in C:\xampp\htdocs\MPAPI\protected\components\Utilities.php (11)
in C:\xampp\htdocs\MPAPI\protected\controllers\MPapiController.php (3366)
in C:\xampp\htdocs\MPAPI\index.php (13)
2014/08/14 13:57:50 [error] [application] ReturnMessage: Player Redemption: Transacation failed. Reward offer has already ended. ErrorCode: 49
in C:\xampp\htdocs\MPAPI\protected\components\Utilities.php (11)
in C:\xampp\htdocs\MPAPI\protected\controllers\MPapiController.php (3454)
in C:\xampp\htdocs\MPAPI\index.php (13)
2014/08/14 13:58:23 [error] [application] ReturnMessage: Transaction Failed. The Item you try to redeem is currently Inactive. ErrorCode: 56
in C:\xampp\htdocs\MPAPI\protected\components\Utilities.php (11)
in C:\xampp\htdocs\MPAPI\protected\controllers\MPapiController.php (3308)
in C:\xampp\htdocs\MPAPI\index.php (13)
2014/08/14 13:58:42 [error] [application] ReturnMessage: Transaction failed. Card has a pending redemption. ErrorCode: 26
in C:\xampp\htdocs\MPAPI\protected\components\Utilities.php (11)
in C:\xampp\htdocs\MPAPI\protected\controllers\MPapiController.php (3247)
in C:\xampp\htdocs\MPAPI\index.php (13)
2014/08/14 13:59:00 [error] [application] ReturnMessage: Redemption successful. ErrorCode: 0
in C:\xampp\htdocs\MPAPI\protected\components\Utilities.php (11)
in C:\xampp\htdocs\MPAPI\protected\controllers\MPapiController.php (3366)
in C:\xampp\htdocs\MPAPI\index.php (13)
2014/08/14 14:02:51 [error] [application] ReturnMessage: Redemption successful. ErrorCode: 0
in C:\xampp\htdocs\MPAPI\protected\components\Utilities.php (11)
in C:\xampp\htdocs\MPAPI\protected\controllers\MPapiController.php (3366)
in C:\xampp\htdocs\MPAPI\index.php (13)
2014/08/14 14:06:01 [error] [application] ReturnMessage: Redemption successful. ErrorCode: 0
in C:\xampp\htdocs\MPAPI\protected\components\Utilities.php (11)
in C:\xampp\htdocs\MPAPI\protected\controllers\MPapiController.php (3366)
in C:\xampp\htdocs\MPAPI\index.php (13)
2014/08/14 14:08:40 [error] [application] ReturnMessage: Redemption successful. ErrorCode: 0
in C:\xampp\htdocs\MPAPI\protected\components\Utilities.php (11)
in C:\xampp\htdocs\MPAPI\protected\controllers\MPapiController.php (3366)
in C:\xampp\htdocs\MPAPI\index.php (13)
2014/08/14 14:26:27 [error] [application] ReturnMessage: Redemption successful. ErrorCode: 0
in C:\xampp\htdocs\MPAPI\protected\components\Utilities.php (11)
in C:\xampp\htdocs\MPAPI\protected\controllers\MPapiController.php (3366)
in C:\xampp\htdocs\MPAPI\index.php (13)
2014/08/14 14:40:43 [error] [application] ReturnMessage: MPSessionID does not exist. ErrorCode: 13
in C:\xampp\htdocs\MPAPI\protected\components\Utilities.php (11)
in C:\xampp\htdocs\MPAPI\protected\controllers\MPapiController.php (2680)
in C:\xampp\htdocs\MPAPI\index.php (13)
2014/08/14 14:41:06 [error] [application] ReturnMessage: Transaction failed. Number of available item is insufficient. ErrorCode: 58
in C:\xampp\htdocs\MPAPI\protected\components\Utilities.php (11)
in C:\xampp\htdocs\MPAPI\protected\controllers\MPapiController.php (3516)
in C:\xampp\htdocs\MPAPI\index.php (13)
2014/08/14 14:45:57 [error] [application] ReturnMessage: MPSessionID does not exist. ErrorCode: 13
in C:\xampp\htdocs\MPAPI\protected\components\Utilities.php (11)
in C:\xampp\htdocs\MPAPI\protected\controllers\MPapiController.php (2680)
in C:\xampp\htdocs\MPAPI\index.php (13)
2014/08/14 14:46:10 [error] [application] ReturnMessage: MPSessionID does not exist. ErrorCode: 13
in C:\xampp\htdocs\MPAPI\protected\components\Utilities.php (11)
in C:\xampp\htdocs\MPAPI\protected\controllers\MPapiController.php (2680)
in C:\xampp\htdocs\MPAPI\index.php (13)
2014/08/14 14:46:29 [error] [application] ReturnMessage: Redemption successful. ErrorCode: 0
in C:\xampp\htdocs\MPAPI\protected\components\Utilities.php (11)
in C:\xampp\htdocs\MPAPI\protected\controllers\MPapiController.php (3366)
in C:\xampp\htdocs\MPAPI\index.php (13)
2014/08/14 14:55:21 [error] [application] ReturnMessage: Redemption successful. ErrorCode: 0
in C:\xampp\htdocs\MPAPI\protected\components\Utilities.php (11)
in C:\xampp\htdocs\MPAPI\protected\controllers\MPapiController.php (3366)
in C:\xampp\htdocs\MPAPI\index.php (13)
2014/08/14 14:58:10 [error] [application] ReturnMessage: Redemption successful. ErrorCode: 0
in C:\xampp\htdocs\MPAPI\protected\components\Utilities.php (11)
in C:\xampp\htdocs\MPAPI\protected\controllers\MPapiController.php (3366)
in C:\xampp\htdocs\MPAPI\index.php (13)
2014/08/14 14:59:05 [error] [application] ReturnMessage: Redemption successful. ErrorCode: 0
in C:\xampp\htdocs\MPAPI\protected\components\Utilities.php (11)
in C:\xampp\htdocs\MPAPI\protected\controllers\MPapiController.php (3366)
in C:\xampp\htdocs\MPAPI\index.php (13)
2014/08/14 15:00:15 [error] [application] ReturnMessage: Redemption successful. ErrorCode: 0
in C:\xampp\htdocs\MPAPI\protected\components\Utilities.php (11)
in C:\xampp\htdocs\MPAPI\protected\controllers\MPapiController.php (3366)
in C:\xampp\htdocs\MPAPI\index.php (13)
2014/08/14 15:01:38 [error] [application] ReturnMessage: Redemption successful. ErrorCode: 0
in C:\xampp\htdocs\MPAPI\protected\components\Utilities.php (11)
in C:\xampp\htdocs\MPAPI\protected\controllers\MPapiController.php (3366)
in C:\xampp\htdocs\MPAPI\index.php (13)
2014/08/14 15:02:14 [error] [application] ReturnMessage: Redemption successful. ErrorCode: 0
in C:\xampp\htdocs\MPAPI\protected\components\Utilities.php (11)
in C:\xampp\htdocs\MPAPI\protected\controllers\MPapiController.php (3366)
in C:\xampp\htdocs\MPAPI\index.php (13)
2014/08/14 15:03:04 [error] [application] ReturnMessage: Redemption successful. ErrorCode: 0
in C:\xampp\htdocs\MPAPI\protected\components\Utilities.php (11)
in C:\xampp\htdocs\MPAPI\protected\controllers\MPapiController.php (3366)
in C:\xampp\htdocs\MPAPI\index.php (13)
2014/08/14 15:04:16 [error] [application] ReturnMessage: Transaction failed. Number of available item is insufficient. ErrorCode: 58
in C:\xampp\htdocs\MPAPI\protected\components\Utilities.php (11)
in C:\xampp\htdocs\MPAPI\protected\controllers\MPapiController.php (3516)
in C:\xampp\htdocs\MPAPI\index.php (13)
2014/08/14 15:04:53 [error] [application] ReturnMessage: Redemption successful. ErrorCode: 0
in C:\xampp\htdocs\MPAPI\protected\components\Utilities.php (11)
in C:\xampp\htdocs\MPAPI\protected\controllers\MPapiController.php (3366)
in C:\xampp\htdocs\MPAPI\index.php (13)
2014/08/14 15:06:16 [error] [application] ReturnMessage: Redemption successful. ErrorCode: 0
in C:\xampp\htdocs\MPAPI\protected\components\Utilities.php (11)
in C:\xampp\htdocs\MPAPI\protected\controllers\MPapiController.php (3366)
in C:\xampp\htdocs\MPAPI\index.php (13)
2014/08/14 15:07:02 [error] [application] ReturnMessage: Redemption successful. ErrorCode: 0
in C:\xampp\htdocs\MPAPI\protected\components\Utilities.php (11)
in C:\xampp\htdocs\MPAPI\protected\controllers\MPapiController.php (3366)
in C:\xampp\htdocs\MPAPI\index.php (13)
2014/08/14 15:07:48 [error] [application] ReturnMessage: Redemption successful. ErrorCode: 0
in C:\xampp\htdocs\MPAPI\protected\components\Utilities.php (11)
in C:\xampp\htdocs\MPAPI\protected\controllers\MPapiController.php (3366)
in C:\xampp\htdocs\MPAPI\index.php (13)
2014/08/14 15:08:54 [error] [application] ReturnMessage: Redemption successful. ErrorCode: 0
in C:\xampp\htdocs\MPAPI\protected\components\Utilities.php (11)
in C:\xampp\htdocs\MPAPI\protected\controllers\MPapiController.php (3366)
in C:\xampp\htdocs\MPAPI\index.php (13)
2014/08/14 15:12:15 [error] [application] ReturnMessage: Redemption successful. ErrorCode: 0
in C:\xampp\htdocs\MPAPI\protected\components\Utilities.php (11)
in C:\xampp\htdocs\MPAPI\protected\controllers\MPapiController.php (3366)
in C:\xampp\htdocs\MPAPI\index.php (13)
2014/08/14 15:43:24 [error] [application] ReturnMessage: One or more fields is not set or is blank. ErrorCode: 1
in C:\xampp\htdocs\MPAPI\protected\components\Utilities.php (11)
in C:\xampp\htdocs\MPAPI\protected\controllers\MPapiController.php (2186)
in C:\xampp\htdocs\MPAPI\index.php (13)
2014/08/14 15:43:30 [error] [application] ReturnMessage: Card is Invalid. ErrorCode: 10
in C:\xampp\htdocs\MPAPI\protected\components\Utilities.php (11)
in C:\xampp\htdocs\MPAPI\protected\controllers\MPapiController.php (2285)
in C:\xampp\htdocs\MPAPI\index.php (13)
2014/08/14 15:47:16 [error] [application] ReturnMessage: One or more fields is not set or is blank. ErrorCode: 1
in C:\xampp\htdocs\MPAPI\protected\components\Utilities.php (11)
in C:\xampp\htdocs\MPAPI\protected\controllers\MPapiController.php (2369)
in C:\xampp\htdocs\MPAPI\index.php (13)
2014/08/14 15:47:56 [error] [application] ReturnMessage: Please input 2 for regular or 3 for vip. ErrorCode: 67
in C:\xampp\htdocs\MPAPI\protected\components\Utilities.php (11)
in C:\xampp\htdocs\MPAPI\protected\controllers\MPapiController.php (2402)
in C:\xampp\htdocs\MPAPI\index.php (13)
2014/08/14 15:48:06 [error] [application] ReturnMessage: Please input 2 for regular or 3 for vip. ErrorCode: 67
in C:\xampp\htdocs\MPAPI\protected\components\Utilities.php (11)
in C:\xampp\htdocs\MPAPI\protected\controllers\MPapiController.php (2402)
in C:\xampp\htdocs\MPAPI\index.php (13)
2014/08/14 15:48:20 [error] [application] ReturnMessage: Please input 2 for regular or 3 for vip. ErrorCode: 67
in C:\xampp\htdocs\MPAPI\protected\components\Utilities.php (11)
in C:\xampp\htdocs\MPAPI\protected\controllers\MPapiController.php (2402)
in C:\xampp\htdocs\MPAPI\index.php (13)
2014/08/14 15:48:31 [error] [application] ReturnMessage: MPSessionID does not exist. ErrorCode: 13
in C:\xampp\htdocs\MPAPI\protected\components\Utilities.php (11)
in C:\xampp\htdocs\MPAPI\protected\controllers\MPapiController.php (2433)
in C:\xampp\htdocs\MPAPI\index.php (13)
