2014/07/17 04:51:10 [error] [application] ReturnMessage: One or more fields is not set or is blank. ErrorCode: 1
in C:\xampp\htdocs\MPAPI\protected\components\Utilities.php (11)
in C:\xampp\htdocs\MPAPI\protected\controllers\MPapiController.php (163)
in C:\xampp\htdocs\MPAPI\index.php (13)
2014/07/17 09:00:59 [error] [exception.CHttpException.400] exception 'CHttpException' with message 'Your request is invalid.' in C:\xampp\htdocs\yii\framework\web\CController.php:336
Stack trace:
#0 C:\xampp\htdocs\yii\framework\web\CController.php(309): CController->invalidActionParams(Object(CInlineAction))
#1 C:\xampp\htdocs\yii\framework\web\CController.php(286): CController->runAction(Object(CInlineAction))
#2 C:\xampp\htdocs\yii\framework\web\CController.php(265): CController->runActionWithFilters(Object(CInlineAction), Array)
#3 C:\xampp\htdocs\yii\framework\web\CWebApplication.php(282): CController->run('getgender')
#4 C:\xampp\htdocs\yii\framework\web\CWebApplication.php(141): CWebApplication->runController('MPapi/getgender')
#5 C:\xampp\htdocs\yii\framework\base\CApplication.php(169): CWebApplication->processRequest()
#6 C:\xampp\htdocs\MPAPI\index.php(13): CApplication->run()
#7 {main}
REQUEST_URI=/MPAPI/index.php/MPapi/getgender
---
2014/07/17 09:04:53 [error] [exception.CHttpException.400] exception 'CHttpException' with message 'Your request is invalid.' in C:\xampp\htdocs\yii\framework\web\CController.php:336
Stack trace:
#0 C:\xampp\htdocs\yii\framework\web\CController.php(309): CController->invalidActionParams(Object(CInlineAction))
#1 C:\xampp\htdocs\yii\framework\web\CController.php(286): CController->runAction(Object(CInlineAction))
#2 C:\xampp\htdocs\yii\framework\web\CController.php(265): CController->runActionWithFilters(Object(CInlineAction), Array)
#3 C:\xampp\htdocs\yii\framework\web\CWebApplication.php(282): CController->run('getgender')
#4 C:\xampp\htdocs\yii\framework\web\CWebApplication.php(141): CWebApplication->runController('MPapi/getgender')
#5 C:\xampp\htdocs\yii\framework\base\CApplication.php(169): CWebApplication->processRequest()
#6 C:\xampp\htdocs\MPAPI\index.php(13): CApplication->run()
#7 {main}
REQUEST_URI=/MPAPI/index.php/MPapi/getgender
---
2014/07/17 09:05:09 [error] [application] ReturnMessage: One or more fields is not set or is blank. ErrorCode: 1
in C:\xampp\htdocs\MPAPI\protected\components\Utilities.php (11)
in C:\xampp\htdocs\MPAPI\protected\controllers\MPapiController.php (163)
in C:\xampp\htdocs\MPAPI\index.php (13)
2014/07/17 09:10:17 [error] [exception.CHttpException.400] exception 'CHttpException' with message 'Your request is invalid.' in C:\xampp\htdocs\yii\framework\web\CController.php:336
Stack trace:
#0 C:\xampp\htdocs\yii\framework\web\CController.php(309): CController->invalidActionParams(Object(CInlineAction))
#1 C:\xampp\htdocs\yii\framework\web\CController.php(286): CController->runAction(Object(CInlineAction))
#2 C:\xampp\htdocs\yii\framework\web\CController.php(265): CController->runActionWithFilters(Object(CInlineAction), Array)
#3 C:\xampp\htdocs\yii\framework\web\CWebApplication.php(282): CController->run('getgender')
#4 C:\xampp\htdocs\yii\framework\web\CWebApplication.php(141): CWebApplication->runController('MPapi/getgender')
#5 C:\xampp\htdocs\yii\framework\base\CApplication.php(169): CWebApplication->processRequest()
#6 C:\xampp\htdocs\MPAPI\index.php(13): CApplication->run()
#7 {main}
REQUEST_URI=/MPAPI/index.php/MPapi/getgender
---
2014/07/17 09:11:29 [error] [exception.CHttpException.400] exception 'CHttpException' with message 'Your request is invalid.' in C:\xampp\htdocs\yii\framework\web\CController.php:336
Stack trace:
#0 C:\xampp\htdocs\yii\framework\web\CController.php(309): CController->invalidActionParams(Object(CInlineAction))
#1 C:\xampp\htdocs\yii\framework\web\CController.php(286): CController->runAction(Object(CInlineAction))
#2 C:\xampp\htdocs\yii\framework\web\CController.php(265): CController->runActionWithFilters(Object(CInlineAction), Array)
#3 C:\xampp\htdocs\yii\framework\web\CWebApplication.php(282): CController->run('getgender')
#4 C:\xampp\htdocs\yii\framework\web\CWebApplication.php(141): CWebApplication->runController('MPapi/getgender')
#5 C:\xampp\htdocs\yii\framework\base\CApplication.php(169): CWebApplication->processRequest()
#6 C:\xampp\htdocs\MPAPI\index.php(13): CApplication->run()
#7 {main}
REQUEST_URI=/MPAPI/index.php/MPapi/getgender
---
2014/07/17 09:12:21 [error] [application] ReturnMessage: One or more fields is not set or is blank. ErrorCode: 1
in C:\xampp\htdocs\MPAPI\protected\components\Utilities.php (11)
in C:\xampp\htdocs\MPAPI\protected\controllers\MPapiController.php (1564)
in C:\xampp\htdocs\MPAPI\index.php (13)
2014/07/17 09:19:03 [error] [application] ReturnMessage: One or more fields is not set or is blank. ErrorCode: 1
in C:\xampp\htdocs\MPAPI\protected\components\Utilities.php (11)
in C:\xampp\htdocs\MPAPI\protected\controllers\MPapiController.php (1564)
in C:\xampp\htdocs\MPAPI\index.php (13)
2014/07/17 09:45:08 [error] [application] ReturnMessage: One or more fields is not set or is blank. ErrorCode: 1
in C:\xampp\htdocs\MPAPI\protected\components\Utilities.php (11)
in C:\xampp\htdocs\MPAPI\protected\controllers\MPapiController.php (1565)
in C:\xampp\htdocs\MPAPI\index.php (13)
2014/07/17 09:51:14 [error] [application] ReturnMessage: Account is Banned. ErrorCode: 40
in C:\xampp\htdocs\MPAPI\protected\components\Utilities.php (11)
in C:\xampp\htdocs\MPAPI\protected\controllers\MPapiController.php (1496)
in C:\xampp\htdocs\MPAPI\index.php (13)
