2014/07/28 10:21:07 [error] [application] ReturnMessage: One or more fields is not set or is blank. ErrorCode: 1
in C:\xampp\htdocs\MPAPI\protected\components\Utilities.php (11)
in C:\xampp\htdocs\MPAPI\protected\controllers\MPapiController.php (2616)
in C:\xampp\htdocs\MPAPI\index.php (13)
2014/07/28 10:21:26 [error] [application] ReturnMessage: One or more fields is not set or is blank. ErrorCode: 1
in C:\xampp\htdocs\MPAPI\protected\components\Utilities.php (11)
in C:\xampp\htdocs\MPAPI\protected\controllers\MPapiController.php (2616)
in C:\xampp\htdocs\MPAPI\index.php (13)
2014/07/28 04:30:18 [error] [system.db.CDbCommand] CDbCommand::fetch() failed: SQLSTATE[42000]: Syntax error or access violation: 1142 SELECT command denied to user 'membershipapi'@'192.168.29.203' for table 'memberinfo'. The SQL statement executed was: SELECT a.CardNumber, c.MID, c.FirstName, c.MiddleName, c.LastName, c.NickName, c.Birthdate,
                c.Gender, c.Email, c.AlternateEmail, c.MobileNo, c.AlternateMobileNo,
                c.NationalityID, c.OccupationID, c.Address1, c.IdentificationID, c.IdentificationNumber, c.IsSmoker
                FROM cards a
                INNER JOIN membercards b ON a.CardID = b.CardID
                INNER JOIN memberinfo c ON b.MID = c.MID
                WHERE a.CardNumber = :CardNumber AND b.Status IN(1, 5).
in C:\xampp\htdocs\MPAPI\protected\models\CardsModel.php (51)
in C:\xampp\htdocs\MPAPI\protected\controllers\MPapiController.php (2677)
in C:\xampp\htdocs\MPAPI\index.php (13)
2014/07/28 04:30:19 [error] [exception.CDbException] exception 'CDbException' with message 'CDbCommand failed to execute the SQL statement: SQLSTATE[42000]: Syntax error or access violation: 1142 SELECT command denied to user 'membershipapi'@'192.168.29.203' for table 'memberinfo'. The SQL statement executed was: SELECT a.CardNumber, c.MID, c.FirstName, c.MiddleName, c.LastName, c.NickName, c.Birthdate,
                c.Gender, c.Email, c.AlternateEmail, c.MobileNo, c.AlternateMobileNo,
                c.NationalityID, c.OccupationID, c.Address1, c.IdentificationID, c.IdentificationNumber, c.IsSmoker
                FROM cards a
                INNER JOIN membercards b ON a.CardID = b.CardID
                INNER JOIN memberinfo c ON b.MID = c.MID
                WHERE a.CardNumber = :CardNumber AND b.Status IN(1, 5)' in C:\xampp\htdocs\yii\framework\db\CDbCommand.php:541
Stack trace:
#0 C:\xampp\htdocs\yii\framework\db\CDbCommand.php(414): CDbCommand->queryInternal('fetch', Array, Array)
#1 C:\xampp\htdocs\MPAPI\protected\models\CardsModel.php(51): CDbCommand->queryRow(true, Array)
#2 C:\xampp\htdocs\MPAPI\protected\controllers\MPapiController.php(2677): CardsModel->getMemberInfoUsingCardNumber('UB2524046494415...')
#3 C:\xampp\htdocs\yii\framework\web\actions\CInlineAction.php(49): MPapiController->actionGetProfile()
#4 C:\xampp\htdocs\yii\framework\web\CController.php(308): CInlineAction->runWithParams(Array)
#5 C:\xampp\htdocs\yii\framework\web\CController.php(286): CController->runAction(Object(CInlineAction))
#6 C:\xampp\htdocs\yii\framework\web\CController.php(265): CController->runActionWithFilters(Object(CInlineAction), Array)
#7 C:\xampp\htdocs\yii\framework\web\CWebApplication.php(282): CController->run('getprofile')
#8 C:\xampp\htdocs\yii\framework\web\CWebApplication.php(141): CWebApplication->runController('MPapi/getprofil...')
#9 C:\xampp\htdocs\yii\framework\base\CApplication.php(169): CWebApplication->processRequest()
#10 C:\xampp\htdocs\MPAPI\index.php(13): CApplication->run()
#11 {main}
REQUEST_URI=/MPAPI/index.php/MPapi/getprofile
---
2014/07/28 05:08:30 [error] [system.db.CDbCommand] CDbCommand::fetch() failed: SQLSTATE[42000]: Syntax error or access violation: 1142 SELECT command denied to user 'membershipapi'@'192.168.29.203' for table 'memberinfo'. The SQL statement executed was: SELECT a.CardNumber, c.MID, c.FirstName, c.MiddleName, c.LastName, c.NickName, c.Birthdate,
                c.Gender, c.Email, c.AlternateEmail, c.MobileNo, c.AlternateMobileNo,
                c.NationalityID, c.OccupationID, c.Address1, c.IdentificationID, c.IdentificationNumber, c.IsSmoker
                FROM cards a
                INNER JOIN membercards b ON a.CardID = b.CardID
                INNER JOIN memberinfo c ON b.MID = c.MID
                WHERE a.CardNumber = :CardNumber AND b.Status IN(1, 5).
in C:\xampp\htdocs\MPAPI\protected\models\CardsModel.php (51)
in C:\xampp\htdocs\MPAPI\protected\controllers\MPapiController.php (2677)
in C:\xampp\htdocs\MPAPI\index.php (13)
2014/07/28 05:08:31 [error] [exception.CDbException] exception 'CDbException' with message 'CDbCommand failed to execute the SQL statement: SQLSTATE[42000]: Syntax error or access violation: 1142 SELECT command denied to user 'membershipapi'@'192.168.29.203' for table 'memberinfo'. The SQL statement executed was: SELECT a.CardNumber, c.MID, c.FirstName, c.MiddleName, c.LastName, c.NickName, c.Birthdate,
                c.Gender, c.Email, c.AlternateEmail, c.MobileNo, c.AlternateMobileNo,
                c.NationalityID, c.OccupationID, c.Address1, c.IdentificationID, c.IdentificationNumber, c.IsSmoker
                FROM cards a
                INNER JOIN membercards b ON a.CardID = b.CardID
                INNER JOIN memberinfo c ON b.MID = c.MID
                WHERE a.CardNumber = :CardNumber AND b.Status IN(1, 5)' in C:\xampp\htdocs\yii\framework\db\CDbCommand.php:541
Stack trace:
#0 C:\xampp\htdocs\yii\framework\db\CDbCommand.php(414): CDbCommand->queryInternal('fetch', Array, Array)
#1 C:\xampp\htdocs\MPAPI\protected\models\CardsModel.php(51): CDbCommand->queryRow(true, Array)
#2 C:\xampp\htdocs\MPAPI\protected\controllers\MPapiController.php(2677): CardsModel->getMemberInfoUsingCardNumber('UB2524046494415...')
#3 C:\xampp\htdocs\yii\framework\web\actions\CInlineAction.php(49): MPapiController->actionGetProfile()
#4 C:\xampp\htdocs\yii\framework\web\CController.php(308): CInlineAction->runWithParams(Array)
#5 C:\xampp\htdocs\yii\framework\web\CController.php(286): CController->runAction(Object(CInlineAction))
#6 C:\xampp\htdocs\yii\framework\web\CController.php(265): CController->runActionWithFilters(Object(CInlineAction), Array)
#7 C:\xampp\htdocs\yii\framework\web\CWebApplication.php(282): CController->run('getprofile')
#8 C:\xampp\htdocs\yii\framework\web\CWebApplication.php(141): CWebApplication->runController('MPapi/getprofil...')
#9 C:\xampp\htdocs\yii\framework\base\CApplication.php(169): CWebApplication->processRequest()
#10 C:\xampp\htdocs\MPAPI\index.php(13): CApplication->run()
#11 {main}
REQUEST_URI=/MPAPI/index.php/MPapi/getprofile
---
2014/07/28 11:10:39 [error] [system.db.CDbCommand] Error in preparing SQL: DELETE FROM 'YiiSession' WHERE expire<:expire
in C:\xampp\htdocs\MPAPI\protected\controllers\MPapiController.php (2698)
in C:\xampp\htdocs\MPAPI\index.php (13)
2014/07/28 11:10:39 [error] [system.db.CDbCommand] CDbCommand::execute() failed: CDbCommand failed to prepare the SQL statement: SQLSTATE[HY000]: General error: 1 no such table: YiiSession. The SQL statement executed was: DELETE FROM 'YiiSession' WHERE expire<:expire.
in C:\xampp\htdocs\MPAPI\protected\controllers\MPapiController.php (2698)
in C:\xampp\htdocs\MPAPI\index.php (13)
2014/07/28 11:10:39 [error] [system.db.CDbCommand] CDbCommand::execute() failed: SQLSTATE[23000]: Integrity constraint violation: 1452 Cannot add or update a child row: a foreign key constraint fails (`membership`.`audittrail`, CONSTRAINT `FK_ref_auditfunctions_AuditFunctionID` FOREIGN KEY (`AuditFunctionID`) REFERENCES `ref_auditfunctions` (`AuditFunctionID`)). The SQL statement executed was: INSERT INTO audittrail(SessionID, ID, TransactionDetails, TransactionDateTime, RemoteIP, AuditFunctionID)
                    VALUES(:SessionID, :AID, :TransDetails, NOW(6), :RemoteIP, :AuditTrailFunctionID).
in C:\xampp\htdocs\MPAPI\protected\models\AuditTrailModel.php (104)
in C:\xampp\htdocs\MPAPI\protected\controllers\MPapiController.php (2700)
in C:\xampp\htdocs\MPAPI\index.php (13)
2014/07/28 11:10:39 [error] [application] CDbCommand failed to execute the SQL statement: SQLSTATE[23000]: Integrity constraint violation: 1452 Cannot add or update a child row: a foreign key constraint fails (`membership`.`audittrail`, CONSTRAINT `FK_ref_auditfunctions_AuditFunctionID` FOREIGN KEY (`AuditFunctionID`) REFERENCES `ref_auditfunctions` (`AuditFunctionID`)). The SQL statement executed was: INSERT INTO audittrail(SessionID, ID, TransactionDetails, TransactionDateTime, RemoteIP, AuditFunctionID)
                    VALUES(:SessionID, :AID, :TransDetails, NOW(6), :RemoteIP, :AuditTrailFunctionID)
in C:\xampp\htdocs\MPAPI\protected\components\Utilities.php (11)
in C:\xampp\htdocs\MPAPI\protected\models\AuditTrailModel.php (117)
in C:\xampp\htdocs\MPAPI\protected\controllers\MPapiController.php (2700)
2014/07/28 11:14:29 [error] [application] ReturnMessage: Account is Banned. ErrorCode: 40
in C:\xampp\htdocs\MPAPI\protected\components\Utilities.php (11)
in C:\xampp\htdocs\MPAPI\protected\controllers\MPapiController.php (2723)
in C:\xampp\htdocs\MPAPI\index.php (13)
2014/07/28 11:15:15 [error] [application] ReturnMessage: Account is Banned. ErrorCode: 40
in C:\xampp\htdocs\MPAPI\protected\components\Utilities.php (11)
in C:\xampp\htdocs\MPAPI\protected\controllers\MPapiController.php (2723)
in C:\xampp\htdocs\MPAPI\index.php (13)
2014/07/28 11:16:41 [error] [system.db.CDbCommand] CDbCommand::execute() failed: SQLSTATE[23000]: Integrity constraint violation: 1452 Cannot add or update a child row: a foreign key constraint fails (`membership`.`audittrail`, CONSTRAINT `FK_ref_auditfunctions_AuditFunctionID` FOREIGN KEY (`AuditFunctionID`) REFERENCES `ref_auditfunctions` (`AuditFunctionID`)). The SQL statement executed was: INSERT INTO audittrail(SessionID, ID, TransactionDetails, TransactionDateTime, RemoteIP, AuditFunctionID)
                    VALUES(:SessionID, :AID, :TransDetails, NOW(6), :RemoteIP, :AuditTrailFunctionID).
in C:\xampp\htdocs\MPAPI\protected\models\AuditTrailModel.php (104)
in C:\xampp\htdocs\MPAPI\protected\controllers\MPapiController.php (2700)
in C:\xampp\htdocs\MPAPI\index.php (13)
2014/07/28 11:16:41 [error] [application] CDbCommand failed to execute the SQL statement: SQLSTATE[23000]: Integrity constraint violation: 1452 Cannot add or update a child row: a foreign key constraint fails (`membership`.`audittrail`, CONSTRAINT `FK_ref_auditfunctions_AuditFunctionID` FOREIGN KEY (`AuditFunctionID`) REFERENCES `ref_auditfunctions` (`AuditFunctionID`)). The SQL statement executed was: INSERT INTO audittrail(SessionID, ID, TransactionDetails, TransactionDateTime, RemoteIP, AuditFunctionID)
                    VALUES(:SessionID, :AID, :TransDetails, NOW(6), :RemoteIP, :AuditTrailFunctionID)
in C:\xampp\htdocs\MPAPI\protected\components\Utilities.php (11)
in C:\xampp\htdocs\MPAPI\protected\models\AuditTrailModel.php (117)
in C:\xampp\htdocs\MPAPI\protected\controllers\MPapiController.php (2700)
2014/07/28 11:19:36 [error] [system.db.CDbCommand] CDbCommand::execute() failed: SQLSTATE[23000]: Integrity constraint violation: 1452 Cannot add or update a child row: a foreign key constraint fails (`membership`.`audittrail`, CONSTRAINT `FK_ref_auditfunctions_AuditFunctionID` FOREIGN KEY (`AuditFunctionID`) REFERENCES `ref_auditfunctions` (`AuditFunctionID`)). The SQL statement executed was: INSERT INTO audittrail(SessionID, ID, TransactionDetails, TransactionDateTime, RemoteIP, AuditFunctionID)
                    VALUES(:SessionID, :AID, :TransDetails, NOW(6), :RemoteIP, :AuditTrailFunctionID).
in C:\xampp\htdocs\MPAPI\protected\models\AuditTrailModel.php (104)
in C:\xampp\htdocs\MPAPI\protected\controllers\MPapiController.php (2702)
in C:\xampp\htdocs\MPAPI\index.php (13)
2014/07/28 11:19:36 [error] [application] CDbCommand failed to execute the SQL statement: SQLSTATE[23000]: Integrity constraint violation: 1452 Cannot add or update a child row: a foreign key constraint fails (`membership`.`audittrail`, CONSTRAINT `FK_ref_auditfunctions_AuditFunctionID` FOREIGN KEY (`AuditFunctionID`) REFERENCES `ref_auditfunctions` (`AuditFunctionID`)). The SQL statement executed was: INSERT INTO audittrail(SessionID, ID, TransactionDetails, TransactionDateTime, RemoteIP, AuditFunctionID)
                    VALUES(:SessionID, :AID, :TransDetails, NOW(6), :RemoteIP, :AuditTrailFunctionID)
in C:\xampp\htdocs\MPAPI\protected\components\Utilities.php (11)
in C:\xampp\htdocs\MPAPI\protected\models\AuditTrailModel.php (117)
in C:\xampp\htdocs\MPAPI\protected\controllers\MPapiController.php (2702)
2014/07/28 11:27:38 [error] [system.db.CDbCommand] CDbCommand::execute() failed: SQLSTATE[23000]: Integrity constraint violation: 1452 Cannot add or update a child row: a foreign key constraint fails (`membership`.`audittrail`, CONSTRAINT `FK_ref_auditfunctions_AuditFunctionID` FOREIGN KEY (`AuditFunctionID`) REFERENCES `ref_auditfunctions` (`AuditFunctionID`)). The SQL statement executed was: INSERT INTO audittrail(SessionID, ID, TransactionDetails, TransactionDateTime, RemoteIP, AuditFunctionID)
                    VALUES(:SessionID, :AID, :TransDetails, NOW(6), :RemoteIP, :AuditTrailFunctionID).
in C:\xampp\htdocs\MPAPI\protected\models\AuditTrailModel.php (104)
in C:\xampp\htdocs\MPAPI\protected\controllers\MPapiController.php (2716)
in C:\xampp\htdocs\MPAPI\index.php (13)
2014/07/28 11:27:38 [error] [application] CDbCommand failed to execute the SQL statement: SQLSTATE[23000]: Integrity constraint violation: 1452 Cannot add or update a child row: a foreign key constraint fails (`membership`.`audittrail`, CONSTRAINT `FK_ref_auditfunctions_AuditFunctionID` FOREIGN KEY (`AuditFunctionID`) REFERENCES `ref_auditfunctions` (`AuditFunctionID`)). The SQL statement executed was: INSERT INTO audittrail(SessionID, ID, TransactionDetails, TransactionDateTime, RemoteIP, AuditFunctionID)
                    VALUES(:SessionID, :AID, :TransDetails, NOW(6), :RemoteIP, :AuditTrailFunctionID)
in C:\xampp\htdocs\MPAPI\protected\components\Utilities.php (11)
in C:\xampp\htdocs\MPAPI\protected\models\AuditTrailModel.php (117)
in C:\xampp\htdocs\MPAPI\protected\controllers\MPapiController.php (2716)
2014/07/28 11:29:17 [error] [system.db.CDbCommand] CDbCommand::execute() failed: SQLSTATE[23000]: Integrity constraint violation: 1452 Cannot add or update a child row: a foreign key constraint fails (`membership`.`audittrail`, CONSTRAINT `FK_ref_auditfunctions_AuditFunctionID` FOREIGN KEY (`AuditFunctionID`) REFERENCES `ref_auditfunctions` (`AuditFunctionID`)). The SQL statement executed was: INSERT INTO audittrail(SessionID, ID, TransactionDetails, TransactionDateTime, RemoteIP, AuditFunctionID)
                    VALUES(:SessionID, :AID, :TransDetails, NOW(6), :RemoteIP, :AuditTrailFunctionID).
in C:\xampp\htdocs\MPAPI\protected\models\AuditTrailModel.php (104)
in C:\xampp\htdocs\MPAPI\protected\controllers\MPapiController.php (2716)
in C:\xampp\htdocs\MPAPI\index.php (13)
2014/07/28 11:29:17 [error] [application] CDbCommand failed to execute the SQL statement: SQLSTATE[23000]: Integrity constraint violation: 1452 Cannot add or update a child row: a foreign key constraint fails (`membership`.`audittrail`, CONSTRAINT `FK_ref_auditfunctions_AuditFunctionID` FOREIGN KEY (`AuditFunctionID`) REFERENCES `ref_auditfunctions` (`AuditFunctionID`)). The SQL statement executed was: INSERT INTO audittrail(SessionID, ID, TransactionDetails, TransactionDateTime, RemoteIP, AuditFunctionID)
                    VALUES(:SessionID, :AID, :TransDetails, NOW(6), :RemoteIP, :AuditTrailFunctionID)
in C:\xampp\htdocs\MPAPI\protected\components\Utilities.php (11)
in C:\xampp\htdocs\MPAPI\protected\models\AuditTrailModel.php (117)
in C:\xampp\htdocs\MPAPI\protected\controllers\MPapiController.php (2716)
2014/07/28 11:30:10 [error] [system.db.CDbCommand] CDbCommand::execute() failed: SQLSTATE[23000]: Integrity constraint violation: 1452 Cannot add or update a child row: a foreign key constraint fails (`membership`.`audittrail`, CONSTRAINT `FK_ref_auditfunctions_AuditFunctionID` FOREIGN KEY (`AuditFunctionID`) REFERENCES `ref_auditfunctions` (`AuditFunctionID`)). The SQL statement executed was: INSERT INTO audittrail(SessionID, ID, TransactionDetails, TransactionDateTime, RemoteIP, AuditFunctionID)
                    VALUES(:SessionID, :AID, :TransDetails, NOW(6), :RemoteIP, :AuditTrailFunctionID).
in C:\xampp\htdocs\MPAPI\protected\models\AuditTrailModel.php (104)
in C:\xampp\htdocs\MPAPI\protected\controllers\MPapiController.php (2716)
in C:\xampp\htdocs\MPAPI\index.php (13)
2014/07/28 11:30:10 [error] [application] CDbCommand failed to execute the SQL statement: SQLSTATE[23000]: Integrity constraint violation: 1452 Cannot add or update a child row: a foreign key constraint fails (`membership`.`audittrail`, CONSTRAINT `FK_ref_auditfunctions_AuditFunctionID` FOREIGN KEY (`AuditFunctionID`) REFERENCES `ref_auditfunctions` (`AuditFunctionID`)). The SQL statement executed was: INSERT INTO audittrail(SessionID, ID, TransactionDetails, TransactionDateTime, RemoteIP, AuditFunctionID)
                    VALUES(:SessionID, :AID, :TransDetails, NOW(6), :RemoteIP, :AuditTrailFunctionID)
in C:\xampp\htdocs\MPAPI\protected\components\Utilities.php (11)
in C:\xampp\htdocs\MPAPI\protected\models\AuditTrailModel.php (117)
in C:\xampp\htdocs\MPAPI\protected\controllers\MPapiController.php (2716)
2014/07/28 11:30:56 [error] [system.db.CDbCommand] CDbCommand::execute() failed: SQLSTATE[23000]: Integrity constraint violation: 1452 Cannot add or update a child row: a foreign key constraint fails (`membership`.`audittrail`, CONSTRAINT `FK_ref_auditfunctions_AuditFunctionID` FOREIGN KEY (`AuditFunctionID`) REFERENCES `ref_auditfunctions` (`AuditFunctionID`)). The SQL statement executed was: INSERT INTO audittrail(SessionID, ID, TransactionDetails, TransactionDateTime, RemoteIP, AuditFunctionID)
                    VALUES(:SessionID, :AID, :TransDetails, NOW(6), :RemoteIP, :AuditTrailFunctionID).
in C:\xampp\htdocs\MPAPI\protected\models\AuditTrailModel.php (104)
in C:\xampp\htdocs\MPAPI\protected\controllers\MPapiController.php (2716)
in C:\xampp\htdocs\MPAPI\index.php (13)
2014/07/28 11:30:56 [error] [application] CDbCommand failed to execute the SQL statement: SQLSTATE[23000]: Integrity constraint violation: 1452 Cannot add or update a child row: a foreign key constraint fails (`membership`.`audittrail`, CONSTRAINT `FK_ref_auditfunctions_AuditFunctionID` FOREIGN KEY (`AuditFunctionID`) REFERENCES `ref_auditfunctions` (`AuditFunctionID`)). The SQL statement executed was: INSERT INTO audittrail(SessionID, ID, TransactionDetails, TransactionDateTime, RemoteIP, AuditFunctionID)
                    VALUES(:SessionID, :AID, :TransDetails, NOW(6), :RemoteIP, :AuditTrailFunctionID)
in C:\xampp\htdocs\MPAPI\protected\components\Utilities.php (11)
in C:\xampp\htdocs\MPAPI\protected\models\AuditTrailModel.php (117)
in C:\xampp\htdocs\MPAPI\protected\controllers\MPapiController.php (2716)
2014/07/28 11:31:39 [error] [system.db.CDbCommand] CDbCommand::execute() failed: SQLSTATE[23000]: Integrity constraint violation: 1452 Cannot add or update a child row: a foreign key constraint fails (`membership`.`audittrail`, CONSTRAINT `FK_ref_auditfunctions_AuditFunctionID` FOREIGN KEY (`AuditFunctionID`) REFERENCES `ref_auditfunctions` (`AuditFunctionID`)). The SQL statement executed was: INSERT INTO audittrail(SessionID, ID, TransactionDetails, TransactionDateTime, RemoteIP, AuditFunctionID)
                    VALUES(:SessionID, :AID, :TransDetails, NOW(6), :RemoteIP, :AuditTrailFunctionID).
in C:\xampp\htdocs\MPAPI\protected\models\AuditTrailModel.php (104)
in C:\xampp\htdocs\MPAPI\protected\controllers\MPapiController.php (2716)
in C:\xampp\htdocs\MPAPI\index.php (13)
2014/07/28 11:31:39 [error] [application] CDbCommand failed to execute the SQL statement: SQLSTATE[23000]: Integrity constraint violation: 1452 Cannot add or update a child row: a foreign key constraint fails (`membership`.`audittrail`, CONSTRAINT `FK_ref_auditfunctions_AuditFunctionID` FOREIGN KEY (`AuditFunctionID`) REFERENCES `ref_auditfunctions` (`AuditFunctionID`)). The SQL statement executed was: INSERT INTO audittrail(SessionID, ID, TransactionDetails, TransactionDateTime, RemoteIP, AuditFunctionID)
                    VALUES(:SessionID, :AID, :TransDetails, NOW(6), :RemoteIP, :AuditTrailFunctionID)
in C:\xampp\htdocs\MPAPI\protected\components\Utilities.php (11)
in C:\xampp\htdocs\MPAPI\protected\models\AuditTrailModel.php (117)
in C:\xampp\htdocs\MPAPI\protected\controllers\MPapiController.php (2716)
2014/07/28 13:55:05 [error] [application] ReturnMessage: Account is Banned. ErrorCode: 40
in C:\xampp\htdocs\MPAPI\protected\components\Utilities.php (11)
in C:\xampp\htdocs\MPAPI\protected\controllers\MPapiController.php (2664)
in C:\xampp\htdocs\MPAPI\index.php (13)
2014/07/28 13:56:39 [error] [application] ReturnMessage: Account is Banned. ErrorCode: 40
in C:\xampp\htdocs\MPAPI\protected\components\Utilities.php (11)
in C:\xampp\htdocs\MPAPI\protected\controllers\MPapiController.php (2664)
in C:\xampp\htdocs\MPAPI\index.php (13)
2014/07/28 14:01:22 [error] [application] ReturnMessage: Account is Banned. ErrorCode: 40
in C:\xampp\htdocs\MPAPI\protected\components\Utilities.php (11)
in C:\xampp\htdocs\MPAPI\protected\controllers\MPapiController.php (2664)
in C:\xampp\htdocs\MPAPI\index.php (13)
2014/07/28 17:06:37 [error] [system.db.CDbCommand] CDbCommand::execute() failed: SQLSTATE[23000]: Integrity constraint violation: 1452 Cannot add or update a child row: a foreign key constraint fails (`membership`.`audittrail`, CONSTRAINT `FK_ref_auditfunctions_AuditFunctionID` FOREIGN KEY (`AuditFunctionID`) REFERENCES `ref_auditfunctions` (`AuditFunctionID`)). The SQL statement executed was: INSERT INTO audittrail(SessionID, ID, TransactionDetails, TransactionDateTime, RemoteIP, AuditFunctionID)
                    VALUES(:SessionID, :AID, :TransDetails, NOW(6), :RemoteIP, :AuditTrailFunctionID).
in C:\xampp\htdocs\MPAPI\protected\models\AuditTrailModel.php (104)
in C:\xampp\htdocs\MPAPI\protected\controllers\MPapiController.php (591)
in C:\xampp\htdocs\MPAPI\index.php (13)
2014/07/28 17:06:37 [error] [application] CDbCommand failed to execute the SQL statement: SQLSTATE[23000]: Integrity constraint violation: 1452 Cannot add or update a child row: a foreign key constraint fails (`membership`.`audittrail`, CONSTRAINT `FK_ref_auditfunctions_AuditFunctionID` FOREIGN KEY (`AuditFunctionID`) REFERENCES `ref_auditfunctions` (`AuditFunctionID`)). The SQL statement executed was: INSERT INTO audittrail(SessionID, ID, TransactionDetails, TransactionDateTime, RemoteIP, AuditFunctionID)
                    VALUES(:SessionID, :AID, :TransDetails, NOW(6), :RemoteIP, :AuditTrailFunctionID)
in C:\xampp\htdocs\MPAPI\protected\components\Utilities.php (11)
in C:\xampp\htdocs\MPAPI\protected\models\AuditTrailModel.php (117)
in C:\xampp\htdocs\MPAPI\protected\controllers\MPapiController.php (591)
2014/07/28 11:07:11 [error] [exception.CHttpException.404] exception 'CHttpException' with message 'The system is unable to find the requested action "changepassword.php".' in C:\xampp\htdocs\yii\framework\web\CController.php:483
Stack trace:
#0 C:\xampp\htdocs\yii\framework\web\CController.php(270): CController->missingAction('changepassword....')
#1 C:\xampp\htdocs\yii\framework\web\CWebApplication.php(282): CController->run('changepassword....')
#2 C:\xampp\htdocs\yii\framework\web\CWebApplication.php(141): CWebApplication->runController('mPapiInvoker/ch...')
#3 C:\xampp\htdocs\yii\framework\base\CApplication.php(169): CWebApplication->processRequest()
#4 C:\xampp\htdocs\MPAPI\index.php(13): CApplication->run()
#5 {main}
REQUEST_URI=/MPAPI/index.php/mPapiInvoker/changepassword.php?CardNumber=VUIzRVRWVlI=
---
2014/07/28 17:08:36 [error] [system.db.CDbCommand] CDbCommand::execute() failed: SQLSTATE[23000]: Integrity constraint violation: 1452 Cannot add or update a child row: a foreign key constraint fails (`membership`.`audittrail`, CONSTRAINT `FK_ref_auditfunctions_AuditFunctionID` FOREIGN KEY (`AuditFunctionID`) REFERENCES `ref_auditfunctions` (`AuditFunctionID`)). The SQL statement executed was: INSERT INTO audittrail(SessionID, ID, TransactionDetails, TransactionDateTime, RemoteIP, AuditFunctionID)
                    VALUES(:SessionID, :AID, :TransDetails, NOW(6), :RemoteIP, :AuditTrailFunctionID).
in C:\xampp\htdocs\MPAPI\protected\models\AuditTrailModel.php (104)
in C:\xampp\htdocs\MPAPI\protected\controllers\MPapiController.php (591)
in C:\xampp\htdocs\MPAPI\index.php (13)
2014/07/28 17:08:36 [error] [application] CDbCommand failed to execute the SQL statement: SQLSTATE[23000]: Integrity constraint violation: 1452 Cannot add or update a child row: a foreign key constraint fails (`membership`.`audittrail`, CONSTRAINT `FK_ref_auditfunctions_AuditFunctionID` FOREIGN KEY (`AuditFunctionID`) REFERENCES `ref_auditfunctions` (`AuditFunctionID`)). The SQL statement executed was: INSERT INTO audittrail(SessionID, ID, TransactionDetails, TransactionDateTime, RemoteIP, AuditFunctionID)
                    VALUES(:SessionID, :AID, :TransDetails, NOW(6), :RemoteIP, :AuditTrailFunctionID)
in C:\xampp\htdocs\MPAPI\protected\components\Utilities.php (11)
in C:\xampp\htdocs\MPAPI\protected\models\AuditTrailModel.php (117)
in C:\xampp\htdocs\MPAPI\protected\controllers\MPapiController.php (591)
2014/07/28 11:08:46 [error] [exception.CHttpException.404] exception 'CHttpException' with message 'The system is unable to find the requested action "changepassword.php".' in C:\xampp\htdocs\yii\framework\web\CController.php:483
Stack trace:
#0 C:\xampp\htdocs\yii\framework\web\CController.php(270): CController->missingAction('changepassword....')
#1 C:\xampp\htdocs\yii\framework\web\CWebApplication.php(282): CController->run('changepassword....')
#2 C:\xampp\htdocs\yii\framework\web\CWebApplication.php(141): CWebApplication->runController('MPapi/changepas...')
#3 C:\xampp\htdocs\yii\framework\base\CApplication.php(169): CWebApplication->processRequest()
#4 C:\xampp\htdocs\MPAPI\index.php(13): CApplication->run()
#5 {main}
REQUEST_URI=/MPAPI/index.php/MPapi/changepassword.php?CardNumber=VUIzRVRWVlI=
---
2014/07/28 11:09:24 [error] [exception.CHttpException.404] exception 'CHttpException' with message 'The system is unable to find the requested action "changepassword.php".' in C:\xampp\htdocs\yii\framework\web\CController.php:483
Stack trace:
#0 C:\xampp\htdocs\yii\framework\web\CController.php(270): CController->missingAction('changepassword....')
#1 C:\xampp\htdocs\yii\framework\web\CWebApplication.php(282): CController->run('changepassword....')
#2 C:\xampp\htdocs\yii\framework\web\CWebApplication.php(141): CWebApplication->runController('MPapi/changepas...')
#3 C:\xampp\htdocs\yii\framework\base\CApplication.php(169): CWebApplication->processRequest()
#4 C:\xampp\htdocs\MPAPI\index.php(13): CApplication->run()
#5 {main}
REQUEST_URI=/MPAPI/index.php/MPapi/changepassword.php
---
2014/07/28 17:11:17 [error] [system.db.CDbCommand] CDbCommand::execute() failed: SQLSTATE[23000]: Integrity constraint violation: 1452 Cannot add or update a child row: a foreign key constraint fails (`membership`.`audittrail`, CONSTRAINT `FK_ref_auditfunctions_AuditFunctionID` FOREIGN KEY (`AuditFunctionID`) REFERENCES `ref_auditfunctions` (`AuditFunctionID`)). The SQL statement executed was: INSERT INTO audittrail(SessionID, ID, TransactionDetails, TransactionDateTime, RemoteIP, AuditFunctionID)
                    VALUES(:SessionID, :AID, :TransDetails, NOW(6), :RemoteIP, :AuditTrailFunctionID).
in C:\xampp\htdocs\MPAPI\protected\models\AuditTrailModel.php (104)
in C:\xampp\htdocs\MPAPI\protected\controllers\MPapiController.php (591)
in C:\xampp\htdocs\MPAPI\index.php (13)
2014/07/28 17:11:17 [error] [application] CDbCommand failed to execute the SQL statement: SQLSTATE[23000]: Integrity constraint violation: 1452 Cannot add or update a child row: a foreign key constraint fails (`membership`.`audittrail`, CONSTRAINT `FK_ref_auditfunctions_AuditFunctionID` FOREIGN KEY (`AuditFunctionID`) REFERENCES `ref_auditfunctions` (`AuditFunctionID`)). The SQL statement executed was: INSERT INTO audittrail(SessionID, ID, TransactionDetails, TransactionDateTime, RemoteIP, AuditFunctionID)
                    VALUES(:SessionID, :AID, :TransDetails, NOW(6), :RemoteIP, :AuditTrailFunctionID)
in C:\xampp\htdocs\MPAPI\protected\components\Utilities.php (11)
in C:\xampp\htdocs\MPAPI\protected\models\AuditTrailModel.php (117)
in C:\xampp\htdocs\MPAPI\protected\controllers\MPapiController.php (591)
2014/07/28 11:11:34 [error] [exception.CHttpException.404] exception 'CHttpException' with message 'The system is unable to find the requested action "changepassword.php".' in C:\xampp\htdocs\yii\framework\web\CController.php:483
Stack trace:
#0 C:\xampp\htdocs\yii\framework\web\CController.php(270): CController->missingAction('changepassword....')
#1 C:\xampp\htdocs\yii\framework\web\CWebApplication.php(282): CController->run('changepassword....')
#2 C:\xampp\htdocs\yii\framework\web\CWebApplication.php(141): CWebApplication->runController('MPapi/changepas...')
#3 C:\xampp\htdocs\yii\framework\base\CApplication.php(169): CWebApplication->processRequest()
#4 C:\xampp\htdocs\MPAPI\index.php(13): CApplication->run()
#5 {main}
REQUEST_URI=/MPAPI/index.php/MPapi/changepassword.php?CardNumber=VUIzRVRWVlI=
---
2014/07/28 17:16:06 [error] [system.db.CDbCommand] CDbCommand::execute() failed: SQLSTATE[23000]: Integrity constraint violation: 1452 Cannot add or update a child row: a foreign key constraint fails (`membership`.`audittrail`, CONSTRAINT `FK_ref_auditfunctions_AuditFunctionID` FOREIGN KEY (`AuditFunctionID`) REFERENCES `ref_auditfunctions` (`AuditFunctionID`)). The SQL statement executed was: INSERT INTO audittrail(SessionID, ID, TransactionDetails, TransactionDateTime, RemoteIP, AuditFunctionID)
                    VALUES(:SessionID, :AID, :TransDetails, NOW(6), :RemoteIP, :AuditTrailFunctionID).
in C:\xampp\htdocs\MPAPI\protected\models\AuditTrailModel.php (104)
in C:\xampp\htdocs\MPAPI\protected\controllers\MPapiController.php (591)
in C:\xampp\htdocs\MPAPI\index.php (13)
2014/07/28 17:16:06 [error] [application] CDbCommand failed to execute the SQL statement: SQLSTATE[23000]: Integrity constraint violation: 1452 Cannot add or update a child row: a foreign key constraint fails (`membership`.`audittrail`, CONSTRAINT `FK_ref_auditfunctions_AuditFunctionID` FOREIGN KEY (`AuditFunctionID`) REFERENCES `ref_auditfunctions` (`AuditFunctionID`)). The SQL statement executed was: INSERT INTO audittrail(SessionID, ID, TransactionDetails, TransactionDateTime, RemoteIP, AuditFunctionID)
                    VALUES(:SessionID, :AID, :TransDetails, NOW(6), :RemoteIP, :AuditTrailFunctionID)
in C:\xampp\htdocs\MPAPI\protected\components\Utilities.php (11)
in C:\xampp\htdocs\MPAPI\protected\models\AuditTrailModel.php (117)
in C:\xampp\htdocs\MPAPI\protected\controllers\MPapiController.php (591)
2014/07/28 11:16:16 [error] [exception.CHttpException.404] exception 'CHttpException' with message 'The system is unable to find the requested action "changepassword.php".' in C:\xampp\htdocs\yii\framework\web\CController.php:483
Stack trace:
#0 C:\xampp\htdocs\yii\framework\web\CController.php(270): CController->missingAction('changepassword....')
#1 C:\xampp\htdocs\yii\framework\web\CWebApplication.php(282): CController->run('changepassword....')
#2 C:\xampp\htdocs\yii\framework\web\CWebApplication.php(141): CWebApplication->runController('mPapiInvoker/ch...')
#3 C:\xampp\htdocs\yii\framework\base\CApplication.php(169): CWebApplication->processRequest()
#4 C:\xampp\htdocs\MPAPI\index.php(13): CApplication->run()
#5 {main}
REQUEST_URI=/MPAPI/index.php/mPapiInvoker/changepassword.php?CardNumber=VUIzRVRWVlI=
---
2014/07/28 17:37:09 [error] [system.db.CDbCommand] CDbCommand::execute() failed: SQLSTATE[23000]: Integrity constraint violation: 1452 Cannot add or update a child row: a foreign key constraint fails (`membership`.`audittrail`, CONSTRAINT `FK_ref_auditfunctions_AuditFunctionID` FOREIGN KEY (`AuditFunctionID`) REFERENCES `ref_auditfunctions` (`AuditFunctionID`)). The SQL statement executed was: INSERT INTO audittrail(SessionID, ID, TransactionDetails, TransactionDateTime, RemoteIP, AuditFunctionID)
                    VALUES(:SessionID, :AID, :TransDetails, NOW(6), :RemoteIP, :AuditTrailFunctionID).
in C:\xampp\htdocs\MPAPI\protected\models\AuditTrailModel.php (104)
in C:\xampp\htdocs\MPAPI\protected\controllers\MPapiController.php (591)
in C:\xampp\htdocs\MPAPI\index.php (13)
2014/07/28 17:37:09 [error] [application] CDbCommand failed to execute the SQL statement: SQLSTATE[23000]: Integrity constraint violation: 1452 Cannot add or update a child row: a foreign key constraint fails (`membership`.`audittrail`, CONSTRAINT `FK_ref_auditfunctions_AuditFunctionID` FOREIGN KEY (`AuditFunctionID`) REFERENCES `ref_auditfunctions` (`AuditFunctionID`)). The SQL statement executed was: INSERT INTO audittrail(SessionID, ID, TransactionDetails, TransactionDateTime, RemoteIP, AuditFunctionID)
                    VALUES(:SessionID, :AID, :TransDetails, NOW(6), :RemoteIP, :AuditTrailFunctionID)
in C:\xampp\htdocs\MPAPI\protected\components\Utilities.php (11)
in C:\xampp\htdocs\MPAPI\protected\models\AuditTrailModel.php (117)
in C:\xampp\htdocs\MPAPI\protected\controllers\MPapiController.php (591)
2014/07/28 11:37:17 [error] [exception.CHttpException.404] exception 'CHttpException' with message 'Unable to resolve the request "changepassword.php".' in C:\xampp\htdocs\yii\framework\web\CWebApplication.php:286
Stack trace:
#0 C:\xampp\htdocs\yii\framework\web\CWebApplication.php(141): CWebApplication->runController('changepassword....')
#1 C:\xampp\htdocs\yii\framework\base\CApplication.php(169): CWebApplication->processRequest()
#2 C:\xampp\htdocs\MPAPI\index.php(13): CApplication->run()
#3 {main}
REQUEST_URI=/MPAPI/index.php/changepassword.php?CardNumber=VUIzRVRWVlI=
---
2014/07/28 17:50:01 [error] [system.db.CDbCommand] CDbCommand::execute() failed: SQLSTATE[23000]: Integrity constraint violation: 1452 Cannot add or update a child row: a foreign key constraint fails (`membership`.`audittrail`, CONSTRAINT `FK_ref_auditfunctions_AuditFunctionID` FOREIGN KEY (`AuditFunctionID`) REFERENCES `ref_auditfunctions` (`AuditFunctionID`)). The SQL statement executed was: INSERT INTO audittrail(SessionID, ID, TransactionDetails, TransactionDateTime, RemoteIP, AuditFunctionID)
                    VALUES(:SessionID, :AID, :TransDetails, NOW(6), :RemoteIP, :AuditTrailFunctionID).
in C:\xampp\htdocs\MPAPI\protected\models\AuditTrailModel.php (104)
in C:\xampp\htdocs\MPAPI\protected\controllers\MPapiController.php (591)
in C:\xampp\htdocs\MPAPI\index.php (13)
2014/07/28 17:50:01 [error] [application] CDbCommand failed to execute the SQL statement: SQLSTATE[23000]: Integrity constraint violation: 1452 Cannot add or update a child row: a foreign key constraint fails (`membership`.`audittrail`, CONSTRAINT `FK_ref_auditfunctions_AuditFunctionID` FOREIGN KEY (`AuditFunctionID`) REFERENCES `ref_auditfunctions` (`AuditFunctionID`)). The SQL statement executed was: INSERT INTO audittrail(SessionID, ID, TransactionDetails, TransactionDateTime, RemoteIP, AuditFunctionID)
                    VALUES(:SessionID, :AID, :TransDetails, NOW(6), :RemoteIP, :AuditTrailFunctionID)
in C:\xampp\htdocs\MPAPI\protected\components\Utilities.php (11)
in C:\xampp\htdocs\MPAPI\protected\models\AuditTrailModel.php (117)
in C:\xampp\htdocs\MPAPI\protected\controllers\MPapiController.php (591)
2014/07/28 11:50:51 [error] [exception.CHttpException.404] exception 'CHttpException' with message 'The system is unable to find the requested action "changepassword.php".' in C:\xampp\htdocs\yii\framework\web\CController.php:483
Stack trace:
#0 C:\xampp\htdocs\yii\framework\web\CController.php(270): CController->missingAction('changepassword....')
#1 C:\xampp\htdocs\yii\framework\web\CWebApplication.php(282): CController->run('changepassword....')
#2 C:\xampp\htdocs\yii\framework\web\CWebApplication.php(141): CWebApplication->runController('MPapi/changepas...')
#3 C:\xampp\htdocs\yii\framework\base\CApplication.php(169): CWebApplication->processRequest()
#4 C:\xampp\htdocs\MPAPI\index.php(13): CApplication->run()
#5 {main}
REQUEST_URI=/MPAPI/index.php/MPapi/changepassword.php?CardNumber=VUIzRVRWVlI=
---
2014/07/28 18:05:06 [error] [system.db.CDbCommand] CDbCommand::execute() failed: SQLSTATE[23000]: Integrity constraint violation: 1452 Cannot add or update a child row: a foreign key constraint fails (`membership`.`audittrail`, CONSTRAINT `FK_ref_auditfunctions_AuditFunctionID` FOREIGN KEY (`AuditFunctionID`) REFERENCES `ref_auditfunctions` (`AuditFunctionID`)). The SQL statement executed was: INSERT INTO audittrail(SessionID, ID, TransactionDetails, TransactionDateTime, RemoteIP, AuditFunctionID)
                    VALUES(:SessionID, :AID, :TransDetails, NOW(6), :RemoteIP, :AuditTrailFunctionID).
in C:\xampp\htdocs\MPAPI\protected\models\AuditTrailModel.php (104)
in C:\xampp\htdocs\MPAPI\protected\controllers\MPapiController.php (1830)
in C:\xampp\htdocs\MPAPI\index.php (13)
2014/07/28 18:05:06 [error] [application] CDbCommand failed to execute the SQL statement: SQLSTATE[23000]: Integrity constraint violation: 1452 Cannot add or update a child row: a foreign key constraint fails (`membership`.`audittrail`, CONSTRAINT `FK_ref_auditfunctions_AuditFunctionID` FOREIGN KEY (`AuditFunctionID`) REFERENCES `ref_auditfunctions` (`AuditFunctionID`)). The SQL statement executed was: INSERT INTO audittrail(SessionID, ID, TransactionDetails, TransactionDateTime, RemoteIP, AuditFunctionID)
                    VALUES(:SessionID, :AID, :TransDetails, NOW(6), :RemoteIP, :AuditTrailFunctionID)
in C:\xampp\htdocs\MPAPI\protected\components\Utilities.php (11)
in C:\xampp\htdocs\MPAPI\protected\models\AuditTrailModel.php (117)
in C:\xampp\htdocs\MPAPI\protected\controllers\MPapiController.php (1830)
2014/07/28 18:05:32 [error] [system.db.CDbCommand] CDbCommand::execute() failed: SQLSTATE[23000]: Integrity constraint violation: 1452 Cannot add or update a child row: a foreign key constraint fails (`membership`.`audittrail`, CONSTRAINT `FK_ref_auditfunctions_AuditFunctionID` FOREIGN KEY (`AuditFunctionID`) REFERENCES `ref_auditfunctions` (`AuditFunctionID`)). The SQL statement executed was: INSERT INTO audittrail(SessionID, ID, TransactionDetails, TransactionDateTime, RemoteIP, AuditFunctionID)
                    VALUES(:SessionID, :AID, :TransDetails, NOW(6), :RemoteIP, :AuditTrailFunctionID).
in C:\xampp\htdocs\MPAPI\protected\models\AuditTrailModel.php (104)
in C:\xampp\htdocs\MPAPI\protected\controllers\MPapiController.php (1830)
in C:\xampp\htdocs\MPAPI\index.php (13)
2014/07/28 18:05:32 [error] [application] CDbCommand failed to execute the SQL statement: SQLSTATE[23000]: Integrity constraint violation: 1452 Cannot add or update a child row: a foreign key constraint fails (`membership`.`audittrail`, CONSTRAINT `FK_ref_auditfunctions_AuditFunctionID` FOREIGN KEY (`AuditFunctionID`) REFERENCES `ref_auditfunctions` (`AuditFunctionID`)). The SQL statement executed was: INSERT INTO audittrail(SessionID, ID, TransactionDetails, TransactionDateTime, RemoteIP, AuditFunctionID)
                    VALUES(:SessionID, :AID, :TransDetails, NOW(6), :RemoteIP, :AuditTrailFunctionID)
in C:\xampp\htdocs\MPAPI\protected\components\Utilities.php (11)
in C:\xampp\htdocs\MPAPI\protected\models\AuditTrailModel.php (117)
in C:\xampp\htdocs\MPAPI\protected\controllers\MPapiController.php (1830)
2014/07/28 18:24:18 [error] [application] ReturnMessage: Mobile number should not be less than 9 digits long. ErrorCode: 15
in C:\xampp\htdocs\MPAPI\protected\components\Utilities.php (11)
in C:\xampp\htdocs\MPAPI\protected\controllers\MPapiController.php (831)
in C:\xampp\htdocs\MPAPI\index.php (13)
2014/07/28 18:24:38 [error] [application] ReturnMessage: Mobile number should consist of numbers only. ErrorCode: 16
in C:\xampp\htdocs\MPAPI\protected\components\Utilities.php (11)
in C:\xampp\htdocs\MPAPI\protected\controllers\MPapiController.php (846)
in C:\xampp\htdocs\MPAPI\index.php (13)
2014/07/28 18:24:53 [error] [application] ReturnMessage: Mobile number should consist of numbers only. ErrorCode: 16
in C:\xampp\htdocs\MPAPI\protected\components\Utilities.php (11)
in C:\xampp\htdocs\MPAPI\protected\controllers\MPapiController.php (846)
in C:\xampp\htdocs\MPAPI\index.php (13)
2014/07/28 18:35:50 [error] [application] ReturnMessage: One or more fields is not set or is blank. ErrorCode: 1
in C:\xampp\htdocs\MPAPI\protected\components\Utilities.php (11)
in C:\xampp\htdocs\MPAPI\protected\controllers\MPapiController.php (801)
in C:\xampp\htdocs\MPAPI\index.php (13)
2014/07/28 18:38:01 [error] [application] ReturnMessage: Mobile number should consist of numbers only. ErrorCode: 16
in C:\xampp\htdocs\MPAPI\protected\components\Utilities.php (11)
in C:\xampp\htdocs\MPAPI\protected\controllers\MPapiController.php (846)
in C:\xampp\htdocs\MPAPI\index.php (13)
2014/07/28 18:39:05 [error] [application] ReturnMessage: Mobile number should consist of numbers only. ErrorCode: 16
in C:\xampp\htdocs\MPAPI\protected\components\Utilities.php (11)
in C:\xampp\htdocs\MPAPI\protected\controllers\MPapiController.php (846)
in C:\xampp\htdocs\MPAPI\index.php (13)
2014/07/28 18:40:23 [error] [application] ReturnMessage: Name should consist of letters only. ErrorCode: 17
in C:\xampp\htdocs\MPAPI\protected\components\Utilities.php (11)
in C:\xampp\htdocs\MPAPI\protected\controllers\MPapiController.php (862)
in C:\xampp\htdocs\MPAPI\index.php (13)
