2014/07/30 05:30:53 [error] [exception.CException] exception 'CException' with message 'MPapiInvokerController cannot find the requested view "deletesession".' in C:\xampp\htdocs\yii\framework\web\CController.php:878
Stack trace:
#0 C:\xampp\htdocs\yii\framework\web\CController.php(782): CController->renderPartial('deletesession', Array, true)
#1 C:\xampp\htdocs\MPAPI\protected\controllers\MPapiInvokerController.php(275): CController->render('deletesession', Array)
#2 C:\xampp\htdocs\yii\framework\web\actions\CInlineAction.php(49): MPapiInvokerController->actionDeleteSession()
#3 C:\xampp\htdocs\yii\framework\web\CController.php(308): CInlineAction->runWithParams(Array)
#4 C:\xampp\htdocs\yii\framework\web\CController.php(286): CController->runAction(Object(CInlineAction))
#5 C:\xampp\htdocs\yii\framework\web\CController.php(265): CController->runActionWithFilters(Object(CInlineAction), Array)
#6 C:\xampp\htdocs\yii\framework\web\CWebApplication.php(282): CController->run('deletesession')
#7 C:\xampp\htdocs\yii\framework\web\CWebApplication.php(141): CWebApplication->runController('mPapiInvoker/de...')
#8 C:\xampp\htdocs\yii\framework\base\CApplication.php(169): CWebApplication->processRequest()
#9 C:\xampp\htdocs\MPAPI\index.php(13): CApplication->run()
#10 {main}
REQUEST_URI=/MPAPI/index.php/mPapiInvoker/deletesession
HTTP_REFERER=http://localhost/MPAPI/index.php/
---
2014/07/30 13:18:56 [error] [application] ReturnMessage: Name should consist of letters only. ErrorCode: 17
in C:\xampp\htdocs\MPAPI\protected\components\Utilities.php (11)
in C:\xampp\htdocs\MPAPI\protected\controllers\MPapiController.php (862)
in C:\xampp\htdocs\MPAPI\index.php (13)
2014/07/30 13:19:11 [error] [application] ReturnMessage: Name should consist of letters only. ErrorCode: 17
in C:\xampp\htdocs\MPAPI\protected\components\Utilities.php (11)
in C:\xampp\htdocs\MPAPI\protected\controllers\MPapiController.php (862)
in C:\xampp\htdocs\MPAPI\index.php (13)
2014/07/30 13:19:36 [error] [application] ReturnMessage: Name should consist of letters only. ErrorCode: 17
in C:\xampp\htdocs\MPAPI\protected\components\Utilities.php (11)
in C:\xampp\htdocs\MPAPI\protected\controllers\MPapiController.php (862)
in C:\xampp\htdocs\MPAPI\index.php (13)
2014/07/30 13:27:42 [error] [application] ReturnMessage: Invalid Email Address. ErrorCode: 5
in C:\xampp\htdocs\MPAPI\protected\components\Utilities.php (11)
in C:\xampp\htdocs\MPAPI\protected\controllers\MPapiController.php (907)
in C:\xampp\htdocs\MPAPI\index.php (13)
2014/07/30 13:29:18 [error] [application] ReturnMessage: Invalid Email Address. ErrorCode: 5
in C:\xampp\htdocs\MPAPI\protected\components\Utilities.php (11)
in C:\xampp\htdocs\MPAPI\protected\controllers\MPapiController.php (907)
in C:\xampp\htdocs\MPAPI\index.php (13)
2014/07/30 07:29:30 [error] [system.db.CDbCommand] CDbCommand::fetch() failed: SQLSTATE[42000]: Syntax error or access violation: 1142 SELECT command denied to user 'membershipapi'@'192.168.29.203' for table 'blacklists'. The SQL statement executed was: SELECT COUNT(BlackListedID) as Count
                    FROM blacklists
                    WHERE LastName = :LastName AND FirstName = :FirstName AND 
                          BirthDate = :Birthdate AND Status = 1.
in C:\xampp\htdocs\MPAPI\protected\models\BlackListsModel.php (49)
in C:\xampp\htdocs\MPAPI\protected\controllers\MPapiController.php (988)
in C:\xampp\htdocs\MPAPI\index.php (13)
2014/07/30 07:29:32 [error] [exception.CDbException] exception 'CDbException' with message 'CDbCommand failed to execute the SQL statement: SQLSTATE[42000]: Syntax error or access violation: 1142 SELECT command denied to user 'membershipapi'@'192.168.29.203' for table 'blacklists'. The SQL statement executed was: SELECT COUNT(BlackListedID) as Count
                    FROM blacklists
                    WHERE LastName = :LastName AND FirstName = :FirstName AND 
                          BirthDate = :Birthdate AND Status = 1' in C:\xampp\htdocs\yii\framework\db\CDbCommand.php:541
Stack trace:
#0 C:\xampp\htdocs\yii\framework\db\CDbCommand.php(414): CDbCommand->queryInternal('fetch', Array, Array)
#1 C:\xampp\htdocs\MPAPI\protected\models\BlackListsModel.php(49): CDbCommand->queryRow(true, Array)
#2 C:\xampp\htdocs\MPAPI\protected\controllers\MPapiController.php(988): BlackListsModel->checkIfBlackListed('ralph', 'sison', '1990-02-10', 3)
#3 C:\xampp\htdocs\yii\framework\web\actions\CInlineAction.php(49): MPapiController->actionRegisterMember()
#4 C:\xampp\htdocs\yii\framework\web\CController.php(308): CInlineAction->runWithParams(Array)
#5 C:\xampp\htdocs\yii\framework\web\CController.php(286): CController->runAction(Object(CInlineAction))
#6 C:\xampp\htdocs\yii\framework\web\CController.php(265): CController->runActionWithFilters(Object(CInlineAction), Array)
#7 C:\xampp\htdocs\yii\framework\web\CWebApplication.php(282): CController->run('registermember')
#8 C:\xampp\htdocs\yii\framework\web\CWebApplication.php(141): CWebApplication->runController('MPapi/registerm...')
#9 C:\xampp\htdocs\yii\framework\base\CApplication.php(169): CWebApplication->processRequest()
#10 C:\xampp\htdocs\MPAPI\index.php(13): CApplication->run()
#11 {main}
REQUEST_URI=/MPAPI/index.php/MPapi/registermember
---
2014/07/30 07:55:05 [error] [system.db.CDbCommand] CDbCommand::fetch() failed: SQLSTATE[42S22]: Column not found: 1054 Unknown column 'Email' in 'where clause'. The SQL statement executed was: SELECT COUNT(MID)
                FROM members
                WHERE Email = :Email.
in C:\xampp\htdocs\MPAPI\protected\models\MembersModel.php (109)
in C:\xampp\htdocs\MPAPI\protected\controllers\MPapiController.php (990)
in C:\xampp\htdocs\MPAPI\index.php (13)
2014/07/30 07:55:06 [error] [exception.CDbException] exception 'CDbException' with message 'CDbCommand failed to execute the SQL statement: SQLSTATE[42S22]: Column not found: 1054 Unknown column 'Email' in 'where clause'. The SQL statement executed was: SELECT COUNT(MID)
                FROM members
                WHERE Email = :Email' in C:\xampp\htdocs\yii\framework\db\CDbCommand.php:541
Stack trace:
#0 C:\xampp\htdocs\yii\framework\db\CDbCommand.php(414): CDbCommand->queryInternal('fetch', Array, Array)
#1 C:\xampp\htdocs\MPAPI\protected\models\MembersModel.php(109): CDbCommand->queryRow(true, Array)
#2 C:\xampp\htdocs\MPAPI\protected\controllers\MPapiController.php(990): MembersModel->checkIfActiveVerifiedEmail('wala@yahoo.com....')
#3 C:\xampp\htdocs\yii\framework\web\actions\CInlineAction.php(49): MPapiController->actionRegisterMember()
#4 C:\xampp\htdocs\yii\framework\web\CController.php(308): CInlineAction->runWithParams(Array)
#5 C:\xampp\htdocs\yii\framework\web\CController.php(286): CController->runAction(Object(CInlineAction))
#6 C:\xampp\htdocs\yii\framework\web\CController.php(265): CController->runActionWithFilters(Object(CInlineAction), Array)
#7 C:\xampp\htdocs\yii\framework\web\CWebApplication.php(282): CController->run('registermember')
#8 C:\xampp\htdocs\yii\framework\web\CWebApplication.php(141): CWebApplication->runController('MPapi/registerm...')
#9 C:\xampp\htdocs\yii\framework\base\CApplication.php(169): CWebApplication->processRequest()
#10 C:\xampp\htdocs\MPAPI\index.php(13): CApplication->run()
#11 {main}
REQUEST_URI=/MPAPI/index.php/MPapi/registermember
---
2014/07/30 07:59:02 [error] [system.db.CDbCommand] CDbCommand::fetch() failed: SQLSTATE[42S22]: Column not found: 1054 Unknown column 'Email' in 'where clause'. The SQL statement executed was: SELECT COUNT(MID)
                FROM members
                WHERE Email = :Email.
in C:\xampp\htdocs\MPAPI\protected\models\MemberInfoModel.php (153)
in C:\xampp\htdocs\MPAPI\protected\controllers\MPapiController.php (990)
in C:\xampp\htdocs\MPAPI\index.php (13)
2014/07/30 07:59:03 [error] [exception.CDbException] exception 'CDbException' with message 'CDbCommand failed to execute the SQL statement: SQLSTATE[42S22]: Column not found: 1054 Unknown column 'Email' in 'where clause'. The SQL statement executed was: SELECT COUNT(MID)
                FROM members
                WHERE Email = :Email' in C:\xampp\htdocs\yii\framework\db\CDbCommand.php:541
Stack trace:
#0 C:\xampp\htdocs\yii\framework\db\CDbCommand.php(414): CDbCommand->queryInternal('fetch', Array, Array)
#1 C:\xampp\htdocs\MPAPI\protected\models\MemberInfoModel.php(153): CDbCommand->queryRow(true, Array)
#2 C:\xampp\htdocs\MPAPI\protected\controllers\MPapiController.php(990): MemberInfoModel->checkIfActiveVerifiedEmail('wala@yahoo.com....')
#3 C:\xampp\htdocs\yii\framework\web\actions\CInlineAction.php(49): MPapiController->actionRegisterMember()
#4 C:\xampp\htdocs\yii\framework\web\CController.php(308): CInlineAction->runWithParams(Array)
#5 C:\xampp\htdocs\yii\framework\web\CController.php(286): CController->runAction(Object(CInlineAction))
#6 C:\xampp\htdocs\yii\framework\web\CController.php(265): CController->runActionWithFilters(Object(CInlineAction), Array)
#7 C:\xampp\htdocs\yii\framework\web\CWebApplication.php(282): CController->run('registermember')
#8 C:\xampp\htdocs\yii\framework\web\CWebApplication.php(141): CWebApplication->runController('MPapi/registerm...')
#9 C:\xampp\htdocs\yii\framework\base\CApplication.php(169): CWebApplication->processRequest()
#10 C:\xampp\htdocs\MPAPI\index.php(13): CApplication->run()
#11 {main}
REQUEST_URI=/MPAPI/index.php/MPapi/registermember
---
2014/07/30 13:59:22 [error] [application] ReturnMessage: Sorry, wala@yahoo.com.phalready belongs to an existing account. Please enter another email address. ErrorCode: 21
in C:\xampp\htdocs\MPAPI\protected\components\Utilities.php (11)
in C:\xampp\htdocs\MPAPI\protected\controllers\MPapiController.php (994)
in C:\xampp\htdocs\MPAPI\index.php (13)
2014/07/30 14:03:48 [error] [application] ReturnMessage: Email is already verified. Please choose a different email address. ErrorCode: 22
in C:\xampp\htdocs\MPAPI\protected\components\Utilities.php (11)
in C:\xampp\htdocs\MPAPI\protected\controllers\MPapiController.php (1027)
in C:\xampp\htdocs\MPAPI\index.php (13)
2014/07/30 14:06:44 [error] [system.db.CDbCommand] CDbCommand::execute() failed: SQLSTATE[23000]: Integrity constraint violation: 1452 Cannot add or update a child row: a foreign key constraint fails (`membership_temp`.`memberinfo`, CONSTRAINT `FK_memberinfo_ref_occupations_OccupationID` FOREIGN KEY (`OccupationID`) REFERENCES `ref_occupations` (`OccupationID`)). The SQL statement executed was: INSERT INTO memberinfo(MID, FirstName, MiddleName, LastName, Address1, IdentificationID, IdentificationNumber, NickName, MobileNo, AlternateMobileNo, Email, AlternateEmail, Birthdate, NationalityID, OccupationID, ReferrerCode, Gender, IsSmoker, DateCreated)
                        VALUES(:MID, :FirstName, :MiddleName, :LastName, :PermanentAdd, :IDPresented, :IDNumber, :NickName, :MobileNo, :AlternateMobileNo, :Email, :AlternateEmail, :Birthdate, :Nationality, :Occupation, :ReferrerCode, :Gender, :IsSmoker, NOW(6)).
in C:\xampp\htdocs\MPAPI\protected\models\MembershipTempModel.php (208)
in C:\xampp\htdocs\MPAPI\protected\controllers\MPapiController.php (1041)
in C:\xampp\htdocs\MPAPI\index.php (13)
2014/07/30 14:06:44 [error] [application] CDbCommand failed to execute the SQL statement: SQLSTATE[23000]: Integrity constraint violation: 1452 Cannot add or update a child row: a foreign key constraint fails (`membership_temp`.`memberinfo`, CONSTRAINT `FK_memberinfo_ref_occupations_OccupationID` FOREIGN KEY (`OccupationID`) REFERENCES `ref_occupations` (`OccupationID`)). The SQL statement executed was: INSERT INTO memberinfo(MID, FirstName, MiddleName, LastName, Address1, IdentificationID, IdentificationNumber, NickName, MobileNo, AlternateMobileNo, Email, AlternateEmail, Birthdate, NationalityID, OccupationID, ReferrerCode, Gender, IsSmoker, DateCreated)
                        VALUES(:MID, :FirstName, :MiddleName, :LastName, :PermanentAdd, :IDPresented, :IDNumber, :NickName, :MobileNo, :AlternateMobileNo, :Email, :AlternateEmail, :Birthdate, :Nationality, :Occupation, :ReferrerCode, :Gender, :IsSmoker, NOW(6))
in C:\xampp\htdocs\MPAPI\protected\components\Utilities.php (11)
in C:\xampp\htdocs\MPAPI\protected\models\MembershipTempModel.php (231)
in C:\xampp\htdocs\MPAPI\protected\controllers\MPapiController.php (1041)
2014/07/30 14:06:44 [error] [application] ReturnMessage: Email is already verified. Please choose a different email address. ErrorCode: 22
in C:\xampp\htdocs\MPAPI\protected\components\Utilities.php (11)
in C:\xampp\htdocs\MPAPI\protected\controllers\MPapiController.php (1172)
in C:\xampp\htdocs\MPAPI\index.php (13)
2014/07/30 14:08:20 [error] [system.db.CDbCommand] CDbCommand::execute() failed: SQLSTATE[23000]: Integrity constraint violation: 1452 Cannot add or update a child row: a foreign key constraint fails (`membership_temp`.`memberinfo`, CONSTRAINT `FK_memberinfo_ref_occupations_OccupationID` FOREIGN KEY (`OccupationID`) REFERENCES `ref_occupations` (`OccupationID`)). The SQL statement executed was: INSERT INTO memberinfo(MID, FirstName, MiddleName, LastName, Address1, IdentificationID, IdentificationNumber, NickName, MobileNo, AlternateMobileNo, Email, AlternateEmail, Birthdate, NationalityID, OccupationID, ReferrerCode, Gender, IsSmoker, DateCreated)
                        VALUES(:MID, :FirstName, :MiddleName, :LastName, :PermanentAdd, :IDPresented, :IDNumber, :NickName, :MobileNo, :AlternateMobileNo, :Email, :AlternateEmail, :Birthdate, :Nationality, :Occupation, :ReferrerCode, :Gender, :IsSmoker, NOW(6)).
in C:\xampp\htdocs\MPAPI\protected\models\MembershipTempModel.php (208)
in C:\xampp\htdocs\MPAPI\protected\controllers\MPapiController.php (1043)
in C:\xampp\htdocs\MPAPI\index.php (13)
2014/07/30 14:08:20 [error] [application] CDbCommand failed to execute the SQL statement: SQLSTATE[23000]: Integrity constraint violation: 1452 Cannot add or update a child row: a foreign key constraint fails (`membership_temp`.`memberinfo`, CONSTRAINT `FK_memberinfo_ref_occupations_OccupationID` FOREIGN KEY (`OccupationID`) REFERENCES `ref_occupations` (`OccupationID`)). The SQL statement executed was: INSERT INTO memberinfo(MID, FirstName, MiddleName, LastName, Address1, IdentificationID, IdentificationNumber, NickName, MobileNo, AlternateMobileNo, Email, AlternateEmail, Birthdate, NationalityID, OccupationID, ReferrerCode, Gender, IsSmoker, DateCreated)
                        VALUES(:MID, :FirstName, :MiddleName, :LastName, :PermanentAdd, :IDPresented, :IDNumber, :NickName, :MobileNo, :AlternateMobileNo, :Email, :AlternateEmail, :Birthdate, :Nationality, :Occupation, :ReferrerCode, :Gender, :IsSmoker, NOW(6))
in C:\xampp\htdocs\MPAPI\protected\components\Utilities.php (11)
in C:\xampp\htdocs\MPAPI\protected\models\MembershipTempModel.php (231)
in C:\xampp\htdocs\MPAPI\protected\controllers\MPapiController.php (1043)
2014/07/30 14:08:20 [error] [application] ReturnMessage: Email is already verified. Please choose a different email address. ErrorCode: 22
in C:\xampp\htdocs\MPAPI\protected\components\Utilities.php (11)
in C:\xampp\htdocs\MPAPI\protected\controllers\MPapiController.php (1174)
in C:\xampp\htdocs\MPAPI\index.php (13)
2014/07/30 14:09:30 [error] [system.db.CDbCommand] CDbCommand::execute() failed: SQLSTATE[23000]: Integrity constraint violation: 1452 Cannot add or update a child row: a foreign key constraint fails (`membership_temp`.`memberinfo`, CONSTRAINT `FK_memberinfo_ref_occupations_OccupationID` FOREIGN KEY (`OccupationID`) REFERENCES `ref_occupations` (`OccupationID`)). The SQL statement executed was: INSERT INTO memberinfo(MID, FirstName, MiddleName, LastName, Address1, IdentificationID, IdentificationNumber, NickName, MobileNo, AlternateMobileNo, Email, AlternateEmail, Birthdate, NationalityID, OccupationID, ReferrerCode, Gender, IsSmoker, DateCreated)
                        VALUES(:MID, :FirstName, :MiddleName, :LastName, :PermanentAdd, :IDPresented, :IDNumber, :NickName, :MobileNo, :AlternateMobileNo, :Email, :AlternateEmail, :Birthdate, :Nationality, :Occupation, :ReferrerCode, :Gender, :IsSmoker, NOW(6)).
in C:\xampp\htdocs\MPAPI\protected\models\MembershipTempModel.php (208)
in C:\xampp\htdocs\MPAPI\protected\controllers\MPapiController.php (1042)
in C:\xampp\htdocs\MPAPI\index.php (13)
2014/07/30 14:09:30 [error] [application] CDbCommand failed to execute the SQL statement: SQLSTATE[23000]: Integrity constraint violation: 1452 Cannot add or update a child row: a foreign key constraint fails (`membership_temp`.`memberinfo`, CONSTRAINT `FK_memberinfo_ref_occupations_OccupationID` FOREIGN KEY (`OccupationID`) REFERENCES `ref_occupations` (`OccupationID`)). The SQL statement executed was: INSERT INTO memberinfo(MID, FirstName, MiddleName, LastName, Address1, IdentificationID, IdentificationNumber, NickName, MobileNo, AlternateMobileNo, Email, AlternateEmail, Birthdate, NationalityID, OccupationID, ReferrerCode, Gender, IsSmoker, DateCreated)
                        VALUES(:MID, :FirstName, :MiddleName, :LastName, :PermanentAdd, :IDPresented, :IDNumber, :NickName, :MobileNo, :AlternateMobileNo, :Email, :AlternateEmail, :Birthdate, :Nationality, :Occupation, :ReferrerCode, :Gender, :IsSmoker, NOW(6))
in C:\xampp\htdocs\MPAPI\protected\components\Utilities.php (11)
in C:\xampp\htdocs\MPAPI\protected\models\MembershipTempModel.php (231)
in C:\xampp\htdocs\MPAPI\protected\controllers\MPapiController.php (1042)
2014/07/30 14:09:30 [error] [system.db.CDbCommand] CDbCommand::execute() failed: SQLSTATE[23000]: Integrity constraint violation: 1452 Cannot add or update a child row: a foreign key constraint fails (`membership_temp`.`memberinfo`, CONSTRAINT `FK_memberinfo_ref_occupations_OccupationID` FOREIGN KEY (`OccupationID`) REFERENCES `ref_occupations` (`OccupationID`)). The SQL statement executed was: INSERT INTO memberinfo(MID, FirstName, MiddleName, LastName, Address1, IdentificationID, IdentificationNumber, NickName, MobileNo, AlternateMobileNo, Email, AlternateEmail, Birthdate, NationalityID, OccupationID, ReferrerCode, Gender, IsSmoker, DateCreated)
                        VALUES(:MID, :FirstName, :MiddleName, :LastName, :PermanentAdd, :IDPresented, :IDNumber, :NickName, :MobileNo, :AlternateMobileNo, :Email, :AlternateEmail, :Birthdate, :Nationality, :Occupation, :ReferrerCode, :Gender, :IsSmoker, NOW(6)).
in C:\xampp\htdocs\MPAPI\protected\models\MembershipTempModel.php (208)
in C:\xampp\htdocs\MPAPI\protected\controllers\MPapiController.php (1186)
in C:\xampp\htdocs\MPAPI\index.php (13)
2014/07/30 14:09:30 [error] [application] CDbCommand failed to execute the SQL statement: SQLSTATE[23000]: Integrity constraint violation: 1452 Cannot add or update a child row: a foreign key constraint fails (`membership_temp`.`memberinfo`, CONSTRAINT `FK_memberinfo_ref_occupations_OccupationID` FOREIGN KEY (`OccupationID`) REFERENCES `ref_occupations` (`OccupationID`)). The SQL statement executed was: INSERT INTO memberinfo(MID, FirstName, MiddleName, LastName, Address1, IdentificationID, IdentificationNumber, NickName, MobileNo, AlternateMobileNo, Email, AlternateEmail, Birthdate, NationalityID, OccupationID, ReferrerCode, Gender, IsSmoker, DateCreated)
                        VALUES(:MID, :FirstName, :MiddleName, :LastName, :PermanentAdd, :IDPresented, :IDNumber, :NickName, :MobileNo, :AlternateMobileNo, :Email, :AlternateEmail, :Birthdate, :Nationality, :Occupation, :ReferrerCode, :Gender, :IsSmoker, NOW(6))
in C:\xampp\htdocs\MPAPI\protected\components\Utilities.php (11)
in C:\xampp\htdocs\MPAPI\protected\models\MembershipTempModel.php (231)
in C:\xampp\htdocs\MPAPI\protected\controllers\MPapiController.php (1186)
2014/07/30 14:09:30 [error] [application] ReturnMessage: Registration failed. ErrorCode: 53
in C:\xampp\htdocs\MPAPI\protected\components\Utilities.php (11)
in C:\xampp\htdocs\MPAPI\protected\controllers\MPapiController.php (1324)
in C:\xampp\htdocs\MPAPI\index.php (13)
2014/07/30 08:10:41 [error] [system.db.CDbCommand] CDbCommand::execute() failed: SQLSTATE[23000]: Integrity constraint violation: 1452 Cannot add or update a child row: a foreign key constraint fails (`membership_temp`.`memberinfo`, CONSTRAINT `FK_memberinfo_ref_occupations_OccupationID` FOREIGN KEY (`OccupationID`) REFERENCES `ref_occupations` (`OccupationID`)). The SQL statement executed was: INSERT INTO memberinfo(MID, FirstName, MiddleName, LastName, Address1, IdentificationID, IdentificationNumber, NickName, MobileNo, AlternateMobileNo, Email, AlternateEmail, Birthdate, NationalityID, OccupationID, ReferrerCode, Gender, IsSmoker, DateCreated)
                        VALUES(:MID, :FirstName, :MiddleName, :LastName, :PermanentAdd, :IDPresented, :IDNumber, :NickName, :MobileNo, :AlternateMobileNo, :Email, :AlternateEmail, :Birthdate, :Nationality, :Occupation, :ReferrerCode, :Gender, :IsSmoker, NOW(6)).
in C:\xampp\htdocs\MPAPI\protected\models\MembershipTempModel.php (208)
in C:\xampp\htdocs\MPAPI\protected\controllers\MPapiController.php (1042)
in C:\xampp\htdocs\MPAPI\index.php (13)
2014/07/30 08:10:41 [error] [application] CDbCommand failed to execute the SQL statement: SQLSTATE[23000]: Integrity constraint violation: 1452 Cannot add or update a child row: a foreign key constraint fails (`membership_temp`.`memberinfo`, CONSTRAINT `FK_memberinfo_ref_occupations_OccupationID` FOREIGN KEY (`OccupationID`) REFERENCES `ref_occupations` (`OccupationID`)). The SQL statement executed was: INSERT INTO memberinfo(MID, FirstName, MiddleName, LastName, Address1, IdentificationID, IdentificationNumber, NickName, MobileNo, AlternateMobileNo, Email, AlternateEmail, Birthdate, NationalityID, OccupationID, ReferrerCode, Gender, IsSmoker, DateCreated)
                        VALUES(:MID, :FirstName, :MiddleName, :LastName, :PermanentAdd, :IDPresented, :IDNumber, :NickName, :MobileNo, :AlternateMobileNo, :Email, :AlternateEmail, :Birthdate, :Nationality, :Occupation, :ReferrerCode, :Gender, :IsSmoker, NOW(6))
in C:\xampp\htdocs\MPAPI\protected\components\Utilities.php (11)
in C:\xampp\htdocs\MPAPI\protected\models\MembershipTempModel.php (231)
in C:\xampp\htdocs\MPAPI\protected\controllers\MPapiController.php (1042)
2014/07/30 08:10:41 [error] [system.db.CDbCommand] CDbCommand::execute() failed: SQLSTATE[23000]: Integrity constraint violation: 1452 Cannot add or update a child row: a foreign key constraint fails (`membership_temp`.`memberinfo`, CONSTRAINT `FK_memberinfo_ref_occupations_OccupationID` FOREIGN KEY (`OccupationID`) REFERENCES `ref_occupations` (`OccupationID`)). The SQL statement executed was: INSERT INTO memberinfo(MID, FirstName, MiddleName, LastName, Address1, IdentificationID, IdentificationNumber, NickName, MobileNo, AlternateMobileNo, Email, AlternateEmail, Birthdate, NationalityID, OccupationID, ReferrerCode, Gender, IsSmoker, DateCreated)
                        VALUES(:MID, :FirstName, :MiddleName, :LastName, :PermanentAdd, :IDPresented, :IDNumber, :NickName, :MobileNo, :AlternateMobileNo, :Email, :AlternateEmail, :Birthdate, :Nationality, :Occupation, :ReferrerCode, :Gender, :IsSmoker, NOW(6)).
in C:\xampp\htdocs\MPAPI\protected\models\MembershipTempModel.php (208)
in C:\xampp\htdocs\MPAPI\protected\controllers\MPapiController.php (1186)
in C:\xampp\htdocs\MPAPI\index.php (13)
2014/07/30 08:10:41 [error] [application] CDbCommand failed to execute the SQL statement: SQLSTATE[23000]: Integrity constraint violation: 1452 Cannot add or update a child row: a foreign key constraint fails (`membership_temp`.`memberinfo`, CONSTRAINT `FK_memberinfo_ref_occupations_OccupationID` FOREIGN KEY (`OccupationID`) REFERENCES `ref_occupations` (`OccupationID`)). The SQL statement executed was: INSERT INTO memberinfo(MID, FirstName, MiddleName, LastName, Address1, IdentificationID, IdentificationNumber, NickName, MobileNo, AlternateMobileNo, Email, AlternateEmail, Birthdate, NationalityID, OccupationID, ReferrerCode, Gender, IsSmoker, DateCreated)
                        VALUES(:MID, :FirstName, :MiddleName, :LastName, :PermanentAdd, :IDPresented, :IDNumber, :NickName, :MobileNo, :AlternateMobileNo, :Email, :AlternateEmail, :Birthdate, :Nationality, :Occupation, :ReferrerCode, :Gender, :IsSmoker, NOW(6))
in C:\xampp\htdocs\MPAPI\protected\components\Utilities.php (11)
in C:\xampp\htdocs\MPAPI\protected\models\MembershipTempModel.php (231)
in C:\xampp\htdocs\MPAPI\protected\controllers\MPapiController.php (1186)
2014/07/30 14:11:42 [error] [system.db.CDbCommand] CDbCommand::execute() failed: SQLSTATE[23000]: Integrity constraint violation: 1452 Cannot add or update a child row: a foreign key constraint fails (`membership_temp`.`memberinfo`, CONSTRAINT `FK_memberinfo_ref_occupations_OccupationID` FOREIGN KEY (`OccupationID`) REFERENCES `ref_occupations` (`OccupationID`)). The SQL statement executed was: INSERT INTO memberinfo(MID, FirstName, MiddleName, LastName, Address1, IdentificationID, IdentificationNumber, NickName, MobileNo, AlternateMobileNo, Email, AlternateEmail, Birthdate, NationalityID, OccupationID, ReferrerCode, Gender, IsSmoker, DateCreated)
                        VALUES(:MID, :FirstName, :MiddleName, :LastName, :PermanentAdd, :IDPresented, :IDNumber, :NickName, :MobileNo, :AlternateMobileNo, :Email, :AlternateEmail, :Birthdate, :Nationality, :Occupation, :ReferrerCode, :Gender, :IsSmoker, NOW(6)).
in C:\xampp\htdocs\MPAPI\protected\models\MembershipTempModel.php (208)
in C:\xampp\htdocs\MPAPI\protected\controllers\MPapiController.php (1042)
in C:\xampp\htdocs\MPAPI\index.php (13)
2014/07/30 14:11:42 [error] [application] CDbCommand failed to execute the SQL statement: SQLSTATE[23000]: Integrity constraint violation: 1452 Cannot add or update a child row: a foreign key constraint fails (`membership_temp`.`memberinfo`, CONSTRAINT `FK_memberinfo_ref_occupations_OccupationID` FOREIGN KEY (`OccupationID`) REFERENCES `ref_occupations` (`OccupationID`)). The SQL statement executed was: INSERT INTO memberinfo(MID, FirstName, MiddleName, LastName, Address1, IdentificationID, IdentificationNumber, NickName, MobileNo, AlternateMobileNo, Email, AlternateEmail, Birthdate, NationalityID, OccupationID, ReferrerCode, Gender, IsSmoker, DateCreated)
                        VALUES(:MID, :FirstName, :MiddleName, :LastName, :PermanentAdd, :IDPresented, :IDNumber, :NickName, :MobileNo, :AlternateMobileNo, :Email, :AlternateEmail, :Birthdate, :Nationality, :Occupation, :ReferrerCode, :Gender, :IsSmoker, NOW(6))
in C:\xampp\htdocs\MPAPI\protected\components\Utilities.php (11)
in C:\xampp\htdocs\MPAPI\protected\models\MembershipTempModel.php (233)
in C:\xampp\htdocs\MPAPI\protected\controllers\MPapiController.php (1042)
2014/07/30 14:11:42 [error] [system.db.CDbCommand] CDbCommand::execute() failed: SQLSTATE[23000]: Integrity constraint violation: 1452 Cannot add or update a child row: a foreign key constraint fails (`membership_temp`.`memberinfo`, CONSTRAINT `FK_memberinfo_ref_occupations_OccupationID` FOREIGN KEY (`OccupationID`) REFERENCES `ref_occupations` (`OccupationID`)). The SQL statement executed was: INSERT INTO memberinfo(MID, FirstName, MiddleName, LastName, Address1, IdentificationID, IdentificationNumber, NickName, MobileNo, AlternateMobileNo, Email, AlternateEmail, Birthdate, NationalityID, OccupationID, ReferrerCode, Gender, IsSmoker, DateCreated)
                        VALUES(:MID, :FirstName, :MiddleName, :LastName, :PermanentAdd, :IDPresented, :IDNumber, :NickName, :MobileNo, :AlternateMobileNo, :Email, :AlternateEmail, :Birthdate, :Nationality, :Occupation, :ReferrerCode, :Gender, :IsSmoker, NOW(6)).
in C:\xampp\htdocs\MPAPI\protected\models\MembershipTempModel.php (208)
in C:\xampp\htdocs\MPAPI\protected\controllers\MPapiController.php (1186)
in C:\xampp\htdocs\MPAPI\index.php (13)
2014/07/30 14:11:42 [error] [application] CDbCommand failed to execute the SQL statement: SQLSTATE[23000]: Integrity constraint violation: 1452 Cannot add or update a child row: a foreign key constraint fails (`membership_temp`.`memberinfo`, CONSTRAINT `FK_memberinfo_ref_occupations_OccupationID` FOREIGN KEY (`OccupationID`) REFERENCES `ref_occupations` (`OccupationID`)). The SQL statement executed was: INSERT INTO memberinfo(MID, FirstName, MiddleName, LastName, Address1, IdentificationID, IdentificationNumber, NickName, MobileNo, AlternateMobileNo, Email, AlternateEmail, Birthdate, NationalityID, OccupationID, ReferrerCode, Gender, IsSmoker, DateCreated)
                        VALUES(:MID, :FirstName, :MiddleName, :LastName, :PermanentAdd, :IDPresented, :IDNumber, :NickName, :MobileNo, :AlternateMobileNo, :Email, :AlternateEmail, :Birthdate, :Nationality, :Occupation, :ReferrerCode, :Gender, :IsSmoker, NOW(6))
in C:\xampp\htdocs\MPAPI\protected\components\Utilities.php (11)
in C:\xampp\htdocs\MPAPI\protected\models\MembershipTempModel.php (233)
in C:\xampp\htdocs\MPAPI\protected\controllers\MPapiController.php (1186)
2014/07/30 14:11:42 [error] [application] ReturnMessage: Registration failed. ErrorCode: 53
in C:\xampp\htdocs\MPAPI\protected\components\Utilities.php (11)
in C:\xampp\htdocs\MPAPI\protected\controllers\MPapiController.php (1324)
in C:\xampp\htdocs\MPAPI\index.php (13)
2014/07/30 14:13:38 [error] [system.db.CDbCommand] CDbCommand::execute() failed: SQLSTATE[23000]: Integrity constraint violation: 1452 Cannot add or update a child row: a foreign key constraint fails (`membership_temp`.`memberinfo`, CONSTRAINT `FK_memberinfo_ref_occupations_OccupationID` FOREIGN KEY (`OccupationID`) REFERENCES `ref_occupations` (`OccupationID`)). The SQL statement executed was: INSERT INTO memberinfo(MID, FirstName, MiddleName, LastName, Address1, IdentificationID, IdentificationNumber, NickName, MobileNo, AlternateMobileNo, Email, AlternateEmail, Birthdate, NationalityID, OccupationID, ReferrerCode, Gender, IsSmoker, DateCreated)
                        VALUES(:MID, :FirstName, :MiddleName, :LastName, :PermanentAdd, :IDPresented, :IDNumber, :NickName, :MobileNo, :AlternateMobileNo, :Email, :AlternateEmail, :Birthdate, :Nationality, :Occupation, :ReferrerCode, :Gender, :IsSmoker, NOW(6)).
in C:\xampp\htdocs\MPAPI\protected\models\MembershipTempModel.php (208)
in C:\xampp\htdocs\MPAPI\protected\controllers\MPapiController.php (1042)
in C:\xampp\htdocs\MPAPI\index.php (13)
2014/07/30 14:13:38 [error] [application] CDbCommand failed to execute the SQL statement: SQLSTATE[23000]: Integrity constraint violation: 1452 Cannot add or update a child row: a foreign key constraint fails (`membership_temp`.`memberinfo`, CONSTRAINT `FK_memberinfo_ref_occupations_OccupationID` FOREIGN KEY (`OccupationID`) REFERENCES `ref_occupations` (`OccupationID`)). The SQL statement executed was: INSERT INTO memberinfo(MID, FirstName, MiddleName, LastName, Address1, IdentificationID, IdentificationNumber, NickName, MobileNo, AlternateMobileNo, Email, AlternateEmail, Birthdate, NationalityID, OccupationID, ReferrerCode, Gender, IsSmoker, DateCreated)
                        VALUES(:MID, :FirstName, :MiddleName, :LastName, :PermanentAdd, :IDPresented, :IDNumber, :NickName, :MobileNo, :AlternateMobileNo, :Email, :AlternateEmail, :Birthdate, :Nationality, :Occupation, :ReferrerCode, :Gender, :IsSmoker, NOW(6))
in C:\xampp\htdocs\MPAPI\protected\components\Utilities.php (11)
in C:\xampp\htdocs\MPAPI\protected\models\MembershipTempModel.php (233)
in C:\xampp\htdocs\MPAPI\protected\controllers\MPapiController.php (1042)
2014/07/30 14:13:38 [error] [system.db.CDbCommand] CDbCommand::execute() failed: SQLSTATE[23000]: Integrity constraint violation: 1452 Cannot add or update a child row: a foreign key constraint fails (`membership_temp`.`memberinfo`, CONSTRAINT `FK_memberinfo_ref_occupations_OccupationID` FOREIGN KEY (`OccupationID`) REFERENCES `ref_occupations` (`OccupationID`)). The SQL statement executed was: INSERT INTO memberinfo(MID, FirstName, MiddleName, LastName, Address1, IdentificationID, IdentificationNumber, NickName, MobileNo, AlternateMobileNo, Email, AlternateEmail, Birthdate, NationalityID, OccupationID, ReferrerCode, Gender, IsSmoker, DateCreated)
                        VALUES(:MID, :FirstName, :MiddleName, :LastName, :PermanentAdd, :IDPresented, :IDNumber, :NickName, :MobileNo, :AlternateMobileNo, :Email, :AlternateEmail, :Birthdate, :Nationality, :Occupation, :ReferrerCode, :Gender, :IsSmoker, NOW(6)).
in C:\xampp\htdocs\MPAPI\protected\models\MembershipTempModel.php (208)
in C:\xampp\htdocs\MPAPI\protected\controllers\MPapiController.php (1186)
in C:\xampp\htdocs\MPAPI\index.php (13)
2014/07/30 14:13:38 [error] [application] CDbCommand failed to execute the SQL statement: SQLSTATE[23000]: Integrity constraint violation: 1452 Cannot add or update a child row: a foreign key constraint fails (`membership_temp`.`memberinfo`, CONSTRAINT `FK_memberinfo_ref_occupations_OccupationID` FOREIGN KEY (`OccupationID`) REFERENCES `ref_occupations` (`OccupationID`)). The SQL statement executed was: INSERT INTO memberinfo(MID, FirstName, MiddleName, LastName, Address1, IdentificationID, IdentificationNumber, NickName, MobileNo, AlternateMobileNo, Email, AlternateEmail, Birthdate, NationalityID, OccupationID, ReferrerCode, Gender, IsSmoker, DateCreated)
                        VALUES(:MID, :FirstName, :MiddleName, :LastName, :PermanentAdd, :IDPresented, :IDNumber, :NickName, :MobileNo, :AlternateMobileNo, :Email, :AlternateEmail, :Birthdate, :Nationality, :Occupation, :ReferrerCode, :Gender, :IsSmoker, NOW(6))
in C:\xampp\htdocs\MPAPI\protected\components\Utilities.php (11)
in C:\xampp\htdocs\MPAPI\protected\models\MembershipTempModel.php (233)
in C:\xampp\htdocs\MPAPI\protected\controllers\MPapiController.php (1186)
2014/07/30 14:13:38 [error] [application] ReturnMessage: Registration failed. ErrorCode: 53
in C:\xampp\htdocs\MPAPI\protected\components\Utilities.php (11)
in C:\xampp\htdocs\MPAPI\protected\controllers\MPapiController.php (1324)
in C:\xampp\htdocs\MPAPI\index.php (13)
2014/07/30 14:14:47 [error] [system.db.CDbCommand] CDbCommand::execute() failed: SQLSTATE[23000]: Integrity constraint violation: 1452 Cannot add or update a child row: a foreign key constraint fails (`membership_temp`.`memberinfo`, CONSTRAINT `FK_memberinfo_ref_occupations_OccupationID` FOREIGN KEY (`OccupationID`) REFERENCES `ref_occupations` (`OccupationID`)). The SQL statement executed was: INSERT INTO memberinfo(MID, FirstName, MiddleName, LastName, Address1, IdentificationID, IdentificationNumber, NickName, MobileNo, AlternateMobileNo, Email, AlternateEmail, Birthdate, NationalityID, OccupationID, ReferrerCode, Gender, IsSmoker, DateCreated)
                        VALUES(:MID, :FirstName, :MiddleName, :LastName, :PermanentAdd, :IDPresented, :IDNumber, :NickName, :MobileNo, :AlternateMobileNo, :Email, :AlternateEmail, :Birthdate, :Nationality, :Occupation, :ReferrerCode, :Gender, :IsSmoker, NOW(6)).
in C:\xampp\htdocs\MPAPI\protected\models\MembershipTempModel.php (208)
in C:\xampp\htdocs\MPAPI\protected\controllers\MPapiController.php (1042)
in C:\xampp\htdocs\MPAPI\index.php (13)
2014/07/30 14:14:47 [error] [application] CDbCommand failed to execute the SQL statement: SQLSTATE[23000]: Integrity constraint violation: 1452 Cannot add or update a child row: a foreign key constraint fails (`membership_temp`.`memberinfo`, CONSTRAINT `FK_memberinfo_ref_occupations_OccupationID` FOREIGN KEY (`OccupationID`) REFERENCES `ref_occupations` (`OccupationID`)). The SQL statement executed was: INSERT INTO memberinfo(MID, FirstName, MiddleName, LastName, Address1, IdentificationID, IdentificationNumber, NickName, MobileNo, AlternateMobileNo, Email, AlternateEmail, Birthdate, NationalityID, OccupationID, ReferrerCode, Gender, IsSmoker, DateCreated)
                        VALUES(:MID, :FirstName, :MiddleName, :LastName, :PermanentAdd, :IDPresented, :IDNumber, :NickName, :MobileNo, :AlternateMobileNo, :Email, :AlternateEmail, :Birthdate, :Nationality, :Occupation, :ReferrerCode, :Gender, :IsSmoker, NOW(6))
in C:\xampp\htdocs\MPAPI\protected\components\Utilities.php (11)
in C:\xampp\htdocs\MPAPI\protected\models\MembershipTempModel.php (233)
in C:\xampp\htdocs\MPAPI\protected\controllers\MPapiController.php (1042)
2014/07/30 14:14:47 [error] [system.db.CDbCommand] CDbCommand::execute() failed: SQLSTATE[23000]: Integrity constraint violation: 1452 Cannot add or update a child row: a foreign key constraint fails (`membership_temp`.`memberinfo`, CONSTRAINT `FK_memberinfo_ref_occupations_OccupationID` FOREIGN KEY (`OccupationID`) REFERENCES `ref_occupations` (`OccupationID`)). The SQL statement executed was: INSERT INTO memberinfo(MID, FirstName, MiddleName, LastName, Address1, IdentificationID, IdentificationNumber, NickName, MobileNo, AlternateMobileNo, Email, AlternateEmail, Birthdate, NationalityID, OccupationID, ReferrerCode, Gender, IsSmoker, DateCreated)
                        VALUES(:MID, :FirstName, :MiddleName, :LastName, :PermanentAdd, :IDPresented, :IDNumber, :NickName, :MobileNo, :AlternateMobileNo, :Email, :AlternateEmail, :Birthdate, :Nationality, :Occupation, :ReferrerCode, :Gender, :IsSmoker, NOW(6)).
in C:\xampp\htdocs\MPAPI\protected\models\MembershipTempModel.php (208)
in C:\xampp\htdocs\MPAPI\protected\controllers\MPapiController.php (1186)
in C:\xampp\htdocs\MPAPI\index.php (13)
2014/07/30 14:14:47 [error] [application] CDbCommand failed to execute the SQL statement: SQLSTATE[23000]: Integrity constraint violation: 1452 Cannot add or update a child row: a foreign key constraint fails (`membership_temp`.`memberinfo`, CONSTRAINT `FK_memberinfo_ref_occupations_OccupationID` FOREIGN KEY (`OccupationID`) REFERENCES `ref_occupations` (`OccupationID`)). The SQL statement executed was: INSERT INTO memberinfo(MID, FirstName, MiddleName, LastName, Address1, IdentificationID, IdentificationNumber, NickName, MobileNo, AlternateMobileNo, Email, AlternateEmail, Birthdate, NationalityID, OccupationID, ReferrerCode, Gender, IsSmoker, DateCreated)
                        VALUES(:MID, :FirstName, :MiddleName, :LastName, :PermanentAdd, :IDPresented, :IDNumber, :NickName, :MobileNo, :AlternateMobileNo, :Email, :AlternateEmail, :Birthdate, :Nationality, :Occupation, :ReferrerCode, :Gender, :IsSmoker, NOW(6))
in C:\xampp\htdocs\MPAPI\protected\components\Utilities.php (11)
in C:\xampp\htdocs\MPAPI\protected\models\MembershipTempModel.php (233)
in C:\xampp\htdocs\MPAPI\protected\controllers\MPapiController.php (1186)
2014/07/30 14:14:47 [error] [application] ReturnMessage: Registration failed. ErrorCode: 53
in C:\xampp\htdocs\MPAPI\protected\components\Utilities.php (11)
in C:\xampp\htdocs\MPAPI\protected\controllers\MPapiController.php (1324)
in C:\xampp\htdocs\MPAPI\index.php (13)
2014/07/30 14:15:02 [error] [system.db.CDbCommand] CDbCommand::execute() failed: SQLSTATE[23000]: Integrity constraint violation: 1452 Cannot add or update a child row: a foreign key constraint fails (`membership_temp`.`memberinfo`, CONSTRAINT `FK_memberinfo_ref_occupations_OccupationID` FOREIGN KEY (`OccupationID`) REFERENCES `ref_occupations` (`OccupationID`)). The SQL statement executed was: INSERT INTO memberinfo(MID, FirstName, MiddleName, LastName, Address1, IdentificationID, IdentificationNumber, NickName, MobileNo, AlternateMobileNo, Email, AlternateEmail, Birthdate, NationalityID, OccupationID, ReferrerCode, Gender, IsSmoker, DateCreated)
                        VALUES(:MID, :FirstName, :MiddleName, :LastName, :PermanentAdd, :IDPresented, :IDNumber, :NickName, :MobileNo, :AlternateMobileNo, :Email, :AlternateEmail, :Birthdate, :Nationality, :Occupation, :ReferrerCode, :Gender, :IsSmoker, NOW(6)).
in C:\xampp\htdocs\MPAPI\protected\models\MembershipTempModel.php (208)
in C:\xampp\htdocs\MPAPI\protected\controllers\MPapiController.php (1042)
in C:\xampp\htdocs\MPAPI\index.php (13)
2014/07/30 14:15:02 [error] [application] CDbCommand failed to execute the SQL statement: SQLSTATE[23000]: Integrity constraint violation: 1452 Cannot add or update a child row: a foreign key constraint fails (`membership_temp`.`memberinfo`, CONSTRAINT `FK_memberinfo_ref_occupations_OccupationID` FOREIGN KEY (`OccupationID`) REFERENCES `ref_occupations` (`OccupationID`)). The SQL statement executed was: INSERT INTO memberinfo(MID, FirstName, MiddleName, LastName, Address1, IdentificationID, IdentificationNumber, NickName, MobileNo, AlternateMobileNo, Email, AlternateEmail, Birthdate, NationalityID, OccupationID, ReferrerCode, Gender, IsSmoker, DateCreated)
                        VALUES(:MID, :FirstName, :MiddleName, :LastName, :PermanentAdd, :IDPresented, :IDNumber, :NickName, :MobileNo, :AlternateMobileNo, :Email, :AlternateEmail, :Birthdate, :Nationality, :Occupation, :ReferrerCode, :Gender, :IsSmoker, NOW(6))
in C:\xampp\htdocs\MPAPI\protected\components\Utilities.php (11)
in C:\xampp\htdocs\MPAPI\protected\models\MembershipTempModel.php (233)
in C:\xampp\htdocs\MPAPI\protected\controllers\MPapiController.php (1042)
2014/07/30 14:15:02 [error] [system.db.CDbCommand] CDbCommand::execute() failed: SQLSTATE[23000]: Integrity constraint violation: 1452 Cannot add or update a child row: a foreign key constraint fails (`membership_temp`.`memberinfo`, CONSTRAINT `FK_memberinfo_ref_occupations_OccupationID` FOREIGN KEY (`OccupationID`) REFERENCES `ref_occupations` (`OccupationID`)). The SQL statement executed was: INSERT INTO memberinfo(MID, FirstName, MiddleName, LastName, Address1, IdentificationID, IdentificationNumber, NickName, MobileNo, AlternateMobileNo, Email, AlternateEmail, Birthdate, NationalityID, OccupationID, ReferrerCode, Gender, IsSmoker, DateCreated)
                        VALUES(:MID, :FirstName, :MiddleName, :LastName, :PermanentAdd, :IDPresented, :IDNumber, :NickName, :MobileNo, :AlternateMobileNo, :Email, :AlternateEmail, :Birthdate, :Nationality, :Occupation, :ReferrerCode, :Gender, :IsSmoker, NOW(6)).
in C:\xampp\htdocs\MPAPI\protected\models\MembershipTempModel.php (208)
in C:\xampp\htdocs\MPAPI\protected\controllers\MPapiController.php (1186)
in C:\xampp\htdocs\MPAPI\index.php (13)
2014/07/30 14:15:02 [error] [application] CDbCommand failed to execute the SQL statement: SQLSTATE[23000]: Integrity constraint violation: 1452 Cannot add or update a child row: a foreign key constraint fails (`membership_temp`.`memberinfo`, CONSTRAINT `FK_memberinfo_ref_occupations_OccupationID` FOREIGN KEY (`OccupationID`) REFERENCES `ref_occupations` (`OccupationID`)). The SQL statement executed was: INSERT INTO memberinfo(MID, FirstName, MiddleName, LastName, Address1, IdentificationID, IdentificationNumber, NickName, MobileNo, AlternateMobileNo, Email, AlternateEmail, Birthdate, NationalityID, OccupationID, ReferrerCode, Gender, IsSmoker, DateCreated)
                        VALUES(:MID, :FirstName, :MiddleName, :LastName, :PermanentAdd, :IDPresented, :IDNumber, :NickName, :MobileNo, :AlternateMobileNo, :Email, :AlternateEmail, :Birthdate, :Nationality, :Occupation, :ReferrerCode, :Gender, :IsSmoker, NOW(6))
in C:\xampp\htdocs\MPAPI\protected\components\Utilities.php (11)
in C:\xampp\htdocs\MPAPI\protected\models\MembershipTempModel.php (233)
in C:\xampp\htdocs\MPAPI\protected\controllers\MPapiController.php (1186)
2014/07/30 14:15:02 [error] [application] ReturnMessage: Registration failed. ErrorCode: 53
in C:\xampp\htdocs\MPAPI\protected\components\Utilities.php (11)
in C:\xampp\htdocs\MPAPI\protected\controllers\MPapiController.php (1324)
in C:\xampp\htdocs\MPAPI\index.php (13)
2014/07/30 14:15:54 [error] [system.db.CDbCommand] CDbCommand::execute() failed: SQLSTATE[23000]: Integrity constraint violation: 1452 Cannot add or update a child row: a foreign key constraint fails (`membership_temp`.`memberinfo`, CONSTRAINT `FK_memberinfo_ref_occupations_OccupationID` FOREIGN KEY (`OccupationID`) REFERENCES `ref_occupations` (`OccupationID`)). The SQL statement executed was: INSERT INTO memberinfo(MID, FirstName, MiddleName, LastName, Address1, IdentificationID, IdentificationNumber, NickName, MobileNo, AlternateMobileNo, Email, AlternateEmail, Birthdate, NationalityID, OccupationID, ReferrerCode, Gender, IsSmoker, DateCreated)
                        VALUES(:MID, :FirstName, :MiddleName, :LastName, :PermanentAdd, :IDPresented, :IDNumber, :NickName, :MobileNo, :AlternateMobileNo, :Email, :AlternateEmail, :Birthdate, :Nationality, :Occupation, :ReferrerCode, :Gender, :IsSmoker, NOW(6)).
in C:\xampp\htdocs\MPAPI\protected\models\MembershipTempModel.php (208)
in C:\xampp\htdocs\MPAPI\protected\controllers\MPapiController.php (1042)
in C:\xampp\htdocs\MPAPI\index.php (13)
2014/07/30 14:15:54 [error] [application] CDbCommand failed to execute the SQL statement: SQLSTATE[23000]: Integrity constraint violation: 1452 Cannot add or update a child row: a foreign key constraint fails (`membership_temp`.`memberinfo`, CONSTRAINT `FK_memberinfo_ref_occupations_OccupationID` FOREIGN KEY (`OccupationID`) REFERENCES `ref_occupations` (`OccupationID`)). The SQL statement executed was: INSERT INTO memberinfo(MID, FirstName, MiddleName, LastName, Address1, IdentificationID, IdentificationNumber, NickName, MobileNo, AlternateMobileNo, Email, AlternateEmail, Birthdate, NationalityID, OccupationID, ReferrerCode, Gender, IsSmoker, DateCreated)
                        VALUES(:MID, :FirstName, :MiddleName, :LastName, :PermanentAdd, :IDPresented, :IDNumber, :NickName, :MobileNo, :AlternateMobileNo, :Email, :AlternateEmail, :Birthdate, :Nationality, :Occupation, :ReferrerCode, :Gender, :IsSmoker, NOW(6))
in C:\xampp\htdocs\MPAPI\protected\components\Utilities.php (11)
in C:\xampp\htdocs\MPAPI\protected\models\MembershipTempModel.php (233)
in C:\xampp\htdocs\MPAPI\protected\controllers\MPapiController.php (1042)
2014/07/30 14:15:54 [error] [system.db.CDbCommand] CDbCommand::execute() failed: SQLSTATE[23000]: Integrity constraint violation: 1452 Cannot add or update a child row: a foreign key constraint fails (`membership_temp`.`memberinfo`, CONSTRAINT `FK_memberinfo_ref_occupations_OccupationID` FOREIGN KEY (`OccupationID`) REFERENCES `ref_occupations` (`OccupationID`)). The SQL statement executed was: INSERT INTO memberinfo(MID, FirstName, MiddleName, LastName, Address1, IdentificationID, IdentificationNumber, NickName, MobileNo, AlternateMobileNo, Email, AlternateEmail, Birthdate, NationalityID, OccupationID, ReferrerCode, Gender, IsSmoker, DateCreated)
                        VALUES(:MID, :FirstName, :MiddleName, :LastName, :PermanentAdd, :IDPresented, :IDNumber, :NickName, :MobileNo, :AlternateMobileNo, :Email, :AlternateEmail, :Birthdate, :Nationality, :Occupation, :ReferrerCode, :Gender, :IsSmoker, NOW(6)).
in C:\xampp\htdocs\MPAPI\protected\models\MembershipTempModel.php (208)
in C:\xampp\htdocs\MPAPI\protected\controllers\MPapiController.php (1186)
in C:\xampp\htdocs\MPAPI\index.php (13)
2014/07/30 14:15:54 [error] [application] CDbCommand failed to execute the SQL statement: SQLSTATE[23000]: Integrity constraint violation: 1452 Cannot add or update a child row: a foreign key constraint fails (`membership_temp`.`memberinfo`, CONSTRAINT `FK_memberinfo_ref_occupations_OccupationID` FOREIGN KEY (`OccupationID`) REFERENCES `ref_occupations` (`OccupationID`)). The SQL statement executed was: INSERT INTO memberinfo(MID, FirstName, MiddleName, LastName, Address1, IdentificationID, IdentificationNumber, NickName, MobileNo, AlternateMobileNo, Email, AlternateEmail, Birthdate, NationalityID, OccupationID, ReferrerCode, Gender, IsSmoker, DateCreated)
                        VALUES(:MID, :FirstName, :MiddleName, :LastName, :PermanentAdd, :IDPresented, :IDNumber, :NickName, :MobileNo, :AlternateMobileNo, :Email, :AlternateEmail, :Birthdate, :Nationality, :Occupation, :ReferrerCode, :Gender, :IsSmoker, NOW(6))
in C:\xampp\htdocs\MPAPI\protected\components\Utilities.php (11)
in C:\xampp\htdocs\MPAPI\protected\models\MembershipTempModel.php (233)
in C:\xampp\htdocs\MPAPI\protected\controllers\MPapiController.php (1186)
2014/07/30 14:15:54 [error] [application] ReturnMessage: Registration failed. ErrorCode: 53
in C:\xampp\htdocs\MPAPI\protected\components\Utilities.php (11)
in C:\xampp\htdocs\MPAPI\protected\controllers\MPapiController.php (1324)
in C:\xampp\htdocs\MPAPI\index.php (13)
2014/07/30 14:29:04 [error] [system.db.CDbCommand] CDbCommand::execute() failed: SQLSTATE[23000]: Integrity constraint violation: 1452 Cannot add or update a child row: a foreign key constraint fails (`membership_temp`.`memberinfo`, CONSTRAINT `FK_memberinfo_ref_occupations_OccupationID` FOREIGN KEY (`OccupationID`) REFERENCES `ref_occupations` (`OccupationID`)). The SQL statement executed was: INSERT INTO memberinfo(MID, FirstName, MiddleName, LastName, NickName, Birthdate, Gender, Email, AlternateEmail, MobileNo, AlternateMobileNo, NationalityID, OccupationID, Address1, IdentificationID, IdentificationNumber, IsSmoker, DateCreated, ReferrerCode)
                        VALUES(:MID, :FirstName, :MiddleName, :LastName, :NickName, :Birthdate, :Gender, :Email, :AlternateEmail, :MobileNo, :AlternateMobileNo, :Nationality, :Occupation, :PermanentAdd, :IDPresented, :IDNumber, :IsSmoker, NOW(6), :ReferrerCode).
in C:\xampp\htdocs\MPAPI\protected\models\MembershipTempModel.php (208)
in C:\xampp\htdocs\MPAPI\protected\controllers\MPapiController.php (1042)
in C:\xampp\htdocs\MPAPI\index.php (13)
2014/07/30 14:29:04 [error] [application] CDbCommand failed to execute the SQL statement: SQLSTATE[23000]: Integrity constraint violation: 1452 Cannot add or update a child row: a foreign key constraint fails (`membership_temp`.`memberinfo`, CONSTRAINT `FK_memberinfo_ref_occupations_OccupationID` FOREIGN KEY (`OccupationID`) REFERENCES `ref_occupations` (`OccupationID`)). The SQL statement executed was: INSERT INTO memberinfo(MID, FirstName, MiddleName, LastName, NickName, Birthdate, Gender, Email, AlternateEmail, MobileNo, AlternateMobileNo, NationalityID, OccupationID, Address1, IdentificationID, IdentificationNumber, IsSmoker, DateCreated, ReferrerCode)
                        VALUES(:MID, :FirstName, :MiddleName, :LastName, :NickName, :Birthdate, :Gender, :Email, :AlternateEmail, :MobileNo, :AlternateMobileNo, :Nationality, :Occupation, :PermanentAdd, :IDPresented, :IDNumber, :IsSmoker, NOW(6), :ReferrerCode)
in C:\xampp\htdocs\MPAPI\protected\components\Utilities.php (11)
in C:\xampp\htdocs\MPAPI\protected\models\MembershipTempModel.php (233)
in C:\xampp\htdocs\MPAPI\protected\controllers\MPapiController.php (1042)
2014/07/30 14:29:04 [error] [system.db.CDbCommand] CDbCommand::execute() failed: SQLSTATE[23000]: Integrity constraint violation: 1452 Cannot add or update a child row: a foreign key constraint fails (`membership_temp`.`memberinfo`, CONSTRAINT `FK_memberinfo_ref_occupations_OccupationID` FOREIGN KEY (`OccupationID`) REFERENCES `ref_occupations` (`OccupationID`)). The SQL statement executed was: INSERT INTO memberinfo(MID, FirstName, MiddleName, LastName, NickName, Birthdate, Gender, Email, AlternateEmail, MobileNo, AlternateMobileNo, NationalityID, OccupationID, Address1, IdentificationID, IdentificationNumber, IsSmoker, DateCreated, ReferrerCode)
                        VALUES(:MID, :FirstName, :MiddleName, :LastName, :NickName, :Birthdate, :Gender, :Email, :AlternateEmail, :MobileNo, :AlternateMobileNo, :Nationality, :Occupation, :PermanentAdd, :IDPresented, :IDNumber, :IsSmoker, NOW(6), :ReferrerCode).
in C:\xampp\htdocs\MPAPI\protected\models\MembershipTempModel.php (208)
in C:\xampp\htdocs\MPAPI\protected\controllers\MPapiController.php (1186)
in C:\xampp\htdocs\MPAPI\index.php (13)
2014/07/30 14:29:04 [error] [application] CDbCommand failed to execute the SQL statement: SQLSTATE[23000]: Integrity constraint violation: 1452 Cannot add or update a child row: a foreign key constraint fails (`membership_temp`.`memberinfo`, CONSTRAINT `FK_memberinfo_ref_occupations_OccupationID` FOREIGN KEY (`OccupationID`) REFERENCES `ref_occupations` (`OccupationID`)). The SQL statement executed was: INSERT INTO memberinfo(MID, FirstName, MiddleName, LastName, NickName, Birthdate, Gender, Email, AlternateEmail, MobileNo, AlternateMobileNo, NationalityID, OccupationID, Address1, IdentificationID, IdentificationNumber, IsSmoker, DateCreated, ReferrerCode)
                        VALUES(:MID, :FirstName, :MiddleName, :LastName, :NickName, :Birthdate, :Gender, :Email, :AlternateEmail, :MobileNo, :AlternateMobileNo, :Nationality, :Occupation, :PermanentAdd, :IDPresented, :IDNumber, :IsSmoker, NOW(6), :ReferrerCode)
in C:\xampp\htdocs\MPAPI\protected\components\Utilities.php (11)
in C:\xampp\htdocs\MPAPI\protected\models\MembershipTempModel.php (233)
in C:\xampp\htdocs\MPAPI\protected\controllers\MPapiController.php (1186)
2014/07/30 14:29:04 [error] [application] ReturnMessage: Registration failed. ErrorCode: 53
in C:\xampp\htdocs\MPAPI\protected\components\Utilities.php (11)
in C:\xampp\htdocs\MPAPI\protected\controllers\MPapiController.php (1324)
in C:\xampp\htdocs\MPAPI\index.php (13)
2014/07/30 14:32:04 [error] [system.db.CDbCommand] CDbCommand::execute() failed: SQLSTATE[23000]: Integrity constraint violation: 1452 Cannot add or update a child row: a foreign key constraint fails (`membership_temp`.`memberinfo`, CONSTRAINT `FK_memberinfo_ref_occupations_OccupationID` FOREIGN KEY (`OccupationID`) REFERENCES `ref_occupations` (`OccupationID`)). The SQL statement executed was: INSERT INTO memberinfo(MID, FirstName, MiddleName, LastName, NickName, Birthdate, Gender, Email, AlternateEmail, MobileNo, AlternateMobileNo, NationalityID, OccupationID, Address1, IdentificationID, IdentificationNumber, IsSmoker, DateCreated, ReferrerCode)
                        VALUES(:MID, :FirstName, :MiddleName, :LastName, :NickName, :Birthdate, :Gender, :Email, :AlternateEmail, :MobileNo, :AlternateMobileNo, :Nationality, :Occupation, :PermanentAdd, :IDPresented, :IDNumber, :IsSmoker, NOW(6), :ReferrerCode).
in C:\xampp\htdocs\MPAPI\protected\models\MembershipTempModel.php (209)
in C:\xampp\htdocs\MPAPI\protected\controllers\MPapiController.php (1042)
in C:\xampp\htdocs\MPAPI\index.php (13)
2014/07/30 14:32:04 [error] [application] CDbCommand failed to execute the SQL statement: SQLSTATE[23000]: Integrity constraint violation: 1452 Cannot add or update a child row: a foreign key constraint fails (`membership_temp`.`memberinfo`, CONSTRAINT `FK_memberinfo_ref_occupations_OccupationID` FOREIGN KEY (`OccupationID`) REFERENCES `ref_occupations` (`OccupationID`)). The SQL statement executed was: INSERT INTO memberinfo(MID, FirstName, MiddleName, LastName, NickName, Birthdate, Gender, Email, AlternateEmail, MobileNo, AlternateMobileNo, NationalityID, OccupationID, Address1, IdentificationID, IdentificationNumber, IsSmoker, DateCreated, ReferrerCode)
                        VALUES(:MID, :FirstName, :MiddleName, :LastName, :NickName, :Birthdate, :Gender, :Email, :AlternateEmail, :MobileNo, :AlternateMobileNo, :Nationality, :Occupation, :PermanentAdd, :IDPresented, :IDNumber, :IsSmoker, NOW(6), :ReferrerCode)
in C:\xampp\htdocs\MPAPI\protected\components\Utilities.php (11)
in C:\xampp\htdocs\MPAPI\protected\models\MembershipTempModel.php (237)
in C:\xampp\htdocs\MPAPI\protected\controllers\MPapiController.php (1042)
2014/07/30 14:32:04 [error] [system.db.CDbCommand] CDbCommand::execute() failed: SQLSTATE[23000]: Integrity constraint violation: 1452 Cannot add or update a child row: a foreign key constraint fails (`membership_temp`.`memberinfo`, CONSTRAINT `FK_memberinfo_ref_occupations_OccupationID` FOREIGN KEY (`OccupationID`) REFERENCES `ref_occupations` (`OccupationID`)). The SQL statement executed was: INSERT INTO memberinfo(MID, FirstName, MiddleName, LastName, NickName, Birthdate, Gender, Email, AlternateEmail, MobileNo, AlternateMobileNo, NationalityID, OccupationID, Address1, IdentificationID, IdentificationNumber, IsSmoker, DateCreated, ReferrerCode)
                        VALUES(:MID, :FirstName, :MiddleName, :LastName, :NickName, :Birthdate, :Gender, :Email, :AlternateEmail, :MobileNo, :AlternateMobileNo, :Nationality, :Occupation, :PermanentAdd, :IDPresented, :IDNumber, :IsSmoker, NOW(6), :ReferrerCode).
in C:\xampp\htdocs\MPAPI\protected\models\MembershipTempModel.php (209)
in C:\xampp\htdocs\MPAPI\protected\controllers\MPapiController.php (1186)
in C:\xampp\htdocs\MPAPI\index.php (13)
2014/07/30 14:32:04 [error] [application] CDbCommand failed to execute the SQL statement: SQLSTATE[23000]: Integrity constraint violation: 1452 Cannot add or update a child row: a foreign key constraint fails (`membership_temp`.`memberinfo`, CONSTRAINT `FK_memberinfo_ref_occupations_OccupationID` FOREIGN KEY (`OccupationID`) REFERENCES `ref_occupations` (`OccupationID`)). The SQL statement executed was: INSERT INTO memberinfo(MID, FirstName, MiddleName, LastName, NickName, Birthdate, Gender, Email, AlternateEmail, MobileNo, AlternateMobileNo, NationalityID, OccupationID, Address1, IdentificationID, IdentificationNumber, IsSmoker, DateCreated, ReferrerCode)
                        VALUES(:MID, :FirstName, :MiddleName, :LastName, :NickName, :Birthdate, :Gender, :Email, :AlternateEmail, :MobileNo, :AlternateMobileNo, :Nationality, :Occupation, :PermanentAdd, :IDPresented, :IDNumber, :IsSmoker, NOW(6), :ReferrerCode)
in C:\xampp\htdocs\MPAPI\protected\components\Utilities.php (11)
in C:\xampp\htdocs\MPAPI\protected\models\MembershipTempModel.php (237)
in C:\xampp\htdocs\MPAPI\protected\controllers\MPapiController.php (1186)
2014/07/30 14:32:04 [error] [application] ReturnMessage: Registration failed. ErrorCode: 53
in C:\xampp\htdocs\MPAPI\protected\components\Utilities.php (11)
in C:\xampp\htdocs\MPAPI\protected\controllers\MPapiController.php (1324)
in C:\xampp\htdocs\MPAPI\index.php (13)
2014/07/30 08:34:46 [error] [system.db.CDbCommand] CDbCommand::execute() failed: SQLSTATE[23000]: Integrity constraint violation: 1452 Cannot add or update a child row: a foreign key constraint fails (`membership_temp`.`memberinfo`, CONSTRAINT `FK_memberinfo_ref_occupations_OccupationID` FOREIGN KEY (`OccupationID`) REFERENCES `ref_occupations` (`OccupationID`)). The SQL statement executed was: INSERT INTO memberinfo(MID, FirstName, MiddleName, LastName, NickName, Birthdate, Gender, Email, AlternateEmail, MobileNo, AlternateMobileNo, NationalityID, OccupationID, Address1, IdentificationID, IdentificationNumber, IsSmoker, DateCreated, ReferrerCode)
                        VALUES(:MID, :FirstName, :MiddleName, :LastName, :NickName, :Birthdate, :Gender, :Email, :AlternateEmail, :MobileNo, :AlternateMobileNo, :Nationality, :Occupation, :PermanentAdd, :IDPresented, :IDNumber, :IsSmoker, NOW(6), :ReferrerCode).
in C:\xampp\htdocs\MPAPI\protected\models\MembershipTempModel.php (209)
in C:\xampp\htdocs\MPAPI\protected\controllers\MPapiController.php (1042)
in C:\xampp\htdocs\MPAPI\index.php (13)
2014/07/30 08:34:46 [error] [application] CDbCommand failed to execute the SQL statement: SQLSTATE[23000]: Integrity constraint violation: 1452 Cannot add or update a child row: a foreign key constraint fails (`membership_temp`.`memberinfo`, CONSTRAINT `FK_memberinfo_ref_occupations_OccupationID` FOREIGN KEY (`OccupationID`) REFERENCES `ref_occupations` (`OccupationID`)). The SQL statement executed was: INSERT INTO memberinfo(MID, FirstName, MiddleName, LastName, NickName, Birthdate, Gender, Email, AlternateEmail, MobileNo, AlternateMobileNo, NationalityID, OccupationID, Address1, IdentificationID, IdentificationNumber, IsSmoker, DateCreated, ReferrerCode)
                        VALUES(:MID, :FirstName, :MiddleName, :LastName, :NickName, :Birthdate, :Gender, :Email, :AlternateEmail, :MobileNo, :AlternateMobileNo, :Nationality, :Occupation, :PermanentAdd, :IDPresented, :IDNumber, :IsSmoker, NOW(6), :ReferrerCode)
in C:\xampp\htdocs\MPAPI\protected\components\Utilities.php (11)
in C:\xampp\htdocs\MPAPI\protected\models\MembershipTempModel.php (237)
in C:\xampp\htdocs\MPAPI\protected\controllers\MPapiController.php (1042)
2014/07/30 08:34:46 [error] [system.db.CDbCommand] CDbCommand::execute() failed: SQLSTATE[23000]: Integrity constraint violation: 1452 Cannot add or update a child row: a foreign key constraint fails (`membership_temp`.`memberinfo`, CONSTRAINT `FK_memberinfo_ref_occupations_OccupationID` FOREIGN KEY (`OccupationID`) REFERENCES `ref_occupations` (`OccupationID`)). The SQL statement executed was: INSERT INTO memberinfo(MID, FirstName, MiddleName, LastName, NickName, Birthdate, Gender, Email, AlternateEmail, MobileNo, AlternateMobileNo, NationalityID, OccupationID, Address1, IdentificationID, IdentificationNumber, IsSmoker, DateCreated, ReferrerCode)
                        VALUES(:MID, :FirstName, :MiddleName, :LastName, :NickName, :Birthdate, :Gender, :Email, :AlternateEmail, :MobileNo, :AlternateMobileNo, :Nationality, :Occupation, :PermanentAdd, :IDPresented, :IDNumber, :IsSmoker, NOW(6), :ReferrerCode).
in C:\xampp\htdocs\MPAPI\protected\models\MembershipTempModel.php (209)
in C:\xampp\htdocs\MPAPI\protected\controllers\MPapiController.php (1186)
in C:\xampp\htdocs\MPAPI\index.php (13)
2014/07/30 08:34:46 [error] [application] CDbCommand failed to execute the SQL statement: SQLSTATE[23000]: Integrity constraint violation: 1452 Cannot add or update a child row: a foreign key constraint fails (`membership_temp`.`memberinfo`, CONSTRAINT `FK_memberinfo_ref_occupations_OccupationID` FOREIGN KEY (`OccupationID`) REFERENCES `ref_occupations` (`OccupationID`)). The SQL statement executed was: INSERT INTO memberinfo(MID, FirstName, MiddleName, LastName, NickName, Birthdate, Gender, Email, AlternateEmail, MobileNo, AlternateMobileNo, NationalityID, OccupationID, Address1, IdentificationID, IdentificationNumber, IsSmoker, DateCreated, ReferrerCode)
                        VALUES(:MID, :FirstName, :MiddleName, :LastName, :NickName, :Birthdate, :Gender, :Email, :AlternateEmail, :MobileNo, :AlternateMobileNo, :Nationality, :Occupation, :PermanentAdd, :IDPresented, :IDNumber, :IsSmoker, NOW(6), :ReferrerCode)
in C:\xampp\htdocs\MPAPI\protected\components\Utilities.php (11)
in C:\xampp\htdocs\MPAPI\protected\models\MembershipTempModel.php (237)
in C:\xampp\htdocs\MPAPI\protected\controllers\MPapiController.php (1186)
2014/07/30 08:44:01 [error] [system.db.CDbCommand] CDbCommand::execute() failed: SQLSTATE[23000]: Integrity constraint violation: 1452 Cannot add or update a child row: a foreign key constraint fails (`membership_temp`.`memberinfo`, CONSTRAINT `FK_memberinfo_ref_occupations_OccupationID` FOREIGN KEY (`OccupationID`) REFERENCES `ref_occupations` (`OccupationID`)). The SQL statement executed was: INSERT INTO memberinfo(MID, FirstName, MiddleName, LastName, NickName, Birthdate, Gender, Email, AlternateEmail, MobileNo, AlternateMobileNo, NationalityID, OccupationID, Address1, IdentificationID, IdentificationNumber, IsSmoker, DateCreated, ReferrerCode)
                        VALUES(:MID, :FirstName, :MiddleName, :LastName, :NickName, :Birthdate, :Gender, :Email, :AlternateEmail, :MobileNo, :AlternateMobileNo, :Nationality, :Occupation, :PermanentAdd, :IDPresented, :IDNumber, :IsSmoker, NOW(6), :ReferrerCode).
in C:\xampp\htdocs\MPAPI\protected\models\MembershipTempModel.php (212)
in C:\xampp\htdocs\MPAPI\protected\controllers\MPapiController.php (1042)
in C:\xampp\htdocs\MPAPI\index.php (13)
2014/07/30 08:44:01 [error] [application] CDbCommand failed to execute the SQL statement: SQLSTATE[23000]: Integrity constraint violation: 1452 Cannot add or update a child row: a foreign key constraint fails (`membership_temp`.`memberinfo`, CONSTRAINT `FK_memberinfo_ref_occupations_OccupationID` FOREIGN KEY (`OccupationID`) REFERENCES `ref_occupations` (`OccupationID`)). The SQL statement executed was: INSERT INTO memberinfo(MID, FirstName, MiddleName, LastName, NickName, Birthdate, Gender, Email, AlternateEmail, MobileNo, AlternateMobileNo, NationalityID, OccupationID, Address1, IdentificationID, IdentificationNumber, IsSmoker, DateCreated, ReferrerCode)
                        VALUES(:MID, :FirstName, :MiddleName, :LastName, :NickName, :Birthdate, :Gender, :Email, :AlternateEmail, :MobileNo, :AlternateMobileNo, :Nationality, :Occupation, :PermanentAdd, :IDPresented, :IDNumber, :IsSmoker, NOW(6), :ReferrerCode)
in C:\xampp\htdocs\MPAPI\protected\components\Utilities.php (11)
in C:\xampp\htdocs\MPAPI\protected\models\MembershipTempModel.php (240)
in C:\xampp\htdocs\MPAPI\protected\controllers\MPapiController.php (1042)
2014/07/30 15:15:59 [error] [application] ReturnMessage: Registration failed. ErrorCode: 53
in C:\xampp\htdocs\MPAPI\protected\components\Utilities.php (11)
in C:\xampp\htdocs\MPAPI\protected\controllers\MPapiController.php (1342)
in C:\xampp\htdocs\MPAPI\index.php (13)
2014/07/30 15:18:38 [error] [application] ReturnMessage: Registration failed. ErrorCode: 53
in C:\xampp\htdocs\MPAPI\protected\components\Utilities.php (11)
in C:\xampp\htdocs\MPAPI\protected\controllers\MPapiController.php (1344)
in C:\xampp\htdocs\MPAPI\index.php (13)
2014/07/30 09:23:19 [error] [system.db.CDbCommand] CDbCommand::fetch() failed: SQLSTATE[42S22]: Column not found: 1054 Unknown column 'SMSMethod' in 'where clause'. The SQL statement executed was: SELECT SMSTemplateID
                FROM ref_smsapimethods
                WHERE SMSMethod = :methodID.
in C:\xampp\htdocs\MPAPI\protected\models\Ref_SMSApiMethodsModel.php (38)
in C:\xampp\htdocs\MPAPI\protected\controllers\MPapiController.php (1137)
in C:\xampp\htdocs\MPAPI\index.php (13)
2014/07/30 09:23:20 [error] [exception.CDbException] exception 'CDbException' with message 'CDbCommand failed to execute the SQL statement: SQLSTATE[42S22]: Column not found: 1054 Unknown column 'SMSMethod' in 'where clause'. The SQL statement executed was: SELECT SMSTemplateID
                FROM ref_smsapimethods
                WHERE SMSMethod = :methodID' in C:\xampp\htdocs\yii\framework\db\CDbCommand.php:541
Stack trace:
#0 C:\xampp\htdocs\yii\framework\db\CDbCommand.php(414): CDbCommand->queryInternal('fetch', Array, Array)
#1 C:\xampp\htdocs\MPAPI\protected\models\Ref_SMSApiMethodsModel.php(38): CDbCommand->queryRow(true, Array)
#2 C:\xampp\htdocs\MPAPI\protected\controllers\MPapiController.php(1137): Ref_SMSApiMethodsModel->getSMSMethodTemplateID(3)
#3 C:\xampp\htdocs\yii\framework\web\actions\CInlineAction.php(49): MPapiController->actionRegisterMember()
#4 C:\xampp\htdocs\yii\framework\web\CController.php(308): CInlineAction->runWithParams(Array)
#5 C:\xampp\htdocs\yii\framework\web\CController.php(286): CController->runAction(Object(CInlineAction))
#6 C:\xampp\htdocs\yii\framework\web\CController.php(265): CController->runActionWithFilters(Object(CInlineAction), Array)
#7 C:\xampp\htdocs\yii\framework\web\CWebApplication.php(282): CController->run('registermember')
#8 C:\xampp\htdocs\yii\framework\web\CWebApplication.php(141): CWebApplication->runController('MPapi/registerm...')
#9 C:\xampp\htdocs\yii\framework\base\CApplication.php(169): CWebApplication->processRequest()
#10 C:\xampp\htdocs\MPAPI\index.php(13): CApplication->run()
#11 {main}
REQUEST_URI=/MPAPI/index.php/MPapi/registermember
---
2014/07/30 16:21:56 [error] [system.db.CDbCommand] CDbCommand::execute() failed: SQLSTATE[23000]: Integrity constraint violation: 1452 Cannot add or update a child row: a foreign key constraint fails (`membership`.`audittrail`, CONSTRAINT `FK_ref_auditfunctions_AuditFunctionID` FOREIGN KEY (`AuditFunctionID`) REFERENCES `ref_auditfunctions` (`AuditFunctionID`)). The SQL statement executed was: INSERT INTO audittrail(SessionID, ID, TransactionDetails, TransactionDateTime, RemoteIP, AuditFunctionID)
                    VALUES(:SessionID, :AID, :TransDetails, NOW(6), :RemoteIP, :AuditTrailFunctionID).
in C:\xampp\htdocs\MPAPI\protected\models\AuditTrailModel.php (104)
in C:\xampp\htdocs\MPAPI\protected\controllers\MPapiController.php (2079)
in C:\xampp\htdocs\MPAPI\index.php (13)
2014/07/30 16:21:56 [error] [application] CDbCommand failed to execute the SQL statement: SQLSTATE[23000]: Integrity constraint violation: 1452 Cannot add or update a child row: a foreign key constraint fails (`membership`.`audittrail`, CONSTRAINT `FK_ref_auditfunctions_AuditFunctionID` FOREIGN KEY (`AuditFunctionID`) REFERENCES `ref_auditfunctions` (`AuditFunctionID`)). The SQL statement executed was: INSERT INTO audittrail(SessionID, ID, TransactionDetails, TransactionDateTime, RemoteIP, AuditFunctionID)
                    VALUES(:SessionID, :AID, :TransDetails, NOW(6), :RemoteIP, :AuditTrailFunctionID)
in C:\xampp\htdocs\MPAPI\protected\components\Utilities.php (11)
in C:\xampp\htdocs\MPAPI\protected\models\AuditTrailModel.php (117)
in C:\xampp\htdocs\MPAPI\protected\controllers\MPapiController.php (2079)
2014/07/30 16:28:07 [error] [system.db.CDbCommand] CDbCommand::execute() failed: SQLSTATE[23000]: Integrity constraint violation: 1452 Cannot add or update a child row: a foreign key constraint fails (`membership`.`audittrail`, CONSTRAINT `FK_ref_auditfunctions_AuditFunctionID` FOREIGN KEY (`AuditFunctionID`) REFERENCES `ref_auditfunctions` (`AuditFunctionID`)). The SQL statement executed was: INSERT INTO audittrail(SessionID, ID, TransactionDetails, TransactionDateTime, RemoteIP, AuditFunctionID)
                    VALUES(:SessionID, :AID, :TransDetails, NOW(6), :RemoteIP, :AuditTrailFunctionID).
in C:\xampp\htdocs\MPAPI\protected\models\AuditTrailModel.php (104)
in C:\xampp\htdocs\MPAPI\protected\controllers\MPapiController.php (2079)
in C:\xampp\htdocs\MPAPI\index.php (13)
2014/07/30 16:28:07 [error] [application] CDbCommand failed to execute the SQL statement: SQLSTATE[23000]: Integrity constraint violation: 1452 Cannot add or update a child row: a foreign key constraint fails (`membership`.`audittrail`, CONSTRAINT `FK_ref_auditfunctions_AuditFunctionID` FOREIGN KEY (`AuditFunctionID`) REFERENCES `ref_auditfunctions` (`AuditFunctionID`)). The SQL statement executed was: INSERT INTO audittrail(SessionID, ID, TransactionDetails, TransactionDateTime, RemoteIP, AuditFunctionID)
                    VALUES(:SessionID, :AID, :TransDetails, NOW(6), :RemoteIP, :AuditTrailFunctionID)
in C:\xampp\htdocs\MPAPI\protected\components\Utilities.php (11)
in C:\xampp\htdocs\MPAPI\protected\models\AuditTrailModel.php (117)
in C:\xampp\htdocs\MPAPI\protected\controllers\MPapiController.php (2079)
2014/07/30 16:38:18 [error] [application] ReturnMessage: One or more fields is not set or is blank. ErrorCode: 1
in C:\xampp\htdocs\MPAPI\protected\components\Utilities.php (11)
in C:\xampp\htdocs\MPAPI\protected\controllers\MPapiController.php (261)
in C:\xampp\htdocs\MPAPI\index.php (13)
2014/07/30 17:14:32 [error] [system.db.CDbCommand] CDbCommand::execute() failed: SQLSTATE[23000]: Integrity constraint violation: 1452 Cannot add or update a child row: a foreign key constraint fails (`membership`.`audittrail`, CONSTRAINT `FK_ref_auditfunctions_AuditFunctionID` FOREIGN KEY (`AuditFunctionID`) REFERENCES `ref_auditfunctions` (`AuditFunctionID`)). The SQL statement executed was: INSERT INTO audittrail(SessionID, ID, TransactionDetails, TransactionDateTime, RemoteIP, AuditFunctionID)
                    VALUES(:SessionID, :AID, :TransDetails, NOW(6), :RemoteIP, :AuditTrailFunctionID).
in C:\xampp\htdocs\MPAPI\protected\models\AuditTrailModel.php (104)
in C:\xampp\htdocs\MPAPI\protected\controllers\MPapiController.php (2080)
in C:\xampp\htdocs\MPAPI\index.php (13)
2014/07/30 17:14:32 [error] [application] CDbCommand failed to execute the SQL statement: SQLSTATE[23000]: Integrity constraint violation: 1452 Cannot add or update a child row: a foreign key constraint fails (`membership`.`audittrail`, CONSTRAINT `FK_ref_auditfunctions_AuditFunctionID` FOREIGN KEY (`AuditFunctionID`) REFERENCES `ref_auditfunctions` (`AuditFunctionID`)). The SQL statement executed was: INSERT INTO audittrail(SessionID, ID, TransactionDetails, TransactionDateTime, RemoteIP, AuditFunctionID)
                    VALUES(:SessionID, :AID, :TransDetails, NOW(6), :RemoteIP, :AuditTrailFunctionID)
in C:\xampp\htdocs\MPAPI\protected\components\Utilities.php (11)
in C:\xampp\htdocs\MPAPI\protected\models\AuditTrailModel.php (117)
in C:\xampp\htdocs\MPAPI\protected\controllers\MPapiController.php (2080)
2014/07/30 18:09:56 [error] [application] ReturnMessage: Account is Banned. ErrorCode: 40
in C:\xampp\htdocs\MPAPI\protected\components\Utilities.php (11)
in C:\xampp\htdocs\MPAPI\protected\controllers\MPapiController.php (2757)
in C:\xampp\htdocs\MPAPI\index.php (13)
2014/07/30 18:10:09 [error] [application] ReturnMessage: Account is Banned. ErrorCode: 40
in C:\xampp\htdocs\MPAPI\protected\components\Utilities.php (11)
in C:\xampp\htdocs\MPAPI\protected\controllers\MPapiController.php (2757)
in C:\xampp\htdocs\MPAPI\index.php (13)
2014/07/30 18:10:18 [error] [application] ReturnMessage: Account is Banned. ErrorCode: 40
in C:\xampp\htdocs\MPAPI\protected\components\Utilities.php (11)
in C:\xampp\htdocs\MPAPI\protected\controllers\MPapiController.php (2757)
in C:\xampp\htdocs\MPAPI\index.php (13)
2014/07/30 18:10:25 [error] [application] ReturnMessage: Account is Banned. ErrorCode: 40
in C:\xampp\htdocs\MPAPI\protected\components\Utilities.php (11)
in C:\xampp\htdocs\MPAPI\protected\controllers\MPapiController.php (2757)
in C:\xampp\htdocs\MPAPI\index.php (13)
2014/07/30 18:20:40 [error] [application] ReturnMessage: Account is Banned. ErrorCode: 40
in C:\xampp\htdocs\MPAPI\protected\components\Utilities.php (11)
in C:\xampp\htdocs\MPAPI\protected\controllers\MPapiController.php (2757)
in C:\xampp\htdocs\MPAPI\index.php (13)
2014/07/30 18:25:15 [error] [system.db.CDbCommand] CDbCommand::execute() failed: SQLSTATE[23000]: Integrity constraint violation: 1452 Cannot add or update a child row: a foreign key constraint fails (`membership`.`audittrail`, CONSTRAINT `FK_ref_auditfunctions_AuditFunctionID` FOREIGN KEY (`AuditFunctionID`) REFERENCES `ref_auditfunctions` (`AuditFunctionID`)). The SQL statement executed was: INSERT INTO audittrail(SessionID, ID, TransactionDetails, TransactionDateTime, RemoteIP, AuditFunctionID)
                    VALUES(:SessionID, :AID, :TransDetails, NOW(6), :RemoteIP, :AuditTrailFunctionID).
in C:\xampp\htdocs\MPAPI\protected\models\AuditTrailModel.php (104)
in C:\xampp\htdocs\MPAPI\protected\controllers\MPapiController.php (2080)
in C:\xampp\htdocs\MPAPI\index.php (13)
2014/07/30 18:25:15 [error] [application] CDbCommand failed to execute the SQL statement: SQLSTATE[23000]: Integrity constraint violation: 1452 Cannot add or update a child row: a foreign key constraint fails (`membership`.`audittrail`, CONSTRAINT `FK_ref_auditfunctions_AuditFunctionID` FOREIGN KEY (`AuditFunctionID`) REFERENCES `ref_auditfunctions` (`AuditFunctionID`)). The SQL statement executed was: INSERT INTO audittrail(SessionID, ID, TransactionDetails, TransactionDateTime, RemoteIP, AuditFunctionID)
                    VALUES(:SessionID, :AID, :TransDetails, NOW(6), :RemoteIP, :AuditTrailFunctionID)
in C:\xampp\htdocs\MPAPI\protected\components\Utilities.php (11)
in C:\xampp\htdocs\MPAPI\protected\models\AuditTrailModel.php (117)
in C:\xampp\htdocs\MPAPI\protected\controllers\MPapiController.php (2080)
2014/07/30 18:28:54 [error] [system.db.CDbCommand] CDbCommand::execute() failed: SQLSTATE[23000]: Integrity constraint violation: 1452 Cannot add or update a child row: a foreign key constraint fails (`membership`.`audittrail`, CONSTRAINT `FK_ref_auditfunctions_AuditFunctionID` FOREIGN KEY (`AuditFunctionID`) REFERENCES `ref_auditfunctions` (`AuditFunctionID`)). The SQL statement executed was: INSERT INTO audittrail(SessionID, ID, TransactionDetails, TransactionDateTime, RemoteIP, AuditFunctionID)
                    VALUES(:SessionID, :AID, :TransDetails, NOW(6), :RemoteIP, :AuditTrailFunctionID).
in C:\xampp\htdocs\MPAPI\protected\models\AuditTrailModel.php (104)
in C:\xampp\htdocs\MPAPI\protected\controllers\MPapiController.php (2082)
in C:\xampp\htdocs\MPAPI\index.php (13)
2014/07/30 18:28:54 [error] [application] CDbCommand failed to execute the SQL statement: SQLSTATE[23000]: Integrity constraint violation: 1452 Cannot add or update a child row: a foreign key constraint fails (`membership`.`audittrail`, CONSTRAINT `FK_ref_auditfunctions_AuditFunctionID` FOREIGN KEY (`AuditFunctionID`) REFERENCES `ref_auditfunctions` (`AuditFunctionID`)). The SQL statement executed was: INSERT INTO audittrail(SessionID, ID, TransactionDetails, TransactionDateTime, RemoteIP, AuditFunctionID)
                    VALUES(:SessionID, :AID, :TransDetails, NOW(6), :RemoteIP, :AuditTrailFunctionID)
in C:\xampp\htdocs\MPAPI\protected\components\Utilities.php (11)
in C:\xampp\htdocs\MPAPI\protected\models\AuditTrailModel.php (117)
in C:\xampp\htdocs\MPAPI\protected\controllers\MPapiController.php (2082)
2014/07/30 18:35:25 [error] [application] ReturnMessage: Not connected. ErrorCode: 13
in C:\xampp\htdocs\MPAPI\protected\components\Utilities.php (11)
in C:\xampp\htdocs\MPAPI\protected\controllers\MPapiController.php (2060)
in C:\xampp\htdocs\MPAPI\index.php (13)
2014/07/30 19:05:55 [error] [system.db.CDbCommand] CDbCommand::execute() failed: SQLSTATE[23000]: Integrity constraint violation: 1452 Cannot add or update a child row: a foreign key constraint fails (`membership`.`audittrail`, CONSTRAINT `FK_ref_auditfunctions_AuditFunctionID` FOREIGN KEY (`AuditFunctionID`) REFERENCES `ref_auditfunctions` (`AuditFunctionID`)). The SQL statement executed was: INSERT INTO audittrail(SessionID, ID, TransactionDetails, TransactionDateTime, RemoteIP, AuditFunctionID)
                    VALUES(:SessionID, :AID, :TransDetails, NOW(6), :RemoteIP, :AuditTrailFunctionID).
in C:\xampp\htdocs\MPAPI\protected\models\AuditTrailModel.php (104)
in C:\xampp\htdocs\MPAPI\protected\controllers\MPapiController.php (2858)
in C:\xampp\htdocs\MPAPI\index.php (13)
2014/07/30 19:05:55 [error] [application] CDbCommand failed to execute the SQL statement: SQLSTATE[23000]: Integrity constraint violation: 1452 Cannot add or update a child row: a foreign key constraint fails (`membership`.`audittrail`, CONSTRAINT `FK_ref_auditfunctions_AuditFunctionID` FOREIGN KEY (`AuditFunctionID`) REFERENCES `ref_auditfunctions` (`AuditFunctionID`)). The SQL statement executed was: INSERT INTO audittrail(SessionID, ID, TransactionDetails, TransactionDateTime, RemoteIP, AuditFunctionID)
                    VALUES(:SessionID, :AID, :TransDetails, NOW(6), :RemoteIP, :AuditTrailFunctionID)
in C:\xampp\htdocs\MPAPI\protected\components\Utilities.php (11)
in C:\xampp\htdocs\MPAPI\protected\models\AuditTrailModel.php (117)
in C:\xampp\htdocs\MPAPI\protected\controllers\MPapiController.php (2858)
2014/07/30 19:17:18 [error] [application] ReturnMessage: Account is Invalid. ErrorCode: 38
in C:\xampp\htdocs\MPAPI\protected\components\Utilities.php (11)
in C:\xampp\htdocs\MPAPI\protected\controllers\MPapiController.php (185)
in C:\xampp\htdocs\MPAPI\protected\controllers\MPapiController.php (286)
