2014/06/25 11:29:36 [error] [application] Error Message: Member not found ErrorCode: 3
in C:\xampp\htdocs\MPAPI\protected\components\Utilities.php (11)
in C:\xampp\htdocs\MPAPI\protected\controllers\MPapiController.php (81)
in C:\xampp\htdocs\MPAPI\index.php (13)
2014/06/25 11:49:51 [error] [application] Error Message: Membership Card is Inactive ErrorCode: 7
in C:\xampp\htdocs\MPAPI\protected\components\Utilities.php (11)
in C:\xampp\htdocs\MPAPI\protected\controllers\MPapiController.php (211)
in C:\xampp\htdocs\MPAPI\index.php (13)
2014/06/25 11:50:06 [error] [application] Error Message: Membership Card is Inactive ErrorCode: 7
in C:\xampp\htdocs\MPAPI\protected\components\Utilities.php (11)
in C:\xampp\htdocs\MPAPI\protected\controllers\MPapiController.php (211)
in C:\xampp\htdocs\MPAPI\index.php (13)
2014/06/25 11:51:14 [error] [application] Error Message: Account Banned. ErrorCode: 14
in C:\xampp\htdocs\MPAPI\protected\components\Utilities.php (11)
in C:\xampp\htdocs\MPAPI\protected\controllers\MPapiController.php (613)
in C:\xampp\htdocs\MPAPI\index.php (13)
2014/06/25 11:51:37 [error] [application] Error Message: Account Banned. ErrorCode: 14
in C:\xampp\htdocs\MPAPI\protected\components\Utilities.php (11)
in C:\xampp\htdocs\MPAPI\protected\controllers\MPapiController.php (613)
in C:\xampp\htdocs\MPAPI\index.php (13)
2014/06/25 11:52:05 [error] [application] Error Message: Account Banned. ErrorCode: 14
in C:\xampp\htdocs\MPAPI\protected\components\Utilities.php (11)
in C:\xampp\htdocs\MPAPI\protected\controllers\MPapiController.php (613)
in C:\xampp\htdocs\MPAPI\index.php (13)
