2012/12/04 11:42:17 [error] [exception.CHttpException.403] exception 'CHttpException' with message 'You are not authorized to perform this action.' in C:\Program Files (x86)\Apache Software Foundation\Apache2.2\htdocs\framework\web\auth\CAccessControlFilter.php:158
Stack trace:
#0 C:\Program Files (x86)\Apache Software Foundation\Apache2.2\htdocs\framework\web\auth\CAccessControlFilter.php(120): CAccessControlFilter->accessDenied(Object(VMSUserAccessRights), 'You are not aut...')
#1 C:\Program Files (x86)\Apache Software Foundation\Apache2.2\htdocs\framework\web\filters\CFilter.php(39): CAccessControlFilter->preFilter(Object(CFilterChain))
#2 C:\Program Files (x86)\Apache Software Foundation\Apache2.2\htdocs\framework\web\CController.php(1144): CFilter->filter(Object(CFilterChain))
#3 C:\Program Files (x86)\Apache Software Foundation\Apache2.2\htdocs\framework\web\filters\CInlineFilter.php(59): CController->filterAccessControl(Object(CFilterChain))
#4 C:\Program Files (x86)\Apache Software Foundation\Apache2.2\htdocs\framework\web\filters\CFilterChain.php(131): CInlineFilter->filter(Object(CFilterChain))
#5 C:\Program Files (x86)\Apache Software Foundation\Apache2.2\htdocs\framework\web\CController.php(283): CFilterChain->run()
#6 C:\Program Files (x86)\Apache Software Foundation\Apache2.2\htdocs\framework\web\CController.php(257): CController->runActionWithFilters(Object(CInlineAction), Array)
#7 C:\Program Files (x86)\Apache Software Foundation\Apache2.2\htdocs\framework\web\CWebApplication.php(277): CController->run('ajaxchangestatu...')
#8 C:\Program Files (x86)\Apache Software Foundation\Apache2.2\htdocs\framework\web\CWebApplication.php(136): CWebApplication->runController('voucherbatch/aj...')
#9 C:\Program Files (x86)\Apache Software Foundation\Apache2.2\htdocs\framework\base\CApplication.php(158): CWebApplication->processRequest()
#10 C:\Program Files (x86)\Apache Software Foundation\Apache2.2\htdocs\VMS\index.php(13): CApplication->run()
#11 {main} REQUEST_URI=/VMS/index.php/voucherbatch/ajaxchangestatus?BatchNo=10&status=1&_=1354592537512
2012/12/04 11:43:08 [error] [exception.CHttpException.404] exception 'CHttpException' with message 'The system is unable to find the requested action "changestatus".' in C:\Program Files (x86)\Apache Software Foundation\Apache2.2\htdocs\framework\web\CController.php:477
Stack trace:
#0 C:\Program Files (x86)\Apache Software Foundation\Apache2.2\htdocs\framework\web\CController.php(262): CController->missingAction('changestatus')
#1 C:\Program Files (x86)\Apache Software Foundation\Apache2.2\htdocs\framework\web\CWebApplication.php(277): CController->run('changestatus')
#2 C:\Program Files (x86)\Apache Software Foundation\Apache2.2\htdocs\framework\web\CWebApplication.php(136): CWebApplication->runController('voucherbatch/ch...')
#3 C:\Program Files (x86)\Apache Software Foundation\Apache2.2\htdocs\framework\base\CApplication.php(158): CWebApplication->processRequest()
#4 C:\Program Files (x86)\Apache Software Foundation\Apache2.2\htdocs\VMS\index.php(13): CApplication->run()
#5 {main} REQUEST_URI=/VMS/index.php/voucherbatch/changestatus?BatchNo=12&status=0&_=1354592588359
2012/12/04 11:44:26 [error] [exception.CHttpException.404] exception 'CHttpException' with message 'The system is unable to find the requested action "changestatus".' in C:\Program Files (x86)\Apache Software Foundation\Apache2.2\htdocs\framework\web\CController.php:477
Stack trace:
#0 C:\Program Files (x86)\Apache Software Foundation\Apache2.2\htdocs\framework\web\CController.php(262): CController->missingAction('changestatus')
#1 C:\Program Files (x86)\Apache Software Foundation\Apache2.2\htdocs\framework\web\CWebApplication.php(277): CController->run('changestatus')
#2 C:\Program Files (x86)\Apache Software Foundation\Apache2.2\htdocs\framework\web\CWebApplication.php(136): CWebApplication->runController('voucherbatch/ch...')
#3 C:\Program Files (x86)\Apache Software Foundation\Apache2.2\htdocs\framework\base\CApplication.php(158): CWebApplication->processRequest()
#4 C:\Program Files (x86)\Apache Software Foundation\Apache2.2\htdocs\VMS\index.php(13): CApplication->run()
#5 {main} REQUEST_URI=/VMS/index.php/voucherbatch/changestatus?BatchNo=10&status=1&_=1354592666639
2012/12/04 12:57:39 [error] [exception.CHttpException.404] exception 'CHttpException' with message 'The system is unable to find the requested action "VoucherCode,Amount,DateCreated,DateExpiry849490919390562118,500.00,"2012-12-03 16:57:15.283535",2012-12-18812220273575750628,500.00,"2012-12-03 16:57:15.285414",2012-12-18834534202215771762,500.00,"2012-12-03 16:57:15.287479",2012-12-18651466986212566982,500.00,"2012-12-03 16:57:15.289217",2012-12-18684472043037959486,500.00,"2012-12-03 16:57:15.290876",2012-12-18".' in C:\Program Files (x86)\Apache Software Foundation\Apache2.2\htdocs\framework\web\CController.php:477
Stack trace:
#0 C:\Program Files (x86)\Apache Software Foundation\Apache2.2\htdocs\framework\web\CController.php(262): CController->missingAction('VoucherCode,Amo...')
#1 C:\Program Files (x86)\Apache Software Foundation\Apache2.2\htdocs\framework\web\CWebApplication.php(277): CController->run('VoucherCode,Amo...')
#2 C:\Program Files (x86)\Apache Software Foundation\Apache2.2\htdocs\framework\web\CWebApplication.php(136): CWebApplication->runController('voucherbatch/Vo...')
#3 C:\Program Files (x86)\Apache Software Foundation\Apache2.2\htdocs\framework\base\CApplication.php(158): CWebApplication->processRequest()
#4 C:\Program Files (x86)\Apache Software Foundation\Apache2.2\htdocs\VMS\index.php(13): CApplication->run()
#5 {main} REQUEST_URI=/VMS/index.php/voucherbatch/VoucherCode,Amount,DateCreated,DateExpiry849490919390562118,500.00,%222012-12-03%2016:57:15.283535%22,2012-12-18812220273575750628,500.00,%222012-12-03%2016:57:15.285414%22,2012-12-18834534202215771762,500.00,%222012-12-03%2016:57:15.287479%22,2012-12-18651466986212566982,500.00,%222012-12-03%2016:57:15.289217%22,2012-12-18684472043037959486,500.00,%222012-12-03%2016:57:15.290876%22,2012-12-18
2012/12/04 13:14:39 [error] [exception.CException] exception 'CException' with message 'Property "CDataColumn.style" is not defined.' in C:\Program Files (x86)\Apache Software Foundation\Apache2.2\htdocs\framework\base\CComponent.php:174
Stack trace:
#0 C:\Program Files (x86)\Apache Software Foundation\Apache2.2\htdocs\framework\YiiBase.php(225): CComponent->__set('style', 'width:100px')
#1 C:\Program Files (x86)\Apache Software Foundation\Apache2.2\htdocs\framework\zii\widgets\grid\CGridView.php(308): YiiBase::createComponent(Array, Object(CGridView))
#2 C:\Program Files (x86)\Apache Software Foundation\Apache2.2\htdocs\framework\zii\widgets\grid\CGridView.php(279): CGridView->initColumns()
#3 C:\Program Files (x86)\Apache Software Foundation\Apache2.2\htdocs\framework\web\CBaseController.php(140): CGridView->init()
#4 C:\Program Files (x86)\Apache Software Foundation\Apache2.2\htdocs\framework\web\CBaseController.php(165): CBaseController->createWidget('zii.widgets.gri...', Array)
#5 C:\Program Files (x86)\Apache Software Foundation\Apache2.2\htdocs\VMS\protected\views\voucherbatch\index.php(155): CBaseController->widget('zii.widgets.gri...', Array)
#6 C:\Program Files (x86)\Apache Software Foundation\Apache2.2\htdocs\framework\web\CBaseController.php(119): require('C:\Program File...')
#7 C:\Program Files (x86)\Apache Software Foundation\Apache2.2\htdocs\framework\web\CBaseController.php(88): CBaseController->renderInternal('C:\Program File...', Array, true)
#8 C:\Program Files (x86)\Apache Software Foundation\Apache2.2\htdocs\framework\web\CController.php(866): CBaseController->renderFile('C:\Program File...', Array, true)
#9 C:\Program Files (x86)\Apache Software Foundation\Apache2.2\htdocs\framework\web\CController.php(779): CController->renderPartial('index', Array, true)
#10 C:\Program Files (x86)\Apache Software Foundation\Apache2.2\htdocs\VMS\protected\controllers\VoucherbatchController.php(48): CController->render('index', Array)
#11 [internal function]: VoucherbatchController->actionManage(NULL)
#12 C:\Program Files (x86)\Apache Software Foundation\Apache2.2\htdocs\framework\web\actions\CAction.php(104): ReflectionMethod->invokeArgs(Object(VoucherbatchController), Array)
#13 C:\Program Files (x86)\Apache Software Foundation\Apache2.2\htdocs\framework\web\actions\CInlineAction.php(48): CAction->runWithParamsInternal(Object(VoucherbatchController), Object(ReflectionMethod), Array)
#14 C:\Program Files (x86)\Apache Software Foundation\Apache2.2\htdocs\framework\web\CController.php(300): CInlineAction->runWithParams(Array)
#15 C:\Program Files (x86)\Apache Software Foundation\Apache2.2\htdocs\framework\web\filters\CFilterChain.php(134): CController->runAction(Object(CInlineAction))
#16 C:\Program Files (x86)\Apache Software Foundation\Apache2.2\htdocs\framework\web\filters\CFilter.php(41): CFilterChain->run()
#17 C:\Program Files (x86)\Apache Software Foundation\Apache2.2\htdocs\framework\web\CController.php(1144): CFilter->filter(Object(CFilterChain))
#18 C:\Program Files (x86)\Apache Software Foundation\Apache2.2\htdocs\framework\web\filters\CInlineFilter.php(59): CController->filterAccessControl(Object(CFilterChain))
#19 C:\Program Files (x86)\Apache Software Foundation\Apache2.2\htdocs\framework\web\filters\CFilterChain.php(131): CInlineFilter->filter(Object(CFilterChain))
#20 C:\Program Files (x86)\Apache Software Foundation\Apache2.2\htdocs\framework\web\CController.php(283): CFilterChain->run()
#21 C:\Program Files (x86)\Apache Software Foundation\Apache2.2\htdocs\framework\web\CController.php(257): CController->runActionWithFilters(Object(CInlineAction), Array)
#22 C:\Program Files (x86)\Apache Software Foundation\Apache2.2\htdocs\framework\web\CWebApplication.php(277): CController->run('manage')
#23 C:\Program Files (x86)\Apache Software Foundation\Apache2.2\htdocs\framework\web\CWebApplication.php(136): CWebApplication->runController('voucherbatch/ma...')
#24 C:\Program Files (x86)\Apache Software Foundation\Apache2.2\htdocs\framework\base\CApplication.php(158): CWebApplication->processRequest()
#25 C:\Program Files (x86)\Apache Software Foundation\Apache2.2\htdocs\VMS\index.php(13): CApplication->run()
#26 {main} REQUEST_URI=/VMS/index.php/voucherbatch/manage
2012/12/04 13:44:06 [error] [exception.CException] exception 'CException' with message 'VoucherbatchController cannot find the requested view "_list".' in C:\Program Files (x86)\Apache Software Foundation\Apache2.2\htdocs\framework\web\CController.php:875
Stack trace:
#0 C:\Program Files (x86)\Apache Software Foundation\Apache2.2\htdocs\VMS\protected\controllers\VoucherbatchController.php(158): CController->renderPartial('_list', Array)
#1 C:\Program Files (x86)\Apache Software Foundation\Apache2.2\htdocs\framework\web\actions\CInlineAction.php(50): VoucherbatchController->actionList()
#2 C:\Program Files (x86)\Apache Software Foundation\Apache2.2\htdocs\framework\web\CController.php(300): CInlineAction->runWithParams(Array)
#3 C:\Program Files (x86)\Apache Software Foundation\Apache2.2\htdocs\framework\web\filters\CFilterChain.php(134): CController->runAction(Object(CInlineAction))
#4 C:\Program Files (x86)\Apache Software Foundation\Apache2.2\htdocs\framework\web\filters\CFilter.php(41): CFilterChain->run()
#5 C:\Program Files (x86)\Apache Software Foundation\Apache2.2\htdocs\framework\web\CController.php(1144): CFilter->filter(Object(CFilterChain))
#6 C:\Program Files (x86)\Apache Software Foundation\Apache2.2\htdocs\framework\web\filters\CInlineFilter.php(59): CController->filterAccessControl(Object(CFilterChain))
#7 C:\Program Files (x86)\Apache Software Foundation\Apache2.2\htdocs\framework\web\filters\CFilterChain.php(131): CInlineFilter->filter(Object(CFilterChain))
#8 C:\Program Files (x86)\Apache Software Foundation\Apache2.2\htdocs\framework\web\CController.php(283): CFilterChain->run()
#9 C:\Program Files (x86)\Apache Software Foundation\Apache2.2\htdocs\framework\web\CController.php(257): CController->runActionWithFilters(Object(CInlineAction), Array)
#10 C:\Program Files (x86)\Apache Software Foundation\Apache2.2\htdocs\framework\web\CWebApplication.php(277): CController->run('list')
#11 C:\Program Files (x86)\Apache Software Foundation\Apache2.2\htdocs\framework\web\CWebApplication.php(136): CWebApplication->runController('voucherbatch/li...')
#12 C:\Program Files (x86)\Apache Software Foundation\Apache2.2\htdocs\framework\base\CApplication.php(158): CWebApplication->processRequest()
#13 C:\Program Files (x86)\Apache Software Foundation\Apache2.2\htdocs\VMS\index.php(13): CApplication->run()
#14 {main} REQUEST_URI=/VMS/index.php/voucherbatch/list?batchno=12&_=1354599846273
2012/12/04 13:59:27 [error] [exception.CHttpException.404] exception 'CHttpException' with message 'Unable to resolve the request "voucher/manage".' in C:\Program Files (x86)\Apache Software Foundation\Apache2.2\htdocs\framework\web\CWebApplication.php:281
Stack trace:
#0 C:\Program Files (x86)\Apache Software Foundation\Apache2.2\htdocs\framework\web\CWebApplication.php(136): CWebApplication->runController('voucher/manage')
#1 C:\Program Files (x86)\Apache Software Foundation\Apache2.2\htdocs\framework\base\CApplication.php(158): CWebApplication->processRequest()
#2 C:\Program Files (x86)\Apache Software Foundation\Apache2.2\htdocs\VMS\index.php(13): CApplication->run()
#3 {main} REQUEST_URI=/VMS/index.php/voucher/manage
2012/12/04 14:11:56 [error] [exception.CHttpException.404] exception 'CHttpException' with message 'The system is unable to find the requested action "voucherbatch".' in C:\Program Files (x86)\Apache Software Foundation\Apache2.2\htdocs\framework\web\CController.php:477
Stack trace:
#0 C:\Program Files (x86)\Apache Software Foundation\Apache2.2\htdocs\framework\web\CController.php(262): CController->missingAction('voucherbatch')
#1 C:\Program Files (x86)\Apache Software Foundation\Apache2.2\htdocs\framework\web\CWebApplication.php(277): CController->run('voucherbatch')
#2 C:\Program Files (x86)\Apache Software Foundation\Apache2.2\htdocs\framework\web\CWebApplication.php(136): CWebApplication->runController('voucherbatch/vo...')
#3 C:\Program Files (x86)\Apache Software Foundation\Apache2.2\htdocs\framework\base\CApplication.php(158): CWebApplication->processRequest()
#4 C:\Program Files (x86)\Apache Software Foundation\Apache2.2\htdocs\VMS\index.php(13): CApplication->run()
#5 {main} REQUEST_URI=/VMS/index.php/voucherbatch/voucherbatch/exporttocsv?_=1354601516027
2012/12/04 14:37:08 [error] [exception.CHttpException.404] exception 'CHttpException' with message 'The system is unable to find the requested action "voucherbatch".' in C:\Program Files (x86)\Apache Software Foundation\Apache2.2\htdocs\framework\web\CController.php:477
Stack trace:
#0 C:\Program Files (x86)\Apache Software Foundation\Apache2.2\htdocs\framework\web\CController.php(262): CController->missingAction('voucherbatch')
#1 C:\Program Files (x86)\Apache Software Foundation\Apache2.2\htdocs\framework\web\CWebApplication.php(277): CController->run('voucherbatch')
#2 C:\Program Files (x86)\Apache Software Foundation\Apache2.2\htdocs\framework\web\CWebApplication.php(136): CWebApplication->runController('voucherbatch/vo...')
#3 C:\Program Files (x86)\Apache Software Foundation\Apache2.2\htdocs\framework\base\CApplication.php(158): CWebApplication->processRequest()
#4 C:\Program Files (x86)\Apache Software Foundation\Apache2.2\htdocs\VMS\index.php(13): CApplication->run()
#5 {main} REQUEST_URI=/VMS/index.php/voucherbatch/voucherbatch/exporttocsv?BatchNo=12
2012/12/04 17:22:52 [error] [exception.CHttpException.403] exception 'CHttpException' with message 'You are not authorized to perform this action.' in C:\Program Files (x86)\Apache Software Foundation\Apache2.2\htdocs\framework\web\auth\CAccessControlFilter.php:158
Stack trace:
#0 C:\Program Files (x86)\Apache Software Foundation\Apache2.2\htdocs\framework\web\auth\CAccessControlFilter.php(120): CAccessControlFilter->accessDenied(Object(VMSUserAccessRights), 'You are not aut...')
#1 C:\Program Files (x86)\Apache Software Foundation\Apache2.2\htdocs\framework\web\filters\CFilter.php(39): CAccessControlFilter->preFilter(Object(CFilterChain))
#2 C:\Program Files (x86)\Apache Software Foundation\Apache2.2\htdocs\framework\web\CController.php(1144): CFilter->filter(Object(CFilterChain))
#3 C:\Program Files (x86)\Apache Software Foundation\Apache2.2\htdocs\framework\web\filters\CInlineFilter.php(59): CController->filterAccessControl(Object(CFilterChain))
#4 C:\Program Files (x86)\Apache Software Foundation\Apache2.2\htdocs\framework\web\filters\CFilterChain.php(131): CInlineFilter->filter(Object(CFilterChain))
#5 C:\Program Files (x86)\Apache Software Foundation\Apache2.2\htdocs\framework\web\CController.php(283): CFilterChain->run()
#6 C:\Program Files (x86)\Apache Software Foundation\Apache2.2\htdocs\framework\web\CController.php(257): CController->runActionWithFilters(Object(CInlineAction), Array)
#7 C:\Program Files (x86)\Apache Software Foundation\Apache2.2\htdocs\framework\web\CWebApplication.php(277): CController->run('manage')
#8 C:\Program Files (x86)\Apache Software Foundation\Apache2.2\htdocs\framework\web\CWebApplication.php(136): CWebApplication->runController('voucherbatch/ma...')
#9 C:\Program Files (x86)\Apache Software Foundation\Apache2.2\htdocs\framework\base\CApplication.php(158): CWebApplication->processRequest()
#10 C:\Program Files (x86)\Apache Software Foundation\Apache2.2\htdocs\VMS\index.php(13): CApplication->run()
#11 {main} REQUEST_URI=/VMS/index.php/voucherbatch/manage
2012/12/04 19:18:04 [error] [exception.CException] exception 'CException' with message 'Property "CSort.defausltOrder" is not defined.' in C:\Program Files (x86)\Apache Software Foundation\Apache2.2\htdocs\framework\base\CComponent.php:174
Stack trace:
#0 C:\Program Files (x86)\Apache Software Foundation\Apache2.2\htdocs\framework\web\CDataProvider.php(114): CComponent->__set('defausltOrder', Array)
#1 C:\Program Files (x86)\Apache Software Foundation\Apache2.2\htdocs\framework\base\CComponent.php(153): CDataProvider->setSort(Array)
#2 C:\Program Files (x86)\Apache Software Foundation\Apache2.2\htdocs\framework\web\CArrayDataProvider.php(70): CComponent->__set('sort', Array)
#3 C:\Program Files (x86)\Apache Software Foundation\Apache2.2\htdocs\VMS\protected\controllers\VoucherbatchController.php(67): CArrayDataProvider->__construct(Array, Array)
#4 [internal function]: VoucherbatchController->actionManage(NULL)
#5 C:\Program Files (x86)\Apache Software Foundation\Apache2.2\htdocs\framework\web\actions\CAction.php(104): ReflectionMethod->invokeArgs(Object(VoucherbatchController), Array)
#6 C:\Program Files (x86)\Apache Software Foundation\Apache2.2\htdocs\framework\web\actions\CInlineAction.php(48): CAction->runWithParamsInternal(Object(VoucherbatchController), Object(ReflectionMethod), Array)
#7 C:\Program Files (x86)\Apache Software Foundation\Apache2.2\htdocs\framework\web\CController.php(300): CInlineAction->runWithParams(Array)
#8 C:\Program Files (x86)\Apache Software Foundation\Apache2.2\htdocs\framework\web\filters\CFilterChain.php(134): CController->runAction(Object(CInlineAction))
#9 C:\Program Files (x86)\Apache Software Foundation\Apache2.2\htdocs\framework\web\filters\CFilter.php(41): CFilterChain->run()
#10 C:\Program Files (x86)\Apache Software Foundation\Apache2.2\htdocs\framework\web\CController.php(1144): CFilter->filter(Object(CFilterChain))
#11 C:\Program Files (x86)\Apache Software Foundation\Apache2.2\htdocs\framework\web\filters\CInlineFilter.php(59): CController->filterAccessControl(Object(CFilterChain))
#12 C:\Program Files (x86)\Apache Software Foundation\Apache2.2\htdocs\framework\web\filters\CFilterChain.php(131): CInlineFilter->filter(Object(CFilterChain))
#13 C:\Program Files (x86)\Apache Software Foundation\Apache2.2\htdocs\framework\web\CController.php(283): CFilterChain->run()
#14 C:\Program Files (x86)\Apache Software Foundation\Apache2.2\htdocs\framework\web\CController.php(257): CController->runActionWithFilters(Object(CInlineAction), Array)
#15 C:\Program Files (x86)\Apache Software Foundation\Apache2.2\htdocs\framework\web\CWebApplication.php(277): CController->run('manage')
#16 C:\Program Files (x86)\Apache Software Foundation\Apache2.2\htdocs\framework\web\CWebApplication.php(136): CWebApplication->runController('voucherbatch/ma...')
#17 C:\Program Files (x86)\Apache Software Foundation\Apache2.2\htdocs\framework\base\CApplication.php(158): CWebApplication->processRequest()
#18 C:\Program Files (x86)\Apache Software Foundation\Apache2.2\htdocs\VMS\index.php(13): CApplication->run()
#19 {main} REQUEST_URI=/VMS/index.php/voucherbatch/manage?BatchNo=13&_=1354619884278
