2014/03/03 11:09:30 [error] [exception.CException] exception 'CException' with message 'Property "GenerationController.showdialog2" is not defined.' in C:\Apache2.2\htdocs\yii\framework\base\CComponent.php:130
Stack trace:
#0 C:\Apache2.2\htdocs\vms\protected\views\generation\index.php(87): CComponent->__get('showdialog2')
#1 C:\Apache2.2\htdocs\yii\framework\web\CBaseController.php(126): require('C:\Apache2.2\ht...')
#2 C:\Apache2.2\htdocs\yii\framework\web\CBaseController.php(95): CBaseController->renderInternal('C:\Apache2.2\ht...', Array, true)
#3 C:\Apache2.2\htdocs\yii\framework\web\CController.php(869): CBaseController->renderFile('C:\Apache2.2\ht...', Array, true)
#4 C:\Apache2.2\htdocs\yii\framework\web\CController.php(782): CController->renderPartial('index', Array, true)
#5 C:\Apache2.2\htdocs\vms\protected\controllers\GenerationController.php(146): CController->render('index', Array)
#6 C:\Apache2.2\htdocs\yii\framework\web\actions\CInlineAction.php(49): GenerationController->actionIndex()
#7 C:\Apache2.2\htdocs\yii\framework\web\CController.php(308): CInlineAction->runWithParams(Array)
#8 C:\Apache2.2\htdocs\yii\framework\web\filters\CFilterChain.php(133): CController->runAction(Object(CInlineAction))
#9 C:\Apache2.2\htdocs\yii\framework\web\filters\CFilter.php(40): CFilterChain->run()
#10 C:\Apache2.2\htdocs\yii\framework\web\CController.php(1145): CFilter->filter(Object(CFilterChain))
#11 C:\Apache2.2\htdocs\yii\framework\web\filters\CInlineFilter.php(58): CController->filterAccessControl(Object(CFilterChain))
#12 C:\Apache2.2\htdocs\yii\framework\web\filters\CFilterChain.php(130): CInlineFilter->filter(Object(CFilterChain))
#13 C:\Apache2.2\htdocs\yii\framework\web\CController.php(291): CFilterChain->run()
#14 C:\Apache2.2\htdocs\yii\framework\web\CController.php(265): CController->runActionWithFilters(Object(CInlineAction), Array)
#15 C:\Apache2.2\htdocs\yii\framework\web\CWebApplication.php(282): CController->run('index')
#16 C:\Apache2.2\htdocs\yii\framework\web\CWebApplication.php(141): CWebApplication->runController('generation/inde...')
#17 C:\Apache2.2\htdocs\yii\framework\base\CApplication.php(169): CWebApplication->processRequest()
#18 C:\Apache2.2\htdocs\vms\index.php(13): CApplication->run()
#19 {main}
REQUEST_URI=/vms/index.php/generation/index
HTTP_REFERER=http://localhost/vms/index.php/site/index
---
2014/03/03 11:49:14 [error] [exception.CHttpException.403] exception 'CHttpException' with message 'You are not authorized to perform this action.' in C:\Apache2.2\htdocs\yii\framework\web\auth\CAccessControlFilter.php:179
Stack trace:
#0 C:\Apache2.2\htdocs\yii\framework\web\auth\CAccessControlFilter.php(142): CAccessControlFilter->accessDenied(Object(VMSUserAccessRights), 'You are not aut...')
#1 C:\Apache2.2\htdocs\yii\framework\web\filters\CFilter.php(38): CAccessControlFilter->preFilter(Object(CFilterChain))
#2 C:\Apache2.2\htdocs\yii\framework\web\CController.php(1145): CFilter->filter(Object(CFilterChain))
#3 C:\Apache2.2\htdocs\yii\framework\web\filters\CInlineFilter.php(58): CController->filterAccessControl(Object(CFilterChain))
#4 C:\Apache2.2\htdocs\yii\framework\web\filters\CFilterChain.php(130): CInlineFilter->filter(Object(CFilterChain))
#5 C:\Apache2.2\htdocs\yii\framework\web\CController.php(291): CFilterChain->run()
#6 C:\Apache2.2\htdocs\yii\framework\web\CController.php(265): CController->runActionWithFilters(Object(CInlineAction), Array)
#7 C:\Apache2.2\htdocs\yii\framework\web\CWebApplication.php(282): CController->run('exportXls')
#8 C:\Apache2.2\htdocs\yii\framework\web\CWebApplication.php(141): CWebApplication->runController('changeStatusHis...')
#9 C:\Apache2.2\htdocs\yii\framework\base\CApplication.php(169): CWebApplication->processRequest()
#10 C:\Apache2.2\htdocs\vms\index.php(13): CApplication->run()
#11 {main}
REQUEST_URI=/vms/index.php/changeStatusHistory/exportXls
HTTP_REFERER=http://localhost/vms/index.php/changeStatusHistory/index
---
2014/03/03 11:49:33 [error] [php] Undefined index: ChangeStatusHistoryForm (C:\Apache2.2\htdocs\vms\protected\controllers\ChangeStatusHistoryController.php:116)
Stack trace:
#0 C:\Apache2.2\htdocs\yii\framework\web\filters\CFilterChain.php(133): ChangeStatusHistoryController->runAction()
#1 C:\Apache2.2\htdocs\yii\framework\web\filters\CFilter.php(40): CFilterChain->run()
#2 C:\Apache2.2\htdocs\yii\framework\web\CController.php(1145): CAccessControlFilter->filter()
#3 C:\Apache2.2\htdocs\yii\framework\web\filters\CInlineFilter.php(58): ChangeStatusHistoryController->filterAccessControl()
#4 C:\Apache2.2\htdocs\yii\framework\web\filters\CFilterChain.php(130): CInlineFilter->filter()
#5 C:\Apache2.2\htdocs\yii\framework\web\CController.php(291): CFilterChain->run()
#6 C:\Apache2.2\htdocs\yii\framework\web\CController.php(265): ChangeStatusHistoryController->runActionWithFilters()
#7 C:\Apache2.2\htdocs\yii\framework\web\CWebApplication.php(282): ChangeStatusHistoryController->run()
#8 C:\Apache2.2\htdocs\yii\framework\web\CWebApplication.php(141): CWebApplication->runController()
#9 C:\Apache2.2\htdocs\yii\framework\base\CApplication.php(169): CWebApplication->processRequest()
#10 C:\Apache2.2\htdocs\vms\index.php(13): CWebApplication->run()
REQUEST_URI=/vms/index.php/changeStatusHistory/exportXls
in C:\Apache2.2\htdocs\vms\protected\controllers\ChangeStatusHistoryController.php (116)
in C:\Apache2.2\htdocs\vms\index.php (13)
2014/03/03 11:49:37 [error] [php] Undefined index: ChangeStatusHistoryForm (C:\Apache2.2\htdocs\vms\protected\controllers\ChangeStatusHistoryController.php:116)
Stack trace:
#0 C:\Apache2.2\htdocs\yii\framework\web\filters\CFilterChain.php(133): ChangeStatusHistoryController->runAction()
#1 C:\Apache2.2\htdocs\yii\framework\web\filters\CFilter.php(40): CFilterChain->run()
#2 C:\Apache2.2\htdocs\yii\framework\web\CController.php(1145): CAccessControlFilter->filter()
#3 C:\Apache2.2\htdocs\yii\framework\web\filters\CInlineFilter.php(58): ChangeStatusHistoryController->filterAccessControl()
#4 C:\Apache2.2\htdocs\yii\framework\web\filters\CFilterChain.php(130): CInlineFilter->filter()
#5 C:\Apache2.2\htdocs\yii\framework\web\CController.php(291): CFilterChain->run()
#6 C:\Apache2.2\htdocs\yii\framework\web\CController.php(265): ChangeStatusHistoryController->runActionWithFilters()
#7 C:\Apache2.2\htdocs\yii\framework\web\CWebApplication.php(282): ChangeStatusHistoryController->run()
#8 C:\Apache2.2\htdocs\yii\framework\web\CWebApplication.php(141): CWebApplication->runController()
#9 C:\Apache2.2\htdocs\yii\framework\base\CApplication.php(169): CWebApplication->processRequest()
#10 C:\Apache2.2\htdocs\vms\index.php(13): CWebApplication->run()
REQUEST_URI=/vms/index.php/changeStatusHistory/exportXls
in C:\Apache2.2\htdocs\vms\protected\controllers\ChangeStatusHistoryController.php (116)
in C:\Apache2.2\htdocs\vms\index.php (13)
2014/03/03 11:51:43 [error] [exception.CHttpException.404] exception 'CHttpException' with message 'Unable to resolve the request "getChangeStatusHistory".' in C:\Apache2.2\htdocs\yii\framework\web\CWebApplication.php:286
Stack trace:
#0 C:\Apache2.2\htdocs\yii\framework\web\CWebApplication.php(141): CWebApplication->runController('getChangeStatus...')
#1 C:\Apache2.2\htdocs\yii\framework\base\CApplication.php(169): CWebApplication->processRequest()
#2 C:\Apache2.2\htdocs\vms\index.php(13): CApplication->run()
#3 {main}
REQUEST_URI=/vms/index.php/getChangeStatusHistory
HTTP_REFERER=http://localhost/vms/index.php/changeStatusHistory
---
2014/03/03 13:45:16 [error] [php] include(ExportExcel.php): failed to open stream: No such file or directory (C:\Apache2.2\htdocs\yii\framework\YiiBase.php:421)
Stack trace:
#0 C:\Apache2.2\htdocs\vms\protected\controllers\ChangeStatusHistoryController.php(140): spl_autoload_call()
#1 C:\Apache2.2\htdocs\yii\framework\web\actions\CInlineAction.php(49): ChangeStatusHistoryController->actionExportXls()
#2 C:\Apache2.2\htdocs\yii\framework\web\CController.php(308): CInlineAction->runWithParams()
#3 C:\Apache2.2\htdocs\yii\framework\web\filters\CFilterChain.php(133): ChangeStatusHistoryController->runAction()
#4 C:\Apache2.2\htdocs\yii\framework\web\filters\CFilter.php(40): CFilterChain->run()
#5 C:\Apache2.2\htdocs\yii\framework\web\CController.php(1145): CAccessControlFilter->filter()
#6 C:\Apache2.2\htdocs\yii\framework\web\filters\CInlineFilter.php(58): ChangeStatusHistoryController->filterAccessControl()
#7 C:\Apache2.2\htdocs\yii\framework\web\filters\CFilterChain.php(130): CInlineFilter->filter()
#8 C:\Apache2.2\htdocs\yii\framework\web\CController.php(291): CFilterChain->run()
#9 C:\Apache2.2\htdocs\yii\framework\web\CController.php(265): ChangeStatusHistoryController->runActionWithFilters()
#10 C:\Apache2.2\htdocs\yii\framework\web\CWebApplication.php(282): ChangeStatusHistoryController->run()
#11 C:\Apache2.2\htdocs\yii\framework\web\CWebApplication.php(141): CWebApplication->runController()
#12 C:\Apache2.2\htdocs\yii\framework\base\CApplication.php(169): CWebApplication->processRequest()
#13 C:\Apache2.2\htdocs\vms\index.php(13): CWebApplication->run()
REQUEST_URI=/vms/index.php/changeStatusHistory/exportXls
in C:\Apache2.2\htdocs\vms\protected\controllers\ChangeStatusHistoryController.php (140)
in C:\Apache2.2\htdocs\vms\index.php (13)
2014/03/03 13:47:16 [error] [php] include(ExportExcel.php): failed to open stream: No such file or directory (C:\Apache2.2\htdocs\yii\framework\YiiBase.php:421)
Stack trace:
#0 C:\Apache2.2\htdocs\vms\protected\controllers\ChangeStatusHistoryController.php(140): spl_autoload_call()
#1 C:\Apache2.2\htdocs\yii\framework\web\actions\CInlineAction.php(49): ChangeStatusHistoryController->actionExportXls()
#2 C:\Apache2.2\htdocs\yii\framework\web\CController.php(308): CInlineAction->runWithParams()
#3 C:\Apache2.2\htdocs\yii\framework\web\filters\CFilterChain.php(133): ChangeStatusHistoryController->runAction()
#4 C:\Apache2.2\htdocs\yii\framework\web\filters\CFilter.php(40): CFilterChain->run()
#5 C:\Apache2.2\htdocs\yii\framework\web\CController.php(1145): CAccessControlFilter->filter()
#6 C:\Apache2.2\htdocs\yii\framework\web\filters\CInlineFilter.php(58): ChangeStatusHistoryController->filterAccessControl()
#7 C:\Apache2.2\htdocs\yii\framework\web\filters\CFilterChain.php(130): CInlineFilter->filter()
#8 C:\Apache2.2\htdocs\yii\framework\web\CController.php(291): CFilterChain->run()
#9 C:\Apache2.2\htdocs\yii\framework\web\CController.php(265): ChangeStatusHistoryController->runActionWithFilters()
#10 C:\Apache2.2\htdocs\yii\framework\web\CWebApplication.php(282): ChangeStatusHistoryController->run()
#11 C:\Apache2.2\htdocs\yii\framework\web\CWebApplication.php(141): CWebApplication->runController()
#12 C:\Apache2.2\htdocs\yii\framework\base\CApplication.php(169): CWebApplication->processRequest()
#13 C:\Apache2.2\htdocs\vms\index.php(13): CWebApplication->run()
REQUEST_URI=/vms/index.php/changeStatusHistory/exportXls
in C:\Apache2.2\htdocs\vms\protected\controllers\ChangeStatusHistoryController.php (140)
in C:\Apache2.2\htdocs\vms\index.php (13)
2014/03/03 13:47:45 [error] [exception.CHttpException.404] exception 'CHttpException' with message 'Unable to resolve the request "getChangeStatusHistory".' in C:\Apache2.2\htdocs\yii\framework\web\CWebApplication.php:286
Stack trace:
#0 C:\Apache2.2\htdocs\yii\framework\web\CWebApplication.php(141): CWebApplication->runController('getChangeStatus...')
#1 C:\Apache2.2\htdocs\yii\framework\base\CApplication.php(169): CWebApplication->processRequest()
#2 C:\Apache2.2\htdocs\vms\index.php(13): CApplication->run()
#3 {main}
REQUEST_URI=/vms/index.php/getChangeStatusHistory
HTTP_REFERER=http://localhost/vms/index.php/changeStatusHistory
---
2014/03/03 13:47:47 [error] [exception.CHttpException.404] exception 'CHttpException' with message 'Unable to resolve the request "exportXls".' in C:\Apache2.2\htdocs\yii\framework\web\CWebApplication.php:286
Stack trace:
#0 C:\Apache2.2\htdocs\yii\framework\web\CWebApplication.php(141): CWebApplication->runController('exportXls')
#1 C:\Apache2.2\htdocs\yii\framework\base\CApplication.php(169): CWebApplication->processRequest()
#2 C:\Apache2.2\htdocs\vms\index.php(13): CApplication->run()
#3 {main}
REQUEST_URI=/vms/index.php/exportXls
HTTP_REFERER=http://localhost/vms/index.php/changeStatusHistory
---
2014/03/03 13:48:46 [error] [php] include(ExportExcel.php): failed to open stream: No such file or directory (C:\Apache2.2\htdocs\yii\framework\YiiBase.php:421)
Stack trace:
#0 C:\Apache2.2\htdocs\vms\protected\controllers\ChangeStatusHistoryController.php(140): spl_autoload_call()
#1 C:\Apache2.2\htdocs\yii\framework\web\actions\CInlineAction.php(49): ChangeStatusHistoryController->actionExportXls()
#2 C:\Apache2.2\htdocs\yii\framework\web\CController.php(308): CInlineAction->runWithParams()
#3 C:\Apache2.2\htdocs\yii\framework\web\filters\CFilterChain.php(133): ChangeStatusHistoryController->runAction()
#4 C:\Apache2.2\htdocs\yii\framework\web\filters\CFilter.php(40): CFilterChain->run()
#5 C:\Apache2.2\htdocs\yii\framework\web\CController.php(1145): CAccessControlFilter->filter()
#6 C:\Apache2.2\htdocs\yii\framework\web\filters\CInlineFilter.php(58): ChangeStatusHistoryController->filterAccessControl()
#7 C:\Apache2.2\htdocs\yii\framework\web\filters\CFilterChain.php(130): CInlineFilter->filter()
#8 C:\Apache2.2\htdocs\yii\framework\web\CController.php(291): CFilterChain->run()
#9 C:\Apache2.2\htdocs\yii\framework\web\CController.php(265): ChangeStatusHistoryController->runActionWithFilters()
#10 C:\Apache2.2\htdocs\yii\framework\web\CWebApplication.php(282): ChangeStatusHistoryController->run()
#11 C:\Apache2.2\htdocs\yii\framework\web\CWebApplication.php(141): CWebApplication->runController()
#12 C:\Apache2.2\htdocs\yii\framework\base\CApplication.php(169): CWebApplication->processRequest()
#13 C:\Apache2.2\htdocs\vms\index.php(13): CWebApplication->run()
REQUEST_URI=/vms/index.php/changeStatusHistory/exportXls
in C:\Apache2.2\htdocs\vms\protected\controllers\ChangeStatusHistoryController.php (140)
in C:\Apache2.2\htdocs\vms\index.php (13)
2014/03/03 13:52:04 [error] [php] include(ExportExcel.php): failed to open stream: No such file or directory (C:\Apache2.2\htdocs\yii\framework\YiiBase.php:421)
Stack trace:
#0 C:\Apache2.2\htdocs\vms\protected\controllers\ChangeStatusHistoryController.php(140): spl_autoload_call()
#1 C:\Apache2.2\htdocs\yii\framework\web\actions\CInlineAction.php(49): ChangeStatusHistoryController->actionExportXls()
#2 C:\Apache2.2\htdocs\yii\framework\web\CController.php(308): CInlineAction->runWithParams()
#3 C:\Apache2.2\htdocs\yii\framework\web\filters\CFilterChain.php(133): ChangeStatusHistoryController->runAction()
#4 C:\Apache2.2\htdocs\yii\framework\web\filters\CFilter.php(40): CFilterChain->run()
#5 C:\Apache2.2\htdocs\yii\framework\web\CController.php(1145): CAccessControlFilter->filter()
#6 C:\Apache2.2\htdocs\yii\framework\web\filters\CInlineFilter.php(58): ChangeStatusHistoryController->filterAccessControl()
#7 C:\Apache2.2\htdocs\yii\framework\web\filters\CFilterChain.php(130): CInlineFilter->filter()
#8 C:\Apache2.2\htdocs\yii\framework\web\CController.php(291): CFilterChain->run()
#9 C:\Apache2.2\htdocs\yii\framework\web\CController.php(265): ChangeStatusHistoryController->runActionWithFilters()
#10 C:\Apache2.2\htdocs\yii\framework\web\CWebApplication.php(282): ChangeStatusHistoryController->run()
#11 C:\Apache2.2\htdocs\yii\framework\web\CWebApplication.php(141): CWebApplication->runController()
#12 C:\Apache2.2\htdocs\yii\framework\base\CApplication.php(169): CWebApplication->processRequest()
#13 C:\Apache2.2\htdocs\vms\index.php(13): CWebApplication->run()
REQUEST_URI=/vms/index.php/changeStatusHistory/exportXls
in C:\Apache2.2\htdocs\vms\protected\controllers\ChangeStatusHistoryController.php (140)
in C:\Apache2.2\htdocs\vms\index.php (13)
2014/03/03 13:54:08 [error] [php] include(ExportExcel.php): failed to open stream: No such file or directory (C:\Apache2.2\htdocs\yii\framework\YiiBase.php:421)
Stack trace:
#0 C:\Apache2.2\htdocs\vms\protected\controllers\ChangeStatusHistoryController.php(140): spl_autoload_call()
#1 C:\Apache2.2\htdocs\yii\framework\web\actions\CInlineAction.php(49): ChangeStatusHistoryController->actionExportXls()
#2 C:\Apache2.2\htdocs\yii\framework\web\CController.php(308): CInlineAction->runWithParams()
#3 C:\Apache2.2\htdocs\yii\framework\web\filters\CFilterChain.php(133): ChangeStatusHistoryController->runAction()
#4 C:\Apache2.2\htdocs\yii\framework\web\filters\CFilter.php(40): CFilterChain->run()
#5 C:\Apache2.2\htdocs\yii\framework\web\CController.php(1145): CAccessControlFilter->filter()
#6 C:\Apache2.2\htdocs\yii\framework\web\filters\CInlineFilter.php(58): ChangeStatusHistoryController->filterAccessControl()
#7 C:\Apache2.2\htdocs\yii\framework\web\filters\CFilterChain.php(130): CInlineFilter->filter()
#8 C:\Apache2.2\htdocs\yii\framework\web\CController.php(291): CFilterChain->run()
#9 C:\Apache2.2\htdocs\yii\framework\web\CController.php(265): ChangeStatusHistoryController->runActionWithFilters()
#10 C:\Apache2.2\htdocs\yii\framework\web\CWebApplication.php(282): ChangeStatusHistoryController->run()
#11 C:\Apache2.2\htdocs\yii\framework\web\CWebApplication.php(141): CWebApplication->runController()
#12 C:\Apache2.2\htdocs\yii\framework\base\CApplication.php(169): CWebApplication->processRequest()
#13 C:\Apache2.2\htdocs\vms\index.php(13): CWebApplication->run()
REQUEST_URI=/vms/index.php/changeStatusHistory/exportXls
in C:\Apache2.2\htdocs\vms\protected\controllers\ChangeStatusHistoryController.php (140)
in C:\Apache2.2\htdocs\vms\index.php (13)
