2014/07/31 16:13:04 [error] [system.db.CDbCommand] CDbCommand::execute() failed: SQLSTATE[23000]: Integrity constraint violation: 1062 Duplicate entry 'RWETDSHGS439' for key 'UK_egmrequestlogs_TrackingID'. The SQL statement executed was: INSERT INTO egmrequestlogs(TrackingID, ReportedAmount, Status, 
                    TransactionType, SiteID, TerminalID, ServiceID, LoyaltyCardNumber, MID, DateLastUpdated) 
                    VALUES(:tracking_id, :amount, :status, :trans_type, :site_id,
                    :terminal_id, :service_id, :card_number, :mid, NOW(6)).
in C:\Apache2.2\htdocs\kronus-egm-ws-abbott\protected\models\GamingRequestLogs.php (53)
in C:\Apache2.2\htdocs\kronus-egm-ws-abbott\protected\controllers\WsKapiController.php (1625)
in C:\Apache2.2\htdocs\kronus-egm-ws-abbott\index.php (13)
2014/07/31 16:13:04 [error] [application] CDbCommand failed to execute the SQL statement: SQLSTATE[23000]: Integrity constraint violation: 1062 Duplicate entry 'RWETDSHGS439' for key 'UK_egmrequestlogs_TrackingID'. The SQL statement executed was: INSERT INTO egmrequestlogs(TrackingID, ReportedAmount, Status, 
                    TransactionType, SiteID, TerminalID, ServiceID, LoyaltyCardNumber, MID, DateLastUpdated) 
                    VALUES(:tracking_id, :amount, :status, :trans_type, :site_id,
                    :terminal_id, :service_id, :card_number, :mid, NOW(6))
in C:\Apache2.2\htdocs\kronus-egm-ws-abbott\protected\components\Utilities.php (12)
in C:\Apache2.2\htdocs\kronus-egm-ws-abbott\protected\models\GamingRequestLogs.php (70)
in C:\Apache2.2\htdocs\kronus-egm-ws-abbott\protected\controllers\WsKapiController.php (1625)
2014/07/31 16:14:08 [error] [system.db.CDbCommand] CDbCommand::execute() failed: SQLSTATE[23000]: Integrity constraint violation: 1062 Duplicate entry 'RWETDSHGS439' for key 'UK_egmrequestlogs_TrackingID'. The SQL statement executed was: INSERT INTO egmrequestlogs(TrackingID, ReportedAmount, Status, 
                    TransactionType, SiteID, TerminalID, ServiceID, LoyaltyCardNumber, MID, DateLastUpdated) 
                    VALUES(:tracking_id, :amount, :status, :trans_type, :site_id,
                    :terminal_id, :service_id, :card_number, :mid, NOW(6)).
in C:\Apache2.2\htdocs\kronus-egm-ws-abbott\protected\models\GamingRequestLogs.php (53)
in C:\Apache2.2\htdocs\kronus-egm-ws-abbott\protected\controllers\WsKapiController.php (1625)
in C:\Apache2.2\htdocs\kronus-egm-ws-abbott\index.php (13)
2014/07/31 16:14:08 [error] [application] CDbCommand failed to execute the SQL statement: SQLSTATE[23000]: Integrity constraint violation: 1062 Duplicate entry 'RWETDSHGS439' for key 'UK_egmrequestlogs_TrackingID'. The SQL statement executed was: INSERT INTO egmrequestlogs(TrackingID, ReportedAmount, Status, 
                    TransactionType, SiteID, TerminalID, ServiceID, LoyaltyCardNumber, MID, DateLastUpdated) 
                    VALUES(:tracking_id, :amount, :status, :trans_type, :site_id,
                    :terminal_id, :service_id, :card_number, :mid, NOW(6))
in C:\Apache2.2\htdocs\kronus-egm-ws-abbott\protected\components\Utilities.php (12)
in C:\Apache2.2\htdocs\kronus-egm-ws-abbott\protected\models\GamingRequestLogs.php (70)
in C:\Apache2.2\htdocs\kronus-egm-ws-abbott\protected\controllers\WsKapiController.php (1625)
2014/07/31 16:17:41 [error] [system.db.CDbCommand] CDbCommand::execute() failed: SQLSTATE[23000]: Integrity constraint violation: 1062 Duplicate entry 'TRACKAPR22JG37A' for key 'UK_egmrequestlogs_TrackingID'. The SQL statement executed was: INSERT INTO egmrequestlogs(TrackingID, ReportedAmount, Status, 
                    TransactionType, SiteID, TerminalID, ServiceID, LoyaltyCardNumber, MID, DateLastUpdated) 
                    VALUES(:tracking_id, :amount, :status, :trans_type, :site_id,
                    :terminal_id, :service_id, :card_number, :mid, NOW(6)).
in C:\Apache2.2\htdocs\kronus-egm-ws-abbott\protected\models\GamingRequestLogs.php (53)
in C:\Apache2.2\htdocs\kronus-egm-ws-abbott\protected\controllers\WsKapiController.php (2402)
in C:\Apache2.2\htdocs\kronus-egm-ws-abbott\index.php (13)
2014/07/31 16:17:41 [error] [application] CDbCommand failed to execute the SQL statement: SQLSTATE[23000]: Integrity constraint violation: 1062 Duplicate entry 'TRACKAPR22JG37A' for key 'UK_egmrequestlogs_TrackingID'. The SQL statement executed was: INSERT INTO egmrequestlogs(TrackingID, ReportedAmount, Status, 
                    TransactionType, SiteID, TerminalID, ServiceID, LoyaltyCardNumber, MID, DateLastUpdated) 
                    VALUES(:tracking_id, :amount, :status, :trans_type, :site_id,
                    :terminal_id, :service_id, :card_number, :mid, NOW(6))
in C:\Apache2.2\htdocs\kronus-egm-ws-abbott\protected\components\Utilities.php (12)
in C:\Apache2.2\htdocs\kronus-egm-ws-abbott\protected\models\GamingRequestLogs.php (70)
in C:\Apache2.2\htdocs\kronus-egm-ws-abbott\protected\controllers\WsKapiController.php (2402)
