2015/06/22 09:16:18 [error] [php] explode() expects parameter 2 to be string, array given (C:\xampp\htdocs\kronus-egm-ws-abbott\protected\models\MemberInfoModel.php:37)
Stack trace:
#0 C:\xampp\htdocs\yii\framework\web\actions\CInlineAction.php(49): WsKapiController->actionGetMembershipInfo()
#1 C:\xampp\htdocs\yii\framework\web\CController.php(308): CInlineAction->runWithParams()
#2 C:\xampp\htdocs\yii\framework\web\CController.php(286): WsKapiController->runAction()
#3 C:\xampp\htdocs\yii\framework\web\CController.php(265): WsKapiController->runActionWithFilters()
#4 C:\xampp\htdocs\yii\framework\web\CWebApplication.php(282): WsKapiController->run()
#5 C:\xampp\htdocs\yii\framework\web\CWebApplication.php(141): CWebApplication->runController()
#6 C:\xampp\htdocs\yii\framework\base\CApplication.php(169): CWebApplication->processRequest()
#7 C:\xampp\htdocs\kronus-egm-ws-abbott\index.php(13): CWebApplication->run()
REQUEST_URI=/kronus-egm-ws-abbott/index.php/wsKapi/getmembershipinfo
in C:\xampp\htdocs\kronus-egm-ws-abbott\protected\models\MemberInfoModel.php (37)
in C:\xampp\htdocs\kronus-egm-ws-abbott\protected\controllers\WsKapiController.php (594)
in C:\xampp\htdocs\kronus-egm-ws-abbott\index.php (13)
2015/06/22 09:17:13 [error] [php] Undefined index: OUTfldListRet (C:\xampp\htdocs\kronus-egm-ws-abbott\protected\models\MemberInfoModel.php:37)
Stack trace:
#0 C:\xampp\htdocs\yii\framework\web\CController.php(308): CInlineAction->runWithParams()
#1 C:\xampp\htdocs\yii\framework\web\CController.php(286): WsKapiController->runAction()
#2 C:\xampp\htdocs\yii\framework\web\CController.php(265): WsKapiController->runActionWithFilters()
#3 C:\xampp\htdocs\yii\framework\web\CWebApplication.php(282): WsKapiController->run()
#4 C:\xampp\htdocs\yii\framework\web\CWebApplication.php(141): CWebApplication->runController()
#5 C:\xampp\htdocs\yii\framework\base\CApplication.php(169): CWebApplication->processRequest()
#6 C:\xampp\htdocs\kronus-egm-ws-abbott\index.php(13): CWebApplication->run()
REQUEST_URI=/kronus-egm-ws-abbott/index.php/wsKapi/getmembershipinfo
in C:\xampp\htdocs\kronus-egm-ws-abbott\protected\models\MemberInfoModel.php (37)
in C:\xampp\htdocs\kronus-egm-ws-abbott\protected\controllers\WsKapiController.php (594)
in C:\xampp\htdocs\kronus-egm-ws-abbott\index.php (13)
2015/06/22 09:17:20 [error] [php] Undefined index: OUT_fldListRet (C:\xampp\htdocs\kronus-egm-ws-abbott\protected\models\MemberInfoModel.php:37)
Stack trace:
#0 C:\xampp\htdocs\yii\framework\web\CController.php(308): CInlineAction->runWithParams()
#1 C:\xampp\htdocs\yii\framework\web\CController.php(286): WsKapiController->runAction()
#2 C:\xampp\htdocs\yii\framework\web\CController.php(265): WsKapiController->runActionWithFilters()
#3 C:\xampp\htdocs\yii\framework\web\CWebApplication.php(282): WsKapiController->run()
#4 C:\xampp\htdocs\yii\framework\web\CWebApplication.php(141): CWebApplication->runController()
#5 C:\xampp\htdocs\yii\framework\base\CApplication.php(169): CWebApplication->processRequest()
#6 C:\xampp\htdocs\kronus-egm-ws-abbott\index.php(13): CWebApplication->run()
REQUEST_URI=/kronus-egm-ws-abbott/index.php/wsKapi/getmembershipinfo
in C:\xampp\htdocs\kronus-egm-ws-abbott\protected\models\MemberInfoModel.php (37)
in C:\xampp\htdocs\kronus-egm-ws-abbott\protected\controllers\WsKapiController.php (594)
in C:\xampp\htdocs\kronus-egm-ws-abbott\index.php (13)
