2015/10/02 16:48:22 [error] [application] ReturnMessage: Card is Inactive. ErrorCode: 6
in C:\xampp\htdocs\membership.eSAFE.v15\MPAPI_v1\protected\components\Utilities.php (11)
in C:\xampp\htdocs\membership.eSAFE.v15\MPAPI_v1\protected\controllers\MPapiController.php (582)
in C:\xampp\htdocs\membership.eSAFE.v15\MPAPI_v1\index.php (13)
2015/10/02 16:48:53 [error] [application] ReturnMessage: Change password successful. ErrorCode: 0
in C:\xampp\htdocs\membership.eSAFE.v15\MPAPI_v1\protected\components\Utilities.php (11)
in C:\xampp\htdocs\membership.eSAFE.v15\MPAPI_v1\protected\controllers\MPapiController.php (690)
in C:\xampp\htdocs\membership.eSAFE.v15\MPAPI_v1\index.php (13)
2015/10/02 16:49:02 [error] [application] ReturnMessage: Card is Deactivated. ErrorCode: 11
in C:\xampp\htdocs\membership.eSAFE.v15\MPAPI_v1\protected\components\Utilities.php (11)
in C:\xampp\htdocs\membership.eSAFE.v15\MPAPI_v1\protected\controllers\MPapiController.php (582)
in C:\xampp\htdocs\membership.eSAFE.v15\MPAPI_v1\index.php (13)
2015/10/02 16:49:17 [error] [application] ReturnMessage: Change password successful. ErrorCode: 0
in C:\xampp\htdocs\membership.eSAFE.v15\MPAPI_v1\protected\components\Utilities.php (11)
in C:\xampp\htdocs\membership.eSAFE.v15\MPAPI_v1\protected\controllers\MPapiController.php (690)
in C:\xampp\htdocs\membership.eSAFE.v15\MPAPI_v1\index.php (13)
2015/10/02 16:49:24 [error] [application] ReturnMessage: Card is Banned. ErrorCode: 9
in C:\xampp\htdocs\membership.eSAFE.v15\MPAPI_v1\protected\components\Utilities.php (11)
in C:\xampp\htdocs\membership.eSAFE.v15\MPAPI_v1\protected\controllers\MPapiController.php (582)
in C:\xampp\htdocs\membership.eSAFE.v15\MPAPI_v1\index.php (13)
2015/10/02 16:50:26 [error] [application] ReturnMessage: Password cannot be the same as the previous passwords. ErrorCode: 96
in C:\xampp\htdocs\membership.eSAFE.v15\MPAPI_v1\protected\components\Utilities.php (11)
in C:\xampp\htdocs\membership.eSAFE.v15\MPAPI_v1\protected\controllers\MPapiController.php (730)
in C:\xampp\htdocs\membership.eSAFE.v15\MPAPI_v1\index.php (13)
2015/10/02 11:52:51 [error] [exception.CHttpException.404] exception 'CHttpException' with message 'Unable to resolve the request "ampapiInvoker/getissmoker".' in C:\xampp\htdocs\yii\framework\web\CWebApplication.php:286
Stack trace:
#0 C:\xampp\htdocs\yii\framework\web\CWebApplication.php(141): CWebApplication->runController('ampapiInvoker/g...')
#1 C:\xampp\htdocs\yii\framework\base\CApplication.php(169): CWebApplication->processRequest()
#2 C:\xampp\htdocs\membership.eSAFE.v15\MPAPI_v1\index.php(13): CApplication->run()
#3 {main}
REQUEST_URI=/membership.esafe.v15/MPAPI_v1/index.php/ampapiInvoker/getissmoker
---
