2015/09/02 08:37:42 [error] [application] ReturnMessage: Please input 1 for loyalty points or 2 for comp points. ErrorCode: 121
in C:\xampp\htdocs\membership.rewards.v02\MPAPI_v1\protected\components\Utilities.php (11)
in C:\xampp\htdocs\membership.rewards.v02\MPAPI_v1\protected\controllers\MPapiController.php (4657)
in C:\xampp\htdocs\membership.rewards.v02\MPAPI_v1\index.php (13)
2015/09/02 08:38:07 [error] [application] ReturnMessage: Please input 1 for loyalty points or 2 for comp points. ErrorCode: 121
in C:\xampp\htdocs\membership.rewards.v02\MPAPI_v1\protected\components\Utilities.php (11)
in C:\xampp\htdocs\membership.rewards.v02\MPAPI_v1\protected\controllers\MPapiController.php (4657)
in C:\xampp\htdocs\membership.rewards.v02\MPAPI_v1\index.php (13)
2015/09/02 08:38:11 [error] [application] ReturnMessage: Please input 1 for loyalty points or 2 for comp points. ErrorCode: 121
in C:\xampp\htdocs\membership.rewards.v02\MPAPI_v1\protected\components\Utilities.php (11)
in C:\xampp\htdocs\membership.rewards.v02\MPAPI_v1\protected\controllers\MPapiController.php (4657)
in C:\xampp\htdocs\membership.rewards.v02\MPAPI_v1\index.php (13)
2015/09/02 08:39:05 [error] [application] ReturnMessage: Please input 1 for loyalty points or 2 for comp points. ErrorCode: 121
in C:\xampp\htdocs\membership.rewards.v02\MPAPI_v1\protected\components\Utilities.php (11)
in C:\xampp\htdocs\membership.rewards.v02\MPAPI_v1\protected\controllers\MPapiController.php (4657)
in C:\xampp\htdocs\membership.rewards.v02\MPAPI_v1\index.php (13)
2015/09/02 08:39:57 [error] [application] ReturnMessage: Please input 1 for loyalty points or 2 for comp points. ErrorCode: 121
in C:\xampp\htdocs\membership.rewards.v02\MPAPI_v1\protected\components\Utilities.php (11)
in C:\xampp\htdocs\membership.rewards.v02\MPAPI_v1\protected\controllers\MPapiController.php (4657)
in C:\xampp\htdocs\membership.rewards.v02\MPAPI_v1\index.php (13)
2015/09/02 08:43:29 [error] [application] ReturnMessage: Please input 1 for loyalty points or 2 for comp points. ErrorCode: 121
in C:\xampp\htdocs\membership.rewards.v02\MPAPI_v1\protected\components\Utilities.php (11)
in C:\xampp\htdocs\membership.rewards.v02\MPAPI_v1\protected\controllers\MPapiController.php (4676)
in C:\xampp\htdocs\membership.rewards.v02\MPAPI_v1\index.php (13)
2015/09/02 08:45:01 [error] [application] ReturnMessage: Cannot access PCWS API. ErrorCode: 120
in C:\xampp\htdocs\membership.rewards.v02\MPAPI_v1\protected\components\Utilities.php (11)
in C:\xampp\htdocs\membership.rewards.v02\MPAPI_v1\protected\controllers\MPapiController.php (4810)
in C:\xampp\htdocs\membership.rewards.v02\MPAPI_v1\index.php (13)
2015/09/02 08:45:08 [error] [application] ReturnMessage: One or more fields is not set or is blank. ErrorCode: 1
in C:\xampp\htdocs\membership.rewards.v02\MPAPI_v1\protected\components\Utilities.php (11)
in C:\xampp\htdocs\membership.rewards.v02\MPAPI_v1\protected\controllers\MPapiController.php (4658)
in C:\xampp\htdocs\membership.rewards.v02\MPAPI_v1\index.php (13)
2015/09/02 08:45:15 [error] [application] ReturnMessage: Please input 1 for loyalty points or 2 for comp points. ErrorCode: 121
in C:\xampp\htdocs\membership.rewards.v02\MPAPI_v1\protected\components\Utilities.php (11)
in C:\xampp\htdocs\membership.rewards.v02\MPAPI_v1\protected\controllers\MPapiController.php (4676)
in C:\xampp\htdocs\membership.rewards.v02\MPAPI_v1\index.php (13)
2015/09/02 08:47:00 [error] [application] ReturnMessage: Please input 1 for loyalty points or 2 for comp points. ErrorCode: 121
in C:\xampp\htdocs\membership.rewards.v02\MPAPI_v1\protected\components\Utilities.php (11)
in C:\xampp\htdocs\membership.rewards.v02\MPAPI_v1\protected\controllers\MPapiController.php (4676)
in C:\xampp\htdocs\membership.rewards.v02\MPAPI_v1\index.php (13)
2015/09/02 08:47:08 [error] [application] ReturnMessage: Please input 1 for loyalty points or 2 for comp points. ErrorCode: 121
in C:\xampp\htdocs\membership.rewards.v02\MPAPI_v1\protected\components\Utilities.php (11)
in C:\xampp\htdocs\membership.rewards.v02\MPAPI_v1\protected\controllers\MPapiController.php (4676)
in C:\xampp\htdocs\membership.rewards.v02\MPAPI_v1\index.php (13)
2015/09/02 08:47:15 [error] [application] ReturnMessage: Please input 1 for loyalty points or 2 for comp points. ErrorCode: 121
in C:\xampp\htdocs\membership.rewards.v02\MPAPI_v1\protected\components\Utilities.php (11)
in C:\xampp\htdocs\membership.rewards.v02\MPAPI_v1\protected\controllers\MPapiController.php (4676)
in C:\xampp\htdocs\membership.rewards.v02\MPAPI_v1\index.php (13)
2015/09/02 08:48:28 [error] [application] ReturnMessage: Please input 1 for loyalty points or 2 for comp points. ErrorCode: 121
in C:\xampp\htdocs\membership.rewards.v02\MPAPI_v1\protected\components\Utilities.php (11)
in C:\xampp\htdocs\membership.rewards.v02\MPAPI_v1\protected\controllers\MPapiController.php (4676)
in C:\xampp\htdocs\membership.rewards.v02\MPAPI_v1\index.php (13)
2015/09/02 08:48:47 [error] [application] ReturnMessage: Please input 1 for loyalty points or 2 for comp points. ErrorCode: 121
in C:\xampp\htdocs\membership.rewards.v02\MPAPI_v1\protected\components\Utilities.php (11)
in C:\xampp\htdocs\membership.rewards.v02\MPAPI_v1\protected\controllers\MPapiController.php (4676)
in C:\xampp\htdocs\membership.rewards.v02\MPAPI_v1\index.php (13)
2015/09/02 08:49:11 [error] [application] ReturnMessage: Please input 1 for loyalty points or 2 for comp points. ErrorCode: 121
in C:\xampp\htdocs\membership.rewards.v02\MPAPI_v1\protected\components\Utilities.php (11)
in C:\xampp\htdocs\membership.rewards.v02\MPAPI_v1\protected\controllers\MPapiController.php (4676)
in C:\xampp\htdocs\membership.rewards.v02\MPAPI_v1\index.php (13)
2015/09/02 08:49:37 [error] [application] ReturnMessage: Please input 1 for loyalty points or 2 for comp points. ErrorCode: 121
in C:\xampp\htdocs\membership.rewards.v02\MPAPI_v1\protected\components\Utilities.php (11)
in C:\xampp\htdocs\membership.rewards.v02\MPAPI_v1\protected\controllers\MPapiController.php (4676)
in C:\xampp\htdocs\membership.rewards.v02\MPAPI_v1\index.php (13)
2015/09/02 08:49:55 [error] [application] ReturnMessage: Please input 1 for loyalty points or 2 for comp points. ErrorCode: 121
in C:\xampp\htdocs\membership.rewards.v02\MPAPI_v1\protected\components\Utilities.php (11)
in C:\xampp\htdocs\membership.rewards.v02\MPAPI_v1\protected\controllers\MPapiController.php (4676)
in C:\xampp\htdocs\membership.rewards.v02\MPAPI_v1\index.php (13)
2015/09/02 08:51:15 [error] [application] ReturnMessage: Please input 1 for loyalty points or 2 for comp points. ErrorCode: 121
in C:\xampp\htdocs\membership.rewards.v02\MPAPI_v1\protected\components\Utilities.php (11)
in C:\xampp\htdocs\membership.rewards.v02\MPAPI_v1\protected\controllers\MPapiController.php (4676)
in C:\xampp\htdocs\membership.rewards.v02\MPAPI_v1\index.php (13)
2015/09/02 08:56:12 [error] [application] ReturnMessage: Please input 1 for loyalty points or 2 for comp points. ErrorCode: 121
in C:\xampp\htdocs\membership.rewards.v02\MPAPI_v1\protected\components\Utilities.php (11)
in C:\xampp\htdocs\membership.rewards.v02\MPAPI_v1\protected\controllers\MPapiController.php (4676)
in C:\xampp\htdocs\membership.rewards.v02\MPAPI_v1\index.php (13)
2015/09/02 09:02:00 [error] [application] ReturnMessage: Please input 1 for loyalty points or 2 for comp points. ErrorCode: 121
in C:\xampp\htdocs\membership.rewards.v02\MPAPI_v1\protected\components\Utilities.php (11)
in C:\xampp\htdocs\membership.rewards.v02\MPAPI_v1\protected\controllers\MPapiController.php (4676)
in C:\xampp\htdocs\membership.rewards.v02\MPAPI_v1\index.php (13)
2015/09/02 09:03:35 [error] [application] ReturnMessage: Please input 1 for loyalty points or 2 for comp points. ErrorCode: 121
in C:\xampp\htdocs\membership.rewards.v02\MPAPI_v1\protected\components\Utilities.php (11)
in C:\xampp\htdocs\membership.rewards.v02\MPAPI_v1\protected\controllers\MPapiController.php (4676)
in C:\xampp\htdocs\membership.rewards.v02\MPAPI_v1\index.php (13)
2015/09/02 09:04:43 [error] [application] ReturnMessage: Please input 1 for loyalty points or 2 for comp points. ErrorCode: 121
in C:\xampp\htdocs\membership.rewards.v02\MPAPI_v1\protected\components\Utilities.php (11)
in C:\xampp\htdocs\membership.rewards.v02\MPAPI_v1\protected\controllers\MPapiController.php (4676)
in C:\xampp\htdocs\membership.rewards.v02\MPAPI_v1\index.php (13)
2015/09/02 09:05:37 [error] [application] ReturnMessage: Please input 1 for loyalty points or 2 for comp points. ErrorCode: 121
in C:\xampp\htdocs\membership.rewards.v02\MPAPI_v1\protected\components\Utilities.php (11)
in C:\xampp\htdocs\membership.rewards.v02\MPAPI_v1\protected\controllers\MPapiController.php (4676)
in C:\xampp\htdocs\membership.rewards.v02\MPAPI_v1\index.php (13)
2015/09/02 09:05:51 [error] [application] ReturnMessage: Please input 1 for loyalty points or 2 for comp points. ErrorCode: 121
in C:\xampp\htdocs\membership.rewards.v02\MPAPI_v1\protected\components\Utilities.php (11)
in C:\xampp\htdocs\membership.rewards.v02\MPAPI_v1\protected\controllers\MPapiController.php (4676)
in C:\xampp\htdocs\membership.rewards.v02\MPAPI_v1\index.php (13)
2015/09/02 09:06:38 [error] [application] ReturnMessage: Cannot access PCWS API. ErrorCode: 120
in C:\xampp\htdocs\membership.rewards.v02\MPAPI_v1\protected\components\Utilities.php (11)
in C:\xampp\htdocs\membership.rewards.v02\MPAPI_v1\protected\controllers\MPapiController.php (4810)
in C:\xampp\htdocs\membership.rewards.v02\MPAPI_v1\index.php (13)
2015/09/02 09:06:44 [error] [application] ReturnMessage: Please input 1 for loyalty points or 2 for comp points. ErrorCode: 121
in C:\xampp\htdocs\membership.rewards.v02\MPAPI_v1\protected\components\Utilities.php (11)
in C:\xampp\htdocs\membership.rewards.v02\MPAPI_v1\protected\controllers\MPapiController.php (4676)
in C:\xampp\htdocs\membership.rewards.v02\MPAPI_v1\index.php (13)
2015/09/02 09:08:41 [error] [application] ReturnMessage: Cannot access PCWS API. ErrorCode: 120
in C:\xampp\htdocs\membership.rewards.v02\MPAPI_v1\protected\components\Utilities.php (11)
in C:\xampp\htdocs\membership.rewards.v02\MPAPI_v1\protected\controllers\MPapiController.php (4810)
in C:\xampp\htdocs\membership.rewards.v02\MPAPI_v1\index.php (13)
2015/09/02 09:09:07 [error] [application] ReturnMessage: Please input 1 for loyalty points or 2 for comp points. ErrorCode: 121
in C:\xampp\htdocs\membership.rewards.v02\MPAPI_v1\protected\components\Utilities.php (11)
in C:\xampp\htdocs\membership.rewards.v02\MPAPI_v1\protected\controllers\MPapiController.php (4676)
in C:\xampp\htdocs\membership.rewards.v02\MPAPI_v1\index.php (13)
2015/09/02 10:05:18 [error] [application] ReturnMessage: Cannot access PCWS API. ErrorCode: 120
in C:\xampp\htdocs\membership.rewards.v02\MPAPI_v1\protected\components\Utilities.php (11)
in C:\xampp\htdocs\membership.rewards.v02\MPAPI_v1\protected\controllers\MPapiController.php (4810)
in C:\xampp\htdocs\membership.rewards.v02\MPAPI_v1\index.php (13)
2015/09/02 10:05:23 [error] [application] ReturnMessage: Please input 1 for loyalty points or 2 for comp points. ErrorCode: 121
in C:\xampp\htdocs\membership.rewards.v02\MPAPI_v1\protected\components\Utilities.php (11)
in C:\xampp\htdocs\membership.rewards.v02\MPAPI_v1\protected\controllers\MPapiController.php (4676)
in C:\xampp\htdocs\membership.rewards.v02\MPAPI_v1\index.php (13)
2015/09/02 10:05:28 [error] [application] ReturnMessage: Please input 1 for loyalty points or 2 for comp points. ErrorCode: 121
in C:\xampp\htdocs\membership.rewards.v02\MPAPI_v1\protected\components\Utilities.php (11)
in C:\xampp\htdocs\membership.rewards.v02\MPAPI_v1\protected\controllers\MPapiController.php (4676)
in C:\xampp\htdocs\membership.rewards.v02\MPAPI_v1\index.php (13)
2015/09/02 10:46:27 [error] [application] ReturnMessage: Cannot access PCWS API. ErrorCode: 120
in C:\xampp\htdocs\membership.eSAFE.v15\MPAPI_v1\protected\components\Utilities.php (11)
in C:\xampp\htdocs\membership.eSAFE.v15\MPAPI_v1\protected\controllers\MPapiController.php (4810)
in C:\xampp\htdocs\membership.eSAFE.v15\MPAPI_v1\index.php (13)
2015/09/02 10:46:31 [error] [application] ReturnMessage: Please input 1 for loyalty points or 2 for comp points. ErrorCode: 121
in C:\xampp\htdocs\membership.eSAFE.v15\MPAPI_v1\protected\components\Utilities.php (11)
in C:\xampp\htdocs\membership.eSAFE.v15\MPAPI_v1\protected\controllers\MPapiController.php (4676)
in C:\xampp\htdocs\membership.eSAFE.v15\MPAPI_v1\index.php (13)
2015/09/02 10:47:29 [error] [application] ReturnMessage: Cannot access PCWS API. ErrorCode: 120
in C:\xampp\htdocs\membership.eSAFE.v15\MPAPI_v1\protected\components\Utilities.php (11)
in C:\xampp\htdocs\membership.eSAFE.v15\MPAPI_v1\protected\controllers\MPapiController.php (4810)
in C:\xampp\htdocs\membership.eSAFE.v15\MPAPI_v1\index.php (13)
2015/09/02 10:47:34 [error] [application] ReturnMessage: Please input 1 for loyalty points or 2 for comp points. ErrorCode: 121
in C:\xampp\htdocs\membership.eSAFE.v15\MPAPI_v1\protected\components\Utilities.php (11)
in C:\xampp\htdocs\membership.eSAFE.v15\MPAPI_v1\protected\controllers\MPapiController.php (4676)
in C:\xampp\htdocs\membership.eSAFE.v15\MPAPI_v1\index.php (13)
2015/09/02 10:47:40 [error] [application] ReturnMessage: Please input 1 for loyalty points or 2 for comp points. ErrorCode: 121
in C:\xampp\htdocs\membership.eSAFE.v15\MPAPI_v1\protected\components\Utilities.php (11)
in C:\xampp\htdocs\membership.eSAFE.v15\MPAPI_v1\protected\controllers\MPapiController.php (4676)
in C:\xampp\htdocs\membership.eSAFE.v15\MPAPI_v1\index.php (13)
2015/09/02 11:20:34 [error] [application] ReturnMessage: One or more fields is not set or is blank. ErrorCode: 1
in C:\xampp\htdocs\membership.eSAFE.v15\MPAPI_v1\protected\components\Utilities.php (11)
in C:\xampp\htdocs\membership.eSAFE.v15\MPAPI_v1\protected\controllers\MPapiController.php (2902)
in C:\xampp\htdocs\membership.eSAFE.v15\MPAPI_v1\index.php (13)
2015/09/02 11:20:40 [error] [application] ReturnMessage: One or more fields is not set or is blank. ErrorCode: 1
in C:\xampp\htdocs\membership.eSAFE.v15\MPAPI_v1\protected\components\Utilities.php (11)
in C:\xampp\htdocs\membership.eSAFE.v15\MPAPI_v1\protected\controllers\MPapiController.php (2902)
in C:\xampp\htdocs\membership.eSAFE.v15\MPAPI_v1\index.php (13)
2015/09/02 11:20:51 [error] [application] ReturnMessage: Cannot access PCWS API. ErrorCode: 120
in C:\xampp\htdocs\membership.eSAFE.v15\MPAPI_v1\protected\components\Utilities.php (11)
in C:\xampp\htdocs\membership.eSAFE.v15\MPAPI_v1\protected\controllers\MPapiController.php (3038)
in C:\xampp\htdocs\membership.eSAFE.v15\MPAPI_v1\index.php (13)
2015/09/02 11:20:57 [error] [application] ReturnMessage: Please input 1 for loyalty points or 2 for comp points. ErrorCode: 121
in C:\xampp\htdocs\membership.eSAFE.v15\MPAPI_v1\protected\components\Utilities.php (11)
in C:\xampp\htdocs\membership.eSAFE.v15\MPAPI_v1\protected\controllers\MPapiController.php (2920)
in C:\xampp\htdocs\membership.eSAFE.v15\MPAPI_v1\index.php (13)
2015/09/02 11:30:27 [error] [application] ReturnMessage: Cannot access PCWS API. ErrorCode: 120
in C:\xampp\htdocs\membership.eSAFE.v15\MPAPI_v1\protected\components\Utilities.php (11)
in C:\xampp\htdocs\membership.eSAFE.v15\MPAPI_v1\protected\controllers\MPapiController.php (3038)
in C:\xampp\htdocs\membership.eSAFE.v15\MPAPI_v1\index.php (13)
2015/09/02 11:30:31 [error] [application] ReturnMessage: Please input 1 for loyalty points or 2 for comp points. ErrorCode: 121
in C:\xampp\htdocs\membership.eSAFE.v15\MPAPI_v1\protected\components\Utilities.php (11)
in C:\xampp\htdocs\membership.eSAFE.v15\MPAPI_v1\protected\controllers\MPapiController.php (2920)
in C:\xampp\htdocs\membership.eSAFE.v15\MPAPI_v1\index.php (13)
2015/09/02 11:30:35 [error] [application] ReturnMessage: Please input 1 for loyalty points or 2 for comp points. ErrorCode: 121
in C:\xampp\htdocs\membership.eSAFE.v15\MPAPI_v1\protected\components\Utilities.php (11)
in C:\xampp\htdocs\membership.eSAFE.v15\MPAPI_v1\protected\controllers\MPapiController.php (2920)
in C:\xampp\htdocs\membership.eSAFE.v15\MPAPI_v1\index.php (13)
2015/09/02 11:34:50 [error] [application] ReturnMessage: Please input 2 for regular or 3 for vip. ErrorCode: 67
in C:\xampp\htdocs\membership.eSAFE.v15\MPAPI_v1\protected\components\Utilities.php (11)
in C:\xampp\htdocs\membership.eSAFE.v15\MPAPI_v1\protected\controllers\MPapiController.php (3302)
in C:\xampp\htdocs\membership.eSAFE.v15\MPAPI_v1\index.php (13)
2015/09/02 11:35:38 [error] [application] ReturnMessage: Please input 2 for regular or 3 for vip. ErrorCode: 67
in C:\xampp\htdocs\membership.eSAFE.v15\MPAPI_v1\protected\components\Utilities.php (11)
in C:\xampp\htdocs\membership.eSAFE.v15\MPAPI_v1\protected\controllers\MPapiController.php (3302)
in C:\xampp\htdocs\membership.eSAFE.v15\MPAPI_v1\index.php (13)
2015/09/02 11:42:25 [error] [application] ReturnMessage: Please input 2 for regular or 3 for vip. ErrorCode: 67
in C:\xampp\htdocs\membership.eSAFE.v15\MPAPI_v1\protected\components\Utilities.php (11)
in C:\xampp\htdocs\membership.eSAFE.v15\MPAPI_v1\protected\controllers\MPapiController.php (3302)
in C:\xampp\htdocs\membership.eSAFE.v15\MPAPI_v1\index.php (13)
2015/09/02 12:01:39 [error] [application] ReturnMessage: RewardID does not exist. ErrorCode: 62
in C:\xampp\htdocs\membership.eSAFE.v15\MPAPI_v1\protected\components\Utilities.php (11)
in C:\xampp\htdocs\membership.eSAFE.v15\MPAPI_v1\protected\controllers\MPapiController.php (3607)
in C:\xampp\htdocs\membership.eSAFE.v15\MPAPI_v1\index.php (13)
2015/09/02 14:15:29 [error] [application] ReturnMessage: MPSessionID is already expired. Please login again. ErrorCode: 91
in C:\xampp\htdocs\membership.eSAFE.v15\MPAPI_v1\protected\components\Utilities.php (11)
in C:\xampp\htdocs\membership.eSAFE.v15\MPAPI_v1\protected\controllers\MPapiController.php (3516)
in C:\xampp\htdocs\membership.eSAFE.v15\MPAPI_v1\index.php (13)
2015/09/02 14:15:43 [error] [application] ReturnMessage: MPSessionID is already expired. Please login again. ErrorCode: 91
in C:\xampp\htdocs\membership.eSAFE.v15\MPAPI_v1\protected\components\Utilities.php (11)
in C:\xampp\htdocs\membership.eSAFE.v15\MPAPI_v1\protected\controllers\MPapiController.php (3516)
in C:\xampp\htdocs\membership.eSAFE.v15\MPAPI_v1\index.php (13)
2015/09/02 14:15:47 [error] [application] ReturnMessage: One or more fields is not set or is blank. ErrorCode: 1
in C:\xampp\htdocs\membership.eSAFE.v15\MPAPI_v1\protected\components\Utilities.php (11)
in C:\xampp\htdocs\membership.eSAFE.v15\MPAPI_v1\protected\controllers\MPapiController.php (3564)
in C:\xampp\htdocs\membership.eSAFE.v15\MPAPI_v1\index.php (13)
2015/09/02 14:16:18 [error] [application] ReturnMessage: One or more fields is not set or is blank. ErrorCode: 1
in C:\xampp\htdocs\membership.eSAFE.v15\MPAPI_v1\protected\components\Utilities.php (11)
in C:\xampp\htdocs\membership.eSAFE.v15\MPAPI_v1\protected\controllers\MPapiController.php (3564)
in C:\xampp\htdocs\membership.eSAFE.v15\MPAPI_v1\index.php (13)
2015/09/02 14:16:24 [error] [application] ReturnMessage: Transaction failed. Card has insufficient points. ErrorCode: 24
in C:\xampp\htdocs\membership.eSAFE.v15\MPAPI_v1\protected\components\Utilities.php (11)
in C:\xampp\htdocs\membership.eSAFE.v15\MPAPI_v1\protected\controllers\MPapiController.php (3826)
in C:\xampp\htdocs\membership.eSAFE.v15\MPAPI_v1\index.php (13)
2015/09/02 14:16:32 [error] [application] ReturnMessage: Transaction failed. Card has insufficient points. ErrorCode: 24
in C:\xampp\htdocs\membership.eSAFE.v15\MPAPI_v1\protected\components\Utilities.php (11)
in C:\xampp\htdocs\membership.eSAFE.v15\MPAPI_v1\protected\controllers\MPapiController.php (3826)
in C:\xampp\htdocs\membership.eSAFE.v15\MPAPI_v1\index.php (13)
2015/09/02 14:16:49 [error] [application] ReturnMessage: Player Redemption: Transacation failed. Reward offer has already ended. ErrorCode: 49
in C:\xampp\htdocs\membership.eSAFE.v15\MPAPI_v1\protected\components\Utilities.php (11)
in C:\xampp\htdocs\membership.eSAFE.v15\MPAPI_v1\protected\controllers\MPapiController.php (4419)
in C:\xampp\htdocs\membership.eSAFE.v15\MPAPI_v1\index.php (13)
2015/09/02 14:17:30 [error] [application] ReturnMessage: Transaction failed. Number of available item is insufficient. ErrorCode: 58
in C:\xampp\htdocs\membership.eSAFE.v15\MPAPI_v1\protected\components\Utilities.php (11)
in C:\xampp\htdocs\membership.eSAFE.v15\MPAPI_v1\protected\controllers\MPapiController.php (4484)
in C:\xampp\htdocs\membership.eSAFE.v15\MPAPI_v1\index.php (13)
2015/09/02 14:18:05 [error] [application] ReturnMessage: Transaction failed. Card has insufficient points. ErrorCode: 24
in C:\xampp\htdocs\membership.eSAFE.v15\MPAPI_v1\protected\components\Utilities.php (11)
in C:\xampp\htdocs\membership.eSAFE.v15\MPAPI_v1\protected\controllers\MPapiController.php (3826)
in C:\xampp\htdocs\membership.eSAFE.v15\MPAPI_v1\index.php (13)
2015/09/02 14:18:45 [error] [application] ReturnMessage: Redemption successful. ErrorCode: 0
in C:\xampp\htdocs\membership.eSAFE.v15\MPAPI_v1\protected\components\Utilities.php (11)
in C:\xampp\htdocs\membership.eSAFE.v15\MPAPI_v1\protected\controllers\MPapiController.php (4346)
in C:\xampp\htdocs\membership.eSAFE.v15\MPAPI_v1\index.php (13)
2015/09/02 14:20:17 [error] [application] ReturnMessage: Redemption successful. ErrorCode: 0
in C:\xampp\htdocs\membership.eSAFE.v15\MPAPI_v1\protected\components\Utilities.php (11)
in C:\xampp\htdocs\membership.eSAFE.v15\MPAPI_v1\protected\controllers\MPapiController.php (4346)
in C:\xampp\htdocs\membership.eSAFE.v15\MPAPI_v1\index.php (13)
2015/09/02 14:20:59 [error] [application] ReturnMessage: Cannot access PCWS API. ErrorCode: 120
in C:\xampp\htdocs\membership.eSAFE.v15\MPAPI_v1\protected\components\Utilities.php (11)
in C:\xampp\htdocs\membership.eSAFE.v15\MPAPI_v1\protected\controllers\MPapiController.php (3692)
in C:\xampp\htdocs\membership.eSAFE.v15\MPAPI_v1\index.php (13)
2015/09/02 14:21:05 [error] [php] Undefined variable: currentPoints (C:\xampp\htdocs\membership.eSAFE.v15\MPAPI_v1\protected\controllers\MPapiController.php:3807)
Stack trace:
#0 C:\xampp\htdocs\yii\framework\web\CController.php(286): MPapiController->runAction()
#1 C:\xampp\htdocs\yii\framework\web\CController.php(265): MPapiController->runActionWithFilters()
#2 C:\xampp\htdocs\yii\framework\web\CWebApplication.php(282): MPapiController->run()
#3 C:\xampp\htdocs\yii\framework\web\CWebApplication.php(141): CWebApplication->runController()
#4 C:\xampp\htdocs\yii\framework\base\CApplication.php(169): CWebApplication->processRequest()
#5 C:\xampp\htdocs\membership.eSAFE.v15\MPAPI_v1\index.php(13): CWebApplication->run()
REQUEST_URI=/membership.eSAFE.v15/MPAPI_v1/index.php/MPapi/redeemitems
in C:\xampp\htdocs\membership.eSAFE.v15\MPAPI_v1\protected\controllers\MPapiController.php (3807)
in C:\xampp\htdocs\membership.eSAFE.v15\MPAPI_v1\index.php (13)
2015/09/02 14:23:11 [error] [application] ReturnMessage: Please input 1 for loyalty points or 2 for comp points. ErrorCode: 121
in C:\xampp\htdocs\membership.eSAFE.v15\MPAPI_v1\protected\components\Utilities.php (11)
in C:\xampp\htdocs\membership.eSAFE.v15\MPAPI_v1\protected\controllers\MPapiController.php (3582)
in C:\xampp\htdocs\membership.eSAFE.v15\MPAPI_v1\index.php (13)
2015/09/02 14:23:16 [error] [application] ReturnMessage: Please input 1 for loyalty points or 2 for comp points. ErrorCode: 121
in C:\xampp\htdocs\membership.eSAFE.v15\MPAPI_v1\protected\components\Utilities.php (11)
in C:\xampp\htdocs\membership.eSAFE.v15\MPAPI_v1\protected\controllers\MPapiController.php (3582)
in C:\xampp\htdocs\membership.eSAFE.v15\MPAPI_v1\index.php (13)
2015/09/02 14:26:44 [error] [application] ReturnMessage: Please input 1 for loyalty points or 2 for comp points. ErrorCode: 121
in C:\xampp\htdocs\membership.eSAFE.v15\MPAPI_v1\protected\components\Utilities.php (11)
in C:\xampp\htdocs\membership.eSAFE.v15\MPAPI_v1\protected\controllers\MPapiController.php (3582)
in C:\xampp\htdocs\membership.eSAFE.v15\MPAPI_v1\index.php (13)
2015/09/02 14:26:50 [error] [application] ReturnMessage: Cannot access PCWS API. ErrorCode: 120
in C:\xampp\htdocs\membership.eSAFE.v15\MPAPI_v1\protected\components\Utilities.php (11)
in C:\xampp\htdocs\membership.eSAFE.v15\MPAPI_v1\protected\controllers\MPapiController.php (3711)
in C:\xampp\htdocs\membership.eSAFE.v15\MPAPI_v1\index.php (13)
2015/09/02 14:56:59 [error] [application] ReturnMessage: Redemption successful. ErrorCode: 0
in C:\xampp\htdocs\membership.eSAFE.v15\MPAPI_v1\protected\components\Utilities.php (11)
in C:\xampp\htdocs\membership.eSAFE.v15\MPAPI_v1\protected\controllers\MPapiController.php (4365)
in C:\xampp\htdocs\membership.eSAFE.v15\MPAPI_v1\index.php (13)
2015/09/02 15:04:29 [error] [application] ReturnMessage: Redemption successful. Please update your email to receive notification. ErrorCode: 122
in C:\xampp\htdocs\membership.eSAFE.v15\MPAPI_v1\protected\components\Utilities.php (11)
in C:\xampp\htdocs\membership.eSAFE.v15\MPAPI_v1\protected\controllers\MPapiController.php (4369)
in C:\xampp\htdocs\membership.eSAFE.v15\MPAPI_v1\index.php (13)
2015/09/02 15:07:03 [error] [application] ReturnMessage: Redemption successful. Please update your email to receive notification. ErrorCode: 122
in C:\xampp\htdocs\membership.eSAFE.v15\MPAPI_v1\protected\components\Utilities.php (11)
in C:\xampp\htdocs\membership.eSAFE.v15\MPAPI_v1\protected\controllers\MPapiController.php (4372)
in C:\xampp\htdocs\membership.eSAFE.v15\MPAPI_v1\index.php (13)
2015/09/02 15:12:53 [error] [application] ReturnMessage: Redemption successful. Please update your email to receive notification. ErrorCode: 122
in C:\xampp\htdocs\membership.eSAFE.v15\MPAPI_v1\protected\components\Utilities.php (11)
in C:\xampp\htdocs\membership.eSAFE.v15\MPAPI_v1\protected\controllers\MPapiController.php (4372)
in C:\xampp\htdocs\membership.eSAFE.v15\MPAPI_v1\index.php (13)
2015/09/02 15:15:33 [error] [application] ReturnMessage: MPSessionID does not exist. ErrorCode: 13
in C:\xampp\htdocs\membership.eSAFE.v15\MPAPI_v1\protected\components\Utilities.php (11)
in C:\xampp\htdocs\membership.eSAFE.v15\MPAPI_v1\protected\controllers\MPapiController.php (4935)
in C:\xampp\htdocs\membership.eSAFE.v15\MPAPI_v1\index.php (13)
2015/09/02 15:17:56 [error] [application] ReturnMessage: Redemption successful. Please update your email to receive notification. ErrorCode: 122
in C:\xampp\htdocs\membership.eSAFE.v15\MPAPI_v1\protected\components\Utilities.php (11)
in C:\xampp\htdocs\membership.eSAFE.v15\MPAPI_v1\protected\controllers\MPapiController.php (4372)
in C:\xampp\htdocs\membership.eSAFE.v15\MPAPI_v1\index.php (13)
2015/09/02 15:21:56 [error] [application] ReturnMessage: Transaction failed. Number of available item is insufficient. ErrorCode: 58
in C:\xampp\htdocs\membership.eSAFE.v15\MPAPI_v1\protected\components\Utilities.php (11)
in C:\xampp\htdocs\membership.eSAFE.v15\MPAPI_v1\protected\controllers\MPapiController.php (4510)
in C:\xampp\htdocs\membership.eSAFE.v15\MPAPI_v1\index.php (13)
2015/09/02 15:22:31 [error] [application] ReturnMessage:  ErrorCode: 122
in C:\xampp\htdocs\membership.eSAFE.v15\MPAPI_v1\protected\components\Utilities.php (11)
in C:\xampp\htdocs\membership.eSAFE.v15\MPAPI_v1\protected\controllers\MPapiController.php (4372)
in C:\xampp\htdocs\membership.eSAFE.v15\MPAPI_v1\index.php (13)
2015/09/02 15:24:41 [error] [application] ReturnMessage: traci_94@yahoo.com ErrorCode: 122
in C:\xampp\htdocs\membership.eSAFE.v15\MPAPI_v1\protected\components\Utilities.php (11)
in C:\xampp\htdocs\membership.eSAFE.v15\MPAPI_v1\protected\controllers\MPapiController.php (4372)
in C:\xampp\htdocs\membership.eSAFE.v15\MPAPI_v1\index.php (13)
2015/09/02 15:25:52 [error] [application] ReturnMessage: Redemption successful. ErrorCode: 0
in C:\xampp\htdocs\membership.eSAFE.v15\MPAPI_v1\protected\components\Utilities.php (11)
in C:\xampp\htdocs\membership.eSAFE.v15\MPAPI_v1\protected\controllers\MPapiController.php (4372)
in C:\xampp\htdocs\membership.eSAFE.v15\MPAPI_v1\index.php (13)
2015/09/02 15:26:58 [error] [application] ReturnMessage: Redemption successful. Please update your email to receive notification. ErrorCode: 122
in C:\xampp\htdocs\membership.eSAFE.v15\MPAPI_v1\protected\components\Utilities.php (11)
in C:\xampp\htdocs\membership.eSAFE.v15\MPAPI_v1\protected\controllers\MPapiController.php (4372)
in C:\xampp\htdocs\membership.eSAFE.v15\MPAPI_v1\index.php (13)
2015/09/02 16:23:20 [error] [application] ReturnMessage: Cannot access PCWS API. ErrorCode: 120
in C:\xampp\htdocs\membership.eSAFE.v15\MPAPI_v1\protected\components\Utilities.php (11)
in C:\xampp\htdocs\membership.eSAFE.v15\MPAPI_v1\protected\controllers\MPapiController.php (3711)
in C:\xampp\htdocs\membership.eSAFE.v15\MPAPI_v1\index.php (13)
2015/09/02 16:23:25 [error] [application] ReturnMessage: Please input 1 for loyalty points or 2 for comp points. ErrorCode: 121
in C:\xampp\htdocs\membership.eSAFE.v15\MPAPI_v1\protected\components\Utilities.php (11)
in C:\xampp\htdocs\membership.eSAFE.v15\MPAPI_v1\protected\controllers\MPapiController.php (3582)
in C:\xampp\htdocs\membership.eSAFE.v15\MPAPI_v1\index.php (13)
2015/09/02 16:23:31 [error] [application] ReturnMessage: Redemption successful. ErrorCode: 0
in C:\xampp\htdocs\membership.eSAFE.v15\MPAPI_v1\protected\components\Utilities.php (11)
in C:\xampp\htdocs\membership.eSAFE.v15\MPAPI_v1\protected\controllers\MPapiController.php (4372)
in C:\xampp\htdocs\membership.eSAFE.v15\MPAPI_v1\index.php (13)
2015/09/02 16:24:06 [error] [application] ReturnMessage: Redemption successful. ErrorCode: 0
in C:\xampp\htdocs\membership.eSAFE.v15\MPAPI_v1\protected\components\Utilities.php (11)
in C:\xampp\htdocs\membership.eSAFE.v15\MPAPI_v1\protected\controllers\MPapiController.php (4372)
in C:\xampp\htdocs\membership.eSAFE.v15\MPAPI_v1\index.php (13)
2015/09/02 16:24:37 [error] [application] ReturnMessage: Redemption successful. Please update your email to receive notification. ErrorCode: 122
in C:\xampp\htdocs\membership.eSAFE.v15\MPAPI_v1\protected\components\Utilities.php (11)
in C:\xampp\htdocs\membership.eSAFE.v15\MPAPI_v1\protected\controllers\MPapiController.php (4372)
in C:\xampp\htdocs\membership.eSAFE.v15\MPAPI_v1\index.php (13)
