2015/09/01 07:39:07 [error] [exception.CHttpException.404] exception 'CHttpException' with message 'The system is unable to find the requested action "index".' in C:\xampp\htdocs\yii\framework\web\CController.php:483
Stack trace:
#0 C:\xampp\htdocs\yii\framework\web\CController.php(270): CController->missingAction('')
#1 C:\xampp\htdocs\yii\framework\web\CWebApplication.php(282): CController->run('')
#2 C:\xampp\htdocs\yii\framework\web\CWebApplication.php(141): CWebApplication->runController('MPapi')
#3 C:\xampp\htdocs\yii\framework\base\CApplication.php(169): CWebApplication->processRequest()
#4 C:\xampp\htdocs\membership.rewards.v02\MPAPI_v1\index.php(13): CApplication->run()
#5 {main}
REQUEST_URI=/membership.rewards.v02/MPAPI_v1/index.php/MPapi/
---
2015/09/01 16:04:49 [error] [application] ReturnMessage: MPSessionID is already expired. Please login again. ErrorCode: 91
in C:\xampp\htdocs\membership.rewards.v02\MPAPI_v1\protected\components\Utilities.php (11)
in C:\xampp\htdocs\membership.rewards.v02\MPAPI_v1\protected\controllers\MPapiController.php (4614)
in C:\xampp\htdocs\membership.rewards.v02\MPAPI_v1\index.php (13)
2015/09/01 16:16:18 [error] [application] ReturnMessage: Please input 1 for loyalty points or 2 for comp points. ErrorCode: 121
in C:\xampp\htdocs\membership.rewards.v02\MPAPI_v1\protected\components\Utilities.php (11)
in C:\xampp\htdocs\membership.rewards.v02\MPAPI_v1\protected\controllers\MPapiController.php (4657)
in C:\xampp\htdocs\membership.rewards.v02\MPAPI_v1\index.php (13)
2015/09/01 16:16:27 [error] [application] ReturnMessage: Cannot access PCWS API. ErrorCode: 120
in C:\xampp\htdocs\membership.rewards.v02\MPAPI_v1\protected\components\Utilities.php (11)
in C:\xampp\htdocs\membership.rewards.v02\MPAPI_v1\protected\controllers\MPapiController.php (4811)
in C:\xampp\htdocs\membership.rewards.v02\MPAPI_v1\index.php (13)
2015/09/01 16:51:05 [error] [php] Undefined index: Config (C:\xampp\htdocs\membership.rewards.v02\MPAPI_v1\protected\controllers\MPapiController.php:4654)
Stack trace:
#0 C:\xampp\htdocs\yii\framework\web\CController.php(286): MPapiController->runAction()
#1 C:\xampp\htdocs\yii\framework\web\CController.php(265): MPapiController->runActionWithFilters()
#2 C:\xampp\htdocs\yii\framework\web\CWebApplication.php(282): MPapiController->run()
#3 C:\xampp\htdocs\yii\framework\web\CWebApplication.php(141): CWebApplication->runController()
#4 C:\xampp\htdocs\yii\framework\base\CApplication.php(169): CWebApplication->processRequest()
#5 C:\xampp\htdocs\membership.rewards.v02\MPAPI_v1\index.php(13): CWebApplication->run()
REQUEST_URI=/membership.rewards.v02/MPAPI_v1/index.php/MPapi/getprofile
in C:\xampp\htdocs\membership.rewards.v02\MPAPI_v1\protected\controllers\MPapiController.php (4654)
in C:\xampp\htdocs\membership.rewards.v02\MPAPI_v1\index.php (13)
2015/09/01 16:51:32 [error] [php] Undefined index: Config (C:\xampp\htdocs\membership.rewards.v02\MPAPI_v1\protected\controllers\MPapiController.php:4654)
Stack trace:
#0 C:\xampp\htdocs\yii\framework\web\CController.php(286): MPapiController->runAction()
#1 C:\xampp\htdocs\yii\framework\web\CController.php(265): MPapiController->runActionWithFilters()
#2 C:\xampp\htdocs\yii\framework\web\CWebApplication.php(282): MPapiController->run()
#3 C:\xampp\htdocs\yii\framework\web\CWebApplication.php(141): CWebApplication->runController()
#4 C:\xampp\htdocs\yii\framework\base\CApplication.php(169): CWebApplication->processRequest()
#5 C:\xampp\htdocs\membership.rewards.v02\MPAPI_v1\index.php(13): CWebApplication->run()
REQUEST_URI=/membership.rewards.v02/MPAPI_v1/index.php/MPapi/getprofile
in C:\xampp\htdocs\membership.rewards.v02\MPAPI_v1\protected\controllers\MPapiController.php (4654)
in C:\xampp\htdocs\membership.rewards.v02\MPAPI_v1\index.php (13)
2015/09/01 16:51:41 [error] [php] Undefined index: Config (C:\xampp\htdocs\membership.rewards.v02\MPAPI_v1\protected\controllers\MPapiController.php:4654)
Stack trace:
#0 C:\xampp\htdocs\yii\framework\web\CController.php(286): MPapiController->runAction()
#1 C:\xampp\htdocs\yii\framework\web\CController.php(265): MPapiController->runActionWithFilters()
#2 C:\xampp\htdocs\yii\framework\web\CWebApplication.php(282): MPapiController->run()
#3 C:\xampp\htdocs\yii\framework\web\CWebApplication.php(141): CWebApplication->runController()
#4 C:\xampp\htdocs\yii\framework\base\CApplication.php(169): CWebApplication->processRequest()
#5 C:\xampp\htdocs\membership.rewards.v02\MPAPI_v1\index.php(13): CWebApplication->run()
REQUEST_URI=/membership.rewards.v02/MPAPI_v1/index.php/MPapi/getprofile
in C:\xampp\htdocs\membership.rewards.v02\MPAPI_v1\protected\controllers\MPapiController.php (4654)
in C:\xampp\htdocs\membership.rewards.v02\MPAPI_v1\index.php (13)
2015/09/01 16:51:49 [error] [php] Undefined index: Config (C:\xampp\htdocs\membership.rewards.v02\MPAPI_v1\protected\controllers\MPapiController.php:4654)
Stack trace:
#0 C:\xampp\htdocs\yii\framework\web\CController.php(286): MPapiController->runAction()
#1 C:\xampp\htdocs\yii\framework\web\CController.php(265): MPapiController->runActionWithFilters()
#2 C:\xampp\htdocs\yii\framework\web\CWebApplication.php(282): MPapiController->run()
#3 C:\xampp\htdocs\yii\framework\web\CWebApplication.php(141): CWebApplication->runController()
#4 C:\xampp\htdocs\yii\framework\base\CApplication.php(169): CWebApplication->processRequest()
#5 C:\xampp\htdocs\membership.rewards.v02\MPAPI_v1\index.php(13): CWebApplication->run()
REQUEST_URI=/membership.rewards.v02/MPAPI_v1/index.php/MPapi/getprofile
in C:\xampp\htdocs\membership.rewards.v02\MPAPI_v1\protected\controllers\MPapiController.php (4654)
in C:\xampp\htdocs\membership.rewards.v02\MPAPI_v1\index.php (13)
2015/09/01 17:06:57 [error] [php] Undefined index: Config (C:\xampp\htdocs\membership.rewards.v02\MPAPI_v1\protected\controllers\MPapiController.php:4654)
Stack trace:
#0 C:\xampp\htdocs\yii\framework\web\CController.php(286): MPapiController->runAction()
#1 C:\xampp\htdocs\yii\framework\web\CController.php(265): MPapiController->runActionWithFilters()
#2 C:\xampp\htdocs\yii\framework\web\CWebApplication.php(282): MPapiController->run()
#3 C:\xampp\htdocs\yii\framework\web\CWebApplication.php(141): CWebApplication->runController()
#4 C:\xampp\htdocs\yii\framework\base\CApplication.php(169): CWebApplication->processRequest()
#5 C:\xampp\htdocs\membership.rewards.v02\MPAPI_v1\index.php(13): CWebApplication->run()
REQUEST_URI=/membership.rewards.v02/MPAPI_v1/index.php/MPapi/getprofile
in C:\xampp\htdocs\membership.rewards.v02\MPAPI_v1\protected\controllers\MPapiController.php (4654)
in C:\xampp\htdocs\membership.rewards.v02\MPAPI_v1\index.php (13)
2015/09/01 17:07:32 [error] [php] Undefined index: Config (C:\xampp\htdocs\membership.rewards.v02\MPAPI_v1\protected\controllers\MPapiController.php:4654)
Stack trace:
#0 C:\xampp\htdocs\yii\framework\web\CController.php(286): MPapiController->runAction()
#1 C:\xampp\htdocs\yii\framework\web\CController.php(265): MPapiController->runActionWithFilters()
#2 C:\xampp\htdocs\yii\framework\web\CWebApplication.php(282): MPapiController->run()
#3 C:\xampp\htdocs\yii\framework\web\CWebApplication.php(141): CWebApplication->runController()
#4 C:\xampp\htdocs\yii\framework\base\CApplication.php(169): CWebApplication->processRequest()
#5 C:\xampp\htdocs\membership.rewards.v02\MPAPI_v1\index.php(13): CWebApplication->run()
REQUEST_URI=/membership.rewards.v02/MPAPI_v1/index.php/MPapi/getprofile
in C:\xampp\htdocs\membership.rewards.v02\MPAPI_v1\protected\controllers\MPapiController.php (4654)
in C:\xampp\htdocs\membership.rewards.v02\MPAPI_v1\index.php (13)
2015/09/01 17:08:25 [error] [application] ReturnMessage: MPSessionID is already expired. Please login again. ErrorCode: 91
in C:\xampp\htdocs\membership.rewards.v02\MPAPI_v1\protected\components\Utilities.php (11)
in C:\xampp\htdocs\membership.rewards.v02\MPAPI_v1\protected\controllers\MPapiController.php (4614)
in C:\xampp\htdocs\membership.rewards.v02\MPAPI_v1\index.php (13)
2015/09/01 17:08:35 [error] [php] Undefined index: Config (C:\xampp\htdocs\membership.rewards.v02\MPAPI_v1\protected\controllers\MPapiController.php:4654)
Stack trace:
#0 C:\xampp\htdocs\yii\framework\web\CController.php(286): MPapiController->runAction()
#1 C:\xampp\htdocs\yii\framework\web\CController.php(265): MPapiController->runActionWithFilters()
#2 C:\xampp\htdocs\yii\framework\web\CWebApplication.php(282): MPapiController->run()
#3 C:\xampp\htdocs\yii\framework\web\CWebApplication.php(141): CWebApplication->runController()
#4 C:\xampp\htdocs\yii\framework\base\CApplication.php(169): CWebApplication->processRequest()
#5 C:\xampp\htdocs\membership.rewards.v02\MPAPI_v1\index.php(13): CWebApplication->run()
REQUEST_URI=/membership.rewards.v02/MPAPI_v1/index.php/MPapi/getprofile
in C:\xampp\htdocs\membership.rewards.v02\MPAPI_v1\protected\controllers\MPapiController.php (4654)
in C:\xampp\htdocs\membership.rewards.v02\MPAPI_v1\index.php (13)
2015/09/01 11:09:45 [error] [exception.CHttpException.404] exception 'CHttpException' with message 'The system is unable to find the requested action "index".' in C:\xampp\htdocs\yii\framework\web\CController.php:483
Stack trace:
#0 C:\xampp\htdocs\yii\framework\web\CController.php(270): CController->missingAction('')
#1 C:\xampp\htdocs\yii\framework\web\CWebApplication.php(282): CController->run('')
#2 C:\xampp\htdocs\yii\framework\web\CWebApplication.php(141): CWebApplication->runController('MPapi')
#3 C:\xampp\htdocs\yii\framework\base\CApplication.php(169): CWebApplication->processRequest()
#4 C:\xampp\htdocs\membership.rewards.v02\MPAPI_v1\index.php(13): CApplication->run()
#5 {main}
REQUEST_URI=/membership.rewards.v02/MPAPI_v1/index.php/MPapi
---
2015/09/01 11:12:41 [error] [exception.CHttpException.404] exception 'CHttpException' with message 'Unable to resolve the request "ampapiInvoker/getprofile".' in C:\xampp\htdocs\yii\framework\web\CWebApplication.php:286
Stack trace:
#0 C:\xampp\htdocs\yii\framework\web\CWebApplication.php(141): CWebApplication->runController('ampapiInvoker/g...')
#1 C:\xampp\htdocs\yii\framework\base\CApplication.php(169): CWebApplication->processRequest()
#2 C:\xampp\htdocs\membership.rewards.v02\MPAPI_v1\index.php(13): CApplication->run()
#3 {main}
REQUEST_URI=/membership.rewards.v02/MPAPI_v1/index.php/ampapiInvoker/getprofile
---
2015/09/01 17:21:12 [error] [application] ReturnMessage: MPSessionID is already expired. Please login again. ErrorCode: 91
in C:\xampp\htdocs\membership.rewards.v02\MPAPI_v1\protected\components\Utilities.php (11)
in C:\xampp\htdocs\membership.rewards.v02\MPAPI_v1\protected\controllers\MPapiController.php (4614)
in C:\xampp\htdocs\membership.rewards.v02\MPAPI_v1\index.php (13)
2015/09/01 17:21:40 [error] [application] ReturnMessage: Please input 1 for loyalty points or 2 for comp points. ErrorCode: 121
in C:\xampp\htdocs\membership.rewards.v02\MPAPI_v1\protected\components\Utilities.php (11)
in C:\xampp\htdocs\membership.rewards.v02\MPAPI_v1\protected\controllers\MPapiController.php (4657)
in C:\xampp\htdocs\membership.rewards.v02\MPAPI_v1\index.php (13)
2015/09/01 17:21:59 [error] [application] ReturnMessage: Cannot access PCWS API. ErrorCode: 120
in C:\xampp\htdocs\membership.rewards.v02\MPAPI_v1\protected\components\Utilities.php (11)
in C:\xampp\htdocs\membership.rewards.v02\MPAPI_v1\protected\controllers\MPapiController.php (4811)
in C:\xampp\htdocs\membership.rewards.v02\MPAPI_v1\index.php (13)
2015/09/01 17:22:06 [error] [application] ReturnMessage: Please input 1 for loyalty points or 2 for comp points. ErrorCode: 121
in C:\xampp\htdocs\membership.rewards.v02\MPAPI_v1\protected\components\Utilities.php (11)
in C:\xampp\htdocs\membership.rewards.v02\MPAPI_v1\protected\controllers\MPapiController.php (4657)
in C:\xampp\htdocs\membership.rewards.v02\MPAPI_v1\index.php (13)
2015/09/01 17:25:29 [error] [application] ReturnMessage: Please input 1 for loyalty points or 2 for comp points. ErrorCode: 121
in C:\xampp\htdocs\membership.rewards.v02\MPAPI_v1\protected\components\Utilities.php (11)
in C:\xampp\htdocs\membership.rewards.v02\MPAPI_v1\protected\controllers\MPapiController.php (4657)
in C:\xampp\htdocs\membership.rewards.v02\MPAPI_v1\index.php (13)
2015/09/01 17:26:02 [error] [application] ReturnMessage: One or more fields is not set or is blank. ErrorCode: 1
in C:\xampp\htdocs\membership.rewards.v02\MPAPI_v1\protected\components\Utilities.php (11)
in C:\xampp\htdocs\membership.rewards.v02\MPAPI_v1\protected\controllers\MPapiController.php (4678)
in C:\xampp\htdocs\membership.rewards.v02\MPAPI_v1\index.php (13)
2015/09/01 17:26:09 [error] [application] ReturnMessage: Please input 1 for loyalty points or 2 for comp points. ErrorCode: 121
in C:\xampp\htdocs\membership.rewards.v02\MPAPI_v1\protected\components\Utilities.php (11)
in C:\xampp\htdocs\membership.rewards.v02\MPAPI_v1\protected\controllers\MPapiController.php (4657)
in C:\xampp\htdocs\membership.rewards.v02\MPAPI_v1\index.php (13)
2015/09/01 17:26:23 [error] [application] ReturnMessage: Cannot access PCWS API. ErrorCode: 120
in C:\xampp\htdocs\membership.rewards.v02\MPAPI_v1\protected\components\Utilities.php (11)
in C:\xampp\htdocs\membership.rewards.v02\MPAPI_v1\protected\controllers\MPapiController.php (4811)
in C:\xampp\htdocs\membership.rewards.v02\MPAPI_v1\index.php (13)
2015/09/01 17:29:05 [error] [application] ReturnMessage: Please input 1 for loyalty points or 2 for comp points. ErrorCode: 121
in C:\xampp\htdocs\membership.rewards.v02\MPAPI_v1\protected\components\Utilities.php (11)
in C:\xampp\htdocs\membership.rewards.v02\MPAPI_v1\protected\controllers\MPapiController.php (4657)
in C:\xampp\htdocs\membership.rewards.v02\MPAPI_v1\index.php (13)
2015/09/01 17:33:30 [error] [application] ReturnMessage: One or more fields is not set or is blank. ErrorCode: 1
in C:\xampp\htdocs\membership.rewards.v02\MPAPI_v1\protected\components\Utilities.php (11)
in C:\xampp\htdocs\membership.rewards.v02\MPAPI_v1\protected\controllers\MPapiController.php (4678)
in C:\xampp\htdocs\membership.rewards.v02\MPAPI_v1\index.php (13)
2015/09/01 17:33:36 [error] [application] ReturnMessage: Please input 1 for loyalty points or 2 for comp points. ErrorCode: 121
in C:\xampp\htdocs\membership.rewards.v02\MPAPI_v1\protected\components\Utilities.php (11)
in C:\xampp\htdocs\membership.rewards.v02\MPAPI_v1\protected\controllers\MPapiController.php (4657)
in C:\xampp\htdocs\membership.rewards.v02\MPAPI_v1\index.php (13)
2015/09/01 17:33:49 [error] [application] ReturnMessage: Cannot access PCWS API. ErrorCode: 120
in C:\xampp\htdocs\membership.rewards.v02\MPAPI_v1\protected\components\Utilities.php (11)
in C:\xampp\htdocs\membership.rewards.v02\MPAPI_v1\protected\controllers\MPapiController.php (4811)
in C:\xampp\htdocs\membership.rewards.v02\MPAPI_v1\index.php (13)
2015/09/01 17:33:54 [error] [application] ReturnMessage: Please input 1 for loyalty points or 2 for comp points. ErrorCode: 121
in C:\xampp\htdocs\membership.rewards.v02\MPAPI_v1\protected\components\Utilities.php (11)
in C:\xampp\htdocs\membership.rewards.v02\MPAPI_v1\protected\controllers\MPapiController.php (4657)
in C:\xampp\htdocs\membership.rewards.v02\MPAPI_v1\index.php (13)
2015/09/01 17:34:20 [error] [application] ReturnMessage: Please input 1 for loyalty points or 2 for comp points. ErrorCode: 121
in C:\xampp\htdocs\membership.rewards.v02\MPAPI_v1\protected\components\Utilities.php (11)
in C:\xampp\htdocs\membership.rewards.v02\MPAPI_v1\protected\controllers\MPapiController.php (4657)
in C:\xampp\htdocs\membership.rewards.v02\MPAPI_v1\index.php (13)
2015/09/01 17:34:33 [error] [application] ReturnMessage: MPSessionID is already expired. Please login again. ErrorCode: 91
in C:\xampp\htdocs\membership.rewards.v02\MPAPI_v1\protected\components\Utilities.php (11)
in C:\xampp\htdocs\membership.rewards.v02\MPAPI_v1\protected\controllers\MPapiController.php (4614)
in C:\xampp\htdocs\membership.rewards.v02\MPAPI_v1\index.php (13)
2015/09/01 17:35:05 [error] [application] ReturnMessage: Please input 1 for loyalty points or 2 for comp points. ErrorCode: 121
in C:\xampp\htdocs\membership.rewards.v02\MPAPI_v1\protected\components\Utilities.php (11)
in C:\xampp\htdocs\membership.rewards.v02\MPAPI_v1\protected\controllers\MPapiController.php (4657)
in C:\xampp\htdocs\membership.rewards.v02\MPAPI_v1\index.php (13)
2015/09/01 17:35:43 [error] [application] ReturnMessage: Please input 1 for loyalty points or 2 for comp points. ErrorCode: 121
in C:\xampp\htdocs\membership.rewards.v02\MPAPI_v1\protected\components\Utilities.php (11)
in C:\xampp\htdocs\membership.rewards.v02\MPAPI_v1\protected\controllers\MPapiController.php (4657)
in C:\xampp\htdocs\membership.rewards.v02\MPAPI_v1\index.php (13)
2015/09/01 17:41:04 [error] [application] ReturnMessage: Please input 1 for loyalty points or 2 for comp points. ErrorCode: 121
in C:\xampp\htdocs\membership.rewards.v02\MPAPI_v1\protected\components\Utilities.php (11)
in C:\xampp\htdocs\membership.rewards.v02\MPAPI_v1\protected\controllers\MPapiController.php (4657)
in C:\xampp\htdocs\membership.rewards.v02\MPAPI_v1\index.php (13)
2015/09/01 17:43:28 [error] [application] ReturnMessage: Please input 1 for loyalty points or 2 for comp points. ErrorCode: 121
in C:\xampp\htdocs\membership.rewards.v02\MPAPI_v1\protected\components\Utilities.php (11)
in C:\xampp\htdocs\membership.rewards.v02\MPAPI_v1\protected\controllers\MPapiController.php (4657)
in C:\xampp\htdocs\membership.rewards.v02\MPAPI_v1\index.php (13)
2015/09/01 17:43:33 [error] [application] ReturnMessage: Please input 1 for loyalty points or 2 for comp points. ErrorCode: 121
in C:\xampp\htdocs\membership.rewards.v02\MPAPI_v1\protected\components\Utilities.php (11)
in C:\xampp\htdocs\membership.rewards.v02\MPAPI_v1\protected\controllers\MPapiController.php (4657)
in C:\xampp\htdocs\membership.rewards.v02\MPAPI_v1\index.php (13)
2015/09/01 17:43:46 [error] [application] ReturnMessage: MPSessionID is already expired. Please login again. ErrorCode: 91
in C:\xampp\htdocs\membership.rewards.v02\MPAPI_v1\protected\components\Utilities.php (11)
in C:\xampp\htdocs\membership.rewards.v02\MPAPI_v1\protected\controllers\MPapiController.php (4614)
in C:\xampp\htdocs\membership.rewards.v02\MPAPI_v1\index.php (13)
2015/09/01 17:44:18 [error] [application] ReturnMessage: Please input 1 for loyalty points or 2 for comp points. ErrorCode: 121
in C:\xampp\htdocs\membership.rewards.v02\MPAPI_v1\protected\components\Utilities.php (11)
in C:\xampp\htdocs\membership.rewards.v02\MPAPI_v1\protected\controllers\MPapiController.php (4657)
in C:\xampp\htdocs\membership.rewards.v02\MPAPI_v1\index.php (13)
2015/09/01 17:48:22 [error] [php] Undefined index: Config (C:\xampp\htdocs\membership.rewards.v02\MPAPI_v1\protected\controllers\MPapiController.php:4654)
Stack trace:
#0 C:\xampp\htdocs\yii\framework\web\CController.php(286): MPapiController->runAction()
#1 C:\xampp\htdocs\yii\framework\web\CController.php(265): MPapiController->runActionWithFilters()
#2 C:\xampp\htdocs\yii\framework\web\CWebApplication.php(282): MPapiController->run()
#3 C:\xampp\htdocs\yii\framework\web\CWebApplication.php(141): CWebApplication->runController()
#4 C:\xampp\htdocs\yii\framework\base\CApplication.php(169): CWebApplication->processRequest()
#5 C:\xampp\htdocs\membership.rewards.v02\MPAPI_v1\index.php(13): CWebApplication->run()
REQUEST_URI=/membership.rewards.v02/MPAPI_v1/index.php/MPapi/getprofile
in C:\xampp\htdocs\membership.rewards.v02\MPAPI_v1\protected\controllers\MPapiController.php (4654)
in C:\xampp\htdocs\membership.rewards.v02\MPAPI_v1\index.php (13)
2015/09/01 17:49:07 [error] [application] ReturnMessage: Please input 1 for loyalty points or 2 for comp points. ErrorCode: 121
in C:\xampp\htdocs\membership.rewards.v02\MPAPI_v1\protected\components\Utilities.php (11)
in C:\xampp\htdocs\membership.rewards.v02\MPAPI_v1\protected\controllers\MPapiController.php (4657)
in C:\xampp\htdocs\membership.rewards.v02\MPAPI_v1\index.php (13)
2015/09/01 17:49:37 [error] [application] ReturnMessage: One or more fields is not set or is blank. ErrorCode: 1
in C:\xampp\htdocs\membership.rewards.v02\MPAPI_v1\protected\components\Utilities.php (11)
in C:\xampp\htdocs\membership.rewards.v02\MPAPI_v1\protected\controllers\MPapiController.php (4678)
in C:\xampp\htdocs\membership.rewards.v02\MPAPI_v1\index.php (13)
2015/09/01 17:49:44 [error] [application] ReturnMessage: One or more fields is not set or is blank. ErrorCode: 1
in C:\xampp\htdocs\membership.rewards.v02\MPAPI_v1\protected\components\Utilities.php (11)
in C:\xampp\htdocs\membership.rewards.v02\MPAPI_v1\protected\controllers\MPapiController.php (4678)
in C:\xampp\htdocs\membership.rewards.v02\MPAPI_v1\index.php (13)
2015/09/01 17:53:21 [error] [application] ReturnMessage: Cannot access PCWS API. ErrorCode: 120
in C:\xampp\htdocs\membership.rewards.v02\MPAPI_v1\protected\components\Utilities.php (11)
in C:\xampp\htdocs\membership.rewards.v02\MPAPI_v1\protected\controllers\MPapiController.php (4811)
in C:\xampp\htdocs\membership.rewards.v02\MPAPI_v1\index.php (13)
2015/09/01 17:53:26 [error] [application] ReturnMessage: Please input 1 for loyalty points or 2 for comp points. ErrorCode: 121
in C:\xampp\htdocs\membership.rewards.v02\MPAPI_v1\protected\components\Utilities.php (11)
in C:\xampp\htdocs\membership.rewards.v02\MPAPI_v1\protected\controllers\MPapiController.php (4657)
in C:\xampp\htdocs\membership.rewards.v02\MPAPI_v1\index.php (13)
