2013/09/06 09:43:06 [error] [launchpad.models.LPTerminalSessions] [TerminalID=1362 TerminalCode=ICSA-TSTID47] Can't get current casino
2013/09/06 09:43:06 [error] [launchpad.models.LPTerminalSessions] [TerminalID=1362 TerminalCode=ICSA-TSTID47] Can't get casino password
2013/09/06 09:43:06 [error] [launchpad.models.LPTerminalSessions] [TerminalID=1362 TerminalCode=ICSA-TSTID47] Can't get current casino
2013/09/06 09:43:06 [error] [exception.CHttpException.404] exception 'CHttpException' with message 'Can't get current casino' in /var/www/launchpad_gtc/protected/modules/launchpad/controllers/LobbyController.php:112
Stack trace:
#0 /var/www/yii/framework/web/actions/CInlineAction.php(50): LobbyController->actionIndex()
#1 /var/www/yii/framework/web/CController.php(309): CInlineAction->runWithParams(Array)
#2 /var/www/yii/framework/web/CController.php(287): CController->runAction(Object(CInlineAction))
#3 /var/www/yii/framework/web/CController.php(266): CController->runActionWithFilters(Object(CInlineAction), Array)
#4 /var/www/yii/framework/web/CWebApplication.php(276): CController->run('index')
#5 /var/www/yii/framework/web/CWebApplication.php(135): CWebApplication->runController('launchpad/lobby...')
#6 /var/www/yii/framework/base/CApplication.php(162): CWebApplication->processRequest()
#7 /var/www/launchpad_gtc/index.php(13): CApplication->run()
#8 {main}
REQUEST_URI=/index.php?r=launchpad/lobby/index
HTTP_REFERER=http://launchpadgtc.egamescasino.ph/index.php?r=launchpad/lobby/screensaver
---
2013/09/06 09:54:26 [error] [launchpad.models.LPTerminalSessions] [TerminalID=1362 TerminalCode=ICSA-TSTID47] Can't get current casino
2013/09/06 09:54:26 [error] [launchpad.models.LPTerminalSessions] [TerminalID=1362 TerminalCode=ICSA-TSTID47] Can't get casino password
2013/09/06 09:54:26 [error] [launchpad.models.LPTerminalSessions] [TerminalID=1362 TerminalCode=ICSA-TSTID47] Can't get current casino
2013/09/06 09:54:26 [error] [exception.CHttpException.404] exception 'CHttpException' with message 'Can't get current casino' in /var/www/launchpad_gtc/protected/modules/launchpad/controllers/LobbyController.php:112
Stack trace:
#0 /var/www/yii/framework/web/actions/CInlineAction.php(50): LobbyController->actionIndex()
#1 /var/www/yii/framework/web/CController.php(309): CInlineAction->runWithParams(Array)
#2 /var/www/yii/framework/web/CController.php(287): CController->runAction(Object(CInlineAction))
#3 /var/www/yii/framework/web/CController.php(266): CController->runActionWithFilters(Object(CInlineAction), Array)
#4 /var/www/yii/framework/web/CWebApplication.php(276): CController->run('index')
#5 /var/www/yii/framework/web/CWebApplication.php(135): CWebApplication->runController('launchpad/lobby...')
#6 /var/www/yii/framework/base/CApplication.php(162): CWebApplication->processRequest()
#7 /var/www/launchpad_gtc/index.php(13): CApplication->run()
#8 {main}
REQUEST_URI=/index.php?r=launchpad/lobby/index
HTTP_REFERER=http://launchpadgtc.egamescasino.ph/index.php?r=launchpad/lobby/screensaver
---
