2013/09/05 09:56:49 [error] [launchpad.components.CasinoApi] [HTTP_REFERER=http://launchpadgtc.egamescasino.ph/index.php?r=launchpad/lobby/screensaver] [TerminalID=926 TerminalCode=ICSA-TSTID09] Error: Can't get balance TerminalCode=000000007177 ServiceID=8
2013/09/05 09:57:20 [error] [launchpad.models.LPTerminalSessions] [TerminalID=926 TerminalCode=ICSA-TSTID09] Can't get current casino
2013/09/05 09:57:20 [error] [launchpad.models.LPTerminalSessions] [TerminalID=926 TerminalCode=ICSA-TSTID09] Can't get current casino
2013/09/05 09:57:20 [error] [launchpad.models.LPTerminalSessions] [TerminalID=926 TerminalCode=ICSA-TSTID09] Can't get casino password
2013/09/05 09:57:20 [error] [launchpad.models.LPTerminalSessions] [TerminalID=926 TerminalCode=ICSA-TSTID09] Can't get current casino
2013/09/05 09:57:20 [error] [exception.CHttpException.404] exception 'CHttpException' with message 'Can't get current casino' in /var/www/launchpad_gtc/protected/modules/launchpad/controllers/LobbyController.php:112
Stack trace:
#0 /var/www/yii/framework/web/actions/CInlineAction.php(50): LobbyController->actionIndex()
#1 /var/www/yii/framework/web/CController.php(309): CInlineAction->runWithParams(Array)
#2 /var/www/yii/framework/web/CController.php(287): CController->runAction(Object(CInlineAction))
#3 /var/www/yii/framework/web/CController.php(266): CController->runActionWithFilters(Object(CInlineAction), Array)
#4 /var/www/yii/framework/web/CWebApplication.php(276): CController->run('index')
#5 /var/www/yii/framework/web/CWebApplication.php(135): CWebApplication->runController('launchpad/lobby...')
#6 /var/www/yii/framework/base/CApplication.php(162): CWebApplication->processRequest()
#7 /var/www/launchpad_gtc/index.php(13): CApplication->run()
#8 {main}
REQUEST_URI=/index.php?r=launchpad/lobby/index
HTTP_REFERER=http://launchpadgtc.egamescasino.ph/index.php?r=launchpad/lobby/screensaver
---
2013/09/05 10:15:20 [error] [launchpad.models.LPTerminalSessions] [TerminalID=926 TerminalCode=ICSA-TSTID09] Can't get current casino
2013/09/05 10:15:21 [error] [launchpad.models.LPTerminalSessions] [TerminalID=926 TerminalCode=ICSA-TSTID09] Can't get current casino
2013/09/05 10:15:21 [error] [launchpad.models.LPTerminalSessions] [TerminalID=926 TerminalCode=ICSA-TSTID09] Can't get casino password
2013/09/05 10:15:21 [error] [launchpad.models.LPTerminalSessions] [TerminalID=926 TerminalCode=ICSA-TSTID09] Can't get current casino
2013/09/05 10:15:21 [error] [exception.CHttpException.404] exception 'CHttpException' with message 'Can't get current casino' in /var/www/launchpad_gtc/protected/modules/launchpad/controllers/LobbyController.php:112
Stack trace:
#0 /var/www/yii/framework/web/actions/CInlineAction.php(50): LobbyController->actionIndex()
#1 /var/www/yii/framework/web/CController.php(309): CInlineAction->runWithParams(Array)
#2 /var/www/yii/framework/web/CController.php(287): CController->runAction(Object(CInlineAction))
#3 /var/www/yii/framework/web/CController.php(266): CController->runActionWithFilters(Object(CInlineAction), Array)
#4 /var/www/yii/framework/web/CWebApplication.php(276): CController->run('index')
#5 /var/www/yii/framework/web/CWebApplication.php(135): CWebApplication->runController('launchpad/lobby...')
#6 /var/www/yii/framework/base/CApplication.php(162): CWebApplication->processRequest()
#7 /var/www/launchpad_gtc/index.php(13): CApplication->run()
#8 {main}
REQUEST_URI=/index.php?r=launchpad/lobby/index
HTTP_REFERER=http://launchpadgtc.egamescasino.ph/index.php?r=launchpad/lobby/screensaver
---
2013/09/05 10:56:37 [error] [launchpad.models.LPTerminalSessions] [TerminalID=926 TerminalCode=ICSA-TSTID09] Can't get current casino
2013/09/05 10:56:37 [error] [launchpad.models.LPTerminalSessions] [TerminalID=926 TerminalCode=ICSA-TSTID09] Can't get current casino
2013/09/05 10:56:37 [error] [launchpad.models.LPTerminalSessions] [TerminalID=926 TerminalCode=ICSA-TSTID09] Can't get casino password
2013/09/05 10:56:37 [error] [launchpad.models.LPTerminalSessions] [TerminalID=926 TerminalCode=ICSA-TSTID09] Can't get current casino
2013/09/05 10:56:37 [error] [exception.CHttpException.404] exception 'CHttpException' with message 'Can't get current casino' in /var/www/launchpad_gtc/protected/modules/launchpad/controllers/LobbyController.php:112
Stack trace:
#0 /var/www/yii/framework/web/actions/CInlineAction.php(50): LobbyController->actionIndex()
#1 /var/www/yii/framework/web/CController.php(309): CInlineAction->runWithParams(Array)
#2 /var/www/yii/framework/web/CController.php(287): CController->runAction(Object(CInlineAction))
#3 /var/www/yii/framework/web/CController.php(266): CController->runActionWithFilters(Object(CInlineAction), Array)
#4 /var/www/yii/framework/web/CWebApplication.php(276): CController->run('index')
#5 /var/www/yii/framework/web/CWebApplication.php(135): CWebApplication->runController('launchpad/lobby...')
#6 /var/www/yii/framework/base/CApplication.php(162): CWebApplication->processRequest()
#7 /var/www/launchpad_gtc/index.php(13): CApplication->run()
#8 {main}
REQUEST_URI=/index.php?r=launchpad/lobby/index
HTTP_REFERER=http://launchpadgtc.egamescasino.ph/index.php?r=launchpad/lobby/screensaver
---
2013/09/05 11:33:49 [error] [launchpad.models.LPTerminalSessions] [TerminalID=926 TerminalCode=ICSA-TSTID09] Can't get current casino
2013/09/05 11:33:49 [error] [launchpad.models.LPTerminalSessions] [TerminalID=926 TerminalCode=ICSA-TSTID09] Can't get casino password
2013/09/05 11:33:49 [error] [launchpad.models.LPTerminalSessions] [TerminalID=926 TerminalCode=ICSA-TSTID09] Can't get current casino
2013/09/05 11:33:49 [error] [exception.CHttpException.404] exception 'CHttpException' with message 'Can't get current casino' in /var/www/launchpad_gtc/protected/modules/launchpad/controllers/LobbyController.php:112
Stack trace:
#0 /var/www/yii/framework/web/actions/CInlineAction.php(50): LobbyController->actionIndex()
#1 /var/www/yii/framework/web/CController.php(309): CInlineAction->runWithParams(Array)
#2 /var/www/yii/framework/web/CController.php(287): CController->runAction(Object(CInlineAction))
#3 /var/www/yii/framework/web/CController.php(266): CController->runActionWithFilters(Object(CInlineAction), Array)
#4 /var/www/yii/framework/web/CWebApplication.php(276): CController->run('index')
#5 /var/www/yii/framework/web/CWebApplication.php(135): CWebApplication->runController('launchpad/lobby...')
#6 /var/www/yii/framework/base/CApplication.php(162): CWebApplication->processRequest()
#7 /var/www/launchpad_gtc/index.php(13): CApplication->run()
#8 {main}
REQUEST_URI=/index.php?r=launchpad/lobby/index
HTTP_REFERER=http://launchpadgtc.egamescasino.ph/index.php?r=launchpad/lobby/screensaver
---
2013/09/05 15:02:52 [error] [launchpad.models.LPTerminalSessions] [TerminalID=1362 TerminalCode=ICSA-TSTID47] Can't get current casino
2013/09/05 15:02:53 [error] [launchpad.models.LPTerminalSessions] [TerminalID=1362 TerminalCode=ICSA-TSTID47] Can't get current casino
2013/09/05 15:02:53 [error] [launchpad.models.LPTerminalSessions] [TerminalID=1362 TerminalCode=ICSA-TSTID47] Can't get casino password
2013/09/05 15:02:53 [error] [launchpad.models.LPTerminalSessions] [TerminalID=1362 TerminalCode=ICSA-TSTID47] Can't get current casino
2013/09/05 15:02:53 [error] [exception.CHttpException.404] exception 'CHttpException' with message 'Can't get current casino' in /var/www/launchpad_gtc/protected/modules/launchpad/controllers/LobbyController.php:112
Stack trace:
#0 /var/www/yii/framework/web/actions/CInlineAction.php(50): LobbyController->actionIndex()
#1 /var/www/yii/framework/web/CController.php(309): CInlineAction->runWithParams(Array)
#2 /var/www/yii/framework/web/CController.php(287): CController->runAction(Object(CInlineAction))
#3 /var/www/yii/framework/web/CController.php(266): CController->runActionWithFilters(Object(CInlineAction), Array)
#4 /var/www/yii/framework/web/CWebApplication.php(276): CController->run('index')
#5 /var/www/yii/framework/web/CWebApplication.php(135): CWebApplication->runController('launchpad/lobby...')
#6 /var/www/yii/framework/base/CApplication.php(162): CWebApplication->processRequest()
#7 /var/www/launchpad_gtc/index.php(13): CApplication->run()
#8 {main}
REQUEST_URI=/index.php?r=launchpad/lobby/index
HTTP_REFERER=http://launchpadgtc.egamescasino.ph/index.php?r=launchpad/lobby/screensaver
---
2013/09/05 15:18:34 [error] [launchpad.models.LPTerminalSessions] [TerminalID=1362 TerminalCode=ICSA-TSTID47] Can't get current casino
2013/09/05 15:18:34 [error] [launchpad.models.LPTerminalSessions] [TerminalID=1362 TerminalCode=ICSA-TSTID47] Can't get casino password
2013/09/05 15:18:34 [error] [launchpad.models.LPTerminalSessions] [TerminalID=1362 TerminalCode=ICSA-TSTID47] Can't get current casino
2013/09/05 15:18:34 [error] [exception.CHttpException.404] exception 'CHttpException' with message 'Can't get current casino' in /var/www/launchpad_gtc/protected/modules/launchpad/controllers/LobbyController.php:112
Stack trace:
#0 /var/www/yii/framework/web/actions/CInlineAction.php(50): LobbyController->actionIndex()
#1 /var/www/yii/framework/web/CController.php(309): CInlineAction->runWithParams(Array)
#2 /var/www/yii/framework/web/CController.php(287): CController->runAction(Object(CInlineAction))
#3 /var/www/yii/framework/web/CController.php(266): CController->runActionWithFilters(Object(CInlineAction), Array)
#4 /var/www/yii/framework/web/CWebApplication.php(276): CController->run('index')
#5 /var/www/yii/framework/web/CWebApplication.php(135): CWebApplication->runController('launchpad/lobby...')
#6 /var/www/yii/framework/base/CApplication.php(162): CWebApplication->processRequest()
#7 /var/www/launchpad_gtc/index.php(13): CApplication->run()
#8 {main}
REQUEST_URI=/index.php?r=launchpad/lobby/index
HTTP_REFERER=http://launchpadgtc.egamescasino.ph/index.php?r=launchpad/lobby/screensaver
---
2013/09/05 16:31:48 [error] [launchpad.models.LPTerminalSessions] [TerminalID=1362 TerminalCode=ICSA-TSTID47] Can't get current casino
2013/09/05 16:31:48 [error] [launchpad.models.LPTerminalSessions] [TerminalID=1362 TerminalCode=ICSA-TSTID47] Can't get casino password
2013/09/05 16:31:48 [error] [launchpad.models.LPTerminalSessions] [TerminalID=1362 TerminalCode=ICSA-TSTID47] Can't get current casino
2013/09/05 16:31:48 [error] [exception.CHttpException.404] exception 'CHttpException' with message 'Can't get current casino' in /var/www/launchpad_gtc/protected/modules/launchpad/controllers/LobbyController.php:112
Stack trace:
#0 /var/www/yii/framework/web/actions/CInlineAction.php(50): LobbyController->actionIndex()
#1 /var/www/yii/framework/web/CController.php(309): CInlineAction->runWithParams(Array)
#2 /var/www/yii/framework/web/CController.php(287): CController->runAction(Object(CInlineAction))
#3 /var/www/yii/framework/web/CController.php(266): CController->runActionWithFilters(Object(CInlineAction), Array)
#4 /var/www/yii/framework/web/CWebApplication.php(276): CController->run('index')
#5 /var/www/yii/framework/web/CWebApplication.php(135): CWebApplication->runController('launchpad/lobby...')
#6 /var/www/yii/framework/base/CApplication.php(162): CWebApplication->processRequest()
#7 /var/www/launchpad_gtc/index.php(13): CApplication->run()
#8 {main}
REQUEST_URI=/index.php?r=launchpad/lobby/index
HTTP_REFERER=http://launchpadgtc.egamescasino.ph/index.php?r=launchpad/lobby/screensaver
---
2013/09/05 16:35:31 [error] [launchpad.models.LPTerminalSessions] [TerminalID=1362 TerminalCode=ICSA-TSTID47] Can't get current casino
2013/09/05 16:35:31 [error] [launchpad.models.LPTerminalSessions] [TerminalID=1362 TerminalCode=ICSA-TSTID47] Can't get casino password
2013/09/05 16:35:31 [error] [launchpad.models.LPTerminalSessions] [TerminalID=1362 TerminalCode=ICSA-TSTID47] Can't get current casino
2013/09/05 16:35:31 [error] [exception.CHttpException.404] exception 'CHttpException' with message 'Can't get current casino' in /var/www/launchpad_gtc/protected/modules/launchpad/controllers/LobbyController.php:112
Stack trace:
#0 /var/www/yii/framework/web/actions/CInlineAction.php(50): LobbyController->actionIndex()
#1 /var/www/yii/framework/web/CController.php(309): CInlineAction->runWithParams(Array)
#2 /var/www/yii/framework/web/CController.php(287): CController->runAction(Object(CInlineAction))
#3 /var/www/yii/framework/web/CController.php(266): CController->runActionWithFilters(Object(CInlineAction), Array)
#4 /var/www/yii/framework/web/CWebApplication.php(276): CController->run('index')
#5 /var/www/yii/framework/web/CWebApplication.php(135): CWebApplication->runController('launchpad/lobby...')
#6 /var/www/yii/framework/base/CApplication.php(162): CWebApplication->processRequest()
#7 /var/www/launchpad_gtc/index.php(13): CApplication->run()
#8 {main}
REQUEST_URI=/index.php?r=launchpad/lobby/index
HTTP_REFERER=http://launchpadgtc.egamescasino.ph/index.php?r=launchpad/lobby/screensaver
---
2013/09/05 18:05:16 [error] [launchpad.models.LPTerminalSessions] [TerminalID=1362 TerminalCode=ICSA-TSTID47] Can't get current casino
2013/09/05 18:05:16 [error] [launchpad.models.LPTerminalSessions] [TerminalID=1362 TerminalCode=ICSA-TSTID47] Can't get casino password
2013/09/05 18:05:16 [error] [launchpad.models.LPTerminalSessions] [TerminalID=1362 TerminalCode=ICSA-TSTID47] Can't get current casino
2013/09/05 18:05:16 [error] [exception.CHttpException.404] exception 'CHttpException' with message 'Can't get current casino' in /var/www/launchpad_gtc/protected/modules/launchpad/controllers/LobbyController.php:112
Stack trace:
#0 /var/www/yii/framework/web/actions/CInlineAction.php(50): LobbyController->actionIndex()
#1 /var/www/yii/framework/web/CController.php(309): CInlineAction->runWithParams(Array)
#2 /var/www/yii/framework/web/CController.php(287): CController->runAction(Object(CInlineAction))
#3 /var/www/yii/framework/web/CController.php(266): CController->runActionWithFilters(Object(CInlineAction), Array)
#4 /var/www/yii/framework/web/CWebApplication.php(276): CController->run('index')
#5 /var/www/yii/framework/web/CWebApplication.php(135): CWebApplication->runController('launchpad/lobby...')
#6 /var/www/yii/framework/base/CApplication.php(162): CWebApplication->processRequest()
#7 /var/www/launchpad_gtc/index.php(13): CApplication->run()
#8 {main}
REQUEST_URI=/index.php?r=launchpad/lobby/index
HTTP_REFERER=http://launchpadgtc.egamescasino.ph/index.php?r=launchpad/lobby/screensaver
---
2013/09/05 18:07:32 [error] [launchpad.models.LPTerminalSessions] [TerminalID=1362 TerminalCode=ICSA-TSTID47] Can't get current casino
2013/09/05 18:07:32 [error] [launchpad.models.LPTerminalSessions] [TerminalID=1362 TerminalCode=ICSA-TSTID47] Can't get casino password
2013/09/05 18:07:32 [error] [launchpad.models.LPTerminalSessions] [TerminalID=1362 TerminalCode=ICSA-TSTID47] Can't get current casino
2013/09/05 18:07:32 [error] [exception.CHttpException.404] exception 'CHttpException' with message 'Can't get current casino' in /var/www/launchpad_gtc/protected/modules/launchpad/controllers/LobbyController.php:112
Stack trace:
#0 /var/www/yii/framework/web/actions/CInlineAction.php(50): LobbyController->actionIndex()
#1 /var/www/yii/framework/web/CController.php(309): CInlineAction->runWithParams(Array)
#2 /var/www/yii/framework/web/CController.php(287): CController->runAction(Object(CInlineAction))
#3 /var/www/yii/framework/web/CController.php(266): CController->runActionWithFilters(Object(CInlineAction), Array)
#4 /var/www/yii/framework/web/CWebApplication.php(276): CController->run('index')
#5 /var/www/yii/framework/web/CWebApplication.php(135): CWebApplication->runController('launchpad/lobby...')
#6 /var/www/yii/framework/base/CApplication.php(162): CWebApplication->processRequest()
#7 /var/www/launchpad_gtc/index.php(13): CApplication->run()
#8 {main}
REQUEST_URI=/index.php?r=launchpad/lobby/index
HTTP_REFERER=http://launchpadgtc.egamescasino.ph/index.php?r=launchpad/lobby/screensaver
---
2013/09/05 18:53:17 [error] [launchpad.models.LPTerminalSessions] [TerminalID=1362 TerminalCode=ICSA-TSTID47] Can't get current casino
2013/09/05 18:53:17 [error] [launchpad.models.LPTerminalSessions] [TerminalID=1362 TerminalCode=ICSA-TSTID47] Can't get casino password
2013/09/05 18:53:17 [error] [launchpad.models.LPTerminalSessions] [TerminalID=1362 TerminalCode=ICSA-TSTID47] Can't get current casino
2013/09/05 18:53:17 [error] [exception.CHttpException.404] exception 'CHttpException' with message 'Can't get current casino' in /var/www/launchpad_gtc/protected/modules/launchpad/controllers/LobbyController.php:112
Stack trace:
#0 /var/www/yii/framework/web/actions/CInlineAction.php(50): LobbyController->actionIndex()
#1 /var/www/yii/framework/web/CController.php(309): CInlineAction->runWithParams(Array)
#2 /var/www/yii/framework/web/CController.php(287): CController->runAction(Object(CInlineAction))
#3 /var/www/yii/framework/web/CController.php(266): CController->runActionWithFilters(Object(CInlineAction), Array)
#4 /var/www/yii/framework/web/CWebApplication.php(276): CController->run('index')
#5 /var/www/yii/framework/web/CWebApplication.php(135): CWebApplication->runController('launchpad/lobby...')
#6 /var/www/yii/framework/base/CApplication.php(162): CWebApplication->processRequest()
#7 /var/www/launchpad_gtc/index.php(13): CApplication->run()
#8 {main}
REQUEST_URI=/index.php?r=launchpad/lobby/index
HTTP_REFERER=http://launchpadgtc.egamescasino.ph/index.php?r=launchpad/lobby/screensaver
---
2013/09/05 20:03:22 [error] [launchpad.models.LPTerminalSessions] [TerminalID=1362 TerminalCode=ICSA-TSTID47] Can't get current casino
2013/09/05 20:03:22 [error] [launchpad.models.LPTerminalSessions] [TerminalID=1362 TerminalCode=ICSA-TSTID47] Can't get current casino
2013/09/05 20:03:22 [error] [launchpad.models.LPTerminalSessions] [TerminalID=1362 TerminalCode=ICSA-TSTID47] Can't get casino password
2013/09/05 20:03:22 [error] [launchpad.models.LPTerminalSessions] [TerminalID=1362 TerminalCode=ICSA-TSTID47] Can't get current casino
2013/09/05 20:03:22 [error] [exception.CHttpException.404] exception 'CHttpException' with message 'Can't get current casino' in /var/www/launchpad_gtc/protected/modules/launchpad/controllers/LobbyController.php:112
Stack trace:
#0 /var/www/yii/framework/web/actions/CInlineAction.php(50): LobbyController->actionIndex()
#1 /var/www/yii/framework/web/CController.php(309): CInlineAction->runWithParams(Array)
#2 /var/www/yii/framework/web/CController.php(287): CController->runAction(Object(CInlineAction))
#3 /var/www/yii/framework/web/CController.php(266): CController->runActionWithFilters(Object(CInlineAction), Array)
#4 /var/www/yii/framework/web/CWebApplication.php(276): CController->run('index')
#5 /var/www/yii/framework/web/CWebApplication.php(135): CWebApplication->runController('launchpad/lobby...')
#6 /var/www/yii/framework/base/CApplication.php(162): CWebApplication->processRequest()
#7 /var/www/launchpad_gtc/index.php(13): CApplication->run()
#8 {main}
REQUEST_URI=/index.php?r=launchpad/lobby/index
HTTP_REFERER=http://launchpadgtc.egamescasino.ph/index.php?r=launchpad/lobby/screensaver
---
