2013/06/20 10:16:32 [error] [launchpad.models.LPTerminalSessions] [TerminalID=1344 TerminalCode=ICSA-TSTRD05] Can't get current casino
2013/06/20 10:16:32 [error] [launchpad.models.LPTerminalSessions] [TerminalID=1344 TerminalCode=ICSA-TSTRD05] Can't get casino password
2013/06/20 10:16:32 [error] [launchpad.models.LPTerminalSessions] [TerminalID=1344 TerminalCode=ICSA-TSTRD05] Can't get current casino
2013/06/20 10:16:32 [error] [exception.CHttpException.404] exception 'CHttpException' with message 'Can't get current casino' in /var/www/launchpad_gtc/protected/modules/launchpad/controllers/LobbyController.php:112
Stack trace:
#0 /var/www/yii/framework/web/actions/CInlineAction.php(50): LobbyController->actionIndex()
#1 /var/www/yii/framework/web/CController.php(309): CInlineAction->runWithParams(Array)
#2 /var/www/yii/framework/web/CController.php(287): CController->runAction(Object(CInlineAction))
#3 /var/www/yii/framework/web/CController.php(266): CController->runActionWithFilters(Object(CInlineAction), Array)
#4 /var/www/yii/framework/web/CWebApplication.php(276): CController->run('index')
#5 /var/www/yii/framework/web/CWebApplication.php(135): CWebApplication->runController('launchpad/lobby...')
#6 /var/www/yii/framework/base/CApplication.php(162): CWebApplication->processRequest()
#7 /var/www/launchpad_gtc/index.php(13): CApplication->run()
#8 {main}
REQUEST_URI=/launchpad_gtc/index.php?r=launchpad/lobby/index
---
2013/06/20 10:20:17 [error] [launchpad.models.LPTerminalSessions] [TerminalID=1346 TerminalCode=ICSA-TSTRD06] Can't get current casino
2013/06/20 10:20:17 [error] [launchpad.models.LPTerminalSessions] [TerminalID=1346 TerminalCode=ICSA-TSTRD06] Can't get casino password
2013/06/20 10:20:17 [error] [launchpad.models.LPTerminalSessions] [TerminalID=1346 TerminalCode=ICSA-TSTRD06] Can't get current casino
2013/06/20 10:20:17 [error] [exception.CHttpException.404] exception 'CHttpException' with message 'Can't get current casino' in /var/www/launchpad_gtc/protected/modules/launchpad/controllers/LobbyController.php:112
Stack trace:
#0 /var/www/yii/framework/web/actions/CInlineAction.php(50): LobbyController->actionIndex()
#1 /var/www/yii/framework/web/CController.php(309): CInlineAction->runWithParams(Array)
#2 /var/www/yii/framework/web/CController.php(287): CController->runAction(Object(CInlineAction))
#3 /var/www/yii/framework/web/CController.php(266): CController->runActionWithFilters(Object(CInlineAction), Array)
#4 /var/www/yii/framework/web/CWebApplication.php(276): CController->run('index')
#5 /var/www/yii/framework/web/CWebApplication.php(135): CWebApplication->runController('launchpad/lobby...')
#6 /var/www/yii/framework/base/CApplication.php(162): CWebApplication->processRequest()
#7 /var/www/launchpad_gtc/index.php(13): CApplication->run()
#8 {main}
REQUEST_URI=/launchpad_gtc/index.php?r=launchpad/lobby/index
---
2013/06/20 10:39:33 [error] [launchpad.models.LPTerminalSessions] [TerminalID=1346 TerminalCode=ICSA-TSTRD06] Can't get current casino
2013/06/20 10:39:33 [error] [launchpad.models.LPTerminalSessions] [TerminalID=1346 TerminalCode=ICSA-TSTRD06] Can't get casino password
2013/06/20 10:39:33 [error] [launchpad.models.LPTerminalSessions] [TerminalID=1346 TerminalCode=ICSA-TSTRD06] Can't get current casino
2013/06/20 10:39:33 [error] [exception.CHttpException.404] exception 'CHttpException' with message 'Can't get current casino' in /var/www/launchpad_gtc/protected/modules/launchpad/controllers/LobbyController.php:112
Stack trace:
#0 /var/www/yii/framework/web/actions/CInlineAction.php(50): LobbyController->actionIndex()
#1 /var/www/yii/framework/web/CController.php(309): CInlineAction->runWithParams(Array)
#2 /var/www/yii/framework/web/CController.php(287): CController->runAction(Object(CInlineAction))
#3 /var/www/yii/framework/web/CController.php(266): CController->runActionWithFilters(Object(CInlineAction), Array)
#4 /var/www/yii/framework/web/CWebApplication.php(276): CController->run('index')
#5 /var/www/yii/framework/web/CWebApplication.php(135): CWebApplication->runController('launchpad/lobby...')
#6 /var/www/yii/framework/base/CApplication.php(162): CWebApplication->processRequest()
#7 /var/www/launchpad_gtc/index.php(13): CApplication->run()
#8 {main}
REQUEST_URI=/launchpad_gtc/index.php?r=launchpad/lobby/index
---
2013/06/20 10:43:24 [error] [launchpad.models.LPTerminalSessions] [TerminalID=1344 TerminalCode=ICSA-TSTRD05] Can't get current casino
2013/06/20 10:43:24 [error] [launchpad.models.LPTerminalSessions] [TerminalID=1344 TerminalCode=ICSA-TSTRD05] Can't get casino password
2013/06/20 10:43:24 [error] [launchpad.models.LPTerminalSessions] [TerminalID=1344 TerminalCode=ICSA-TSTRD05] Can't get current casino
2013/06/20 10:43:24 [error] [exception.CHttpException.404] exception 'CHttpException' with message 'Can't get current casino' in /var/www/launchpad_gtc/protected/modules/launchpad/controllers/LobbyController.php:112
Stack trace:
#0 /var/www/yii/framework/web/actions/CInlineAction.php(50): LobbyController->actionIndex()
#1 /var/www/yii/framework/web/CController.php(309): CInlineAction->runWithParams(Array)
#2 /var/www/yii/framework/web/CController.php(287): CController->runAction(Object(CInlineAction))
#3 /var/www/yii/framework/web/CController.php(266): CController->runActionWithFilters(Object(CInlineAction), Array)
#4 /var/www/yii/framework/web/CWebApplication.php(276): CController->run('index')
#5 /var/www/yii/framework/web/CWebApplication.php(135): CWebApplication->runController('launchpad/lobby...')
#6 /var/www/yii/framework/base/CApplication.php(162): CWebApplication->processRequest()
#7 /var/www/launchpad_gtc/index.php(13): CApplication->run()
#8 {main}
REQUEST_URI=/launchpad_gtc/index.php?r=launchpad/lobby/index
---
2013/06/20 11:25:01 [error] [launchpad.models.LPTerminalSessions] [TerminalID=1346 TerminalCode=ICSA-TSTRD06] Can't get current casino
2013/06/20 11:25:01 [error] [launchpad.models.LPTerminalSessions] [TerminalID=1346 TerminalCode=ICSA-TSTRD06] Can't get casino password
2013/06/20 11:25:01 [error] [launchpad.models.LPTerminalSessions] [TerminalID=1346 TerminalCode=ICSA-TSTRD06] Can't get current casino
2013/06/20 11:25:01 [error] [exception.CHttpException.404] exception 'CHttpException' with message 'Can't get current casino' in /var/www/launchpad_gtc/protected/modules/launchpad/controllers/LobbyController.php:112
Stack trace:
#0 /var/www/yii/framework/web/actions/CInlineAction.php(50): LobbyController->actionIndex()
#1 /var/www/yii/framework/web/CController.php(309): CInlineAction->runWithParams(Array)
#2 /var/www/yii/framework/web/CController.php(287): CController->runAction(Object(CInlineAction))
#3 /var/www/yii/framework/web/CController.php(266): CController->runActionWithFilters(Object(CInlineAction), Array)
#4 /var/www/yii/framework/web/CWebApplication.php(276): CController->run('index')
#5 /var/www/yii/framework/web/CWebApplication.php(135): CWebApplication->runController('launchpad/lobby...')
#6 /var/www/yii/framework/base/CApplication.php(162): CWebApplication->processRequest()
#7 /var/www/launchpad_gtc/index.php(13): CApplication->run()
#8 {main}
REQUEST_URI=/launchpad_gtc/index.php?r=launchpad/lobby/index
---
2013/06/20 11:31:49 [error] [launchpad.models.LPTerminalSessions] [TerminalID=1344 TerminalCode=ICSA-TSTRD05] Can't get current casino
2013/06/20 11:31:49 [error] [launchpad.models.LPTerminalSessions] [TerminalID=1344 TerminalCode=ICSA-TSTRD05] Can't get casino password
2013/06/20 11:31:49 [error] [launchpad.models.LPTerminalSessions] [TerminalID=1344 TerminalCode=ICSA-TSTRD05] Can't get current casino
2013/06/20 11:31:49 [error] [exception.CHttpException.404] exception 'CHttpException' with message 'Can't get current casino' in /var/www/launchpad_gtc/protected/modules/launchpad/controllers/LobbyController.php:112
Stack trace:
#0 /var/www/yii/framework/web/actions/CInlineAction.php(50): LobbyController->actionIndex()
#1 /var/www/yii/framework/web/CController.php(309): CInlineAction->runWithParams(Array)
#2 /var/www/yii/framework/web/CController.php(287): CController->runAction(Object(CInlineAction))
#3 /var/www/yii/framework/web/CController.php(266): CController->runActionWithFilters(Object(CInlineAction), Array)
#4 /var/www/yii/framework/web/CWebApplication.php(276): CController->run('index')
#5 /var/www/yii/framework/web/CWebApplication.php(135): CWebApplication->runController('launchpad/lobby...')
#6 /var/www/yii/framework/base/CApplication.php(162): CWebApplication->processRequest()
#7 /var/www/launchpad_gtc/index.php(13): CApplication->run()
#8 {main}
REQUEST_URI=/launchpad_gtc/index.php?r=launchpad/lobby/index
---
2013/06/20 11:33:48 [error] [launchpad.models.LPTerminalSessions] [TerminalID=1344 TerminalCode=ICSA-TSTRD05] Can't get current casino
2013/06/20 11:33:48 [error] [launchpad.models.LPTerminalSessions] [TerminalID=1344 TerminalCode=ICSA-TSTRD05] Can't get casino password
2013/06/20 11:33:48 [error] [launchpad.models.LPTerminalSessions] [TerminalID=1344 TerminalCode=ICSA-TSTRD05] Can't get current casino
2013/06/20 11:33:48 [error] [exception.CHttpException.404] exception 'CHttpException' with message 'Can't get current casino' in /var/www/launchpad_gtc/protected/modules/launchpad/controllers/LobbyController.php:112
Stack trace:
#0 /var/www/yii/framework/web/actions/CInlineAction.php(50): LobbyController->actionIndex()
#1 /var/www/yii/framework/web/CController.php(309): CInlineAction->runWithParams(Array)
#2 /var/www/yii/framework/web/CController.php(287): CController->runAction(Object(CInlineAction))
#3 /var/www/yii/framework/web/CController.php(266): CController->runActionWithFilters(Object(CInlineAction), Array)
#4 /var/www/yii/framework/web/CWebApplication.php(276): CController->run('index')
#5 /var/www/yii/framework/web/CWebApplication.php(135): CWebApplication->runController('launchpad/lobby...')
#6 /var/www/yii/framework/base/CApplication.php(162): CWebApplication->processRequest()
#7 /var/www/launchpad_gtc/index.php(13): CApplication->run()
#8 {main}
REQUEST_URI=/launchpad_gtc/index.php?r=launchpad/lobby/index
---
2013/06/20 11:42:43 [error] [launchpad.models.LPTerminalSessions] [TerminalID=1346 TerminalCode=ICSA-TSTRD06] Can't get current casino
2013/06/20 11:42:43 [error] [launchpad.models.LPTerminalSessions] [TerminalID=1346 TerminalCode=ICSA-TSTRD06] Can't get casino password
2013/06/20 11:42:43 [error] [launchpad.models.LPTerminalSessions] [TerminalID=1346 TerminalCode=ICSA-TSTRD06] Can't get current casino
2013/06/20 11:42:43 [error] [exception.CHttpException.404] exception 'CHttpException' with message 'Can't get current casino' in /var/www/launchpad_gtc/protected/modules/launchpad/controllers/LobbyController.php:112
Stack trace:
#0 /var/www/yii/framework/web/actions/CInlineAction.php(50): LobbyController->actionIndex()
#1 /var/www/yii/framework/web/CController.php(309): CInlineAction->runWithParams(Array)
#2 /var/www/yii/framework/web/CController.php(287): CController->runAction(Object(CInlineAction))
#3 /var/www/yii/framework/web/CController.php(266): CController->runActionWithFilters(Object(CInlineAction), Array)
#4 /var/www/yii/framework/web/CWebApplication.php(276): CController->run('index')
#5 /var/www/yii/framework/web/CWebApplication.php(135): CWebApplication->runController('launchpad/lobby...')
#6 /var/www/yii/framework/base/CApplication.php(162): CWebApplication->processRequest()
#7 /var/www/launchpad_gtc/index.php(13): CApplication->run()
#8 {main}
REQUEST_URI=/launchpad_gtc/index.php?r=launchpad/lobby/index
---
2013/06/20 11:44:55 [error] [launchpad.models.LPTerminalSessions] [TerminalID=1344 TerminalCode=ICSA-TSTRD05] Can't get current casino
2013/06/20 11:44:55 [error] [launchpad.models.LPTerminalSessions] [TerminalID=1344 TerminalCode=ICSA-TSTRD05] Can't get casino password
2013/06/20 11:44:55 [error] [launchpad.models.LPTerminalSessions] [TerminalID=1344 TerminalCode=ICSA-TSTRD05] Can't get current casino
2013/06/20 11:44:55 [error] [exception.CHttpException.404] exception 'CHttpException' with message 'Can't get current casino' in /var/www/launchpad_gtc/protected/modules/launchpad/controllers/LobbyController.php:112
Stack trace:
#0 /var/www/yii/framework/web/actions/CInlineAction.php(50): LobbyController->actionIndex()
#1 /var/www/yii/framework/web/CController.php(309): CInlineAction->runWithParams(Array)
#2 /var/www/yii/framework/web/CController.php(287): CController->runAction(Object(CInlineAction))
#3 /var/www/yii/framework/web/CController.php(266): CController->runActionWithFilters(Object(CInlineAction), Array)
#4 /var/www/yii/framework/web/CWebApplication.php(276): CController->run('index')
#5 /var/www/yii/framework/web/CWebApplication.php(135): CWebApplication->runController('launchpad/lobby...')
#6 /var/www/yii/framework/base/CApplication.php(162): CWebApplication->processRequest()
#7 /var/www/launchpad_gtc/index.php(13): CApplication->run()
#8 {main}
REQUEST_URI=/launchpad_gtc/index.php?r=launchpad/lobby/index
---
2013/06/20 11:45:14 [error] [launchpad.models.LPTerminalSessions] [TerminalID=1346 TerminalCode=ICSA-TSTRD06] Can't get current casino
2013/06/20 11:45:14 [error] [launchpad.models.LPTerminalSessions] [TerminalID=1346 TerminalCode=ICSA-TSTRD06] Can't get casino password
2013/06/20 11:45:14 [error] [launchpad.models.LPTerminalSessions] [TerminalID=1346 TerminalCode=ICSA-TSTRD06] Can't get current casino
2013/06/20 11:45:14 [error] [exception.CHttpException.404] exception 'CHttpException' with message 'Can't get current casino' in /var/www/launchpad_gtc/protected/modules/launchpad/controllers/LobbyController.php:112
Stack trace:
#0 /var/www/yii/framework/web/actions/CInlineAction.php(50): LobbyController->actionIndex()
#1 /var/www/yii/framework/web/CController.php(309): CInlineAction->runWithParams(Array)
#2 /var/www/yii/framework/web/CController.php(287): CController->runAction(Object(CInlineAction))
#3 /var/www/yii/framework/web/CController.php(266): CController->runActionWithFilters(Object(CInlineAction), Array)
#4 /var/www/yii/framework/web/CWebApplication.php(276): CController->run('index')
#5 /var/www/yii/framework/web/CWebApplication.php(135): CWebApplication->runController('launchpad/lobby...')
#6 /var/www/yii/framework/base/CApplication.php(162): CWebApplication->processRequest()
#7 /var/www/launchpad_gtc/index.php(13): CApplication->run()
#8 {main}
REQUEST_URI=/launchpad_gtc/index.php?r=launchpad/lobby/index
---
2013/06/20 14:42:58 [error] [launchpad.models.LPTerminalSessions] [TerminalID=1346 TerminalCode=ICSA-TSTRD06] Can't get current casino
2013/06/20 14:42:58 [error] [launchpad.models.LPTerminalSessions] [TerminalID=1346 TerminalCode=ICSA-TSTRD06] Can't get casino password
2013/06/20 14:42:58 [error] [launchpad.models.LPTerminalSessions] [TerminalID=1346 TerminalCode=ICSA-TSTRD06] Can't get current casino
2013/06/20 14:42:58 [error] [exception.CHttpException.404] exception 'CHttpException' with message 'Can't get current casino' in /var/www/launchpad_gtc/protected/modules/launchpad/controllers/LobbyController.php:112
Stack trace:
#0 /var/www/yii/framework/web/actions/CInlineAction.php(50): LobbyController->actionIndex()
#1 /var/www/yii/framework/web/CController.php(309): CInlineAction->runWithParams(Array)
#2 /var/www/yii/framework/web/CController.php(287): CController->runAction(Object(CInlineAction))
#3 /var/www/yii/framework/web/CController.php(266): CController->runActionWithFilters(Object(CInlineAction), Array)
#4 /var/www/yii/framework/web/CWebApplication.php(276): CController->run('index')
#5 /var/www/yii/framework/web/CWebApplication.php(135): CWebApplication->runController('launchpad/lobby...')
#6 /var/www/yii/framework/base/CApplication.php(162): CWebApplication->processRequest()
#7 /var/www/launchpad_gtc/index.php(13): CApplication->run()
#8 {main}
REQUEST_URI=/launchpad_gtc/index.php?r=launchpad/lobby/index
---
2013/06/20 15:26:23 [error] [launchpad.models.LPTerminalSessions] [TerminalID=1344 TerminalCode=ICSA-TSTRD05] Can't get current casino
2013/06/20 15:26:23 [error] [launchpad.models.LPTerminalSessions] [TerminalID=1344 TerminalCode=ICSA-TSTRD05] Can't get casino password
2013/06/20 15:26:23 [error] [launchpad.models.LPTerminalSessions] [TerminalID=1344 TerminalCode=ICSA-TSTRD05] Can't get current casino
2013/06/20 15:26:23 [error] [exception.CHttpException.404] exception 'CHttpException' with message 'Can't get current casino' in /var/www/launchpad_gtc/protected/modules/launchpad/controllers/LobbyController.php:112
Stack trace:
#0 /var/www/yii/framework/web/actions/CInlineAction.php(50): LobbyController->actionIndex()
#1 /var/www/yii/framework/web/CController.php(309): CInlineAction->runWithParams(Array)
#2 /var/www/yii/framework/web/CController.php(287): CController->runAction(Object(CInlineAction))
#3 /var/www/yii/framework/web/CController.php(266): CController->runActionWithFilters(Object(CInlineAction), Array)
#4 /var/www/yii/framework/web/CWebApplication.php(276): CController->run('index')
#5 /var/www/yii/framework/web/CWebApplication.php(135): CWebApplication->runController('launchpad/lobby...')
#6 /var/www/yii/framework/base/CApplication.php(162): CWebApplication->processRequest()
#7 /var/www/launchpad_gtc/index.php(13): CApplication->run()
#8 {main}
REQUEST_URI=/launchpad_gtc/index.php?r=launchpad/lobby/index
---
2013/06/20 15:26:44 [error] [launchpad.models.LPTerminalSessions] [TerminalID=1346 TerminalCode=ICSA-TSTRD06] Can't get current casino
2013/06/20 15:26:44 [error] [launchpad.models.LPTerminalSessions] [TerminalID=1346 TerminalCode=ICSA-TSTRD06] Can't get casino password
2013/06/20 15:26:44 [error] [launchpad.models.LPTerminalSessions] [TerminalID=1346 TerminalCode=ICSA-TSTRD06] Can't get current casino
2013/06/20 15:26:44 [error] [exception.CHttpException.404] exception 'CHttpException' with message 'Can't get current casino' in /var/www/launchpad_gtc/protected/modules/launchpad/controllers/LobbyController.php:112
Stack trace:
#0 /var/www/yii/framework/web/actions/CInlineAction.php(50): LobbyController->actionIndex()
#1 /var/www/yii/framework/web/CController.php(309): CInlineAction->runWithParams(Array)
#2 /var/www/yii/framework/web/CController.php(287): CController->runAction(Object(CInlineAction))
#3 /var/www/yii/framework/web/CController.php(266): CController->runActionWithFilters(Object(CInlineAction), Array)
#4 /var/www/yii/framework/web/CWebApplication.php(276): CController->run('index')
#5 /var/www/yii/framework/web/CWebApplication.php(135): CWebApplication->runController('launchpad/lobby...')
#6 /var/www/yii/framework/base/CApplication.php(162): CWebApplication->processRequest()
#7 /var/www/launchpad_gtc/index.php(13): CApplication->run()
#8 {main}
REQUEST_URI=/launchpad_gtc/index.php?r=launchpad/lobby/index
---
2013/06/20 16:42:57 [error] [launchpad.models.LPTerminalSessions] [TerminalID=1344 TerminalCode=ICSA-TSTRD05] Can't get current casino
2013/06/20 16:42:57 [error] [launchpad.models.LPTerminalSessions] [TerminalID=1344 TerminalCode=ICSA-TSTRD05] Can't get casino password
2013/06/20 16:42:57 [error] [launchpad.models.LPTerminalSessions] [TerminalID=1344 TerminalCode=ICSA-TSTRD05] Can't get current casino
2013/06/20 16:42:57 [error] [exception.CHttpException.404] exception 'CHttpException' with message 'Can't get current casino' in /var/www/launchpad_gtc/protected/modules/launchpad/controllers/LobbyController.php:112
Stack trace:
#0 /var/www/yii/framework/web/actions/CInlineAction.php(50): LobbyController->actionIndex()
#1 /var/www/yii/framework/web/CController.php(309): CInlineAction->runWithParams(Array)
#2 /var/www/yii/framework/web/CController.php(287): CController->runAction(Object(CInlineAction))
#3 /var/www/yii/framework/web/CController.php(266): CController->runActionWithFilters(Object(CInlineAction), Array)
#4 /var/www/yii/framework/web/CWebApplication.php(276): CController->run('index')
#5 /var/www/yii/framework/web/CWebApplication.php(135): CWebApplication->runController('launchpad/lobby...')
#6 /var/www/yii/framework/base/CApplication.php(162): CWebApplication->processRequest()
#7 /var/www/launchpad_gtc/index.php(13): CApplication->run()
#8 {main}
REQUEST_URI=/launchpad_gtc/index.php?r=launchpad/lobby/index
---
2013/06/20 17:40:18 [error] [launchpad.models.LPTerminalSessions] [TerminalID=1344 TerminalCode=ICSA-TSTRD05] Can't get current casino
2013/06/20 17:40:18 [error] [launchpad.models.LPTerminalSessions] [TerminalID=1344 TerminalCode=ICSA-TSTRD05] Can't get casino password
2013/06/20 17:40:18 [error] [launchpad.models.LPTerminalSessions] [TerminalID=1344 TerminalCode=ICSA-TSTRD05] Can't get current casino
2013/06/20 17:40:18 [error] [exception.CHttpException.404] exception 'CHttpException' with message 'Can't get current casino' in /var/www/launchpad_gtc/protected/modules/launchpad/controllers/LobbyController.php:112
Stack trace:
#0 /var/www/yii/framework/web/actions/CInlineAction.php(50): LobbyController->actionIndex()
#1 /var/www/yii/framework/web/CController.php(309): CInlineAction->runWithParams(Array)
#2 /var/www/yii/framework/web/CController.php(287): CController->runAction(Object(CInlineAction))
#3 /var/www/yii/framework/web/CController.php(266): CController->runActionWithFilters(Object(CInlineAction), Array)
#4 /var/www/yii/framework/web/CWebApplication.php(276): CController->run('index')
#5 /var/www/yii/framework/web/CWebApplication.php(135): CWebApplication->runController('launchpad/lobby...')
#6 /var/www/yii/framework/base/CApplication.php(162): CWebApplication->processRequest()
#7 /var/www/launchpad_gtc/index.php(13): CApplication->run()
#8 {main}
REQUEST_URI=/launchpad_gtc/index.php?r=launchpad/lobby/index
---
