2013/06/21 10:15:09 [error] [launchpad.models.LPTerminalSessions] [TerminalID=1346 TerminalCode=ICSA-TSTRD06] Can't get current casino
2013/06/21 10:15:09 [error] [launchpad.models.LPTerminalSessions] [TerminalID=1346 TerminalCode=ICSA-TSTRD06] Can't get casino password
2013/06/21 10:15:09 [error] [launchpad.models.LPTerminalSessions] [TerminalID=1346 TerminalCode=ICSA-TSTRD06] Can't get current casino
2013/06/21 10:15:09 [error] [exception.CHttpException.404] exception 'CHttpException' with message 'Can't get current casino' in /var/www/launchpad_gtc/protected/modules/launchpad/controllers/LobbyController.php:112
Stack trace:
#0 /var/www/yii/framework/web/actions/CInlineAction.php(50): LobbyController->actionIndex()
#1 /var/www/yii/framework/web/CController.php(309): CInlineAction->runWithParams(Array)
#2 /var/www/yii/framework/web/CController.php(287): CController->runAction(Object(CInlineAction))
#3 /var/www/yii/framework/web/CController.php(266): CController->runActionWithFilters(Object(CInlineAction), Array)
#4 /var/www/yii/framework/web/CWebApplication.php(276): CController->run('index')
#5 /var/www/yii/framework/web/CWebApplication.php(135): CWebApplication->runController('launchpad/lobby...')
#6 /var/www/yii/framework/base/CApplication.php(162): CWebApplication->processRequest()
#7 /var/www/launchpad_gtc/index.php(13): CApplication->run()
#8 {main}
REQUEST_URI=/launchpad_gtc/index.php?r=launchpad/lobby/index
---
2013/06/21 10:25:08 [error] [php] Undefined index: terminalCode (/var/www/launchpad_gtc/protected/modules/launchpad/controllers/LobbyController.php:81)
Stack trace:
#0 /var/www/yii/framework/web/CController.php(287): LobbyController->runAction()
#1 /var/www/yii/framework/web/CController.php(266): LobbyController->runActionWithFilters()
#2 /var/www/yii/framework/web/CWebApplication.php(276): LobbyController->run()
#3 /var/www/yii/framework/web/CWebApplication.php(135): CWebApplication->runController()
#4 /var/www/yii/framework/base/CApplication.php(162): CWebApplication->processRequest()
#5 /var/www/launchpad_gtc/index.php(13): CWebApplication->run()
REQUEST_URI=/launchpad_gtc/index.php?r=launchpad/lobby/saveTerminalCode
2013/06/21 10:25:11 [error] [php] Undefined index: terminalCode (/var/www/launchpad_gtc/protected/modules/launchpad/controllers/LobbyController.php:81)
Stack trace:
#0 /var/www/yii/framework/web/CController.php(287): LobbyController->runAction()
#1 /var/www/yii/framework/web/CController.php(266): LobbyController->runActionWithFilters()
#2 /var/www/yii/framework/web/CWebApplication.php(276): LobbyController->run()
#3 /var/www/yii/framework/web/CWebApplication.php(135): CWebApplication->runController()
#4 /var/www/yii/framework/base/CApplication.php(162): CWebApplication->processRequest()
#5 /var/www/launchpad_gtc/index.php(13): CWebApplication->run()
REQUEST_URI=/launchpad_gtc/index.php?r=launchpad/lobby/saveTerminalCode
2013/06/21 10:26:07 [error] [launchpad.models.LPTerminalSessions] [TerminalID=1346 TerminalCode=ICSA-TSTRD06] Can't get current casino
2013/06/21 10:26:07 [error] [launchpad.models.LPTerminalSessions] [TerminalID=1346 TerminalCode=ICSA-TSTRD06] Can't get casino password
2013/06/21 10:26:07 [error] [launchpad.models.LPTerminalSessions] [TerminalID=1346 TerminalCode=ICSA-TSTRD06] Can't get current casino
2013/06/21 10:26:07 [error] [exception.CHttpException.404] exception 'CHttpException' with message 'Can't get current casino' in /var/www/launchpad_gtc/protected/modules/launchpad/controllers/LobbyController.php:112
Stack trace:
#0 /var/www/yii/framework/web/actions/CInlineAction.php(50): LobbyController->actionIndex()
#1 /var/www/yii/framework/web/CController.php(309): CInlineAction->runWithParams(Array)
#2 /var/www/yii/framework/web/CController.php(287): CController->runAction(Object(CInlineAction))
#3 /var/www/yii/framework/web/CController.php(266): CController->runActionWithFilters(Object(CInlineAction), Array)
#4 /var/www/yii/framework/web/CWebApplication.php(276): CController->run('index')
#5 /var/www/yii/framework/web/CWebApplication.php(135): CWebApplication->runController('launchpad/lobby...')
#6 /var/www/yii/framework/base/CApplication.php(162): CWebApplication->processRequest()
#7 /var/www/launchpad_gtc/index.php(13): CApplication->run()
#8 {main}
REQUEST_URI=/launchpad_gtc/index.php?r=launchpad/lobby/index
---
2013/06/21 10:31:43 [error] [launchpad.models.LPTerminalSessions] [TerminalID=1344 TerminalCode=ICSA-TSTRD05] Can't get current casino
2013/06/21 10:31:43 [error] [launchpad.models.LPTerminalSessions] [TerminalID=1344 TerminalCode=ICSA-TSTRD05] Can't get casino password
2013/06/21 10:31:43 [error] [launchpad.models.LPTerminalSessions] [TerminalID=1344 TerminalCode=ICSA-TSTRD05] Can't get current casino
2013/06/21 10:31:43 [error] [exception.CHttpException.404] exception 'CHttpException' with message 'Can't get current casino' in /var/www/launchpad_gtc/protected/modules/launchpad/controllers/LobbyController.php:112
Stack trace:
#0 /var/www/yii/framework/web/actions/CInlineAction.php(50): LobbyController->actionIndex()
#1 /var/www/yii/framework/web/CController.php(309): CInlineAction->runWithParams(Array)
#2 /var/www/yii/framework/web/CController.php(287): CController->runAction(Object(CInlineAction))
#3 /var/www/yii/framework/web/CController.php(266): CController->runActionWithFilters(Object(CInlineAction), Array)
#4 /var/www/yii/framework/web/CWebApplication.php(276): CController->run('index')
#5 /var/www/yii/framework/web/CWebApplication.php(135): CWebApplication->runController('launchpad/lobby...')
#6 /var/www/yii/framework/base/CApplication.php(162): CWebApplication->processRequest()
#7 /var/www/launchpad_gtc/index.php(13): CApplication->run()
#8 {main}
REQUEST_URI=/launchpad_gtc/index.php?r=launchpad/lobby/index
---
2013/06/21 10:51:10 [error] [launchpad.models.LPTerminalSessions] [TerminalID=1346 TerminalCode=ICSA-TSTRD06] Can't get current casino
2013/06/21 10:51:10 [error] [launchpad.models.LPTerminalSessions] [TerminalID=1346 TerminalCode=ICSA-TSTRD06] Can't get casino password
2013/06/21 10:51:10 [error] [launchpad.models.LPTerminalSessions] [TerminalID=1346 TerminalCode=ICSA-TSTRD06] Can't get current casino
2013/06/21 10:51:10 [error] [exception.CHttpException.404] exception 'CHttpException' with message 'Can't get current casino' in /var/www/launchpad_gtc/protected/modules/launchpad/controllers/LobbyController.php:112
Stack trace:
#0 /var/www/yii/framework/web/actions/CInlineAction.php(50): LobbyController->actionIndex()
#1 /var/www/yii/framework/web/CController.php(309): CInlineAction->runWithParams(Array)
#2 /var/www/yii/framework/web/CController.php(287): CController->runAction(Object(CInlineAction))
#3 /var/www/yii/framework/web/CController.php(266): CController->runActionWithFilters(Object(CInlineAction), Array)
#4 /var/www/yii/framework/web/CWebApplication.php(276): CController->run('index')
#5 /var/www/yii/framework/web/CWebApplication.php(135): CWebApplication->runController('launchpad/lobby...')
#6 /var/www/yii/framework/base/CApplication.php(162): CWebApplication->processRequest()
#7 /var/www/launchpad_gtc/index.php(13): CApplication->run()
#8 {main}
REQUEST_URI=/launchpad_gtc/index.php?r=launchpad/lobby/index
---
2013/06/21 10:52:26 [error] [launchpad.models.LPTerminalSessions] [TerminalID=1344 TerminalCode=ICSA-TSTRD05] Can't get current casino
2013/06/21 10:52:26 [error] [launchpad.models.LPTerminalSessions] [TerminalID=1344 TerminalCode=ICSA-TSTRD05] Can't get casino password
2013/06/21 10:52:26 [error] [launchpad.models.LPTerminalSessions] [TerminalID=1344 TerminalCode=ICSA-TSTRD05] Can't get current casino
2013/06/21 10:52:26 [error] [exception.CHttpException.404] exception 'CHttpException' with message 'Can't get current casino' in /var/www/launchpad_gtc/protected/modules/launchpad/controllers/LobbyController.php:112
Stack trace:
#0 /var/www/yii/framework/web/actions/CInlineAction.php(50): LobbyController->actionIndex()
#1 /var/www/yii/framework/web/CController.php(309): CInlineAction->runWithParams(Array)
#2 /var/www/yii/framework/web/CController.php(287): CController->runAction(Object(CInlineAction))
#3 /var/www/yii/framework/web/CController.php(266): CController->runActionWithFilters(Object(CInlineAction), Array)
#4 /var/www/yii/framework/web/CWebApplication.php(276): CController->run('index')
#5 /var/www/yii/framework/web/CWebApplication.php(135): CWebApplication->runController('launchpad/lobby...')
#6 /var/www/yii/framework/base/CApplication.php(162): CWebApplication->processRequest()
#7 /var/www/launchpad_gtc/index.php(13): CApplication->run()
#8 {main}
REQUEST_URI=/launchpad_gtc/index.php?r=launchpad/lobby/index
---
2013/06/21 11:01:07 [error] [launchpad.models.LPTerminalSessions] [TerminalID=1346 TerminalCode=ICSA-TSTRD06] Can't get current casino
2013/06/21 11:01:07 [error] [launchpad.models.LPTerminalSessions] [TerminalID=1346 TerminalCode=ICSA-TSTRD06] Can't get casino password
2013/06/21 11:01:07 [error] [launchpad.models.LPTerminalSessions] [TerminalID=1346 TerminalCode=ICSA-TSTRD06] Can't get current casino
2013/06/21 11:01:07 [error] [exception.CHttpException.404] exception 'CHttpException' with message 'Can't get current casino' in /var/www/launchpad_gtc/protected/modules/launchpad/controllers/LobbyController.php:112
Stack trace:
#0 /var/www/yii/framework/web/actions/CInlineAction.php(50): LobbyController->actionIndex()
#1 /var/www/yii/framework/web/CController.php(309): CInlineAction->runWithParams(Array)
#2 /var/www/yii/framework/web/CController.php(287): CController->runAction(Object(CInlineAction))
#3 /var/www/yii/framework/web/CController.php(266): CController->runActionWithFilters(Object(CInlineAction), Array)
#4 /var/www/yii/framework/web/CWebApplication.php(276): CController->run('index')
#5 /var/www/yii/framework/web/CWebApplication.php(135): CWebApplication->runController('launchpad/lobby...')
#6 /var/www/yii/framework/base/CApplication.php(162): CWebApplication->processRequest()
#7 /var/www/launchpad_gtc/index.php(13): CApplication->run()
#8 {main}
REQUEST_URI=/launchpad_gtc/index.php?r=launchpad/lobby/index
---
2013/06/21 14:19:10 [error] [launchpad.models.LPTerminalSessions] [TerminalID=1346 TerminalCode=ICSA-TSTRD06] Can't get current casino
2013/06/21 14:19:10 [error] [launchpad.models.LPTerminalSessions] [TerminalID=1346 TerminalCode=ICSA-TSTRD06] Can't get casino password
2013/06/21 14:19:10 [error] [launchpad.models.LPTerminalSessions] [TerminalID=1346 TerminalCode=ICSA-TSTRD06] Can't get current casino
2013/06/21 14:19:10 [error] [exception.CHttpException.404] exception 'CHttpException' with message 'Can't get current casino' in /var/www/launchpad_gtc/protected/modules/launchpad/controllers/LobbyController.php:112
Stack trace:
#0 /var/www/yii/framework/web/actions/CInlineAction.php(50): LobbyController->actionIndex()
#1 /var/www/yii/framework/web/CController.php(309): CInlineAction->runWithParams(Array)
#2 /var/www/yii/framework/web/CController.php(287): CController->runAction(Object(CInlineAction))
#3 /var/www/yii/framework/web/CController.php(266): CController->runActionWithFilters(Object(CInlineAction), Array)
#4 /var/www/yii/framework/web/CWebApplication.php(276): CController->run('index')
#5 /var/www/yii/framework/web/CWebApplication.php(135): CWebApplication->runController('launchpad/lobby...')
#6 /var/www/yii/framework/base/CApplication.php(162): CWebApplication->processRequest()
#7 /var/www/launchpad_gtc/index.php(13): CApplication->run()
#8 {main}
REQUEST_URI=/launchpad_gtc/index.php?r=launchpad/lobby/index
---
2013/06/21 14:19:16 [error] [launchpad.models.LPTerminalSessions] [TerminalID=1344 TerminalCode=ICSA-TSTRD05] Can't get current casino
2013/06/21 14:19:16 [error] [launchpad.models.LPTerminalSessions] [TerminalID=1344 TerminalCode=ICSA-TSTRD05] Can't get casino password
2013/06/21 14:19:16 [error] [launchpad.models.LPTerminalSessions] [TerminalID=1344 TerminalCode=ICSA-TSTRD05] Can't get current casino
2013/06/21 14:19:16 [error] [exception.CHttpException.404] exception 'CHttpException' with message 'Can't get current casino' in /var/www/launchpad_gtc/protected/modules/launchpad/controllers/LobbyController.php:112
Stack trace:
#0 /var/www/yii/framework/web/actions/CInlineAction.php(50): LobbyController->actionIndex()
#1 /var/www/yii/framework/web/CController.php(309): CInlineAction->runWithParams(Array)
#2 /var/www/yii/framework/web/CController.php(287): CController->runAction(Object(CInlineAction))
#3 /var/www/yii/framework/web/CController.php(266): CController->runActionWithFilters(Object(CInlineAction), Array)
#4 /var/www/yii/framework/web/CWebApplication.php(276): CController->run('index')
#5 /var/www/yii/framework/web/CWebApplication.php(135): CWebApplication->runController('launchpad/lobby...')
#6 /var/www/yii/framework/base/CApplication.php(162): CWebApplication->processRequest()
#7 /var/www/launchpad_gtc/index.php(13): CApplication->run()
#8 {main}
REQUEST_URI=/launchpad_gtc/index.php?r=launchpad/lobby/index
---
2013/06/21 14:19:59 [error] [launchpad.models.LPTerminalSessions] [TerminalID=1344 TerminalCode=ICSA-TSTRD05] Can't get current casino
2013/06/21 14:19:59 [error] [launchpad.models.LPTerminalSessions] [TerminalID=1344 TerminalCode=ICSA-TSTRD05] Can't get casino password
2013/06/21 14:19:59 [error] [launchpad.models.LPTerminalSessions] [TerminalID=1344 TerminalCode=ICSA-TSTRD05] Can't get current casino
2013/06/21 14:19:59 [error] [exception.CHttpException.404] exception 'CHttpException' with message 'Can't get current casino' in /var/www/launchpad_gtc/protected/modules/launchpad/controllers/LobbyController.php:112
Stack trace:
#0 /var/www/yii/framework/web/actions/CInlineAction.php(50): LobbyController->actionIndex()
#1 /var/www/yii/framework/web/CController.php(309): CInlineAction->runWithParams(Array)
#2 /var/www/yii/framework/web/CController.php(287): CController->runAction(Object(CInlineAction))
#3 /var/www/yii/framework/web/CController.php(266): CController->runActionWithFilters(Object(CInlineAction), Array)
#4 /var/www/yii/framework/web/CWebApplication.php(276): CController->run('index')
#5 /var/www/yii/framework/web/CWebApplication.php(135): CWebApplication->runController('launchpad/lobby...')
#6 /var/www/yii/framework/base/CApplication.php(162): CWebApplication->processRequest()
#7 /var/www/launchpad_gtc/index.php(13): CApplication->run()
#8 {main}
REQUEST_URI=/launchpad_gtc/index.php?r=launchpad/lobby/index
---
2013/06/21 14:39:31 [error] [launchpad.models.LPTerminalSessions] [TerminalID=1344 TerminalCode=ICSA-TSTRD05] Can't get current casino
2013/06/21 14:39:31 [error] [launchpad.models.LPTerminalSessions] [TerminalID=1344 TerminalCode=ICSA-TSTRD05] Can't get casino password
2013/06/21 14:39:31 [error] [launchpad.models.LPTerminalSessions] [TerminalID=1344 TerminalCode=ICSA-TSTRD05] Can't get current casino
2013/06/21 14:39:31 [error] [exception.CHttpException.404] exception 'CHttpException' with message 'Can't get current casino' in /var/www/launchpad_gtc/protected/modules/launchpad/controllers/LobbyController.php:112
Stack trace:
#0 /var/www/yii/framework/web/actions/CInlineAction.php(50): LobbyController->actionIndex()
#1 /var/www/yii/framework/web/CController.php(309): CInlineAction->runWithParams(Array)
#2 /var/www/yii/framework/web/CController.php(287): CController->runAction(Object(CInlineAction))
#3 /var/www/yii/framework/web/CController.php(266): CController->runActionWithFilters(Object(CInlineAction), Array)
#4 /var/www/yii/framework/web/CWebApplication.php(276): CController->run('index')
#5 /var/www/yii/framework/web/CWebApplication.php(135): CWebApplication->runController('launchpad/lobby...')
#6 /var/www/yii/framework/base/CApplication.php(162): CWebApplication->processRequest()
#7 /var/www/launchpad_gtc/index.php(13): CApplication->run()
#8 {main}
REQUEST_URI=/launchpad_gtc/index.php?r=launchpad/lobby/index
---
2013/06/21 14:41:37 [error] [launchpad.models.LPTerminalSessions] [TerminalID=1346 TerminalCode=ICSA-TSTRD06] Can't get current casino
2013/06/21 14:41:37 [error] [launchpad.models.LPTerminalSessions] [TerminalID=1346 TerminalCode=ICSA-TSTRD06] Can't get casino password
2013/06/21 14:41:37 [error] [launchpad.models.LPTerminalSessions] [TerminalID=1346 TerminalCode=ICSA-TSTRD06] Can't get current casino
2013/06/21 14:41:37 [error] [exception.CHttpException.404] exception 'CHttpException' with message 'Can't get current casino' in /var/www/launchpad_gtc/protected/modules/launchpad/controllers/LobbyController.php:112
Stack trace:
#0 /var/www/yii/framework/web/actions/CInlineAction.php(50): LobbyController->actionIndex()
#1 /var/www/yii/framework/web/CController.php(309): CInlineAction->runWithParams(Array)
#2 /var/www/yii/framework/web/CController.php(287): CController->runAction(Object(CInlineAction))
#3 /var/www/yii/framework/web/CController.php(266): CController->runActionWithFilters(Object(CInlineAction), Array)
#4 /var/www/yii/framework/web/CWebApplication.php(276): CController->run('index')
#5 /var/www/yii/framework/web/CWebApplication.php(135): CWebApplication->runController('launchpad/lobby...')
#6 /var/www/yii/framework/base/CApplication.php(162): CWebApplication->processRequest()
#7 /var/www/launchpad_gtc/index.php(13): CApplication->run()
#8 {main}
REQUEST_URI=/launchpad_gtc/index.php?r=launchpad/lobby/index
---
2013/06/21 14:41:38 [error] [launchpad.models.LPTerminalSessions] [TerminalID=1344 TerminalCode=ICSA-TSTRD05] Can't get current casino
2013/06/21 14:41:38 [error] [launchpad.models.LPTerminalSessions] [TerminalID=1344 TerminalCode=ICSA-TSTRD05] Can't get casino password
2013/06/21 14:41:38 [error] [launchpad.models.LPTerminalSessions] [TerminalID=1344 TerminalCode=ICSA-TSTRD05] Can't get current casino
2013/06/21 14:41:38 [error] [exception.CHttpException.404] exception 'CHttpException' with message 'Can't get current casino' in /var/www/launchpad_gtc/protected/modules/launchpad/controllers/LobbyController.php:112
Stack trace:
#0 /var/www/yii/framework/web/actions/CInlineAction.php(50): LobbyController->actionIndex()
#1 /var/www/yii/framework/web/CController.php(309): CInlineAction->runWithParams(Array)
#2 /var/www/yii/framework/web/CController.php(287): CController->runAction(Object(CInlineAction))
#3 /var/www/yii/framework/web/CController.php(266): CController->runActionWithFilters(Object(CInlineAction), Array)
#4 /var/www/yii/framework/web/CWebApplication.php(276): CController->run('index')
#5 /var/www/yii/framework/web/CWebApplication.php(135): CWebApplication->runController('launchpad/lobby...')
#6 /var/www/yii/framework/base/CApplication.php(162): CWebApplication->processRequest()
#7 /var/www/launchpad_gtc/index.php(13): CApplication->run()
#8 {main}
REQUEST_URI=/launchpad_gtc/index.php?r=launchpad/lobby/index
---
2013/06/21 14:49:35 [error] [launchpad.models.LPTerminalSessions] [TerminalID=1344 TerminalCode=ICSA-TSTRD05] Can't get current casino
2013/06/21 14:49:35 [error] [launchpad.models.LPTerminalSessions] [TerminalID=1344 TerminalCode=ICSA-TSTRD05] Can't get casino password
2013/06/21 14:49:35 [error] [launchpad.models.LPTerminalSessions] [TerminalID=1344 TerminalCode=ICSA-TSTRD05] Can't get current casino
2013/06/21 14:49:35 [error] [exception.CHttpException.404] exception 'CHttpException' with message 'Can't get current casino' in /var/www/launchpad_gtc/protected/modules/launchpad/controllers/LobbyController.php:112
Stack trace:
#0 /var/www/yii/framework/web/actions/CInlineAction.php(50): LobbyController->actionIndex()
#1 /var/www/yii/framework/web/CController.php(309): CInlineAction->runWithParams(Array)
#2 /var/www/yii/framework/web/CController.php(287): CController->runAction(Object(CInlineAction))
#3 /var/www/yii/framework/web/CController.php(266): CController->runActionWithFilters(Object(CInlineAction), Array)
#4 /var/www/yii/framework/web/CWebApplication.php(276): CController->run('index')
#5 /var/www/yii/framework/web/CWebApplication.php(135): CWebApplication->runController('launchpad/lobby...')
#6 /var/www/yii/framework/base/CApplication.php(162): CWebApplication->processRequest()
#7 /var/www/launchpad_gtc/index.php(13): CApplication->run()
#8 {main}
REQUEST_URI=/launchpad_gtc/index.php?r=launchpad/lobby/index
---
2013/06/21 14:56:27 [error] [launchpad.models.LPTerminalSessions] [TerminalID=1346 TerminalCode=ICSA-TSTRD06] Can't get current casino
2013/06/21 14:56:27 [error] [launchpad.models.LPTerminalSessions] [TerminalID=1346 TerminalCode=ICSA-TSTRD06] Can't get casino password
2013/06/21 14:56:27 [error] [launchpad.models.LPTerminalSessions] [TerminalID=1346 TerminalCode=ICSA-TSTRD06] Can't get current casino
2013/06/21 14:56:27 [error] [exception.CHttpException.404] exception 'CHttpException' with message 'Can't get current casino' in /var/www/launchpad_gtc/protected/modules/launchpad/controllers/LobbyController.php:112
Stack trace:
#0 /var/www/yii/framework/web/actions/CInlineAction.php(50): LobbyController->actionIndex()
#1 /var/www/yii/framework/web/CController.php(309): CInlineAction->runWithParams(Array)
#2 /var/www/yii/framework/web/CController.php(287): CController->runAction(Object(CInlineAction))
#3 /var/www/yii/framework/web/CController.php(266): CController->runActionWithFilters(Object(CInlineAction), Array)
#4 /var/www/yii/framework/web/CWebApplication.php(276): CController->run('index')
#5 /var/www/yii/framework/web/CWebApplication.php(135): CWebApplication->runController('launchpad/lobby...')
#6 /var/www/yii/framework/base/CApplication.php(162): CWebApplication->processRequest()
#7 /var/www/launchpad_gtc/index.php(13): CApplication->run()
#8 {main}
REQUEST_URI=/launchpad_gtc/index.php?r=launchpad/lobby/index
---
2013/06/21 15:44:50 [error] [launchpad.models.LPTerminalSessions] [TerminalID=1346 TerminalCode=ICSA-TSTRD06] Can't get current casino
2013/06/21 15:44:50 [error] [launchpad.models.LPTerminalSessions] [TerminalID=1346 TerminalCode=ICSA-TSTRD06] Can't get casino password
2013/06/21 15:44:50 [error] [launchpad.models.LPTerminalSessions] [TerminalID=1346 TerminalCode=ICSA-TSTRD06] Can't get current casino
2013/06/21 15:44:50 [error] [exception.CHttpException.404] exception 'CHttpException' with message 'Can't get current casino' in /var/www/launchpad_gtc/protected/modules/launchpad/controllers/LobbyController.php:112
Stack trace:
#0 /var/www/yii/framework/web/actions/CInlineAction.php(50): LobbyController->actionIndex()
#1 /var/www/yii/framework/web/CController.php(309): CInlineAction->runWithParams(Array)
#2 /var/www/yii/framework/web/CController.php(287): CController->runAction(Object(CInlineAction))
#3 /var/www/yii/framework/web/CController.php(266): CController->runActionWithFilters(Object(CInlineAction), Array)
#4 /var/www/yii/framework/web/CWebApplication.php(276): CController->run('index')
#5 /var/www/yii/framework/web/CWebApplication.php(135): CWebApplication->runController('launchpad/lobby...')
#6 /var/www/yii/framework/base/CApplication.php(162): CWebApplication->processRequest()
#7 /var/www/launchpad_gtc/index.php(13): CApplication->run()
#8 {main}
REQUEST_URI=/launchpad_gtc/index.php?r=launchpad/lobby/index
---
2013/06/21 16:02:26 [error] [launchpad.models.LPTerminalSessions] [TerminalID=1344 TerminalCode=ICSA-TSTRD05] Can't get current casino
2013/06/21 16:02:26 [error] [launchpad.models.LPTerminalSessions] [TerminalID=1344 TerminalCode=ICSA-TSTRD05] Can't get casino password
2013/06/21 16:02:26 [error] [launchpad.models.LPTerminalSessions] [TerminalID=1344 TerminalCode=ICSA-TSTRD05] Can't get current casino
2013/06/21 16:02:26 [error] [exception.CHttpException.404] exception 'CHttpException' with message 'Can't get current casino' in /var/www/launchpad_gtc/protected/modules/launchpad/controllers/LobbyController.php:112
Stack trace:
#0 /var/www/yii/framework/web/actions/CInlineAction.php(50): LobbyController->actionIndex()
#1 /var/www/yii/framework/web/CController.php(309): CInlineAction->runWithParams(Array)
#2 /var/www/yii/framework/web/CController.php(287): CController->runAction(Object(CInlineAction))
#3 /var/www/yii/framework/web/CController.php(266): CController->runActionWithFilters(Object(CInlineAction), Array)
#4 /var/www/yii/framework/web/CWebApplication.php(276): CController->run('index')
#5 /var/www/yii/framework/web/CWebApplication.php(135): CWebApplication->runController('launchpad/lobby...')
#6 /var/www/yii/framework/base/CApplication.php(162): CWebApplication->processRequest()
#7 /var/www/launchpad_gtc/index.php(13): CApplication->run()
#8 {main}
REQUEST_URI=/launchpad_gtc/index.php?r=launchpad/lobby/index
---
2013/06/21 16:32:21 [error] [launchpad.models.LPTerminalSessions] [TerminalID=1346 TerminalCode=ICSA-TSTRD06] Can't get current casino
2013/06/21 16:32:21 [error] [launchpad.models.LPTerminalSessions] [TerminalID=1346 TerminalCode=ICSA-TSTRD06] Can't get casino password
2013/06/21 16:32:21 [error] [launchpad.models.LPTerminalSessions] [TerminalID=1346 TerminalCode=ICSA-TSTRD06] Can't get current casino
2013/06/21 16:32:21 [error] [exception.CHttpException.404] exception 'CHttpException' with message 'Can't get current casino' in /var/www/launchpad_gtc/protected/modules/launchpad/controllers/LobbyController.php:112
Stack trace:
#0 /var/www/yii/framework/web/actions/CInlineAction.php(50): LobbyController->actionIndex()
#1 /var/www/yii/framework/web/CController.php(309): CInlineAction->runWithParams(Array)
#2 /var/www/yii/framework/web/CController.php(287): CController->runAction(Object(CInlineAction))
#3 /var/www/yii/framework/web/CController.php(266): CController->runActionWithFilters(Object(CInlineAction), Array)
#4 /var/www/yii/framework/web/CWebApplication.php(276): CController->run('index')
#5 /var/www/yii/framework/web/CWebApplication.php(135): CWebApplication->runController('launchpad/lobby...')
#6 /var/www/yii/framework/base/CApplication.php(162): CWebApplication->processRequest()
#7 /var/www/launchpad_gtc/index.php(13): CApplication->run()
#8 {main}
REQUEST_URI=/launchpad_gtc/index.php?r=launchpad/lobby/index
---
2013/06/21 16:51:41 [error] [launchpad.models.LPTerminalSessions] [TerminalID=1344 TerminalCode=ICSA-TSTRD05] Can't get current casino
2013/06/21 16:51:41 [error] [launchpad.models.LPTerminalSessions] [TerminalID=1344 TerminalCode=ICSA-TSTRD05] Can't get casino password
2013/06/21 16:51:41 [error] [launchpad.models.LPTerminalSessions] [TerminalID=1344 TerminalCode=ICSA-TSTRD05] Can't get current casino
2013/06/21 16:51:41 [error] [exception.CHttpException.404] exception 'CHttpException' with message 'Can't get current casino' in /var/www/launchpad_gtc/protected/modules/launchpad/controllers/LobbyController.php:112
Stack trace:
#0 /var/www/yii/framework/web/actions/CInlineAction.php(50): LobbyController->actionIndex()
#1 /var/www/yii/framework/web/CController.php(309): CInlineAction->runWithParams(Array)
#2 /var/www/yii/framework/web/CController.php(287): CController->runAction(Object(CInlineAction))
#3 /var/www/yii/framework/web/CController.php(266): CController->runActionWithFilters(Object(CInlineAction), Array)
#4 /var/www/yii/framework/web/CWebApplication.php(276): CController->run('index')
#5 /var/www/yii/framework/web/CWebApplication.php(135): CWebApplication->runController('launchpad/lobby...')
#6 /var/www/yii/framework/base/CApplication.php(162): CWebApplication->processRequest()
#7 /var/www/launchpad_gtc/index.php(13): CApplication->run()
#8 {main}
REQUEST_URI=/launchpad_gtc/index.php?r=launchpad/lobby/index
---
2013/06/21 17:37:01 [error] [launchpad.models.LPTerminalSessions] [TerminalID=1344 TerminalCode=ICSA-TSTRD05] Can't get current casino
2013/06/21 17:37:01 [error] [launchpad.models.LPTerminalSessions] [TerminalID=1344 TerminalCode=ICSA-TSTRD05] Can't get casino password
2013/06/21 17:37:01 [error] [launchpad.models.LPTerminalSessions] [TerminalID=1344 TerminalCode=ICSA-TSTRD05] Can't get current casino
2013/06/21 17:37:01 [error] [exception.CHttpException.404] exception 'CHttpException' with message 'Can't get current casino' in /var/www/launchpad_gtc/protected/modules/launchpad/controllers/LobbyController.php:112
Stack trace:
#0 /var/www/yii/framework/web/actions/CInlineAction.php(50): LobbyController->actionIndex()
#1 /var/www/yii/framework/web/CController.php(309): CInlineAction->runWithParams(Array)
#2 /var/www/yii/framework/web/CController.php(287): CController->runAction(Object(CInlineAction))
#3 /var/www/yii/framework/web/CController.php(266): CController->runActionWithFilters(Object(CInlineAction), Array)
#4 /var/www/yii/framework/web/CWebApplication.php(276): CController->run('index')
#5 /var/www/yii/framework/web/CWebApplication.php(135): CWebApplication->runController('launchpad/lobby...')
#6 /var/www/yii/framework/base/CApplication.php(162): CWebApplication->processRequest()
#7 /var/www/launchpad_gtc/index.php(13): CApplication->run()
#8 {main}
REQUEST_URI=/launchpad_gtc/index.php?r=launchpad/lobby/index
---
