2013/09/03 10:59:46 [error] [php] Undefined index: terminalCode (/var/www/launchpad_gtc/protected/modules/launchpad/controllers/LobbyController.php:81)
Stack trace:
#0 /var/www/yii/framework/web/CController.php(287): LobbyController->runAction()
#1 /var/www/yii/framework/web/CController.php(266): LobbyController->runActionWithFilters()
#2 /var/www/yii/framework/web/CWebApplication.php(276): LobbyController->run()
#3 /var/www/yii/framework/web/CWebApplication.php(135): CWebApplication->runController()
#4 /var/www/yii/framework/base/CApplication.php(162): CWebApplication->processRequest()
#5 /var/www/launchpad_gtc/index.php(13): CWebApplication->run()
REQUEST_URI=/launchpad_gtc/index.php?r=launchpad/lobby/saveTerminalCode
2013/09/03 11:12:05 [error] [php] Undefined index: terminalCode (/var/www/launchpad_gtc/protected/modules/launchpad/controllers/LobbyController.php:81)
Stack trace:
#0 /var/www/yii/framework/web/CController.php(287): LobbyController->runAction()
#1 /var/www/yii/framework/web/CController.php(266): LobbyController->runActionWithFilters()
#2 /var/www/yii/framework/web/CWebApplication.php(276): LobbyController->run()
#3 /var/www/yii/framework/web/CWebApplication.php(135): CWebApplication->runController()
#4 /var/www/yii/framework/base/CApplication.php(162): CWebApplication->processRequest()
#5 /var/www/launchpad_gtc/index.php(13): CWebApplication->run()
REQUEST_URI=/index.php?r=launchpad/lobby/saveTerminalCode
2013/09/03 11:12:08 [error] [php] Undefined index: terminalCode (/var/www/launchpad_gtc/protected/modules/launchpad/controllers/LobbyController.php:81)
Stack trace:
#0 /var/www/yii/framework/web/CController.php(287): LobbyController->runAction()
#1 /var/www/yii/framework/web/CController.php(266): LobbyController->runActionWithFilters()
#2 /var/www/yii/framework/web/CWebApplication.php(276): LobbyController->run()
#3 /var/www/yii/framework/web/CWebApplication.php(135): CWebApplication->runController()
#4 /var/www/yii/framework/base/CApplication.php(162): CWebApplication->processRequest()
#5 /var/www/launchpad_gtc/index.php(13): CWebApplication->run()
REQUEST_URI=/index.php?r=launchpad/lobby/saveTerminalCode
2013/09/03 11:35:18 [error] [launchpad.models.LPTerminalSessions] [TerminalID=926 TerminalCode=ICSA-TSTID09] Can't get current casino
2013/09/03 11:35:19 [error] [launchpad.models.LPTerminalSessions] [TerminalID=926 TerminalCode=ICSA-TSTID09] Can't get current casino
2013/09/03 11:35:19 [error] [launchpad.models.LPTerminalSessions] [TerminalID=926 TerminalCode=ICSA-TSTID09] Can't get casino password
2013/09/03 11:35:19 [error] [launchpad.models.LPTerminalSessions] [TerminalID=926 TerminalCode=ICSA-TSTID09] Can't get current casino
2013/09/03 11:35:19 [error] [exception.CHttpException.404] exception 'CHttpException' with message 'Can't get current casino' in /var/www/launchpad_gtc/protected/modules/launchpad/controllers/LobbyController.php:112
Stack trace:
#0 /var/www/yii/framework/web/actions/CInlineAction.php(50): LobbyController->actionIndex()
#1 /var/www/yii/framework/web/CController.php(309): CInlineAction->runWithParams(Array)
#2 /var/www/yii/framework/web/CController.php(287): CController->runAction(Object(CInlineAction))
#3 /var/www/yii/framework/web/CController.php(266): CController->runActionWithFilters(Object(CInlineAction), Array)
#4 /var/www/yii/framework/web/CWebApplication.php(276): CController->run('index')
#5 /var/www/yii/framework/web/CWebApplication.php(135): CWebApplication->runController('launchpad/lobby...')
#6 /var/www/yii/framework/base/CApplication.php(162): CWebApplication->processRequest()
#7 /var/www/launchpad_gtc/index.php(13): CApplication->run()
#8 {main}
REQUEST_URI=/index.php?r=launchpad/lobby/index
---
2013/09/03 11:35:55 [error] [launchpad.models.LPTerminalSessions] [TerminalID=926 TerminalCode=ICSA-TSTID09] Can't get current casino
2013/09/03 11:35:55 [error] [launchpad.models.LPTerminalSessions] [TerminalID=926 TerminalCode=ICSA-TSTID09] Can't get casino password
2013/09/03 11:35:55 [error] [launchpad.models.LPTerminalSessions] [TerminalID=926 TerminalCode=ICSA-TSTID09] Can't get current casino
2013/09/03 11:35:55 [error] [exception.CHttpException.404] exception 'CHttpException' with message 'Can't get current casino' in /var/www/launchpad_gtc/protected/modules/launchpad/controllers/LobbyController.php:112
Stack trace:
#0 /var/www/yii/framework/web/actions/CInlineAction.php(50): LobbyController->actionIndex()
#1 /var/www/yii/framework/web/CController.php(309): CInlineAction->runWithParams(Array)
#2 /var/www/yii/framework/web/CController.php(287): CController->runAction(Object(CInlineAction))
#3 /var/www/yii/framework/web/CController.php(266): CController->runActionWithFilters(Object(CInlineAction), Array)
#4 /var/www/yii/framework/web/CWebApplication.php(276): CController->run('index')
#5 /var/www/yii/framework/web/CWebApplication.php(135): CWebApplication->runController('launchpad/lobby...')
#6 /var/www/yii/framework/base/CApplication.php(162): CWebApplication->processRequest()
#7 /var/www/launchpad_gtc/index.php(13): CApplication->run()
#8 {main}
REQUEST_URI=/index.php?r=launchpad/lobby/index
---
2013/09/03 12:50:14 [error] [launchpad.models.LPTerminalSessions] [TerminalID=926 TerminalCode=ICSA-TSTID09] Can't get current casino
2013/09/03 12:50:14 [error] [launchpad.models.LPTerminalSessions] [TerminalID=926 TerminalCode=ICSA-TSTID09] Can't get casino password
2013/09/03 12:50:14 [error] [launchpad.models.LPTerminalSessions] [TerminalID=926 TerminalCode=ICSA-TSTID09] Can't get current casino
2013/09/03 12:50:14 [error] [exception.CHttpException.404] exception 'CHttpException' with message 'Can't get current casino' in /var/www/launchpad_gtc/protected/modules/launchpad/controllers/LobbyController.php:112
Stack trace:
#0 /var/www/yii/framework/web/actions/CInlineAction.php(50): LobbyController->actionIndex()
#1 /var/www/yii/framework/web/CController.php(309): CInlineAction->runWithParams(Array)
#2 /var/www/yii/framework/web/CController.php(287): CController->runAction(Object(CInlineAction))
#3 /var/www/yii/framework/web/CController.php(266): CController->runActionWithFilters(Object(CInlineAction), Array)
#4 /var/www/yii/framework/web/CWebApplication.php(276): CController->run('index')
#5 /var/www/yii/framework/web/CWebApplication.php(135): CWebApplication->runController('launchpad/lobby...')
#6 /var/www/yii/framework/base/CApplication.php(162): CWebApplication->processRequest()
#7 /var/www/launchpad_gtc/index.php(13): CApplication->run()
#8 {main}
REQUEST_URI=/index.php?r=launchpad/lobby/index
---
2013/09/03 12:59:31 [error] [launchpad.models.LPTerminalSessions] [TerminalID=926 TerminalCode=ICSA-TSTID09] Can't get current casino
2013/09/03 12:59:31 [error] [launchpad.models.LPTerminalSessions] [TerminalID=926 TerminalCode=ICSA-TSTID09] Can't get current casino
2013/09/03 12:59:31 [error] [launchpad.models.LPTerminalSessions] [TerminalID=926 TerminalCode=ICSA-TSTID09] Can't get casino password
2013/09/03 12:59:31 [error] [launchpad.models.LPTerminalSessions] [TerminalID=926 TerminalCode=ICSA-TSTID09] Can't get current casino
2013/09/03 12:59:31 [error] [exception.CHttpException.404] exception 'CHttpException' with message 'Can't get current casino' in /var/www/launchpad_gtc/protected/modules/launchpad/controllers/LobbyController.php:112
Stack trace:
#0 /var/www/yii/framework/web/actions/CInlineAction.php(50): LobbyController->actionIndex()
#1 /var/www/yii/framework/web/CController.php(309): CInlineAction->runWithParams(Array)
#2 /var/www/yii/framework/web/CController.php(287): CController->runAction(Object(CInlineAction))
#3 /var/www/yii/framework/web/CController.php(266): CController->runActionWithFilters(Object(CInlineAction), Array)
#4 /var/www/yii/framework/web/CWebApplication.php(276): CController->run('index')
#5 /var/www/yii/framework/web/CWebApplication.php(135): CWebApplication->runController('launchpad/lobby...')
#6 /var/www/yii/framework/base/CApplication.php(162): CWebApplication->processRequest()
#7 /var/www/launchpad_gtc/index.php(13): CApplication->run()
#8 {main}
REQUEST_URI=/index.php?r=launchpad/lobby/index
---
2013/09/03 13:01:18 [error] [launchpad.models.LPTerminalSessions] [TerminalID=926 TerminalCode=ICSA-TSTID09] Can't get current casino
2013/09/03 13:01:18 [error] [launchpad.models.LPTerminalSessions] [TerminalID=926 TerminalCode=ICSA-TSTID09] Can't get current casino
2013/09/03 13:01:18 [error] [launchpad.models.LPTerminalSessions] [TerminalID=926 TerminalCode=ICSA-TSTID09] Can't get casino password
2013/09/03 13:01:18 [error] [launchpad.models.LPTerminalSessions] [TerminalID=926 TerminalCode=ICSA-TSTID09] Can't get current casino
2013/09/03 13:01:18 [error] [exception.CHttpException.404] exception 'CHttpException' with message 'Can't get current casino' in /var/www/launchpad_gtc/protected/modules/launchpad/controllers/LobbyController.php:112
Stack trace:
#0 /var/www/yii/framework/web/actions/CInlineAction.php(50): LobbyController->actionIndex()
#1 /var/www/yii/framework/web/CController.php(309): CInlineAction->runWithParams(Array)
#2 /var/www/yii/framework/web/CController.php(287): CController->runAction(Object(CInlineAction))
#3 /var/www/yii/framework/web/CController.php(266): CController->runActionWithFilters(Object(CInlineAction), Array)
#4 /var/www/yii/framework/web/CWebApplication.php(276): CController->run('index')
#5 /var/www/yii/framework/web/CWebApplication.php(135): CWebApplication->runController('launchpad/lobby...')
#6 /var/www/yii/framework/base/CApplication.php(162): CWebApplication->processRequest()
#7 /var/www/launchpad_gtc/index.php(13): CApplication->run()
#8 {main}
REQUEST_URI=/index.php?r=launchpad/lobby/index
---
2013/09/03 13:02:12 [error] [launchpad.models.LPTerminalSessions] [TerminalID=926 TerminalCode=ICSA-TSTID09] Can't get current casino
2013/09/03 13:02:12 [error] [launchpad.models.LPTerminalSessions] [TerminalID=926 TerminalCode=ICSA-TSTID09] Can't get casino password
2013/09/03 13:02:12 [error] [launchpad.models.LPTerminalSessions] [TerminalID=926 TerminalCode=ICSA-TSTID09] Can't get current casino
2013/09/03 13:02:12 [error] [exception.CHttpException.404] exception 'CHttpException' with message 'Can't get current casino' in /var/www/launchpad_gtc/protected/modules/launchpad/controllers/LobbyController.php:112
Stack trace:
#0 /var/www/yii/framework/web/actions/CInlineAction.php(50): LobbyController->actionIndex()
#1 /var/www/yii/framework/web/CController.php(309): CInlineAction->runWithParams(Array)
#2 /var/www/yii/framework/web/CController.php(287): CController->runAction(Object(CInlineAction))
#3 /var/www/yii/framework/web/CController.php(266): CController->runActionWithFilters(Object(CInlineAction), Array)
#4 /var/www/yii/framework/web/CWebApplication.php(276): CController->run('index')
#5 /var/www/yii/framework/web/CWebApplication.php(135): CWebApplication->runController('launchpad/lobby...')
#6 /var/www/yii/framework/base/CApplication.php(162): CWebApplication->processRequest()
#7 /var/www/launchpad_gtc/index.php(13): CApplication->run()
#8 {main}
REQUEST_URI=/index.php?r=launchpad/lobby/index
---
2013/09/03 13:09:18 [error] [launchpad.models.LPTerminalSessions] [TerminalID=926 TerminalCode=ICSA-TSTID09] Can't get current casino
2013/09/03 13:09:18 [error] [launchpad.models.LPTerminalSessions] [TerminalID=926 TerminalCode=ICSA-TSTID09] Can't get current casino
2013/09/03 13:09:18 [error] [launchpad.models.LPTerminalSessions] [TerminalID=926 TerminalCode=ICSA-TSTID09] Can't get casino password
2013/09/03 13:09:18 [error] [launchpad.models.LPTerminalSessions] [TerminalID=926 TerminalCode=ICSA-TSTID09] Can't get current casino
2013/09/03 13:09:18 [error] [exception.CHttpException.404] exception 'CHttpException' with message 'Can't get current casino' in /var/www/launchpad_gtc/protected/modules/launchpad/controllers/LobbyController.php:112
Stack trace:
#0 /var/www/yii/framework/web/actions/CInlineAction.php(50): LobbyController->actionIndex()
#1 /var/www/yii/framework/web/CController.php(309): CInlineAction->runWithParams(Array)
#2 /var/www/yii/framework/web/CController.php(287): CController->runAction(Object(CInlineAction))
#3 /var/www/yii/framework/web/CController.php(266): CController->runActionWithFilters(Object(CInlineAction), Array)
#4 /var/www/yii/framework/web/CWebApplication.php(276): CController->run('index')
#5 /var/www/yii/framework/web/CWebApplication.php(135): CWebApplication->runController('launchpad/lobby...')
#6 /var/www/yii/framework/base/CApplication.php(162): CWebApplication->processRequest()
#7 /var/www/launchpad_gtc/index.php(13): CApplication->run()
#8 {main}
REQUEST_URI=/index.php?r=launchpad/lobby/index
---
2013/09/03 13:10:02 [error] [launchpad.models.LPTerminalSessions] [TerminalID=926 TerminalCode=ICSA-TSTID09] Can't get current casino
2013/09/03 13:10:03 [error] [launchpad.models.LPTerminalSessions] [TerminalID=926 TerminalCode=ICSA-TSTID09] Can't get current casino
2013/09/03 13:10:03 [error] [launchpad.models.LPTerminalSessions] [TerminalID=926 TerminalCode=ICSA-TSTID09] Can't get casino password
2013/09/03 13:10:03 [error] [launchpad.models.LPTerminalSessions] [TerminalID=926 TerminalCode=ICSA-TSTID09] Can't get current casino
2013/09/03 13:10:03 [error] [exception.CHttpException.404] exception 'CHttpException' with message 'Can't get current casino' in /var/www/launchpad_gtc/protected/modules/launchpad/controllers/LobbyController.php:112
Stack trace:
#0 /var/www/yii/framework/web/actions/CInlineAction.php(50): LobbyController->actionIndex()
#1 /var/www/yii/framework/web/CController.php(309): CInlineAction->runWithParams(Array)
#2 /var/www/yii/framework/web/CController.php(287): CController->runAction(Object(CInlineAction))
#3 /var/www/yii/framework/web/CController.php(266): CController->runActionWithFilters(Object(CInlineAction), Array)
#4 /var/www/yii/framework/web/CWebApplication.php(276): CController->run('index')
#5 /var/www/yii/framework/web/CWebApplication.php(135): CWebApplication->runController('launchpad/lobby...')
#6 /var/www/yii/framework/base/CApplication.php(162): CWebApplication->processRequest()
#7 /var/www/launchpad_gtc/index.php(13): CApplication->run()
#8 {main}
REQUEST_URI=/index.php?r=launchpad/lobby/index
---
2013/09/03 13:10:47 [error] [launchpad.models.LPTerminalSessions] [TerminalID=926 TerminalCode=ICSA-TSTID09] Can't get current casino
2013/09/03 13:10:47 [error] [launchpad.models.LPTerminalSessions] [TerminalID=926 TerminalCode=ICSA-TSTID09] Can't get casino password
2013/09/03 13:10:47 [error] [launchpad.models.LPTerminalSessions] [TerminalID=926 TerminalCode=ICSA-TSTID09] Can't get current casino
2013/09/03 13:10:47 [error] [exception.CHttpException.404] exception 'CHttpException' with message 'Can't get current casino' in /var/www/launchpad_gtc/protected/modules/launchpad/controllers/LobbyController.php:112
Stack trace:
#0 /var/www/yii/framework/web/actions/CInlineAction.php(50): LobbyController->actionIndex()
#1 /var/www/yii/framework/web/CController.php(309): CInlineAction->runWithParams(Array)
#2 /var/www/yii/framework/web/CController.php(287): CController->runAction(Object(CInlineAction))
#3 /var/www/yii/framework/web/CController.php(266): CController->runActionWithFilters(Object(CInlineAction), Array)
#4 /var/www/yii/framework/web/CWebApplication.php(276): CController->run('index')
#5 /var/www/yii/framework/web/CWebApplication.php(135): CWebApplication->runController('launchpad/lobby...')
#6 /var/www/yii/framework/base/CApplication.php(162): CWebApplication->processRequest()
#7 /var/www/launchpad_gtc/index.php(13): CApplication->run()
#8 {main}
REQUEST_URI=/index.php?r=launchpad/lobby/index
---
2013/09/03 13:15:08 [error] [launchpad.models.LPTerminalSessions] [TerminalID=926 TerminalCode=ICSA-TSTID09] Can't get current casino
2013/09/03 13:15:08 [error] [launchpad.models.LPTerminalSessions] [TerminalID=926 TerminalCode=ICSA-TSTID09] Can't get casino password
2013/09/03 13:15:08 [error] [launchpad.models.LPTerminalSessions] [TerminalID=926 TerminalCode=ICSA-TSTID09] Can't get current casino
2013/09/03 13:15:08 [error] [exception.CHttpException.404] exception 'CHttpException' with message 'Can't get current casino' in /var/www/launchpad_gtc/protected/modules/launchpad/controllers/LobbyController.php:112
Stack trace:
#0 /var/www/yii/framework/web/actions/CInlineAction.php(50): LobbyController->actionIndex()
#1 /var/www/yii/framework/web/CController.php(309): CInlineAction->runWithParams(Array)
#2 /var/www/yii/framework/web/CController.php(287): CController->runAction(Object(CInlineAction))
#3 /var/www/yii/framework/web/CController.php(266): CController->runActionWithFilters(Object(CInlineAction), Array)
#4 /var/www/yii/framework/web/CWebApplication.php(276): CController->run('index')
#5 /var/www/yii/framework/web/CWebApplication.php(135): CWebApplication->runController('launchpad/lobby...')
#6 /var/www/yii/framework/base/CApplication.php(162): CWebApplication->processRequest()
#7 /var/www/launchpad_gtc/index.php(13): CApplication->run()
#8 {main}
REQUEST_URI=/index.php?r=launchpad/lobby/index
---
2013/09/03 13:17:50 [error] [launchpad.models.LPTerminalSessions] [TerminalID=926 TerminalCode=ICSA-TSTID09] Can't get current casino
2013/09/03 13:17:50 [error] [launchpad.models.LPTerminalSessions] [TerminalID=926 TerminalCode=ICSA-TSTID09] Can't get current casino
2013/09/03 13:17:50 [error] [launchpad.models.LPTerminalSessions] [TerminalID=926 TerminalCode=ICSA-TSTID09] Can't get casino password
2013/09/03 13:17:50 [error] [launchpad.models.LPTerminalSessions] [TerminalID=926 TerminalCode=ICSA-TSTID09] Can't get current casino
2013/09/03 13:17:50 [error] [exception.CHttpException.404] exception 'CHttpException' with message 'Can't get current casino' in /var/www/launchpad_gtc/protected/modules/launchpad/controllers/LobbyController.php:112
Stack trace:
#0 /var/www/yii/framework/web/actions/CInlineAction.php(50): LobbyController->actionIndex()
#1 /var/www/yii/framework/web/CController.php(309): CInlineAction->runWithParams(Array)
#2 /var/www/yii/framework/web/CController.php(287): CController->runAction(Object(CInlineAction))
#3 /var/www/yii/framework/web/CController.php(266): CController->runActionWithFilters(Object(CInlineAction), Array)
#4 /var/www/yii/framework/web/CWebApplication.php(276): CController->run('index')
#5 /var/www/yii/framework/web/CWebApplication.php(135): CWebApplication->runController('launchpad/lobby...')
#6 /var/www/yii/framework/base/CApplication.php(162): CWebApplication->processRequest()
#7 /var/www/launchpad_gtc/index.php(13): CApplication->run()
#8 {main}
REQUEST_URI=/index.php?r=launchpad/lobby/index
---
2013/09/03 13:30:20 [error] [launchpad.models.LPTerminalSessions] [TerminalID=926 TerminalCode=ICSA-TSTID09] Can't get current casino
2013/09/03 13:30:20 [error] [launchpad.models.LPTerminalSessions] [TerminalID=926 TerminalCode=ICSA-TSTID09] Can't get casino password
2013/09/03 13:30:20 [error] [launchpad.models.LPTerminalSessions] [TerminalID=926 TerminalCode=ICSA-TSTID09] Can't get current casino
2013/09/03 13:30:20 [error] [exception.CHttpException.404] exception 'CHttpException' with message 'Can't get current casino' in /var/www/launchpad_gtc/protected/modules/launchpad/controllers/LobbyController.php:112
Stack trace:
#0 /var/www/yii/framework/web/actions/CInlineAction.php(50): LobbyController->actionIndex()
#1 /var/www/yii/framework/web/CController.php(309): CInlineAction->runWithParams(Array)
#2 /var/www/yii/framework/web/CController.php(287): CController->runAction(Object(CInlineAction))
#3 /var/www/yii/framework/web/CController.php(266): CController->runActionWithFilters(Object(CInlineAction), Array)
#4 /var/www/yii/framework/web/CWebApplication.php(276): CController->run('index')
#5 /var/www/yii/framework/web/CWebApplication.php(135): CWebApplication->runController('launchpad/lobby...')
#6 /var/www/yii/framework/base/CApplication.php(162): CWebApplication->processRequest()
#7 /var/www/launchpad_gtc/index.php(13): CApplication->run()
#8 {main}
REQUEST_URI=/index.php?r=launchpad/lobby/index
---
2013/09/03 13:32:08 [error] [launchpad.models.LPTerminalSessions] [TerminalID=926 TerminalCode=ICSA-TSTID09] Can't get current casino
2013/09/03 13:32:09 [error] [launchpad.models.LPTerminalSessions] [TerminalID=926 TerminalCode=ICSA-TSTID09] Can't get current casino
2013/09/03 13:32:09 [error] [launchpad.models.LPTerminalSessions] [TerminalID=926 TerminalCode=ICSA-TSTID09] Can't get casino password
2013/09/03 13:32:09 [error] [launchpad.models.LPTerminalSessions] [TerminalID=926 TerminalCode=ICSA-TSTID09] Can't get current casino
2013/09/03 13:32:09 [error] [exception.CHttpException.404] exception 'CHttpException' with message 'Can't get current casino' in /var/www/launchpad_gtc/protected/modules/launchpad/controllers/LobbyController.php:112
Stack trace:
#0 /var/www/yii/framework/web/actions/CInlineAction.php(50): LobbyController->actionIndex()
#1 /var/www/yii/framework/web/CController.php(309): CInlineAction->runWithParams(Array)
#2 /var/www/yii/framework/web/CController.php(287): CController->runAction(Object(CInlineAction))
#3 /var/www/yii/framework/web/CController.php(266): CController->runActionWithFilters(Object(CInlineAction), Array)
#4 /var/www/yii/framework/web/CWebApplication.php(276): CController->run('index')
#5 /var/www/yii/framework/web/CWebApplication.php(135): CWebApplication->runController('launchpad/lobby...')
#6 /var/www/yii/framework/base/CApplication.php(162): CWebApplication->processRequest()
#7 /var/www/launchpad_gtc/index.php(13): CApplication->run()
#8 {main}
REQUEST_URI=/index.php?r=launchpad/lobby/index
---
2013/09/03 13:33:33 [error] [launchpad.models.LPTerminalSessions] [TerminalID=926 TerminalCode=ICSA-TSTID09] Can't get current casino
2013/09/03 13:33:33 [error] [launchpad.models.LPTerminalSessions] [TerminalID=926 TerminalCode=ICSA-TSTID09] Can't get casino password
2013/09/03 13:33:33 [error] [launchpad.models.LPTerminalSessions] [TerminalID=926 TerminalCode=ICSA-TSTID09] Can't get current casino
2013/09/03 13:33:33 [error] [exception.CHttpException.404] exception 'CHttpException' with message 'Can't get current casino' in /var/www/launchpad_gtc/protected/modules/launchpad/controllers/LobbyController.php:112
Stack trace:
#0 /var/www/yii/framework/web/actions/CInlineAction.php(50): LobbyController->actionIndex()
#1 /var/www/yii/framework/web/CController.php(309): CInlineAction->runWithParams(Array)
#2 /var/www/yii/framework/web/CController.php(287): CController->runAction(Object(CInlineAction))
#3 /var/www/yii/framework/web/CController.php(266): CController->runActionWithFilters(Object(CInlineAction), Array)
#4 /var/www/yii/framework/web/CWebApplication.php(276): CController->run('index')
#5 /var/www/yii/framework/web/CWebApplication.php(135): CWebApplication->runController('launchpad/lobby...')
#6 /var/www/yii/framework/base/CApplication.php(162): CWebApplication->processRequest()
#7 /var/www/launchpad_gtc/index.php(13): CApplication->run()
#8 {main}
REQUEST_URI=/index.php?r=launchpad/lobby/index
---
2013/09/03 13:42:25 [error] [launchpad.models.LPTerminalSessions] [TerminalID=926 TerminalCode=ICSA-TSTID09] Can't get current casino
2013/09/03 13:42:25 [error] [launchpad.models.LPTerminalSessions] [TerminalID=926 TerminalCode=ICSA-TSTID09] Can't get casino password
2013/09/03 13:42:25 [error] [launchpad.models.LPTerminalSessions] [TerminalID=926 TerminalCode=ICSA-TSTID09] Can't get current casino
2013/09/03 13:42:25 [error] [exception.CHttpException.404] exception 'CHttpException' with message 'Can't get current casino' in /var/www/launchpad_gtc/protected/modules/launchpad/controllers/LobbyController.php:112
Stack trace:
#0 /var/www/yii/framework/web/actions/CInlineAction.php(50): LobbyController->actionIndex()
#1 /var/www/yii/framework/web/CController.php(309): CInlineAction->runWithParams(Array)
#2 /var/www/yii/framework/web/CController.php(287): CController->runAction(Object(CInlineAction))
#3 /var/www/yii/framework/web/CController.php(266): CController->runActionWithFilters(Object(CInlineAction), Array)
#4 /var/www/yii/framework/web/CWebApplication.php(276): CController->run('index')
#5 /var/www/yii/framework/web/CWebApplication.php(135): CWebApplication->runController('launchpad/lobby...')
#6 /var/www/yii/framework/base/CApplication.php(162): CWebApplication->processRequest()
#7 /var/www/launchpad_gtc/index.php(13): CApplication->run()
#8 {main}
REQUEST_URI=/index.php?r=launchpad/lobby/index
---
2013/09/03 13:45:34 [error] [launchpad.models.LPTerminalSessions] [TerminalID=926 TerminalCode=ICSA-TSTID09] Can't get current casino
2013/09/03 13:45:34 [error] [launchpad.models.LPTerminalSessions] [TerminalID=926 TerminalCode=ICSA-TSTID09] Can't get casino password
2013/09/03 13:45:34 [error] [launchpad.models.LPTerminalSessions] [TerminalID=926 TerminalCode=ICSA-TSTID09] Can't get current casino
2013/09/03 13:45:34 [error] [exception.CHttpException.404] exception 'CHttpException' with message 'Can't get current casino' in /var/www/launchpad_gtc/protected/modules/launchpad/controllers/LobbyController.php:112
Stack trace:
#0 /var/www/yii/framework/web/actions/CInlineAction.php(50): LobbyController->actionIndex()
#1 /var/www/yii/framework/web/CController.php(309): CInlineAction->runWithParams(Array)
#2 /var/www/yii/framework/web/CController.php(287): CController->runAction(Object(CInlineAction))
#3 /var/www/yii/framework/web/CController.php(266): CController->runActionWithFilters(Object(CInlineAction), Array)
#4 /var/www/yii/framework/web/CWebApplication.php(276): CController->run('index')
#5 /var/www/yii/framework/web/CWebApplication.php(135): CWebApplication->runController('launchpad/lobby...')
#6 /var/www/yii/framework/base/CApplication.php(162): CWebApplication->processRequest()
#7 /var/www/launchpad_gtc/index.php(13): CApplication->run()
#8 {main}
REQUEST_URI=/index.php?r=launchpad/lobby/index
---
2013/09/03 13:48:05 [error] [launchpad.models.LPTerminalSessions] [TerminalID=926 TerminalCode=ICSA-TSTID09] Can't get current casino
2013/09/03 13:48:05 [error] [launchpad.models.LPTerminalSessions] [TerminalID=926 TerminalCode=ICSA-TSTID09] Can't get casino password
2013/09/03 13:48:05 [error] [launchpad.models.LPTerminalSessions] [TerminalID=926 TerminalCode=ICSA-TSTID09] Can't get current casino
2013/09/03 13:48:05 [error] [exception.CHttpException.404] exception 'CHttpException' with message 'Can't get current casino' in /var/www/launchpad_gtc/protected/modules/launchpad/controllers/LobbyController.php:112
Stack trace:
#0 /var/www/yii/framework/web/actions/CInlineAction.php(50): LobbyController->actionIndex()
#1 /var/www/yii/framework/web/CController.php(309): CInlineAction->runWithParams(Array)
#2 /var/www/yii/framework/web/CController.php(287): CController->runAction(Object(CInlineAction))
#3 /var/www/yii/framework/web/CController.php(266): CController->runActionWithFilters(Object(CInlineAction), Array)
#4 /var/www/yii/framework/web/CWebApplication.php(276): CController->run('index')
#5 /var/www/yii/framework/web/CWebApplication.php(135): CWebApplication->runController('launchpad/lobby...')
#6 /var/www/yii/framework/base/CApplication.php(162): CWebApplication->processRequest()
#7 /var/www/launchpad_gtc/index.php(13): CApplication->run()
#8 {main}
REQUEST_URI=/index.php?r=launchpad/lobby/index
---
2013/09/03 13:49:44 [error] [launchpad.models.LPTerminalSessions] [TerminalID=926 TerminalCode=ICSA-TSTID09] Can't get current casino
2013/09/03 13:49:44 [error] [launchpad.models.LPTerminalSessions] [TerminalID=926 TerminalCode=ICSA-TSTID09] Can't get casino password
2013/09/03 13:49:44 [error] [launchpad.models.LPTerminalSessions] [TerminalID=926 TerminalCode=ICSA-TSTID09] Can't get current casino
2013/09/03 13:49:44 [error] [exception.CHttpException.404] exception 'CHttpException' with message 'Can't get current casino' in /var/www/launchpad_gtc/protected/modules/launchpad/controllers/LobbyController.php:112
Stack trace:
#0 /var/www/yii/framework/web/actions/CInlineAction.php(50): LobbyController->actionIndex()
#1 /var/www/yii/framework/web/CController.php(309): CInlineAction->runWithParams(Array)
#2 /var/www/yii/framework/web/CController.php(287): CController->runAction(Object(CInlineAction))
#3 /var/www/yii/framework/web/CController.php(266): CController->runActionWithFilters(Object(CInlineAction), Array)
#4 /var/www/yii/framework/web/CWebApplication.php(276): CController->run('index')
#5 /var/www/yii/framework/web/CWebApplication.php(135): CWebApplication->runController('launchpad/lobby...')
#6 /var/www/yii/framework/base/CApplication.php(162): CWebApplication->processRequest()
#7 /var/www/launchpad_gtc/index.php(13): CApplication->run()
#8 {main}
REQUEST_URI=/index.php?r=launchpad/lobby/index
---
2013/09/03 13:52:57 [error] [launchpad.models.LPTerminalSessions] [TerminalID=926 TerminalCode=ICSA-TSTID09] Can't get current casino
2013/09/03 13:52:57 [error] [launchpad.models.LPTerminalSessions] [TerminalID=926 TerminalCode=ICSA-TSTID09] Can't get current casino
2013/09/03 13:52:57 [error] [launchpad.models.LPTerminalSessions] [TerminalID=926 TerminalCode=ICSA-TSTID09] Can't get casino password
2013/09/03 13:52:57 [error] [launchpad.models.LPTerminalSessions] [TerminalID=926 TerminalCode=ICSA-TSTID09] Can't get current casino
2013/09/03 13:52:57 [error] [exception.CHttpException.404] exception 'CHttpException' with message 'Can't get current casino' in /var/www/launchpad_gtc/protected/modules/launchpad/controllers/LobbyController.php:112
Stack trace:
#0 /var/www/yii/framework/web/actions/CInlineAction.php(50): LobbyController->actionIndex()
#1 /var/www/yii/framework/web/CController.php(309): CInlineAction->runWithParams(Array)
#2 /var/www/yii/framework/web/CController.php(287): CController->runAction(Object(CInlineAction))
#3 /var/www/yii/framework/web/CController.php(266): CController->runActionWithFilters(Object(CInlineAction), Array)
#4 /var/www/yii/framework/web/CWebApplication.php(276): CController->run('index')
#5 /var/www/yii/framework/web/CWebApplication.php(135): CWebApplication->runController('launchpad/lobby...')
#6 /var/www/yii/framework/base/CApplication.php(162): CWebApplication->processRequest()
#7 /var/www/launchpad_gtc/index.php(13): CApplication->run()
#8 {main}
REQUEST_URI=/index.php?r=launchpad/lobby/index
---
2013/09/03 13:54:37 [error] [launchpad.models.LPTerminalSessions] [TerminalID=926 TerminalCode=ICSA-TSTID09] Can't get current casino
2013/09/03 13:54:37 [error] [launchpad.models.LPTerminalSessions] [TerminalID=926 TerminalCode=ICSA-TSTID09] Can't get casino password
2013/09/03 13:54:37 [error] [launchpad.models.LPTerminalSessions] [TerminalID=926 TerminalCode=ICSA-TSTID09] Can't get current casino
2013/09/03 13:54:37 [error] [exception.CHttpException.404] exception 'CHttpException' with message 'Can't get current casino' in /var/www/launchpad_gtc/protected/modules/launchpad/controllers/LobbyController.php:112
Stack trace:
#0 /var/www/yii/framework/web/actions/CInlineAction.php(50): LobbyController->actionIndex()
#1 /var/www/yii/framework/web/CController.php(309): CInlineAction->runWithParams(Array)
#2 /var/www/yii/framework/web/CController.php(287): CController->runAction(Object(CInlineAction))
#3 /var/www/yii/framework/web/CController.php(266): CController->runActionWithFilters(Object(CInlineAction), Array)
#4 /var/www/yii/framework/web/CWebApplication.php(276): CController->run('index')
#5 /var/www/yii/framework/web/CWebApplication.php(135): CWebApplication->runController('launchpad/lobby...')
#6 /var/www/yii/framework/base/CApplication.php(162): CWebApplication->processRequest()
#7 /var/www/launchpad_gtc/index.php(13): CApplication->run()
#8 {main}
REQUEST_URI=/index.php?r=launchpad/lobby/index
---
2013/09/03 13:55:51 [error] [launchpad.models.LPTerminalSessions] [TerminalID=926 TerminalCode=ICSA-TSTID09] Can't get current casino
2013/09/03 13:55:51 [error] [launchpad.models.LPTerminalSessions] [TerminalID=926 TerminalCode=ICSA-TSTID09] Can't get current casino
2013/09/03 13:55:51 [error] [launchpad.models.LPTerminalSessions] [TerminalID=926 TerminalCode=ICSA-TSTID09] Can't get casino password
2013/09/03 13:55:51 [error] [launchpad.models.LPTerminalSessions] [TerminalID=926 TerminalCode=ICSA-TSTID09] Can't get current casino
2013/09/03 13:55:51 [error] [exception.CHttpException.404] exception 'CHttpException' with message 'Can't get current casino' in /var/www/launchpad_gtc/protected/modules/launchpad/controllers/LobbyController.php:112
Stack trace:
#0 /var/www/yii/framework/web/actions/CInlineAction.php(50): LobbyController->actionIndex()
#1 /var/www/yii/framework/web/CController.php(309): CInlineAction->runWithParams(Array)
#2 /var/www/yii/framework/web/CController.php(287): CController->runAction(Object(CInlineAction))
#3 /var/www/yii/framework/web/CController.php(266): CController->runActionWithFilters(Object(CInlineAction), Array)
#4 /var/www/yii/framework/web/CWebApplication.php(276): CController->run('index')
#5 /var/www/yii/framework/web/CWebApplication.php(135): CWebApplication->runController('launchpad/lobby...')
#6 /var/www/yii/framework/base/CApplication.php(162): CWebApplication->processRequest()
#7 /var/www/launchpad_gtc/index.php(13): CApplication->run()
#8 {main}
REQUEST_URI=/index.php?r=launchpad/lobby/index
---
2013/09/03 13:59:49 [error] [launchpad.models.LPTerminalSessions] [TerminalID=926 TerminalCode=ICSA-TSTID09] Can't get current casino
2013/09/03 13:59:49 [error] [launchpad.models.LPTerminalSessions] [TerminalID=926 TerminalCode=ICSA-TSTID09] Can't get casino password
2013/09/03 13:59:49 [error] [launchpad.models.LPTerminalSessions] [TerminalID=926 TerminalCode=ICSA-TSTID09] Can't get current casino
2013/09/03 13:59:49 [error] [exception.CHttpException.404] exception 'CHttpException' with message 'Can't get current casino' in /var/www/launchpad_gtc/protected/modules/launchpad/controllers/LobbyController.php:112
Stack trace:
#0 /var/www/yii/framework/web/actions/CInlineAction.php(50): LobbyController->actionIndex()
#1 /var/www/yii/framework/web/CController.php(309): CInlineAction->runWithParams(Array)
#2 /var/www/yii/framework/web/CController.php(287): CController->runAction(Object(CInlineAction))
#3 /var/www/yii/framework/web/CController.php(266): CController->runActionWithFilters(Object(CInlineAction), Array)
#4 /var/www/yii/framework/web/CWebApplication.php(276): CController->run('index')
#5 /var/www/yii/framework/web/CWebApplication.php(135): CWebApplication->runController('launchpad/lobby...')
#6 /var/www/yii/framework/base/CApplication.php(162): CWebApplication->processRequest()
#7 /var/www/launchpad_gtc/index.php(13): CApplication->run()
#8 {main}
REQUEST_URI=/index.php?r=launchpad/lobby/index
---
2013/09/03 14:09:35 [error] [launchpad.models.LPTerminalSessions] [TerminalID=926 TerminalCode=ICSA-TSTID09] Can't get current casino
2013/09/03 14:09:35 [error] [launchpad.models.LPTerminalSessions] [TerminalID=926 TerminalCode=ICSA-TSTID09] Can't get casino password
2013/09/03 14:09:35 [error] [launchpad.models.LPTerminalSessions] [TerminalID=926 TerminalCode=ICSA-TSTID09] Can't get current casino
2013/09/03 14:09:35 [error] [exception.CHttpException.404] exception 'CHttpException' with message 'Can't get current casino' in /var/www/launchpad_gtc/protected/modules/launchpad/controllers/LobbyController.php:112
Stack trace:
#0 /var/www/yii/framework/web/actions/CInlineAction.php(50): LobbyController->actionIndex()
#1 /var/www/yii/framework/web/CController.php(309): CInlineAction->runWithParams(Array)
#2 /var/www/yii/framework/web/CController.php(287): CController->runAction(Object(CInlineAction))
#3 /var/www/yii/framework/web/CController.php(266): CController->runActionWithFilters(Object(CInlineAction), Array)
#4 /var/www/yii/framework/web/CWebApplication.php(276): CController->run('index')
#5 /var/www/yii/framework/web/CWebApplication.php(135): CWebApplication->runController('launchpad/lobby...')
#6 /var/www/yii/framework/base/CApplication.php(162): CWebApplication->processRequest()
#7 /var/www/launchpad_gtc/index.php(13): CApplication->run()
#8 {main}
REQUEST_URI=/index.php?r=launchpad/lobby/index
---
2013/09/03 16:27:58 [error] [launchpad.models.LPTerminalSessions] [TerminalID=928 TerminalCode=ICSA-TSTID10] Can't get current casino
2013/09/03 16:27:58 [error] [launchpad.models.LPTerminalSessions] [TerminalID=928 TerminalCode=ICSA-TSTID10] Can't get casino password
2013/09/03 16:27:58 [error] [launchpad.models.LPTerminalSessions] [TerminalID=928 TerminalCode=ICSA-TSTID10] Can't get current casino
2013/09/03 16:27:58 [error] [exception.CHttpException.404] exception 'CHttpException' with message 'Can't get current casino' in /var/www/launchpad_gtc/protected/modules/launchpad/controllers/LobbyController.php:112
Stack trace:
#0 /var/www/yii/framework/web/actions/CInlineAction.php(50): LobbyController->actionIndex()
#1 /var/www/yii/framework/web/CController.php(309): CInlineAction->runWithParams(Array)
#2 /var/www/yii/framework/web/CController.php(287): CController->runAction(Object(CInlineAction))
#3 /var/www/yii/framework/web/CController.php(266): CController->runActionWithFilters(Object(CInlineAction), Array)
#4 /var/www/yii/framework/web/CWebApplication.php(276): CController->run('')
#5 /var/www/yii/framework/web/CWebApplication.php(135): CWebApplication->runController('')
#6 /var/www/yii/framework/base/CApplication.php(162): CWebApplication->processRequest()
#7 /var/www/launchpad_gtc/index.php(13): CApplication->run()
#8 {main}
REQUEST_URI=/
HTTP_REFERER=http://launchpadgtc.egamescasino.ph/index.php?r=launchpad/lobby/index
---
2013/09/03 16:27:58 [error] [launchpad.models.LPTerminalSessions] [TerminalID=928 TerminalCode=ICSA-TSTID10] Can't get current casino
2013/09/03 16:27:58 [error] [launchpad.models.LPTerminalSessions] [TerminalID=928 TerminalCode=ICSA-TSTID10] Can't get casino password
2013/09/03 16:27:58 [error] [launchpad.models.LPTerminalSessions] [TerminalID=928 TerminalCode=ICSA-TSTID10] Can't get current casino
2013/09/03 16:27:58 [error] [exception.CHttpException.404] exception 'CHttpException' with message 'Can't get current casino' in /var/www/launchpad_gtc/protected/modules/launchpad/controllers/LobbyController.php:112
Stack trace:
#0 /var/www/yii/framework/web/actions/CInlineAction.php(50): LobbyController->actionIndex()
#1 /var/www/yii/framework/web/CController.php(309): CInlineAction->runWithParams(Array)
#2 /var/www/yii/framework/web/CController.php(287): CController->runAction(Object(CInlineAction))
#3 /var/www/yii/framework/web/CController.php(266): CController->runActionWithFilters(Object(CInlineAction), Array)
#4 /var/www/yii/framework/web/CWebApplication.php(276): CController->run('index')
#5 /var/www/yii/framework/web/CWebApplication.php(135): CWebApplication->runController('launchpad/lobby...')
#6 /var/www/yii/framework/base/CApplication.php(162): CWebApplication->processRequest()
#7 /var/www/launchpad_gtc/index.php(13): CApplication->run()
#8 {main}
REQUEST_URI=/index.php?r=launchpad/lobby/index
HTTP_REFERER=http://launchpadgtc.egamescasino.ph/index.php?r=launchpad/lobby/screensaver
---
2013/09/03 16:38:44 [error] [launchpad.models.LPTerminalSessions] [TerminalID=928 TerminalCode=ICSA-TSTID10] Can't get current casino
2013/09/03 16:38:44 [error] [launchpad.models.LPTerminalSessions] [TerminalID=928 TerminalCode=ICSA-TSTID10] Can't get casino password
2013/09/03 16:38:44 [error] [launchpad.models.LPTerminalSessions] [TerminalID=928 TerminalCode=ICSA-TSTID10] Can't get current casino
2013/09/03 16:38:44 [error] [exception.CHttpException.404] exception 'CHttpException' with message 'Can't get current casino' in /var/www/launchpad_gtc/protected/modules/launchpad/controllers/LobbyController.php:112
Stack trace:
#0 /var/www/yii/framework/web/actions/CInlineAction.php(50): LobbyController->actionIndex()
#1 /var/www/yii/framework/web/CController.php(309): CInlineAction->runWithParams(Array)
#2 /var/www/yii/framework/web/CController.php(287): CController->runAction(Object(CInlineAction))
#3 /var/www/yii/framework/web/CController.php(266): CController->runActionWithFilters(Object(CInlineAction), Array)
#4 /var/www/yii/framework/web/CWebApplication.php(276): CController->run('index')
#5 /var/www/yii/framework/web/CWebApplication.php(135): CWebApplication->runController('launchpad/lobby...')
#6 /var/www/yii/framework/base/CApplication.php(162): CWebApplication->processRequest()
#7 /var/www/launchpad_gtc/index.php(13): CApplication->run()
#8 {main}
REQUEST_URI=/index.php?r=launchpad/lobby/index
---
2013/09/03 16:42:29 [error] [launchpad.models.LPTerminalSessions] [TerminalID=928 TerminalCode=ICSA-TSTID10] Can't get current casino
2013/09/03 16:42:29 [error] [launchpad.models.LPTerminalSessions] [TerminalID=928 TerminalCode=ICSA-TSTID10] Can't get casino password
2013/09/03 16:42:29 [error] [launchpad.models.LPTerminalSessions] [TerminalID=928 TerminalCode=ICSA-TSTID10] Can't get current casino
2013/09/03 16:42:29 [error] [exception.CHttpException.404] exception 'CHttpException' with message 'Can't get current casino' in /var/www/launchpad_gtc/protected/modules/launchpad/controllers/LobbyController.php:112
Stack trace:
#0 /var/www/yii/framework/web/actions/CInlineAction.php(50): LobbyController->actionIndex()
#1 /var/www/yii/framework/web/CController.php(309): CInlineAction->runWithParams(Array)
#2 /var/www/yii/framework/web/CController.php(287): CController->runAction(Object(CInlineAction))
#3 /var/www/yii/framework/web/CController.php(266): CController->runActionWithFilters(Object(CInlineAction), Array)
#4 /var/www/yii/framework/web/CWebApplication.php(276): CController->run('index')
#5 /var/www/yii/framework/web/CWebApplication.php(135): CWebApplication->runController('launchpad/lobby...')
#6 /var/www/yii/framework/base/CApplication.php(162): CWebApplication->processRequest()
#7 /var/www/launchpad_gtc/index.php(13): CApplication->run()
#8 {main}
REQUEST_URI=/index.php?r=launchpad/lobby/index
---
2013/09/03 17:36:46 [error] [launchpad.models.LPTerminalSessions] [TerminalID=926 TerminalCode=ICSA-TSTID09] Can't get current casino
2013/09/03 17:54:55 [error] [launchpad.models.LPTerminalSessions] [TerminalID=926 TerminalCode=ICSA-TSTID09] Can't get current casino
2013/09/03 17:54:55 [error] [launchpad.models.LPTerminalSessions] [TerminalID=926 TerminalCode=ICSA-TSTID09] Can't get casino password
2013/09/03 17:54:55 [error] [launchpad.models.LPTerminalSessions] [TerminalID=926 TerminalCode=ICSA-TSTID09] Can't get current casino
2013/09/03 17:54:55 [error] [exception.CHttpException.404] exception 'CHttpException' with message 'Can't get current casino' in /var/www/launchpad_gtc/protected/modules/launchpad/controllers/LobbyController.php:112
Stack trace:
#0 /var/www/yii/framework/web/actions/CInlineAction.php(50): LobbyController->actionIndex()
#1 /var/www/yii/framework/web/CController.php(309): CInlineAction->runWithParams(Array)
#2 /var/www/yii/framework/web/CController.php(287): CController->runAction(Object(CInlineAction))
#3 /var/www/yii/framework/web/CController.php(266): CController->runActionWithFilters(Object(CInlineAction), Array)
#4 /var/www/yii/framework/web/CWebApplication.php(276): CController->run('index')
#5 /var/www/yii/framework/web/CWebApplication.php(135): CWebApplication->runController('launchpad/lobby...')
#6 /var/www/yii/framework/base/CApplication.php(162): CWebApplication->processRequest()
#7 /var/www/launchpad_gtc/index.php(13): CApplication->run()
#8 {main}
REQUEST_URI=/index.php?r=launchpad/lobby/index
---
2013/09/03 17:55:33 [error] [launchpad.models.LPTerminalSessions] [TerminalID=926 TerminalCode=ICSA-TSTID09] Can't get current casino
2013/09/03 17:55:33 [error] [launchpad.models.LPTerminalSessions] [TerminalID=926 TerminalCode=ICSA-TSTID09] Can't get current casino
2013/09/03 17:55:33 [error] [launchpad.models.LPTerminalSessions] [TerminalID=926 TerminalCode=ICSA-TSTID09] Can't get casino password
2013/09/03 17:55:33 [error] [launchpad.models.LPTerminalSessions] [TerminalID=926 TerminalCode=ICSA-TSTID09] Can't get current casino
2013/09/03 17:55:33 [error] [exception.CHttpException.404] exception 'CHttpException' with message 'Can't get current casino' in /var/www/launchpad_gtc/protected/modules/launchpad/controllers/LobbyController.php:112
Stack trace:
#0 /var/www/yii/framework/web/actions/CInlineAction.php(50): LobbyController->actionIndex()
#1 /var/www/yii/framework/web/CController.php(309): CInlineAction->runWithParams(Array)
#2 /var/www/yii/framework/web/CController.php(287): CController->runAction(Object(CInlineAction))
#3 /var/www/yii/framework/web/CController.php(266): CController->runActionWithFilters(Object(CInlineAction), Array)
#4 /var/www/yii/framework/web/CWebApplication.php(276): CController->run('index')
#5 /var/www/yii/framework/web/CWebApplication.php(135): CWebApplication->runController('launchpad/lobby...')
#6 /var/www/yii/framework/base/CApplication.php(162): CWebApplication->processRequest()
#7 /var/www/launchpad_gtc/index.php(13): CApplication->run()
#8 {main}
REQUEST_URI=/index.php?r=launchpad/lobby/index
---
2013/09/03 17:56:13 [error] [launchpad.models.LPTerminalSessions] [TerminalID=926 TerminalCode=ICSA-TSTID09] Can't get current casino
2013/09/03 17:56:13 [error] [launchpad.models.LPTerminalSessions] [TerminalID=926 TerminalCode=ICSA-TSTID09] Can't get casino password
2013/09/03 17:56:13 [error] [launchpad.models.LPTerminalSessions] [TerminalID=926 TerminalCode=ICSA-TSTID09] Can't get current casino
2013/09/03 17:56:13 [error] [exception.CHttpException.404] exception 'CHttpException' with message 'Can't get current casino' in /var/www/launchpad_gtc/protected/modules/launchpad/controllers/LobbyController.php:112
Stack trace:
#0 /var/www/yii/framework/web/actions/CInlineAction.php(50): LobbyController->actionIndex()
#1 /var/www/yii/framework/web/CController.php(309): CInlineAction->runWithParams(Array)
#2 /var/www/yii/framework/web/CController.php(287): CController->runAction(Object(CInlineAction))
#3 /var/www/yii/framework/web/CController.php(266): CController->runActionWithFilters(Object(CInlineAction), Array)
#4 /var/www/yii/framework/web/CWebApplication.php(276): CController->run('index')
#5 /var/www/yii/framework/web/CWebApplication.php(135): CWebApplication->runController('launchpad/lobby...')
#6 /var/www/yii/framework/base/CApplication.php(162): CWebApplication->processRequest()
#7 /var/www/launchpad_gtc/index.php(13): CApplication->run()
#8 {main}
REQUEST_URI=/index.php?r=launchpad/lobby/index
---
2013/09/03 17:56:42 [error] [launchpad.models.LPTerminalSessions] [TerminalID=926 TerminalCode=ICSA-TSTID09] Can't get current casino
2013/09/03 17:56:43 [error] [launchpad.models.LPTerminalSessions] [TerminalID=926 TerminalCode=ICSA-TSTID09] Can't get current casino
2013/09/03 17:56:43 [error] [launchpad.models.LPTerminalSessions] [TerminalID=926 TerminalCode=ICSA-TSTID09] Can't get casino password
2013/09/03 17:56:43 [error] [launchpad.models.LPTerminalSessions] [TerminalID=926 TerminalCode=ICSA-TSTID09] Can't get current casino
2013/09/03 17:56:43 [error] [exception.CHttpException.404] exception 'CHttpException' with message 'Can't get current casino' in /var/www/launchpad_gtc/protected/modules/launchpad/controllers/LobbyController.php:112
Stack trace:
#0 /var/www/yii/framework/web/actions/CInlineAction.php(50): LobbyController->actionIndex()
#1 /var/www/yii/framework/web/CController.php(309): CInlineAction->runWithParams(Array)
#2 /var/www/yii/framework/web/CController.php(287): CController->runAction(Object(CInlineAction))
#3 /var/www/yii/framework/web/CController.php(266): CController->runActionWithFilters(Object(CInlineAction), Array)
#4 /var/www/yii/framework/web/CWebApplication.php(276): CController->run('index')
#5 /var/www/yii/framework/web/CWebApplication.php(135): CWebApplication->runController('launchpad/lobby...')
#6 /var/www/yii/framework/base/CApplication.php(162): CWebApplication->processRequest()
#7 /var/www/launchpad_gtc/index.php(13): CApplication->run()
#8 {main}
REQUEST_URI=/index.php?r=launchpad/lobby/index
---
2013/09/03 17:57:22 [error] [launchpad.models.LPTerminalSessions] [TerminalID=926 TerminalCode=ICSA-TSTID09] Can't get current casino
2013/09/03 17:57:22 [error] [launchpad.models.LPTerminalSessions] [TerminalID=926 TerminalCode=ICSA-TSTID09] Can't get current casino
2013/09/03 17:57:22 [error] [launchpad.models.LPTerminalSessions] [TerminalID=926 TerminalCode=ICSA-TSTID09] Can't get casino password
2013/09/03 17:57:22 [error] [launchpad.models.LPTerminalSessions] [TerminalID=926 TerminalCode=ICSA-TSTID09] Can't get current casino
2013/09/03 17:57:22 [error] [exception.CHttpException.404] exception 'CHttpException' with message 'Can't get current casino' in /var/www/launchpad_gtc/protected/modules/launchpad/controllers/LobbyController.php:112
Stack trace:
#0 /var/www/yii/framework/web/actions/CInlineAction.php(50): LobbyController->actionIndex()
#1 /var/www/yii/framework/web/CController.php(309): CInlineAction->runWithParams(Array)
#2 /var/www/yii/framework/web/CController.php(287): CController->runAction(Object(CInlineAction))
#3 /var/www/yii/framework/web/CController.php(266): CController->runActionWithFilters(Object(CInlineAction), Array)
#4 /var/www/yii/framework/web/CWebApplication.php(276): CController->run('index')
#5 /var/www/yii/framework/web/CWebApplication.php(135): CWebApplication->runController('launchpad/lobby...')
#6 /var/www/yii/framework/base/CApplication.php(162): CWebApplication->processRequest()
#7 /var/www/launchpad_gtc/index.php(13): CApplication->run()
#8 {main}
REQUEST_URI=/index.php?r=launchpad/lobby/index
---
