2013/05/09 14:16:29 [error] [launchpad.models.LPTerminalSessions] [TerminalID=1340 TerminalCode=ICSA-TSTRD03] SELECT rs.Alias, rs.ServiceID FROM terminalsessions ts INNER JOIN ref_services rs ON rs.ServiceID = ts.ServiceID WHERE ts.TerminalID = :terminalID. Bound with :terminalID='1340'Can't get current casino
2013/05/09 14:24:10 [error] [launchpad.models.LPTerminalSessions] [TerminalID=1340 TerminalCode=ICSA-TSTRD03] SELECT rs.Alias, rs.ServiceID FROM terminalsessions ts INNER JOIN ref_services rs ON rs.ServiceID = ts.ServiceID WHERE ts.TerminalID = :terminalID. Bound with :terminalID='1340'Can't get current casino
2013/05/09 14:32:34 [error] [launchpad.models.LPTerminalSessions] [TerminalID=1340 TerminalCode=ICSA-TSTRD03] SELECT rs.Alias, rs.ServiceID FROM terminalsessions ts INNER JOIN ref_services rs ON rs.ServiceID = ts.ServiceID WHERE ts.TerminalID = :terminalID. Bound with :terminalID='1340'Can't get current casino
2013/05/09 14:32:35 [error] [launchpad.models.LPTerminalSessions] [TerminalID=1340 TerminalCode=ICSA-TSTRD03] SELECT rs.Alias, rs.ServiceID FROM terminalsessions ts INNER JOIN ref_services rs ON rs.ServiceID = ts.ServiceID WHERE ts.TerminalID = :terminalID. Bound with :terminalID='1340'Can't get current casino
2013/05/09 16:09:36 [error] [launchpad.models.LPTerminalSessions] [TerminalID=1340 TerminalCode=ICSA-TSTRD03] SELECT rs.Alias, rs.ServiceID FROM terminalsessions ts INNER JOIN ref_services rs ON rs.ServiceID = ts.ServiceID WHERE ts.TerminalID = :terminalID. Bound with :terminalID='1340'Can't get current casino
2013/05/09 16:12:48 [error] [launchpad.models.LPTerminalSessions] [TerminalID=1340 TerminalCode=ICSA-TSTRD03] SELECT rs.Alias, rs.ServiceID FROM terminalsessions ts INNER JOIN ref_services rs ON rs.ServiceID = ts.ServiceID WHERE ts.TerminalID = :terminalID. Bound with :terminalID='1340'Can't get current casino
2013/05/09 16:12:49 [error] [launchpad.models.LPTerminalSessions] [TerminalID=1340 TerminalCode=ICSA-TSTRD03] SELECT rs.Alias, rs.ServiceID FROM terminalsessions ts INNER JOIN ref_services rs ON rs.ServiceID = ts.ServiceID WHERE ts.TerminalID = :terminalID. Bound with :terminalID='1340'Can't get current casino
2013/05/09 16:14:18 [error] [launchpad.models.LPTerminalSessions] [TerminalID=1340 TerminalCode=ICSA-TSTRD03] SELECT rs.Alias, rs.ServiceID FROM terminalsessions ts INNER JOIN ref_services rs ON rs.ServiceID = ts.ServiceID WHERE ts.TerminalID = :terminalID. Bound with :terminalID='1340'Can't get current casino
2013/05/09 16:14:24 [error] [launchpad.models.LPTerminalSessions] [TerminalID=1340 TerminalCode=ICSA-TSTRD03] SELECT rs.Alias, rs.ServiceID FROM terminalsessions ts INNER JOIN ref_services rs ON rs.ServiceID = ts.ServiceID WHERE ts.TerminalID = :terminalID. Bound with :terminalID='1340'Can't get current casino
2013/05/09 16:14:24 [error] [launchpad.models.LPTerminalSessions] [TerminalID=1340 TerminalCode=ICSA-TSTRD03] SELECT ts.ServiceID FROM terminals t INNER JOIN terminalsessions ts ON ts.TerminalID = t.TerminalID WHERE t.TerminalCode = :terminalCode. Bound with :terminalCode='ICSA-TSTRD03'Can't get current casino
2013/05/09 16:14:24 [error] [launchpad.models.LPTerminalSessions] [TerminalID=1340 TerminalCode=ICSA-TSTRD03] SELECT t.ServicePassword, t.HashedServicePassword FROM terminalservices t 
                  WHERE t.TerminalID = :terminal_id AND ServiceID = :service_id 
                  AND t.Status = 1. Bound with :terminal_id='1340', :service_id=falseCan't get casino password
2013/05/09 16:14:24 [error] [launchpad.models.LPTerminalSessions] [TerminalID=1340 TerminalCode=ICSA-TSTRD03] SELECT ts.ServiceID FROM terminals t INNER JOIN terminalsessions ts ON ts.TerminalID = t.TerminalID WHERE t.TerminalCode = :terminalCode. Bound with :terminalCode='ICSA-TSTRD03'Can't get current casino
2013/05/09 16:14:24 [error] [exception.CHttpException.404] exception 'CHttpException' with message 'Can't get current casino' in /var/www/launchpad_gtc/protected/modules/launchpad/controllers/LobbyController.php:112
Stack trace:
#0 /var/www/yii/framework/web/actions/CInlineAction.php(50): LobbyController->actionIndex()
#1 /var/www/yii/framework/web/CController.php(309): CInlineAction->runWithParams(Array)
#2 /var/www/yii/framework/web/CController.php(287): CController->runAction(Object(CInlineAction))
#3 /var/www/yii/framework/web/CController.php(266): CController->runActionWithFilters(Object(CInlineAction), Array)
#4 /var/www/yii/framework/web/CWebApplication.php(276): CController->run('')
#5 /var/www/yii/framework/web/CWebApplication.php(135): CWebApplication->runController('')
#6 /var/www/yii/framework/base/CApplication.php(162): CWebApplication->processRequest()
#7 /var/www/launchpad_gtc/index.php(13): CApplication->run()
#8 {main}
REQUEST_URI=/launchpad_gtc/
HTTP_REFERER=http://192.168.30.97/launchpad_gtc/index.php?r=launchpad/lobby/index
---
2013/05/09 16:14:24 [error] [launchpad.models.LPTerminalSessions] [TerminalID=1340 TerminalCode=ICSA-TSTRD03] SELECT ts.ServiceID FROM terminals t INNER JOIN terminalsessions ts ON ts.TerminalID = t.TerminalID WHERE t.TerminalCode = :terminalCode. Bound with :terminalCode='ICSA-TSTRD03'Can't get current casino
2013/05/09 16:14:24 [error] [launchpad.models.LPTerminalSessions] [TerminalID=1340 TerminalCode=ICSA-TSTRD03] SELECT t.ServicePassword, t.HashedServicePassword FROM terminalservices t 
                  WHERE t.TerminalID = :terminal_id AND ServiceID = :service_id 
                  AND t.Status = 1. Bound with :terminal_id='1340', :service_id=falseCan't get casino password
2013/05/09 16:14:24 [error] [launchpad.models.LPTerminalSessions] [TerminalID=1340 TerminalCode=ICSA-TSTRD03] SELECT ts.ServiceID FROM terminals t INNER JOIN terminalsessions ts ON ts.TerminalID = t.TerminalID WHERE t.TerminalCode = :terminalCode. Bound with :terminalCode='ICSA-TSTRD03'Can't get current casino
2013/05/09 16:14:24 [error] [exception.CHttpException.404] exception 'CHttpException' with message 'Can't get current casino' in /var/www/launchpad_gtc/protected/modules/launchpad/controllers/LobbyController.php:112
Stack trace:
#0 /var/www/yii/framework/web/actions/CInlineAction.php(50): LobbyController->actionIndex()
#1 /var/www/yii/framework/web/CController.php(309): CInlineAction->runWithParams(Array)
#2 /var/www/yii/framework/web/CController.php(287): CController->runAction(Object(CInlineAction))
#3 /var/www/yii/framework/web/CController.php(266): CController->runActionWithFilters(Object(CInlineAction), Array)
#4 /var/www/yii/framework/web/CWebApplication.php(276): CController->run('index')
#5 /var/www/yii/framework/web/CWebApplication.php(135): CWebApplication->runController('launchpad/lobby...')
#6 /var/www/yii/framework/base/CApplication.php(162): CWebApplication->processRequest()
#7 /var/www/launchpad_gtc/index.php(13): CApplication->run()
#8 {main}
REQUEST_URI=/launchpad_gtc/index.php?r=launchpad/lobby/index
HTTP_REFERER=http://192.168.30.97/launchpad_gtc/index.php?r=launchpad/lobby/screensaver
---
