2013/05/15 15:12:39 [error] [php] Undefined index: terminalCode (/var/www/launchpad_gtc/protected/modules/launchpad/controllers/LobbyController.php:81)
Stack trace:
#0 /var/www/yii/framework/web/CController.php(287): LobbyController->runAction()
#1 /var/www/yii/framework/web/CController.php(266): LobbyController->runActionWithFilters()
#2 /var/www/yii/framework/web/CWebApplication.php(276): LobbyController->run()
#3 /var/www/yii/framework/web/CWebApplication.php(135): CWebApplication->runController()
#4 /var/www/yii/framework/base/CApplication.php(162): CWebApplication->processRequest()
#5 /var/www/launchpad_gtc/index.php(13): CWebApplication->run()
REQUEST_URI=/launchpad_gtc/index.php?r=launchpad/lobby/saveTerminalCode
2013/05/15 15:13:32 [error] [php] Undefined index: terminalCode (/var/www/launchpad_gtc/protected/modules/launchpad/controllers/LobbyController.php:81)
Stack trace:
#0 /var/www/yii/framework/web/CController.php(287): LobbyController->runAction()
#1 /var/www/yii/framework/web/CController.php(266): LobbyController->runActionWithFilters()
#2 /var/www/yii/framework/web/CWebApplication.php(276): LobbyController->run()
#3 /var/www/yii/framework/web/CWebApplication.php(135): CWebApplication->runController()
#4 /var/www/yii/framework/base/CApplication.php(162): CWebApplication->processRequest()
#5 /var/www/launchpad_gtc/index.php(13): CWebApplication->run()
REQUEST_URI=/launchpad_gtc/index.php?r=launchpad/lobby/saveTerminalCode
2013/05/15 15:13:35 [error] [php] Undefined index: terminalCode (/var/www/launchpad_gtc/protected/modules/launchpad/controllers/LobbyController.php:81)
Stack trace:
#0 /var/www/yii/framework/web/CController.php(287): LobbyController->runAction()
#1 /var/www/yii/framework/web/CController.php(266): LobbyController->runActionWithFilters()
#2 /var/www/yii/framework/web/CWebApplication.php(276): LobbyController->run()
#3 /var/www/yii/framework/web/CWebApplication.php(135): CWebApplication->runController()
#4 /var/www/yii/framework/base/CApplication.php(162): CWebApplication->processRequest()
#5 /var/www/launchpad_gtc/index.php(13): CWebApplication->run()
REQUEST_URI=/launchpad_gtc/index.php?r=launchpad/lobby/saveTerminalCode
2013/05/15 15:13:42 [error] [launchpad.models.LPTerminals] [TerminalID= TerminalCode=] SELECT TerminalID FROM terminals WHERE TerminalCode = :terminalCode. Bound with :terminalCode='ICSA-TSTQA10'
2013/05/15 15:13:42 [error] [exception.CHttpException.404] exception 'CHttpException' with message 'Can't get terminal ID' in /var/www/launchpad_gtc/protected/modules/launchpad/models/LPTerminals.php:40
Stack trace:
#0 /var/www/launchpad_gtc/protected/modules/launchpad/controllers/LobbyController.php(51): LPTerminals->getTerminalID('ICSA-TSTQA10')
#1 /var/www/yii/framework/web/actions/CInlineAction.php(50): LobbyController->actionScreensaver()
#2 /var/www/yii/framework/web/CController.php(309): CInlineAction->runWithParams(Array)
#3 /var/www/yii/framework/web/CController.php(287): CController->runAction(Object(CInlineAction))
#4 /var/www/yii/framework/web/CController.php(266): CController->runActionWithFilters(Object(CInlineAction), Array)
#5 /var/www/yii/framework/web/CWebApplication.php(276): CController->run('screensaver')
#6 /var/www/yii/framework/web/CWebApplication.php(135): CWebApplication->runController('launchpad/lobby...')
#7 /var/www/yii/framework/base/CApplication.php(162): CWebApplication->processRequest()
#8 /var/www/launchpad_gtc/index.php(13): CApplication->run()
#9 {main}
REQUEST_URI=/launchpad_gtc/index.php?r=launchpad/lobby/screensaver
---
2013/05/15 15:13:45 [error] [launchpad.models.LPTerminals] [TerminalID= TerminalCode=] SELECT TerminalID FROM terminals WHERE TerminalCode = :terminalCode. Bound with :terminalCode='ICSA-TSTQA10'
2013/05/15 15:13:45 [error] [exception.CHttpException.404] exception 'CHttpException' with message 'Can't get terminal ID' in /var/www/launchpad_gtc/protected/modules/launchpad/models/LPTerminals.php:40
Stack trace:
#0 /var/www/launchpad_gtc/protected/modules/launchpad/controllers/LobbyController.php(51): LPTerminals->getTerminalID('ICSA-TSTQA10')
#1 /var/www/yii/framework/web/actions/CInlineAction.php(50): LobbyController->actionScreensaver()
#2 /var/www/yii/framework/web/CController.php(309): CInlineAction->runWithParams(Array)
#3 /var/www/yii/framework/web/CController.php(287): CController->runAction(Object(CInlineAction))
#4 /var/www/yii/framework/web/CController.php(266): CController->runActionWithFilters(Object(CInlineAction), Array)
#5 /var/www/yii/framework/web/CWebApplication.php(276): CController->run('screensaver')
#6 /var/www/yii/framework/web/CWebApplication.php(135): CWebApplication->runController('launchpad/lobby...')
#7 /var/www/yii/framework/base/CApplication.php(162): CWebApplication->processRequest()
#8 /var/www/launchpad_gtc/index.php(13): CApplication->run()
#9 {main}
REQUEST_URI=/launchpad_gtc/index.php?r=launchpad/lobby/screensaver
---
2013/05/15 15:19:01 [error] [launchpad.models.LPTerminals] [TerminalID= TerminalCode=] SELECT TerminalID FROM terminals WHERE TerminalCode = :terminalCode. Bound with :terminalCode='ICSA-TSTQA10'
2013/05/15 15:19:01 [error] [exception.CHttpException.404] exception 'CHttpException' with message 'Can't get terminal ID' in /var/www/launchpad_gtc/protected/modules/launchpad/models/LPTerminals.php:40
Stack trace:
#0 /var/www/launchpad_gtc/protected/modules/launchpad/controllers/LobbyController.php(51): LPTerminals->getTerminalID('ICSA-TSTQA10')
#1 /var/www/yii/framework/web/actions/CInlineAction.php(50): LobbyController->actionScreensaver()
#2 /var/www/yii/framework/web/CController.php(309): CInlineAction->runWithParams(Array)
#3 /var/www/yii/framework/web/CController.php(287): CController->runAction(Object(CInlineAction))
#4 /var/www/yii/framework/web/CController.php(266): CController->runActionWithFilters(Object(CInlineAction), Array)
#5 /var/www/yii/framework/web/CWebApplication.php(276): CController->run('screensaver')
#6 /var/www/yii/framework/web/CWebApplication.php(135): CWebApplication->runController('launchpad/lobby...')
#7 /var/www/yii/framework/base/CApplication.php(162): CWebApplication->processRequest()
#8 /var/www/launchpad_gtc/index.php(13): CApplication->run()
#9 {main}
REQUEST_URI=/launchpad_gtc/index.php?r=launchpad/lobby/screensaver
HTTP_REFERER=http://192.168.30.97/launchpad_gtc/index.php?r=launchpad/lobby/screensaver
---
2013/05/15 15:19:04 [error] [launchpad.models.LPTerminals] [TerminalID= TerminalCode=] SELECT TerminalID FROM terminals WHERE TerminalCode = :terminalCode. Bound with :terminalCode='ICSA-TSTQA10'
2013/05/15 15:19:04 [error] [exception.CHttpException.404] exception 'CHttpException' with message 'Can't get terminal ID' in /var/www/launchpad_gtc/protected/modules/launchpad/models/LPTerminals.php:40
Stack trace:
#0 /var/www/launchpad_gtc/protected/modules/launchpad/controllers/LobbyController.php(51): LPTerminals->getTerminalID('ICSA-TSTQA10')
#1 /var/www/yii/framework/web/actions/CInlineAction.php(50): LobbyController->actionScreensaver()
#2 /var/www/yii/framework/web/CController.php(309): CInlineAction->runWithParams(Array)
#3 /var/www/yii/framework/web/CController.php(287): CController->runAction(Object(CInlineAction))
#4 /var/www/yii/framework/web/CController.php(266): CController->runActionWithFilters(Object(CInlineAction), Array)
#5 /var/www/yii/framework/web/CWebApplication.php(276): CController->run('screensaver')
#6 /var/www/yii/framework/web/CWebApplication.php(135): CWebApplication->runController('launchpad/lobby...')
#7 /var/www/yii/framework/base/CApplication.php(162): CWebApplication->processRequest()
#8 /var/www/launchpad_gtc/index.php(13): CApplication->run()
#9 {main}
REQUEST_URI=/launchpad_gtc/index.php?r=launchpad/lobby/screensaver
HTTP_REFERER=http://192.168.30.97/launchpad_gtc/index.php?r=launchpad/lobby/screensaver
---
2013/05/15 15:19:06 [error] [launchpad.models.LPTerminals] [TerminalID= TerminalCode=] SELECT TerminalID FROM terminals WHERE TerminalCode = :terminalCode. Bound with :terminalCode='ICSA-TSTQA10'
2013/05/15 15:19:06 [error] [exception.CHttpException.404] exception 'CHttpException' with message 'Can't get terminal ID' in /var/www/launchpad_gtc/protected/modules/launchpad/models/LPTerminals.php:40
Stack trace:
#0 /var/www/launchpad_gtc/protected/modules/launchpad/controllers/LobbyController.php(51): LPTerminals->getTerminalID('ICSA-TSTQA10')
#1 /var/www/yii/framework/web/actions/CInlineAction.php(50): LobbyController->actionScreensaver()
#2 /var/www/yii/framework/web/CController.php(309): CInlineAction->runWithParams(Array)
#3 /var/www/yii/framework/web/CController.php(287): CController->runAction(Object(CInlineAction))
#4 /var/www/yii/framework/web/CController.php(266): CController->runActionWithFilters(Object(CInlineAction), Array)
#5 /var/www/yii/framework/web/CWebApplication.php(276): CController->run('screensaver')
#6 /var/www/yii/framework/web/CWebApplication.php(135): CWebApplication->runController('launchpad/lobby...')
#7 /var/www/yii/framework/base/CApplication.php(162): CWebApplication->processRequest()
#8 /var/www/launchpad_gtc/index.php(13): CApplication->run()
#9 {main}
REQUEST_URI=/launchpad_gtc/index.php?r=launchpad/lobby/screensaver
HTTP_REFERER=http://192.168.30.97/launchpad_gtc/index.php?r=launchpad/lobby/screensaver
---
